[2025-01-10T15:46:33.871+0000] {local_task_job_runner.py:123} INFO - ::group::Pre task execution logs
[2025-01-10T15:46:34.287+0000] {taskinstance.py:2613} INFO - Dependencies all met for dep_context=non-requeueable deps ti=<TaskInstance: movie_pipeline.run_databricks_notebook scheduled__2025-01-09T00:00:00+00:00 [queued]>
[2025-01-10T15:46:34.450+0000] {taskinstance.py:2613} INFO - Dependencies all met for dep_context=requeueable deps ti=<TaskInstance: movie_pipeline.run_databricks_notebook scheduled__2025-01-09T00:00:00+00:00 [queued]>
[2025-01-10T15:46:34.478+0000] {taskinstance.py:2866} INFO - Starting attempt 4 of 4
[2025-01-10T15:46:34.610+0000] {taskinstance.py:2889} INFO - Executing <Task(DatabricksNotebookOperator): run_databricks_notebook> on 2025-01-09 00:00:00+00:00
[2025-01-10T15:46:34.654+0000] {standard_task_runner.py:72} INFO - Started process 2143 to run task
[2025-01-10T15:46:34.662+0000] {standard_task_runner.py:104} INFO - Running: ['airflow', 'tasks', 'run', 'movie_pipeline', 'run_databricks_notebook', 'scheduled__2025-01-09T00:00:00+00:00', '--job-id', '7', '--raw', '--subdir', 'DAGS_FOLDER/pipeline_dag.py', '--cfg-path', '/tmp/tmp6p9vh54r']
[2025-01-10T15:46:34.676+0000] {standard_task_runner.py:105} INFO - Job 7: Subtask run_databricks_notebook
[2025-01-10T15:46:34.837+0000] {task_command.py:467} INFO - Running <TaskInstance: movie_pipeline.run_databricks_notebook scheduled__2025-01-09T00:00:00+00:00 [running]> on host 8bfb9ef5b0f1
[2025-01-10T15:46:35.253+0000] {taskinstance.py:3132} INFO - Exporting env vars: AIRFLOW_CTX_DAG_OWNER='airflow' AIRFLOW_CTX_DAG_ID='movie_pipeline' AIRFLOW_CTX_TASK_ID='run_databricks_notebook' AIRFLOW_CTX_EXECUTION_DATE='2025-01-09T00:00:00+00:00' AIRFLOW_CTX_TRY_NUMBER='4' AIRFLOW_CTX_DAG_RUN_ID='scheduled__2025-01-09T00:00:00+00:00'
[2025-01-10T15:46:35.257+0000] {taskinstance.py:731} INFO - ::endgroup::
[2025-01-10T15:46:35.339+0000] {base.py:84} INFO - Retrieving connection 'databricks_default'
[2025-01-10T15:46:36.074+0000] {databricks.py:1098} INFO - Check the job run in Databricks: https://dbc-642e039b-9d51.cloud.databricks.com/?o=2557426697257658#job/168851234010867/run/1008768974398988
[2025-01-10T15:46:36.486+0000] {databricks.py:1171} INFO - Check the task run in Databricks: https://dbc-642e039b-9d51.cloud.databricks.com/?o=2557426697257658#job/168851234010867/run/1008768974398988
[2025-01-10T15:46:36.487+0000] {databricks.py:1173} INFO - Current state of the the databricks task movie_pipeline__run_databricks_notebook is PENDING
[2025-01-10T15:46:41.607+0000] {databricks.py:1195} INFO - Current state of the databricks task movie_pipeline__run_databricks_notebook is PENDING
[2025-01-10T15:46:46.703+0000] {databricks.py:1195} INFO - Current state of the databricks task movie_pipeline__run_databricks_notebook is PENDING
[2025-01-10T15:46:51.836+0000] {databricks.py:1195} INFO - Current state of the databricks task movie_pipeline__run_databricks_notebook is PENDING
[2025-01-10T15:46:56.989+0000] {databricks.py:1195} INFO - Current state of the databricks task movie_pipeline__run_databricks_notebook is PENDING
[2025-01-10T15:47:02.090+0000] {databricks.py:1195} INFO - Current state of the databricks task movie_pipeline__run_databricks_notebook is PENDING
[2025-01-10T15:47:07.192+0000] {databricks.py:1195} INFO - Current state of the databricks task movie_pipeline__run_databricks_notebook is PENDING
[2025-01-10T15:47:12.442+0000] {databricks.py:1195} INFO - Current state of the databricks task movie_pipeline__run_databricks_notebook is PENDING
[2025-01-10T15:47:17.565+0000] {databricks.py:1195} INFO - Current state of the databricks task movie_pipeline__run_databricks_notebook is PENDING
[2025-01-10T15:47:22.752+0000] {databricks.py:1195} INFO - Current state of the databricks task movie_pipeline__run_databricks_notebook is PENDING
[2025-01-10T15:47:27.858+0000] {databricks.py:1195} INFO - Current state of the databricks task movie_pipeline__run_databricks_notebook is PENDING
[2025-01-10T15:47:32.965+0000] {databricks.py:1195} INFO - Current state of the databricks task movie_pipeline__run_databricks_notebook is PENDING
[2025-01-10T15:47:38.071+0000] {databricks.py:1195} INFO - Current state of the databricks task movie_pipeline__run_databricks_notebook is PENDING
[2025-01-10T15:47:43.181+0000] {databricks.py:1195} INFO - Current state of the databricks task movie_pipeline__run_databricks_notebook is PENDING
[2025-01-10T15:47:48.288+0000] {databricks.py:1195} INFO - Current state of the databricks task movie_pipeline__run_databricks_notebook is PENDING
[2025-01-10T15:47:53.403+0000] {databricks.py:1195} INFO - Current state of the databricks task movie_pipeline__run_databricks_notebook is PENDING
[2025-01-10T15:47:58.515+0000] {databricks.py:1195} INFO - Current state of the databricks task movie_pipeline__run_databricks_notebook is PENDING
[2025-01-10T15:48:03.903+0000] {databricks.py:1195} INFO - Current state of the databricks task movie_pipeline__run_databricks_notebook is PENDING
[2025-01-10T15:48:09.097+0000] {databricks.py:1195} INFO - Current state of the databricks task movie_pipeline__run_databricks_notebook is PENDING
[2025-01-10T15:48:14.640+0000] {databricks.py:1195} INFO - Current state of the databricks task movie_pipeline__run_databricks_notebook is PENDING
[2025-01-10T15:48:19.839+0000] {databricks.py:1195} INFO - Current state of the databricks task movie_pipeline__run_databricks_notebook is PENDING
[2025-01-10T15:48:25.050+0000] {databricks.py:1195} INFO - Current state of the databricks task movie_pipeline__run_databricks_notebook is PENDING
[2025-01-10T15:48:30.552+0000] {databricks.py:1195} INFO - Current state of the databricks task movie_pipeline__run_databricks_notebook is PENDING
[2025-01-10T15:48:35.662+0000] {databricks.py:1195} INFO - Current state of the databricks task movie_pipeline__run_databricks_notebook is PENDING
[2025-01-10T15:48:40.850+0000] {databricks.py:1195} INFO - Current state of the databricks task movie_pipeline__run_databricks_notebook is PENDING
[2025-01-10T15:48:45.950+0000] {databricks.py:1195} INFO - Current state of the databricks task movie_pipeline__run_databricks_notebook is PENDING
[2025-01-10T15:48:51.060+0000] {databricks.py:1195} INFO - Current state of the databricks task movie_pipeline__run_databricks_notebook is PENDING
[2025-01-10T15:48:56.233+0000] {databricks.py:1195} INFO - Current state of the databricks task movie_pipeline__run_databricks_notebook is PENDING
[2025-01-10T15:49:01.386+0000] {databricks.py:1195} INFO - Current state of the databricks task movie_pipeline__run_databricks_notebook is PENDING
[2025-01-10T15:49:06.502+0000] {databricks.py:1195} INFO - Current state of the databricks task movie_pipeline__run_databricks_notebook is PENDING
[2025-01-10T15:49:11.620+0000] {databricks.py:1195} INFO - Current state of the databricks task movie_pipeline__run_databricks_notebook is PENDING
[2025-01-10T15:49:16.760+0000] {databricks.py:1195} INFO - Current state of the databricks task movie_pipeline__run_databricks_notebook is PENDING
[2025-01-10T15:49:21.927+0000] {databricks.py:1195} INFO - Current state of the databricks task movie_pipeline__run_databricks_notebook is PENDING
[2025-01-10T15:49:27.026+0000] {databricks.py:1195} INFO - Current state of the databricks task movie_pipeline__run_databricks_notebook is PENDING
[2025-01-10T15:49:32.123+0000] {databricks.py:1195} INFO - Current state of the databricks task movie_pipeline__run_databricks_notebook is PENDING
[2025-01-10T15:49:37.231+0000] {databricks.py:1195} INFO - Current state of the databricks task movie_pipeline__run_databricks_notebook is PENDING
[2025-01-10T15:49:42.324+0000] {databricks.py:1195} INFO - Current state of the databricks task movie_pipeline__run_databricks_notebook is PENDING
[2025-01-10T15:49:47.419+0000] {databricks.py:1195} INFO - Current state of the databricks task movie_pipeline__run_databricks_notebook is PENDING
[2025-01-10T15:49:52.530+0000] {databricks.py:1195} INFO - Current state of the databricks task movie_pipeline__run_databricks_notebook is PENDING
[2025-01-10T15:49:57.621+0000] {databricks.py:1195} INFO - Current state of the databricks task movie_pipeline__run_databricks_notebook is PENDING
[2025-01-10T15:50:02.725+0000] {databricks.py:1195} INFO - Current state of the databricks task movie_pipeline__run_databricks_notebook is PENDING
[2025-01-10T15:50:07.837+0000] {databricks.py:1195} INFO - Current state of the databricks task movie_pipeline__run_databricks_notebook is PENDING
[2025-01-10T15:50:12.971+0000] {databricks.py:1195} INFO - Current state of the databricks task movie_pipeline__run_databricks_notebook is PENDING
[2025-01-10T15:50:18.068+0000] {databricks.py:1195} INFO - Current state of the databricks task movie_pipeline__run_databricks_notebook is PENDING
[2025-01-10T15:50:23.168+0000] {databricks.py:1195} INFO - Current state of the databricks task movie_pipeline__run_databricks_notebook is PENDING
[2025-01-10T15:50:28.285+0000] {databricks.py:1195} INFO - Current state of the databricks task movie_pipeline__run_databricks_notebook is PENDING
[2025-01-10T15:50:33.403+0000] {databricks.py:1195} INFO - Current state of the databricks task movie_pipeline__run_databricks_notebook is PENDING
[2025-01-10T15:50:38.512+0000] {databricks.py:1195} INFO - Current state of the databricks task movie_pipeline__run_databricks_notebook is PENDING
[2025-01-10T15:50:43.606+0000] {databricks.py:1195} INFO - Current state of the databricks task movie_pipeline__run_databricks_notebook is PENDING
[2025-01-10T15:50:48.695+0000] {databricks.py:1195} INFO - Current state of the databricks task movie_pipeline__run_databricks_notebook is PENDING
[2025-01-10T15:50:53.787+0000] {databricks.py:1195} INFO - Current state of the databricks task movie_pipeline__run_databricks_notebook is PENDING
[2025-01-10T15:50:58.880+0000] {databricks.py:1195} INFO - Current state of the databricks task movie_pipeline__run_databricks_notebook is PENDING
[2025-01-10T15:51:04.137+0000] {databricks.py:1195} INFO - Current state of the databricks task movie_pipeline__run_databricks_notebook is PENDING
[2025-01-10T15:51:09.230+0000] {databricks.py:1195} INFO - Current state of the databricks task movie_pipeline__run_databricks_notebook is PENDING
[2025-01-10T15:51:14.349+0000] {databricks.py:1195} INFO - Current state of the databricks task movie_pipeline__run_databricks_notebook is PENDING
[2025-01-10T15:51:19.459+0000] {databricks.py:1195} INFO - Current state of the databricks task movie_pipeline__run_databricks_notebook is PENDING
[2025-01-10T15:51:24.757+0000] {databricks.py:1195} INFO - Current state of the databricks task movie_pipeline__run_databricks_notebook is PENDING
[2025-01-10T15:51:29.941+0000] {databricks.py:1195} INFO - Current state of the databricks task movie_pipeline__run_databricks_notebook is PENDING
[2025-01-10T15:51:35.033+0000] {databricks.py:1195} INFO - Current state of the databricks task movie_pipeline__run_databricks_notebook is PENDING
[2025-01-10T15:51:40.268+0000] {databricks.py:1195} INFO - Current state of the databricks task movie_pipeline__run_databricks_notebook is PENDING
[2025-01-10T15:51:45.456+0000] {databricks.py:1195} INFO - Current state of the databricks task movie_pipeline__run_databricks_notebook is PENDING
[2025-01-10T15:51:50.566+0000] {databricks.py:1195} INFO - Current state of the databricks task movie_pipeline__run_databricks_notebook is PENDING
[2025-01-10T15:51:55.781+0000] {databricks.py:1195} INFO - Current state of the databricks task movie_pipeline__run_databricks_notebook is PENDING
[2025-01-10T15:52:00.878+0000] {databricks.py:1195} INFO - Current state of the databricks task movie_pipeline__run_databricks_notebook is PENDING
[2025-01-10T15:52:06.065+0000] {databricks.py:1195} INFO - Current state of the databricks task movie_pipeline__run_databricks_notebook is PENDING
[2025-01-10T15:52:11.190+0000] {databricks.py:1195} INFO - Current state of the databricks task movie_pipeline__run_databricks_notebook is PENDING
[2025-01-10T15:52:16.370+0000] {databricks.py:1195} INFO - Current state of the databricks task movie_pipeline__run_databricks_notebook is RUNNING
[2025-01-10T15:52:21.545+0000] {databricks.py:1195} INFO - Current state of the databricks task movie_pipeline__run_databricks_notebook is RUNNING
[2025-01-10T15:52:26.648+0000] {databricks.py:1195} INFO - Current state of the databricks task movie_pipeline__run_databricks_notebook is RUNNING
[2025-01-10T15:52:31.775+0000] {databricks.py:1195} INFO - Current state of the databricks task movie_pipeline__run_databricks_notebook is RUNNING
[2025-01-10T15:52:36.881+0000] {databricks.py:1195} INFO - Current state of the databricks task movie_pipeline__run_databricks_notebook is RUNNING
[2025-01-10T15:52:41.971+0000] {databricks.py:1195} INFO - Current state of the databricks task movie_pipeline__run_databricks_notebook is RUNNING
[2025-01-10T15:52:47.298+0000] {databricks.py:1195} INFO - Current state of the databricks task movie_pipeline__run_databricks_notebook is RUNNING
[2025-01-10T15:52:52.759+0000] {databricks.py:1195} INFO - Current state of the databricks task movie_pipeline__run_databricks_notebook is RUNNING
[2025-01-10T15:52:57.916+0000] {databricks.py:1195} INFO - Current state of the databricks task movie_pipeline__run_databricks_notebook is RUNNING
[2025-01-10T15:53:03.081+0000] {databricks.py:1195} INFO - Current state of the databricks task movie_pipeline__run_databricks_notebook is RUNNING
[2025-01-10T15:53:08.183+0000] {databricks.py:1195} INFO - Current state of the databricks task movie_pipeline__run_databricks_notebook is TERMINATED
[2025-01-10T15:53:08.219+0000] {taskinstance.py:3311} ERROR - Task failed with exception
Traceback (most recent call last):
  File "/home/airflow/.local/lib/python3.9/site-packages/airflow/models/taskinstance.py", line 767, in _execute_task
    result = _execute_callable(context=context, **execute_callable_kwargs)
  File "/home/airflow/.local/lib/python3.9/site-packages/airflow/models/taskinstance.py", line 733, in _execute_callable
    return ExecutionCallableRunner(
  File "/home/airflow/.local/lib/python3.9/site-packages/airflow/utils/operator_helpers.py", line 252, in run
    return self.func(*args, **kwargs)
  File "/home/airflow/.local/lib/python3.9/site-packages/airflow/models/baseoperator.py", line 422, in wrapper
    return func(self, *args, **kwargs)
  File "/home/airflow/.local/lib/python3.9/site-packages/airflow/providers/databricks/operators/databricks.py", line 1217, in execute
    self.monitor_databricks_job()
  File "/home/airflow/.local/lib/python3.9/site-packages/airflow/providers/databricks/operators/databricks.py", line 1200, in monitor_databricks_job
    self._handle_terminal_run_state(run_state)
  File "/home/airflow/.local/lib/python3.9/site-packages/airflow/providers/databricks/operators/databricks.py", line 1113, in _handle_terminal_run_state
    raise AirflowException(
airflow.exceptions.AirflowException: Task failed. Final state FAILED. Reason: Workload failed, see run output for details
[2025-01-10T15:53:08.243+0000] {taskinstance.py:1225} INFO - Marking task as FAILED. dag_id=movie_pipeline, task_id=run_databricks_notebook, run_id=scheduled__2025-01-09T00:00:00+00:00, execution_date=20250109T000000, start_date=20250110T154634, end_date=20250110T155308
[2025-01-10T15:53:08.284+0000] {taskinstance.py:340} INFO - ::group::Post task execution logs
[2025-01-10T15:53:08.294+0000] {standard_task_runner.py:124} ERROR - Failed to execute job 7 for task run_databricks_notebook (Task failed. Final state FAILED. Reason: Workload failed, see run output for details; 2143)
Traceback (most recent call last):
  File "/home/airflow/.local/lib/python3.9/site-packages/airflow/task/task_runner/standard_task_runner.py", line 117, in _start_by_fork
    ret = args.func(args, dag=self.dag)
  File "/home/airflow/.local/lib/python3.9/site-packages/airflow/cli/cli_config.py", line 49, in command
    return func(*args, **kwargs)
  File "/home/airflow/.local/lib/python3.9/site-packages/airflow/utils/cli.py", line 116, in wrapper
    return f(*args, **kwargs)
  File "/home/airflow/.local/lib/python3.9/site-packages/airflow/cli/commands/task_command.py", line 483, in task_run
    task_return_code = _run_task_by_selected_method(args, _dag, ti)
  File "/home/airflow/.local/lib/python3.9/site-packages/airflow/cli/commands/task_command.py", line 256, in _run_task_by_selected_method
    return _run_raw_task(args, ti)
  File "/home/airflow/.local/lib/python3.9/site-packages/airflow/cli/commands/task_command.py", line 341, in _run_raw_task
    return ti._run_raw_task(
  File "/home/airflow/.local/lib/python3.9/site-packages/airflow/utils/session.py", line 97, in wrapper
    return func(*args, session=session, **kwargs)
  File "/home/airflow/.local/lib/python3.9/site-packages/airflow/models/taskinstance.py", line 3005, in _run_raw_task
    return _run_raw_task(
  File "/home/airflow/.local/lib/python3.9/site-packages/airflow/models/taskinstance.py", line 273, in _run_raw_task
    TaskInstance._execute_task_with_callbacks(
  File "/home/airflow/.local/lib/python3.9/site-packages/airflow/models/taskinstance.py", line 3159, in _execute_task_with_callbacks
    result = self._execute_task(context, task_orig)
  File "/home/airflow/.local/lib/python3.9/site-packages/airflow/models/taskinstance.py", line 3183, in _execute_task
    return _execute_task(self, context, task_orig)
  File "/home/airflow/.local/lib/python3.9/site-packages/airflow/models/taskinstance.py", line 767, in _execute_task
    result = _execute_callable(context=context, **execute_callable_kwargs)
  File "/home/airflow/.local/lib/python3.9/site-packages/airflow/models/taskinstance.py", line 733, in _execute_callable
    return ExecutionCallableRunner(
  File "/home/airflow/.local/lib/python3.9/site-packages/airflow/utils/operator_helpers.py", line 252, in run
    return self.func(*args, **kwargs)
  File "/home/airflow/.local/lib/python3.9/site-packages/airflow/models/baseoperator.py", line 422, in wrapper
    return func(self, *args, **kwargs)
  File "/home/airflow/.local/lib/python3.9/site-packages/airflow/providers/databricks/operators/databricks.py", line 1217, in execute
    self.monitor_databricks_job()
  File "/home/airflow/.local/lib/python3.9/site-packages/airflow/providers/databricks/operators/databricks.py", line 1200, in monitor_databricks_job
    self._handle_terminal_run_state(run_state)
  File "/home/airflow/.local/lib/python3.9/site-packages/airflow/providers/databricks/operators/databricks.py", line 1113, in _handle_terminal_run_state
    raise AirflowException(
airflow.exceptions.AirflowException: Task failed. Final state FAILED. Reason: Workload failed, see run output for details
[2025-01-10T15:53:08.334+0000] {local_task_job_runner.py:266} INFO - Task exited with return code 1
[2025-01-10T15:53:08.399+0000] {taskinstance.py:3895} INFO - 0 downstream tasks scheduled from follow-on schedule check
[2025-01-10T15:53:08.404+0000] {local_task_job_runner.py:245} INFO - ::endgroup::
