[2024-12-26T04:06:09.638+0000] {local_task_job_runner.py:123} INFO - ::group::Pre task execution logs
[2024-12-26T04:06:10.821+0000] {taskinstance.py:2613} INFO - Dependencies all met for dep_context=non-requeueable deps ti=<TaskInstance: movie_pipeline.create_run_dir scheduled__2024-12-25T00:00:00+00:00 [queued]>
[2024-12-26T04:06:10.877+0000] {taskinstance.py:2613} INFO - Dependencies all met for dep_context=requeueable deps ti=<TaskInstance: movie_pipeline.create_run_dir scheduled__2024-12-25T00:00:00+00:00 [queued]>
[2024-12-26T04:06:10.890+0000] {taskinstance.py:2866} INFO - Starting attempt 1 of 1
[2024-12-26T04:06:11.004+0000] {taskinstance.py:2889} INFO - Executing <Task(PythonOperator): create_run_dir> on 2024-12-25 00:00:00+00:00
[2024-12-26T04:06:11.060+0000] {standard_task_runner.py:72} INFO - Started process 5636 to run task
[2024-12-26T04:06:11.105+0000] {standard_task_runner.py:104} INFO - Running: ['airflow', 'tasks', 'run', 'movie_pipeline', 'create_run_dir', 'scheduled__2024-12-25T00:00:00+00:00', '--job-id', '25', '--raw', '--subdir', 'DAGS_FOLDER/pipeline_dag.py', '--cfg-path', '/tmp/tmpngj8q3k_']
[2024-12-26T04:06:11.127+0000] {standard_task_runner.py:105} INFO - Job 25: Subtask create_run_dir
[2024-12-26T04:06:15.027+0000] {task_command.py:467} INFO - Running <TaskInstance: movie_pipeline.create_run_dir scheduled__2024-12-25T00:00:00+00:00 [running]> on host 1712831d7ea4
[2024-12-26T04:06:15.762+0000] {taskinstance.py:3132} INFO - Exporting env vars: AIRFLOW_CTX_DAG_OWNER='airflow' AIRFLOW_CTX_DAG_ID='movie_pipeline' AIRFLOW_CTX_TASK_ID='create_run_dir' AIRFLOW_CTX_EXECUTION_DATE='2024-12-25T00:00:00+00:00' AIRFLOW_CTX_TRY_NUMBER='1' AIRFLOW_CTX_DAG_RUN_ID='scheduled__2024-12-25T00:00:00+00:00'
[2024-12-26T04:06:15.766+0000] {taskinstance.py:731} INFO - ::endgroup::
[2024-12-26T04:06:15.779+0000] {python.py:240} INFO - Done. Returned value was: None
[2024-12-26T04:06:15.924+0000] {taskinstance.py:340} INFO - ::group::Post task execution logs
[2024-12-26T04:06:15.929+0000] {taskinstance.py:352} INFO - Marking task as SUCCESS. dag_id=movie_pipeline, task_id=create_run_dir, run_id=scheduled__2024-12-25T00:00:00+00:00, execution_date=20241225T000000, start_date=20241226T040610, end_date=20241226T040615
[2024-12-26T04:06:16.535+0000] {local_task_job_runner.py:266} INFO - Task exited with return code 0
[2024-12-26T04:06:17.335+0000] {taskinstance.py:3895} INFO - 1 downstream tasks scheduled from follow-on schedule check
[2024-12-26T04:06:17.502+0000] {local_task_job_runner.py:245} INFO - ::endgroup::
[2024-12-26T17:49:04.777+0000] {local_task_job_runner.py:123} INFO - ::group::Pre task execution logs
[2024-12-26T17:49:05.275+0000] {taskinstance.py:2613} INFO - Dependencies all met for dep_context=non-requeueable deps ti=<TaskInstance: movie_pipeline.create_run_dir scheduled__2024-12-25T00:00:00+00:00 [queued]>
[2024-12-26T17:49:05.296+0000] {taskinstance.py:2613} INFO - Dependencies all met for dep_context=requeueable deps ti=<TaskInstance: movie_pipeline.create_run_dir scheduled__2024-12-25T00:00:00+00:00 [queued]>
[2024-12-26T17:49:05.299+0000] {taskinstance.py:2866} INFO - Starting attempt 1 of 1
[2024-12-26T17:49:05.337+0000] {taskinstance.py:2889} INFO - Executing <Task(PythonOperator): create_run_dir> on 2024-12-25 00:00:00+00:00
[2024-12-26T17:49:05.348+0000] {standard_task_runner.py:72} INFO - Started process 5390 to run task
[2024-12-26T17:49:05.361+0000] {standard_task_runner.py:104} INFO - Running: ['airflow', 'tasks', 'run', 'movie_pipeline', 'create_run_dir', 'scheduled__2024-12-25T00:00:00+00:00', '--job-id', '56', '--raw', '--subdir', 'DAGS_FOLDER/pipeline_dag.py', '--cfg-path', '/tmp/tmpekhf2iyy']
[2024-12-26T17:49:05.367+0000] {standard_task_runner.py:105} INFO - Job 56: Subtask create_run_dir
[2024-12-26T17:49:05.521+0000] {task_command.py:467} INFO - Running <TaskInstance: movie_pipeline.create_run_dir scheduled__2024-12-25T00:00:00+00:00 [running]> on host 1712831d7ea4
[2024-12-26T17:49:05.745+0000] {taskinstance.py:3132} INFO - Exporting env vars: AIRFLOW_CTX_DAG_OWNER='airflow' AIRFLOW_CTX_DAG_ID='movie_pipeline' AIRFLOW_CTX_TASK_ID='create_run_dir' AIRFLOW_CTX_EXECUTION_DATE='2024-12-25T00:00:00+00:00' AIRFLOW_CTX_TRY_NUMBER='1' AIRFLOW_CTX_DAG_RUN_ID='scheduled__2024-12-25T00:00:00+00:00'
[2024-12-26T17:49:05.749+0000] {taskinstance.py:731} INFO - ::endgroup::
[2024-12-26T17:49:05.755+0000] {python.py:240} INFO - Done. Returned value was: None
[2024-12-26T17:49:05.784+0000] {taskinstance.py:340} INFO - ::group::Post task execution logs
[2024-12-26T17:49:05.785+0000] {taskinstance.py:352} INFO - Marking task as SUCCESS. dag_id=movie_pipeline, task_id=create_run_dir, run_id=scheduled__2024-12-25T00:00:00+00:00, execution_date=20241225T000000, start_date=20241226T174905, end_date=20241226T174905
[2024-12-26T17:49:05.828+0000] {local_task_job_runner.py:266} INFO - Task exited with return code 0
[2024-12-26T17:49:05.894+0000] {taskinstance.py:3895} INFO - 1 downstream tasks scheduled from follow-on schedule check
[2024-12-26T17:49:05.899+0000] {local_task_job_runner.py:245} INFO - ::endgroup::
