[2024-12-27T12:46:11.502+0000] {local_task_job_runner.py:123} INFO - ::group::Pre task execution logs
[2024-12-27T12:46:12.347+0000] {taskinstance.py:2613} INFO - Dependencies all met for dep_context=non-requeueable deps ti=<TaskInstance: movie_pipeline.scrape_movies manual__2024-12-27T11:38:32.797674+00:00 [queued]>
[2024-12-27T12:46:12.385+0000] {taskinstance.py:2613} INFO - Dependencies all met for dep_context=requeueable deps ti=<TaskInstance: movie_pipeline.scrape_movies manual__2024-12-27T11:38:32.797674+00:00 [queued]>
[2024-12-27T12:46:12.387+0000] {taskinstance.py:2866} INFO - Starting attempt 4 of 4
[2024-12-27T12:46:12.435+0000] {taskinstance.py:2889} INFO - Executing <Task(PythonOperator): scrape_movies> on 2024-12-27 11:38:32.797674+00:00
[2024-12-27T12:46:12.448+0000] {standard_task_runner.py:72} INFO - Started process 243 to run task
[2024-12-27T12:46:12.488+0000] {standard_task_runner.py:104} INFO - Running: ['airflow', 'tasks', 'run', 'movie_pipeline', 'scrape_movies', 'manual__2024-12-27T11:38:32.797674+00:00', '--job-id', '69', '--raw', '--subdir', 'DAGS_FOLDER/pipeline_dag.py', '--cfg-path', '/tmp/tmpmjneuuhg']
[2024-12-27T12:46:12.509+0000] {standard_task_runner.py:105} INFO - Job 69: Subtask scrape_movies
[2024-12-27T12:46:14.292+0000] {task_command.py:467} INFO - Running <TaskInstance: movie_pipeline.scrape_movies manual__2024-12-27T11:38:32.797674+00:00 [running]> on host b92f2c33c491
[2024-12-27T12:46:14.938+0000] {taskinstance.py:3132} INFO - Exporting env vars: AIRFLOW_CTX_DAG_OWNER='airflow' AIRFLOW_CTX_DAG_ID='movie_pipeline' AIRFLOW_CTX_TASK_ID='scrape_movies' AIRFLOW_CTX_EXECUTION_DATE='2024-12-27T11:38:32.797674+00:00' AIRFLOW_CTX_TRY_NUMBER='4' AIRFLOW_CTX_DAG_RUN_ID='manual__2024-12-27T11:38:32.797674+00:00'
[2024-12-27T12:46:14.941+0000] {taskinstance.py:731} INFO - ::endgroup::
[2024-12-27T12:46:22.612+0000] {extract.py:56} INFO - Iteration: 0, release id: rl1511097089
[2024-12-27T12:46:35.544+0000] {extract.py:56} INFO - Iteration: 1, release id: rl2537783297
[2024-12-27T12:46:44.854+0000] {extract.py:56} INFO - Iteration: 2, release id: rl886211329
[2024-12-27T12:46:54.498+0000] {extract.py:56} INFO - Iteration: 3, release id: rl2843508737
[2024-12-27T12:47:08.894+0000] {extract.py:56} INFO - Iteration: 4, release id: rl1199474177
[2024-12-27T12:47:22.074+0000] {extract.py:56} INFO - Iteration: 5, release id: rl862748673
[2024-12-27T12:47:34.912+0000] {extract.py:56} INFO - Iteration: 6, release id: rl2778432257
[2024-12-27T12:47:44.115+0000] {extract.py:56} INFO - Iteration: 7, release id: rl2926346241
[2024-12-27T12:48:00.305+0000] {extract.py:56} INFO - Iteration: 8, release id: rl1778156289
[2024-12-27T12:48:15.357+0000] {extract.py:56} INFO - Iteration: 9, release id: rl2557247489
[2024-12-27T12:48:25.025+0000] {extract.py:56} INFO - Iteration: 10, release id: rl259556097
[2024-12-27T12:48:32.473+0000] {extract.py:56} INFO - Iteration: 11, release id: rl2841083905
[2024-12-27T12:48:41.726+0000] {extract.py:56} INFO - Iteration: 12, release id: rl457277441
[2024-12-27T12:48:50.406+0000] {extract.py:56} INFO - Iteration: 13, release id: rl3123675905
[2024-12-27T12:48:57.965+0000] {extract.py:56} INFO - Iteration: 14, release id: rl856522753
[2024-12-27T12:49:07.279+0000] {extract.py:56} INFO - Iteration: 15, release id: rl3277815809
[2024-12-27T12:49:16.254+0000] {extract.py:56} INFO - Iteration: 16, release id: rl3898179585
[2024-12-27T12:49:28.405+0000] {extract.py:56} INFO - Iteration: 17, release id: rl677871617
[2024-12-27T12:49:37.061+0000] {extract.py:56} INFO - Iteration: 18, release id: rl3881074689
[2024-12-27T12:49:45.030+0000] {extract.py:56} INFO - Iteration: 19, release id: rl3156377601
[2024-12-27T12:49:53.768+0000] {extract.py:56} INFO - Iteration: 20, release id: rl2383183873
[2024-12-27T12:50:07.530+0000] {extract.py:56} INFO - Iteration: 21, release id: rl3443949569
[2024-12-27T12:50:17.689+0000] {extract.py:56} INFO - Iteration: 22, release id: rl1662877697
[2024-12-27T12:50:36.883+0000] {python.py:240} INFO - Done. Returned value was: run_20241225/movies_html_source_20241225.json
[2024-12-27T12:50:37.215+0000] {taskinstance.py:340} INFO - ::group::Post task execution logs
[2024-12-27T12:50:37.253+0000] {taskinstance.py:352} INFO - Marking task as SUCCESS. dag_id=movie_pipeline, task_id=scrape_movies, run_id=manual__2024-12-27T11:38:32.797674+00:00, execution_date=20241227T113832, start_date=20241227T124612, end_date=20241227T125037
[2024-12-27T12:50:38.189+0000] {local_task_job_runner.py:266} INFO - Task exited with return code 0
[2024-12-27T12:50:39.201+0000] {standard_task_runner.py:217} INFO - Process not found (most likely exited), stop collecting metrics
[2024-12-27T12:50:39.649+0000] {taskinstance.py:3895} INFO - 0 downstream tasks scheduled from follow-on schedule check
[2024-12-27T12:50:39.703+0000] {local_task_job_runner.py:245} INFO - ::endgroup::
