[2024-12-24T11:35:17.243+0000] {local_task_job_runner.py:123} INFO - ::group::Pre task execution logs
[2024-12-24T11:35:17.808+0000] {taskinstance.py:2613} INFO - Dependencies all met for dep_context=non-requeueable deps ti=<TaskInstance: tutorial.templated manual__2024-12-24T11:35:08.653053+00:00 [queued]>
[2024-12-24T11:35:18.018+0000] {taskinstance.py:2613} INFO - Dependencies all met for dep_context=requeueable deps ti=<TaskInstance: tutorial.templated manual__2024-12-24T11:35:08.653053+00:00 [queued]>
[2024-12-24T11:35:18.031+0000] {taskinstance.py:2866} INFO - Starting attempt 1 of 2
[2024-12-24T11:35:18.323+0000] {taskinstance.py:2889} INFO - Executing <Task(BashOperator): templated> on 2024-12-24 11:35:08.653053+00:00
[2024-12-24T11:35:18.412+0000] {standard_task_runner.py:72} INFO - Started process 259 to run task
[2024-12-24T11:35:18.449+0000] {standard_task_runner.py:104} INFO - Running: ['airflow', 'tasks', 'run', 'tutorial', 'templated', 'manual__2024-12-24T11:35:08.653053+00:00', '--job-id', '12', '--raw', '--subdir', 'DAGS_FOLDER/tutorial.py', '--cfg-path', '/tmp/tmpkckvh25e']
[2024-12-24T11:35:18.490+0000] {standard_task_runner.py:105} INFO - Job 12: Subtask templated
[2024-12-24T11:35:18.816+0000] {task_command.py:467} INFO - Running <TaskInstance: tutorial.templated manual__2024-12-24T11:35:08.653053+00:00 [running]> on host 70c78f51fdda
[2024-12-24T11:35:19.235+0000] {taskinstance.py:3132} INFO - Exporting env vars: AIRFLOW_CTX_DAG_EMAIL='airflow@example.com' AIRFLOW_CTX_DAG_OWNER='airflow' AIRFLOW_CTX_DAG_ID='tutorial' AIRFLOW_CTX_TASK_ID='templated' AIRFLOW_CTX_EXECUTION_DATE='2024-12-24T11:35:08.653053+00:00' AIRFLOW_CTX_TRY_NUMBER='1' AIRFLOW_CTX_DAG_RUN_ID='manual__2024-12-24T11:35:08.653053+00:00'
[2024-12-24T11:35:19.237+0000] {taskinstance.py:731} INFO - ::endgroup::
[2024-12-24T11:35:19.267+0000] {subprocess.py:78} INFO - Tmp dir root location: /tmp
[2024-12-24T11:35:19.269+0000] {subprocess.py:88} INFO - Running command: ['/usr/bin/bash', '-c', '\n\n    echo "2024-12-24"\n    echo "2024-12-31"\n\n    echo "2024-12-24"\n    echo "2024-12-31"\n\n    echo "2024-12-24"\n    echo "2024-12-31"\n\n    echo "2024-12-24"\n    echo "2024-12-31"\n\n    echo "2024-12-24"\n    echo "2024-12-31"\n']
[2024-12-24T11:35:19.288+0000] {subprocess.py:99} INFO - Output:
[2024-12-24T11:35:19.292+0000] {subprocess.py:106} INFO - 2024-12-24
[2024-12-24T11:35:19.295+0000] {subprocess.py:106} INFO - 2024-12-31
[2024-12-24T11:35:19.296+0000] {subprocess.py:106} INFO - 2024-12-24
[2024-12-24T11:35:19.299+0000] {subprocess.py:106} INFO - 2024-12-31
[2024-12-24T11:35:19.301+0000] {subprocess.py:106} INFO - 2024-12-24
[2024-12-24T11:35:19.303+0000] {subprocess.py:106} INFO - 2024-12-31
[2024-12-24T11:35:19.305+0000] {subprocess.py:106} INFO - 2024-12-24
[2024-12-24T11:35:19.307+0000] {subprocess.py:106} INFO - 2024-12-31
[2024-12-24T11:35:19.308+0000] {subprocess.py:106} INFO - 2024-12-24
[2024-12-24T11:35:19.310+0000] {subprocess.py:106} INFO - 2024-12-31
[2024-12-24T11:35:19.312+0000] {subprocess.py:110} INFO - Command exited with return code 0
[2024-12-24T11:35:19.390+0000] {taskinstance.py:340} INFO - ::group::Post task execution logs
[2024-12-24T11:35:19.391+0000] {taskinstance.py:352} INFO - Marking task as SUCCESS. dag_id=tutorial, task_id=templated, run_id=manual__2024-12-24T11:35:08.653053+00:00, execution_date=20241224T113508, start_date=20241224T113517, end_date=20241224T113519
[2024-12-24T11:35:19.443+0000] {local_task_job_runner.py:266} INFO - Task exited with return code 0
[2024-12-24T11:35:19.496+0000] {taskinstance.py:3895} INFO - 0 downstream tasks scheduled from follow-on schedule check
[2024-12-24T11:35:19.501+0000] {local_task_job_runner.py:245} INFO - ::endgroup::
