[2024-12-24T11:34:34.590+0000] {local_task_job_runner.py:123} INFO - ::group::Pre task execution logs
[2024-12-24T11:34:34.654+0000] {taskinstance.py:2613} INFO - Dependencies all met for dep_context=non-requeueable deps ti=<TaskInstance: tutorial.print_date scheduled__2024-12-23T00:00:00+00:00 [queued]>
[2024-12-24T11:34:34.676+0000] {taskinstance.py:2613} INFO - Dependencies all met for dep_context=requeueable deps ti=<TaskInstance: tutorial.print_date scheduled__2024-12-23T00:00:00+00:00 [queued]>
[2024-12-24T11:34:34.677+0000] {taskinstance.py:2866} INFO - Starting attempt 1 of 2
[2024-12-24T11:34:34.706+0000] {taskinstance.py:2889} INFO - Executing <Task(BashOperator): print_date> on 2024-12-23 00:00:00+00:00
[2024-12-24T11:34:34.728+0000] {standard_task_runner.py:72} INFO - Started process 230 to run task
[2024-12-24T11:34:34.749+0000] {standard_task_runner.py:104} INFO - Running: ['airflow', 'tasks', 'run', 'tutorial', 'print_date', 'scheduled__2024-12-23T00:00:00+00:00', '--job-id', '7', '--raw', '--subdir', 'DAGS_FOLDER/tutorial.py', '--cfg-path', '/tmp/tmpiwy_t9t9']
[2024-12-24T11:34:34.756+0000] {standard_task_runner.py:105} INFO - Job 7: Subtask print_date
[2024-12-24T11:34:35.146+0000] {task_command.py:467} INFO - Running <TaskInstance: tutorial.print_date scheduled__2024-12-23T00:00:00+00:00 [running]> on host 70c78f51fdda
[2024-12-24T11:34:35.492+0000] {taskinstance.py:3132} INFO - Exporting env vars: AIRFLOW_CTX_DAG_EMAIL='airflow@example.com' AIRFLOW_CTX_DAG_OWNER='airflow' AIRFLOW_CTX_DAG_ID='tutorial' AIRFLOW_CTX_TASK_ID='print_date' AIRFLOW_CTX_EXECUTION_DATE='2024-12-23T00:00:00+00:00' AIRFLOW_CTX_TRY_NUMBER='1' AIRFLOW_CTX_DAG_RUN_ID='scheduled__2024-12-23T00:00:00+00:00'
[2024-12-24T11:34:35.495+0000] {taskinstance.py:731} INFO - ::endgroup::
[2024-12-24T11:34:35.530+0000] {subprocess.py:78} INFO - Tmp dir root location: /tmp
[2024-12-24T11:34:35.532+0000] {subprocess.py:88} INFO - Running command: ['/usr/bin/bash', '-c', 'date']
[2024-12-24T11:34:35.546+0000] {subprocess.py:99} INFO - Output:
[2024-12-24T11:34:35.565+0000] {subprocess.py:106} INFO - Tue Dec 24 11:34:35 UTC 2024
[2024-12-24T11:34:35.566+0000] {subprocess.py:110} INFO - Command exited with return code 0
[2024-12-24T11:34:35.674+0000] {taskinstance.py:340} INFO - ::group::Post task execution logs
[2024-12-24T11:34:35.675+0000] {taskinstance.py:352} INFO - Marking task as SUCCESS. dag_id=tutorial, task_id=print_date, run_id=scheduled__2024-12-23T00:00:00+00:00, execution_date=20241223T000000, start_date=20241224T113434, end_date=20241224T113435
[2024-12-24T11:34:35.734+0000] {local_task_job_runner.py:266} INFO - Task exited with return code 0
[2024-12-24T11:34:35.784+0000] {taskinstance.py:3895} INFO - 2 downstream tasks scheduled from follow-on schedule check
[2024-12-24T11:34:35.788+0000] {local_task_job_runner.py:245} INFO - ::endgroup::
