[2024-12-12T22:45:22.900+0530] {local_task_job_runner.py:123} INFO - ::group::Pre task execution logs
[2024-12-12T22:45:22.921+0530] {taskinstance.py:2613} INFO - Dependencies all met for dep_context=non-requeueable deps ti=<TaskInstance: tutorial.templated backfill__2015-06-06T00:00:00+00:00 [queued]>
[2024-12-12T22:45:22.937+0530] {taskinstance.py:2613} INFO - Dependencies all met for dep_context=requeueable deps ti=<TaskInstance: tutorial.templated backfill__2015-06-06T00:00:00+00:00 [queued]>
[2024-12-12T22:45:22.939+0530] {taskinstance.py:2866} INFO - Starting attempt 1 of 2
[2024-12-12T22:45:22.963+0530] {taskinstance.py:2889} INFO - Executing <Task(BashOperator): templated> on 2015-06-06 00:00:00+00:00
[2024-12-12T22:45:22.978+0530] {standard_task_runner.py:104} INFO - Running: ['airflow', 'tasks', 'run', 'tutorial', 'templated', 'backfill__2015-06-06T00:00:00+00:00', '--job-id', '31', '--pool', 'default_pool', '--raw', '--subdir', '/Users/jayesh/Desktop/Personal Work/Movie_data_pipeline/.venv/lib/python3.12/site-packages/airflow/example_dags/tutorial.py', '--cfg-path', '/var/folders/h6/l2cjrfls77b6_h6zs5w5vn4r0000gn/T/tmpmp5s4ka5']
[2024-12-12T22:45:22.982+0530] {standard_task_runner.py:105} INFO - Job 31: Subtask templated
[2024-12-12T22:45:22.986+0530] {logging_mixin.py:190} WARNING - /Users/jayesh/Desktop/Personal Work/Movie_data_pipeline/.venv/lib/python3.12/site-packages/airflow/task/task_runner/standard_task_runner.py:70 DeprecationWarning: This process (pid=48874) is multi-threaded, use of fork() may lead to deadlocks in the child.
[2024-12-12T22:45:22.995+0530] {standard_task_runner.py:72} INFO - Started process 48887 to run task
[2024-12-12T22:45:23.183+0530] {task_command.py:467} INFO - Running <TaskInstance: tutorial.templated backfill__2015-06-06T00:00:00+00:00 [running]> on host Jayeshs-MacBook-Air.local
[2024-12-12T22:45:23.345+0530] {taskinstance.py:3132} INFO - Exporting env vars: AIRFLOW_CTX_DAG_EMAIL='airflow@example.com' AIRFLOW_CTX_DAG_OWNER='airflow' AIRFLOW_CTX_DAG_ID='tutorial' AIRFLOW_CTX_TASK_ID='templated' AIRFLOW_CTX_EXECUTION_DATE='2015-06-06T00:00:00+00:00' AIRFLOW_CTX_TRY_NUMBER='1' AIRFLOW_CTX_DAG_RUN_ID='backfill__2015-06-06T00:00:00+00:00'
[2024-12-12T22:45:23.348+0530] {logging_mixin.py:190} INFO - Task instance is in running state
[2024-12-12T22:45:23.352+0530] {logging_mixin.py:190} INFO -  Previous state of the Task instance: queued
[2024-12-12T22:45:23.356+0530] {logging_mixin.py:190} INFO - Current task name:templated state:running start_date:2024-12-12 17:15:22.922679+00:00
[2024-12-12T22:45:23.357+0530] {logging_mixin.py:190} INFO - Dag name:tutorial and current dag run status:running
[2024-12-12T22:45:23.358+0530] {taskinstance.py:731} INFO - ::endgroup::
[2024-12-12T22:45:23.363+0530] {subprocess.py:78} INFO - Tmp dir root location: /var/folders/h6/l2cjrfls77b6_h6zs5w5vn4r0000gn/T
[2024-12-12T22:45:23.364+0530] {subprocess.py:88} INFO - Running command: ['/bin/bash', '-c', '\n\n    echo "2015-06-06"\n    echo "2015-06-13"\n\n    echo "2015-06-06"\n    echo "2015-06-13"\n\n    echo "2015-06-06"\n    echo "2015-06-13"\n\n    echo "2015-06-06"\n    echo "2015-06-13"\n\n    echo "2015-06-06"\n    echo "2015-06-13"\n']
[2024-12-12T22:45:23.384+0530] {subprocess.py:99} INFO - Output:
[2024-12-12T22:45:23.393+0530] {subprocess.py:106} INFO - 2015-06-06
[2024-12-12T22:45:23.395+0530] {subprocess.py:106} INFO - 2015-06-13
[2024-12-12T22:45:23.396+0530] {subprocess.py:106} INFO - 2015-06-06
[2024-12-12T22:45:23.397+0530] {subprocess.py:106} INFO - 2015-06-13
[2024-12-12T22:45:23.398+0530] {subprocess.py:106} INFO - 2015-06-06
[2024-12-12T22:45:23.399+0530] {subprocess.py:106} INFO - 2015-06-13
[2024-12-12T22:45:23.400+0530] {subprocess.py:106} INFO - 2015-06-06
[2024-12-12T22:45:23.401+0530] {subprocess.py:106} INFO - 2015-06-13
[2024-12-12T22:45:23.402+0530] {subprocess.py:106} INFO - 2015-06-06
[2024-12-12T22:45:23.402+0530] {subprocess.py:106} INFO - 2015-06-13
[2024-12-12T22:45:23.403+0530] {subprocess.py:110} INFO - Command exited with return code 0
[2024-12-12T22:45:23.429+0530] {taskinstance.py:340} INFO - ::group::Post task execution logs
[2024-12-12T22:45:23.430+0530] {taskinstance.py:352} INFO - Marking task as SUCCESS. dag_id=tutorial, task_id=templated, run_id=backfill__2015-06-06T00:00:00+00:00, execution_date=20150606T000000, start_date=20241212T171522, end_date=20241212T171523
[2024-12-12T22:45:23.443+0530] {logging_mixin.py:190} INFO - Task instance in success state
[2024-12-12T22:45:23.444+0530] {logging_mixin.py:190} INFO -  Previous state of the Task instance: running
[2024-12-12T22:45:23.445+0530] {logging_mixin.py:190} INFO - Dag name:tutorial queued_at:None
[2024-12-12T22:45:23.446+0530] {logging_mixin.py:190} INFO - Task hostname:Jayeshs-MacBook-Air.local operator:BashOperator
[2024-12-12T22:45:23.584+0530] {local_task_job_runner.py:266} INFO - Task exited with return code 0
[2024-12-12T22:45:23.624+0530] {taskinstance.py:3895} INFO - 0 downstream tasks scheduled from follow-on schedule check
[2024-12-12T22:45:23.625+0530] {local_task_job_runner.py:245} INFO - ::endgroup::
