[2025-01-13T13:54:54.099+0000] {local_task_job_runner.py:123} INFO - ::group::Pre task execution logs
[2025-01-13T13:54:54.971+0000] {taskinstance.py:2613} INFO - Dependencies all met for dep_context=non-requeueable deps ti=<TaskInstance: movie_pipeline.load_UPSERT_bridge_genre scheduled__2025-01-09T00:00:00+00:00 [queued]>
[2025-01-13T13:54:55.158+0000] {taskinstance.py:2613} INFO - Dependencies all met for dep_context=requeueable deps ti=<TaskInstance: movie_pipeline.load_UPSERT_bridge_genre scheduled__2025-01-09T00:00:00+00:00 [queued]>
[2025-01-13T13:54:55.159+0000] {taskinstance.py:2866} INFO - Starting attempt 1 of 1
[2025-01-13T13:54:55.517+0000] {taskinstance.py:2889} INFO - Executing <Task(PostgresOperator): load_UPSERT_bridge_genre> on 2025-01-09 00:00:00+00:00
[2025-01-13T13:54:55.835+0000] {standard_task_runner.py:72} INFO - Started process 48008 to run task
[2025-01-13T13:54:56.533+0000] {standard_task_runner.py:104} INFO - Running: ['airflow', 'tasks', 'run', 'movie_pipeline', 'load_UPSERT_bridge_genre', 'scheduled__2025-01-09T00:00:00+00:00', '--job-id', '15', '--raw', '--subdir', 'DAGS_FOLDER/pipeline_dag.py', '--cfg-path', '/tmp/tmp2v54pcd7']
[2025-01-13T13:54:56.568+0000] {standard_task_runner.py:105} INFO - Job 15: Subtask load_UPSERT_bridge_genre
[2025-01-13T13:55:03.704+0000] {job.py:229} INFO - Heartbeat recovered after 11.56 seconds
[2025-01-13T13:55:04.215+0000] {task_command.py:467} INFO - Running <TaskInstance: movie_pipeline.load_UPSERT_bridge_genre scheduled__2025-01-09T00:00:00+00:00 [running]> on host 8bfb9ef5b0f1
[2025-01-13T13:55:11.977+0000] {taskinstance.py:3132} INFO - Exporting env vars: AIRFLOW_CTX_DAG_OWNER='airflow' AIRFLOW_CTX_DAG_ID='movie_pipeline' AIRFLOW_CTX_TASK_ID='load_UPSERT_bridge_genre' AIRFLOW_CTX_EXECUTION_DATE='2025-01-09T00:00:00+00:00' AIRFLOW_CTX_TRY_NUMBER='1' AIRFLOW_CTX_DAG_RUN_ID='scheduled__2025-01-09T00:00:00+00:00'
[2025-01-13T13:55:11.987+0000] {taskinstance.py:731} INFO - ::endgroup::
[2025-01-13T13:55:12.000+0000] {sql.py:278} INFO - Executing: MERGE INTO jayesh.bridge_movie_genre t
USING jayesh.bridge_movie_genre_staging s
ON
    s.movie_id = t.movie_id AND
    s.genre_id = t.movie_id

WHEN MATCHED THEN
    DO NOTHING

WHEN NOT MATCHED THEN
    INSERT(
        movie_id,
        genre_id,
        effective_from
    )
    VALUES(
        s.movie_id,
        s.genre_id,
        s.effective_from
    );

TRUNCATE bridge_movie_genre_staging;
[2025-01-13T13:55:12.101+0000] {base.py:84} INFO - Retrieving connection 'postgres_default'
[2025-01-13T13:55:12.323+0000] {base.py:84} INFO - Retrieving connection 'postgres_default'
[2025-01-13T13:55:12.623+0000] {sql.py:553} INFO - Running statement: MERGE INTO jayesh.bridge_movie_genre t
USING jayesh.bridge_movie_genre_staging s
ON
    s.movie_id = t.movie_id AND
    s.genre_id = t.movie_id

WHEN MATCHED THEN
    DO NOTHING

WHEN NOT MATCHED THEN
    INSERT(
        movie_id,
        genre_id,
        effective_from
    )
    VALUES(
        s.movie_id,
        s.genre_id,
        s.effective_from
    );

TRUNCATE bridge_movie_genre_staging;, parameters: None
[2025-01-13T13:55:12.780+0000] {taskinstance.py:340} INFO - ::group::Post task execution logs
[2025-01-13T13:55:12.795+0000] {taskinstance.py:352} INFO - Marking task as SUCCESS. dag_id=movie_pipeline, task_id=load_UPSERT_bridge_genre, run_id=scheduled__2025-01-09T00:00:00+00:00, execution_date=20250109T000000, start_date=20250113T135454, end_date=20250113T135512
[2025-01-13T13:55:12.962+0000] {local_task_job_runner.py:266} INFO - Task exited with return code 0
[2025-01-13T13:55:13.172+0000] {taskinstance.py:3895} INFO - 0 downstream tasks scheduled from follow-on schedule check
[2025-01-13T13:55:13.177+0000] {local_task_job_runner.py:245} INFO - ::endgroup::
