[2024-12-19T08:28:49.742+0530] {local_task_job_runner.py:123} INFO - ::group::Pre task execution logs
[2024-12-19T08:28:49.753+0530] {taskinstance.py:2613} INFO - Dependencies all met for dep_context=non-requeueable deps ti=<TaskInstance: movie_pipeline.create_run_dir manual__2024-12-12T00:00:00+00:00 [queued]>
[2024-12-19T08:28:49.763+0530] {taskinstance.py:2613} INFO - Dependencies all met for dep_context=requeueable deps ti=<TaskInstance: movie_pipeline.create_run_dir manual__2024-12-12T00:00:00+00:00 [queued]>
[2024-12-19T08:28:49.763+0530] {taskinstance.py:2866} INFO - Starting attempt 1 of 1
[2024-12-19T08:28:49.791+0530] {taskinstance.py:2889} INFO - Executing <Task(BashOperator): create_run_dir> on 2024-12-12 00:00:00+00:00
[2024-12-19T08:28:49.798+0530] {logging_mixin.py:190} WARNING - /Users/jayesh/Desktop/Personal Work/Movie_data_pipeline/.venv/lib/python3.12/site-packages/airflow/task/task_runner/standard_task_runner.py:70 DeprecationWarning: This process (pid=8207) is multi-threaded, use of fork() may lead to deadlocks in the child.
[2024-12-19T08:28:49.800+0530] {standard_task_runner.py:72} INFO - Started process 8263 to run task
[2024-12-19T08:28:49.801+0530] {standard_task_runner.py:104} INFO - Running: ['airflow', 'tasks', 'run', 'movie_pipeline', 'create_run_dir', 'manual__2024-12-12T00:00:00+00:00', '--job-id', '202', '--pool', 'default_pool', '--raw', '--subdir', 'DAGS_FOLDER/pipeline_dag.py', '--cfg-path', '/var/folders/h6/l2cjrfls77b6_h6zs5w5vn4r0000gn/T/tmpetc051u8']
[2024-12-19T08:28:49.804+0530] {standard_task_runner.py:105} INFO - Job 202: Subtask create_run_dir
[2024-12-19T08:28:49.849+0530] {task_command.py:467} INFO - Running <TaskInstance: movie_pipeline.create_run_dir manual__2024-12-12T00:00:00+00:00 [running]> on host Jayeshs-MacBook-Air.local
[2024-12-19T08:28:49.922+0530] {taskinstance.py:3132} INFO - Exporting env vars: AIRFLOW_CTX_DAG_OWNER='airflow' AIRFLOW_CTX_DAG_ID='movie_pipeline' AIRFLOW_CTX_TASK_ID='create_run_dir' AIRFLOW_CTX_EXECUTION_DATE='2024-12-12T00:00:00+00:00' AIRFLOW_CTX_TRY_NUMBER='1' AIRFLOW_CTX_DAG_RUN_ID='manual__2024-12-12T00:00:00+00:00'
[2024-12-19T08:28:49.925+0530] {logging_mixin.py:190} INFO - Task instance is in running state
[2024-12-19T08:28:49.925+0530] {logging_mixin.py:190} INFO -  Previous state of the Task instance: queued
[2024-12-19T08:28:49.926+0530] {logging_mixin.py:190} INFO - Current task name:create_run_dir state:running start_date:2024-12-19 02:58:49.754436+00:00
[2024-12-19T08:28:49.926+0530] {logging_mixin.py:190} INFO - Dag name:movie_pipeline and current dag run status:running
[2024-12-19T08:28:49.927+0530] {taskinstance.py:731} INFO - ::endgroup::
[2024-12-19T08:28:49.928+0530] {subprocess.py:78} INFO - Tmp dir root location: /var/folders/h6/l2cjrfls77b6_h6zs5w5vn4r0000gn/T
[2024-12-19T08:28:49.928+0530] {subprocess.py:88} INFO - Running command: ['/bin/bash', '-c', 'mkdir ./run_2024-12-12']
[2024-12-19T08:28:49.936+0530] {subprocess.py:99} INFO - Output:
[2024-12-19T08:28:49.946+0530] {subprocess.py:110} INFO - Command exited with return code 0
[2024-12-19T08:28:49.965+0530] {taskinstance.py:340} INFO - ::group::Post task execution logs
[2024-12-19T08:28:49.966+0530] {taskinstance.py:352} INFO - Marking task as SUCCESS. dag_id=movie_pipeline, task_id=create_run_dir, run_id=manual__2024-12-12T00:00:00+00:00, execution_date=20241212T000000, start_date=20241219T025849, end_date=20241219T025849
[2024-12-19T08:28:49.977+0530] {logging_mixin.py:190} INFO - Task instance in success state
[2024-12-19T08:28:49.977+0530] {logging_mixin.py:190} INFO -  Previous state of the Task instance: running
[2024-12-19T08:28:49.978+0530] {logging_mixin.py:190} INFO - Dag name:movie_pipeline queued_at:2024-12-19 02:56:30.920451+00:00
[2024-12-19T08:28:49.978+0530] {logging_mixin.py:190} INFO - Task hostname:Jayeshs-MacBook-Air.local operator:BashOperator
[2024-12-19T08:28:49.993+0530] {local_task_job_runner.py:266} INFO - Task exited with return code 0
[2024-12-19T08:28:50.019+0530] {taskinstance.py:3895} INFO - 1 downstream tasks scheduled from follow-on schedule check
[2024-12-19T08:28:50.022+0530] {local_task_job_runner.py:245} INFO - ::endgroup::
