[2024-12-16T11:27:09.300+0530] {local_task_job_runner.py:123} INFO - ::group::Pre task execution logs
[2024-12-16T11:27:09.324+0530] {taskinstance.py:2613} INFO - Dependencies all met for dep_context=non-requeueable deps ti=<TaskInstance: movie_pipeline.info_mssg manual__2024-12-16T05:56:57.528801+00:00 [queued]>
[2024-12-16T11:27:09.340+0530] {taskinstance.py:2613} INFO - Dependencies all met for dep_context=requeueable deps ti=<TaskInstance: movie_pipeline.info_mssg manual__2024-12-16T05:56:57.528801+00:00 [queued]>
[2024-12-16T11:27:09.340+0530] {taskinstance.py:2866} INFO - Starting attempt 1 of 1
[2024-12-16T11:27:09.367+0530] {taskinstance.py:2889} INFO - Executing <Task(BashOperator): info_mssg> on 2024-12-16 05:56:57.528801+00:00
[2024-12-16T11:27:09.378+0530] {logging_mixin.py:190} WARNING - /Users/jayesh/Desktop/Personal Work/Movie_data_pipeline/.venv/lib/python3.12/site-packages/airflow/task/task_runner/standard_task_runner.py:70 DeprecationWarning: This process (pid=5582) is multi-threaded, use of fork() may lead to deadlocks in the child.
[2024-12-16T11:27:09.381+0530] {standard_task_runner.py:72} INFO - Started process 5592 to run task
[2024-12-16T11:27:09.382+0530] {standard_task_runner.py:104} INFO - Running: ['airflow', 'tasks', 'run', 'movie_pipeline', 'info_mssg', 'manual__2024-12-16T05:56:57.528801+00:00', '--job-id', '99', '--raw', '--subdir', 'DAGS_FOLDER/pipeline_dag.py', '--cfg-path', '/var/folders/h6/l2cjrfls77b6_h6zs5w5vn4r0000gn/T/tmpbwo87xwk']
[2024-12-16T11:27:09.386+0530] {standard_task_runner.py:105} INFO - Job 99: Subtask info_mssg
[2024-12-16T11:27:09.507+0530] {task_command.py:467} INFO - Running <TaskInstance: movie_pipeline.info_mssg manual__2024-12-16T05:56:57.528801+00:00 [running]> on host Jayeshs-MacBook-Air.local
[2024-12-16T11:27:09.624+0530] {taskinstance.py:3132} INFO - Exporting env vars: AIRFLOW_CTX_DAG_OWNER='airflow' AIRFLOW_CTX_DAG_ID='movie_pipeline' AIRFLOW_CTX_TASK_ID='info_mssg' AIRFLOW_CTX_EXECUTION_DATE='2024-12-16T05:56:57.528801+00:00' AIRFLOW_CTX_TRY_NUMBER='1' AIRFLOW_CTX_DAG_RUN_ID='manual__2024-12-16T05:56:57.528801+00:00'
[2024-12-16T11:27:09.627+0530] {logging_mixin.py:190} INFO - Task instance is in running state
[2024-12-16T11:27:09.629+0530] {logging_mixin.py:190} INFO -  Previous state of the Task instance: queued
[2024-12-16T11:27:09.630+0530] {logging_mixin.py:190} INFO - Current task name:info_mssg state:running start_date:2024-12-16 05:57:09.325157+00:00
[2024-12-16T11:27:09.631+0530] {logging_mixin.py:190} INFO - Dag name:movie_pipeline and current dag run status:running
[2024-12-16T11:27:09.631+0530] {taskinstance.py:731} INFO - ::endgroup::
[2024-12-16T11:27:09.632+0530] {subprocess.py:78} INFO - Tmp dir root location: /var/folders/h6/l2cjrfls77b6_h6zs5w5vn4r0000gn/T
[2024-12-16T11:27:09.633+0530] {subprocess.py:88} INFO - Running command: ['/bin/bash', '-c', "echo 'scraping start'"]
[2024-12-16T11:27:09.646+0530] {subprocess.py:99} INFO - Output:
[2024-12-16T11:27:09.653+0530] {subprocess.py:106} INFO - scraping start
[2024-12-16T11:27:09.654+0530] {subprocess.py:110} INFO - Command exited with return code 0
[2024-12-16T11:27:09.678+0530] {taskinstance.py:340} INFO - ::group::Post task execution logs
[2024-12-16T11:27:09.680+0530] {taskinstance.py:352} INFO - Marking task as SUCCESS. dag_id=movie_pipeline, task_id=info_mssg, run_id=manual__2024-12-16T05:56:57.528801+00:00, execution_date=20241216T055657, start_date=20241216T055709, end_date=20241216T055709
[2024-12-16T11:27:09.692+0530] {logging_mixin.py:190} INFO - Task instance in success state
[2024-12-16T11:27:09.693+0530] {logging_mixin.py:190} INFO -  Previous state of the Task instance: running
[2024-12-16T11:27:09.696+0530] {logging_mixin.py:190} INFO - Dag name:movie_pipeline queued_at:2024-12-16 05:56:57.574097+00:00
[2024-12-16T11:27:09.697+0530] {logging_mixin.py:190} INFO - Task hostname:Jayeshs-MacBook-Air.local operator:BashOperator
[2024-12-16T11:27:09.715+0530] {local_task_job_runner.py:266} INFO - Task exited with return code 0
[2024-12-16T11:27:09.747+0530] {taskinstance.py:3895} INFO - 1 downstream tasks scheduled from follow-on schedule check
[2024-12-16T11:27:09.750+0530] {local_task_job_runner.py:245} INFO - ::endgroup::
