[2024-12-19T22:02:56.590+0530] {local_task_job_runner.py:123} INFO - ::group::Pre task execution logs
[2024-12-19T22:02:56.611+0530] {taskinstance.py:2613} INFO - Dependencies all met for dep_context=non-requeueable deps ti=<TaskInstance: movie_pipeline.scrape_movies backfill__2024-12-16T00:00:00+00:00 [queued]>
[2024-12-19T22:02:56.625+0530] {taskinstance.py:2613} INFO - Dependencies all met for dep_context=requeueable deps ti=<TaskInstance: movie_pipeline.scrape_movies backfill__2024-12-16T00:00:00+00:00 [queued]>
[2024-12-19T22:02:56.625+0530] {taskinstance.py:2866} INFO - Starting attempt 3 of 3
[2024-12-19T22:02:56.652+0530] {taskinstance.py:2889} INFO - Executing <Task(PythonOperator): scrape_movies> on 2024-12-16 00:00:00+00:00
[2024-12-19T22:02:56.663+0530] {logging_mixin.py:190} WARNING - /Users/jayesh/Desktop/Personal Work/Movie_data_pipeline/.venv/lib/python3.12/site-packages/airflow/task/task_runner/standard_task_runner.py:70 DeprecationWarning: This process (pid=56111) is multi-threaded, use of fork() may lead to deadlocks in the child.
[2024-12-19T22:02:56.666+0530] {standard_task_runner.py:72} INFO - Started process 56133 to run task
[2024-12-19T22:02:56.667+0530] {standard_task_runner.py:104} INFO - Running: ['airflow', 'tasks', 'run', 'movie_pipeline', 'scrape_movies', 'backfill__2024-12-16T00:00:00+00:00', '--job-id', '281', '--pool', 'default_pool', '--raw', '--subdir', 'DAGS_FOLDER/pipeline_dag.py', '--cfg-path', '/var/folders/h6/l2cjrfls77b6_h6zs5w5vn4r0000gn/T/tmp9xe1mtah']
[2024-12-19T22:02:56.672+0530] {standard_task_runner.py:105} INFO - Job 281: Subtask scrape_movies
[2024-12-19T22:02:56.736+0530] {task_command.py:467} INFO - Running <TaskInstance: movie_pipeline.scrape_movies backfill__2024-12-16T00:00:00+00:00 [running]> on host Jayeshs-MacBook-Air.local
[2024-12-19T22:02:56.840+0530] {taskinstance.py:3132} INFO - Exporting env vars: AIRFLOW_CTX_DAG_OWNER='airflow' AIRFLOW_CTX_DAG_ID='movie_pipeline' AIRFLOW_CTX_TASK_ID='scrape_movies' AIRFLOW_CTX_EXECUTION_DATE='2024-12-16T00:00:00+00:00' AIRFLOW_CTX_TRY_NUMBER='3' AIRFLOW_CTX_DAG_RUN_ID='backfill__2024-12-16T00:00:00+00:00'
[2024-12-19T22:02:56.842+0530] {logging_mixin.py:190} INFO - Task instance is in running state
[2024-12-19T22:02:56.843+0530] {logging_mixin.py:190} INFO -  Previous state of the Task instance: queued
[2024-12-19T22:02:56.843+0530] {logging_mixin.py:190} INFO - Current task name:scrape_movies state:running start_date:2024-12-19 16:32:56.612186+00:00
[2024-12-19T22:02:56.844+0530] {logging_mixin.py:190} INFO - Dag name:movie_pipeline and current dag run status:running
[2024-12-19T22:02:56.844+0530] {taskinstance.py:731} INFO - ::endgroup::
[2024-12-19T22:02:59.591+0530] {extract.py:52} INFO - Iteration: 0, release id: rl1199474177
[2024-12-19T22:03:14.094+0530] {extract.py:52} INFO - Iteration: 1, release id: rl862748673
[2024-12-19T22:03:26.444+0530] {extract.py:52} INFO - Iteration: 2, release id: rl1778156289
[2024-12-19T22:03:38.218+0530] {extract.py:52} INFO - Iteration: 3, release id: rl259556097
[2024-12-19T22:03:45.438+0530] {extract.py:52} INFO - Iteration: 4, release id: rl1231060993
[2024-12-19T22:03:54.155+0530] {extract.py:52} INFO - Iteration: 5, release id: rl1774158593
[2024-12-19T22:04:07.856+0530] {extract.py:52} INFO - Iteration: 6, release id: rl3123675905
[2024-12-19T22:04:14.012+0530] {extract.py:52} INFO - Iteration: 7, release id: rl2841083905
[2024-12-19T22:04:28.181+0530] {extract.py:52} INFO - Iteration: 8, release id: rl457277441
[2024-12-19T22:04:39.753+0530] {extract.py:52} INFO - Iteration: 9, release id: rl2098823169
[2024-12-19T22:04:44.772+0530] {extract.py:52} INFO - Iteration: 10, release id: rl1433501697
[2024-12-19T22:04:57.935+0530] {extract.py:52} INFO - Iteration: 11, release id: rl2775351297
[2024-12-19T22:05:06.061+0530] {extract.py:52} INFO - Iteration: 12, release id: rl3290006273
[2024-12-19T22:05:15.347+0530] {extract.py:52} INFO - Iteration: 13, release id: rl3277815809
[2024-12-19T22:05:23.904+0530] {extract.py:52} INFO - Iteration: 14, release id: rl3898179585
[2024-12-19T22:05:32.781+0530] {extract.py:52} INFO - Iteration: 15, release id: rl3443949569
[2024-12-19T22:05:40.817+0530] {extract.py:52} INFO - Iteration: 16, release id: rl3206316033
[2024-12-19T22:05:47.874+0530] {extract.py:52} INFO - Iteration: 17, release id: rl2383183873
[2024-12-19T22:05:55.083+0530] {extract.py:52} INFO - Iteration: 18, release id: rl677871617
[2024-12-19T22:06:03.159+0530] {extract.py:52} INFO - Iteration: 19, release id: rl1662877697
[2024-12-19T22:06:09.262+0530] {extract.py:52} INFO - Iteration: 20, release id: rl1997832193
[2024-12-19T22:06:16.847+0530] {python.py:240} INFO - Done. Returned value was: run_20241216/movies_html_source_20241216.json
[2024-12-19T22:06:16.876+0530] {taskinstance.py:340} INFO - ::group::Post task execution logs
[2024-12-19T22:06:16.879+0530] {taskinstance.py:352} INFO - Marking task as SUCCESS. dag_id=movie_pipeline, task_id=scrape_movies, run_id=backfill__2024-12-16T00:00:00+00:00, execution_date=20241216T000000, start_date=20241219T163256, end_date=20241219T163616
[2024-12-19T22:06:16.895+0530] {logging_mixin.py:190} INFO - Task instance in success state
[2024-12-19T22:06:16.896+0530] {logging_mixin.py:190} INFO -  Previous state of the Task instance: running
[2024-12-19T22:06:16.897+0530] {logging_mixin.py:190} INFO - Dag name:movie_pipeline queued_at:2024-12-19 16:32:17.221588+00:00
[2024-12-19T22:06:16.900+0530] {logging_mixin.py:190} INFO - Task hostname:Jayeshs-MacBook-Air.local operator:PythonOperator
[2024-12-19T22:06:16.955+0530] {local_task_job_runner.py:266} INFO - Task exited with return code 0
[2024-12-19T22:06:16.997+0530] {taskinstance.py:3895} INFO - 1 downstream tasks scheduled from follow-on schedule check
[2024-12-19T22:06:17.000+0530] {local_task_job_runner.py:245} INFO - ::endgroup::
