[2024-12-19T18:47:53.907+0530] {local_task_job_runner.py:123} INFO - ::group::Pre task execution logs
[2024-12-19T18:47:53.923+0530] {taskinstance.py:2613} INFO - Dependencies all met for dep_context=non-requeueable deps ti=<TaskInstance: movie_pipeline.scrape_movies backfill__2024-12-16T00:00:00+00:00 [queued]>
[2024-12-19T18:47:53.931+0530] {taskinstance.py:2613} INFO - Dependencies all met for dep_context=requeueable deps ti=<TaskInstance: movie_pipeline.scrape_movies backfill__2024-12-16T00:00:00+00:00 [queued]>
[2024-12-19T18:47:53.932+0530] {taskinstance.py:2866} INFO - Starting attempt 2 of 2
[2024-12-19T18:47:53.950+0530] {taskinstance.py:2889} INFO - Executing <Task(PythonOperator): scrape_movies> on 2024-12-16 00:00:00+00:00
[2024-12-19T18:47:53.959+0530] {logging_mixin.py:190} WARNING - /Users/jayesh/Desktop/Personal Work/Movie_data_pipeline/.venv/lib/python3.12/site-packages/airflow/task/task_runner/standard_task_runner.py:70 DeprecationWarning: This process (pid=41513) is multi-threaded, use of fork() may lead to deadlocks in the child.
[2024-12-19T18:47:53.961+0530] {standard_task_runner.py:72} INFO - Started process 41530 to run task
[2024-12-19T18:47:53.962+0530] {standard_task_runner.py:104} INFO - Running: ['airflow', 'tasks', 'run', 'movie_pipeline', 'scrape_movies', 'backfill__2024-12-16T00:00:00+00:00', '--job-id', '274', '--pool', 'default_pool', '--raw', '--subdir', 'DAGS_FOLDER/pipeline_dag.py', '--cfg-path', '/var/folders/h6/l2cjrfls77b6_h6zs5w5vn4r0000gn/T/tmp_v3h3e03']
[2024-12-19T18:47:53.967+0530] {standard_task_runner.py:105} INFO - Job 274: Subtask scrape_movies
[2024-12-19T18:47:54.023+0530] {task_command.py:467} INFO - Running <TaskInstance: movie_pipeline.scrape_movies backfill__2024-12-16T00:00:00+00:00 [running]> on host Jayeshs-MacBook-Air.local
[2024-12-19T18:47:54.169+0530] {taskinstance.py:3132} INFO - Exporting env vars: AIRFLOW_CTX_DAG_OWNER='airflow' AIRFLOW_CTX_DAG_ID='movie_pipeline' AIRFLOW_CTX_TASK_ID='scrape_movies' AIRFLOW_CTX_EXECUTION_DATE='2024-12-16T00:00:00+00:00' AIRFLOW_CTX_TRY_NUMBER='2' AIRFLOW_CTX_DAG_RUN_ID='backfill__2024-12-16T00:00:00+00:00'
[2024-12-19T18:47:54.172+0530] {logging_mixin.py:190} INFO - Task instance is in running state
[2024-12-19T18:47:54.173+0530] {logging_mixin.py:190} INFO -  Previous state of the Task instance: queued
[2024-12-19T18:47:54.173+0530] {logging_mixin.py:190} INFO - Current task name:scrape_movies state:running start_date:2024-12-19 13:17:53.923757+00:00
[2024-12-19T18:47:54.175+0530] {logging_mixin.py:190} INFO - Dag name:movie_pipeline and current dag run status:running
[2024-12-19T18:47:54.176+0530] {taskinstance.py:731} INFO - ::endgroup::
[2024-12-19T18:47:54.177+0530] {logging_mixin.py:190} INFO - The path is: run_20241216/boxoffice_html_20241216.json
[2024-12-19T18:47:54.178+0530] {python.py:240} INFO - Done. Returned value was: None
[2024-12-19T18:47:54.186+0530] {taskinstance.py:340} INFO - ::group::Post task execution logs
[2024-12-19T18:47:54.187+0530] {taskinstance.py:352} INFO - Marking task as SUCCESS. dag_id=movie_pipeline, task_id=scrape_movies, run_id=backfill__2024-12-16T00:00:00+00:00, execution_date=20241216T000000, start_date=20241219T131753, end_date=20241219T131754
[2024-12-19T18:47:54.197+0530] {logging_mixin.py:190} INFO - Task instance in success state
[2024-12-19T18:47:54.198+0530] {logging_mixin.py:190} INFO -  Previous state of the Task instance: running
[2024-12-19T18:47:54.199+0530] {logging_mixin.py:190} INFO - Dag name:movie_pipeline queued_at:2024-12-19 13:17:27.711368+00:00
[2024-12-19T18:47:54.200+0530] {logging_mixin.py:190} INFO - Task hostname:Jayeshs-MacBook-Air.local operator:PythonOperator
[2024-12-19T18:47:54.239+0530] {local_task_job_runner.py:266} INFO - Task exited with return code 0
[2024-12-19T18:47:54.259+0530] {taskinstance.py:3895} INFO - 0 downstream tasks scheduled from follow-on schedule check
[2024-12-19T18:47:54.260+0530] {local_task_job_runner.py:245} INFO - ::endgroup::
