[2024-12-16T19:29:19.788+0530] {local_task_job_runner.py:123} INFO - ::group::Pre task execution logs
[2024-12-16T19:29:19.805+0530] {taskinstance.py:2613} INFO - Dependencies all met for dep_context=non-requeueable deps ti=<TaskInstance: movie_pipeline.date_renderer backfill__2024-12-08T00:00:00+00:00 [queued]>
[2024-12-16T19:29:19.816+0530] {taskinstance.py:2613} INFO - Dependencies all met for dep_context=requeueable deps ti=<TaskInstance: movie_pipeline.date_renderer backfill__2024-12-08T00:00:00+00:00 [queued]>
[2024-12-16T19:29:19.817+0530] {taskinstance.py:2866} INFO - Starting attempt 2 of 2
[2024-12-16T19:29:19.834+0530] {taskinstance.py:2889} INFO - Executing <Task(_PythonDecoratedOperator): date_renderer> on 2024-12-08 00:00:00+00:00
[2024-12-16T19:29:19.846+0530] {logging_mixin.py:190} WARNING - /Users/jayesh/Desktop/Personal Work/Movie_data_pipeline/.venv/lib/python3.12/site-packages/airflow/task/task_runner/standard_task_runner.py:70 DeprecationWarning: This process (pid=23081) is multi-threaded, use of fork() may lead to deadlocks in the child.
[2024-12-16T19:29:19.848+0530] {standard_task_runner.py:72} INFO - Started process 23097 to run task
[2024-12-16T19:29:19.851+0530] {standard_task_runner.py:104} INFO - Running: ['airflow', 'tasks', 'run', 'movie_pipeline', 'date_renderer', 'backfill__2024-12-08T00:00:00+00:00', '--job-id', '116', '--pool', 'default_pool', '--raw', '--subdir', 'DAGS_FOLDER/pipeline_dag.py', '--cfg-path', '/var/folders/h6/l2cjrfls77b6_h6zs5w5vn4r0000gn/T/tmpcbgjm96v']
[2024-12-16T19:29:19.854+0530] {standard_task_runner.py:105} INFO - Job 116: Subtask date_renderer
[2024-12-16T19:29:19.919+0530] {task_command.py:467} INFO - Running <TaskInstance: movie_pipeline.date_renderer backfill__2024-12-08T00:00:00+00:00 [running]> on host Jayeshs-MacBook-Air.local
[2024-12-16T19:29:20.003+0530] {taskinstance.py:3132} INFO - Exporting env vars: AIRFLOW_CTX_DAG_OWNER='airflow' AIRFLOW_CTX_DAG_ID='movie_pipeline' AIRFLOW_CTX_TASK_ID='date_renderer' AIRFLOW_CTX_EXECUTION_DATE='2024-12-08T00:00:00+00:00' AIRFLOW_CTX_TRY_NUMBER='2' AIRFLOW_CTX_DAG_RUN_ID='backfill__2024-12-08T00:00:00+00:00'
[2024-12-16T19:29:20.005+0530] {logging_mixin.py:190} INFO - Task instance is in running state
[2024-12-16T19:29:20.005+0530] {logging_mixin.py:190} INFO -  Previous state of the Task instance: queued
[2024-12-16T19:29:20.008+0530] {logging_mixin.py:190} INFO - Current task name:date_renderer state:running start_date:2024-12-16 13:59:19.806319+00:00
[2024-12-16T19:29:20.010+0530] {logging_mixin.py:190} INFO - Dag name:movie_pipeline and current dag run status:running
[2024-12-16T19:29:20.010+0530] {taskinstance.py:731} INFO - ::endgroup::
[2024-12-16T19:29:20.017+0530] {logging_mixin.py:190} WARNING - /Users/jayesh/Desktop/Personal Work/Movie_data_pipeline/.venv/lib/python3.12/site-packages/airflow/utils/operator_helpers.py:252 RemovedInAirflow3Warning: This attribute is deprecated. Please use `airflow.models.DAG.get_latest_execution_date`.
[2024-12-16T19:29:20.021+0530] {logging_mixin.py:190} INFO - The start date is: 2024-12-16 11:26:57.528801+05:30
[2024-12-16T19:29:20.022+0530] {python.py:240} INFO - Done. Returned value was: success
[2024-12-16T19:29:20.039+0530] {taskinstance.py:340} INFO - ::group::Post task execution logs
[2024-12-16T19:29:20.040+0530] {taskinstance.py:352} INFO - Marking task as SUCCESS. dag_id=movie_pipeline, task_id=date_renderer, run_id=backfill__2024-12-08T00:00:00+00:00, execution_date=20241208T000000, start_date=20241216T135919, end_date=20241216T135920
[2024-12-16T19:29:20.051+0530] {logging_mixin.py:190} INFO - Task instance in success state
[2024-12-16T19:29:20.051+0530] {logging_mixin.py:190} INFO -  Previous state of the Task instance: running
[2024-12-16T19:29:20.052+0530] {logging_mixin.py:190} INFO - Dag name:movie_pipeline queued_at:2024-12-16 13:58:39.470626+00:00
[2024-12-16T19:29:20.053+0530] {logging_mixin.py:190} INFO - Task hostname:Jayeshs-MacBook-Air.local operator:_PythonDecoratedOperator
[2024-12-16T19:29:20.078+0530] {local_task_job_runner.py:266} INFO - Task exited with return code 0
[2024-12-16T19:29:20.100+0530] {taskinstance.py:3895} INFO - 0 downstream tasks scheduled from follow-on schedule check
[2024-12-16T19:29:20.101+0530] {local_task_job_runner.py:245} INFO - ::endgroup::
