[2024-12-12T18:17:52.620+0530] {local_task_job_runner.py:123} INFO - ::group::Pre task execution logs
[2024-12-12T18:17:52.634+0530] {taskinstance.py:2613} INFO - Dependencies all met for dep_context=non-requeueable deps ti=<TaskInstance: tutorial.templated scheduled__2024-12-11T00:00:00+00:00 [queued]>
[2024-12-12T18:17:52.643+0530] {taskinstance.py:2613} INFO - Dependencies all met for dep_context=requeueable deps ti=<TaskInstance: tutorial.templated scheduled__2024-12-11T00:00:00+00:00 [queued]>
[2024-12-12T18:17:52.643+0530] {taskinstance.py:2866} INFO - Starting attempt 1 of 2
[2024-12-12T18:17:52.659+0530] {taskinstance.py:2889} INFO - Executing <Task(BashOperator): templated> on 2024-12-11 00:00:00+00:00
[2024-12-12T18:17:52.668+0530] {logging_mixin.py:190} WARNING - /Users/jayesh/Desktop/Personal Work/Movie_data_pipeline/.venv/lib/python3.12/site-packages/airflow/task/task_runner/standard_task_runner.py:70 DeprecationWarning: This process (pid=27410) is multi-threaded, use of fork() may lead to deadlocks in the child.
[2024-12-12T18:17:52.672+0530] {standard_task_runner.py:72} INFO - Started process 27417 to run task
[2024-12-12T18:17:52.676+0530] {standard_task_runner.py:104} INFO - Running: ['airflow', 'tasks', 'run', 'tutorial', 'templated', 'scheduled__2024-12-11T00:00:00+00:00', '--job-id', '7', '--raw', '--subdir', '/Users/jayesh/Desktop/Personal Work/Movie_data_pipeline/.venv/lib/python3.12/site-packages/airflow/example_dags/tutorial.py', '--cfg-path', '/var/folders/h6/l2cjrfls77b6_h6zs5w5vn4r0000gn/T/tmpa7yy3p3h']
[2024-12-12T18:17:52.679+0530] {standard_task_runner.py:105} INFO - Job 7: Subtask templated
[2024-12-12T18:17:52.753+0530] {task_command.py:467} INFO - Running <TaskInstance: tutorial.templated scheduled__2024-12-11T00:00:00+00:00 [running]> on host Jayeshs-MacBook-Air.local
[2024-12-12T18:17:52.859+0530] {taskinstance.py:3132} INFO - Exporting env vars: AIRFLOW_CTX_DAG_EMAIL='airflow@example.com' AIRFLOW_CTX_DAG_OWNER='airflow' AIRFLOW_CTX_DAG_ID='tutorial' AIRFLOW_CTX_TASK_ID='templated' AIRFLOW_CTX_EXECUTION_DATE='2024-12-11T00:00:00+00:00' AIRFLOW_CTX_TRY_NUMBER='1' AIRFLOW_CTX_DAG_RUN_ID='scheduled__2024-12-11T00:00:00+00:00'
[2024-12-12T18:17:52.861+0530] {logging_mixin.py:190} INFO - Task instance is in running state
[2024-12-12T18:17:52.862+0530] {logging_mixin.py:190} INFO -  Previous state of the Task instance: queued
[2024-12-12T18:17:52.863+0530] {logging_mixin.py:190} INFO - Current task name:templated state:running start_date:2024-12-12 12:47:52.635498+00:00
[2024-12-12T18:17:52.863+0530] {logging_mixin.py:190} INFO - Dag name:tutorial and current dag run status:running
[2024-12-12T18:17:52.864+0530] {taskinstance.py:731} INFO - ::endgroup::
[2024-12-12T18:17:52.865+0530] {subprocess.py:78} INFO - Tmp dir root location: /var/folders/h6/l2cjrfls77b6_h6zs5w5vn4r0000gn/T
[2024-12-12T18:17:52.867+0530] {subprocess.py:88} INFO - Running command: ['/bin/bash', '-c', '\n\n    echo "2024-12-11"\n    echo "2024-12-18"\n\n    echo "2024-12-11"\n    echo "2024-12-18"\n\n    echo "2024-12-11"\n    echo "2024-12-18"\n\n    echo "2024-12-11"\n    echo "2024-12-18"\n\n    echo "2024-12-11"\n    echo "2024-12-18"\n']
[2024-12-12T18:17:52.877+0530] {subprocess.py:99} INFO - Output:
[2024-12-12T18:17:52.881+0530] {subprocess.py:106} INFO - 2024-12-11
[2024-12-12T18:17:52.881+0530] {subprocess.py:106} INFO - 2024-12-18
[2024-12-12T18:17:52.882+0530] {subprocess.py:106} INFO - 2024-12-11
[2024-12-12T18:17:52.882+0530] {subprocess.py:106} INFO - 2024-12-18
[2024-12-12T18:17:52.883+0530] {subprocess.py:106} INFO - 2024-12-11
[2024-12-12T18:17:52.885+0530] {subprocess.py:106} INFO - 2024-12-18
[2024-12-12T18:17:52.886+0530] {subprocess.py:106} INFO - 2024-12-11
[2024-12-12T18:17:52.887+0530] {subprocess.py:106} INFO - 2024-12-18
[2024-12-12T18:17:52.888+0530] {subprocess.py:106} INFO - 2024-12-11
[2024-12-12T18:17:52.888+0530] {subprocess.py:106} INFO - 2024-12-18
[2024-12-12T18:17:52.889+0530] {subprocess.py:110} INFO - Command exited with return code 0
[2024-12-12T18:17:52.918+0530] {taskinstance.py:340} INFO - ::group::Post task execution logs
[2024-12-12T18:17:52.920+0530] {taskinstance.py:352} INFO - Marking task as SUCCESS. dag_id=tutorial, task_id=templated, run_id=scheduled__2024-12-11T00:00:00+00:00, execution_date=20241211T000000, start_date=20241212T124752, end_date=20241212T124752
[2024-12-12T18:17:52.936+0530] {logging_mixin.py:190} INFO - Task instance in success state
[2024-12-12T18:17:52.936+0530] {logging_mixin.py:190} INFO -  Previous state of the Task instance: running
[2024-12-12T18:17:52.937+0530] {logging_mixin.py:190} INFO - Dag name:tutorial queued_at:2024-12-12 12:47:15.286036+00:00
[2024-12-12T18:17:52.937+0530] {logging_mixin.py:190} INFO - Task hostname:Jayeshs-MacBook-Air.local operator:BashOperator
[2024-12-12T18:17:52.949+0530] {local_task_job_runner.py:266} INFO - Task exited with return code 0
[2024-12-12T18:17:52.971+0530] {taskinstance.py:3895} INFO - 0 downstream tasks scheduled from follow-on schedule check
[2024-12-12T18:17:52.974+0530] {local_task_job_runner.py:245} INFO - ::endgroup::
