[2024-12-19T22:02:44.101+0530] {local_task_job_runner.py:123} INFO - ::group::Pre task execution logs
[2024-12-19T22:02:44.114+0530] {taskinstance.py:2613} INFO - Dependencies all met for dep_context=non-requeueable deps ti=<TaskInstance: movie_pipeline.parse_collection_page backfill__2024-12-16T00:00:00+00:00 [queued]>
[2024-12-19T22:02:44.125+0530] {taskinstance.py:2613} INFO - Dependencies all met for dep_context=requeueable deps ti=<TaskInstance: movie_pipeline.parse_collection_page backfill__2024-12-16T00:00:00+00:00 [queued]>
[2024-12-19T22:02:44.126+0530] {taskinstance.py:2866} INFO - Starting attempt 2 of 2
[2024-12-19T22:02:44.144+0530] {taskinstance.py:2889} INFO - Executing <Task(PythonOperator): parse_collection_page> on 2024-12-16 00:00:00+00:00
[2024-12-19T22:02:44.152+0530] {logging_mixin.py:190} WARNING - /Users/jayesh/Desktop/Personal Work/Movie_data_pipeline/.venv/lib/python3.12/site-packages/airflow/task/task_runner/standard_task_runner.py:70 DeprecationWarning: This process (pid=56089) is multi-threaded, use of fork() may lead to deadlocks in the child.
[2024-12-19T22:02:44.154+0530] {standard_task_runner.py:72} INFO - Started process 56105 to run task
[2024-12-19T22:02:44.158+0530] {standard_task_runner.py:104} INFO - Running: ['airflow', 'tasks', 'run', 'movie_pipeline', 'parse_collection_page', 'backfill__2024-12-16T00:00:00+00:00', '--job-id', '280', '--pool', 'default_pool', '--raw', '--subdir', 'DAGS_FOLDER/pipeline_dag.py', '--cfg-path', '/var/folders/h6/l2cjrfls77b6_h6zs5w5vn4r0000gn/T/tmp2ykdnny4']
[2024-12-19T22:02:44.161+0530] {standard_task_runner.py:105} INFO - Job 280: Subtask parse_collection_page
[2024-12-19T22:02:44.215+0530] {task_command.py:467} INFO - Running <TaskInstance: movie_pipeline.parse_collection_page backfill__2024-12-16T00:00:00+00:00 [running]> on host Jayeshs-MacBook-Air.local
[2024-12-19T22:02:44.308+0530] {taskinstance.py:3132} INFO - Exporting env vars: AIRFLOW_CTX_DAG_OWNER='airflow' AIRFLOW_CTX_DAG_ID='movie_pipeline' AIRFLOW_CTX_TASK_ID='parse_collection_page' AIRFLOW_CTX_EXECUTION_DATE='2024-12-16T00:00:00+00:00' AIRFLOW_CTX_TRY_NUMBER='2' AIRFLOW_CTX_DAG_RUN_ID='backfill__2024-12-16T00:00:00+00:00'
[2024-12-19T22:02:44.310+0530] {logging_mixin.py:190} INFO - Task instance is in running state
[2024-12-19T22:02:44.311+0530] {logging_mixin.py:190} INFO -  Previous state of the Task instance: queued
[2024-12-19T22:02:44.311+0530] {logging_mixin.py:190} INFO - Current task name:parse_collection_page state:running start_date:2024-12-19 16:32:44.115293+00:00
[2024-12-19T22:02:44.312+0530] {logging_mixin.py:190} INFO - Dag name:movie_pipeline and current dag run status:running
[2024-12-19T22:02:44.313+0530] {taskinstance.py:731} INFO - ::endgroup::
[2024-12-19T22:02:44.382+0530] {parse.py:68} INFO - Row number: 0 in collection page
[2024-12-19T22:02:44.385+0530] {parse.py:68} INFO - Row number: 1 in collection page
[2024-12-19T22:02:44.386+0530] {parse.py:76} INFO - Cell number: 0 in Row number: 1
[2024-12-19T22:02:44.387+0530] {parse.py:76} INFO - Cell number: 1 in Row number: 1
[2024-12-19T22:02:44.389+0530] {parse.py:76} INFO - Cell number: 2 in Row number: 1
[2024-12-19T22:02:44.390+0530] {parse.py:76} INFO - Cell number: 3 in Row number: 1
[2024-12-19T22:02:44.391+0530] {parse.py:76} INFO - Cell number: 4 in Row number: 1
[2024-12-19T22:02:44.392+0530] {parse.py:76} INFO - Cell number: 5 in Row number: 1
[2024-12-19T22:02:44.393+0530] {parse.py:76} INFO - Cell number: 6 in Row number: 1
[2024-12-19T22:02:44.394+0530] {parse.py:76} INFO - Cell number: 7 in Row number: 1
[2024-12-19T22:02:44.394+0530] {parse.py:76} INFO - Cell number: 8 in Row number: 1
[2024-12-19T22:02:44.395+0530] {parse.py:76} INFO - Cell number: 9 in Row number: 1
[2024-12-19T22:02:44.396+0530] {parse.py:76} INFO - Cell number: 10 in Row number: 1
[2024-12-19T22:02:44.398+0530] {parse.py:76} INFO - Cell number: 11 in Row number: 1
[2024-12-19T22:02:44.400+0530] {parse.py:76} INFO - Cell number: 12 in Row number: 1
[2024-12-19T22:02:44.401+0530] {parse.py:68} INFO - Row number: 2 in collection page
[2024-12-19T22:02:44.403+0530] {parse.py:76} INFO - Cell number: 0 in Row number: 2
[2024-12-19T22:02:44.403+0530] {parse.py:76} INFO - Cell number: 1 in Row number: 2
[2024-12-19T22:02:44.406+0530] {parse.py:76} INFO - Cell number: 2 in Row number: 2
[2024-12-19T22:02:44.407+0530] {parse.py:76} INFO - Cell number: 3 in Row number: 2
[2024-12-19T22:02:44.411+0530] {parse.py:76} INFO - Cell number: 4 in Row number: 2
[2024-12-19T22:02:44.413+0530] {parse.py:76} INFO - Cell number: 5 in Row number: 2
[2024-12-19T22:02:44.414+0530] {parse.py:76} INFO - Cell number: 6 in Row number: 2
[2024-12-19T22:02:44.416+0530] {parse.py:76} INFO - Cell number: 7 in Row number: 2
[2024-12-19T22:02:44.417+0530] {parse.py:76} INFO - Cell number: 8 in Row number: 2
[2024-12-19T22:02:44.418+0530] {parse.py:76} INFO - Cell number: 9 in Row number: 2
[2024-12-19T22:02:44.419+0530] {parse.py:76} INFO - Cell number: 10 in Row number: 2
[2024-12-19T22:02:44.420+0530] {parse.py:76} INFO - Cell number: 11 in Row number: 2
[2024-12-19T22:02:44.423+0530] {parse.py:76} INFO - Cell number: 12 in Row number: 2
[2024-12-19T22:02:44.424+0530] {parse.py:68} INFO - Row number: 3 in collection page
[2024-12-19T22:02:44.425+0530] {parse.py:76} INFO - Cell number: 0 in Row number: 3
[2024-12-19T22:02:44.426+0530] {parse.py:76} INFO - Cell number: 1 in Row number: 3
[2024-12-19T22:02:44.426+0530] {parse.py:76} INFO - Cell number: 2 in Row number: 3
[2024-12-19T22:02:44.427+0530] {parse.py:76} INFO - Cell number: 3 in Row number: 3
[2024-12-19T22:02:44.428+0530] {parse.py:76} INFO - Cell number: 4 in Row number: 3
[2024-12-19T22:02:44.429+0530] {parse.py:76} INFO - Cell number: 5 in Row number: 3
[2024-12-19T22:02:44.431+0530] {parse.py:76} INFO - Cell number: 6 in Row number: 3
[2024-12-19T22:02:44.433+0530] {parse.py:76} INFO - Cell number: 7 in Row number: 3
[2024-12-19T22:02:44.434+0530] {parse.py:76} INFO - Cell number: 8 in Row number: 3
[2024-12-19T22:02:44.435+0530] {parse.py:76} INFO - Cell number: 9 in Row number: 3
[2024-12-19T22:02:44.436+0530] {parse.py:76} INFO - Cell number: 10 in Row number: 3
[2024-12-19T22:02:44.437+0530] {parse.py:76} INFO - Cell number: 11 in Row number: 3
[2024-12-19T22:02:44.440+0530] {parse.py:76} INFO - Cell number: 12 in Row number: 3
[2024-12-19T22:02:44.442+0530] {parse.py:68} INFO - Row number: 4 in collection page
[2024-12-19T22:02:44.443+0530] {parse.py:76} INFO - Cell number: 0 in Row number: 4
[2024-12-19T22:02:44.444+0530] {parse.py:76} INFO - Cell number: 1 in Row number: 4
[2024-12-19T22:02:44.445+0530] {parse.py:76} INFO - Cell number: 2 in Row number: 4
[2024-12-19T22:02:44.447+0530] {parse.py:76} INFO - Cell number: 3 in Row number: 4
[2024-12-19T22:02:44.449+0530] {parse.py:76} INFO - Cell number: 4 in Row number: 4
[2024-12-19T22:02:44.452+0530] {parse.py:76} INFO - Cell number: 5 in Row number: 4
[2024-12-19T22:02:44.453+0530] {parse.py:76} INFO - Cell number: 6 in Row number: 4
[2024-12-19T22:02:44.454+0530] {parse.py:76} INFO - Cell number: 7 in Row number: 4
[2024-12-19T22:02:44.455+0530] {parse.py:76} INFO - Cell number: 8 in Row number: 4
[2024-12-19T22:02:44.457+0530] {parse.py:76} INFO - Cell number: 9 in Row number: 4
[2024-12-19T22:02:44.458+0530] {parse.py:76} INFO - Cell number: 10 in Row number: 4
[2024-12-19T22:02:44.458+0530] {parse.py:76} INFO - Cell number: 11 in Row number: 4
[2024-12-19T22:02:44.459+0530] {parse.py:76} INFO - Cell number: 12 in Row number: 4
[2024-12-19T22:02:44.460+0530] {parse.py:68} INFO - Row number: 5 in collection page
[2024-12-19T22:02:44.461+0530] {parse.py:76} INFO - Cell number: 0 in Row number: 5
[2024-12-19T22:02:44.464+0530] {parse.py:76} INFO - Cell number: 1 in Row number: 5
[2024-12-19T22:02:44.465+0530] {parse.py:76} INFO - Cell number: 2 in Row number: 5
[2024-12-19T22:02:44.466+0530] {parse.py:76} INFO - Cell number: 3 in Row number: 5
[2024-12-19T22:02:44.468+0530] {parse.py:76} INFO - Cell number: 4 in Row number: 5
[2024-12-19T22:02:44.469+0530] {parse.py:76} INFO - Cell number: 5 in Row number: 5
[2024-12-19T22:02:44.470+0530] {parse.py:76} INFO - Cell number: 6 in Row number: 5
[2024-12-19T22:02:44.471+0530] {parse.py:76} INFO - Cell number: 7 in Row number: 5
[2024-12-19T22:02:44.473+0530] {parse.py:76} INFO - Cell number: 8 in Row number: 5
[2024-12-19T22:02:44.474+0530] {parse.py:76} INFO - Cell number: 9 in Row number: 5
[2024-12-19T22:02:44.475+0530] {parse.py:76} INFO - Cell number: 10 in Row number: 5
[2024-12-19T22:02:44.477+0530] {parse.py:76} INFO - Cell number: 11 in Row number: 5
[2024-12-19T22:02:44.479+0530] {parse.py:76} INFO - Cell number: 12 in Row number: 5
[2024-12-19T22:02:44.481+0530] {parse.py:68} INFO - Row number: 6 in collection page
[2024-12-19T22:02:44.483+0530] {parse.py:76} INFO - Cell number: 0 in Row number: 6
[2024-12-19T22:02:44.483+0530] {parse.py:76} INFO - Cell number: 1 in Row number: 6
[2024-12-19T22:02:44.484+0530] {parse.py:76} INFO - Cell number: 2 in Row number: 6
[2024-12-19T22:02:44.485+0530] {parse.py:76} INFO - Cell number: 3 in Row number: 6
[2024-12-19T22:02:44.486+0530] {parse.py:76} INFO - Cell number: 4 in Row number: 6
[2024-12-19T22:02:44.486+0530] {parse.py:76} INFO - Cell number: 5 in Row number: 6
[2024-12-19T22:02:44.490+0530] {parse.py:76} INFO - Cell number: 6 in Row number: 6
[2024-12-19T22:02:44.493+0530] {parse.py:76} INFO - Cell number: 7 in Row number: 6
[2024-12-19T22:02:44.493+0530] {parse.py:76} INFO - Cell number: 8 in Row number: 6
[2024-12-19T22:02:44.495+0530] {parse.py:76} INFO - Cell number: 9 in Row number: 6
[2024-12-19T22:02:44.502+0530] {parse.py:76} INFO - Cell number: 10 in Row number: 6
[2024-12-19T22:02:44.508+0530] {parse.py:76} INFO - Cell number: 11 in Row number: 6
[2024-12-19T22:02:44.509+0530] {parse.py:76} INFO - Cell number: 12 in Row number: 6
[2024-12-19T22:02:44.510+0530] {parse.py:68} INFO - Row number: 7 in collection page
[2024-12-19T22:02:44.511+0530] {parse.py:76} INFO - Cell number: 0 in Row number: 7
[2024-12-19T22:02:44.512+0530] {parse.py:76} INFO - Cell number: 1 in Row number: 7
[2024-12-19T22:02:44.513+0530] {parse.py:76} INFO - Cell number: 2 in Row number: 7
[2024-12-19T22:02:44.514+0530] {parse.py:76} INFO - Cell number: 3 in Row number: 7
[2024-12-19T22:02:44.518+0530] {parse.py:76} INFO - Cell number: 4 in Row number: 7
[2024-12-19T22:02:44.523+0530] {parse.py:76} INFO - Cell number: 5 in Row number: 7
[2024-12-19T22:02:44.524+0530] {parse.py:76} INFO - Cell number: 6 in Row number: 7
[2024-12-19T22:02:44.525+0530] {parse.py:76} INFO - Cell number: 7 in Row number: 7
[2024-12-19T22:02:44.526+0530] {parse.py:76} INFO - Cell number: 8 in Row number: 7
[2024-12-19T22:02:44.526+0530] {parse.py:76} INFO - Cell number: 9 in Row number: 7
[2024-12-19T22:02:44.527+0530] {parse.py:76} INFO - Cell number: 10 in Row number: 7
[2024-12-19T22:02:44.532+0530] {parse.py:76} INFO - Cell number: 11 in Row number: 7
[2024-12-19T22:02:44.533+0530] {parse.py:76} INFO - Cell number: 12 in Row number: 7
[2024-12-19T22:02:44.533+0530] {parse.py:68} INFO - Row number: 8 in collection page
[2024-12-19T22:02:44.535+0530] {parse.py:76} INFO - Cell number: 0 in Row number: 8
[2024-12-19T22:02:44.535+0530] {parse.py:76} INFO - Cell number: 1 in Row number: 8
[2024-12-19T22:02:44.536+0530] {parse.py:76} INFO - Cell number: 2 in Row number: 8
[2024-12-19T22:02:44.537+0530] {parse.py:76} INFO - Cell number: 3 in Row number: 8
[2024-12-19T22:02:44.538+0530] {parse.py:76} INFO - Cell number: 4 in Row number: 8
[2024-12-19T22:02:44.541+0530] {parse.py:76} INFO - Cell number: 5 in Row number: 8
[2024-12-19T22:02:44.541+0530] {parse.py:76} INFO - Cell number: 6 in Row number: 8
[2024-12-19T22:02:44.542+0530] {parse.py:76} INFO - Cell number: 7 in Row number: 8
[2024-12-19T22:02:44.543+0530] {parse.py:76} INFO - Cell number: 8 in Row number: 8
[2024-12-19T22:02:44.544+0530] {parse.py:76} INFO - Cell number: 9 in Row number: 8
[2024-12-19T22:02:44.544+0530] {parse.py:76} INFO - Cell number: 10 in Row number: 8
[2024-12-19T22:02:44.545+0530] {parse.py:76} INFO - Cell number: 11 in Row number: 8
[2024-12-19T22:02:44.546+0530] {parse.py:76} INFO - Cell number: 12 in Row number: 8
[2024-12-19T22:02:44.547+0530] {parse.py:68} INFO - Row number: 9 in collection page
[2024-12-19T22:02:44.548+0530] {parse.py:76} INFO - Cell number: 0 in Row number: 9
[2024-12-19T22:02:44.549+0530] {parse.py:76} INFO - Cell number: 1 in Row number: 9
[2024-12-19T22:02:44.550+0530] {parse.py:76} INFO - Cell number: 2 in Row number: 9
[2024-12-19T22:02:44.551+0530] {parse.py:76} INFO - Cell number: 3 in Row number: 9
[2024-12-19T22:02:44.551+0530] {parse.py:76} INFO - Cell number: 4 in Row number: 9
[2024-12-19T22:02:44.552+0530] {parse.py:76} INFO - Cell number: 5 in Row number: 9
[2024-12-19T22:02:44.553+0530] {parse.py:76} INFO - Cell number: 6 in Row number: 9
[2024-12-19T22:02:44.554+0530] {parse.py:76} INFO - Cell number: 7 in Row number: 9
[2024-12-19T22:02:44.557+0530] {parse.py:76} INFO - Cell number: 8 in Row number: 9
[2024-12-19T22:02:44.558+0530] {parse.py:76} INFO - Cell number: 9 in Row number: 9
[2024-12-19T22:02:44.559+0530] {parse.py:76} INFO - Cell number: 10 in Row number: 9
[2024-12-19T22:02:44.559+0530] {parse.py:76} INFO - Cell number: 11 in Row number: 9
[2024-12-19T22:02:44.560+0530] {parse.py:76} INFO - Cell number: 12 in Row number: 9
[2024-12-19T22:02:44.561+0530] {parse.py:68} INFO - Row number: 10 in collection page
[2024-12-19T22:02:44.562+0530] {parse.py:76} INFO - Cell number: 0 in Row number: 10
[2024-12-19T22:02:44.563+0530] {parse.py:76} INFO - Cell number: 1 in Row number: 10
[2024-12-19T22:02:44.563+0530] {parse.py:76} INFO - Cell number: 2 in Row number: 10
[2024-12-19T22:02:44.565+0530] {parse.py:76} INFO - Cell number: 3 in Row number: 10
[2024-12-19T22:02:44.566+0530] {parse.py:76} INFO - Cell number: 4 in Row number: 10
[2024-12-19T22:02:44.566+0530] {parse.py:76} INFO - Cell number: 5 in Row number: 10
[2024-12-19T22:02:44.567+0530] {parse.py:76} INFO - Cell number: 6 in Row number: 10
[2024-12-19T22:02:44.568+0530] {parse.py:76} INFO - Cell number: 7 in Row number: 10
[2024-12-19T22:02:44.569+0530] {parse.py:76} INFO - Cell number: 8 in Row number: 10
[2024-12-19T22:02:44.569+0530] {parse.py:76} INFO - Cell number: 9 in Row number: 10
[2024-12-19T22:02:44.570+0530] {parse.py:76} INFO - Cell number: 10 in Row number: 10
[2024-12-19T22:02:44.573+0530] {parse.py:76} INFO - Cell number: 11 in Row number: 10
[2024-12-19T22:02:44.574+0530] {parse.py:76} INFO - Cell number: 12 in Row number: 10
[2024-12-19T22:02:44.576+0530] {parse.py:68} INFO - Row number: 11 in collection page
[2024-12-19T22:02:44.577+0530] {parse.py:76} INFO - Cell number: 0 in Row number: 11
[2024-12-19T22:02:44.579+0530] {parse.py:76} INFO - Cell number: 1 in Row number: 11
[2024-12-19T22:02:44.580+0530] {parse.py:76} INFO - Cell number: 2 in Row number: 11
[2024-12-19T22:02:44.581+0530] {parse.py:76} INFO - Cell number: 3 in Row number: 11
[2024-12-19T22:02:44.582+0530] {parse.py:76} INFO - Cell number: 4 in Row number: 11
[2024-12-19T22:02:44.583+0530] {parse.py:76} INFO - Cell number: 5 in Row number: 11
[2024-12-19T22:02:44.584+0530] {parse.py:76} INFO - Cell number: 6 in Row number: 11
[2024-12-19T22:02:44.585+0530] {parse.py:76} INFO - Cell number: 7 in Row number: 11
[2024-12-19T22:02:44.586+0530] {parse.py:76} INFO - Cell number: 8 in Row number: 11
[2024-12-19T22:02:44.586+0530] {parse.py:76} INFO - Cell number: 9 in Row number: 11
[2024-12-19T22:02:44.587+0530] {parse.py:76} INFO - Cell number: 10 in Row number: 11
[2024-12-19T22:02:44.590+0530] {parse.py:76} INFO - Cell number: 11 in Row number: 11
[2024-12-19T22:02:44.591+0530] {parse.py:76} INFO - Cell number: 12 in Row number: 11
[2024-12-19T22:02:44.592+0530] {parse.py:68} INFO - Row number: 12 in collection page
[2024-12-19T22:02:44.593+0530] {parse.py:76} INFO - Cell number: 0 in Row number: 12
[2024-12-19T22:02:44.594+0530] {parse.py:76} INFO - Cell number: 1 in Row number: 12
[2024-12-19T22:02:44.594+0530] {parse.py:76} INFO - Cell number: 2 in Row number: 12
[2024-12-19T22:02:44.595+0530] {parse.py:76} INFO - Cell number: 3 in Row number: 12
[2024-12-19T22:02:44.597+0530] {parse.py:76} INFO - Cell number: 4 in Row number: 12
[2024-12-19T22:02:44.598+0530] {parse.py:76} INFO - Cell number: 5 in Row number: 12
[2024-12-19T22:02:44.599+0530] {parse.py:76} INFO - Cell number: 6 in Row number: 12
[2024-12-19T22:02:44.600+0530] {parse.py:76} INFO - Cell number: 7 in Row number: 12
[2024-12-19T22:02:44.601+0530] {parse.py:76} INFO - Cell number: 8 in Row number: 12
[2024-12-19T22:02:44.602+0530] {parse.py:76} INFO - Cell number: 9 in Row number: 12
[2024-12-19T22:02:44.602+0530] {parse.py:76} INFO - Cell number: 10 in Row number: 12
[2024-12-19T22:02:44.603+0530] {parse.py:76} INFO - Cell number: 11 in Row number: 12
[2024-12-19T22:02:44.604+0530] {parse.py:76} INFO - Cell number: 12 in Row number: 12
[2024-12-19T22:02:44.607+0530] {parse.py:68} INFO - Row number: 13 in collection page
[2024-12-19T22:02:44.608+0530] {parse.py:76} INFO - Cell number: 0 in Row number: 13
[2024-12-19T22:02:44.609+0530] {parse.py:76} INFO - Cell number: 1 in Row number: 13
[2024-12-19T22:02:44.609+0530] {parse.py:76} INFO - Cell number: 2 in Row number: 13
[2024-12-19T22:02:44.610+0530] {parse.py:76} INFO - Cell number: 3 in Row number: 13
[2024-12-19T22:02:44.611+0530] {parse.py:76} INFO - Cell number: 4 in Row number: 13
[2024-12-19T22:02:44.612+0530] {parse.py:76} INFO - Cell number: 5 in Row number: 13
[2024-12-19T22:02:44.613+0530] {parse.py:76} INFO - Cell number: 6 in Row number: 13
[2024-12-19T22:02:44.614+0530] {parse.py:76} INFO - Cell number: 7 in Row number: 13
[2024-12-19T22:02:44.615+0530] {parse.py:76} INFO - Cell number: 8 in Row number: 13
[2024-12-19T22:02:44.616+0530] {parse.py:76} INFO - Cell number: 9 in Row number: 13
[2024-12-19T22:02:44.617+0530] {parse.py:76} INFO - Cell number: 10 in Row number: 13
[2024-12-19T22:02:44.618+0530] {parse.py:76} INFO - Cell number: 11 in Row number: 13
[2024-12-19T22:02:44.619+0530] {parse.py:76} INFO - Cell number: 12 in Row number: 13
[2024-12-19T22:02:44.619+0530] {parse.py:68} INFO - Row number: 14 in collection page
[2024-12-19T22:02:44.620+0530] {parse.py:76} INFO - Cell number: 0 in Row number: 14
[2024-12-19T22:02:44.623+0530] {parse.py:76} INFO - Cell number: 1 in Row number: 14
[2024-12-19T22:02:44.624+0530] {parse.py:76} INFO - Cell number: 2 in Row number: 14
[2024-12-19T22:02:44.625+0530] {parse.py:76} INFO - Cell number: 3 in Row number: 14
[2024-12-19T22:02:44.626+0530] {parse.py:76} INFO - Cell number: 4 in Row number: 14
[2024-12-19T22:02:44.626+0530] {parse.py:76} INFO - Cell number: 5 in Row number: 14
[2024-12-19T22:02:44.627+0530] {parse.py:76} INFO - Cell number: 6 in Row number: 14
[2024-12-19T22:02:44.628+0530] {parse.py:76} INFO - Cell number: 7 in Row number: 14
[2024-12-19T22:02:44.629+0530] {parse.py:76} INFO - Cell number: 8 in Row number: 14
[2024-12-19T22:02:44.631+0530] {parse.py:76} INFO - Cell number: 9 in Row number: 14
[2024-12-19T22:02:44.631+0530] {parse.py:76} INFO - Cell number: 10 in Row number: 14
[2024-12-19T22:02:44.632+0530] {parse.py:76} INFO - Cell number: 11 in Row number: 14
[2024-12-19T22:02:44.633+0530] {parse.py:76} INFO - Cell number: 12 in Row number: 14
[2024-12-19T22:02:44.634+0530] {parse.py:68} INFO - Row number: 15 in collection page
[2024-12-19T22:02:44.635+0530] {parse.py:76} INFO - Cell number: 0 in Row number: 15
[2024-12-19T22:02:44.636+0530] {parse.py:76} INFO - Cell number: 1 in Row number: 15
[2024-12-19T22:02:44.636+0530] {parse.py:76} INFO - Cell number: 2 in Row number: 15
[2024-12-19T22:02:44.637+0530] {parse.py:76} INFO - Cell number: 3 in Row number: 15
[2024-12-19T22:02:44.640+0530] {parse.py:76} INFO - Cell number: 4 in Row number: 15
[2024-12-19T22:02:44.641+0530] {parse.py:76} INFO - Cell number: 5 in Row number: 15
[2024-12-19T22:02:44.642+0530] {parse.py:76} INFO - Cell number: 6 in Row number: 15
[2024-12-19T22:02:44.643+0530] {parse.py:76} INFO - Cell number: 7 in Row number: 15
[2024-12-19T22:02:44.643+0530] {parse.py:76} INFO - Cell number: 8 in Row number: 15
[2024-12-19T22:02:44.644+0530] {parse.py:76} INFO - Cell number: 9 in Row number: 15
[2024-12-19T22:02:44.645+0530] {parse.py:76} INFO - Cell number: 10 in Row number: 15
[2024-12-19T22:02:44.646+0530] {parse.py:76} INFO - Cell number: 11 in Row number: 15
[2024-12-19T22:02:44.648+0530] {parse.py:76} INFO - Cell number: 12 in Row number: 15
[2024-12-19T22:02:44.649+0530] {parse.py:68} INFO - Row number: 16 in collection page
[2024-12-19T22:02:44.649+0530] {parse.py:76} INFO - Cell number: 0 in Row number: 16
[2024-12-19T22:02:44.650+0530] {parse.py:76} INFO - Cell number: 1 in Row number: 16
[2024-12-19T22:02:44.652+0530] {parse.py:76} INFO - Cell number: 2 in Row number: 16
[2024-12-19T22:02:44.653+0530] {parse.py:76} INFO - Cell number: 3 in Row number: 16
[2024-12-19T22:02:44.653+0530] {parse.py:76} INFO - Cell number: 4 in Row number: 16
[2024-12-19T22:02:44.654+0530] {parse.py:76} INFO - Cell number: 5 in Row number: 16
[2024-12-19T22:02:44.658+0530] {parse.py:76} INFO - Cell number: 6 in Row number: 16
[2024-12-19T22:02:44.658+0530] {parse.py:76} INFO - Cell number: 7 in Row number: 16
[2024-12-19T22:02:44.659+0530] {parse.py:76} INFO - Cell number: 8 in Row number: 16
[2024-12-19T22:02:44.660+0530] {parse.py:76} INFO - Cell number: 9 in Row number: 16
[2024-12-19T22:02:44.661+0530] {parse.py:76} INFO - Cell number: 10 in Row number: 16
[2024-12-19T22:02:44.661+0530] {parse.py:76} INFO - Cell number: 11 in Row number: 16
[2024-12-19T22:02:44.662+0530] {parse.py:76} INFO - Cell number: 12 in Row number: 16
[2024-12-19T22:02:44.663+0530] {parse.py:68} INFO - Row number: 17 in collection page
[2024-12-19T22:02:44.664+0530] {parse.py:76} INFO - Cell number: 0 in Row number: 17
[2024-12-19T22:02:44.665+0530] {parse.py:76} INFO - Cell number: 1 in Row number: 17
[2024-12-19T22:02:44.666+0530] {parse.py:76} INFO - Cell number: 2 in Row number: 17
[2024-12-19T22:02:44.667+0530] {parse.py:76} INFO - Cell number: 3 in Row number: 17
[2024-12-19T22:02:44.667+0530] {parse.py:76} INFO - Cell number: 4 in Row number: 17
[2024-12-19T22:02:44.668+0530] {parse.py:76} INFO - Cell number: 5 in Row number: 17
[2024-12-19T22:02:44.669+0530] {parse.py:76} INFO - Cell number: 6 in Row number: 17
[2024-12-19T22:02:44.669+0530] {parse.py:76} INFO - Cell number: 7 in Row number: 17
[2024-12-19T22:02:44.670+0530] {parse.py:76} INFO - Cell number: 8 in Row number: 17
[2024-12-19T22:02:44.671+0530] {parse.py:76} INFO - Cell number: 9 in Row number: 17
[2024-12-19T22:02:44.674+0530] {parse.py:76} INFO - Cell number: 10 in Row number: 17
[2024-12-19T22:02:44.675+0530] {parse.py:76} INFO - Cell number: 11 in Row number: 17
[2024-12-19T22:02:44.675+0530] {parse.py:76} INFO - Cell number: 12 in Row number: 17
[2024-12-19T22:02:44.676+0530] {parse.py:68} INFO - Row number: 18 in collection page
[2024-12-19T22:02:44.677+0530] {parse.py:76} INFO - Cell number: 0 in Row number: 18
[2024-12-19T22:02:44.678+0530] {parse.py:76} INFO - Cell number: 1 in Row number: 18
[2024-12-19T22:02:44.679+0530] {parse.py:76} INFO - Cell number: 2 in Row number: 18
[2024-12-19T22:02:44.680+0530] {parse.py:76} INFO - Cell number: 3 in Row number: 18
[2024-12-19T22:02:44.681+0530] {parse.py:76} INFO - Cell number: 4 in Row number: 18
[2024-12-19T22:02:44.682+0530] {parse.py:76} INFO - Cell number: 5 in Row number: 18
[2024-12-19T22:02:44.683+0530] {parse.py:76} INFO - Cell number: 6 in Row number: 18
[2024-12-19T22:02:44.683+0530] {parse.py:76} INFO - Cell number: 7 in Row number: 18
[2024-12-19T22:02:44.684+0530] {parse.py:76} INFO - Cell number: 8 in Row number: 18
[2024-12-19T22:02:44.685+0530] {parse.py:76} INFO - Cell number: 9 in Row number: 18
[2024-12-19T22:02:44.685+0530] {parse.py:76} INFO - Cell number: 10 in Row number: 18
[2024-12-19T22:02:44.686+0530] {parse.py:76} INFO - Cell number: 11 in Row number: 18
[2024-12-19T22:02:44.687+0530] {parse.py:76} INFO - Cell number: 12 in Row number: 18
[2024-12-19T22:02:44.687+0530] {parse.py:68} INFO - Row number: 19 in collection page
[2024-12-19T22:02:44.691+0530] {parse.py:76} INFO - Cell number: 0 in Row number: 19
[2024-12-19T22:02:44.692+0530] {parse.py:76} INFO - Cell number: 1 in Row number: 19
[2024-12-19T22:02:44.692+0530] {parse.py:76} INFO - Cell number: 2 in Row number: 19
[2024-12-19T22:02:44.693+0530] {parse.py:76} INFO - Cell number: 3 in Row number: 19
[2024-12-19T22:02:44.694+0530] {parse.py:76} INFO - Cell number: 4 in Row number: 19
[2024-12-19T22:02:44.696+0530] {parse.py:76} INFO - Cell number: 5 in Row number: 19
[2024-12-19T22:02:44.698+0530] {parse.py:76} INFO - Cell number: 6 in Row number: 19
[2024-12-19T22:02:44.699+0530] {parse.py:76} INFO - Cell number: 7 in Row number: 19
[2024-12-19T22:02:44.700+0530] {parse.py:76} INFO - Cell number: 8 in Row number: 19
[2024-12-19T22:02:44.701+0530] {parse.py:76} INFO - Cell number: 9 in Row number: 19
[2024-12-19T22:02:44.702+0530] {parse.py:76} INFO - Cell number: 10 in Row number: 19
[2024-12-19T22:02:44.703+0530] {parse.py:76} INFO - Cell number: 11 in Row number: 19
[2024-12-19T22:02:44.704+0530] {parse.py:76} INFO - Cell number: 12 in Row number: 19
[2024-12-19T22:02:44.706+0530] {parse.py:68} INFO - Row number: 20 in collection page
[2024-12-19T22:02:44.708+0530] {parse.py:76} INFO - Cell number: 0 in Row number: 20
[2024-12-19T22:02:44.708+0530] {parse.py:76} INFO - Cell number: 1 in Row number: 20
[2024-12-19T22:02:44.709+0530] {parse.py:76} INFO - Cell number: 2 in Row number: 20
[2024-12-19T22:02:44.710+0530] {parse.py:76} INFO - Cell number: 3 in Row number: 20
[2024-12-19T22:02:44.711+0530] {parse.py:76} INFO - Cell number: 4 in Row number: 20
[2024-12-19T22:02:44.712+0530] {parse.py:76} INFO - Cell number: 5 in Row number: 20
[2024-12-19T22:02:44.713+0530] {parse.py:76} INFO - Cell number: 6 in Row number: 20
[2024-12-19T22:02:44.714+0530] {parse.py:76} INFO - Cell number: 7 in Row number: 20
[2024-12-19T22:02:44.715+0530] {parse.py:76} INFO - Cell number: 8 in Row number: 20
[2024-12-19T22:02:44.716+0530] {parse.py:76} INFO - Cell number: 9 in Row number: 20
[2024-12-19T22:02:44.717+0530] {parse.py:76} INFO - Cell number: 10 in Row number: 20
[2024-12-19T22:02:44.717+0530] {parse.py:76} INFO - Cell number: 11 in Row number: 20
[2024-12-19T22:02:44.718+0530] {parse.py:76} INFO - Cell number: 12 in Row number: 20
[2024-12-19T22:02:44.719+0530] {parse.py:68} INFO - Row number: 21 in collection page
[2024-12-19T22:02:44.720+0530] {parse.py:76} INFO - Cell number: 0 in Row number: 21
[2024-12-19T22:02:44.721+0530] {parse.py:76} INFO - Cell number: 1 in Row number: 21
[2024-12-19T22:02:44.724+0530] {parse.py:76} INFO - Cell number: 2 in Row number: 21
[2024-12-19T22:02:44.724+0530] {parse.py:76} INFO - Cell number: 3 in Row number: 21
[2024-12-19T22:02:44.726+0530] {parse.py:76} INFO - Cell number: 4 in Row number: 21
[2024-12-19T22:02:44.727+0530] {parse.py:76} INFO - Cell number: 5 in Row number: 21
[2024-12-19T22:02:44.729+0530] {parse.py:76} INFO - Cell number: 6 in Row number: 21
[2024-12-19T22:02:44.730+0530] {parse.py:76} INFO - Cell number: 7 in Row number: 21
[2024-12-19T22:02:44.732+0530] {parse.py:76} INFO - Cell number: 8 in Row number: 21
[2024-12-19T22:02:44.732+0530] {parse.py:76} INFO - Cell number: 9 in Row number: 21
[2024-12-19T22:02:44.733+0530] {parse.py:76} INFO - Cell number: 10 in Row number: 21
[2024-12-19T22:02:44.734+0530] {parse.py:76} INFO - Cell number: 11 in Row number: 21
[2024-12-19T22:02:44.735+0530] {parse.py:76} INFO - Cell number: 12 in Row number: 21
[2024-12-19T22:02:44.736+0530] {parse.py:96} INFO - collection page parsed for run date: 2024-12-16 and saved to path: run_20241216/collection_parsed_20241216.json
[2024-12-19T22:02:44.740+0530] {python.py:240} INFO - Done. Returned value was: run_20241216/collection_parsed_20241216.json
[2024-12-19T22:02:44.758+0530] {taskinstance.py:340} INFO - ::group::Post task execution logs
[2024-12-19T22:02:44.759+0530] {taskinstance.py:352} INFO - Marking task as SUCCESS. dag_id=movie_pipeline, task_id=parse_collection_page, run_id=backfill__2024-12-16T00:00:00+00:00, execution_date=20241216T000000, start_date=20241219T163244, end_date=20241219T163244
[2024-12-19T22:02:44.770+0530] {logging_mixin.py:190} INFO - Task instance in success state
[2024-12-19T22:02:44.771+0530] {logging_mixin.py:190} INFO -  Previous state of the Task instance: running
[2024-12-19T22:02:44.774+0530] {logging_mixin.py:190} INFO - Dag name:movie_pipeline queued_at:2024-12-19 16:32:17.221588+00:00
[2024-12-19T22:02:44.774+0530] {logging_mixin.py:190} INFO - Task hostname:Jayeshs-MacBook-Air.local operator:PythonOperator
[2024-12-19T22:02:44.811+0530] {local_task_job_runner.py:266} INFO - Task exited with return code 0
[2024-12-19T22:02:44.846+0530] {taskinstance.py:3895} INFO - 1 downstream tasks scheduled from follow-on schedule check
[2024-12-19T22:02:44.851+0530] {local_task_job_runner.py:245} INFO - ::endgroup::
