[2024-12-14T08:47:30.655+0530] {local_task_job_runner.py:123} INFO - ::group::Pre task execution logs
[2024-12-14T08:47:30.675+0530] {taskinstance.py:2613} INFO - Dependencies all met for dep_context=non-requeueable deps ti=<TaskInstance: movie_pipeline.task1 backfill__2024-12-10T00:00:00+00:00 [queued]>
[2024-12-14T08:47:30.689+0530] {taskinstance.py:2613} INFO - Dependencies all met for dep_context=requeueable deps ti=<TaskInstance: movie_pipeline.task1 backfill__2024-12-10T00:00:00+00:00 [queued]>
[2024-12-14T08:47:30.689+0530] {taskinstance.py:2866} INFO - Starting attempt 1 of 1
[2024-12-14T08:47:30.718+0530] {taskinstance.py:2889} INFO - Executing <Task(_PythonDecoratedOperator): task1> on 2024-12-10 00:00:00+00:00
[2024-12-14T08:47:30.732+0530] {logging_mixin.py:190} WARNING - /Users/jayesh/Desktop/Personal Work/Movie_data_pipeline/.venv/lib/python3.12/site-packages/airflow/task/task_runner/standard_task_runner.py:70 DeprecationWarning: This process (pid=28582) is multi-threaded, use of fork() may lead to deadlocks in the child.
[2024-12-14T08:47:30.735+0530] {standard_task_runner.py:72} INFO - Started process 28603 to run task
[2024-12-14T08:47:30.735+0530] {standard_task_runner.py:104} INFO - Running: ['airflow', 'tasks', 'run', 'movie_pipeline', 'task1', 'backfill__2024-12-10T00:00:00+00:00', '--job-id', '47', '--pool', 'default_pool', '--raw', '--subdir', 'DAGS_FOLDER/pipeline_dag.py', '--cfg-path', '/var/folders/h6/l2cjrfls77b6_h6zs5w5vn4r0000gn/T/tmpwxoiguf3']
[2024-12-14T08:47:30.746+0530] {standard_task_runner.py:105} INFO - Job 47: Subtask task1
[2024-12-14T08:47:30.836+0530] {task_command.py:467} INFO - Running <TaskInstance: movie_pipeline.task1 backfill__2024-12-10T00:00:00+00:00 [running]> on host Jayeshs-MacBook-Air.local
[2024-12-14T08:47:30.936+0530] {taskinstance.py:3132} INFO - Exporting env vars: AIRFLOW_CTX_DAG_OWNER='airflow' AIRFLOW_CTX_DAG_ID='movie_pipeline' AIRFLOW_CTX_TASK_ID='task1' AIRFLOW_CTX_EXECUTION_DATE='2024-12-10T00:00:00+00:00' AIRFLOW_CTX_TRY_NUMBER='1' AIRFLOW_CTX_DAG_RUN_ID='backfill__2024-12-10T00:00:00+00:00'
[2024-12-14T08:47:30.939+0530] {logging_mixin.py:190} INFO - Task instance is in running state
[2024-12-14T08:47:30.940+0530] {logging_mixin.py:190} INFO -  Previous state of the Task instance: queued
[2024-12-14T08:47:30.941+0530] {logging_mixin.py:190} INFO - Current task name:task1 state:running start_date:2024-12-14 03:17:30.675941+00:00
[2024-12-14T08:47:30.941+0530] {logging_mixin.py:190} INFO - Dag name:movie_pipeline and current dag run status:running
[2024-12-14T08:47:30.942+0530] {taskinstance.py:731} INFO - ::endgroup::
[2024-12-14T08:47:30.944+0530] {logging_mixin.py:190} INFO - 2023-12-10
[2024-12-14T08:47:30.949+0530] {logging_mixin.py:190} INFO - 2024-12-14 08:38:02.785872+05:30
[2024-12-14T08:47:30.950+0530] {python.py:240} INFO - Done. Returned value was: None
[2024-12-14T08:47:30.959+0530] {taskinstance.py:340} INFO - ::group::Post task execution logs
[2024-12-14T08:47:30.962+0530] {taskinstance.py:352} INFO - Marking task as SUCCESS. dag_id=movie_pipeline, task_id=task1, run_id=backfill__2024-12-10T00:00:00+00:00, execution_date=20241210T000000, start_date=20241214T031730, end_date=20241214T031730
[2024-12-14T08:47:30.973+0530] {logging_mixin.py:190} INFO - Task instance in success state
[2024-12-14T08:47:30.974+0530] {logging_mixin.py:190} INFO -  Previous state of the Task instance: running
[2024-12-14T08:47:30.974+0530] {logging_mixin.py:190} INFO - Dag name:movie_pipeline queued_at:None
[2024-12-14T08:47:30.975+0530] {logging_mixin.py:190} INFO - Task hostname:Jayeshs-MacBook-Air.local operator:_PythonDecoratedOperator
[2024-12-14T08:47:31.013+0530] {local_task_job_runner.py:266} INFO - Task exited with return code 0
[2024-12-14T08:47:31.040+0530] {taskinstance.py:3895} INFO - 0 downstream tasks scheduled from follow-on schedule check
[2024-12-14T08:47:31.041+0530] {local_task_job_runner.py:245} INFO - ::endgroup::
