[2024-12-27T12:51:03.843+0000] {local_task_job_runner.py:123} INFO - ::group::Pre task execution logs
[2024-12-27T12:51:04.539+0000] {taskinstance.py:2613} INFO - Dependencies all met for dep_context=non-requeueable deps ti=<TaskInstance: movie_pipeline.scrape_distributors manual__2024-12-27T11:38:32.797674+00:00 [queued]>
[2024-12-27T12:51:04.576+0000] {taskinstance.py:2613} INFO - Dependencies all met for dep_context=requeueable deps ti=<TaskInstance: movie_pipeline.scrape_distributors manual__2024-12-27T11:38:32.797674+00:00 [queued]>
[2024-12-27T12:51:04.580+0000] {taskinstance.py:2866} INFO - Starting attempt 1 of 1
[2024-12-27T12:51:04.643+0000] {taskinstance.py:2889} INFO - Executing <Task(PythonOperator): scrape_distributors> on 2024-12-27 11:38:32.797674+00:00
[2024-12-27T12:51:04.665+0000] {standard_task_runner.py:72} INFO - Started process 1380 to run task
[2024-12-27T12:51:04.690+0000] {standard_task_runner.py:104} INFO - Running: ['airflow', 'tasks', 'run', 'movie_pipeline', 'scrape_distributors', 'manual__2024-12-27T11:38:32.797674+00:00', '--job-id', '72', '--raw', '--subdir', 'DAGS_FOLDER/pipeline_dag.py', '--cfg-path', '/tmp/tmpw4q4cfif']
[2024-12-27T12:51:04.702+0000] {standard_task_runner.py:105} INFO - Job 72: Subtask scrape_distributors
[2024-12-27T12:51:04.983+0000] {task_command.py:467} INFO - Running <TaskInstance: movie_pipeline.scrape_distributors manual__2024-12-27T11:38:32.797674+00:00 [running]> on host b92f2c33c491
[2024-12-27T12:51:06.101+0000] {taskinstance.py:3132} INFO - Exporting env vars: AIRFLOW_CTX_DAG_OWNER='airflow' AIRFLOW_CTX_DAG_ID='movie_pipeline' AIRFLOW_CTX_TASK_ID='scrape_distributors' AIRFLOW_CTX_EXECUTION_DATE='2024-12-27T11:38:32.797674+00:00' AIRFLOW_CTX_TRY_NUMBER='1' AIRFLOW_CTX_DAG_RUN_ID='manual__2024-12-27T11:38:32.797674+00:00'
[2024-12-27T12:51:06.112+0000] {taskinstance.py:731} INFO - ::endgroup::
[2024-12-27T12:51:10.796+0000] {extract.py:318} INFO - Iteration: 0 and movie_id: tt13186482
[2024-12-27T12:52:02.369+0000] {extract.py:318} INFO - Iteration: 1 and movie_id: tt5040012
[2024-12-27T12:52:28.241+0000] {extract.py:318} INFO - Iteration: 2 and movie_id: tt18259086
[2024-12-27T12:52:52.753+0000] {extract.py:318} INFO - Iteration: 3 and movie_id: tt11563598
[2024-12-27T12:53:24.853+0000] {extract.py:318} INFO - Iteration: 4 and movie_id: tt1262426
[2024-12-27T12:53:44.724+0000] {extract.py:318} INFO - Iteration: 5 and movie_id: tt13622970
[2024-12-27T12:54:05.168+0000] {extract.py:318} INFO - Iteration: 6 and movie_id: tt6133444
[2024-12-27T12:54:05.175+0000] {extract.py:339} WARNING - distributor id is NONE
[2024-12-27T12:54:05.178+0000] {extract.py:318} INFO - Iteration: 7 and movie_id: tt30057084
[2024-12-27T12:54:35.343+0000] {extract.py:318} INFO - Iteration: 8 and movie_id: tt9218128
[2024-12-27T12:54:53.409+0000] {extract.py:318} INFO - Iteration: 9 and movie_id: tt29137778
[2024-12-27T12:55:14.591+0000] {extract.py:318} INFO - Iteration: 10 and movie_id: tt8790086
[2024-12-27T12:55:36.312+0000] {extract.py:318} INFO - Iteration: 11 and movie_id: tt14948432
[2024-12-27T12:56:02.026+0000] {extract.py:318} INFO - Iteration: 12 and movie_id: tt2347285
[2024-12-27T12:56:22.733+0000] {extract.py:318} INFO - Iteration: 13 and movie_id: tt14824600
[2024-12-27T12:56:45.405+0000] {extract.py:318} INFO - Iteration: 14 and movie_id: tt8999762
[2024-12-27T12:57:07.820+0000] {extract.py:318} INFO - Iteration: 15 and movie_id: tt21823606
[2024-12-27T12:57:30.168+0000] {extract.py:318} INFO - Iteration: 16 and movie_id: tt20215234
[2024-12-27T12:57:52.850+0000] {extract.py:318} INFO - Iteration: 17 and movie_id: tt23055660
[2024-12-27T12:58:08.748+0000] {extract.py:318} INFO - Iteration: 18 and movie_id: tt14260836
[2024-12-27T12:58:08.750+0000] {extract.py:339} WARNING - distributor id is NONE
[2024-12-27T12:58:08.756+0000] {extract.py:318} INFO - Iteration: 19 and movie_id: tt26446278
[2024-12-27T12:58:31.414+0000] {extract.py:318} INFO - Iteration: 20 and movie_id: tt28082769
[2024-12-27T12:59:04.952+0000] {extract.py:318} INFO - Iteration: 21 and movie_id: tt29623480
[2024-12-27T12:59:29.784+0000] {extract.py:318} INFO - Iteration: 22 and movie_id: tt21987878
[2024-12-27T12:59:29.787+0000] {extract.py:339} WARNING - distributor id is NONE
[2024-12-27T12:59:35.255+0000] {python.py:240} INFO - Done. Returned value was: run_20241225/distributor_html_20241225.json
[2024-12-27T12:59:37.575+0000] {taskinstance.py:340} INFO - ::group::Post task execution logs
[2024-12-27T12:59:37.605+0000] {taskinstance.py:352} INFO - Marking task as SUCCESS. dag_id=movie_pipeline, task_id=scrape_distributors, run_id=manual__2024-12-27T11:38:32.797674+00:00, execution_date=20241227T113832, start_date=20241227T125104, end_date=20241227T125937
[2024-12-27T12:59:38.109+0000] {local_task_job_runner.py:266} INFO - Task exited with return code 0
[2024-12-27T12:59:38.403+0000] {local_task_job_runner.py:245} INFO - ::endgroup::
