2025-01-16 05:41:55,551:INFO:parse:fact_parser:70:  Row number: 0 in collection page
2025-01-16 05:41:55,557:INFO:parse:fact_parser:70:  Row number: 1 in collection page
2025-01-16 05:41:55,564:INFO:parse:fact_parser:78:  Cell number: 0 in Row number: 1
2025-01-16 05:41:55,568:INFO:parse:fact_parser:78:  Cell number: 1 in Row number: 1
2025-01-16 05:41:55,570:INFO:parse:fact_parser:78:  Cell number: 2 in Row number: 1
2025-01-16 05:41:55,572:INFO:parse:fact_parser:78:  Cell number: 3 in Row number: 1
2025-01-16 05:41:55,575:INFO:parse:fact_parser:78:  Cell number: 4 in Row number: 1
2025-01-16 05:41:55,576:INFO:parse:fact_parser:78:  Cell number: 5 in Row number: 1
2025-01-16 05:41:55,578:INFO:parse:fact_parser:78:  Cell number: 6 in Row number: 1
2025-01-16 05:41:55,579:INFO:parse:fact_parser:78:  Cell number: 7 in Row number: 1
2025-01-16 05:41:55,584:INFO:parse:fact_parser:78:  Cell number: 8 in Row number: 1
2025-01-16 05:41:55,586:INFO:parse:fact_parser:78:  Cell number: 9 in Row number: 1
2025-01-16 05:41:55,588:INFO:parse:fact_parser:78:  Cell number: 10 in Row number: 1
2025-01-16 05:41:55,591:INFO:parse:fact_parser:78:  Cell number: 11 in Row number: 1
2025-01-16 05:41:55,592:INFO:parse:fact_parser:78:  Cell number: 12 in Row number: 1
2025-01-16 05:41:55,594:INFO:parse:fact_parser:70:  Row number: 2 in collection page
2025-01-16 05:41:55,595:INFO:parse:fact_parser:78:  Cell number: 0 in Row number: 2
2025-01-16 05:41:55,602:INFO:parse:fact_parser:78:  Cell number: 1 in Row number: 2
2025-01-16 05:41:55,604:INFO:parse:fact_parser:78:  Cell number: 2 in Row number: 2
2025-01-16 05:41:55,606:INFO:parse:fact_parser:78:  Cell number: 3 in Row number: 2
2025-01-16 05:41:55,608:INFO:parse:fact_parser:78:  Cell number: 4 in Row number: 2
2025-01-16 05:41:55,609:INFO:parse:fact_parser:78:  Cell number: 5 in Row number: 2
2025-01-16 05:41:55,611:INFO:parse:fact_parser:78:  Cell number: 6 in Row number: 2
2025-01-16 05:41:55,613:INFO:parse:fact_parser:78:  Cell number: 7 in Row number: 2
2025-01-16 05:41:55,617:INFO:parse:fact_parser:78:  Cell number: 8 in Row number: 2
2025-01-16 05:41:55,619:INFO:parse:fact_parser:78:  Cell number: 9 in Row number: 2
2025-01-16 05:41:55,620:INFO:parse:fact_parser:78:  Cell number: 10 in Row number: 2
2025-01-16 05:41:55,624:INFO:parse:fact_parser:78:  Cell number: 11 in Row number: 2
2025-01-16 05:41:55,625:INFO:parse:fact_parser:78:  Cell number: 12 in Row number: 2
2025-01-16 05:41:55,627:INFO:parse:fact_parser:70:  Row number: 3 in collection page
2025-01-16 05:41:55,628:INFO:parse:fact_parser:78:  Cell number: 0 in Row number: 3
2025-01-16 05:41:55,633:INFO:parse:fact_parser:78:  Cell number: 1 in Row number: 3
2025-01-16 05:41:55,635:INFO:parse:fact_parser:78:  Cell number: 2 in Row number: 3
2025-01-16 05:41:55,636:INFO:parse:fact_parser:78:  Cell number: 3 in Row number: 3
2025-01-16 05:41:55,640:INFO:parse:fact_parser:78:  Cell number: 4 in Row number: 3
2025-01-16 05:41:55,642:INFO:parse:fact_parser:78:  Cell number: 5 in Row number: 3
2025-01-16 05:41:55,644:INFO:parse:fact_parser:78:  Cell number: 6 in Row number: 3
2025-01-16 05:41:55,645:INFO:parse:fact_parser:78:  Cell number: 7 in Row number: 3
2025-01-16 05:41:55,668:INFO:parse:fact_parser:78:  Cell number: 8 in Row number: 3
2025-01-16 05:41:55,675:INFO:parse:fact_parser:78:  Cell number: 9 in Row number: 3
2025-01-16 05:41:55,681:INFO:parse:fact_parser:78:  Cell number: 10 in Row number: 3
2025-01-16 05:41:55,720:INFO:parse:fact_parser:78:  Cell number: 11 in Row number: 3
2025-01-16 05:41:55,751:INFO:parse:fact_parser:78:  Cell number: 12 in Row number: 3
2025-01-16 05:41:55,767:INFO:parse:fact_parser:70:  Row number: 4 in collection page
2025-01-16 05:41:55,777:INFO:parse:fact_parser:78:  Cell number: 0 in Row number: 4
2025-01-16 05:41:55,780:INFO:parse:fact_parser:78:  Cell number: 1 in Row number: 4
2025-01-16 05:41:55,784:INFO:parse:fact_parser:78:  Cell number: 2 in Row number: 4
2025-01-16 05:41:55,786:INFO:parse:fact_parser:78:  Cell number: 3 in Row number: 4
2025-01-16 05:41:55,788:INFO:parse:fact_parser:78:  Cell number: 4 in Row number: 4
2025-01-16 05:41:55,791:INFO:parse:fact_parser:78:  Cell number: 5 in Row number: 4
2025-01-16 05:41:55,794:INFO:parse:fact_parser:78:  Cell number: 6 in Row number: 4
2025-01-16 05:41:55,795:INFO:parse:fact_parser:78:  Cell number: 7 in Row number: 4
2025-01-16 05:41:55,808:INFO:parse:fact_parser:78:  Cell number: 8 in Row number: 4
2025-01-16 05:41:55,816:INFO:parse:fact_parser:78:  Cell number: 9 in Row number: 4
2025-01-16 05:41:55,819:INFO:parse:fact_parser:78:  Cell number: 10 in Row number: 4
2025-01-16 05:41:55,822:INFO:parse:fact_parser:78:  Cell number: 11 in Row number: 4
2025-01-16 05:41:55,824:INFO:parse:fact_parser:78:  Cell number: 12 in Row number: 4
2025-01-16 05:41:55,826:INFO:parse:fact_parser:70:  Row number: 5 in collection page
2025-01-16 05:41:55,827:INFO:parse:fact_parser:78:  Cell number: 0 in Row number: 5
2025-01-16 05:41:55,829:INFO:parse:fact_parser:78:  Cell number: 1 in Row number: 5
2025-01-16 05:41:55,831:INFO:parse:fact_parser:78:  Cell number: 2 in Row number: 5
2025-01-16 05:41:55,834:INFO:parse:fact_parser:78:  Cell number: 3 in Row number: 5
2025-01-16 05:41:55,836:INFO:parse:fact_parser:78:  Cell number: 4 in Row number: 5
2025-01-16 05:41:55,840:INFO:parse:fact_parser:78:  Cell number: 5 in Row number: 5
2025-01-16 05:41:55,842:INFO:parse:fact_parser:78:  Cell number: 6 in Row number: 5
2025-01-16 05:41:55,844:INFO:parse:fact_parser:78:  Cell number: 7 in Row number: 5
2025-01-16 05:41:55,845:INFO:parse:fact_parser:78:  Cell number: 8 in Row number: 5
2025-01-16 05:41:55,850:INFO:parse:fact_parser:78:  Cell number: 9 in Row number: 5
2025-01-16 05:41:55,852:INFO:parse:fact_parser:78:  Cell number: 10 in Row number: 5
2025-01-16 05:41:55,854:INFO:parse:fact_parser:78:  Cell number: 11 in Row number: 5
2025-01-16 05:41:55,857:INFO:parse:fact_parser:78:  Cell number: 12 in Row number: 5
2025-01-16 05:41:55,860:INFO:parse:fact_parser:70:  Row number: 6 in collection page
2025-01-16 05:41:55,862:INFO:parse:fact_parser:78:  Cell number: 0 in Row number: 6
2025-01-16 05:41:55,873:INFO:parse:fact_parser:78:  Cell number: 1 in Row number: 6
2025-01-16 05:41:55,876:INFO:parse:fact_parser:78:  Cell number: 2 in Row number: 6
2025-01-16 05:41:55,878:INFO:parse:fact_parser:78:  Cell number: 3 in Row number: 6
2025-01-16 05:41:55,884:INFO:parse:fact_parser:78:  Cell number: 4 in Row number: 6
2025-01-16 05:41:55,892:INFO:parse:fact_parser:78:  Cell number: 5 in Row number: 6
2025-01-16 05:41:55,901:INFO:parse:fact_parser:78:  Cell number: 6 in Row number: 6
2025-01-16 05:41:55,911:INFO:parse:fact_parser:78:  Cell number: 7 in Row number: 6
2025-01-16 05:41:55,919:INFO:parse:fact_parser:78:  Cell number: 8 in Row number: 6
2025-01-16 05:41:55,925:INFO:parse:fact_parser:78:  Cell number: 9 in Row number: 6
2025-01-16 05:41:55,931:INFO:parse:fact_parser:78:  Cell number: 10 in Row number: 6
2025-01-16 05:41:55,939:INFO:parse:fact_parser:78:  Cell number: 11 in Row number: 6
2025-01-16 05:41:55,946:INFO:parse:fact_parser:78:  Cell number: 12 in Row number: 6
2025-01-16 05:41:55,953:INFO:parse:fact_parser:70:  Row number: 7 in collection page
2025-01-16 05:41:55,959:INFO:parse:fact_parser:78:  Cell number: 0 in Row number: 7
2025-01-16 05:41:55,966:INFO:parse:fact_parser:78:  Cell number: 1 in Row number: 7
2025-01-16 05:41:55,972:INFO:parse:fact_parser:78:  Cell number: 2 in Row number: 7
2025-01-16 05:41:55,976:INFO:parse:fact_parser:78:  Cell number: 3 in Row number: 7
2025-01-16 05:41:55,977:INFO:parse:fact_parser:78:  Cell number: 4 in Row number: 7
2025-01-16 05:41:55,979:INFO:parse:fact_parser:78:  Cell number: 5 in Row number: 7
2025-01-16 05:41:55,981:INFO:parse:fact_parser:78:  Cell number: 6 in Row number: 7
2025-01-16 05:41:55,982:INFO:parse:fact_parser:78:  Cell number: 7 in Row number: 7
2025-01-16 05:41:55,984:INFO:parse:fact_parser:78:  Cell number: 8 in Row number: 7
2025-01-16 05:41:55,985:INFO:parse:fact_parser:78:  Cell number: 9 in Row number: 7
2025-01-16 05:41:55,987:INFO:parse:fact_parser:78:  Cell number: 10 in Row number: 7
2025-01-16 05:41:55,988:INFO:parse:fact_parser:78:  Cell number: 11 in Row number: 7
2025-01-16 05:41:55,992:INFO:parse:fact_parser:78:  Cell number: 12 in Row number: 7
2025-01-16 05:41:55,993:INFO:parse:fact_parser:70:  Row number: 8 in collection page
2025-01-16 05:41:55,994:INFO:parse:fact_parser:78:  Cell number: 0 in Row number: 8
2025-01-16 05:41:55,996:INFO:parse:fact_parser:78:  Cell number: 1 in Row number: 8
2025-01-16 05:41:55,997:INFO:parse:fact_parser:78:  Cell number: 2 in Row number: 8
2025-01-16 05:41:55,999:INFO:parse:fact_parser:78:  Cell number: 3 in Row number: 8
2025-01-16 05:41:56,000:INFO:parse:fact_parser:78:  Cell number: 4 in Row number: 8
2025-01-16 05:41:56,002:INFO:parse:fact_parser:78:  Cell number: 5 in Row number: 8
2025-01-16 05:41:56,003:INFO:parse:fact_parser:78:  Cell number: 6 in Row number: 8
2025-01-16 05:41:56,004:INFO:parse:fact_parser:78:  Cell number: 7 in Row number: 8
2025-01-16 05:41:56,005:INFO:parse:fact_parser:78:  Cell number: 8 in Row number: 8
2025-01-16 05:41:56,006:INFO:parse:fact_parser:78:  Cell number: 9 in Row number: 8
2025-01-16 05:41:56,008:INFO:parse:fact_parser:78:  Cell number: 10 in Row number: 8
2025-01-16 05:41:56,010:INFO:parse:fact_parser:78:  Cell number: 11 in Row number: 8
2025-01-16 05:41:56,011:INFO:parse:fact_parser:78:  Cell number: 12 in Row number: 8
2025-01-16 05:41:56,012:INFO:parse:fact_parser:70:  Row number: 9 in collection page
2025-01-16 05:41:56,014:INFO:parse:fact_parser:78:  Cell number: 0 in Row number: 9
2025-01-16 05:41:56,015:INFO:parse:fact_parser:78:  Cell number: 1 in Row number: 9
2025-01-16 05:41:56,016:INFO:parse:fact_parser:78:  Cell number: 2 in Row number: 9
2025-01-16 05:41:56,017:INFO:parse:fact_parser:78:  Cell number: 3 in Row number: 9
2025-01-16 05:41:56,020:INFO:parse:fact_parser:78:  Cell number: 4 in Row number: 9
2025-01-16 05:41:56,021:INFO:parse:fact_parser:78:  Cell number: 5 in Row number: 9
2025-01-16 05:41:56,023:INFO:parse:fact_parser:78:  Cell number: 6 in Row number: 9
2025-01-16 05:41:56,024:INFO:parse:fact_parser:78:  Cell number: 7 in Row number: 9
2025-01-16 05:41:56,025:INFO:parse:fact_parser:78:  Cell number: 8 in Row number: 9
2025-01-16 05:41:56,027:INFO:parse:fact_parser:78:  Cell number: 9 in Row number: 9
2025-01-16 05:41:56,028:INFO:parse:fact_parser:78:  Cell number: 10 in Row number: 9
2025-01-16 05:41:56,030:INFO:parse:fact_parser:78:  Cell number: 11 in Row number: 9
2025-01-16 05:41:56,031:INFO:parse:fact_parser:78:  Cell number: 12 in Row number: 9
2025-01-16 05:41:56,033:INFO:parse:fact_parser:70:  Row number: 10 in collection page
2025-01-16 05:41:56,034:INFO:parse:fact_parser:78:  Cell number: 0 in Row number: 10
2025-01-16 05:41:56,035:INFO:parse:fact_parser:78:  Cell number: 1 in Row number: 10
2025-01-16 05:41:56,037:INFO:parse:fact_parser:78:  Cell number: 2 in Row number: 10
2025-01-16 05:41:56,038:INFO:parse:fact_parser:78:  Cell number: 3 in Row number: 10
2025-01-16 05:41:56,039:INFO:parse:fact_parser:78:  Cell number: 4 in Row number: 10
2025-01-16 05:41:56,040:INFO:parse:fact_parser:78:  Cell number: 5 in Row number: 10
2025-01-16 05:41:56,041:INFO:parse:fact_parser:78:  Cell number: 6 in Row number: 10
2025-01-16 05:41:56,043:INFO:parse:fact_parser:78:  Cell number: 7 in Row number: 10
2025-01-16 05:41:56,044:INFO:parse:fact_parser:78:  Cell number: 8 in Row number: 10
2025-01-16 05:41:56,045:INFO:parse:fact_parser:78:  Cell number: 9 in Row number: 10
2025-01-16 05:41:56,047:INFO:parse:fact_parser:78:  Cell number: 10 in Row number: 10
2025-01-16 05:41:56,048:INFO:parse:fact_parser:78:  Cell number: 11 in Row number: 10
2025-01-16 05:41:56,049:INFO:parse:fact_parser:78:  Cell number: 12 in Row number: 10
2025-01-16 05:41:56,050:INFO:parse:fact_parser:70:  Row number: 11 in collection page
2025-01-16 05:41:56,051:INFO:parse:fact_parser:78:  Cell number: 0 in Row number: 11
2025-01-16 05:41:56,052:INFO:parse:fact_parser:78:  Cell number: 1 in Row number: 11
2025-01-16 05:41:56,053:INFO:parse:fact_parser:78:  Cell number: 2 in Row number: 11
2025-01-16 05:41:56,054:INFO:parse:fact_parser:78:  Cell number: 3 in Row number: 11
2025-01-16 05:41:56,058:INFO:parse:fact_parser:78:  Cell number: 4 in Row number: 11
2025-01-16 05:41:56,059:INFO:parse:fact_parser:78:  Cell number: 5 in Row number: 11
2025-01-16 05:41:56,061:INFO:parse:fact_parser:78:  Cell number: 6 in Row number: 11
2025-01-16 05:41:56,062:INFO:parse:fact_parser:78:  Cell number: 7 in Row number: 11
2025-01-16 05:41:56,064:INFO:parse:fact_parser:78:  Cell number: 8 in Row number: 11
2025-01-16 05:41:56,065:INFO:parse:fact_parser:78:  Cell number: 9 in Row number: 11
2025-01-16 05:41:56,066:INFO:parse:fact_parser:78:  Cell number: 10 in Row number: 11
2025-01-16 05:41:56,068:INFO:parse:fact_parser:78:  Cell number: 11 in Row number: 11
2025-01-16 05:41:56,069:INFO:parse:fact_parser:78:  Cell number: 12 in Row number: 11
2025-01-16 05:41:56,070:INFO:parse:fact_parser:70:  Row number: 12 in collection page
2025-01-16 05:41:56,071:INFO:parse:fact_parser:78:  Cell number: 0 in Row number: 12
2025-01-16 05:41:56,072:INFO:parse:fact_parser:78:  Cell number: 1 in Row number: 12
2025-01-16 05:41:56,073:INFO:parse:fact_parser:78:  Cell number: 2 in Row number: 12
2025-01-16 05:41:56,074:INFO:parse:fact_parser:78:  Cell number: 3 in Row number: 12
2025-01-16 05:41:56,075:INFO:parse:fact_parser:78:  Cell number: 4 in Row number: 12
2025-01-16 05:41:56,076:INFO:parse:fact_parser:78:  Cell number: 5 in Row number: 12
2025-01-16 05:41:56,077:INFO:parse:fact_parser:78:  Cell number: 6 in Row number: 12
2025-01-16 05:41:56,078:INFO:parse:fact_parser:78:  Cell number: 7 in Row number: 12
2025-01-16 05:41:56,080:INFO:parse:fact_parser:78:  Cell number: 8 in Row number: 12
2025-01-16 05:41:56,081:INFO:parse:fact_parser:78:  Cell number: 9 in Row number: 12
2025-01-16 05:41:56,082:INFO:parse:fact_parser:78:  Cell number: 10 in Row number: 12
2025-01-16 05:41:56,083:INFO:parse:fact_parser:78:  Cell number: 11 in Row number: 12
2025-01-16 05:41:56,084:INFO:parse:fact_parser:78:  Cell number: 12 in Row number: 12
2025-01-16 05:41:56,085:INFO:parse:fact_parser:70:  Row number: 13 in collection page
2025-01-16 05:41:56,086:INFO:parse:fact_parser:78:  Cell number: 0 in Row number: 13
2025-01-16 05:41:56,087:INFO:parse:fact_parser:78:  Cell number: 1 in Row number: 13
2025-01-16 05:41:56,088:INFO:parse:fact_parser:78:  Cell number: 2 in Row number: 13
2025-01-16 05:41:56,089:INFO:parse:fact_parser:78:  Cell number: 3 in Row number: 13
2025-01-16 05:41:56,091:INFO:parse:fact_parser:78:  Cell number: 4 in Row number: 13
2025-01-16 05:41:56,092:INFO:parse:fact_parser:78:  Cell number: 5 in Row number: 13
2025-01-16 05:41:56,093:INFO:parse:fact_parser:78:  Cell number: 6 in Row number: 13
2025-01-16 05:41:56,094:INFO:parse:fact_parser:78:  Cell number: 7 in Row number: 13
2025-01-16 05:41:56,095:INFO:parse:fact_parser:78:  Cell number: 8 in Row number: 13
2025-01-16 05:41:56,096:INFO:parse:fact_parser:78:  Cell number: 9 in Row number: 13
2025-01-16 05:41:56,098:INFO:parse:fact_parser:78:  Cell number: 10 in Row number: 13
2025-01-16 05:41:56,099:INFO:parse:fact_parser:78:  Cell number: 11 in Row number: 13
2025-01-16 05:41:56,100:INFO:parse:fact_parser:78:  Cell number: 12 in Row number: 13
2025-01-16 05:41:56,100:INFO:parse:fact_parser:70:  Row number: 14 in collection page
2025-01-16 05:41:56,101:INFO:parse:fact_parser:78:  Cell number: 0 in Row number: 14
2025-01-16 05:41:56,103:INFO:parse:fact_parser:78:  Cell number: 1 in Row number: 14
2025-01-16 05:41:56,104:INFO:parse:fact_parser:78:  Cell number: 2 in Row number: 14
2025-01-16 05:41:56,105:INFO:parse:fact_parser:78:  Cell number: 3 in Row number: 14
2025-01-16 05:41:56,106:INFO:parse:fact_parser:78:  Cell number: 4 in Row number: 14
2025-01-16 05:41:56,107:INFO:parse:fact_parser:78:  Cell number: 5 in Row number: 14
2025-01-16 05:41:56,108:INFO:parse:fact_parser:78:  Cell number: 6 in Row number: 14
2025-01-16 05:41:56,109:INFO:parse:fact_parser:78:  Cell number: 7 in Row number: 14
2025-01-16 05:41:56,110:INFO:parse:fact_parser:78:  Cell number: 8 in Row number: 14
2025-01-16 05:41:56,111:INFO:parse:fact_parser:78:  Cell number: 9 in Row number: 14
2025-01-16 05:41:56,113:INFO:parse:fact_parser:78:  Cell number: 10 in Row number: 14
2025-01-16 05:41:56,114:INFO:parse:fact_parser:78:  Cell number: 11 in Row number: 14
2025-01-16 05:41:56,115:INFO:parse:fact_parser:78:  Cell number: 12 in Row number: 14
2025-01-16 05:41:56,116:INFO:parse:fact_parser:70:  Row number: 15 in collection page
2025-01-16 05:41:56,117:INFO:parse:fact_parser:78:  Cell number: 0 in Row number: 15
2025-01-16 05:41:56,118:INFO:parse:fact_parser:78:  Cell number: 1 in Row number: 15
2025-01-16 05:41:56,119:INFO:parse:fact_parser:78:  Cell number: 2 in Row number: 15
2025-01-16 05:41:56,121:INFO:parse:fact_parser:78:  Cell number: 3 in Row number: 15
2025-01-16 05:41:56,122:INFO:parse:fact_parser:78:  Cell number: 4 in Row number: 15
2025-01-16 05:41:56,123:INFO:parse:fact_parser:78:  Cell number: 5 in Row number: 15
2025-01-16 05:41:56,123:INFO:parse:fact_parser:78:  Cell number: 6 in Row number: 15
2025-01-16 05:41:56,125:INFO:parse:fact_parser:78:  Cell number: 7 in Row number: 15
2025-01-16 05:41:56,126:INFO:parse:fact_parser:78:  Cell number: 8 in Row number: 15
2025-01-16 05:41:56,127:INFO:parse:fact_parser:78:  Cell number: 9 in Row number: 15
2025-01-16 05:41:56,128:INFO:parse:fact_parser:78:  Cell number: 10 in Row number: 15
2025-01-16 05:41:56,128:INFO:parse:fact_parser:78:  Cell number: 11 in Row number: 15
2025-01-16 05:41:56,130:INFO:parse:fact_parser:78:  Cell number: 12 in Row number: 15
2025-01-16 05:41:56,131:INFO:parse:fact_parser:70:  Row number: 16 in collection page
2025-01-16 05:41:56,132:INFO:parse:fact_parser:78:  Cell number: 0 in Row number: 16
2025-01-16 05:41:56,133:INFO:parse:fact_parser:78:  Cell number: 1 in Row number: 16
2025-01-16 05:41:56,134:INFO:parse:fact_parser:78:  Cell number: 2 in Row number: 16
2025-01-16 05:41:56,135:INFO:parse:fact_parser:78:  Cell number: 3 in Row number: 16
2025-01-16 05:41:56,136:INFO:parse:fact_parser:78:  Cell number: 4 in Row number: 16
2025-01-16 05:41:56,138:INFO:parse:fact_parser:78:  Cell number: 5 in Row number: 16
2025-01-16 05:41:56,139:INFO:parse:fact_parser:78:  Cell number: 6 in Row number: 16
2025-01-16 05:41:56,140:INFO:parse:fact_parser:78:  Cell number: 7 in Row number: 16
2025-01-16 05:41:56,141:INFO:parse:fact_parser:78:  Cell number: 8 in Row number: 16
2025-01-16 05:41:56,142:INFO:parse:fact_parser:78:  Cell number: 9 in Row number: 16
2025-01-16 05:41:56,144:INFO:parse:fact_parser:78:  Cell number: 10 in Row number: 16
2025-01-16 05:41:56,145:INFO:parse:fact_parser:78:  Cell number: 11 in Row number: 16
2025-01-16 05:41:56,147:INFO:parse:fact_parser:78:  Cell number: 12 in Row number: 16
2025-01-16 05:41:56,148:INFO:parse:fact_parser:70:  Row number: 17 in collection page
2025-01-16 05:41:56,150:INFO:parse:fact_parser:78:  Cell number: 0 in Row number: 17
2025-01-16 05:41:56,151:INFO:parse:fact_parser:78:  Cell number: 1 in Row number: 17
2025-01-16 05:41:56,152:INFO:parse:fact_parser:78:  Cell number: 2 in Row number: 17
2025-01-16 05:41:56,153:INFO:parse:fact_parser:78:  Cell number: 3 in Row number: 17
2025-01-16 05:41:56,154:INFO:parse:fact_parser:78:  Cell number: 4 in Row number: 17
2025-01-16 05:41:56,156:INFO:parse:fact_parser:78:  Cell number: 5 in Row number: 17
2025-01-16 05:41:56,157:INFO:parse:fact_parser:78:  Cell number: 6 in Row number: 17
2025-01-16 05:41:56,158:INFO:parse:fact_parser:78:  Cell number: 7 in Row number: 17
2025-01-16 05:41:56,160:INFO:parse:fact_parser:78:  Cell number: 8 in Row number: 17
2025-01-16 05:41:56,161:INFO:parse:fact_parser:78:  Cell number: 9 in Row number: 17
2025-01-16 05:41:56,163:INFO:parse:fact_parser:78:  Cell number: 10 in Row number: 17
2025-01-16 05:41:56,164:INFO:parse:fact_parser:78:  Cell number: 11 in Row number: 17
2025-01-16 05:41:56,165:INFO:parse:fact_parser:78:  Cell number: 12 in Row number: 17
2025-01-16 05:41:56,167:INFO:parse:fact_parser:70:  Row number: 18 in collection page
2025-01-16 05:41:56,168:INFO:parse:fact_parser:78:  Cell number: 0 in Row number: 18
2025-01-16 05:41:56,169:INFO:parse:fact_parser:78:  Cell number: 1 in Row number: 18
2025-01-16 05:41:56,171:INFO:parse:fact_parser:78:  Cell number: 2 in Row number: 18
2025-01-16 05:41:56,173:INFO:parse:fact_parser:78:  Cell number: 3 in Row number: 18
2025-01-16 05:41:56,181:INFO:parse:fact_parser:78:  Cell number: 4 in Row number: 18
2025-01-16 05:41:56,183:INFO:parse:fact_parser:78:  Cell number: 5 in Row number: 18
2025-01-16 05:41:56,185:INFO:parse:fact_parser:78:  Cell number: 6 in Row number: 18
2025-01-16 05:41:56,186:INFO:parse:fact_parser:78:  Cell number: 7 in Row number: 18
2025-01-16 05:41:56,187:INFO:parse:fact_parser:78:  Cell number: 8 in Row number: 18
2025-01-16 05:41:56,189:INFO:parse:fact_parser:78:  Cell number: 9 in Row number: 18
2025-01-16 05:41:56,190:INFO:parse:fact_parser:78:  Cell number: 10 in Row number: 18
2025-01-16 05:41:56,192:INFO:parse:fact_parser:78:  Cell number: 11 in Row number: 18
2025-01-16 05:41:56,193:INFO:parse:fact_parser:78:  Cell number: 12 in Row number: 18
2025-01-16 05:41:56,194:INFO:parse:fact_parser:70:  Row number: 19 in collection page
2025-01-16 05:41:56,196:INFO:parse:fact_parser:78:  Cell number: 0 in Row number: 19
2025-01-16 05:41:56,198:INFO:parse:fact_parser:78:  Cell number: 1 in Row number: 19
2025-01-16 05:41:56,199:INFO:parse:fact_parser:78:  Cell number: 2 in Row number: 19
2025-01-16 05:41:56,201:INFO:parse:fact_parser:78:  Cell number: 3 in Row number: 19
2025-01-16 05:41:56,203:INFO:parse:fact_parser:78:  Cell number: 4 in Row number: 19
2025-01-16 05:41:56,205:INFO:parse:fact_parser:78:  Cell number: 5 in Row number: 19
2025-01-16 05:41:56,206:INFO:parse:fact_parser:78:  Cell number: 6 in Row number: 19
2025-01-16 05:41:56,219:INFO:parse:fact_parser:78:  Cell number: 7 in Row number: 19
2025-01-16 05:41:56,235:INFO:parse:fact_parser:78:  Cell number: 8 in Row number: 19
2025-01-16 05:41:56,237:INFO:parse:fact_parser:78:  Cell number: 9 in Row number: 19
2025-01-16 05:41:56,238:INFO:parse:fact_parser:78:  Cell number: 10 in Row number: 19
2025-01-16 05:41:56,240:INFO:parse:fact_parser:78:  Cell number: 11 in Row number: 19
2025-01-16 05:41:56,242:INFO:parse:fact_parser:78:  Cell number: 12 in Row number: 19
2025-01-16 05:41:56,427:INFO:parse:fact_parser:99:  collection page parsed for run date: 2025-01-14 and saved to path: run_20250114/collection_parsed_20250114.json
2025-01-16 15:25:05,130:INFO:extract:movie_page_extract:59:  Iteration: 0, release id: rl1511097089
2025-01-16 15:25:28,908:INFO:extract:movie_page_extract:59:  Iteration: 1, release id: rl1416265729
2025-01-16 15:25:57,449:INFO:extract:movie_page_extract:59:  Iteration: 2, release id: rl886211329
2025-01-16 15:26:16,003:INFO:extract:movie_page_extract:59:  Iteration: 3, release id: rl2537783297
2025-01-16 15:26:28,118:INFO:extract:movie_page_extract:59:  Iteration: 4, release id: rl2843508737
2025-01-16 15:26:43,110:INFO:extract:movie_page_extract:59:  Iteration: 5, release id: rl1199474177
2025-01-16 15:26:54,452:INFO:extract:movie_page_extract:59:  Iteration: 6, release id: rl862748673
2025-01-16 15:27:11,828:INFO:extract:movie_page_extract:59:  Iteration: 7, release id: rl1778156289
2025-01-16 15:27:25,000:INFO:extract:movie_page_extract:59:  Iteration: 8, release id: rl2557247489
2025-01-16 15:27:35,293:INFO:extract:movie_page_extract:59:  Iteration: 9, release id: rl3881074689
2025-01-16 15:27:45,310:INFO:extract:movie_page_extract:59:  Iteration: 10, release id: rl2778432257
2025-01-16 15:27:56,072:INFO:extract:movie_page_extract:59:  Iteration: 11, release id: rl259556097
2025-01-16 15:28:05,514:INFO:extract:movie_page_extract:59:  Iteration: 12, release id: rl677871617
2025-01-16 15:28:14,414:INFO:extract:movie_page_extract:59:  Iteration: 13, release id: rl3277815809
2025-01-16 15:28:23,641:INFO:extract:movie_page_extract:59:  Iteration: 14, release id: rl1831305217
2025-01-16 15:28:32,387:INFO:extract:movie_page_extract:59:  Iteration: 15, release id: rl2383183873
2025-01-16 15:28:43,750:INFO:extract:movie_page_extract:59:  Iteration: 16, release id: rl3898179585
2025-01-16 15:28:56,154:INFO:extract:movie_page_extract:59:  Iteration: 17, release id: rl3123675905
2025-01-16 15:29:06,030:INFO:extract:movie_page_extract:59:  Iteration: 18, release id: rl3443949569
2025-01-16 15:29:51,973:INFO:parse:movie_parser:111:  Parsing movie_id: tt13186482
2025-01-16 15:29:52,886:ERROR:parse:movie_parser:175:  time data 'Dec 20, 2024' does not match format '%d-%b-%Y'
Traceback (most recent call last):
  File "/opt/src/extract_scripts/parse.py", line 169, in movie_parser
    movie_data_dict['release_date_id']=str(datetime.strptime(release_date,"%d-%b-%Y").date()).replace('-','')
  File "/usr/local/lib/python3.9/_strptime.py", line 568, in _strptime_datetime
    tt, fraction, gmtoff_fraction = _strptime(data_string, format)
  File "/usr/local/lib/python3.9/_strptime.py", line 349, in _strptime
    raise ValueError("time data %r does not match format %r" %
ValueError: time data 'Dec 20, 2024' does not match format '%d-%b-%Y'
2025-01-16 15:29:52,894:WARNING:parse:movie_parser:177:  movie_id: tt13186482, release_date_id set to NONE
2025-01-16 15:29:52,957:INFO:parse:movie_parser:111:  Parsing movie_id: tt8008948
2025-01-16 15:29:53,355:ERROR:parse:movie_parser:175:  time data 'Jan 10, 2025' does not match format '%d-%b-%Y'
Traceback (most recent call last):
  File "/opt/src/extract_scripts/parse.py", line 169, in movie_parser
    movie_data_dict['release_date_id']=str(datetime.strptime(release_date,"%d-%b-%Y").date()).replace('-','')
  File "/usr/local/lib/python3.9/_strptime.py", line 568, in _strptime_datetime
    tt, fraction, gmtoff_fraction = _strptime(data_string, format)
  File "/usr/local/lib/python3.9/_strptime.py", line 349, in _strptime
    raise ValueError("time data %r does not match format %r" %
ValueError: time data 'Jan 10, 2025' does not match format '%d-%b-%Y'
2025-01-16 15:29:53,357:WARNING:parse:movie_parser:177:  movie_id: tt8008948, release_date_id set to NONE
2025-01-16 15:29:53,448:INFO:parse:movie_parser:111:  Parsing movie_id: tt18259086
2025-01-16 15:29:54,289:ERROR:parse:movie_parser:175:  time data 'Dec 20, 2024' does not match format '%d-%b-%Y'
Traceback (most recent call last):
  File "/opt/src/extract_scripts/parse.py", line 169, in movie_parser
    movie_data_dict['release_date_id']=str(datetime.strptime(release_date,"%d-%b-%Y").date()).replace('-','')
  File "/usr/local/lib/python3.9/_strptime.py", line 568, in _strptime_datetime
    tt, fraction, gmtoff_fraction = _strptime(data_string, format)
  File "/usr/local/lib/python3.9/_strptime.py", line 349, in _strptime
    raise ValueError("time data %r does not match format %r" %
ValueError: time data 'Dec 20, 2024' does not match format '%d-%b-%Y'
2025-01-16 15:29:54,291:WARNING:parse:movie_parser:177:  movie_id: tt18259086, release_date_id set to NONE
2025-01-16 15:29:54,368:INFO:parse:movie_parser:111:  Parsing movie_id: tt5040012
2025-01-16 15:29:54,898:ERROR:parse:movie_parser:175:  time data 'Dec 25, 2024' does not match format '%d-%b-%Y'
Traceback (most recent call last):
  File "/opt/src/extract_scripts/parse.py", line 169, in movie_parser
    movie_data_dict['release_date_id']=str(datetime.strptime(release_date,"%d-%b-%Y").date()).replace('-','')
  File "/usr/local/lib/python3.9/_strptime.py", line 568, in _strptime_datetime
    tt, fraction, gmtoff_fraction = _strptime(data_string, format)
  File "/usr/local/lib/python3.9/_strptime.py", line 349, in _strptime
    raise ValueError("time data %r does not match format %r" %
ValueError: time data 'Dec 25, 2024' does not match format '%d-%b-%Y'
2025-01-16 15:29:54,900:WARNING:parse:movie_parser:177:  movie_id: tt5040012, release_date_id set to NONE
2025-01-16 15:29:54,953:INFO:parse:movie_parser:111:  Parsing movie_id: tt11563598
2025-01-16 15:29:55,784:ERROR:parse:movie_parser:175:  time data 'Dec 25, 2024' does not match format '%d-%b-%Y'
Traceback (most recent call last):
  File "/opt/src/extract_scripts/parse.py", line 169, in movie_parser
    movie_data_dict['release_date_id']=str(datetime.strptime(release_date,"%d-%b-%Y").date()).replace('-','')
  File "/usr/local/lib/python3.9/_strptime.py", line 568, in _strptime_datetime
    tt, fraction, gmtoff_fraction = _strptime(data_string, format)
  File "/usr/local/lib/python3.9/_strptime.py", line 349, in _strptime
    raise ValueError("time data %r does not match format %r" %
ValueError: time data 'Dec 25, 2024' does not match format '%d-%b-%Y'
2025-01-16 15:29:55,786:WARNING:parse:movie_parser:177:  movie_id: tt11563598, release_date_id set to NONE
2025-01-16 15:29:55,835:INFO:parse:movie_parser:111:  Parsing movie_id: tt1262426
2025-01-16 15:29:56,164:ERROR:parse:movie_parser:175:  time data 'Nov 22, 2024' does not match format '%d-%b-%Y'
Traceback (most recent call last):
  File "/opt/src/extract_scripts/parse.py", line 169, in movie_parser
    movie_data_dict['release_date_id']=str(datetime.strptime(release_date,"%d-%b-%Y").date()).replace('-','')
  File "/usr/local/lib/python3.9/_strptime.py", line 568, in _strptime_datetime
    tt, fraction, gmtoff_fraction = _strptime(data_string, format)
  File "/usr/local/lib/python3.9/_strptime.py", line 349, in _strptime
    raise ValueError("time data %r does not match format %r" %
ValueError: time data 'Nov 22, 2024' does not match format '%d-%b-%Y'
2025-01-16 15:29:56,166:WARNING:parse:movie_parser:177:  movie_id: tt1262426, release_date_id set to NONE
2025-01-16 15:29:56,215:INFO:parse:movie_parser:111:  Parsing movie_id: tt13622970
2025-01-16 15:29:56,839:ERROR:parse:movie_parser:175:  time data 'Nov 27, 2024' does not match format '%d-%b-%Y'
Traceback (most recent call last):
  File "/opt/src/extract_scripts/parse.py", line 169, in movie_parser
    movie_data_dict['release_date_id']=str(datetime.strptime(release_date,"%d-%b-%Y").date()).replace('-','')
  File "/usr/local/lib/python3.9/_strptime.py", line 568, in _strptime_datetime
    tt, fraction, gmtoff_fraction = _strptime(data_string, format)
  File "/usr/local/lib/python3.9/_strptime.py", line 349, in _strptime
    raise ValueError("time data %r does not match format %r" %
ValueError: time data 'Nov 27, 2024' does not match format '%d-%b-%Y'
2025-01-16 15:29:56,841:WARNING:parse:movie_parser:177:  movie_id: tt13622970, release_date_id set to NONE
2025-01-16 15:29:56,894:INFO:parse:movie_parser:111:  Parsing movie_id: tt9218128
2025-01-16 15:29:57,491:ERROR:parse:movie_parser:175:  time data 'Nov 22, 2024' does not match format '%d-%b-%Y'
Traceback (most recent call last):
  File "/opt/src/extract_scripts/parse.py", line 169, in movie_parser
    movie_data_dict['release_date_id']=str(datetime.strptime(release_date,"%d-%b-%Y").date()).replace('-','')
  File "/usr/local/lib/python3.9/_strptime.py", line 568, in _strptime_datetime
    tt, fraction, gmtoff_fraction = _strptime(data_string, format)
  File "/usr/local/lib/python3.9/_strptime.py", line 349, in _strptime
    raise ValueError("time data %r does not match format %r" %
ValueError: time data 'Nov 22, 2024' does not match format '%d-%b-%Y'
2025-01-16 15:29:57,496:WARNING:parse:movie_parser:177:  movie_id: tt9218128, release_date_id set to NONE
2025-01-16 15:29:57,561:INFO:parse:movie_parser:111:  Parsing movie_id: tt29137778
2025-01-16 15:29:58,803:ERROR:parse:movie_parser:175:  time data 'Dec 20, 2024' does not match format '%d-%b-%Y'
Traceback (most recent call last):
  File "/opt/src/extract_scripts/parse.py", line 169, in movie_parser
    movie_data_dict['release_date_id']=str(datetime.strptime(release_date,"%d-%b-%Y").date()).replace('-','')
  File "/usr/local/lib/python3.9/_strptime.py", line 568, in _strptime_datetime
    tt, fraction, gmtoff_fraction = _strptime(data_string, format)
  File "/usr/local/lib/python3.9/_strptime.py", line 349, in _strptime
    raise ValueError("time data %r does not match format %r" %
ValueError: time data 'Dec 20, 2024' does not match format '%d-%b-%Y'
2025-01-16 15:29:58,805:WARNING:parse:movie_parser:177:  movie_id: tt29137778, release_date_id set to NONE
2025-01-16 15:29:58,871:INFO:parse:movie_parser:111:  Parsing movie_id: tt14260836
2025-01-16 15:29:59,378:ERROR:parse:movie_parser:175:  time data 'Dec 25, 2024 (Jan 10, 2025)' does not match format '%d-%b-%Y'
Traceback (most recent call last):
  File "/opt/src/extract_scripts/parse.py", line 169, in movie_parser
    movie_data_dict['release_date_id']=str(datetime.strptime(release_date,"%d-%b-%Y").date()).replace('-','')
  File "/usr/local/lib/python3.9/_strptime.py", line 568, in _strptime_datetime
    tt, fraction, gmtoff_fraction = _strptime(data_string, format)
  File "/usr/local/lib/python3.9/_strptime.py", line 349, in _strptime
    raise ValueError("time data %r does not match format %r" %
ValueError: time data 'Dec 25, 2024 (Jan 10, 2025)' does not match format '%d-%b-%Y'
2025-01-16 15:29:59,380:WARNING:parse:movie_parser:177:  movie_id: tt14260836, release_date_id set to NONE
2025-01-16 15:29:59,444:INFO:parse:movie_parser:111:  Parsing movie_id: tt6133444
2025-01-16 15:29:59,880:ERROR:parse:movie_parser:175:  time data 'Dec 25, 2024' does not match format '%d-%b-%Y'
Traceback (most recent call last):
  File "/opt/src/extract_scripts/parse.py", line 169, in movie_parser
    movie_data_dict['release_date_id']=str(datetime.strptime(release_date,"%d-%b-%Y").date()).replace('-','')
  File "/usr/local/lib/python3.9/_strptime.py", line 568, in _strptime_datetime
    tt, fraction, gmtoff_fraction = _strptime(data_string, format)
  File "/usr/local/lib/python3.9/_strptime.py", line 349, in _strptime
    raise ValueError("time data %r does not match format %r" %
ValueError: time data 'Dec 25, 2024' does not match format '%d-%b-%Y'
2025-01-16 15:29:59,882:WARNING:parse:movie_parser:177:  movie_id: tt6133444, release_date_id set to NONE
2025-01-16 15:29:59,950:INFO:parse:movie_parser:111:  Parsing movie_id: tt8790086
2025-01-16 15:30:00,592:ERROR:parse:movie_parser:175:  time data 'Dec 13, 2024' does not match format '%d-%b-%Y'
Traceback (most recent call last):
  File "/opt/src/extract_scripts/parse.py", line 169, in movie_parser
    movie_data_dict['release_date_id']=str(datetime.strptime(release_date,"%d-%b-%Y").date()).replace('-','')
  File "/usr/local/lib/python3.9/_strptime.py", line 568, in _strptime_datetime
    tt, fraction, gmtoff_fraction = _strptime(data_string, format)
  File "/usr/local/lib/python3.9/_strptime.py", line 349, in _strptime
    raise ValueError("time data %r does not match format %r" %
ValueError: time data 'Dec 13, 2024' does not match format '%d-%b-%Y'
2025-01-16 15:30:00,593:WARNING:parse:movie_parser:177:  movie_id: tt8790086, release_date_id set to NONE
2025-01-16 15:30:00,647:INFO:parse:movie_parser:111:  Parsing movie_id: tt23055660
2025-01-16 15:30:01,365:ERROR:parse:movie_parser:175:  time data 'Dec 13, 2024' does not match format '%d-%b-%Y'
Traceback (most recent call last):
  File "/opt/src/extract_scripts/parse.py", line 169, in movie_parser
    movie_data_dict['release_date_id']=str(datetime.strptime(release_date,"%d-%b-%Y").date()).replace('-','')
  File "/usr/local/lib/python3.9/_strptime.py", line 568, in _strptime_datetime
    tt, fraction, gmtoff_fraction = _strptime(data_string, format)
  File "/usr/local/lib/python3.9/_strptime.py", line 349, in _strptime
    raise ValueError("time data %r does not match format %r" %
ValueError: time data 'Dec 13, 2024' does not match format '%d-%b-%Y'
2025-01-16 15:30:01,367:WARNING:parse:movie_parser:177:  movie_id: tt23055660, release_date_id set to NONE
2025-01-16 15:30:01,426:INFO:parse:movie_parser:111:  Parsing movie_id: tt21823606
2025-01-16 15:30:02,138:ERROR:parse:movie_parser:175:  time data 'Nov 1, 2024' does not match format '%d-%b-%Y'
Traceback (most recent call last):
  File "/opt/src/extract_scripts/parse.py", line 169, in movie_parser
    movie_data_dict['release_date_id']=str(datetime.strptime(release_date,"%d-%b-%Y").date()).replace('-','')
  File "/usr/local/lib/python3.9/_strptime.py", line 568, in _strptime_datetime
    tt, fraction, gmtoff_fraction = _strptime(data_string, format)
  File "/usr/local/lib/python3.9/_strptime.py", line 349, in _strptime
    raise ValueError("time data %r does not match format %r" %
ValueError: time data 'Nov 1, 2024' does not match format '%d-%b-%Y'
2025-01-16 15:30:02,139:WARNING:parse:movie_parser:177:  movie_id: tt21823606, release_date_id set to NONE
2025-01-16 15:30:02,211:INFO:parse:movie_parser:111:  Parsing movie_id: tt11891850
2025-01-16 15:30:02,608:ERROR:parse:movie_parser:175:  time data 'Jan 10, 2025' does not match format '%d-%b-%Y'
Traceback (most recent call last):
  File "/opt/src/extract_scripts/parse.py", line 169, in movie_parser
    movie_data_dict['release_date_id']=str(datetime.strptime(release_date,"%d-%b-%Y").date()).replace('-','')
  File "/usr/local/lib/python3.9/_strptime.py", line 568, in _strptime_datetime
    tt, fraction, gmtoff_fraction = _strptime(data_string, format)
  File "/usr/local/lib/python3.9/_strptime.py", line 349, in _strptime
    raise ValueError("time data %r does not match format %r" %
ValueError: time data 'Jan 10, 2025' does not match format '%d-%b-%Y'
2025-01-16 15:30:02,611:WARNING:parse:movie_parser:177:  movie_id: tt11891850, release_date_id set to NONE
2025-01-16 15:30:02,671:INFO:parse:movie_parser:111:  Parsing movie_id: tt28082769
2025-01-16 15:30:03,123:ERROR:parse:movie_parser:175:  time data 'Dec 13, 2024 (Jan 17, 2025)' does not match format '%d-%b-%Y'
Traceback (most recent call last):
  File "/opt/src/extract_scripts/parse.py", line 169, in movie_parser
    movie_data_dict['release_date_id']=str(datetime.strptime(release_date,"%d-%b-%Y").date()).replace('-','')
  File "/usr/local/lib/python3.9/_strptime.py", line 568, in _strptime_datetime
    tt, fraction, gmtoff_fraction = _strptime(data_string, format)
  File "/usr/local/lib/python3.9/_strptime.py", line 349, in _strptime
    raise ValueError("time data %r does not match format %r" %
ValueError: time data 'Dec 13, 2024 (Jan 17, 2025)' does not match format '%d-%b-%Y'
2025-01-16 15:30:03,127:WARNING:parse:movie_parser:177:  movie_id: tt28082769, release_date_id set to NONE
2025-01-16 15:30:03,192:INFO:parse:movie_parser:111:  Parsing movie_id: tt20215234
2025-01-16 15:30:04,092:ERROR:parse:movie_parser:175:  time data 'Oct 25, 2024' does not match format '%d-%b-%Y'
Traceback (most recent call last):
  File "/opt/src/extract_scripts/parse.py", line 169, in movie_parser
    movie_data_dict['release_date_id']=str(datetime.strptime(release_date,"%d-%b-%Y").date()).replace('-','')
  File "/usr/local/lib/python3.9/_strptime.py", line 568, in _strptime_datetime
    tt, fraction, gmtoff_fraction = _strptime(data_string, format)
  File "/usr/local/lib/python3.9/_strptime.py", line 349, in _strptime
    raise ValueError("time data %r does not match format %r" %
ValueError: time data 'Oct 25, 2024' does not match format '%d-%b-%Y'
2025-01-16 15:30:04,093:WARNING:parse:movie_parser:177:  movie_id: tt20215234, release_date_id set to NONE
2025-01-16 15:30:04,148:INFO:parse:movie_parser:111:  Parsing movie_id: tt14824600
2025-01-16 15:30:04,543:ERROR:parse:movie_parser:175:  time data 'Dec 13, 2024' does not match format '%d-%b-%Y'
Traceback (most recent call last):
  File "/opt/src/extract_scripts/parse.py", line 169, in movie_parser
    movie_data_dict['release_date_id']=str(datetime.strptime(release_date,"%d-%b-%Y").date()).replace('-','')
  File "/usr/local/lib/python3.9/_strptime.py", line 568, in _strptime_datetime
    tt, fraction, gmtoff_fraction = _strptime(data_string, format)
  File "/usr/local/lib/python3.9/_strptime.py", line 349, in _strptime
    raise ValueError("time data %r does not match format %r" %
ValueError: time data 'Dec 13, 2024' does not match format '%d-%b-%Y'
2025-01-16 15:30:04,545:WARNING:parse:movie_parser:177:  movie_id: tt14824600, release_date_id set to NONE
2025-01-16 15:30:04,602:INFO:parse:movie_parser:111:  Parsing movie_id: tt29623480
2025-01-16 15:30:05,309:ERROR:parse:movie_parser:175:  time data 'Sep 27, 2024' does not match format '%d-%b-%Y'
Traceback (most recent call last):
  File "/opt/src/extract_scripts/parse.py", line 169, in movie_parser
    movie_data_dict['release_date_id']=str(datetime.strptime(release_date,"%d-%b-%Y").date()).replace('-','')
  File "/usr/local/lib/python3.9/_strptime.py", line 568, in _strptime_datetime
    tt, fraction, gmtoff_fraction = _strptime(data_string, format)
  File "/usr/local/lib/python3.9/_strptime.py", line 349, in _strptime
    raise ValueError("time data %r does not match format %r" %
ValueError: time data 'Sep 27, 2024' does not match format '%d-%b-%Y'
2025-01-16 15:30:05,311:WARNING:parse:movie_parser:177:  movie_id: tt29623480, release_date_id set to NONE
2025-01-16 15:30:20,628:INFO:extract:movie_cast_filmmakers_extract:154:  movie iteration 0 and filmamker iteration 0 for movie_id : tt13186482 and filmmaker_id: nm1503575
2025-01-16 15:30:22,381:INFO:extract:distributor_scraper:319:  Iteration: 0 and movie_id: tt13186482
2025-01-16 15:30:23,701:INFO:extract:genre_scraper:237:  movie_iteration: 0, genre_iteration0 for movie_id: tt13186482 and genre_id: in0000092
2025-01-16 15:31:40,154:INFO:extract:distributor_scraper:319:  Iteration: 1 and movie_id: tt8008948
2025-01-16 15:31:40,992:INFO:extract:genre_scraper:237:  movie_iteration: 0, genre_iteration1 for movie_id: tt13186482 and genre_id: in0000028
2025-01-16 15:32:03,106:INFO:extract:movie_cast_filmmakers_extract:154:  movie iteration 0 and filmamker iteration 1 for movie_id : tt13186482 and filmmaker_id: nm0622288
2025-01-16 15:32:38,243:INFO:extract:genre_scraper:237:  movie_iteration: 0, genre_iteration2 for movie_id: tt13186482 and genre_id: in0000012
2025-01-16 15:32:41,564:INFO:extract:distributor_scraper:319:  Iteration: 2 and movie_id: tt18259086
2025-01-16 15:33:07,116:INFO:extract:genre_scraper:237:  movie_iteration: 0, genre_iteration3 for movie_id: tt13186482 and genre_id: in0000026
2025-01-16 15:33:10,192:INFO:extract:distributor_scraper:319:  Iteration: 3 and movie_id: tt5040012
2025-01-16 15:33:31,674:INFO:extract:movie_cast_filmmakers_extract:154:  movie iteration 0 and filmamker iteration 2 for movie_id : tt13186482 and filmmaker_id: nm0941314
