[2025-01-09T12:27:38.280+0000] {local_task_job_runner.py:123} INFO - ::group::Pre task execution logs
[2025-01-09T12:27:38.582+0000] {taskinstance.py:2613} INFO - Dependencies all met for dep_context=non-requeueable deps ti=<TaskInstance: movie_pipeline.run_databricks_notebook scheduled__2025-01-08T00:00:00+00:00 [queued]>
[2025-01-09T12:27:38.719+0000] {taskinstance.py:2613} INFO - Dependencies all met for dep_context=requeueable deps ti=<TaskInstance: movie_pipeline.run_databricks_notebook scheduled__2025-01-08T00:00:00+00:00 [queued]>
[2025-01-09T12:27:38.745+0000] {taskinstance.py:2866} INFO - Starting attempt 1 of 1
[2025-01-09T12:27:38.937+0000] {taskinstance.py:2889} INFO - Executing <Task(DatabricksNotebookOperator): run_databricks_notebook> on 2025-01-08 00:00:00+00:00
[2025-01-09T12:27:39.096+0000] {standard_task_runner.py:72} INFO - Started process 181 to run task
[2025-01-09T12:27:39.124+0000] {standard_task_runner.py:104} INFO - Running: ['airflow', 'tasks', 'run', 'movie_pipeline', 'run_databricks_notebook', 'scheduled__2025-01-08T00:00:00+00:00', '--job-id', '136', '--raw', '--subdir', 'DAGS_FOLDER/pipeline_dag.py', '--cfg-path', '/tmp/tmpdkn9bgbx']
[2025-01-09T12:27:39.193+0000] {standard_task_runner.py:105} INFO - Job 136: Subtask run_databricks_notebook
[2025-01-09T12:27:40.266+0000] {task_command.py:467} INFO - Running <TaskInstance: movie_pipeline.run_databricks_notebook scheduled__2025-01-08T00:00:00+00:00 [running]> on host 78b847e880a5
[2025-01-09T12:27:41.246+0000] {taskinstance.py:3132} INFO - Exporting env vars: AIRFLOW_CTX_DAG_OWNER='airflow' AIRFLOW_CTX_DAG_ID='movie_pipeline' AIRFLOW_CTX_TASK_ID='run_databricks_notebook' AIRFLOW_CTX_EXECUTION_DATE='2025-01-08T00:00:00+00:00' AIRFLOW_CTX_TRY_NUMBER='1' AIRFLOW_CTX_DAG_RUN_ID='scheduled__2025-01-08T00:00:00+00:00'
[2025-01-09T12:27:41.263+0000] {taskinstance.py:731} INFO - ::endgroup::
[2025-01-09T12:27:41.482+0000] {base.py:84} INFO - Retrieving connection 'databricks_default'
[2025-01-09T12:27:42.458+0000] {databricks.py:1098} INFO - Check the job run in Databricks: https://dbc-642e039b-9d51.cloud.databricks.com/?o=2557426697257658#job/436465948069397/run/1016356286053209
[2025-01-09T12:27:43.459+0000] {databricks.py:1171} INFO - Check the task run in Databricks: https://dbc-642e039b-9d51.cloud.databricks.com/?o=2557426697257658#job/436465948069397/run/1016356286053209
[2025-01-09T12:27:43.508+0000] {databricks.py:1173} INFO - Current state of the the databricks task movie_pipeline__run_databricks_notebook is PENDING
[2025-01-09T12:27:48.668+0000] {databricks.py:1195} INFO - Current state of the databricks task movie_pipeline__run_databricks_notebook is PENDING
[2025-01-09T12:27:53.997+0000] {databricks.py:1195} INFO - Current state of the databricks task movie_pipeline__run_databricks_notebook is PENDING
[2025-01-09T12:27:59.219+0000] {databricks.py:1195} INFO - Current state of the databricks task movie_pipeline__run_databricks_notebook is PENDING
[2025-01-09T12:28:04.788+0000] {databricks.py:1195} INFO - Current state of the databricks task movie_pipeline__run_databricks_notebook is PENDING
[2025-01-09T12:28:10.005+0000] {databricks.py:1195} INFO - Current state of the databricks task movie_pipeline__run_databricks_notebook is PENDING
[2025-01-09T12:28:15.211+0000] {databricks.py:1195} INFO - Current state of the databricks task movie_pipeline__run_databricks_notebook is PENDING
[2025-01-09T12:28:20.332+0000] {databricks.py:1195} INFO - Current state of the databricks task movie_pipeline__run_databricks_notebook is PENDING
[2025-01-09T12:28:25.659+0000] {databricks.py:1195} INFO - Current state of the databricks task movie_pipeline__run_databricks_notebook is PENDING
[2025-01-09T12:28:30.826+0000] {databricks.py:1195} INFO - Current state of the databricks task movie_pipeline__run_databricks_notebook is PENDING
[2025-01-09T12:28:36.067+0000] {databricks.py:1195} INFO - Current state of the databricks task movie_pipeline__run_databricks_notebook is PENDING
[2025-01-09T12:28:41.261+0000] {databricks.py:1195} INFO - Current state of the databricks task movie_pipeline__run_databricks_notebook is PENDING
[2025-01-09T12:28:46.442+0000] {databricks.py:1195} INFO - Current state of the databricks task movie_pipeline__run_databricks_notebook is PENDING
[2025-01-09T12:28:51.790+0000] {databricks.py:1195} INFO - Current state of the databricks task movie_pipeline__run_databricks_notebook is PENDING
[2025-01-09T12:28:56.991+0000] {databricks.py:1195} INFO - Current state of the databricks task movie_pipeline__run_databricks_notebook is PENDING
[2025-01-09T12:29:04.042+0000] {databricks.py:1195} INFO - Current state of the databricks task movie_pipeline__run_databricks_notebook is PENDING
[2025-01-09T12:29:10.568+0000] {databricks.py:1195} INFO - Current state of the databricks task movie_pipeline__run_databricks_notebook is PENDING
[2025-01-09T12:29:16.099+0000] {databricks.py:1195} INFO - Current state of the databricks task movie_pipeline__run_databricks_notebook is PENDING
[2025-01-09T12:29:21.234+0000] {databricks.py:1195} INFO - Current state of the databricks task movie_pipeline__run_databricks_notebook is PENDING
[2025-01-09T12:29:26.407+0000] {databricks.py:1195} INFO - Current state of the databricks task movie_pipeline__run_databricks_notebook is PENDING
[2025-01-09T12:29:31.580+0000] {databricks.py:1195} INFO - Current state of the databricks task movie_pipeline__run_databricks_notebook is PENDING
[2025-01-09T12:29:36.737+0000] {databricks.py:1195} INFO - Current state of the databricks task movie_pipeline__run_databricks_notebook is PENDING
[2025-01-09T12:29:41.993+0000] {databricks.py:1195} INFO - Current state of the databricks task movie_pipeline__run_databricks_notebook is PENDING
[2025-01-09T12:29:47.438+0000] {databricks.py:1195} INFO - Current state of the databricks task movie_pipeline__run_databricks_notebook is PENDING
[2025-01-09T12:29:52.795+0000] {databricks.py:1195} INFO - Current state of the databricks task movie_pipeline__run_databricks_notebook is PENDING
[2025-01-09T12:29:57.951+0000] {databricks.py:1195} INFO - Current state of the databricks task movie_pipeline__run_databricks_notebook is PENDING
[2025-01-09T12:30:03.130+0000] {databricks.py:1195} INFO - Current state of the databricks task movie_pipeline__run_databricks_notebook is PENDING
[2025-01-09T12:30:08.386+0000] {databricks.py:1195} INFO - Current state of the databricks task movie_pipeline__run_databricks_notebook is PENDING
[2025-01-09T12:30:13.845+0000] {databricks.py:1195} INFO - Current state of the databricks task movie_pipeline__run_databricks_notebook is PENDING
[2025-01-09T12:30:18.990+0000] {databricks.py:1195} INFO - Current state of the databricks task movie_pipeline__run_databricks_notebook is PENDING
[2025-01-09T12:30:24.899+0000] {databricks.py:1195} INFO - Current state of the databricks task movie_pipeline__run_databricks_notebook is PENDING
[2025-01-09T12:30:30.026+0000] {databricks.py:1195} INFO - Current state of the databricks task movie_pipeline__run_databricks_notebook is PENDING
[2025-01-09T12:30:35.141+0000] {databricks.py:1195} INFO - Current state of the databricks task movie_pipeline__run_databricks_notebook is PENDING
[2025-01-09T12:30:40.302+0000] {databricks.py:1195} INFO - Current state of the databricks task movie_pipeline__run_databricks_notebook is PENDING
[2025-01-09T12:30:45.453+0000] {databricks.py:1195} INFO - Current state of the databricks task movie_pipeline__run_databricks_notebook is PENDING
[2025-01-09T12:30:50.650+0000] {databricks.py:1195} INFO - Current state of the databricks task movie_pipeline__run_databricks_notebook is PENDING
[2025-01-09T12:30:55.778+0000] {databricks.py:1195} INFO - Current state of the databricks task movie_pipeline__run_databricks_notebook is PENDING
[2025-01-09T12:31:01.106+0000] {databricks.py:1195} INFO - Current state of the databricks task movie_pipeline__run_databricks_notebook is PENDING
[2025-01-09T12:31:06.260+0000] {databricks.py:1195} INFO - Current state of the databricks task movie_pipeline__run_databricks_notebook is PENDING
[2025-01-09T12:31:11.744+0000] {databricks.py:1195} INFO - Current state of the databricks task movie_pipeline__run_databricks_notebook is PENDING
[2025-01-09T12:31:17.032+0000] {databricks.py:1195} INFO - Current state of the databricks task movie_pipeline__run_databricks_notebook is PENDING
[2025-01-09T12:31:22.307+0000] {databricks.py:1195} INFO - Current state of the databricks task movie_pipeline__run_databricks_notebook is PENDING
[2025-01-09T12:31:27.871+0000] {databricks.py:1195} INFO - Current state of the databricks task movie_pipeline__run_databricks_notebook is PENDING
[2025-01-09T12:31:33.143+0000] {databricks.py:1195} INFO - Current state of the databricks task movie_pipeline__run_databricks_notebook is PENDING
[2025-01-09T12:31:38.394+0000] {databricks.py:1195} INFO - Current state of the databricks task movie_pipeline__run_databricks_notebook is PENDING
[2025-01-09T12:31:44.035+0000] {databricks.py:1195} INFO - Current state of the databricks task movie_pipeline__run_databricks_notebook is PENDING
[2025-01-09T12:31:49.379+0000] {databricks.py:1195} INFO - Current state of the databricks task movie_pipeline__run_databricks_notebook is PENDING
[2025-01-09T12:31:56.038+0000] {databricks.py:1195} INFO - Current state of the databricks task movie_pipeline__run_databricks_notebook is PENDING
[2025-01-09T12:32:01.272+0000] {databricks.py:1195} INFO - Current state of the databricks task movie_pipeline__run_databricks_notebook is PENDING
[2025-01-09T12:32:06.421+0000] {databricks.py:1195} INFO - Current state of the databricks task movie_pipeline__run_databricks_notebook is PENDING
[2025-01-09T12:32:11.636+0000] {databricks.py:1195} INFO - Current state of the databricks task movie_pipeline__run_databricks_notebook is PENDING
[2025-01-09T12:32:16.796+0000] {databricks.py:1195} INFO - Current state of the databricks task movie_pipeline__run_databricks_notebook is PENDING
[2025-01-09T12:32:22.070+0000] {databricks.py:1195} INFO - Current state of the databricks task movie_pipeline__run_databricks_notebook is PENDING
[2025-01-09T12:32:27.301+0000] {databricks.py:1195} INFO - Current state of the databricks task movie_pipeline__run_databricks_notebook is PENDING
[2025-01-09T12:32:32.429+0000] {databricks.py:1195} INFO - Current state of the databricks task movie_pipeline__run_databricks_notebook is PENDING
[2025-01-09T12:32:37.740+0000] {databricks.py:1195} INFO - Current state of the databricks task movie_pipeline__run_databricks_notebook is PENDING
[2025-01-09T12:32:42.917+0000] {databricks.py:1195} INFO - Current state of the databricks task movie_pipeline__run_databricks_notebook is PENDING
[2025-01-09T12:32:48.100+0000] {databricks.py:1195} INFO - Current state of the databricks task movie_pipeline__run_databricks_notebook is PENDING
[2025-01-09T12:32:53.200+0000] {databricks.py:1195} INFO - Current state of the databricks task movie_pipeline__run_databricks_notebook is PENDING
[2025-01-09T12:32:58.388+0000] {databricks.py:1195} INFO - Current state of the databricks task movie_pipeline__run_databricks_notebook is PENDING
[2025-01-09T12:33:03.502+0000] {databricks.py:1195} INFO - Current state of the databricks task movie_pipeline__run_databricks_notebook is PENDING
[2025-01-09T12:33:08.636+0000] {databricks.py:1195} INFO - Current state of the databricks task movie_pipeline__run_databricks_notebook is PENDING
[2025-01-09T12:33:13.766+0000] {databricks.py:1195} INFO - Current state of the databricks task movie_pipeline__run_databricks_notebook is PENDING
[2025-01-09T12:33:18.883+0000] {databricks.py:1195} INFO - Current state of the databricks task movie_pipeline__run_databricks_notebook is PENDING
[2025-01-09T12:33:24.284+0000] {databricks.py:1195} INFO - Current state of the databricks task movie_pipeline__run_databricks_notebook is PENDING
[2025-01-09T12:33:29.602+0000] {databricks.py:1195} INFO - Current state of the databricks task movie_pipeline__run_databricks_notebook is PENDING
[2025-01-09T12:33:34.766+0000] {databricks.py:1195} INFO - Current state of the databricks task movie_pipeline__run_databricks_notebook is PENDING
[2025-01-09T12:33:39.915+0000] {databricks.py:1195} INFO - Current state of the databricks task movie_pipeline__run_databricks_notebook is PENDING
[2025-01-09T12:33:45.036+0000] {databricks.py:1195} INFO - Current state of the databricks task movie_pipeline__run_databricks_notebook is PENDING
[2025-01-09T12:33:50.241+0000] {databricks.py:1195} INFO - Current state of the databricks task movie_pipeline__run_databricks_notebook is PENDING
[2025-01-09T12:33:55.449+0000] {databricks.py:1195} INFO - Current state of the databricks task movie_pipeline__run_databricks_notebook is PENDING
[2025-01-09T12:34:00.967+0000] {databricks.py:1195} INFO - Current state of the databricks task movie_pipeline__run_databricks_notebook is RUNNING
[2025-01-09T12:34:06.153+0000] {databricks.py:1195} INFO - Current state of the databricks task movie_pipeline__run_databricks_notebook is RUNNING
[2025-01-09T12:34:11.885+0000] {databricks.py:1195} INFO - Current state of the databricks task movie_pipeline__run_databricks_notebook is RUNNING
[2025-01-09T12:34:17.183+0000] {databricks.py:1195} INFO - Current state of the databricks task movie_pipeline__run_databricks_notebook is RUNNING
[2025-01-09T12:34:22.346+0000] {databricks.py:1195} INFO - Current state of the databricks task movie_pipeline__run_databricks_notebook is RUNNING
[2025-01-09T12:34:27.587+0000] {databricks.py:1195} INFO - Current state of the databricks task movie_pipeline__run_databricks_notebook is RUNNING
[2025-01-09T12:34:32.966+0000] {databricks.py:1195} INFO - Current state of the databricks task movie_pipeline__run_databricks_notebook is RUNNING
[2025-01-09T12:34:38.703+0000] {databricks.py:1195} INFO - Current state of the databricks task movie_pipeline__run_databricks_notebook is RUNNING
[2025-01-09T12:34:44.029+0000] {databricks.py:1195} INFO - Current state of the databricks task movie_pipeline__run_databricks_notebook is RUNNING
[2025-01-09T12:34:49.382+0000] {databricks.py:1195} INFO - Current state of the databricks task movie_pipeline__run_databricks_notebook is TERMINATED
[2025-01-09T12:34:49.404+0000] {databricks.py:1116} INFO - Task succeeded. Final state SUCCESS.
[2025-01-09T12:34:49.878+0000] {taskinstance.py:340} INFO - ::group::Post task execution logs
[2025-01-09T12:34:49.881+0000] {taskinstance.py:352} INFO - Marking task as SUCCESS. dag_id=movie_pipeline, task_id=run_databricks_notebook, run_id=scheduled__2025-01-08T00:00:00+00:00, execution_date=20250108T000000, start_date=20250109T122738, end_date=20250109T123449
[2025-01-09T12:34:50.056+0000] {local_task_job_runner.py:266} INFO - Task exited with return code 0
[2025-01-09T12:34:50.482+0000] {local_task_job_runner.py:245} INFO - ::endgroup::
