[2025-01-09T12:28:19.450+0000] {local_task_job_runner.py:123} INFO - ::group::Pre task execution logs
[2025-01-09T12:28:19.530+0000] {taskinstance.py:2613} INFO - Dependencies all met for dep_context=non-requeueable deps ti=<TaskInstance: movie_pipeline.scrape_movies scheduled__2025-01-08T00:00:00+00:00 [queued]>
[2025-01-09T12:28:19.557+0000] {taskinstance.py:2613} INFO - Dependencies all met for dep_context=requeueable deps ti=<TaskInstance: movie_pipeline.scrape_movies scheduled__2025-01-08T00:00:00+00:00 [queued]>
[2025-01-09T12:28:19.562+0000] {taskinstance.py:2866} INFO - Starting attempt 1 of 1
[2025-01-09T12:28:19.611+0000] {taskinstance.py:2889} INFO - Executing <Task(PythonOperator): scrape_movies> on 2025-01-08 00:00:00+00:00
[2025-01-09T12:28:19.623+0000] {standard_task_runner.py:72} INFO - Started process 347 to run task
[2025-01-09T12:28:19.638+0000] {standard_task_runner.py:104} INFO - Running: ['airflow', 'tasks', 'run', 'movie_pipeline', 'scrape_movies', 'scheduled__2025-01-08T00:00:00+00:00', '--job-id', '139', '--raw', '--subdir', 'DAGS_FOLDER/pipeline_dag.py', '--cfg-path', '/tmp/tmp285xu8w9']
[2025-01-09T12:28:19.647+0000] {standard_task_runner.py:105} INFO - Job 139: Subtask scrape_movies
[2025-01-09T12:28:19.863+0000] {task_command.py:467} INFO - Running <TaskInstance: movie_pipeline.scrape_movies scheduled__2025-01-08T00:00:00+00:00 [running]> on host 78b847e880a5
[2025-01-09T12:28:20.387+0000] {taskinstance.py:3132} INFO - Exporting env vars: AIRFLOW_CTX_DAG_OWNER='airflow' AIRFLOW_CTX_DAG_ID='movie_pipeline' AIRFLOW_CTX_TASK_ID='scrape_movies' AIRFLOW_CTX_EXECUTION_DATE='2025-01-08T00:00:00+00:00' AIRFLOW_CTX_TRY_NUMBER='1' AIRFLOW_CTX_DAG_RUN_ID='scheduled__2025-01-08T00:00:00+00:00'
[2025-01-09T12:28:20.399+0000] {taskinstance.py:731} INFO - ::endgroup::
[2025-01-09T12:28:22.200+0000] {extract.py:57} INFO - Iteration: 0, release id: rl1511097089
[2025-01-09T12:28:49.858+0000] {extract.py:57} INFO - Iteration: 1, release id: rl886211329
[2025-01-09T12:29:21.107+0000] {extract.py:57} INFO - Iteration: 2, release id: rl2537783297
[2025-01-09T12:29:35.772+0000] {extract.py:57} INFO - Iteration: 3, release id: rl862748673
[2025-01-09T12:29:50.615+0000] {extract.py:57} INFO - Iteration: 4, release id: rl2843508737
[2025-01-09T12:30:16.065+0000] {extract.py:57} INFO - Iteration: 5, release id: rl1199474177
[2025-01-09T12:30:36.859+0000] {extract.py:57} INFO - Iteration: 6, release id: rl1778156289
[2025-01-09T12:30:50.542+0000] {extract.py:57} INFO - Iteration: 7, release id: rl2557247489
[2025-01-09T12:31:09.925+0000] {extract.py:57} INFO - Iteration: 8, release id: rl2778432257
[2025-01-09T12:31:38.928+0000] {extract.py:57} INFO - Iteration: 9, release id: rl259556097
[2025-01-09T12:32:06.730+0000] {extract.py:57} INFO - Iteration: 10, release id: rl677871617
[2025-01-09T12:32:19.339+0000] {extract.py:57} INFO - Iteration: 11, release id: rl3123675905
[2025-01-09T12:32:30.457+0000] {extract.py:57} INFO - Iteration: 12, release id: rl457277441
[2025-01-09T12:32:41.921+0000] {extract.py:57} INFO - Iteration: 13, release id: rl3277815809
[2025-01-09T12:32:51.944+0000] {extract.py:57} INFO - Iteration: 14, release id: rl3898179585
[2025-01-09T12:33:03.934+0000] {extract.py:57} INFO - Iteration: 15, release id: rl2841083905
[2025-01-09T12:33:13.739+0000] {extract.py:57} INFO - Iteration: 16, release id: rl2383183873
[2025-01-09T12:33:26.908+0000] {extract.py:57} INFO - Iteration: 17, release id: rl3881074689
[2025-01-09T12:33:37.391+0000] {extract.py:57} INFO - Iteration: 18, release id: rl3443949569
[2025-01-09T12:33:50.916+0000] {python.py:240} INFO - Done. Returned value was: run_20250106/movies_html_source_20250106.json
[2025-01-09T12:33:51.082+0000] {taskinstance.py:340} INFO - ::group::Post task execution logs
[2025-01-09T12:33:51.084+0000] {taskinstance.py:352} INFO - Marking task as SUCCESS. dag_id=movie_pipeline, task_id=scrape_movies, run_id=scheduled__2025-01-08T00:00:00+00:00, execution_date=20250108T000000, start_date=20250109T122819, end_date=20250109T123351
[2025-01-09T12:33:51.653+0000] {local_task_job_runner.py:266} INFO - Task exited with return code 0
[2025-01-09T12:33:52.042+0000] {local_task_job_runner.py:245} INFO - ::endgroup::
