[2024-12-27T12:59:51.051+0000] {local_task_job_runner.py:123} INFO - ::group::Pre task execution logs
[2024-12-27T12:59:53.178+0000] {taskinstance.py:2613} INFO - Dependencies all met for dep_context=non-requeueable deps ti=<TaskInstance: movie_pipeline.parse_distributors manual__2024-12-27T11:38:32.797674+00:00 [queued]>
[2024-12-27T12:59:53.215+0000] {taskinstance.py:2613} INFO - Dependencies all met for dep_context=requeueable deps ti=<TaskInstance: movie_pipeline.parse_distributors manual__2024-12-27T11:38:32.797674+00:00 [queued]>
[2024-12-27T12:59:53.218+0000] {taskinstance.py:2866} INFO - Starting attempt 1 of 1
[2024-12-27T12:59:53.404+0000] {taskinstance.py:2889} INFO - Executing <Task(PythonOperator): parse_distributors> on 2024-12-27 11:38:32.797674+00:00
[2024-12-27T12:59:53.437+0000] {standard_task_runner.py:72} INFO - Started process 3514 to run task
[2024-12-27T12:59:53.485+0000] {standard_task_runner.py:104} INFO - Running: ['airflow', 'tasks', 'run', 'movie_pipeline', 'parse_distributors', 'manual__2024-12-27T11:38:32.797674+00:00', '--job-id', '74', '--raw', '--subdir', 'DAGS_FOLDER/pipeline_dag.py', '--cfg-path', '/tmp/tmp4u_8v6oi']
[2024-12-27T12:59:53.497+0000] {standard_task_runner.py:105} INFO - Job 74: Subtask parse_distributors
[2024-12-27T12:59:54.064+0000] {task_command.py:467} INFO - Running <TaskInstance: movie_pipeline.parse_distributors manual__2024-12-27T11:38:32.797674+00:00 [running]> on host b92f2c33c491
[2024-12-27T12:59:55.183+0000] {taskinstance.py:3132} INFO - Exporting env vars: AIRFLOW_CTX_DAG_OWNER='airflow' AIRFLOW_CTX_DAG_ID='movie_pipeline' AIRFLOW_CTX_TASK_ID='parse_distributors' AIRFLOW_CTX_EXECUTION_DATE='2024-12-27T11:38:32.797674+00:00' AIRFLOW_CTX_TRY_NUMBER='1' AIRFLOW_CTX_DAG_RUN_ID='manual__2024-12-27T11:38:32.797674+00:00'
[2024-12-27T12:59:55.191+0000] {taskinstance.py:731} INFO - ::endgroup::
[2024-12-27T12:59:57.497+0000] {parse.py:547} INFO - Iteration: 0, movie_id: tt13186482
[2024-12-27T13:00:01.349+0000] {parse.py:547} INFO - Iteration: 1, movie_id: tt5040012
[2024-12-27T13:00:05.230+0000] {parse.py:547} INFO - Iteration: 2, movie_id: tt18259086
[2024-12-27T13:00:07.967+0000] {parse.py:547} INFO - Iteration: 3, movie_id: tt11563598
[2024-12-27T13:00:11.219+0000] {parse.py:547} INFO - Iteration: 4, movie_id: tt1262426
[2024-12-27T13:00:14.588+0000] {parse.py:547} INFO - Iteration: 5, movie_id: tt13622970
[2024-12-27T13:00:17.988+0000] {parse.py:547} INFO - Iteration: 6, movie_id: tt6133444
[2024-12-27T13:00:17.992+0000] {parse.py:553} WARNING - distributor['page_source']['num_of_ratings']['source'] is NONE
[2024-12-27T13:00:17.996+0000] {parse.py:559} WARNING - distributor['page_source']['us_box_office_collection']['source'] is NONE
[2024-12-27T13:00:17.998+0000] {parse.py:567} ERROR - 'NoneType' object has no attribute 'select_one'
Traceback (most recent call last):
  File "/opt/src/parse.py", line 565, in distributor_parser
    distributor_dict['distributor_name']=soup_num_of_rating.select_one(XPathToSelector('''//*[@id="__next"]/main/div[2]/div[3]/section/section/div/section/section/div[2]/div/section/div[1]/div/div/div[2]/button[2]''')).text
AttributeError: 'NoneType' object has no attribute 'select_one'
[2024-12-27T13:00:18.005+0000] {parse.py:569} WARNING - distributor_dict['distributor_name'] set to NONE
[2024-12-27T13:00:18.008+0000] {parse.py:573} ERROR - 'NoneType' object has no attribute 'select_one'
Traceback (most recent call last):
  File "/opt/src/parse.py", line 571, in distributor_parser
    distributor_dict['total_movies']=soup_num_of_rating.select_one(XPathToSelector('''//*[@id="__next"]/main/div[2]/div[3]/section/section/div/section/section/div[2]/div/section/div[2]/div[2]/div[1]/div[1]''')).text.split(' ')[-1]
AttributeError: 'NoneType' object has no attribute 'select_one'
[2024-12-27T13:00:18.010+0000] {parse.py:575} WARNING - distributor_dict['total_movies'] set to NONE
[2024-12-27T13:00:18.013+0000] {parse.py:579} ERROR - 'NoneType' object has no attribute 'select_one'
Traceback (most recent call last):
  File "/opt/src/parse.py", line 577, in distributor_parser
    distributor_dict['top_movie_NumOfRating']=soup_num_of_rating.select_one(XPathToSelector('''//*[@id="__next"]/main/div[2]/div[3]/section/section/div/section/section/div[2]/div/section/div[2]/div[2]/ul/li[1]/div/div/div/div[1]/div[2]/div[1]/a''')).get('href').split('/')[-2]
AttributeError: 'NoneType' object has no attribute 'select_one'
[2024-12-27T13:00:18.015+0000] {parse.py:581} WARNING - distributor_dict['top_movie_NumOfRating'] set to NONE
[2024-12-27T13:00:18.019+0000] {parse.py:585} ERROR - 'NoneType' object has no attribute 'select_one'
Traceback (most recent call last):
  File "/opt/src/parse.py", line 583, in distributor_parser
    distributor_dict['top_movie_US_BoxOffice']=soup_us_box_office.select_one(XPathToSelector('''//*[@id="__next"]/main/div[2]/div[3]/section/section/div/section/section/div[2]/div/section/div[2]/div[2]/ul/li[1]/div/div/div/div[1]/div[2]/div[1]/a''')).get('href').split('/')[-2]
AttributeError: 'NoneType' object has no attribute 'select_one'
[2024-12-27T13:00:18.022+0000] {parse.py:587} WARNING - distributor_dict['top_movie_US_BoxOffice'] set to NONE
[2024-12-27T13:00:18.023+0000] {parse.py:547} INFO - Iteration: 7, movie_id: tt30057084
[2024-12-27T13:00:21.089+0000] {parse.py:547} INFO - Iteration: 8, movie_id: tt9218128
[2024-12-27T13:00:24.567+0000] {parse.py:547} INFO - Iteration: 9, movie_id: tt29137778
[2024-12-27T13:00:27.729+0000] {parse.py:547} INFO - Iteration: 10, movie_id: tt8790086
[2024-12-27T13:00:32.078+0000] {parse.py:547} INFO - Iteration: 11, movie_id: tt14948432
[2024-12-27T13:00:34.839+0000] {parse.py:547} INFO - Iteration: 12, movie_id: tt2347285
[2024-12-27T13:00:38.844+0000] {parse.py:547} INFO - Iteration: 13, movie_id: tt14824600
[2024-12-27T13:00:41.286+0000] {parse.py:547} INFO - Iteration: 14, movie_id: tt8999762
[2024-12-27T13:00:44.424+0000] {parse.py:547} INFO - Iteration: 15, movie_id: tt21823606
[2024-12-27T13:00:47.299+0000] {parse.py:547} INFO - Iteration: 16, movie_id: tt20215234
[2024-12-27T13:00:50.129+0000] {parse.py:547} INFO - Iteration: 17, movie_id: tt23055660
[2024-12-27T13:00:54.204+0000] {parse.py:547} INFO - Iteration: 18, movie_id: tt14260836
[2024-12-27T13:00:54.211+0000] {parse.py:553} WARNING - distributor['page_source']['num_of_ratings']['source'] is NONE
[2024-12-27T13:00:54.221+0000] {parse.py:559} WARNING - distributor['page_source']['us_box_office_collection']['source'] is NONE
[2024-12-27T13:00:54.233+0000] {parse.py:567} ERROR - 'NoneType' object has no attribute 'select_one'
Traceback (most recent call last):
  File "/opt/src/parse.py", line 565, in distributor_parser
    distributor_dict['distributor_name']=soup_num_of_rating.select_one(XPathToSelector('''//*[@id="__next"]/main/div[2]/div[3]/section/section/div/section/section/div[2]/div/section/div[1]/div/div/div[2]/button[2]''')).text
AttributeError: 'NoneType' object has no attribute 'select_one'
[2024-12-27T13:00:54.246+0000] {parse.py:569} WARNING - distributor_dict['distributor_name'] set to NONE
[2024-12-27T13:00:54.254+0000] {parse.py:573} ERROR - 'NoneType' object has no attribute 'select_one'
Traceback (most recent call last):
  File "/opt/src/parse.py", line 571, in distributor_parser
    distributor_dict['total_movies']=soup_num_of_rating.select_one(XPathToSelector('''//*[@id="__next"]/main/div[2]/div[3]/section/section/div/section/section/div[2]/div/section/div[2]/div[2]/div[1]/div[1]''')).text.split(' ')[-1]
AttributeError: 'NoneType' object has no attribute 'select_one'
[2024-12-27T13:00:54.277+0000] {parse.py:575} WARNING - distributor_dict['total_movies'] set to NONE
[2024-12-27T13:00:54.300+0000] {parse.py:579} ERROR - 'NoneType' object has no attribute 'select_one'
Traceback (most recent call last):
  File "/opt/src/parse.py", line 577, in distributor_parser
    distributor_dict['top_movie_NumOfRating']=soup_num_of_rating.select_one(XPathToSelector('''//*[@id="__next"]/main/div[2]/div[3]/section/section/div/section/section/div[2]/div/section/div[2]/div[2]/ul/li[1]/div/div/div/div[1]/div[2]/div[1]/a''')).get('href').split('/')[-2]
AttributeError: 'NoneType' object has no attribute 'select_one'
[2024-12-27T13:00:54.328+0000] {parse.py:581} WARNING - distributor_dict['top_movie_NumOfRating'] set to NONE
[2024-12-27T13:00:54.378+0000] {parse.py:585} ERROR - 'NoneType' object has no attribute 'select_one'
Traceback (most recent call last):
  File "/opt/src/parse.py", line 583, in distributor_parser
    distributor_dict['top_movie_US_BoxOffice']=soup_us_box_office.select_one(XPathToSelector('''//*[@id="__next"]/main/div[2]/div[3]/section/section/div/section/section/div[2]/div/section/div[2]/div[2]/ul/li[1]/div/div/div/div[1]/div[2]/div[1]/a''')).get('href').split('/')[-2]
AttributeError: 'NoneType' object has no attribute 'select_one'
[2024-12-27T13:00:54.385+0000] {parse.py:587} WARNING - distributor_dict['top_movie_US_BoxOffice'] set to NONE
[2024-12-27T13:00:54.392+0000] {parse.py:547} INFO - Iteration: 19, movie_id: tt26446278
[2024-12-27T13:00:56.205+0000] {parse.py:547} INFO - Iteration: 20, movie_id: tt28082769
[2024-12-27T13:00:59.209+0000] {parse.py:547} INFO - Iteration: 21, movie_id: tt29623480
[2024-12-27T13:01:01.850+0000] {parse.py:547} INFO - Iteration: 22, movie_id: tt21987878
[2024-12-27T13:01:01.868+0000] {parse.py:553} WARNING - distributor['page_source']['num_of_ratings']['source'] is NONE
[2024-12-27T13:01:01.878+0000] {parse.py:559} WARNING - distributor['page_source']['us_box_office_collection']['source'] is NONE
[2024-12-27T13:01:01.888+0000] {parse.py:567} ERROR - 'NoneType' object has no attribute 'select_one'
Traceback (most recent call last):
  File "/opt/src/parse.py", line 565, in distributor_parser
    distributor_dict['distributor_name']=soup_num_of_rating.select_one(XPathToSelector('''//*[@id="__next"]/main/div[2]/div[3]/section/section/div/section/section/div[2]/div/section/div[1]/div/div/div[2]/button[2]''')).text
AttributeError: 'NoneType' object has no attribute 'select_one'
[2024-12-27T13:01:01.897+0000] {parse.py:569} WARNING - distributor_dict['distributor_name'] set to NONE
[2024-12-27T13:01:01.908+0000] {parse.py:573} ERROR - 'NoneType' object has no attribute 'select_one'
Traceback (most recent call last):
  File "/opt/src/parse.py", line 571, in distributor_parser
    distributor_dict['total_movies']=soup_num_of_rating.select_one(XPathToSelector('''//*[@id="__next"]/main/div[2]/div[3]/section/section/div/section/section/div[2]/div/section/div[2]/div[2]/div[1]/div[1]''')).text.split(' ')[-1]
AttributeError: 'NoneType' object has no attribute 'select_one'
[2024-12-27T13:01:01.911+0000] {parse.py:575} WARNING - distributor_dict['total_movies'] set to NONE
[2024-12-27T13:01:01.913+0000] {parse.py:579} ERROR - 'NoneType' object has no attribute 'select_one'
Traceback (most recent call last):
  File "/opt/src/parse.py", line 577, in distributor_parser
    distributor_dict['top_movie_NumOfRating']=soup_num_of_rating.select_one(XPathToSelector('''//*[@id="__next"]/main/div[2]/div[3]/section/section/div/section/section/div[2]/div/section/div[2]/div[2]/ul/li[1]/div/div/div/div[1]/div[2]/div[1]/a''')).get('href').split('/')[-2]
AttributeError: 'NoneType' object has no attribute 'select_one'
[2024-12-27T13:01:01.919+0000] {parse.py:581} WARNING - distributor_dict['top_movie_NumOfRating'] set to NONE
[2024-12-27T13:01:01.924+0000] {parse.py:585} ERROR - 'NoneType' object has no attribute 'select_one'
Traceback (most recent call last):
  File "/opt/src/parse.py", line 583, in distributor_parser
    distributor_dict['top_movie_US_BoxOffice']=soup_us_box_office.select_one(XPathToSelector('''//*[@id="__next"]/main/div[2]/div[3]/section/section/div/section/section/div[2]/div/section/div[2]/div[2]/ul/li[1]/div/div/div/div[1]/div[2]/div[1]/a''')).get('href').split('/')[-2]
AttributeError: 'NoneType' object has no attribute 'select_one'
[2024-12-27T13:01:01.928+0000] {parse.py:587} WARNING - distributor_dict['top_movie_US_BoxOffice'] set to NONE
[2024-12-27T13:01:01.944+0000] {python.py:240} INFO - Done. Returned value was: run_20241225/distributor_parsed_20241225.json
[2024-12-27T13:01:02.192+0000] {taskinstance.py:340} INFO - ::group::Post task execution logs
[2024-12-27T13:01:02.211+0000] {taskinstance.py:352} INFO - Marking task as SUCCESS. dag_id=movie_pipeline, task_id=parse_distributors, run_id=manual__2024-12-27T11:38:32.797674+00:00, execution_date=20241227T113832, start_date=20241227T125953, end_date=20241227T130102
[2024-12-27T13:01:02.511+0000] {local_task_job_runner.py:266} INFO - Task exited with return code 0
[2024-12-27T13:01:02.844+0000] {taskinstance.py:3895} INFO - 0 downstream tasks scheduled from follow-on schedule check
[2024-12-27T13:01:02.911+0000] {local_task_job_runner.py:245} INFO - ::endgroup::
