[2024-12-12T22:45:03.484+0530] {local_task_job_runner.py:123} INFO - ::group::Pre task execution logs
[2024-12-12T22:45:03.502+0530] {taskinstance.py:2613} INFO - Dependencies all met for dep_context=non-requeueable deps ti=<TaskInstance: tutorial.templated backfill__2015-06-04T00:00:00+00:00 [queued]>
[2024-12-12T22:45:03.513+0530] {taskinstance.py:2613} INFO - Dependencies all met for dep_context=requeueable deps ti=<TaskInstance: tutorial.templated backfill__2015-06-04T00:00:00+00:00 [queued]>
[2024-12-12T22:45:03.514+0530] {taskinstance.py:2866} INFO - Starting attempt 1 of 2
[2024-12-12T22:45:03.530+0530] {taskinstance.py:2889} INFO - Executing <Task(BashOperator): templated> on 2015-06-04 00:00:00+00:00
[2024-12-12T22:45:03.539+0530] {logging_mixin.py:190} WARNING - /Users/jayesh/Desktop/Personal Work/Movie_data_pipeline/.venv/lib/python3.12/site-packages/airflow/task/task_runner/standard_task_runner.py:70 DeprecationWarning: This process (pid=48834) is multi-threaded, use of fork() may lead to deadlocks in the child.
[2024-12-12T22:45:03.541+0530] {standard_task_runner.py:72} INFO - Started process 48854 to run task
[2024-12-12T22:45:03.544+0530] {standard_task_runner.py:104} INFO - Running: ['airflow', 'tasks', 'run', 'tutorial', 'templated', 'backfill__2015-06-04T00:00:00+00:00', '--job-id', '29', '--pool', 'default_pool', '--raw', '--subdir', '/Users/jayesh/Desktop/Personal Work/Movie_data_pipeline/.venv/lib/python3.12/site-packages/airflow/example_dags/tutorial.py', '--cfg-path', '/var/folders/h6/l2cjrfls77b6_h6zs5w5vn4r0000gn/T/tmp4qx0u8n2']
[2024-12-12T22:45:03.549+0530] {standard_task_runner.py:105} INFO - Job 29: Subtask templated
[2024-12-12T22:45:03.637+0530] {task_command.py:467} INFO - Running <TaskInstance: tutorial.templated backfill__2015-06-04T00:00:00+00:00 [running]> on host Jayeshs-MacBook-Air.local
[2024-12-12T22:45:03.722+0530] {taskinstance.py:3132} INFO - Exporting env vars: AIRFLOW_CTX_DAG_EMAIL='airflow@example.com' AIRFLOW_CTX_DAG_OWNER='airflow' AIRFLOW_CTX_DAG_ID='tutorial' AIRFLOW_CTX_TASK_ID='templated' AIRFLOW_CTX_EXECUTION_DATE='2015-06-04T00:00:00+00:00' AIRFLOW_CTX_TRY_NUMBER='1' AIRFLOW_CTX_DAG_RUN_ID='backfill__2015-06-04T00:00:00+00:00'
[2024-12-12T22:45:03.724+0530] {logging_mixin.py:190} INFO - Task instance is in running state
[2024-12-12T22:45:03.725+0530] {logging_mixin.py:190} INFO -  Previous state of the Task instance: queued
[2024-12-12T22:45:03.726+0530] {logging_mixin.py:190} INFO - Current task name:templated state:running start_date:2024-12-12 17:15:03.502695+00:00
[2024-12-12T22:45:03.727+0530] {logging_mixin.py:190} INFO - Dag name:tutorial and current dag run status:running
[2024-12-12T22:45:03.728+0530] {taskinstance.py:731} INFO - ::endgroup::
[2024-12-12T22:45:03.729+0530] {subprocess.py:78} INFO - Tmp dir root location: /var/folders/h6/l2cjrfls77b6_h6zs5w5vn4r0000gn/T
[2024-12-12T22:45:03.731+0530] {subprocess.py:88} INFO - Running command: ['/bin/bash', '-c', '\n\n    echo "2015-06-04"\n    echo "2015-06-11"\n\n    echo "2015-06-04"\n    echo "2015-06-11"\n\n    echo "2015-06-04"\n    echo "2015-06-11"\n\n    echo "2015-06-04"\n    echo "2015-06-11"\n\n    echo "2015-06-04"\n    echo "2015-06-11"\n']
[2024-12-12T22:45:03.739+0530] {subprocess.py:99} INFO - Output:
[2024-12-12T22:45:03.745+0530] {subprocess.py:106} INFO - 2015-06-04
[2024-12-12T22:45:03.746+0530] {subprocess.py:106} INFO - 2015-06-11
[2024-12-12T22:45:03.747+0530] {subprocess.py:106} INFO - 2015-06-04
[2024-12-12T22:45:03.748+0530] {subprocess.py:106} INFO - 2015-06-11
[2024-12-12T22:45:03.748+0530] {subprocess.py:106} INFO - 2015-06-04
[2024-12-12T22:45:03.749+0530] {subprocess.py:106} INFO - 2015-06-11
[2024-12-12T22:45:03.749+0530] {subprocess.py:106} INFO - 2015-06-04
[2024-12-12T22:45:03.750+0530] {subprocess.py:106} INFO - 2015-06-11
[2024-12-12T22:45:03.750+0530] {subprocess.py:106} INFO - 2015-06-04
[2024-12-12T22:45:03.751+0530] {subprocess.py:106} INFO - 2015-06-11
[2024-12-12T22:45:03.752+0530] {subprocess.py:110} INFO - Command exited with return code 0
[2024-12-12T22:45:03.771+0530] {taskinstance.py:340} INFO - ::group::Post task execution logs
[2024-12-12T22:45:03.772+0530] {taskinstance.py:352} INFO - Marking task as SUCCESS. dag_id=tutorial, task_id=templated, run_id=backfill__2015-06-04T00:00:00+00:00, execution_date=20150604T000000, start_date=20241212T171503, end_date=20241212T171503
[2024-12-12T22:45:03.784+0530] {logging_mixin.py:190} INFO - Task instance in success state
[2024-12-12T22:45:03.785+0530] {logging_mixin.py:190} INFO -  Previous state of the Task instance: running
[2024-12-12T22:45:03.786+0530] {logging_mixin.py:190} INFO - Dag name:tutorial queued_at:None
[2024-12-12T22:45:03.786+0530] {logging_mixin.py:190} INFO - Task hostname:Jayeshs-MacBook-Air.local operator:BashOperator
[2024-12-12T22:45:03.813+0530] {local_task_job_runner.py:266} INFO - Task exited with return code 0
[2024-12-12T22:45:03.834+0530] {taskinstance.py:3895} INFO - 0 downstream tasks scheduled from follow-on schedule check
[2024-12-12T22:45:03.835+0530] {local_task_job_runner.py:245} INFO - ::endgroup::
