[2024-12-20T08:58:27.302+0530] {local_task_job_runner.py:123} INFO - ::group::Pre task execution logs
[2024-12-20T08:58:27.313+0530] {taskinstance.py:2613} INFO - Dependencies all met for dep_context=non-requeueable deps ti=<TaskInstance: movie_pipeline.scrape_movies scheduled__2024-12-19T00:00:00+00:00 [queued]>
[2024-12-20T08:58:27.319+0530] {taskinstance.py:2613} INFO - Dependencies all met for dep_context=requeueable deps ti=<TaskInstance: movie_pipeline.scrape_movies scheduled__2024-12-19T00:00:00+00:00 [queued]>
[2024-12-20T08:58:27.320+0530] {taskinstance.py:2866} INFO - Starting attempt 1 of 1
[2024-12-20T08:58:27.337+0530] {taskinstance.py:2889} INFO - Executing <Task(PythonOperator): scrape_movies> on 2024-12-19 00:00:00+00:00
[2024-12-20T08:58:27.343+0530] {logging_mixin.py:190} WARNING - /Users/jayesh/Desktop/Personal Work/Movie_data_pipeline/.venv/lib/python3.12/site-packages/airflow/task/task_runner/standard_task_runner.py:70 DeprecationWarning: This process (pid=3213) is multi-threaded, use of fork() may lead to deadlocks in the child.
[2024-12-20T08:58:27.345+0530] {standard_task_runner.py:72} INFO - Started process 3221 to run task
[2024-12-20T08:58:27.346+0530] {standard_task_runner.py:104} INFO - Running: ['airflow', 'tasks', 'run', 'movie_pipeline', 'scrape_movies', 'scheduled__2024-12-19T00:00:00+00:00', '--job-id', '292', '--raw', '--subdir', 'DAGS_FOLDER/pipeline_dag.py', '--cfg-path', '/var/folders/h6/l2cjrfls77b6_h6zs5w5vn4r0000gn/T/tmpgidzqech']
[2024-12-20T08:58:27.349+0530] {standard_task_runner.py:105} INFO - Job 292: Subtask scrape_movies
[2024-12-20T08:58:27.395+0530] {task_command.py:467} INFO - Running <TaskInstance: movie_pipeline.scrape_movies scheduled__2024-12-19T00:00:00+00:00 [running]> on host Jayeshs-MacBook-Air.local
[2024-12-20T08:58:27.473+0530] {taskinstance.py:3132} INFO - Exporting env vars: AIRFLOW_CTX_DAG_OWNER='airflow' AIRFLOW_CTX_DAG_ID='movie_pipeline' AIRFLOW_CTX_TASK_ID='scrape_movies' AIRFLOW_CTX_EXECUTION_DATE='2024-12-19T00:00:00+00:00' AIRFLOW_CTX_TRY_NUMBER='1' AIRFLOW_CTX_DAG_RUN_ID='scheduled__2024-12-19T00:00:00+00:00'
[2024-12-20T08:58:27.475+0530] {logging_mixin.py:190} INFO - Task instance is in running state
[2024-12-20T08:58:27.476+0530] {logging_mixin.py:190} INFO -  Previous state of the Task instance: queued
[2024-12-20T08:58:27.477+0530] {logging_mixin.py:190} INFO - Current task name:scrape_movies state:running start_date:2024-12-20 03:28:27.313790+00:00
[2024-12-20T08:58:27.478+0530] {logging_mixin.py:190} INFO - Dag name:movie_pipeline and current dag run status:running
[2024-12-20T08:58:27.478+0530] {taskinstance.py:731} INFO - ::endgroup::
[2024-12-20T08:58:30.410+0530] {python.py:240} INFO - Done. Returned value was: run_20241219/movies_html_source_20241219.json
[2024-12-20T08:58:30.449+0530] {taskinstance.py:340} INFO - ::group::Post task execution logs
[2024-12-20T08:58:30.451+0530] {taskinstance.py:352} INFO - Marking task as SUCCESS. dag_id=movie_pipeline, task_id=scrape_movies, run_id=scheduled__2024-12-19T00:00:00+00:00, execution_date=20241219T000000, start_date=20241220T032827, end_date=20241220T032830
[2024-12-20T08:58:30.463+0530] {logging_mixin.py:190} INFO - Task instance in success state
[2024-12-20T08:58:30.464+0530] {logging_mixin.py:190} INFO -  Previous state of the Task instance: running
[2024-12-20T08:58:30.465+0530] {logging_mixin.py:190} INFO - Dag name:movie_pipeline queued_at:2024-12-20 03:27:28.552831+00:00
[2024-12-20T08:58:30.466+0530] {logging_mixin.py:190} INFO - Task hostname:Jayeshs-MacBook-Air.local operator:PythonOperator
[2024-12-20T08:58:30.493+0530] {local_task_job_runner.py:266} INFO - Task exited with return code 0
[2024-12-20T08:58:30.545+0530] {taskinstance.py:3895} INFO - 1 downstream tasks scheduled from follow-on schedule check
[2024-12-20T08:58:30.554+0530] {local_task_job_runner.py:245} INFO - ::endgroup::
