[2024-12-16T11:27:23.525+0530] {local_task_job_runner.py:123} INFO - ::group::Pre task execution logs
[2024-12-16T11:27:23.656+0530] {taskinstance.py:2613} INFO - Dependencies all met for dep_context=non-requeueable deps ti=<TaskInstance: movie_pipeline.date_renderer manual__2024-12-16T05:56:57.528801+00:00 [queued]>
[2024-12-16T11:27:23.677+0530] {taskinstance.py:2613} INFO - Dependencies all met for dep_context=requeueable deps ti=<TaskInstance: movie_pipeline.date_renderer manual__2024-12-16T05:56:57.528801+00:00 [queued]>
[2024-12-16T11:27:23.678+0530] {taskinstance.py:2866} INFO - Starting attempt 1 of 1
[2024-12-16T11:27:23.697+0530] {taskinstance.py:2889} INFO - Executing <Task(_PythonDecoratedOperator): date_renderer> on 2024-12-16 05:56:57.528801+00:00
[2024-12-16T11:27:23.713+0530] {logging_mixin.py:190} WARNING - /Users/jayesh/Desktop/Personal Work/Movie_data_pipeline/.venv/lib/python3.12/site-packages/airflow/task/task_runner/standard_task_runner.py:70 DeprecationWarning: This process (pid=5609) is multi-threaded, use of fork() may lead to deadlocks in the child.
[2024-12-16T11:27:23.716+0530] {standard_task_runner.py:72} INFO - Started process 5614 to run task
[2024-12-16T11:27:23.715+0530] {standard_task_runner.py:104} INFO - Running: ['airflow', 'tasks', 'run', 'movie_pipeline', 'date_renderer', 'manual__2024-12-16T05:56:57.528801+00:00', '--job-id', '100', '--raw', '--subdir', 'DAGS_FOLDER/pipeline_dag.py', '--cfg-path', '/var/folders/h6/l2cjrfls77b6_h6zs5w5vn4r0000gn/T/tmpr0i32xm3']
[2024-12-16T11:27:23.722+0530] {standard_task_runner.py:105} INFO - Job 100: Subtask date_renderer
[2024-12-16T11:27:23.824+0530] {task_command.py:467} INFO - Running <TaskInstance: movie_pipeline.date_renderer manual__2024-12-16T05:56:57.528801+00:00 [running]> on host Jayeshs-MacBook-Air.local
[2024-12-16T11:27:23.899+0530] {taskinstance.py:3132} INFO - Exporting env vars: AIRFLOW_CTX_DAG_OWNER='airflow' AIRFLOW_CTX_DAG_ID='movie_pipeline' AIRFLOW_CTX_TASK_ID='date_renderer' AIRFLOW_CTX_EXECUTION_DATE='2024-12-16T05:56:57.528801+00:00' AIRFLOW_CTX_TRY_NUMBER='1' AIRFLOW_CTX_DAG_RUN_ID='manual__2024-12-16T05:56:57.528801+00:00'
[2024-12-16T11:27:23.901+0530] {logging_mixin.py:190} INFO - Task instance is in running state
[2024-12-16T11:27:23.902+0530] {logging_mixin.py:190} INFO -  Previous state of the Task instance: queued
[2024-12-16T11:27:23.903+0530] {logging_mixin.py:190} INFO - Current task name:date_renderer state:running start_date:2024-12-16 05:57:23.657275+00:00
[2024-12-16T11:27:23.903+0530] {logging_mixin.py:190} INFO - Dag name:movie_pipeline and current dag run status:running
[2024-12-16T11:27:23.904+0530] {taskinstance.py:731} INFO - ::endgroup::
[2024-12-16T11:27:23.908+0530] {logging_mixin.py:190} WARNING - /Users/jayesh/Desktop/Personal Work/Movie_data_pipeline/.venv/lib/python3.12/site-packages/airflow/utils/operator_helpers.py:175 AirflowContextDeprecationWarning: Accessing 'execution_date' from the template is deprecated and will be removed in a future version. Please use 'data_interval_start' or 'logical_date' instead.
[2024-12-16T11:27:23.909+0530] {logging_mixin.py:190} INFO - The start date is: 2024-12-16 11:26:57.528801+05:30
[2024-12-16T11:27:23.909+0530] {python.py:240} INFO - Done. Returned value was: success
[2024-12-16T11:27:23.924+0530] {taskinstance.py:340} INFO - ::group::Post task execution logs
[2024-12-16T11:27:23.925+0530] {taskinstance.py:352} INFO - Marking task as SUCCESS. dag_id=movie_pipeline, task_id=date_renderer, run_id=manual__2024-12-16T05:56:57.528801+00:00, execution_date=20241216T055657, start_date=20241216T055723, end_date=20241216T055723
[2024-12-16T11:27:23.939+0530] {logging_mixin.py:190} INFO - Task instance in success state
[2024-12-16T11:27:23.940+0530] {logging_mixin.py:190} INFO -  Previous state of the Task instance: running
[2024-12-16T11:27:23.940+0530] {logging_mixin.py:190} INFO - Dag name:movie_pipeline queued_at:2024-12-16 05:56:57.574097+00:00
[2024-12-16T11:27:23.941+0530] {logging_mixin.py:190} INFO - Task hostname:Jayeshs-MacBook-Air.local operator:_PythonDecoratedOperator
[2024-12-16T11:27:23.966+0530] {local_task_job_runner.py:266} INFO - Task exited with return code 0
[2024-12-16T11:27:23.989+0530] {taskinstance.py:3895} INFO - 0 downstream tasks scheduled from follow-on schedule check
[2024-12-16T11:27:23.990+0530] {local_task_job_runner.py:245} INFO - ::endgroup::
