[2024-12-19T07:49:30.567+0530] {local_task_job_runner.py:123} INFO - ::group::Pre task execution logs
[2024-12-19T07:49:30.578+0530] {taskinstance.py:2613} INFO - Dependencies all met for dep_context=non-requeueable deps ti=<TaskInstance: movie_pipeline.scrape_collection_page scheduled__2024-12-18T00:00:00+00:00 [queued]>
[2024-12-19T07:49:30.588+0530] {taskinstance.py:2613} INFO - Dependencies all met for dep_context=requeueable deps ti=<TaskInstance: movie_pipeline.scrape_collection_page scheduled__2024-12-18T00:00:00+00:00 [queued]>
[2024-12-19T07:49:30.589+0530] {taskinstance.py:2866} INFO - Starting attempt 1 of 1
[2024-12-19T07:49:30.607+0530] {taskinstance.py:2889} INFO - Executing <Task(PythonOperator): scrape_collection_page> on 2024-12-18 00:00:00+00:00
[2024-12-19T07:49:30.616+0530] {logging_mixin.py:190} WARNING - /Users/jayesh/Desktop/Personal Work/Movie_data_pipeline/.venv/lib/python3.12/site-packages/airflow/task/task_runner/standard_task_runner.py:70 DeprecationWarning: This process (pid=3572) is multi-threaded, use of fork() may lead to deadlocks in the child.
[2024-12-19T07:49:30.617+0530] {standard_task_runner.py:72} INFO - Started process 3588 to run task
[2024-12-19T07:49:30.619+0530] {standard_task_runner.py:104} INFO - Running: ['airflow', 'tasks', 'run', 'movie_pipeline', 'scrape_collection_page', 'scheduled__2024-12-18T00:00:00+00:00', '--job-id', '195', '--raw', '--subdir', 'DAGS_FOLDER/pipeline_dag.py', '--cfg-path', '/var/folders/h6/l2cjrfls77b6_h6zs5w5vn4r0000gn/T/tmpygt49_9w']
[2024-12-19T07:49:30.622+0530] {standard_task_runner.py:105} INFO - Job 195: Subtask scrape_collection_page
[2024-12-19T07:49:30.674+0530] {task_command.py:467} INFO - Running <TaskInstance: movie_pipeline.scrape_collection_page scheduled__2024-12-18T00:00:00+00:00 [running]> on host Jayeshs-MacBook-Air.local
[2024-12-19T07:49:30.753+0530] {taskinstance.py:3132} INFO - Exporting env vars: AIRFLOW_CTX_DAG_OWNER='airflow' AIRFLOW_CTX_DAG_ID='movie_pipeline' AIRFLOW_CTX_TASK_ID='scrape_collection_page' AIRFLOW_CTX_EXECUTION_DATE='2024-12-18T00:00:00+00:00' AIRFLOW_CTX_TRY_NUMBER='1' AIRFLOW_CTX_DAG_RUN_ID='scheduled__2024-12-18T00:00:00+00:00'
[2024-12-19T07:49:30.755+0530] {logging_mixin.py:190} INFO - Task instance is in running state
[2024-12-19T07:49:30.756+0530] {logging_mixin.py:190} INFO -  Previous state of the Task instance: queued
[2024-12-19T07:49:30.756+0530] {logging_mixin.py:190} INFO - Current task name:scrape_collection_page state:running start_date:2024-12-19 02:19:30.579429+00:00
[2024-12-19T07:49:30.757+0530] {logging_mixin.py:190} INFO - Dag name:movie_pipeline and current dag run status:running
[2024-12-19T07:49:30.757+0530] {taskinstance.py:731} INFO - ::endgroup::
[2024-12-19T07:49:30.758+0530] {taskinstance.py:3311} ERROR - Task failed with exception
Traceback (most recent call last):
  File "/Users/jayesh/Desktop/Personal Work/Movie_data_pipeline/.venv/lib/python3.12/site-packages/airflow/models/taskinstance.py", line 767, in _execute_task
    result = _execute_callable(context=context, **execute_callable_kwargs)
             ^^^^^^^^^^^^^^^^^^^^^^^^^^^^^^^^^^^^^^^^^^^^^^^^^^^^^^^^^^^^^
  File "/Users/jayesh/Desktop/Personal Work/Movie_data_pipeline/.venv/lib/python3.12/site-packages/airflow/models/taskinstance.py", line 733, in _execute_callable
    return ExecutionCallableRunner(
           ^^^^^^^^^^^^^^^^^^^^^^^^
  File "/Users/jayesh/Desktop/Personal Work/Movie_data_pipeline/.venv/lib/python3.12/site-packages/airflow/utils/operator_helpers.py", line 252, in run
    return self.func(*args, **kwargs)
           ^^^^^^^^^^^^^^^^^^^^^^^^^^
  File "/Users/jayesh/Desktop/Personal Work/Movie_data_pipeline/.venv/lib/python3.12/site-packages/airflow/models/baseoperator.py", line 417, in wrapper
    return func(self, *args, **kwargs)
           ^^^^^^^^^^^^^^^^^^^^^^^^^^^
  File "/Users/jayesh/Desktop/Personal Work/Movie_data_pipeline/.venv/lib/python3.12/site-packages/airflow/operators/python.py", line 238, in execute
    return_value = self.execute_callable()
                   ^^^^^^^^^^^^^^^^^^^^^^^
  File "/Users/jayesh/Desktop/Personal Work/Movie_data_pipeline/.venv/lib/python3.12/site-packages/airflow/operators/python.py", line 256, in execute_callable
    return runner.run(*self.op_args, **self.op_kwargs)
           ^^^^^^^^^^^^^^^^^^^^^^^^^^^^^^^^^^^^^^^^^^^
  File "/Users/jayesh/Desktop/Personal Work/Movie_data_pipeline/.venv/lib/python3.12/site-packages/airflow/utils/operator_helpers.py", line 252, in run
    return self.func(*args, **kwargs)
           ^^^^^^^^^^^^^^^^^^^^^^^^^^
TypeError: page_extract() missing 1 required positional argument: 'date'
[2024-12-19T07:49:30.769+0530] {logging_mixin.py:190} INFO - Task instance in failure state
[2024-12-19T07:49:30.770+0530] {logging_mixin.py:190} INFO - Task start:2024-12-19 02:19:30.579429+00:00 end:2024-12-19 02:19:30.768816+00:00 duration:0.189387
[2024-12-19T07:49:30.770+0530] {logging_mixin.py:190} INFO - Task:<Task(PythonOperator): scrape_collection_page> dag:<DAG: movie_pipeline> dagrun:<DagRun movie_pipeline @ 2024-12-18 00:00:00+00:00: scheduled__2024-12-18T00:00:00+00:00, state:running, queued_at: 2024-12-19 02:19:09.950992+00:00. externally triggered: False>
[2024-12-19T07:49:30.771+0530] {logging_mixin.py:190} INFO - Failure caused by page_extract() missing 1 required positional argument: 'date'
[2024-12-19T07:49:30.772+0530] {taskinstance.py:1225} INFO - Marking task as FAILED. dag_id=movie_pipeline, task_id=scrape_collection_page, run_id=scheduled__2024-12-18T00:00:00+00:00, execution_date=20241218T000000, start_date=20241219T021930, end_date=20241219T021930
[2024-12-19T07:49:30.785+0530] {taskinstance.py:340} INFO - ::group::Post task execution logs
[2024-12-19T07:49:30.786+0530] {standard_task_runner.py:124} ERROR - Failed to execute job 195 for task scrape_collection_page (page_extract() missing 1 required positional argument: 'date'; 3588)
Traceback (most recent call last):
  File "/Users/jayesh/Desktop/Personal Work/Movie_data_pipeline/.venv/lib/python3.12/site-packages/airflow/task/task_runner/standard_task_runner.py", line 117, in _start_by_fork
    ret = args.func(args, dag=self.dag)
          ^^^^^^^^^^^^^^^^^^^^^^^^^^^^^
  File "/Users/jayesh/Desktop/Personal Work/Movie_data_pipeline/.venv/lib/python3.12/site-packages/airflow/cli/cli_config.py", line 49, in command
    return func(*args, **kwargs)
           ^^^^^^^^^^^^^^^^^^^^^
  File "/Users/jayesh/Desktop/Personal Work/Movie_data_pipeline/.venv/lib/python3.12/site-packages/airflow/utils/cli.py", line 116, in wrapper
    return f(*args, **kwargs)
           ^^^^^^^^^^^^^^^^^^
  File "/Users/jayesh/Desktop/Personal Work/Movie_data_pipeline/.venv/lib/python3.12/site-packages/airflow/cli/commands/task_command.py", line 483, in task_run
    task_return_code = _run_task_by_selected_method(args, _dag, ti)
                       ^^^^^^^^^^^^^^^^^^^^^^^^^^^^^^^^^^^^^^^^^^^^
  File "/Users/jayesh/Desktop/Personal Work/Movie_data_pipeline/.venv/lib/python3.12/site-packages/airflow/cli/commands/task_command.py", line 256, in _run_task_by_selected_method
    return _run_raw_task(args, ti)
           ^^^^^^^^^^^^^^^^^^^^^^^
  File "/Users/jayesh/Desktop/Personal Work/Movie_data_pipeline/.venv/lib/python3.12/site-packages/airflow/cli/commands/task_command.py", line 341, in _run_raw_task
    return ti._run_raw_task(
           ^^^^^^^^^^^^^^^^^
  File "/Users/jayesh/Desktop/Personal Work/Movie_data_pipeline/.venv/lib/python3.12/site-packages/airflow/utils/session.py", line 97, in wrapper
    return func(*args, session=session, **kwargs)
           ^^^^^^^^^^^^^^^^^^^^^^^^^^^^^^^^^^^^^^
  File "/Users/jayesh/Desktop/Personal Work/Movie_data_pipeline/.venv/lib/python3.12/site-packages/airflow/models/taskinstance.py", line 3005, in _run_raw_task
    return _run_raw_task(
           ^^^^^^^^^^^^^^
  File "/Users/jayesh/Desktop/Personal Work/Movie_data_pipeline/.venv/lib/python3.12/site-packages/airflow/models/taskinstance.py", line 273, in _run_raw_task
    TaskInstance._execute_task_with_callbacks(
  File "/Users/jayesh/Desktop/Personal Work/Movie_data_pipeline/.venv/lib/python3.12/site-packages/airflow/models/taskinstance.py", line 3159, in _execute_task_with_callbacks
    result = self._execute_task(context, task_orig)
             ^^^^^^^^^^^^^^^^^^^^^^^^^^^^^^^^^^^^^^
  File "/Users/jayesh/Desktop/Personal Work/Movie_data_pipeline/.venv/lib/python3.12/site-packages/airflow/models/taskinstance.py", line 3183, in _execute_task
    return _execute_task(self, context, task_orig)
           ^^^^^^^^^^^^^^^^^^^^^^^^^^^^^^^^^^^^^^^
  File "/Users/jayesh/Desktop/Personal Work/Movie_data_pipeline/.venv/lib/python3.12/site-packages/airflow/models/taskinstance.py", line 767, in _execute_task
    result = _execute_callable(context=context, **execute_callable_kwargs)
             ^^^^^^^^^^^^^^^^^^^^^^^^^^^^^^^^^^^^^^^^^^^^^^^^^^^^^^^^^^^^^
  File "/Users/jayesh/Desktop/Personal Work/Movie_data_pipeline/.venv/lib/python3.12/site-packages/airflow/models/taskinstance.py", line 733, in _execute_callable
    return ExecutionCallableRunner(
           ^^^^^^^^^^^^^^^^^^^^^^^^
  File "/Users/jayesh/Desktop/Personal Work/Movie_data_pipeline/.venv/lib/python3.12/site-packages/airflow/utils/operator_helpers.py", line 252, in run
    return self.func(*args, **kwargs)
           ^^^^^^^^^^^^^^^^^^^^^^^^^^
  File "/Users/jayesh/Desktop/Personal Work/Movie_data_pipeline/.venv/lib/python3.12/site-packages/airflow/models/baseoperator.py", line 417, in wrapper
    return func(self, *args, **kwargs)
           ^^^^^^^^^^^^^^^^^^^^^^^^^^^
  File "/Users/jayesh/Desktop/Personal Work/Movie_data_pipeline/.venv/lib/python3.12/site-packages/airflow/operators/python.py", line 238, in execute
    return_value = self.execute_callable()
                   ^^^^^^^^^^^^^^^^^^^^^^^
  File "/Users/jayesh/Desktop/Personal Work/Movie_data_pipeline/.venv/lib/python3.12/site-packages/airflow/operators/python.py", line 256, in execute_callable
    return runner.run(*self.op_args, **self.op_kwargs)
           ^^^^^^^^^^^^^^^^^^^^^^^^^^^^^^^^^^^^^^^^^^^
  File "/Users/jayesh/Desktop/Personal Work/Movie_data_pipeline/.venv/lib/python3.12/site-packages/airflow/utils/operator_helpers.py", line 252, in run
    return self.func(*args, **kwargs)
           ^^^^^^^^^^^^^^^^^^^^^^^^^^
TypeError: page_extract() missing 1 required positional argument: 'date'
[2024-12-19T07:49:30.811+0530] {local_task_job_runner.py:266} INFO - Task exited with return code 1
[2024-12-19T07:49:30.832+0530] {taskinstance.py:3895} INFO - 0 downstream tasks scheduled from follow-on schedule check
[2024-12-19T07:49:30.833+0530] {local_task_job_runner.py:245} INFO - ::endgroup::
[2024-12-19T09:26:17.330+0530] {local_task_job_runner.py:123} INFO - ::group::Pre task execution logs
[2024-12-19T09:26:17.404+0530] {taskinstance.py:2613} INFO - Dependencies all met for dep_context=non-requeueable deps ti=<TaskInstance: movie_pipeline.scrape_collection_page scheduled__2024-12-18T00:00:00+00:00 [queued]>
[2024-12-19T09:26:17.443+0530] {taskinstance.py:2613} INFO - Dependencies all met for dep_context=requeueable deps ti=<TaskInstance: movie_pipeline.scrape_collection_page scheduled__2024-12-18T00:00:00+00:00 [queued]>
[2024-12-19T09:26:17.444+0530] {taskinstance.py:2866} INFO - Starting attempt 1 of 1
[2024-12-19T09:26:17.478+0530] {taskinstance.py:2889} INFO - Executing <Task(PythonOperator): scrape_collection_page> on 2024-12-18 00:00:00+00:00
[2024-12-19T09:26:17.493+0530] {logging_mixin.py:190} WARNING - /Users/jayesh/Desktop/Personal Work/Movie_data_pipeline/.venv/lib/python3.12/site-packages/airflow/task/task_runner/standard_task_runner.py:70 DeprecationWarning: This process (pid=15024) is multi-threaded, use of fork() may lead to deadlocks in the child.
[2024-12-19T09:26:17.497+0530] {standard_task_runner.py:72} INFO - Started process 15044 to run task
[2024-12-19T09:26:17.498+0530] {standard_task_runner.py:104} INFO - Running: ['airflow', 'tasks', 'run', 'movie_pipeline', 'scrape_collection_page', 'scheduled__2024-12-18T00:00:00+00:00', '--job-id', '218', '--raw', '--subdir', 'DAGS_FOLDER/pipeline_dag.py', '--cfg-path', '/var/folders/h6/l2cjrfls77b6_h6zs5w5vn4r0000gn/T/tmp7ixxc61i']
[2024-12-19T09:26:17.504+0530] {standard_task_runner.py:105} INFO - Job 218: Subtask scrape_collection_page
[2024-12-19T09:26:17.633+0530] {task_command.py:467} INFO - Running <TaskInstance: movie_pipeline.scrape_collection_page scheduled__2024-12-18T00:00:00+00:00 [running]> on host Jayeshs-MacBook-Air.local
[2024-12-19T09:26:17.813+0530] {taskinstance.py:3132} INFO - Exporting env vars: AIRFLOW_CTX_DAG_OWNER='airflow' AIRFLOW_CTX_DAG_ID='movie_pipeline' AIRFLOW_CTX_TASK_ID='scrape_collection_page' AIRFLOW_CTX_EXECUTION_DATE='2024-12-18T00:00:00+00:00' AIRFLOW_CTX_TRY_NUMBER='1' AIRFLOW_CTX_DAG_RUN_ID='scheduled__2024-12-18T00:00:00+00:00'
[2024-12-19T09:26:17.815+0530] {logging_mixin.py:190} INFO - Task instance is in running state
[2024-12-19T09:26:17.816+0530] {logging_mixin.py:190} INFO -  Previous state of the Task instance: queued
[2024-12-19T09:26:17.817+0530] {logging_mixin.py:190} INFO - Current task name:scrape_collection_page state:running start_date:2024-12-19 03:56:17.405863+00:00
[2024-12-19T09:26:17.822+0530] {logging_mixin.py:190} INFO - Dag name:movie_pipeline and current dag run status:running
[2024-12-19T09:26:17.823+0530] {taskinstance.py:731} INFO - ::endgroup::
[2024-12-19T09:29:24.257+0530] {local_task_job_runner.py:346} WARNING - State of this instance has been externally set to None. Terminating instance.
[2024-12-19T09:29:24.267+0530] {local_task_job_runner.py:245} INFO - ::endgroup::
[2024-12-19T09:29:24.292+0530] {process_utils.py:132} INFO - Sending 15 to group 15044. PIDs of all processes in the group: [15046, 15044]
[2024-12-19T09:29:24.295+0530] {process_utils.py:87} INFO - Sending the signal 15 to group 15044
[2024-12-19T09:30:24.329+0530] {process_utils.py:150} WARNING - process psutil.Process(pid=15046, name='chromedriver', status='zombie', started='09:26:17') did not respond to SIGTERM. Trying SIGKILL
[2024-12-19T09:30:24.335+0530] {process_utils.py:150} WARNING - process psutil.Process(pid=15044, name='Python', status='running', started='09:26:17') did not respond to SIGTERM. Trying SIGKILL
[2024-12-19T09:30:24.336+0530] {process_utils.py:87} INFO - Sending the signal 9 to group 15044
[2024-12-19T09:30:24.345+0530] {process_utils.py:80} INFO - Process psutil.Process(pid=15046, name='chromedriver', status='terminated', started='09:26:17') (15046) terminated with exit code None
[2024-12-19T09:30:24.346+0530] {process_utils.py:80} INFO - Process psutil.Process(pid=15044, name='Python', status='terminated', exitcode=<Negsignal.SIGKILL: -9>, started='09:26:17') (15044) terminated with exit code -9
[2024-12-19T09:30:24.349+0530] {standard_task_runner.py:190} ERROR - ('Job 218 was killed before it finished (likely due to running out of memory)', 'For more information, see https://airflow.apache.org/docs/apache-airflow/stable/troubleshooting.html#LocalTaskJob-killed')
[2024-12-19T09:31:01.051+0530] {local_task_job_runner.py:123} INFO - ::group::Pre task execution logs
[2024-12-19T09:31:01.063+0530] {taskinstance.py:2613} INFO - Dependencies all met for dep_context=non-requeueable deps ti=<TaskInstance: movie_pipeline.scrape_collection_page scheduled__2024-12-18T00:00:00+00:00 [queued]>
[2024-12-19T09:31:01.076+0530] {taskinstance.py:2613} INFO - Dependencies all met for dep_context=requeueable deps ti=<TaskInstance: movie_pipeline.scrape_collection_page scheduled__2024-12-18T00:00:00+00:00 [queued]>
[2024-12-19T09:31:01.077+0530] {taskinstance.py:2866} INFO - Starting attempt 1 of 1
[2024-12-19T09:31:01.094+0530] {taskinstance.py:2889} INFO - Executing <Task(PythonOperator): scrape_collection_page> on 2024-12-18 00:00:00+00:00
[2024-12-19T09:31:01.101+0530] {logging_mixin.py:190} WARNING - /Users/jayesh/Desktop/Personal Work/Movie_data_pipeline/.venv/lib/python3.12/site-packages/airflow/task/task_runner/standard_task_runner.py:70 DeprecationWarning: This process (pid=15417) is multi-threaded, use of fork() may lead to deadlocks in the child.
[2024-12-19T09:31:01.103+0530] {standard_task_runner.py:72} INFO - Started process 15423 to run task
[2024-12-19T09:31:01.106+0530] {standard_task_runner.py:104} INFO - Running: ['airflow', 'tasks', 'run', 'movie_pipeline', 'scrape_collection_page', 'scheduled__2024-12-18T00:00:00+00:00', '--job-id', '220', '--raw', '--subdir', 'DAGS_FOLDER/pipeline_dag.py', '--cfg-path', '/var/folders/h6/l2cjrfls77b6_h6zs5w5vn4r0000gn/T/tmpeymhbay1']
[2024-12-19T09:31:01.109+0530] {standard_task_runner.py:105} INFO - Job 220: Subtask scrape_collection_page
[2024-12-19T09:31:01.162+0530] {task_command.py:467} INFO - Running <TaskInstance: movie_pipeline.scrape_collection_page scheduled__2024-12-18T00:00:00+00:00 [running]> on host Jayeshs-MacBook-Air.local
[2024-12-19T09:31:01.243+0530] {taskinstance.py:3132} INFO - Exporting env vars: AIRFLOW_CTX_DAG_OWNER='airflow' AIRFLOW_CTX_DAG_ID='movie_pipeline' AIRFLOW_CTX_TASK_ID='scrape_collection_page' AIRFLOW_CTX_EXECUTION_DATE='2024-12-18T00:00:00+00:00' AIRFLOW_CTX_TRY_NUMBER='1' AIRFLOW_CTX_DAG_RUN_ID='scheduled__2024-12-18T00:00:00+00:00'
[2024-12-19T09:31:01.245+0530] {logging_mixin.py:190} INFO - Task instance is in running state
[2024-12-19T09:31:01.246+0530] {logging_mixin.py:190} INFO -  Previous state of the Task instance: queued
[2024-12-19T09:31:01.247+0530] {logging_mixin.py:190} INFO - Current task name:scrape_collection_page state:running start_date:2024-12-19 04:01:01.063950+00:00
[2024-12-19T09:31:01.247+0530] {logging_mixin.py:190} INFO - Dag name:movie_pipeline and current dag run status:running
[2024-12-19T09:31:01.248+0530] {taskinstance.py:731} INFO - ::endgroup::
[2024-12-19T09:32:57.118+0530] {local_task_job_runner.py:346} WARNING - State of this instance has been externally set to failed. Terminating instance.
[2024-12-19T09:32:57.118+0530] {local_task_job_runner.py:245} INFO - ::endgroup::
[2024-12-19T09:32:57.133+0530] {process_utils.py:132} INFO - Sending 15 to group 15423. PIDs of all processes in the group: [15424, 15423]
[2024-12-19T09:32:57.134+0530] {process_utils.py:87} INFO - Sending the signal 15 to group 15423
