[2025-01-09T12:45:43.884+0000] {local_task_job_runner.py:123} INFO - ::group::Pre task execution logs
[2025-01-09T12:45:44.190+0000] {taskinstance.py:2613} INFO - Dependencies all met for dep_context=non-requeueable deps ti=<TaskInstance: movie_pipeline.parse_distributors scheduled__2025-01-08T00:00:00+00:00 [queued]>
[2025-01-09T12:45:44.339+0000] {taskinstance.py:2613} INFO - Dependencies all met for dep_context=requeueable deps ti=<TaskInstance: movie_pipeline.parse_distributors scheduled__2025-01-08T00:00:00+00:00 [queued]>
[2025-01-09T12:45:44.340+0000] {taskinstance.py:2866} INFO - Starting attempt 1 of 1
[2025-01-09T12:45:44.445+0000] {taskinstance.py:2889} INFO - Executing <Task(PythonOperator): parse_distributors> on 2025-01-08 00:00:00+00:00
[2025-01-09T12:45:44.685+0000] {standard_task_runner.py:72} INFO - Started process 3508 to run task
[2025-01-09T12:45:44.747+0000] {standard_task_runner.py:104} INFO - Running: ['airflow', 'tasks', 'run', 'movie_pipeline', 'parse_distributors', 'scheduled__2025-01-08T00:00:00+00:00', '--job-id', '144', '--raw', '--subdir', 'DAGS_FOLDER/pipeline_dag.py', '--cfg-path', '/tmp/tmpa_pi4kn5']
[2025-01-09T12:45:44.769+0000] {standard_task_runner.py:105} INFO - Job 144: Subtask parse_distributors
[2025-01-09T12:45:45.400+0000] {task_command.py:467} INFO - Running <TaskInstance: movie_pipeline.parse_distributors scheduled__2025-01-08T00:00:00+00:00 [running]> on host 78b847e880a5
[2025-01-09T12:45:46.497+0000] {taskinstance.py:3132} INFO - Exporting env vars: AIRFLOW_CTX_DAG_OWNER='airflow' AIRFLOW_CTX_DAG_ID='movie_pipeline' AIRFLOW_CTX_TASK_ID='parse_distributors' AIRFLOW_CTX_EXECUTION_DATE='2025-01-08T00:00:00+00:00' AIRFLOW_CTX_TRY_NUMBER='1' AIRFLOW_CTX_DAG_RUN_ID='scheduled__2025-01-08T00:00:00+00:00'
[2025-01-09T12:45:46.502+0000] {taskinstance.py:731} INFO - ::endgroup::
[2025-01-09T12:45:51.504+0000] {job.py:229} INFO - Heartbeat recovered after 12.60 seconds
[2025-01-09T12:45:53.208+0000] {parse.py:547} INFO - Iteration: 0, movie_id: tt13186482
[2025-01-09T12:45:58.399+0000] {parse.py:547} INFO - Iteration: 1, movie_id: tt18259086
[2025-01-09T12:46:12.725+0000] {parse.py:547} INFO - Iteration: 2, movie_id: tt5040012
[2025-01-09T12:46:18.707+0000] {parse.py:547} INFO - Iteration: 3, movie_id: tt13622970
[2025-01-09T12:46:23.408+0000] {parse.py:547} INFO - Iteration: 4, movie_id: tt11563598
[2025-01-09T12:46:33.949+0000] {parse.py:547} INFO - Iteration: 5, movie_id: tt1262426
[2025-01-09T12:46:38.447+0000] {parse.py:547} INFO - Iteration: 6, movie_id: tt9218128
[2025-01-09T12:46:46.402+0000] {parse.py:547} INFO - Iteration: 7, movie_id: tt29137778
[2025-01-09T12:46:51.617+0000] {parse.py:547} INFO - Iteration: 8, movie_id: tt6133444
[2025-01-09T12:46:51.623+0000] {parse.py:553} WARNING - distributor['page_source']['num_of_ratings']['source'] is NONE
[2025-01-09T12:46:51.628+0000] {parse.py:559} WARNING - distributor['page_source']['us_box_office_collection']['source'] is NONE
[2025-01-09T12:46:51.636+0000] {parse.py:567} ERROR - 'NoneType' object has no attribute 'select_one'
Traceback (most recent call last):
  File "/opt/src/parse.py", line 565, in distributor_parser
    distributor_dict['distributor_name']=soup_num_of_rating.select_one(XPathToSelector('''//*[@id="__next"]/main/div[2]/div[3]/section/section/div/section/section/div[2]/div/section/div[1]/div/div/div[2]/button[2]''')).text
AttributeError: 'NoneType' object has no attribute 'select_one'
[2025-01-09T12:46:51.662+0000] {parse.py:569} WARNING - distributor_dict['distributor_name'] set to NONE
[2025-01-09T12:46:51.669+0000] {parse.py:573} ERROR - 'NoneType' object has no attribute 'select_one'
Traceback (most recent call last):
  File "/opt/src/parse.py", line 571, in distributor_parser
    distributor_dict['total_movies']=soup_num_of_rating.select_one(XPathToSelector('''//*[@id="__next"]/main/div[2]/div[3]/section/section/div/section/section/div[2]/div/section/div[2]/div[2]/div[1]/div[1]''')).text.split(' ')[-1]
AttributeError: 'NoneType' object has no attribute 'select_one'
[2025-01-09T12:46:51.678+0000] {parse.py:575} WARNING - distributor_dict['total_movies'] set to NONE
[2025-01-09T12:46:51.683+0000] {parse.py:579} ERROR - 'NoneType' object has no attribute 'select_one'
Traceback (most recent call last):
  File "/opt/src/parse.py", line 577, in distributor_parser
    distributor_dict['top_movie_NumOfRating']=soup_num_of_rating.select_one(XPathToSelector('''//*[@id="__next"]/main/div[2]/div[3]/section/section/div/section/section/div[2]/div/section/div[2]/div[2]/ul/li[1]/div/div/div/div[1]/div[2]/div[1]/a''')).get('href').split('/')[-2]
AttributeError: 'NoneType' object has no attribute 'select_one'
[2025-01-09T12:46:51.688+0000] {parse.py:581} WARNING - distributor_dict['top_movie_NumOfRating'] set to NONE
[2025-01-09T12:46:51.692+0000] {parse.py:585} ERROR - 'NoneType' object has no attribute 'select_one'
Traceback (most recent call last):
  File "/opt/src/parse.py", line 583, in distributor_parser
    distributor_dict['top_movie_US_BoxOffice']=soup_us_box_office.select_one(XPathToSelector('''//*[@id="__next"]/main/div[2]/div[3]/section/section/div/section/section/div[2]/div/section/div[2]/div[2]/ul/li[1]/div/div/div/div[1]/div[2]/div[1]/a''')).get('href').split('/')[-2]
AttributeError: 'NoneType' object has no attribute 'select_one'
[2025-01-09T12:46:51.698+0000] {parse.py:587} WARNING - distributor_dict['top_movie_US_BoxOffice'] set to NONE
[2025-01-09T12:46:51.705+0000] {parse.py:547} INFO - Iteration: 9, movie_id: tt8790086
[2025-01-09T12:47:04.195+0000] {parse.py:547} INFO - Iteration: 10, movie_id: tt23055660
[2025-01-09T12:47:16.712+0000] {parse.py:547} INFO - Iteration: 11, movie_id: tt14824600
[2025-01-09T12:47:21.239+0000] {parse.py:547} INFO - Iteration: 12, movie_id: tt2347285
[2025-01-09T12:47:46.626+0000] {job.py:229} INFO - Heartbeat recovered after 14.26 seconds
[2025-01-09T12:47:54.676+0000] {parse.py:547} INFO - Iteration: 13, movie_id: tt21823606
[2025-01-09T12:47:59.083+0000] {parse.py:547} INFO - Iteration: 14, movie_id: tt20215234
[2025-01-09T12:48:11.668+0000] {parse.py:547} INFO - Iteration: 15, movie_id: tt14948432
[2025-01-09T12:48:15.096+0000] {parse.py:547} INFO - Iteration: 16, movie_id: tt28082769
[2025-01-09T12:48:27.080+0000] {parse.py:547} INFO - Iteration: 17, movie_id: tt14260836
[2025-01-09T12:48:27.089+0000] {parse.py:553} WARNING - distributor['page_source']['num_of_ratings']['source'] is NONE
[2025-01-09T12:48:27.096+0000] {parse.py:559} WARNING - distributor['page_source']['us_box_office_collection']['source'] is NONE
[2025-01-09T12:48:27.101+0000] {parse.py:567} ERROR - 'NoneType' object has no attribute 'select_one'
Traceback (most recent call last):
  File "/opt/src/parse.py", line 565, in distributor_parser
    distributor_dict['distributor_name']=soup_num_of_rating.select_one(XPathToSelector('''//*[@id="__next"]/main/div[2]/div[3]/section/section/div/section/section/div[2]/div/section/div[1]/div/div/div[2]/button[2]''')).text
AttributeError: 'NoneType' object has no attribute 'select_one'
[2025-01-09T12:48:27.112+0000] {parse.py:569} WARNING - distributor_dict['distributor_name'] set to NONE
[2025-01-09T12:48:27.116+0000] {parse.py:573} ERROR - 'NoneType' object has no attribute 'select_one'
Traceback (most recent call last):
  File "/opt/src/parse.py", line 571, in distributor_parser
    distributor_dict['total_movies']=soup_num_of_rating.select_one(XPathToSelector('''//*[@id="__next"]/main/div[2]/div[3]/section/section/div/section/section/div[2]/div/section/div[2]/div[2]/div[1]/div[1]''')).text.split(' ')[-1]
AttributeError: 'NoneType' object has no attribute 'select_one'
[2025-01-09T12:48:27.138+0000] {parse.py:575} WARNING - distributor_dict['total_movies'] set to NONE
[2025-01-09T12:48:27.142+0000] {parse.py:579} ERROR - 'NoneType' object has no attribute 'select_one'
Traceback (most recent call last):
  File "/opt/src/parse.py", line 577, in distributor_parser
    distributor_dict['top_movie_NumOfRating']=soup_num_of_rating.select_one(XPathToSelector('''//*[@id="__next"]/main/div[2]/div[3]/section/section/div/section/section/div[2]/div/section/div[2]/div[2]/ul/li[1]/div/div/div/div[1]/div[2]/div[1]/a''')).get('href').split('/')[-2]
AttributeError: 'NoneType' object has no attribute 'select_one'
[2025-01-09T12:48:27.145+0000] {parse.py:581} WARNING - distributor_dict['top_movie_NumOfRating'] set to NONE
[2025-01-09T12:48:27.147+0000] {parse.py:585} ERROR - 'NoneType' object has no attribute 'select_one'
Traceback (most recent call last):
  File "/opt/src/parse.py", line 583, in distributor_parser
    distributor_dict['top_movie_US_BoxOffice']=soup_us_box_office.select_one(XPathToSelector('''//*[@id="__next"]/main/div[2]/div[3]/section/section/div/section/section/div[2]/div/section/div[2]/div[2]/ul/li[1]/div/div/div/div[1]/div[2]/div[1]/a''')).get('href').split('/')[-2]
AttributeError: 'NoneType' object has no attribute 'select_one'
[2025-01-09T12:48:27.167+0000] {parse.py:587} WARNING - distributor_dict['top_movie_US_BoxOffice'] set to NONE
[2025-01-09T12:48:27.212+0000] {parse.py:547} INFO - Iteration: 18, movie_id: tt29623480
[2025-01-09T12:48:34.164+0000] {python.py:240} INFO - Done. Returned value was: run_20250106/distributor_parsed_20250106.json
[2025-01-09T12:48:34.429+0000] {taskinstance.py:340} INFO - ::group::Post task execution logs
[2025-01-09T12:48:34.437+0000] {taskinstance.py:352} INFO - Marking task as SUCCESS. dag_id=movie_pipeline, task_id=parse_distributors, run_id=scheduled__2025-01-08T00:00:00+00:00, execution_date=20250108T000000, start_date=20250109T124544, end_date=20250109T124834
[2025-01-09T12:48:34.684+0000] {local_task_job_runner.py:266} INFO - Task exited with return code 0
[2025-01-09T12:48:35.092+0000] {taskinstance.py:3895} INFO - 0 downstream tasks scheduled from follow-on schedule check
[2025-01-09T12:48:35.099+0000] {local_task_job_runner.py:245} INFO - ::endgroup::
