[2024-12-12T22:41:44.671+0530] {local_task_job_runner.py:123} INFO - ::group::Pre task execution logs
[2024-12-12T22:41:44.686+0530] {taskinstance.py:2613} INFO - Dependencies all met for dep_context=non-requeueable deps ti=<TaskInstance: tutorial.print_date backfill__2015-06-04T00:00:00+00:00 [queued]>
[2024-12-12T22:41:44.698+0530] {taskinstance.py:2613} INFO - Dependencies all met for dep_context=requeueable deps ti=<TaskInstance: tutorial.print_date backfill__2015-06-04T00:00:00+00:00 [queued]>
[2024-12-12T22:41:44.699+0530] {taskinstance.py:2866} INFO - Starting attempt 1 of 2
[2024-12-12T22:41:44.717+0530] {taskinstance.py:2889} INFO - Executing <Task(BashOperator): print_date> on 2015-06-04 00:00:00+00:00
[2024-12-12T22:41:44.727+0530] {logging_mixin.py:190} WARNING - /Users/jayesh/Desktop/Personal Work/Movie_data_pipeline/.venv/lib/python3.12/site-packages/airflow/task/task_runner/standard_task_runner.py:70 DeprecationWarning: This process (pid=48484) is multi-threaded, use of fork() may lead to deadlocks in the child.
[2024-12-12T22:41:44.729+0530] {standard_task_runner.py:72} INFO - Started process 48500 to run task
[2024-12-12T22:41:44.729+0530] {standard_task_runner.py:104} INFO - Running: ['airflow', 'tasks', 'run', 'tutorial', 'print_date', 'backfill__2015-06-04T00:00:00+00:00', '--job-id', '15', '--pool', 'default_pool', '--raw', '--subdir', '/Users/jayesh/Desktop/Personal Work/Movie_data_pipeline/.venv/lib/python3.12/site-packages/airflow/example_dags/tutorial.py', '--cfg-path', '/var/folders/h6/l2cjrfls77b6_h6zs5w5vn4r0000gn/T/tmp4imxdjr9']
[2024-12-12T22:41:44.733+0530] {standard_task_runner.py:105} INFO - Job 15: Subtask print_date
[2024-12-12T22:41:44.800+0530] {task_command.py:467} INFO - Running <TaskInstance: tutorial.print_date backfill__2015-06-04T00:00:00+00:00 [running]> on host Jayeshs-MacBook-Air.local
[2024-12-12T22:41:44.880+0530] {taskinstance.py:3132} INFO - Exporting env vars: AIRFLOW_CTX_DAG_EMAIL='airflow@example.com' AIRFLOW_CTX_DAG_OWNER='airflow' AIRFLOW_CTX_DAG_ID='tutorial' AIRFLOW_CTX_TASK_ID='print_date' AIRFLOW_CTX_EXECUTION_DATE='2015-06-04T00:00:00+00:00' AIRFLOW_CTX_TRY_NUMBER='1' AIRFLOW_CTX_DAG_RUN_ID='backfill__2015-06-04T00:00:00+00:00'
[2024-12-12T22:41:44.882+0530] {logging_mixin.py:190} INFO - Task instance is in running state
[2024-12-12T22:41:44.883+0530] {logging_mixin.py:190} INFO -  Previous state of the Task instance: queued
[2024-12-12T22:41:44.884+0530] {logging_mixin.py:190} INFO - Current task name:print_date state:running start_date:2024-12-12 17:11:44.686572+00:00
[2024-12-12T22:41:44.884+0530] {logging_mixin.py:190} INFO - Dag name:tutorial and current dag run status:running
[2024-12-12T22:41:44.885+0530] {taskinstance.py:731} INFO - ::endgroup::
[2024-12-12T22:41:44.887+0530] {subprocess.py:78} INFO - Tmp dir root location: /var/folders/h6/l2cjrfls77b6_h6zs5w5vn4r0000gn/T
[2024-12-12T22:41:44.889+0530] {subprocess.py:88} INFO - Running command: ['/bin/bash', '-c', 'date']
[2024-12-12T22:41:44.898+0530] {subprocess.py:99} INFO - Output:
[2024-12-12T22:41:44.905+0530] {subprocess.py:106} INFO - Thu Dec 12 22:41:44 IST 2024
[2024-12-12T22:41:44.905+0530] {subprocess.py:110} INFO - Command exited with return code 0
[2024-12-12T22:41:44.931+0530] {taskinstance.py:340} INFO - ::group::Post task execution logs
[2024-12-12T22:41:44.933+0530] {taskinstance.py:352} INFO - Marking task as SUCCESS. dag_id=tutorial, task_id=print_date, run_id=backfill__2015-06-04T00:00:00+00:00, execution_date=20150604T000000, start_date=20241212T171144, end_date=20241212T171144
[2024-12-12T22:41:44.944+0530] {logging_mixin.py:190} INFO - Task instance in success state
[2024-12-12T22:41:44.945+0530] {logging_mixin.py:190} INFO -  Previous state of the Task instance: running
[2024-12-12T22:41:44.946+0530] {logging_mixin.py:190} INFO - Dag name:tutorial queued_at:None
[2024-12-12T22:41:44.946+0530] {logging_mixin.py:190} INFO - Task hostname:Jayeshs-MacBook-Air.local operator:BashOperator
[2024-12-12T22:41:44.959+0530] {local_task_job_runner.py:266} INFO - Task exited with return code 0
[2024-12-12T22:41:44.986+0530] {taskinstance.py:3895} INFO - 2 downstream tasks scheduled from follow-on schedule check
[2024-12-12T22:41:44.989+0530] {local_task_job_runner.py:245} INFO - ::endgroup::
