[2025-01-16T15:25:00.882+0000] {local_task_job_runner.py:123} INFO - ::group::Pre task execution logs
[2025-01-16T15:25:00.946+0000] {taskinstance.py:2613} INFO - Dependencies all met for dep_context=non-requeueable deps ti=<TaskInstance: movie_pipeline.scrape_movies manual__2025-01-16T04:38:13.822674+00:00 [queued]>
[2025-01-16T15:25:00.971+0000] {taskinstance.py:2613} INFO - Dependencies all met for dep_context=requeueable deps ti=<TaskInstance: movie_pipeline.scrape_movies manual__2025-01-16T04:38:13.822674+00:00 [queued]>
[2025-01-16T15:25:00.975+0000] {taskinstance.py:2866} INFO - Starting attempt 3 of 3
[2025-01-16T15:25:01.019+0000] {taskinstance.py:2889} INFO - Executing <Task(PythonOperator): scrape_movies> on 2025-01-16 04:38:13.822674+00:00
[2025-01-16T15:25:01.034+0000] {standard_task_runner.py:72} INFO - Started process 573 to run task
[2025-01-16T15:25:01.047+0000] {standard_task_runner.py:104} INFO - Running: ['airflow', 'tasks', 'run', 'movie_pipeline', 'scrape_movies', 'manual__2025-01-16T04:38:13.822674+00:00', '--job-id', '36', '--raw', '--subdir', 'DAGS_FOLDER/pipeline_dag.py', '--cfg-path', '/tmp/tmpu7zg8ncn']
[2025-01-16T15:25:01.053+0000] {standard_task_runner.py:105} INFO - Job 36: Subtask scrape_movies
[2025-01-16T15:25:01.210+0000] {task_command.py:467} INFO - Running <TaskInstance: movie_pipeline.scrape_movies manual__2025-01-16T04:38:13.822674+00:00 [running]> on host 2dad824ef9ce
[2025-01-16T15:25:01.477+0000] {taskinstance.py:3132} INFO - Exporting env vars: AIRFLOW_CTX_DAG_OWNER='airflow' AIRFLOW_CTX_DAG_ID='movie_pipeline' AIRFLOW_CTX_TASK_ID='scrape_movies' AIRFLOW_CTX_EXECUTION_DATE='2025-01-16T04:38:13.822674+00:00' AIRFLOW_CTX_TRY_NUMBER='3' AIRFLOW_CTX_DAG_RUN_ID='manual__2025-01-16T04:38:13.822674+00:00'
[2025-01-16T15:25:01.481+0000] {taskinstance.py:731} INFO - ::endgroup::
[2025-01-16T15:25:05.130+0000] {extract.py:59} INFO - Iteration: 0, release id: rl1511097089
[2025-01-16T15:25:28.908+0000] {extract.py:59} INFO - Iteration: 1, release id: rl1416265729
[2025-01-16T15:25:57.449+0000] {extract.py:59} INFO - Iteration: 2, release id: rl886211329
[2025-01-16T15:26:16.003+0000] {extract.py:59} INFO - Iteration: 3, release id: rl2537783297
[2025-01-16T15:26:28.118+0000] {extract.py:59} INFO - Iteration: 4, release id: rl2843508737
[2025-01-16T15:26:43.110+0000] {extract.py:59} INFO - Iteration: 5, release id: rl1199474177
[2025-01-16T15:26:54.452+0000] {extract.py:59} INFO - Iteration: 6, release id: rl862748673
[2025-01-16T15:27:11.828+0000] {extract.py:59} INFO - Iteration: 7, release id: rl1778156289
[2025-01-16T15:27:25.000+0000] {extract.py:59} INFO - Iteration: 8, release id: rl2557247489
[2025-01-16T15:27:35.293+0000] {extract.py:59} INFO - Iteration: 9, release id: rl3881074689
[2025-01-16T15:27:45.310+0000] {extract.py:59} INFO - Iteration: 10, release id: rl2778432257
[2025-01-16T15:27:56.072+0000] {extract.py:59} INFO - Iteration: 11, release id: rl259556097
[2025-01-16T15:28:05.514+0000] {extract.py:59} INFO - Iteration: 12, release id: rl677871617
[2025-01-16T15:28:14.414+0000] {extract.py:59} INFO - Iteration: 13, release id: rl3277815809
[2025-01-16T15:28:23.641+0000] {extract.py:59} INFO - Iteration: 14, release id: rl1831305217
[2025-01-16T15:28:32.387+0000] {extract.py:59} INFO - Iteration: 15, release id: rl2383183873
[2025-01-16T15:28:43.750+0000] {extract.py:59} INFO - Iteration: 16, release id: rl3898179585
[2025-01-16T15:28:56.154+0000] {extract.py:59} INFO - Iteration: 17, release id: rl3123675905
[2025-01-16T15:29:06.030+0000] {extract.py:59} INFO - Iteration: 18, release id: rl3443949569
[2025-01-16T15:29:29.574+0000] {python.py:240} INFO - Done. Returned value was: s3://movie-data-dump/run_20250114/movies_html_source_20250114.json
[2025-01-16T15:29:29.662+0000] {taskinstance.py:340} INFO - ::group::Post task execution logs
[2025-01-16T15:29:29.665+0000] {taskinstance.py:352} INFO - Marking task as SUCCESS. dag_id=movie_pipeline, task_id=scrape_movies, run_id=manual__2025-01-16T04:38:13.822674+00:00, execution_date=20250116T043813, start_date=20250116T152500, end_date=20250116T152929
[2025-01-16T15:29:29.794+0000] {local_task_job_runner.py:266} INFO - Task exited with return code 0
[2025-01-16T15:29:29.882+0000] {taskinstance.py:3895} INFO - 1 downstream tasks scheduled from follow-on schedule check
[2025-01-16T15:29:29.886+0000] {local_task_job_runner.py:245} INFO - ::endgroup::
