[2024-12-19T14:52:55.798+0530] {local_task_job_runner.py:123} INFO - ::group::Pre task execution logs
[2024-12-19T14:52:55.810+0530] {taskinstance.py:2613} INFO - Dependencies all met for dep_context=non-requeueable deps ti=<TaskInstance: movie_pipeline.scrape_collection_page backfill__2024-12-16T00:00:00+00:00 [queued]>
[2024-12-19T14:52:55.819+0530] {taskinstance.py:2613} INFO - Dependencies all met for dep_context=requeueable deps ti=<TaskInstance: movie_pipeline.scrape_collection_page backfill__2024-12-16T00:00:00+00:00 [queued]>
[2024-12-19T14:52:55.820+0530] {taskinstance.py:2866} INFO - Starting attempt 2 of 2
[2024-12-19T14:52:55.842+0530] {taskinstance.py:2889} INFO - Executing <Task(PythonOperator): scrape_collection_page> on 2024-12-16 00:00:00+00:00
[2024-12-19T14:52:55.851+0530] {logging_mixin.py:190} WARNING - /Users/jayesh/Desktop/Personal Work/Movie_data_pipeline/.venv/lib/python3.12/site-packages/airflow/task/task_runner/standard_task_runner.py:70 DeprecationWarning: This process (pid=14550) is multi-threaded, use of fork() may lead to deadlocks in the child.
[2024-12-19T14:52:55.853+0530] {standard_task_runner.py:72} INFO - Started process 14568 to run task
[2024-12-19T14:52:55.855+0530] {standard_task_runner.py:104} INFO - Running: ['airflow', 'tasks', 'run', 'movie_pipeline', 'scrape_collection_page', 'backfill__2024-12-16T00:00:00+00:00', '--job-id', '258', '--pool', 'default_pool', '--raw', '--subdir', 'DAGS_FOLDER/pipeline_dag.py', '--cfg-path', '/var/folders/h6/l2cjrfls77b6_h6zs5w5vn4r0000gn/T/tmps49ic7mf']
[2024-12-19T14:52:55.858+0530] {standard_task_runner.py:105} INFO - Job 258: Subtask scrape_collection_page
[2024-12-19T14:52:55.990+0530] {task_command.py:467} INFO - Running <TaskInstance: movie_pipeline.scrape_collection_page backfill__2024-12-16T00:00:00+00:00 [running]> on host Jayeshs-MacBook-Air.local
[2024-12-19T14:52:56.191+0530] {taskinstance.py:3132} INFO - Exporting env vars: AIRFLOW_CTX_DAG_OWNER='airflow' AIRFLOW_CTX_DAG_ID='movie_pipeline' AIRFLOW_CTX_TASK_ID='scrape_collection_page' AIRFLOW_CTX_EXECUTION_DATE='2024-12-16T00:00:00+00:00' AIRFLOW_CTX_TRY_NUMBER='2' AIRFLOW_CTX_DAG_RUN_ID='backfill__2024-12-16T00:00:00+00:00'
[2024-12-19T14:52:56.193+0530] {logging_mixin.py:190} INFO - Task instance is in running state
[2024-12-19T14:52:56.194+0530] {logging_mixin.py:190} INFO -  Previous state of the Task instance: queued
[2024-12-19T14:52:56.194+0530] {logging_mixin.py:190} INFO - Current task name:scrape_collection_page state:running start_date:2024-12-19 09:22:55.811398+00:00
[2024-12-19T14:52:56.195+0530] {logging_mixin.py:190} INFO - Dag name:movie_pipeline and current dag run status:running
[2024-12-19T14:52:56.195+0530] {taskinstance.py:731} INFO - ::endgroup::
[2024-12-19T14:53:00.953+0530] {extract.py:34} INFO - Collection HTML page for run date: 2024-12-16 saved to path: run_20241216/boxoffice_html_20241216.json
[2024-12-19T14:53:43.823+0530] {local_task_job_runner.py:245} INFO - ::endgroup::
[2024-12-19T14:53:43.844+0530] {process_utils.py:132} INFO - Sending 15 to group 14568. PIDs of all processes in the group: [14571, 14568]
[2024-12-19T14:53:43.846+0530] {process_utils.py:87} INFO - Sending the signal 15 to group 14568
