[2024-12-19T15:17:25.901+0530] {local_task_job_runner.py:123} INFO - ::group::Pre task execution logs
[2024-12-19T15:17:25.915+0530] {taskinstance.py:2613} INFO - Dependencies all met for dep_context=non-requeueable deps ti=<TaskInstance: movie_pipeline.scrape_collection_page backfill__2024-12-16T00:00:00+00:00 [queued]>
[2024-12-19T15:17:25.925+0530] {taskinstance.py:2613} INFO - Dependencies all met for dep_context=requeueable deps ti=<TaskInstance: movie_pipeline.scrape_collection_page backfill__2024-12-16T00:00:00+00:00 [queued]>
[2024-12-19T15:17:25.925+0530] {taskinstance.py:2866} INFO - Starting attempt 5 of 5
[2024-12-19T15:17:25.945+0530] {taskinstance.py:2889} INFO - Executing <Task(PythonOperator): scrape_collection_page> on 2024-12-16 00:00:00+00:00
[2024-12-19T15:17:25.957+0530] {logging_mixin.py:190} WARNING - /Users/jayesh/Desktop/Personal Work/Movie_data_pipeline/.venv/lib/python3.12/site-packages/airflow/task/task_runner/standard_task_runner.py:70 DeprecationWarning: This process (pid=17267) is multi-threaded, use of fork() may lead to deadlocks in the child.
[2024-12-19T15:17:25.962+0530] {standard_task_runner.py:72} INFO - Started process 17281 to run task
[2024-12-19T15:17:25.973+0530] {standard_task_runner.py:104} INFO - Running: ['airflow', 'tasks', 'run', 'movie_pipeline', 'scrape_collection_page', 'backfill__2024-12-16T00:00:00+00:00', '--job-id', '269', '--pool', 'default_pool', '--raw', '--subdir', 'DAGS_FOLDER/pipeline_dag.py', '--cfg-path', '/var/folders/h6/l2cjrfls77b6_h6zs5w5vn4r0000gn/T/tmp_avbd3ku']
[2024-12-19T15:17:25.977+0530] {standard_task_runner.py:105} INFO - Job 269: Subtask scrape_collection_page
[2024-12-19T15:17:26.058+0530] {task_command.py:467} INFO - Running <TaskInstance: movie_pipeline.scrape_collection_page backfill__2024-12-16T00:00:00+00:00 [running]> on host Jayeshs-MacBook-Air.local
[2024-12-19T15:17:26.188+0530] {taskinstance.py:3132} INFO - Exporting env vars: AIRFLOW_CTX_DAG_OWNER='airflow' AIRFLOW_CTX_DAG_ID='movie_pipeline' AIRFLOW_CTX_TASK_ID='scrape_collection_page' AIRFLOW_CTX_EXECUTION_DATE='2024-12-16T00:00:00+00:00' AIRFLOW_CTX_TRY_NUMBER='5' AIRFLOW_CTX_DAG_RUN_ID='backfill__2024-12-16T00:00:00+00:00'
[2024-12-19T15:17:26.191+0530] {logging_mixin.py:190} INFO - Task instance is in running state
[2024-12-19T15:17:26.192+0530] {logging_mixin.py:190} INFO -  Previous state of the Task instance: queued
[2024-12-19T15:17:26.194+0530] {logging_mixin.py:190} INFO - Current task name:scrape_collection_page state:running start_date:2024-12-19 09:47:25.916293+00:00
[2024-12-19T15:17:26.194+0530] {logging_mixin.py:190} INFO - Dag name:movie_pipeline and current dag run status:running
[2024-12-19T15:17:26.196+0530] {taskinstance.py:731} INFO - ::endgroup::
[2024-12-19T15:17:30.316+0530] {extract.py:35} INFO - Collection HTML page for run date: 2024-12-16 saved to path: run_20241216/boxoffice_html_20241216.json
[2024-12-19T15:17:30.609+0530] {python.py:240} INFO - Done. Returned value was: run_20241216/boxoffice_html_20241216.json
[2024-12-19T15:17:30.643+0530] {taskinstance.py:340} INFO - ::group::Post task execution logs
[2024-12-19T15:17:30.651+0530] {taskinstance.py:352} INFO - Marking task as SUCCESS. dag_id=movie_pipeline, task_id=scrape_collection_page, run_id=backfill__2024-12-16T00:00:00+00:00, execution_date=20241216T000000, start_date=20241219T094725, end_date=20241219T094730
[2024-12-19T15:17:30.680+0530] {logging_mixin.py:190} INFO - Task instance in success state
[2024-12-19T15:17:30.681+0530] {logging_mixin.py:190} INFO -  Previous state of the Task instance: running
[2024-12-19T15:17:30.681+0530] {logging_mixin.py:190} INFO - Dag name:movie_pipeline queued_at:2024-12-19 09:44:18.390059+00:00
[2024-12-19T15:17:30.682+0530] {logging_mixin.py:190} INFO - Task hostname:Jayeshs-MacBook-Air.local operator:PythonOperator
[2024-12-19T15:17:30.715+0530] {local_task_job_runner.py:266} INFO - Task exited with return code 0
[2024-12-19T15:17:30.739+0530] {taskinstance.py:3895} INFO - 0 downstream tasks scheduled from follow-on schedule check
[2024-12-19T15:17:30.740+0530] {local_task_job_runner.py:245} INFO - ::endgroup::
