[2024-12-19T15:12:15.455+0530] {local_task_job_runner.py:123} INFO - ::group::Pre task execution logs
[2024-12-19T15:12:15.471+0530] {taskinstance.py:2613} INFO - Dependencies all met for dep_context=non-requeueable deps ti=<TaskInstance: movie_pipeline.scrape_collection_page backfill__2024-12-16T00:00:00+00:00 [queued]>
[2024-12-19T15:12:15.487+0530] {taskinstance.py:2613} INFO - Dependencies all met for dep_context=requeueable deps ti=<TaskInstance: movie_pipeline.scrape_collection_page backfill__2024-12-16T00:00:00+00:00 [queued]>
[2024-12-19T15:12:15.487+0530] {taskinstance.py:2866} INFO - Starting attempt 4 of 4
[2024-12-19T15:12:15.505+0530] {taskinstance.py:2889} INFO - Executing <Task(PythonOperator): scrape_collection_page> on 2024-12-16 00:00:00+00:00
[2024-12-19T15:12:15.517+0530] {logging_mixin.py:190} WARNING - /Users/jayesh/Desktop/Personal Work/Movie_data_pipeline/.venv/lib/python3.12/site-packages/airflow/task/task_runner/standard_task_runner.py:70 DeprecationWarning: This process (pid=16680) is multi-threaded, use of fork() may lead to deadlocks in the child.
[2024-12-19T15:12:15.520+0530] {standard_task_runner.py:72} INFO - Started process 16695 to run task
[2024-12-19T15:12:15.524+0530] {standard_task_runner.py:104} INFO - Running: ['airflow', 'tasks', 'run', 'movie_pipeline', 'scrape_collection_page', 'backfill__2024-12-16T00:00:00+00:00', '--job-id', '266', '--pool', 'default_pool', '--raw', '--subdir', 'DAGS_FOLDER/pipeline_dag.py', '--cfg-path', '/var/folders/h6/l2cjrfls77b6_h6zs5w5vn4r0000gn/T/tmpgzdj2_id']
[2024-12-19T15:12:15.528+0530] {standard_task_runner.py:105} INFO - Job 266: Subtask scrape_collection_page
[2024-12-19T15:12:15.588+0530] {task_command.py:467} INFO - Running <TaskInstance: movie_pipeline.scrape_collection_page backfill__2024-12-16T00:00:00+00:00 [running]> on host Jayeshs-MacBook-Air.local
[2024-12-19T15:12:15.737+0530] {taskinstance.py:3132} INFO - Exporting env vars: AIRFLOW_CTX_DAG_OWNER='airflow' AIRFLOW_CTX_DAG_ID='movie_pipeline' AIRFLOW_CTX_TASK_ID='scrape_collection_page' AIRFLOW_CTX_EXECUTION_DATE='2024-12-16T00:00:00+00:00' AIRFLOW_CTX_TRY_NUMBER='4' AIRFLOW_CTX_DAG_RUN_ID='backfill__2024-12-16T00:00:00+00:00'
[2024-12-19T15:12:15.739+0530] {logging_mixin.py:190} INFO - Task instance is in running state
[2024-12-19T15:12:15.740+0530] {logging_mixin.py:190} INFO -  Previous state of the Task instance: queued
[2024-12-19T15:12:15.742+0530] {logging_mixin.py:190} INFO - Current task name:scrape_collection_page state:running start_date:2024-12-19 09:42:15.472377+00:00
[2024-12-19T15:12:15.743+0530] {logging_mixin.py:190} INFO - Dag name:movie_pipeline and current dag run status:running
[2024-12-19T15:12:15.743+0530] {taskinstance.py:731} INFO - ::endgroup::
[2024-12-19T15:12:19.880+0530] {extract.py:35} INFO - Collection HTML page for run date: 2024-12-16 saved to path: run_20241216/boxoffice_html_20241216.json
[2024-12-19T15:12:19.884+0530] {logging_mixin.py:190} INFO - sleep start
[2024-12-19T15:12:29.887+0530] {logging_mixin.py:190} INFO - sleep end
[2024-12-19T15:13:27.359+0530] {local_task_job_runner.py:266} INFO - Task exited with return code -9. For more information, see https://airflow.apache.org/docs/apache-airflow/stable/troubleshooting.html#LocalTaskJob-killed
[2024-12-19T15:13:27.377+0530] {taskinstance.py:3895} INFO - 0 downstream tasks scheduled from follow-on schedule check
[2024-12-19T15:13:27.378+0530] {local_task_job_runner.py:245} INFO - ::endgroup::
