[2024-12-19T13:30:56.542+0530] {local_task_job_runner.py:123} INFO - ::group::Pre task execution logs
[2024-12-19T13:30:56.563+0530] {taskinstance.py:2613} INFO - Dependencies all met for dep_context=non-requeueable deps ti=<TaskInstance: movie_pipeline.scrape_collection_page backfill__2024-12-16T00:00:00+00:00 [queued]>
[2024-12-19T13:30:56.572+0530] {taskinstance.py:2613} INFO - Dependencies all met for dep_context=requeueable deps ti=<TaskInstance: movie_pipeline.scrape_collection_page backfill__2024-12-16T00:00:00+00:00 [queued]>
[2024-12-19T13:30:56.573+0530] {taskinstance.py:2866} INFO - Starting attempt 1 of 1
[2024-12-19T13:30:56.596+0530] {taskinstance.py:2889} INFO - Executing <Task(PythonOperator): scrape_collection_page> on 2024-12-16 00:00:00+00:00
[2024-12-19T13:30:56.610+0530] {logging_mixin.py:190} WARNING - /Users/jayesh/Desktop/Personal Work/Movie_data_pipeline/.venv/lib/python3.12/site-packages/airflow/task/task_runner/standard_task_runner.py:70 DeprecationWarning: This process (pid=5760) is multi-threaded, use of fork() may lead to deadlocks in the child.
[2024-12-19T13:30:56.613+0530] {standard_task_runner.py:72} INFO - Started process 5784 to run task
[2024-12-19T13:30:56.612+0530] {standard_task_runner.py:104} INFO - Running: ['airflow', 'tasks', 'run', 'movie_pipeline', 'scrape_collection_page', 'backfill__2024-12-16T00:00:00+00:00', '--job-id', '235', '--pool', 'default_pool', '--raw', '--subdir', 'DAGS_FOLDER/pipeline_dag.py', '--cfg-path', '/var/folders/h6/l2cjrfls77b6_h6zs5w5vn4r0000gn/T/tmp_zuuhq2n']
[2024-12-19T13:30:56.616+0530] {standard_task_runner.py:105} INFO - Job 235: Subtask scrape_collection_page
[2024-12-19T13:30:56.699+0530] {task_command.py:467} INFO - Running <TaskInstance: movie_pipeline.scrape_collection_page backfill__2024-12-16T00:00:00+00:00 [running]> on host Jayeshs-MacBook-Air.local
[2024-12-19T13:30:56.806+0530] {taskinstance.py:3132} INFO - Exporting env vars: AIRFLOW_CTX_DAG_OWNER='airflow' AIRFLOW_CTX_DAG_ID='movie_pipeline' AIRFLOW_CTX_TASK_ID='scrape_collection_page' AIRFLOW_CTX_EXECUTION_DATE='2024-12-16T00:00:00+00:00' AIRFLOW_CTX_TRY_NUMBER='1' AIRFLOW_CTX_DAG_RUN_ID='backfill__2024-12-16T00:00:00+00:00'
[2024-12-19T13:30:56.809+0530] {logging_mixin.py:190} INFO - Task instance is in running state
[2024-12-19T13:30:56.810+0530] {logging_mixin.py:190} INFO -  Previous state of the Task instance: queued
[2024-12-19T13:30:56.811+0530] {logging_mixin.py:190} INFO - Current task name:scrape_collection_page state:running start_date:2024-12-19 08:00:56.563779+00:00
[2024-12-19T13:30:56.812+0530] {logging_mixin.py:190} INFO - Dag name:movie_pipeline and current dag run status:running
[2024-12-19T13:30:56.813+0530] {taskinstance.py:731} INFO - ::endgroup::
[2024-12-19T13:32:57.608+0530] {local_task_job_runner.py:346} WARNING - State of this instance has been externally set to failed. Terminating instance.
[2024-12-19T13:32:57.617+0530] {local_task_job_runner.py:245} INFO - ::endgroup::
[2024-12-19T13:32:57.632+0530] {process_utils.py:132} INFO - Sending 15 to group 5784. PIDs of all processes in the group: [5785, 5784]
[2024-12-19T13:32:57.633+0530] {process_utils.py:87} INFO - Sending the signal 15 to group 5784
[2024-12-19T13:33:12.456+0530] {process_utils.py:80} INFO - Process psutil.Process(pid=5784, status='terminated', exitcode=<Negsignal.SIGKILL: -9>, started='13:30:56') (5784) terminated with exit code -9
[2024-12-19T13:33:12.459+0530] {process_utils.py:80} INFO - Process psutil.Process(pid=5785, status='terminated', started='13:30:56') (5785) terminated with exit code None
[2024-12-19T13:33:12.460+0530] {standard_task_runner.py:190} ERROR - ('Job 235 was killed before it finished (likely due to running out of memory)', 'For more information, see https://airflow.apache.org/docs/apache-airflow/stable/troubleshooting.html#LocalTaskJob-killed')
