[2024-12-15T13:35:23.805+0530] {local_task_job_runner.py:123} INFO - ::group::Pre task execution logs
[2024-12-15T13:35:23.825+0530] {taskinstance.py:2613} INFO - Dependencies all met for dep_context=non-requeueable deps ti=<TaskInstance: movie_pipeline.date_render backfill__2024-12-09T00:00:00+00:00 [queued]>
[2024-12-15T13:35:23.835+0530] {taskinstance.py:2613} INFO - Dependencies all met for dep_context=requeueable deps ti=<TaskInstance: movie_pipeline.date_render backfill__2024-12-09T00:00:00+00:00 [queued]>
[2024-12-15T13:35:23.836+0530] {taskinstance.py:2866} INFO - Starting attempt 3 of 3
[2024-12-15T13:35:23.851+0530] {taskinstance.py:2889} INFO - Executing <Task(_PythonDecoratedOperator): date_render> on 2024-12-09 00:00:00+00:00
[2024-12-15T13:35:23.860+0530] {logging_mixin.py:190} WARNING - /Users/jayesh/Desktop/Personal Work/Movie_data_pipeline/.venv/lib/python3.12/site-packages/airflow/task/task_runner/standard_task_runner.py:70 DeprecationWarning: This process (pid=71084) is multi-threaded, use of fork() may lead to deadlocks in the child.
[2024-12-15T13:35:23.862+0530] {standard_task_runner.py:72} INFO - Started process 71100 to run task
[2024-12-15T13:35:23.863+0530] {standard_task_runner.py:104} INFO - Running: ['airflow', 'tasks', 'run', 'movie_pipeline', 'date_render', 'backfill__2024-12-09T00:00:00+00:00', '--job-id', '94', '--pool', 'default_pool', '--raw', '--subdir', 'DAGS_FOLDER/pipeline_dag.py', '--cfg-path', '/var/folders/h6/l2cjrfls77b6_h6zs5w5vn4r0000gn/T/tmp19djt0s4']
[2024-12-15T13:35:23.868+0530] {standard_task_runner.py:105} INFO - Job 94: Subtask date_render
[2024-12-15T13:35:23.928+0530] {task_command.py:467} INFO - Running <TaskInstance: movie_pipeline.date_render backfill__2024-12-09T00:00:00+00:00 [running]> on host Jayeshs-MacBook-Air.local
[2024-12-15T13:35:24.009+0530] {taskinstance.py:3132} INFO - Exporting env vars: AIRFLOW_CTX_DAG_OWNER='airflow' AIRFLOW_CTX_DAG_ID='movie_pipeline' AIRFLOW_CTX_TASK_ID='date_render' AIRFLOW_CTX_EXECUTION_DATE='2024-12-09T00:00:00+00:00' AIRFLOW_CTX_TRY_NUMBER='3' AIRFLOW_CTX_DAG_RUN_ID='backfill__2024-12-09T00:00:00+00:00'
[2024-12-15T13:35:24.011+0530] {logging_mixin.py:190} INFO - Task instance is in running state
[2024-12-15T13:35:24.012+0530] {logging_mixin.py:190} INFO -  Previous state of the Task instance: queued
[2024-12-15T13:35:24.012+0530] {logging_mixin.py:190} INFO - Current task name:date_render state:running start_date:2024-12-15 08:05:23.826364+00:00
[2024-12-15T13:35:24.013+0530] {logging_mixin.py:190} INFO - Dag name:movie_pipeline and current dag run status:running
[2024-12-15T13:35:24.013+0530] {taskinstance.py:731} INFO - ::endgroup::
[2024-12-15T13:35:24.019+0530] {logging_mixin.py:190} WARNING - /Users/jayesh/Desktop/Personal Work/Movie_data_pipeline/.venv/lib/python3.12/site-packages/airflow/utils/operator_helpers.py:175 AirflowContextDeprecationWarning: Accessing 'execution_date' from the template is deprecated and will be removed in a future version. Please use 'data_interval_start' or 'logical_date' instead.
[2024-12-15T13:35:24.021+0530] {logging_mixin.py:190} INFO - The start date is: 2024-12-09 05:30:00+05:30
[2024-12-15T13:35:24.021+0530] {python.py:240} INFO - Done. Returned value was: success
[2024-12-15T13:35:24.038+0530] {taskinstance.py:340} INFO - ::group::Post task execution logs
[2024-12-15T13:35:24.039+0530] {taskinstance.py:352} INFO - Marking task as SUCCESS. dag_id=movie_pipeline, task_id=date_render, run_id=backfill__2024-12-09T00:00:00+00:00, execution_date=20241209T000000, start_date=20241215T080523, end_date=20241215T080524
[2024-12-15T13:35:24.049+0530] {logging_mixin.py:190} INFO - Task instance in success state
[2024-12-15T13:35:24.050+0530] {logging_mixin.py:190} INFO -  Previous state of the Task instance: running
[2024-12-15T13:35:24.051+0530] {logging_mixin.py:190} INFO - Dag name:movie_pipeline queued_at:2024-12-15 08:04:45.056195+00:00
[2024-12-15T13:35:24.052+0530] {logging_mixin.py:190} INFO - Task hostname:Jayeshs-MacBook-Air.local operator:_PythonDecoratedOperator
[2024-12-15T13:35:24.101+0530] {local_task_job_runner.py:266} INFO - Task exited with return code 0
[2024-12-15T13:35:24.125+0530] {taskinstance.py:3895} INFO - 0 downstream tasks scheduled from follow-on schedule check
[2024-12-15T13:35:24.126+0530] {local_task_job_runner.py:245} INFO - ::endgroup::
