[2024-12-15T13:35:11.994+0530] {local_task_job_runner.py:123} INFO - ::group::Pre task execution logs
[2024-12-15T13:35:12.020+0530] {taskinstance.py:2613} INFO - Dependencies all met for dep_context=non-requeueable deps ti=<TaskInstance: movie_pipeline.info_mssg backfill__2024-12-09T00:00:00+00:00 [queued]>
[2024-12-15T13:35:12.033+0530] {taskinstance.py:2613} INFO - Dependencies all met for dep_context=requeueable deps ti=<TaskInstance: movie_pipeline.info_mssg backfill__2024-12-09T00:00:00+00:00 [queued]>
[2024-12-15T13:35:12.034+0530] {taskinstance.py:2866} INFO - Starting attempt 4 of 4
[2024-12-15T13:35:12.053+0530] {taskinstance.py:2889} INFO - Executing <Task(BashOperator): info_mssg> on 2024-12-09 00:00:00+00:00
[2024-12-15T13:35:12.067+0530] {logging_mixin.py:190} WARNING - /Users/jayesh/Desktop/Personal Work/Movie_data_pipeline/.venv/lib/python3.12/site-packages/airflow/task/task_runner/standard_task_runner.py:70 DeprecationWarning: This process (pid=71061) is multi-threaded, use of fork() may lead to deadlocks in the child.
[2024-12-15T13:35:12.068+0530] {standard_task_runner.py:72} INFO - Started process 71079 to run task
[2024-12-15T13:35:12.069+0530] {standard_task_runner.py:104} INFO - Running: ['airflow', 'tasks', 'run', 'movie_pipeline', 'info_mssg', 'backfill__2024-12-09T00:00:00+00:00', '--job-id', '93', '--pool', 'default_pool', '--raw', '--subdir', 'DAGS_FOLDER/pipeline_dag.py', '--cfg-path', '/var/folders/h6/l2cjrfls77b6_h6zs5w5vn4r0000gn/T/tmp5qe_imh3']
[2024-12-15T13:35:12.074+0530] {standard_task_runner.py:105} INFO - Job 93: Subtask info_mssg
[2024-12-15T13:35:12.146+0530] {task_command.py:467} INFO - Running <TaskInstance: movie_pipeline.info_mssg backfill__2024-12-09T00:00:00+00:00 [running]> on host Jayeshs-MacBook-Air.local
[2024-12-15T13:35:12.245+0530] {taskinstance.py:3132} INFO - Exporting env vars: AIRFLOW_CTX_DAG_OWNER='airflow' AIRFLOW_CTX_DAG_ID='movie_pipeline' AIRFLOW_CTX_TASK_ID='info_mssg' AIRFLOW_CTX_EXECUTION_DATE='2024-12-09T00:00:00+00:00' AIRFLOW_CTX_TRY_NUMBER='4' AIRFLOW_CTX_DAG_RUN_ID='backfill__2024-12-09T00:00:00+00:00'
[2024-12-15T13:35:12.247+0530] {logging_mixin.py:190} INFO - Task instance is in running state
[2024-12-15T13:35:12.247+0530] {logging_mixin.py:190} INFO -  Previous state of the Task instance: queued
[2024-12-15T13:35:12.249+0530] {logging_mixin.py:190} INFO - Current task name:info_mssg state:running start_date:2024-12-15 08:05:12.021862+00:00
[2024-12-15T13:35:12.250+0530] {logging_mixin.py:190} INFO - Dag name:movie_pipeline and current dag run status:running
[2024-12-15T13:35:12.251+0530] {taskinstance.py:731} INFO - ::endgroup::
[2024-12-15T13:35:12.252+0530] {subprocess.py:78} INFO - Tmp dir root location: /var/folders/h6/l2cjrfls77b6_h6zs5w5vn4r0000gn/T
[2024-12-15T13:35:12.253+0530] {subprocess.py:88} INFO - Running command: ['/bin/bash', '-c', "echo 'scraping start'"]
[2024-12-15T13:35:12.262+0530] {subprocess.py:99} INFO - Output:
[2024-12-15T13:35:12.269+0530] {subprocess.py:106} INFO - scraping start
[2024-12-15T13:35:12.271+0530] {subprocess.py:110} INFO - Command exited with return code 0
[2024-12-15T13:35:12.293+0530] {taskinstance.py:340} INFO - ::group::Post task execution logs
[2024-12-15T13:35:12.295+0530] {taskinstance.py:352} INFO - Marking task as SUCCESS. dag_id=movie_pipeline, task_id=info_mssg, run_id=backfill__2024-12-09T00:00:00+00:00, execution_date=20241209T000000, start_date=20241215T080512, end_date=20241215T080512
[2024-12-15T13:35:12.307+0530] {logging_mixin.py:190} INFO - Task instance in success state
[2024-12-15T13:35:12.308+0530] {logging_mixin.py:190} INFO -  Previous state of the Task instance: running
[2024-12-15T13:35:12.308+0530] {logging_mixin.py:190} INFO - Dag name:movie_pipeline queued_at:2024-12-15 08:04:45.056195+00:00
[2024-12-15T13:35:12.309+0530] {logging_mixin.py:190} INFO - Task hostname:Jayeshs-MacBook-Air.local operator:BashOperator
[2024-12-15T13:35:12.346+0530] {local_task_job_runner.py:266} INFO - Task exited with return code 0
[2024-12-15T13:35:12.377+0530] {taskinstance.py:3895} INFO - 1 downstream tasks scheduled from follow-on schedule check
[2024-12-15T13:35:12.380+0530] {local_task_job_runner.py:245} INFO - ::endgroup::
