[2024-12-14T10:19:01.351+0530] {local_task_job_runner.py:123} INFO - ::group::Pre task execution logs
[2024-12-14T10:19:01.368+0530] {taskinstance.py:2613} INFO - Dependencies all met for dep_context=non-requeueable deps ti=<TaskInstance: movie_pipeline.info_mssg backfill__2024-12-09T00:00:00+00:00 [queued]>
[2024-12-14T10:19:01.375+0530] {taskinstance.py:2613} INFO - Dependencies all met for dep_context=requeueable deps ti=<TaskInstance: movie_pipeline.info_mssg backfill__2024-12-09T00:00:00+00:00 [queued]>
[2024-12-14T10:19:01.375+0530] {taskinstance.py:2866} INFO - Starting attempt 1 of 1
[2024-12-14T10:19:01.391+0530] {taskinstance.py:2889} INFO - Executing <Task(BashOperator): info_mssg> on 2024-12-09 00:00:00+00:00
[2024-12-14T10:19:01.400+0530] {logging_mixin.py:190} WARNING - /Users/jayesh/Desktop/Personal Work/Movie_data_pipeline/.venv/lib/python3.12/site-packages/airflow/task/task_runner/standard_task_runner.py:70 DeprecationWarning: This process (pid=38797) is multi-threaded, use of fork() may lead to deadlocks in the child.
[2024-12-14T10:19:01.402+0530] {standard_task_runner.py:72} INFO - Started process 38811 to run task
[2024-12-14T10:19:01.401+0530] {standard_task_runner.py:104} INFO - Running: ['airflow', 'tasks', 'run', 'movie_pipeline', 'info_mssg', 'backfill__2024-12-09T00:00:00+00:00', '--job-id', '57', '--pool', 'default_pool', '--raw', '--subdir', 'DAGS_FOLDER/pipeline_dag.py', '--cfg-path', '/var/folders/h6/l2cjrfls77b6_h6zs5w5vn4r0000gn/T/tmpwqf79sau']
[2024-12-14T10:19:01.404+0530] {standard_task_runner.py:105} INFO - Job 57: Subtask info_mssg
[2024-12-14T10:19:01.465+0530] {task_command.py:467} INFO - Running <TaskInstance: movie_pipeline.info_mssg backfill__2024-12-09T00:00:00+00:00 [running]> on host Jayeshs-MacBook-Air.local
[2024-12-14T10:19:01.543+0530] {taskinstance.py:3132} INFO - Exporting env vars: AIRFLOW_CTX_DAG_OWNER='airflow' AIRFLOW_CTX_DAG_ID='movie_pipeline' AIRFLOW_CTX_TASK_ID='info_mssg' AIRFLOW_CTX_EXECUTION_DATE='2024-12-09T00:00:00+00:00' AIRFLOW_CTX_TRY_NUMBER='1' AIRFLOW_CTX_DAG_RUN_ID='backfill__2024-12-09T00:00:00+00:00'
[2024-12-14T10:19:01.545+0530] {logging_mixin.py:190} INFO - Task instance is in running state
[2024-12-14T10:19:01.546+0530] {logging_mixin.py:190} INFO -  Previous state of the Task instance: queued
[2024-12-14T10:19:01.546+0530] {logging_mixin.py:190} INFO - Current task name:info_mssg state:running start_date:2024-12-14 04:49:01.368520+00:00
[2024-12-14T10:19:01.547+0530] {logging_mixin.py:190} INFO - Dag name:movie_pipeline and current dag run status:running
[2024-12-14T10:19:01.547+0530] {taskinstance.py:731} INFO - ::endgroup::
[2024-12-14T10:19:01.548+0530] {subprocess.py:78} INFO - Tmp dir root location: /var/folders/h6/l2cjrfls77b6_h6zs5w5vn4r0000gn/T
[2024-12-14T10:19:01.551+0530] {subprocess.py:88} INFO - Running command: ['/bin/bash', '-c', 'echo scraping started']
[2024-12-14T10:19:01.561+0530] {subprocess.py:99} INFO - Output:
[2024-12-14T10:19:01.570+0530] {subprocess.py:106} INFO - scraping started
[2024-12-14T10:19:01.571+0530] {subprocess.py:110} INFO - Command exited with return code 0
[2024-12-14T10:19:01.596+0530] {taskinstance.py:340} INFO - ::group::Post task execution logs
[2024-12-14T10:19:01.598+0530] {taskinstance.py:352} INFO - Marking task as SUCCESS. dag_id=movie_pipeline, task_id=info_mssg, run_id=backfill__2024-12-09T00:00:00+00:00, execution_date=20241209T000000, start_date=20241214T044901, end_date=20241214T044901
[2024-12-14T10:19:01.608+0530] {logging_mixin.py:190} INFO - Task instance in success state
[2024-12-14T10:19:01.609+0530] {logging_mixin.py:190} INFO -  Previous state of the Task instance: running
[2024-12-14T10:19:01.609+0530] {logging_mixin.py:190} INFO - Dag name:movie_pipeline queued_at:None
[2024-12-14T10:19:01.610+0530] {logging_mixin.py:190} INFO - Task hostname:Jayeshs-MacBook-Air.local operator:BashOperator
[2024-12-14T10:19:01.651+0530] {local_task_job_runner.py:266} INFO - Task exited with return code 0
[2024-12-14T10:19:01.678+0530] {taskinstance.py:3895} INFO - 1 downstream tasks scheduled from follow-on schedule check
[2024-12-14T10:19:01.681+0530] {local_task_job_runner.py:245} INFO - ::endgroup::
