[2024-12-16T11:39:55.321+0530] {local_task_job_runner.py:123} INFO - ::group::Pre task execution logs
[2024-12-16T11:39:55.495+0530] {taskinstance.py:2613} INFO - Dependencies all met for dep_context=non-requeueable deps ti=<TaskInstance: movie_pipeline.info_mssg backfill__2024-12-09T00:00:00+00:00 [queued]>
[2024-12-16T11:39:55.517+0530] {taskinstance.py:2613} INFO - Dependencies all met for dep_context=requeueable deps ti=<TaskInstance: movie_pipeline.info_mssg backfill__2024-12-09T00:00:00+00:00 [queued]>
[2024-12-16T11:39:55.517+0530] {taskinstance.py:2866} INFO - Starting attempt 5 of 5
[2024-12-16T11:39:55.609+0530] {taskinstance.py:2889} INFO - Executing <Task(BashOperator): info_mssg> on 2024-12-09 00:00:00+00:00
[2024-12-16T11:39:55.626+0530] {logging_mixin.py:190} WARNING - /Users/jayesh/Desktop/Personal Work/Movie_data_pipeline/.venv/lib/python3.12/site-packages/airflow/task/task_runner/standard_task_runner.py:70 DeprecationWarning: This process (pid=6791) is multi-threaded, use of fork() may lead to deadlocks in the child.
[2024-12-16T11:39:55.629+0530] {standard_task_runner.py:72} INFO - Started process 6825 to run task
[2024-12-16T11:39:55.628+0530] {standard_task_runner.py:104} INFO - Running: ['airflow', 'tasks', 'run', 'movie_pipeline', 'info_mssg', 'backfill__2024-12-09T00:00:00+00:00', '--job-id', '108', '--pool', 'default_pool', '--raw', '--subdir', 'DAGS_FOLDER/pipeline_dag.py', '--cfg-path', '/var/folders/h6/l2cjrfls77b6_h6zs5w5vn4r0000gn/T/tmpjo49ptps']
[2024-12-16T11:39:55.633+0530] {standard_task_runner.py:105} INFO - Job 108: Subtask info_mssg
[2024-12-16T11:39:55.788+0530] {task_command.py:467} INFO - Running <TaskInstance: movie_pipeline.info_mssg backfill__2024-12-09T00:00:00+00:00 [running]> on host Jayeshs-MacBook-Air.local
[2024-12-16T11:39:56.074+0530] {taskinstance.py:3132} INFO - Exporting env vars: AIRFLOW_CTX_DAG_OWNER='airflow' AIRFLOW_CTX_DAG_ID='movie_pipeline' AIRFLOW_CTX_TASK_ID='info_mssg' AIRFLOW_CTX_EXECUTION_DATE='2024-12-09T00:00:00+00:00' AIRFLOW_CTX_TRY_NUMBER='5' AIRFLOW_CTX_DAG_RUN_ID='backfill__2024-12-09T00:00:00+00:00'
[2024-12-16T11:39:56.076+0530] {logging_mixin.py:190} INFO - Task instance is in running state
[2024-12-16T11:39:56.077+0530] {logging_mixin.py:190} INFO -  Previous state of the Task instance: queued
[2024-12-16T11:39:56.078+0530] {logging_mixin.py:190} INFO - Current task name:info_mssg state:running start_date:2024-12-16 06:09:55.496901+00:00
[2024-12-16T11:39:56.079+0530] {logging_mixin.py:190} INFO - Dag name:movie_pipeline and current dag run status:running
[2024-12-16T11:39:56.080+0530] {taskinstance.py:731} INFO - ::endgroup::
[2024-12-16T11:39:56.081+0530] {subprocess.py:78} INFO - Tmp dir root location: /var/folders/h6/l2cjrfls77b6_h6zs5w5vn4r0000gn/T
[2024-12-16T11:39:56.083+0530] {subprocess.py:88} INFO - Running command: ['/bin/bash', '-c', "echo 'extraction start'"]
[2024-12-16T11:39:56.100+0530] {subprocess.py:99} INFO - Output:
[2024-12-16T11:39:56.110+0530] {subprocess.py:106} INFO - extraction start
[2024-12-16T11:39:56.111+0530] {subprocess.py:110} INFO - Command exited with return code 0
[2024-12-16T11:39:56.142+0530] {taskinstance.py:340} INFO - ::group::Post task execution logs
[2024-12-16T11:39:56.144+0530] {taskinstance.py:352} INFO - Marking task as SUCCESS. dag_id=movie_pipeline, task_id=info_mssg, run_id=backfill__2024-12-09T00:00:00+00:00, execution_date=20241209T000000, start_date=20241216T060955, end_date=20241216T060956
[2024-12-16T11:39:56.158+0530] {logging_mixin.py:190} INFO - Task instance in success state
[2024-12-16T11:39:56.159+0530] {logging_mixin.py:190} INFO -  Previous state of the Task instance: running
[2024-12-16T11:39:56.159+0530] {logging_mixin.py:190} INFO - Dag name:movie_pipeline queued_at:2024-12-16 06:09:24.566309+00:00
[2024-12-16T11:39:56.160+0530] {logging_mixin.py:190} INFO - Task hostname:Jayeshs-MacBook-Air.local operator:BashOperator
[2024-12-16T11:39:56.168+0530] {local_task_job_runner.py:266} INFO - Task exited with return code 0
[2024-12-16T11:39:56.213+0530] {taskinstance.py:3895} INFO - 1 downstream tasks scheduled from follow-on schedule check
[2024-12-16T11:39:56.216+0530] {local_task_job_runner.py:245} INFO - ::endgroup::
