[2024-12-21T10:22:58.235+0530] {processor.py:186} INFO - Started process (PID=2109) to work on /Users/jayesh/Desktop/Personal Work/Movie_data_pipeline/.venv/lib/python3.9/site-packages/airflow/example_dags/plugins/event_listener.py
[2024-12-21T10:22:58.240+0530] {processor.py:914} INFO - Processing file /Users/jayesh/Desktop/Personal Work/Movie_data_pipeline/.venv/lib/python3.9/site-packages/airflow/example_dags/plugins/event_listener.py for tasks to queue
[2024-12-21T10:22:58.244+0530] {logging_mixin.py:190} INFO - [2024-12-21T10:22:58.243+0530] {dagbag.py:588} INFO - Filling up the DagBag from /Users/jayesh/Desktop/Personal Work/Movie_data_pipeline/.venv/lib/python3.9/site-packages/airflow/example_dags/plugins/event_listener.py
[2024-12-21T10:22:58.247+0530] {processor.py:927} WARNING - No viable dags retrieved from /Users/jayesh/Desktop/Personal Work/Movie_data_pipeline/.venv/lib/python3.9/site-packages/airflow/example_dags/plugins/event_listener.py
[2024-12-21T10:22:58.560+0530] {processor.py:208} INFO - Processing /Users/jayesh/Desktop/Personal Work/Movie_data_pipeline/.venv/lib/python3.9/site-packages/airflow/example_dags/plugins/event_listener.py took 0.332 seconds
[2024-12-21T10:25:27.112+0530] {processor.py:186} INFO - Started process (PID=2521) to work on /Users/jayesh/Desktop/Personal Work/Movie_data_pipeline/.venv/lib/python3.9/site-packages/airflow/example_dags/plugins/event_listener.py
[2024-12-21T10:25:27.113+0530] {processor.py:914} INFO - Processing file /Users/jayesh/Desktop/Personal Work/Movie_data_pipeline/.venv/lib/python3.9/site-packages/airflow/example_dags/plugins/event_listener.py for tasks to queue
[2024-12-21T10:25:27.115+0530] {logging_mixin.py:190} INFO - [2024-12-21T10:25:27.114+0530] {dagbag.py:588} INFO - Filling up the DagBag from /Users/jayesh/Desktop/Personal Work/Movie_data_pipeline/.venv/lib/python3.9/site-packages/airflow/example_dags/plugins/event_listener.py
[2024-12-21T10:25:27.117+0530] {processor.py:927} WARNING - No viable dags retrieved from /Users/jayesh/Desktop/Personal Work/Movie_data_pipeline/.venv/lib/python3.9/site-packages/airflow/example_dags/plugins/event_listener.py
[2024-12-21T10:25:27.331+0530] {processor.py:208} INFO - Processing /Users/jayesh/Desktop/Personal Work/Movie_data_pipeline/.venv/lib/python3.9/site-packages/airflow/example_dags/plugins/event_listener.py took 0.224 seconds
[2024-12-21T10:26:50.661+0530] {processor.py:186} INFO - Started process (PID=2751) to work on /Users/jayesh/Desktop/Personal Work/Movie_data_pipeline/.venv/lib/python3.9/site-packages/airflow/example_dags/plugins/event_listener.py
[2024-12-21T10:26:50.662+0530] {processor.py:914} INFO - Processing file /Users/jayesh/Desktop/Personal Work/Movie_data_pipeline/.venv/lib/python3.9/site-packages/airflow/example_dags/plugins/event_listener.py for tasks to queue
[2024-12-21T10:26:50.664+0530] {logging_mixin.py:190} INFO - [2024-12-21T10:26:50.663+0530] {dagbag.py:588} INFO - Filling up the DagBag from /Users/jayesh/Desktop/Personal Work/Movie_data_pipeline/.venv/lib/python3.9/site-packages/airflow/example_dags/plugins/event_listener.py
[2024-12-21T10:26:50.666+0530] {processor.py:927} WARNING - No viable dags retrieved from /Users/jayesh/Desktop/Personal Work/Movie_data_pipeline/.venv/lib/python3.9/site-packages/airflow/example_dags/plugins/event_listener.py
[2024-12-21T10:26:50.907+0530] {processor.py:208} INFO - Processing /Users/jayesh/Desktop/Personal Work/Movie_data_pipeline/.venv/lib/python3.9/site-packages/airflow/example_dags/plugins/event_listener.py took 0.252 seconds
[2024-12-21T10:28:02.519+0530] {processor.py:186} INFO - Started process (PID=2953) to work on /Users/jayesh/Desktop/Personal Work/Movie_data_pipeline/.venv/lib/python3.9/site-packages/airflow/example_dags/plugins/event_listener.py
[2024-12-21T10:28:02.520+0530] {processor.py:914} INFO - Processing file /Users/jayesh/Desktop/Personal Work/Movie_data_pipeline/.venv/lib/python3.9/site-packages/airflow/example_dags/plugins/event_listener.py for tasks to queue
[2024-12-21T10:28:02.521+0530] {logging_mixin.py:190} INFO - [2024-12-21T10:28:02.521+0530] {dagbag.py:588} INFO - Filling up the DagBag from /Users/jayesh/Desktop/Personal Work/Movie_data_pipeline/.venv/lib/python3.9/site-packages/airflow/example_dags/plugins/event_listener.py
[2024-12-21T10:28:02.524+0530] {processor.py:927} WARNING - No viable dags retrieved from /Users/jayesh/Desktop/Personal Work/Movie_data_pipeline/.venv/lib/python3.9/site-packages/airflow/example_dags/plugins/event_listener.py
[2024-12-21T10:28:02.720+0530] {processor.py:208} INFO - Processing /Users/jayesh/Desktop/Personal Work/Movie_data_pipeline/.venv/lib/python3.9/site-packages/airflow/example_dags/plugins/event_listener.py took 0.206 seconds
[2024-12-21T10:29:19.392+0530] {processor.py:186} INFO - Started process (PID=3162) to work on /Users/jayesh/Desktop/Personal Work/Movie_data_pipeline/.venv/lib/python3.9/site-packages/airflow/example_dags/plugins/event_listener.py
[2024-12-21T10:29:19.394+0530] {processor.py:914} INFO - Processing file /Users/jayesh/Desktop/Personal Work/Movie_data_pipeline/.venv/lib/python3.9/site-packages/airflow/example_dags/plugins/event_listener.py for tasks to queue
[2024-12-21T10:29:19.398+0530] {logging_mixin.py:190} INFO - [2024-12-21T10:29:19.397+0530] {dagbag.py:588} INFO - Filling up the DagBag from /Users/jayesh/Desktop/Personal Work/Movie_data_pipeline/.venv/lib/python3.9/site-packages/airflow/example_dags/plugins/event_listener.py
[2024-12-21T10:29:19.401+0530] {processor.py:927} WARNING - No viable dags retrieved from /Users/jayesh/Desktop/Personal Work/Movie_data_pipeline/.venv/lib/python3.9/site-packages/airflow/example_dags/plugins/event_listener.py
[2024-12-21T10:29:19.736+0530] {processor.py:208} INFO - Processing /Users/jayesh/Desktop/Personal Work/Movie_data_pipeline/.venv/lib/python3.9/site-packages/airflow/example_dags/plugins/event_listener.py took 0.354 seconds
[2024-12-21T10:30:50.949+0530] {processor.py:186} INFO - Started process (PID=3392) to work on /Users/jayesh/Desktop/Personal Work/Movie_data_pipeline/.venv/lib/python3.9/site-packages/airflow/example_dags/plugins/event_listener.py
[2024-12-21T10:30:50.950+0530] {processor.py:914} INFO - Processing file /Users/jayesh/Desktop/Personal Work/Movie_data_pipeline/.venv/lib/python3.9/site-packages/airflow/example_dags/plugins/event_listener.py for tasks to queue
[2024-12-21T10:30:50.953+0530] {logging_mixin.py:190} INFO - [2024-12-21T10:30:50.953+0530] {dagbag.py:588} INFO - Filling up the DagBag from /Users/jayesh/Desktop/Personal Work/Movie_data_pipeline/.venv/lib/python3.9/site-packages/airflow/example_dags/plugins/event_listener.py
[2024-12-21T10:30:50.956+0530] {processor.py:927} WARNING - No viable dags retrieved from /Users/jayesh/Desktop/Personal Work/Movie_data_pipeline/.venv/lib/python3.9/site-packages/airflow/example_dags/plugins/event_listener.py
[2024-12-21T10:30:51.199+0530] {processor.py:208} INFO - Processing /Users/jayesh/Desktop/Personal Work/Movie_data_pipeline/.venv/lib/python3.9/site-packages/airflow/example_dags/plugins/event_listener.py took 0.258 seconds
[2024-12-21T10:47:28.736+0530] {processor.py:186} INFO - Started process (PID=4009) to work on /Users/jayesh/Desktop/Personal Work/Movie_data_pipeline/.venv/lib/python3.9/site-packages/airflow/example_dags/plugins/event_listener.py
[2024-12-21T10:47:28.738+0530] {processor.py:914} INFO - Processing file /Users/jayesh/Desktop/Personal Work/Movie_data_pipeline/.venv/lib/python3.9/site-packages/airflow/example_dags/plugins/event_listener.py for tasks to queue
[2024-12-21T10:47:28.740+0530] {logging_mixin.py:190} INFO - [2024-12-21T10:47:28.739+0530] {dagbag.py:588} INFO - Filling up the DagBag from /Users/jayesh/Desktop/Personal Work/Movie_data_pipeline/.venv/lib/python3.9/site-packages/airflow/example_dags/plugins/event_listener.py
[2024-12-21T10:47:28.742+0530] {processor.py:927} WARNING - No viable dags retrieved from /Users/jayesh/Desktop/Personal Work/Movie_data_pipeline/.venv/lib/python3.9/site-packages/airflow/example_dags/plugins/event_listener.py
[2024-12-21T10:47:28.947+0530] {processor.py:208} INFO - Processing /Users/jayesh/Desktop/Personal Work/Movie_data_pipeline/.venv/lib/python3.9/site-packages/airflow/example_dags/plugins/event_listener.py took 0.216 seconds
[2024-12-21T10:49:41.767+0530] {processor.py:186} INFO - Started process (PID=4420) to work on /Users/jayesh/Desktop/Personal Work/Movie_data_pipeline/.venv/lib/python3.9/site-packages/airflow/example_dags/plugins/event_listener.py
[2024-12-21T10:49:41.769+0530] {processor.py:914} INFO - Processing file /Users/jayesh/Desktop/Personal Work/Movie_data_pipeline/.venv/lib/python3.9/site-packages/airflow/example_dags/plugins/event_listener.py for tasks to queue
[2024-12-21T10:49:41.772+0530] {logging_mixin.py:190} INFO - [2024-12-21T10:49:41.772+0530] {dagbag.py:588} INFO - Filling up the DagBag from /Users/jayesh/Desktop/Personal Work/Movie_data_pipeline/.venv/lib/python3.9/site-packages/airflow/example_dags/plugins/event_listener.py
[2024-12-21T10:49:41.774+0530] {processor.py:927} WARNING - No viable dags retrieved from /Users/jayesh/Desktop/Personal Work/Movie_data_pipeline/.venv/lib/python3.9/site-packages/airflow/example_dags/plugins/event_listener.py
[2024-12-21T10:49:42.123+0530] {processor.py:208} INFO - Processing /Users/jayesh/Desktop/Personal Work/Movie_data_pipeline/.venv/lib/python3.9/site-packages/airflow/example_dags/plugins/event_listener.py took 0.364 seconds
[2024-12-21T10:51:31.237+0530] {processor.py:186} INFO - Started process (PID=4808) to work on /Users/jayesh/Desktop/Personal Work/Movie_data_pipeline/.venv/lib/python3.9/site-packages/airflow/example_dags/plugins/event_listener.py
[2024-12-21T10:51:31.238+0530] {processor.py:914} INFO - Processing file /Users/jayesh/Desktop/Personal Work/Movie_data_pipeline/.venv/lib/python3.9/site-packages/airflow/example_dags/plugins/event_listener.py for tasks to queue
[2024-12-21T10:51:31.240+0530] {logging_mixin.py:190} INFO - [2024-12-21T10:51:31.240+0530] {dagbag.py:588} INFO - Filling up the DagBag from /Users/jayesh/Desktop/Personal Work/Movie_data_pipeline/.venv/lib/python3.9/site-packages/airflow/example_dags/plugins/event_listener.py
[2024-12-21T10:51:31.242+0530] {processor.py:927} WARNING - No viable dags retrieved from /Users/jayesh/Desktop/Personal Work/Movie_data_pipeline/.venv/lib/python3.9/site-packages/airflow/example_dags/plugins/event_listener.py
[2024-12-21T10:51:31.471+0530] {processor.py:208} INFO - Processing /Users/jayesh/Desktop/Personal Work/Movie_data_pipeline/.venv/lib/python3.9/site-packages/airflow/example_dags/plugins/event_listener.py took 0.242 seconds
[2024-12-21T10:53:07.362+0530] {processor.py:186} INFO - Started process (PID=5148) to work on /Users/jayesh/Desktop/Personal Work/Movie_data_pipeline/.venv/lib/python3.9/site-packages/airflow/example_dags/plugins/event_listener.py
[2024-12-21T10:53:07.363+0530] {processor.py:914} INFO - Processing file /Users/jayesh/Desktop/Personal Work/Movie_data_pipeline/.venv/lib/python3.9/site-packages/airflow/example_dags/plugins/event_listener.py for tasks to queue
[2024-12-21T10:53:07.364+0530] {logging_mixin.py:190} INFO - [2024-12-21T10:53:07.364+0530] {dagbag.py:588} INFO - Filling up the DagBag from /Users/jayesh/Desktop/Personal Work/Movie_data_pipeline/.venv/lib/python3.9/site-packages/airflow/example_dags/plugins/event_listener.py
[2024-12-21T10:53:07.366+0530] {processor.py:927} WARNING - No viable dags retrieved from /Users/jayesh/Desktop/Personal Work/Movie_data_pipeline/.venv/lib/python3.9/site-packages/airflow/example_dags/plugins/event_listener.py
[2024-12-21T10:53:07.593+0530] {processor.py:208} INFO - Processing /Users/jayesh/Desktop/Personal Work/Movie_data_pipeline/.venv/lib/python3.9/site-packages/airflow/example_dags/plugins/event_listener.py took 0.236 seconds
[2024-12-21T11:54:33.308+0530] {processor.py:186} INFO - Started process (PID=6480) to work on /Users/jayesh/Desktop/Personal Work/Movie_data_pipeline/.venv/lib/python3.9/site-packages/airflow/example_dags/plugins/event_listener.py
[2024-12-21T11:54:33.311+0530] {processor.py:914} INFO - Processing file /Users/jayesh/Desktop/Personal Work/Movie_data_pipeline/.venv/lib/python3.9/site-packages/airflow/example_dags/plugins/event_listener.py for tasks to queue
[2024-12-21T11:54:33.312+0530] {logging_mixin.py:190} INFO - [2024-12-21T11:54:33.312+0530] {dagbag.py:588} INFO - Filling up the DagBag from /Users/jayesh/Desktop/Personal Work/Movie_data_pipeline/.venv/lib/python3.9/site-packages/airflow/example_dags/plugins/event_listener.py
[2024-12-21T11:54:33.314+0530] {processor.py:927} WARNING - No viable dags retrieved from /Users/jayesh/Desktop/Personal Work/Movie_data_pipeline/.venv/lib/python3.9/site-packages/airflow/example_dags/plugins/event_listener.py
[2024-12-21T11:54:33.591+0530] {processor.py:208} INFO - Processing /Users/jayesh/Desktop/Personal Work/Movie_data_pipeline/.venv/lib/python3.9/site-packages/airflow/example_dags/plugins/event_listener.py took 0.288 seconds
[2024-12-21T11:56:44.631+0530] {processor.py:186} INFO - Started process (PID=6960) to work on /Users/jayesh/Desktop/Personal Work/Movie_data_pipeline/.venv/lib/python3.9/site-packages/airflow/example_dags/plugins/event_listener.py
[2024-12-21T11:56:44.634+0530] {processor.py:914} INFO - Processing file /Users/jayesh/Desktop/Personal Work/Movie_data_pipeline/.venv/lib/python3.9/site-packages/airflow/example_dags/plugins/event_listener.py for tasks to queue
[2024-12-21T11:56:44.637+0530] {logging_mixin.py:190} INFO - [2024-12-21T11:56:44.636+0530] {dagbag.py:588} INFO - Filling up the DagBag from /Users/jayesh/Desktop/Personal Work/Movie_data_pipeline/.venv/lib/python3.9/site-packages/airflow/example_dags/plugins/event_listener.py
[2024-12-21T11:56:44.639+0530] {processor.py:927} WARNING - No viable dags retrieved from /Users/jayesh/Desktop/Personal Work/Movie_data_pipeline/.venv/lib/python3.9/site-packages/airflow/example_dags/plugins/event_listener.py
[2024-12-21T11:56:44.909+0530] {processor.py:208} INFO - Processing /Users/jayesh/Desktop/Personal Work/Movie_data_pipeline/.venv/lib/python3.9/site-packages/airflow/example_dags/plugins/event_listener.py took 0.286 seconds
[2024-12-21T11:58:19.884+0530] {processor.py:186} INFO - Started process (PID=7298) to work on /Users/jayesh/Desktop/Personal Work/Movie_data_pipeline/.venv/lib/python3.9/site-packages/airflow/example_dags/plugins/event_listener.py
[2024-12-21T11:58:19.886+0530] {processor.py:914} INFO - Processing file /Users/jayesh/Desktop/Personal Work/Movie_data_pipeline/.venv/lib/python3.9/site-packages/airflow/example_dags/plugins/event_listener.py for tasks to queue
[2024-12-21T11:58:19.888+0530] {logging_mixin.py:190} INFO - [2024-12-21T11:58:19.888+0530] {dagbag.py:588} INFO - Filling up the DagBag from /Users/jayesh/Desktop/Personal Work/Movie_data_pipeline/.venv/lib/python3.9/site-packages/airflow/example_dags/plugins/event_listener.py
[2024-12-21T11:58:19.892+0530] {processor.py:927} WARNING - No viable dags retrieved from /Users/jayesh/Desktop/Personal Work/Movie_data_pipeline/.venv/lib/python3.9/site-packages/airflow/example_dags/plugins/event_listener.py
[2024-12-21T11:58:20.267+0530] {processor.py:208} INFO - Processing /Users/jayesh/Desktop/Personal Work/Movie_data_pipeline/.venv/lib/python3.9/site-packages/airflow/example_dags/plugins/event_listener.py took 0.389 seconds
[2024-12-21T11:59:54.112+0530] {processor.py:186} INFO - Started process (PID=7658) to work on /Users/jayesh/Desktop/Personal Work/Movie_data_pipeline/.venv/lib/python3.9/site-packages/airflow/example_dags/plugins/event_listener.py
[2024-12-21T11:59:54.114+0530] {processor.py:914} INFO - Processing file /Users/jayesh/Desktop/Personal Work/Movie_data_pipeline/.venv/lib/python3.9/site-packages/airflow/example_dags/plugins/event_listener.py for tasks to queue
[2024-12-21T11:59:54.116+0530] {logging_mixin.py:190} INFO - [2024-12-21T11:59:54.115+0530] {dagbag.py:588} INFO - Filling up the DagBag from /Users/jayesh/Desktop/Personal Work/Movie_data_pipeline/.venv/lib/python3.9/site-packages/airflow/example_dags/plugins/event_listener.py
[2024-12-21T11:59:54.119+0530] {processor.py:927} WARNING - No viable dags retrieved from /Users/jayesh/Desktop/Personal Work/Movie_data_pipeline/.venv/lib/python3.9/site-packages/airflow/example_dags/plugins/event_listener.py
[2024-12-21T11:59:54.337+0530] {processor.py:208} INFO - Processing /Users/jayesh/Desktop/Personal Work/Movie_data_pipeline/.venv/lib/python3.9/site-packages/airflow/example_dags/plugins/event_listener.py took 0.231 seconds
[2024-12-21T12:01:37.207+0530] {processor.py:186} INFO - Started process (PID=8002) to work on /Users/jayesh/Desktop/Personal Work/Movie_data_pipeline/.venv/lib/python3.9/site-packages/airflow/example_dags/plugins/event_listener.py
[2024-12-21T12:01:37.210+0530] {processor.py:914} INFO - Processing file /Users/jayesh/Desktop/Personal Work/Movie_data_pipeline/.venv/lib/python3.9/site-packages/airflow/example_dags/plugins/event_listener.py for tasks to queue
[2024-12-21T12:01:37.213+0530] {logging_mixin.py:190} INFO - [2024-12-21T12:01:37.212+0530] {dagbag.py:588} INFO - Filling up the DagBag from /Users/jayesh/Desktop/Personal Work/Movie_data_pipeline/.venv/lib/python3.9/site-packages/airflow/example_dags/plugins/event_listener.py
[2024-12-21T12:01:37.216+0530] {processor.py:927} WARNING - No viable dags retrieved from /Users/jayesh/Desktop/Personal Work/Movie_data_pipeline/.venv/lib/python3.9/site-packages/airflow/example_dags/plugins/event_listener.py
[2024-12-21T12:01:37.531+0530] {processor.py:208} INFO - Processing /Users/jayesh/Desktop/Personal Work/Movie_data_pipeline/.venv/lib/python3.9/site-packages/airflow/example_dags/plugins/event_listener.py took 0.336 seconds
[2024-12-21T12:03:20.499+0530] {processor.py:186} INFO - Started process (PID=8361) to work on /Users/jayesh/Desktop/Personal Work/Movie_data_pipeline/.venv/lib/python3.9/site-packages/airflow/example_dags/plugins/event_listener.py
[2024-12-21T12:03:20.502+0530] {processor.py:914} INFO - Processing file /Users/jayesh/Desktop/Personal Work/Movie_data_pipeline/.venv/lib/python3.9/site-packages/airflow/example_dags/plugins/event_listener.py for tasks to queue
[2024-12-21T12:03:20.504+0530] {logging_mixin.py:190} INFO - [2024-12-21T12:03:20.503+0530] {dagbag.py:588} INFO - Filling up the DagBag from /Users/jayesh/Desktop/Personal Work/Movie_data_pipeline/.venv/lib/python3.9/site-packages/airflow/example_dags/plugins/event_listener.py
[2024-12-21T12:03:20.507+0530] {processor.py:927} WARNING - No viable dags retrieved from /Users/jayesh/Desktop/Personal Work/Movie_data_pipeline/.venv/lib/python3.9/site-packages/airflow/example_dags/plugins/event_listener.py
[2024-12-21T12:03:20.729+0530] {processor.py:208} INFO - Processing /Users/jayesh/Desktop/Personal Work/Movie_data_pipeline/.venv/lib/python3.9/site-packages/airflow/example_dags/plugins/event_listener.py took 0.235 seconds
[2024-12-21T12:05:16.334+0530] {processor.py:186} INFO - Started process (PID=8762) to work on /Users/jayesh/Desktop/Personal Work/Movie_data_pipeline/.venv/lib/python3.9/site-packages/airflow/example_dags/plugins/event_listener.py
[2024-12-21T12:05:16.337+0530] {processor.py:914} INFO - Processing file /Users/jayesh/Desktop/Personal Work/Movie_data_pipeline/.venv/lib/python3.9/site-packages/airflow/example_dags/plugins/event_listener.py for tasks to queue
[2024-12-21T12:05:16.339+0530] {logging_mixin.py:190} INFO - [2024-12-21T12:05:16.339+0530] {dagbag.py:588} INFO - Filling up the DagBag from /Users/jayesh/Desktop/Personal Work/Movie_data_pipeline/.venv/lib/python3.9/site-packages/airflow/example_dags/plugins/event_listener.py
[2024-12-21T12:05:16.341+0530] {processor.py:927} WARNING - No viable dags retrieved from /Users/jayesh/Desktop/Personal Work/Movie_data_pipeline/.venv/lib/python3.9/site-packages/airflow/example_dags/plugins/event_listener.py
[2024-12-21T12:05:16.549+0530] {processor.py:208} INFO - Processing /Users/jayesh/Desktop/Personal Work/Movie_data_pipeline/.venv/lib/python3.9/site-packages/airflow/example_dags/plugins/event_listener.py took 0.220 seconds
[2024-12-21T12:06:43.424+0530] {processor.py:186} INFO - Started process (PID=9091) to work on /Users/jayesh/Desktop/Personal Work/Movie_data_pipeline/.venv/lib/python3.9/site-packages/airflow/example_dags/plugins/event_listener.py
[2024-12-21T12:06:43.425+0530] {processor.py:914} INFO - Processing file /Users/jayesh/Desktop/Personal Work/Movie_data_pipeline/.venv/lib/python3.9/site-packages/airflow/example_dags/plugins/event_listener.py for tasks to queue
[2024-12-21T12:06:43.426+0530] {logging_mixin.py:190} INFO - [2024-12-21T12:06:43.426+0530] {dagbag.py:588} INFO - Filling up the DagBag from /Users/jayesh/Desktop/Personal Work/Movie_data_pipeline/.venv/lib/python3.9/site-packages/airflow/example_dags/plugins/event_listener.py
[2024-12-21T12:06:43.428+0530] {processor.py:927} WARNING - No viable dags retrieved from /Users/jayesh/Desktop/Personal Work/Movie_data_pipeline/.venv/lib/python3.9/site-packages/airflow/example_dags/plugins/event_listener.py
[2024-12-21T12:06:43.650+0530] {processor.py:208} INFO - Processing /Users/jayesh/Desktop/Personal Work/Movie_data_pipeline/.venv/lib/python3.9/site-packages/airflow/example_dags/plugins/event_listener.py took 0.232 seconds
[2024-12-21T22:32:09.940+0530] {processor.py:186} INFO - Started process (PID=15869) to work on /Users/jayesh/Desktop/Personal Work/Movie_data_pipeline/.venv/lib/python3.9/site-packages/airflow/example_dags/plugins/event_listener.py
[2024-12-21T22:32:09.945+0530] {processor.py:914} INFO - Processing file /Users/jayesh/Desktop/Personal Work/Movie_data_pipeline/.venv/lib/python3.9/site-packages/airflow/example_dags/plugins/event_listener.py for tasks to queue
[2024-12-21T22:32:09.952+0530] {logging_mixin.py:190} INFO - [2024-12-21T22:32:09.950+0530] {dagbag.py:588} INFO - Filling up the DagBag from /Users/jayesh/Desktop/Personal Work/Movie_data_pipeline/.venv/lib/python3.9/site-packages/airflow/example_dags/plugins/event_listener.py
[2024-12-21T22:32:09.960+0530] {processor.py:927} WARNING - No viable dags retrieved from /Users/jayesh/Desktop/Personal Work/Movie_data_pipeline/.venv/lib/python3.9/site-packages/airflow/example_dags/plugins/event_listener.py
[2024-12-21T22:32:10.151+0530] {processor.py:208} INFO - Processing /Users/jayesh/Desktop/Personal Work/Movie_data_pipeline/.venv/lib/python3.9/site-packages/airflow/example_dags/plugins/event_listener.py took 0.234 seconds
[2024-12-21T22:32:41.220+0530] {processor.py:186} INFO - Started process (PID=16108) to work on /Users/jayesh/Desktop/Personal Work/Movie_data_pipeline/.venv/lib/python3.9/site-packages/airflow/example_dags/plugins/event_listener.py
[2024-12-21T22:32:41.226+0530] {processor.py:914} INFO - Processing file /Users/jayesh/Desktop/Personal Work/Movie_data_pipeline/.venv/lib/python3.9/site-packages/airflow/example_dags/plugins/event_listener.py for tasks to queue
[2024-12-21T22:32:41.234+0530] {logging_mixin.py:190} INFO - [2024-12-21T22:32:41.232+0530] {dagbag.py:588} INFO - Filling up the DagBag from /Users/jayesh/Desktop/Personal Work/Movie_data_pipeline/.venv/lib/python3.9/site-packages/airflow/example_dags/plugins/event_listener.py
[2024-12-21T22:32:41.246+0530] {processor.py:927} WARNING - No viable dags retrieved from /Users/jayesh/Desktop/Personal Work/Movie_data_pipeline/.venv/lib/python3.9/site-packages/airflow/example_dags/plugins/event_listener.py
[2024-12-21T22:32:41.469+0530] {processor.py:208} INFO - Processing /Users/jayesh/Desktop/Personal Work/Movie_data_pipeline/.venv/lib/python3.9/site-packages/airflow/example_dags/plugins/event_listener.py took 0.280 seconds
[2024-12-21T22:33:11.686+0530] {processor.py:186} INFO - Started process (PID=16319) to work on /Users/jayesh/Desktop/Personal Work/Movie_data_pipeline/.venv/lib/python3.9/site-packages/airflow/example_dags/plugins/event_listener.py
[2024-12-21T22:33:11.691+0530] {processor.py:914} INFO - Processing file /Users/jayesh/Desktop/Personal Work/Movie_data_pipeline/.venv/lib/python3.9/site-packages/airflow/example_dags/plugins/event_listener.py for tasks to queue
[2024-12-21T22:33:11.696+0530] {logging_mixin.py:190} INFO - [2024-12-21T22:33:11.695+0530] {dagbag.py:588} INFO - Filling up the DagBag from /Users/jayesh/Desktop/Personal Work/Movie_data_pipeline/.venv/lib/python3.9/site-packages/airflow/example_dags/plugins/event_listener.py
[2024-12-21T22:33:11.702+0530] {processor.py:927} WARNING - No viable dags retrieved from /Users/jayesh/Desktop/Personal Work/Movie_data_pipeline/.venv/lib/python3.9/site-packages/airflow/example_dags/plugins/event_listener.py
[2024-12-21T22:33:11.767+0530] {processor.py:208} INFO - Processing /Users/jayesh/Desktop/Personal Work/Movie_data_pipeline/.venv/lib/python3.9/site-packages/airflow/example_dags/plugins/event_listener.py took 0.097 seconds
[2024-12-21T22:33:41.873+0530] {processor.py:186} INFO - Started process (PID=16525) to work on /Users/jayesh/Desktop/Personal Work/Movie_data_pipeline/.venv/lib/python3.9/site-packages/airflow/example_dags/plugins/event_listener.py
[2024-12-21T22:33:41.878+0530] {processor.py:914} INFO - Processing file /Users/jayesh/Desktop/Personal Work/Movie_data_pipeline/.venv/lib/python3.9/site-packages/airflow/example_dags/plugins/event_listener.py for tasks to queue
[2024-12-21T22:33:41.882+0530] {logging_mixin.py:190} INFO - [2024-12-21T22:33:41.882+0530] {dagbag.py:588} INFO - Filling up the DagBag from /Users/jayesh/Desktop/Personal Work/Movie_data_pipeline/.venv/lib/python3.9/site-packages/airflow/example_dags/plugins/event_listener.py
[2024-12-21T22:33:41.888+0530] {processor.py:927} WARNING - No viable dags retrieved from /Users/jayesh/Desktop/Personal Work/Movie_data_pipeline/.venv/lib/python3.9/site-packages/airflow/example_dags/plugins/event_listener.py
[2024-12-21T22:33:41.937+0530] {processor.py:208} INFO - Processing /Users/jayesh/Desktop/Personal Work/Movie_data_pipeline/.venv/lib/python3.9/site-packages/airflow/example_dags/plugins/event_listener.py took 0.075 seconds
[2024-12-21T23:52:49.295+0530] {processor.py:186} INFO - Started process (PID=17973) to work on /Users/jayesh/Desktop/Personal Work/Movie_data_pipeline/.venv/lib/python3.9/site-packages/airflow/example_dags/plugins/event_listener.py
[2024-12-21T23:52:49.300+0530] {processor.py:914} INFO - Processing file /Users/jayesh/Desktop/Personal Work/Movie_data_pipeline/.venv/lib/python3.9/site-packages/airflow/example_dags/plugins/event_listener.py for tasks to queue
[2024-12-21T23:52:49.309+0530] {logging_mixin.py:190} INFO - [2024-12-21T23:52:49.308+0530] {dagbag.py:588} INFO - Filling up the DagBag from /Users/jayesh/Desktop/Personal Work/Movie_data_pipeline/.venv/lib/python3.9/site-packages/airflow/example_dags/plugins/event_listener.py
[2024-12-21T23:52:49.316+0530] {processor.py:927} WARNING - No viable dags retrieved from /Users/jayesh/Desktop/Personal Work/Movie_data_pipeline/.venv/lib/python3.9/site-packages/airflow/example_dags/plugins/event_listener.py
[2024-12-21T23:52:49.425+0530] {processor.py:208} INFO - Processing /Users/jayesh/Desktop/Personal Work/Movie_data_pipeline/.venv/lib/python3.9/site-packages/airflow/example_dags/plugins/event_listener.py took 0.149 seconds
[2024-12-21T23:53:19.952+0530] {processor.py:186} INFO - Started process (PID=18219) to work on /Users/jayesh/Desktop/Personal Work/Movie_data_pipeline/.venv/lib/python3.9/site-packages/airflow/example_dags/plugins/event_listener.py
[2024-12-21T23:53:19.956+0530] {processor.py:914} INFO - Processing file /Users/jayesh/Desktop/Personal Work/Movie_data_pipeline/.venv/lib/python3.9/site-packages/airflow/example_dags/plugins/event_listener.py for tasks to queue
[2024-12-21T23:53:19.963+0530] {logging_mixin.py:190} INFO - [2024-12-21T23:53:19.962+0530] {dagbag.py:588} INFO - Filling up the DagBag from /Users/jayesh/Desktop/Personal Work/Movie_data_pipeline/.venv/lib/python3.9/site-packages/airflow/example_dags/plugins/event_listener.py
[2024-12-21T23:53:19.971+0530] {processor.py:927} WARNING - No viable dags retrieved from /Users/jayesh/Desktop/Personal Work/Movie_data_pipeline/.venv/lib/python3.9/site-packages/airflow/example_dags/plugins/event_listener.py
[2024-12-21T23:53:20.047+0530] {processor.py:208} INFO - Processing /Users/jayesh/Desktop/Personal Work/Movie_data_pipeline/.venv/lib/python3.9/site-packages/airflow/example_dags/plugins/event_listener.py took 0.114 seconds
[2024-12-21T23:53:50.264+0530] {processor.py:186} INFO - Started process (PID=18419) to work on /Users/jayesh/Desktop/Personal Work/Movie_data_pipeline/.venv/lib/python3.9/site-packages/airflow/example_dags/plugins/event_listener.py
[2024-12-21T23:53:50.267+0530] {processor.py:914} INFO - Processing file /Users/jayesh/Desktop/Personal Work/Movie_data_pipeline/.venv/lib/python3.9/site-packages/airflow/example_dags/plugins/event_listener.py for tasks to queue
[2024-12-21T23:53:50.272+0530] {logging_mixin.py:190} INFO - [2024-12-21T23:53:50.271+0530] {dagbag.py:588} INFO - Filling up the DagBag from /Users/jayesh/Desktop/Personal Work/Movie_data_pipeline/.venv/lib/python3.9/site-packages/airflow/example_dags/plugins/event_listener.py
[2024-12-21T23:53:50.278+0530] {processor.py:927} WARNING - No viable dags retrieved from /Users/jayesh/Desktop/Personal Work/Movie_data_pipeline/.venv/lib/python3.9/site-packages/airflow/example_dags/plugins/event_listener.py
[2024-12-21T23:53:50.348+0530] {processor.py:208} INFO - Processing /Users/jayesh/Desktop/Personal Work/Movie_data_pipeline/.venv/lib/python3.9/site-packages/airflow/example_dags/plugins/event_listener.py took 0.096 seconds
