[2024-12-21T10:22:51.069+0530] {processor.py:186} INFO - Started process (PID=2092) to work on /Users/jayesh/Desktop/Personal Work/Movie_data_pipeline/.venv/lib/python3.9/site-packages/airflow/example_dags/plugins/listener_plugin.py
[2024-12-21T10:22:51.081+0530] {processor.py:914} INFO - Processing file /Users/jayesh/Desktop/Personal Work/Movie_data_pipeline/.venv/lib/python3.9/site-packages/airflow/example_dags/plugins/listener_plugin.py for tasks to queue
[2024-12-21T10:22:51.084+0530] {logging_mixin.py:190} INFO - [2024-12-21T10:22:51.083+0530] {dagbag.py:588} INFO - Filling up the DagBag from /Users/jayesh/Desktop/Personal Work/Movie_data_pipeline/.venv/lib/python3.9/site-packages/airflow/example_dags/plugins/listener_plugin.py
[2024-12-21T10:22:51.095+0530] {processor.py:927} WARNING - No viable dags retrieved from /Users/jayesh/Desktop/Personal Work/Movie_data_pipeline/.venv/lib/python3.9/site-packages/airflow/example_dags/plugins/listener_plugin.py
[2024-12-21T10:22:51.839+0530] {processor.py:208} INFO - Processing /Users/jayesh/Desktop/Personal Work/Movie_data_pipeline/.venv/lib/python3.9/site-packages/airflow/example_dags/plugins/listener_plugin.py took 0.787 seconds
[2024-12-21T10:25:21.907+0530] {processor.py:186} INFO - Started process (PID=2505) to work on /Users/jayesh/Desktop/Personal Work/Movie_data_pipeline/.venv/lib/python3.9/site-packages/airflow/example_dags/plugins/listener_plugin.py
[2024-12-21T10:25:21.908+0530] {processor.py:914} INFO - Processing file /Users/jayesh/Desktop/Personal Work/Movie_data_pipeline/.venv/lib/python3.9/site-packages/airflow/example_dags/plugins/listener_plugin.py for tasks to queue
[2024-12-21T10:25:21.910+0530] {logging_mixin.py:190} INFO - [2024-12-21T10:25:21.910+0530] {dagbag.py:588} INFO - Filling up the DagBag from /Users/jayesh/Desktop/Personal Work/Movie_data_pipeline/.venv/lib/python3.9/site-packages/airflow/example_dags/plugins/listener_plugin.py
[2024-12-21T10:25:21.913+0530] {processor.py:927} WARNING - No viable dags retrieved from /Users/jayesh/Desktop/Personal Work/Movie_data_pipeline/.venv/lib/python3.9/site-packages/airflow/example_dags/plugins/listener_plugin.py
[2024-12-21T10:25:22.248+0530] {processor.py:208} INFO - Processing /Users/jayesh/Desktop/Personal Work/Movie_data_pipeline/.venv/lib/python3.9/site-packages/airflow/example_dags/plugins/listener_plugin.py took 0.346 seconds
[2024-12-21T10:26:47.299+0530] {processor.py:186} INFO - Started process (PID=2738) to work on /Users/jayesh/Desktop/Personal Work/Movie_data_pipeline/.venv/lib/python3.9/site-packages/airflow/example_dags/plugins/listener_plugin.py
[2024-12-21T10:26:47.300+0530] {processor.py:914} INFO - Processing file /Users/jayesh/Desktop/Personal Work/Movie_data_pipeline/.venv/lib/python3.9/site-packages/airflow/example_dags/plugins/listener_plugin.py for tasks to queue
[2024-12-21T10:26:47.302+0530] {logging_mixin.py:190} INFO - [2024-12-21T10:26:47.301+0530] {dagbag.py:588} INFO - Filling up the DagBag from /Users/jayesh/Desktop/Personal Work/Movie_data_pipeline/.venv/lib/python3.9/site-packages/airflow/example_dags/plugins/listener_plugin.py
[2024-12-21T10:26:47.305+0530] {processor.py:927} WARNING - No viable dags retrieved from /Users/jayesh/Desktop/Personal Work/Movie_data_pipeline/.venv/lib/python3.9/site-packages/airflow/example_dags/plugins/listener_plugin.py
[2024-12-21T10:26:47.565+0530] {processor.py:208} INFO - Processing /Users/jayesh/Desktop/Personal Work/Movie_data_pipeline/.venv/lib/python3.9/site-packages/airflow/example_dags/plugins/listener_plugin.py took 0.272 seconds
[2024-12-21T10:28:01.255+0530] {processor.py:186} INFO - Started process (PID=2948) to work on /Users/jayesh/Desktop/Personal Work/Movie_data_pipeline/.venv/lib/python3.9/site-packages/airflow/example_dags/plugins/listener_plugin.py
[2024-12-21T10:28:01.257+0530] {processor.py:914} INFO - Processing file /Users/jayesh/Desktop/Personal Work/Movie_data_pipeline/.venv/lib/python3.9/site-packages/airflow/example_dags/plugins/listener_plugin.py for tasks to queue
[2024-12-21T10:28:01.259+0530] {logging_mixin.py:190} INFO - [2024-12-21T10:28:01.259+0530] {dagbag.py:588} INFO - Filling up the DagBag from /Users/jayesh/Desktop/Personal Work/Movie_data_pipeline/.venv/lib/python3.9/site-packages/airflow/example_dags/plugins/listener_plugin.py
[2024-12-21T10:28:01.263+0530] {processor.py:927} WARNING - No viable dags retrieved from /Users/jayesh/Desktop/Personal Work/Movie_data_pipeline/.venv/lib/python3.9/site-packages/airflow/example_dags/plugins/listener_plugin.py
[2024-12-21T10:28:01.552+0530] {processor.py:208} INFO - Processing /Users/jayesh/Desktop/Personal Work/Movie_data_pipeline/.venv/lib/python3.9/site-packages/airflow/example_dags/plugins/listener_plugin.py took 0.306 seconds
[2024-12-21T10:29:15.972+0530] {processor.py:186} INFO - Started process (PID=3153) to work on /Users/jayesh/Desktop/Personal Work/Movie_data_pipeline/.venv/lib/python3.9/site-packages/airflow/example_dags/plugins/listener_plugin.py
[2024-12-21T10:29:15.974+0530] {processor.py:914} INFO - Processing file /Users/jayesh/Desktop/Personal Work/Movie_data_pipeline/.venv/lib/python3.9/site-packages/airflow/example_dags/plugins/listener_plugin.py for tasks to queue
[2024-12-21T10:29:15.976+0530] {logging_mixin.py:190} INFO - [2024-12-21T10:29:15.975+0530] {dagbag.py:588} INFO - Filling up the DagBag from /Users/jayesh/Desktop/Personal Work/Movie_data_pipeline/.venv/lib/python3.9/site-packages/airflow/example_dags/plugins/listener_plugin.py
[2024-12-21T10:29:15.979+0530] {processor.py:927} WARNING - No viable dags retrieved from /Users/jayesh/Desktop/Personal Work/Movie_data_pipeline/.venv/lib/python3.9/site-packages/airflow/example_dags/plugins/listener_plugin.py
[2024-12-21T10:29:16.198+0530] {processor.py:208} INFO - Processing /Users/jayesh/Desktop/Personal Work/Movie_data_pipeline/.venv/lib/python3.9/site-packages/airflow/example_dags/plugins/listener_plugin.py took 0.231 seconds
[2024-12-21T10:30:46.382+0530] {processor.py:186} INFO - Started process (PID=3384) to work on /Users/jayesh/Desktop/Personal Work/Movie_data_pipeline/.venv/lib/python3.9/site-packages/airflow/example_dags/plugins/listener_plugin.py
[2024-12-21T10:30:46.384+0530] {processor.py:914} INFO - Processing file /Users/jayesh/Desktop/Personal Work/Movie_data_pipeline/.venv/lib/python3.9/site-packages/airflow/example_dags/plugins/listener_plugin.py for tasks to queue
[2024-12-21T10:30:46.387+0530] {logging_mixin.py:190} INFO - [2024-12-21T10:30:46.387+0530] {dagbag.py:588} INFO - Filling up the DagBag from /Users/jayesh/Desktop/Personal Work/Movie_data_pipeline/.venv/lib/python3.9/site-packages/airflow/example_dags/plugins/listener_plugin.py
[2024-12-21T10:30:46.392+0530] {processor.py:927} WARNING - No viable dags retrieved from /Users/jayesh/Desktop/Personal Work/Movie_data_pipeline/.venv/lib/python3.9/site-packages/airflow/example_dags/plugins/listener_plugin.py
[2024-12-21T10:30:46.739+0530] {processor.py:208} INFO - Processing /Users/jayesh/Desktop/Personal Work/Movie_data_pipeline/.venv/lib/python3.9/site-packages/airflow/example_dags/plugins/listener_plugin.py took 0.364 seconds
[2024-12-21T10:47:25.905+0530] {processor.py:186} INFO - Started process (PID=4002) to work on /Users/jayesh/Desktop/Personal Work/Movie_data_pipeline/.venv/lib/python3.9/site-packages/airflow/example_dags/plugins/listener_plugin.py
[2024-12-21T10:47:25.907+0530] {processor.py:914} INFO - Processing file /Users/jayesh/Desktop/Personal Work/Movie_data_pipeline/.venv/lib/python3.9/site-packages/airflow/example_dags/plugins/listener_plugin.py for tasks to queue
[2024-12-21T10:47:25.909+0530] {logging_mixin.py:190} INFO - [2024-12-21T10:47:25.909+0530] {dagbag.py:588} INFO - Filling up the DagBag from /Users/jayesh/Desktop/Personal Work/Movie_data_pipeline/.venv/lib/python3.9/site-packages/airflow/example_dags/plugins/listener_plugin.py
[2024-12-21T10:47:25.913+0530] {processor.py:927} WARNING - No viable dags retrieved from /Users/jayesh/Desktop/Personal Work/Movie_data_pipeline/.venv/lib/python3.9/site-packages/airflow/example_dags/plugins/listener_plugin.py
[2024-12-21T10:47:26.099+0530] {processor.py:208} INFO - Processing /Users/jayesh/Desktop/Personal Work/Movie_data_pipeline/.venv/lib/python3.9/site-packages/airflow/example_dags/plugins/listener_plugin.py took 0.199 seconds
[2024-12-21T10:49:37.491+0530] {processor.py:186} INFO - Started process (PID=4405) to work on /Users/jayesh/Desktop/Personal Work/Movie_data_pipeline/.venv/lib/python3.9/site-packages/airflow/example_dags/plugins/listener_plugin.py
[2024-12-21T10:49:37.492+0530] {processor.py:914} INFO - Processing file /Users/jayesh/Desktop/Personal Work/Movie_data_pipeline/.venv/lib/python3.9/site-packages/airflow/example_dags/plugins/listener_plugin.py for tasks to queue
[2024-12-21T10:49:37.494+0530] {logging_mixin.py:190} INFO - [2024-12-21T10:49:37.493+0530] {dagbag.py:588} INFO - Filling up the DagBag from /Users/jayesh/Desktop/Personal Work/Movie_data_pipeline/.venv/lib/python3.9/site-packages/airflow/example_dags/plugins/listener_plugin.py
[2024-12-21T10:49:37.499+0530] {processor.py:927} WARNING - No viable dags retrieved from /Users/jayesh/Desktop/Personal Work/Movie_data_pipeline/.venv/lib/python3.9/site-packages/airflow/example_dags/plugins/listener_plugin.py
[2024-12-21T10:49:37.715+0530] {processor.py:208} INFO - Processing /Users/jayesh/Desktop/Personal Work/Movie_data_pipeline/.venv/lib/python3.9/site-packages/airflow/example_dags/plugins/listener_plugin.py took 0.230 seconds
[2024-12-21T10:51:25.089+0530] {processor.py:186} INFO - Started process (PID=4791) to work on /Users/jayesh/Desktop/Personal Work/Movie_data_pipeline/.venv/lib/python3.9/site-packages/airflow/example_dags/plugins/listener_plugin.py
[2024-12-21T10:51:25.090+0530] {processor.py:914} INFO - Processing file /Users/jayesh/Desktop/Personal Work/Movie_data_pipeline/.venv/lib/python3.9/site-packages/airflow/example_dags/plugins/listener_plugin.py for tasks to queue
[2024-12-21T10:51:25.092+0530] {logging_mixin.py:190} INFO - [2024-12-21T10:51:25.092+0530] {dagbag.py:588} INFO - Filling up the DagBag from /Users/jayesh/Desktop/Personal Work/Movie_data_pipeline/.venv/lib/python3.9/site-packages/airflow/example_dags/plugins/listener_plugin.py
[2024-12-21T10:51:25.099+0530] {processor.py:927} WARNING - No viable dags retrieved from /Users/jayesh/Desktop/Personal Work/Movie_data_pipeline/.venv/lib/python3.9/site-packages/airflow/example_dags/plugins/listener_plugin.py
[2024-12-21T10:51:25.409+0530] {processor.py:208} INFO - Processing /Users/jayesh/Desktop/Personal Work/Movie_data_pipeline/.venv/lib/python3.9/site-packages/airflow/example_dags/plugins/listener_plugin.py took 0.325 seconds
[2024-12-21T10:53:03.869+0530] {processor.py:186} INFO - Started process (PID=5135) to work on /Users/jayesh/Desktop/Personal Work/Movie_data_pipeline/.venv/lib/python3.9/site-packages/airflow/example_dags/plugins/listener_plugin.py
[2024-12-21T10:53:03.871+0530] {processor.py:914} INFO - Processing file /Users/jayesh/Desktop/Personal Work/Movie_data_pipeline/.venv/lib/python3.9/site-packages/airflow/example_dags/plugins/listener_plugin.py for tasks to queue
[2024-12-21T10:53:03.873+0530] {logging_mixin.py:190} INFO - [2024-12-21T10:53:03.873+0530] {dagbag.py:588} INFO - Filling up the DagBag from /Users/jayesh/Desktop/Personal Work/Movie_data_pipeline/.venv/lib/python3.9/site-packages/airflow/example_dags/plugins/listener_plugin.py
[2024-12-21T10:53:03.877+0530] {processor.py:927} WARNING - No viable dags retrieved from /Users/jayesh/Desktop/Personal Work/Movie_data_pipeline/.venv/lib/python3.9/site-packages/airflow/example_dags/plugins/listener_plugin.py
[2024-12-21T10:53:04.092+0530] {processor.py:208} INFO - Processing /Users/jayesh/Desktop/Personal Work/Movie_data_pipeline/.venv/lib/python3.9/site-packages/airflow/example_dags/plugins/listener_plugin.py took 0.228 seconds
[2024-12-21T11:54:30.057+0530] {processor.py:186} INFO - Started process (PID=6475) to work on /Users/jayesh/Desktop/Personal Work/Movie_data_pipeline/.venv/lib/python3.9/site-packages/airflow/example_dags/plugins/listener_plugin.py
[2024-12-21T11:54:30.059+0530] {processor.py:914} INFO - Processing file /Users/jayesh/Desktop/Personal Work/Movie_data_pipeline/.venv/lib/python3.9/site-packages/airflow/example_dags/plugins/listener_plugin.py for tasks to queue
[2024-12-21T11:54:30.061+0530] {logging_mixin.py:190} INFO - [2024-12-21T11:54:30.060+0530] {dagbag.py:588} INFO - Filling up the DagBag from /Users/jayesh/Desktop/Personal Work/Movie_data_pipeline/.venv/lib/python3.9/site-packages/airflow/example_dags/plugins/listener_plugin.py
[2024-12-21T11:54:30.064+0530] {processor.py:927} WARNING - No viable dags retrieved from /Users/jayesh/Desktop/Personal Work/Movie_data_pipeline/.venv/lib/python3.9/site-packages/airflow/example_dags/plugins/listener_plugin.py
[2024-12-21T11:54:30.261+0530] {processor.py:208} INFO - Processing /Users/jayesh/Desktop/Personal Work/Movie_data_pipeline/.venv/lib/python3.9/site-packages/airflow/example_dags/plugins/listener_plugin.py took 0.209 seconds
[2024-12-21T11:56:40.256+0530] {processor.py:186} INFO - Started process (PID=6947) to work on /Users/jayesh/Desktop/Personal Work/Movie_data_pipeline/.venv/lib/python3.9/site-packages/airflow/example_dags/plugins/listener_plugin.py
[2024-12-21T11:56:40.259+0530] {processor.py:914} INFO - Processing file /Users/jayesh/Desktop/Personal Work/Movie_data_pipeline/.venv/lib/python3.9/site-packages/airflow/example_dags/plugins/listener_plugin.py for tasks to queue
[2024-12-21T11:56:40.262+0530] {logging_mixin.py:190} INFO - [2024-12-21T11:56:40.260+0530] {dagbag.py:588} INFO - Filling up the DagBag from /Users/jayesh/Desktop/Personal Work/Movie_data_pipeline/.venv/lib/python3.9/site-packages/airflow/example_dags/plugins/listener_plugin.py
[2024-12-21T11:56:40.265+0530] {processor.py:927} WARNING - No viable dags retrieved from /Users/jayesh/Desktop/Personal Work/Movie_data_pipeline/.venv/lib/python3.9/site-packages/airflow/example_dags/plugins/listener_plugin.py
[2024-12-21T11:56:40.569+0530] {processor.py:208} INFO - Processing /Users/jayesh/Desktop/Personal Work/Movie_data_pipeline/.venv/lib/python3.9/site-packages/airflow/example_dags/plugins/listener_plugin.py took 0.318 seconds
[2024-12-21T11:58:17.400+0530] {processor.py:186} INFO - Started process (PID=7290) to work on /Users/jayesh/Desktop/Personal Work/Movie_data_pipeline/.venv/lib/python3.9/site-packages/airflow/example_dags/plugins/listener_plugin.py
[2024-12-21T11:58:17.405+0530] {processor.py:914} INFO - Processing file /Users/jayesh/Desktop/Personal Work/Movie_data_pipeline/.venv/lib/python3.9/site-packages/airflow/example_dags/plugins/listener_plugin.py for tasks to queue
[2024-12-21T11:58:17.408+0530] {logging_mixin.py:190} INFO - [2024-12-21T11:58:17.407+0530] {dagbag.py:588} INFO - Filling up the DagBag from /Users/jayesh/Desktop/Personal Work/Movie_data_pipeline/.venv/lib/python3.9/site-packages/airflow/example_dags/plugins/listener_plugin.py
[2024-12-21T11:58:17.418+0530] {processor.py:927} WARNING - No viable dags retrieved from /Users/jayesh/Desktop/Personal Work/Movie_data_pipeline/.venv/lib/python3.9/site-packages/airflow/example_dags/plugins/listener_plugin.py
[2024-12-21T11:58:17.691+0530] {processor.py:208} INFO - Processing /Users/jayesh/Desktop/Personal Work/Movie_data_pipeline/.venv/lib/python3.9/site-packages/airflow/example_dags/plugins/listener_plugin.py took 0.303 seconds
[2024-12-21T11:59:51.528+0530] {processor.py:186} INFO - Started process (PID=7645) to work on /Users/jayesh/Desktop/Personal Work/Movie_data_pipeline/.venv/lib/python3.9/site-packages/airflow/example_dags/plugins/listener_plugin.py
[2024-12-21T11:59:51.531+0530] {processor.py:914} INFO - Processing file /Users/jayesh/Desktop/Personal Work/Movie_data_pipeline/.venv/lib/python3.9/site-packages/airflow/example_dags/plugins/listener_plugin.py for tasks to queue
[2024-12-21T11:59:51.532+0530] {logging_mixin.py:190} INFO - [2024-12-21T11:59:51.532+0530] {dagbag.py:588} INFO - Filling up the DagBag from /Users/jayesh/Desktop/Personal Work/Movie_data_pipeline/.venv/lib/python3.9/site-packages/airflow/example_dags/plugins/listener_plugin.py
[2024-12-21T11:59:51.540+0530] {processor.py:927} WARNING - No viable dags retrieved from /Users/jayesh/Desktop/Personal Work/Movie_data_pipeline/.venv/lib/python3.9/site-packages/airflow/example_dags/plugins/listener_plugin.py
[2024-12-21T11:59:51.751+0530] {processor.py:208} INFO - Processing /Users/jayesh/Desktop/Personal Work/Movie_data_pipeline/.venv/lib/python3.9/site-packages/airflow/example_dags/plugins/listener_plugin.py took 0.227 seconds
[2024-12-21T12:01:32.767+0530] {processor.py:186} INFO - Started process (PID=7987) to work on /Users/jayesh/Desktop/Personal Work/Movie_data_pipeline/.venv/lib/python3.9/site-packages/airflow/example_dags/plugins/listener_plugin.py
[2024-12-21T12:01:32.771+0530] {processor.py:914} INFO - Processing file /Users/jayesh/Desktop/Personal Work/Movie_data_pipeline/.venv/lib/python3.9/site-packages/airflow/example_dags/plugins/listener_plugin.py for tasks to queue
[2024-12-21T12:01:32.773+0530] {logging_mixin.py:190} INFO - [2024-12-21T12:01:32.772+0530] {dagbag.py:588} INFO - Filling up the DagBag from /Users/jayesh/Desktop/Personal Work/Movie_data_pipeline/.venv/lib/python3.9/site-packages/airflow/example_dags/plugins/listener_plugin.py
[2024-12-21T12:01:32.776+0530] {processor.py:927} WARNING - No viable dags retrieved from /Users/jayesh/Desktop/Personal Work/Movie_data_pipeline/.venv/lib/python3.9/site-packages/airflow/example_dags/plugins/listener_plugin.py
[2024-12-21T12:01:32.989+0530] {processor.py:208} INFO - Processing /Users/jayesh/Desktop/Personal Work/Movie_data_pipeline/.venv/lib/python3.9/site-packages/airflow/example_dags/plugins/listener_plugin.py took 0.229 seconds
[2024-12-21T12:03:16.625+0530] {processor.py:186} INFO - Started process (PID=8348) to work on /Users/jayesh/Desktop/Personal Work/Movie_data_pipeline/.venv/lib/python3.9/site-packages/airflow/example_dags/plugins/listener_plugin.py
[2024-12-21T12:03:16.626+0530] {processor.py:914} INFO - Processing file /Users/jayesh/Desktop/Personal Work/Movie_data_pipeline/.venv/lib/python3.9/site-packages/airflow/example_dags/plugins/listener_plugin.py for tasks to queue
[2024-12-21T12:03:16.628+0530] {logging_mixin.py:190} INFO - [2024-12-21T12:03:16.627+0530] {dagbag.py:588} INFO - Filling up the DagBag from /Users/jayesh/Desktop/Personal Work/Movie_data_pipeline/.venv/lib/python3.9/site-packages/airflow/example_dags/plugins/listener_plugin.py
[2024-12-21T12:03:16.635+0530] {processor.py:927} WARNING - No viable dags retrieved from /Users/jayesh/Desktop/Personal Work/Movie_data_pipeline/.venv/lib/python3.9/site-packages/airflow/example_dags/plugins/listener_plugin.py
[2024-12-21T12:03:17.005+0530] {processor.py:208} INFO - Processing /Users/jayesh/Desktop/Personal Work/Movie_data_pipeline/.venv/lib/python3.9/site-packages/airflow/example_dags/plugins/listener_plugin.py took 0.386 seconds
[2024-12-21T12:05:12.875+0530] {processor.py:186} INFO - Started process (PID=8757) to work on /Users/jayesh/Desktop/Personal Work/Movie_data_pipeline/.venv/lib/python3.9/site-packages/airflow/example_dags/plugins/listener_plugin.py
[2024-12-21T12:05:12.879+0530] {processor.py:914} INFO - Processing file /Users/jayesh/Desktop/Personal Work/Movie_data_pipeline/.venv/lib/python3.9/site-packages/airflow/example_dags/plugins/listener_plugin.py for tasks to queue
[2024-12-21T12:05:12.881+0530] {logging_mixin.py:190} INFO - [2024-12-21T12:05:12.881+0530] {dagbag.py:588} INFO - Filling up the DagBag from /Users/jayesh/Desktop/Personal Work/Movie_data_pipeline/.venv/lib/python3.9/site-packages/airflow/example_dags/plugins/listener_plugin.py
[2024-12-21T12:05:12.884+0530] {processor.py:927} WARNING - No viable dags retrieved from /Users/jayesh/Desktop/Personal Work/Movie_data_pipeline/.venv/lib/python3.9/site-packages/airflow/example_dags/plugins/listener_plugin.py
[2024-12-21T12:05:13.092+0530] {processor.py:208} INFO - Processing /Users/jayesh/Desktop/Personal Work/Movie_data_pipeline/.venv/lib/python3.9/site-packages/airflow/example_dags/plugins/listener_plugin.py took 0.224 seconds
[2024-12-21T12:06:41.514+0530] {processor.py:186} INFO - Started process (PID=9082) to work on /Users/jayesh/Desktop/Personal Work/Movie_data_pipeline/.venv/lib/python3.9/site-packages/airflow/example_dags/plugins/listener_plugin.py
[2024-12-21T12:06:41.517+0530] {processor.py:914} INFO - Processing file /Users/jayesh/Desktop/Personal Work/Movie_data_pipeline/.venv/lib/python3.9/site-packages/airflow/example_dags/plugins/listener_plugin.py for tasks to queue
[2024-12-21T12:06:41.520+0530] {logging_mixin.py:190} INFO - [2024-12-21T12:06:41.519+0530] {dagbag.py:588} INFO - Filling up the DagBag from /Users/jayesh/Desktop/Personal Work/Movie_data_pipeline/.venv/lib/python3.9/site-packages/airflow/example_dags/plugins/listener_plugin.py
[2024-12-21T12:06:41.524+0530] {processor.py:927} WARNING - No viable dags retrieved from /Users/jayesh/Desktop/Personal Work/Movie_data_pipeline/.venv/lib/python3.9/site-packages/airflow/example_dags/plugins/listener_plugin.py
[2024-12-21T12:06:41.803+0530] {processor.py:208} INFO - Processing /Users/jayesh/Desktop/Personal Work/Movie_data_pipeline/.venv/lib/python3.9/site-packages/airflow/example_dags/plugins/listener_plugin.py took 0.298 seconds
[2024-12-21T22:32:09.743+0530] {processor.py:186} INFO - Started process (PID=15864) to work on /Users/jayesh/Desktop/Personal Work/Movie_data_pipeline/.venv/lib/python3.9/site-packages/airflow/example_dags/plugins/listener_plugin.py
[2024-12-21T22:32:09.746+0530] {processor.py:914} INFO - Processing file /Users/jayesh/Desktop/Personal Work/Movie_data_pipeline/.venv/lib/python3.9/site-packages/airflow/example_dags/plugins/listener_plugin.py for tasks to queue
[2024-12-21T22:32:09.753+0530] {logging_mixin.py:190} INFO - [2024-12-21T22:32:09.752+0530] {dagbag.py:588} INFO - Filling up the DagBag from /Users/jayesh/Desktop/Personal Work/Movie_data_pipeline/.venv/lib/python3.9/site-packages/airflow/example_dags/plugins/listener_plugin.py
[2024-12-21T22:32:09.760+0530] {processor.py:927} WARNING - No viable dags retrieved from /Users/jayesh/Desktop/Personal Work/Movie_data_pipeline/.venv/lib/python3.9/site-packages/airflow/example_dags/plugins/listener_plugin.py
[2024-12-21T22:32:09.844+0530] {processor.py:208} INFO - Processing /Users/jayesh/Desktop/Personal Work/Movie_data_pipeline/.venv/lib/python3.9/site-packages/airflow/example_dags/plugins/listener_plugin.py took 0.120 seconds
[2024-12-21T22:32:40.182+0530] {processor.py:186} INFO - Started process (PID=16100) to work on /Users/jayesh/Desktop/Personal Work/Movie_data_pipeline/.venv/lib/python3.9/site-packages/airflow/example_dags/plugins/listener_plugin.py
[2024-12-21T22:32:40.187+0530] {processor.py:914} INFO - Processing file /Users/jayesh/Desktop/Personal Work/Movie_data_pipeline/.venv/lib/python3.9/site-packages/airflow/example_dags/plugins/listener_plugin.py for tasks to queue
[2024-12-21T22:32:40.206+0530] {logging_mixin.py:190} INFO - [2024-12-21T22:32:40.204+0530] {dagbag.py:588} INFO - Filling up the DagBag from /Users/jayesh/Desktop/Personal Work/Movie_data_pipeline/.venv/lib/python3.9/site-packages/airflow/example_dags/plugins/listener_plugin.py
[2024-12-21T22:32:40.226+0530] {processor.py:927} WARNING - No viable dags retrieved from /Users/jayesh/Desktop/Personal Work/Movie_data_pipeline/.venv/lib/python3.9/site-packages/airflow/example_dags/plugins/listener_plugin.py
[2024-12-21T22:32:40.544+0530] {processor.py:208} INFO - Processing /Users/jayesh/Desktop/Personal Work/Movie_data_pipeline/.venv/lib/python3.9/site-packages/airflow/example_dags/plugins/listener_plugin.py took 0.431 seconds
[2024-12-21T22:33:11.531+0530] {processor.py:186} INFO - Started process (PID=16314) to work on /Users/jayesh/Desktop/Personal Work/Movie_data_pipeline/.venv/lib/python3.9/site-packages/airflow/example_dags/plugins/listener_plugin.py
[2024-12-21T22:33:11.534+0530] {processor.py:914} INFO - Processing file /Users/jayesh/Desktop/Personal Work/Movie_data_pipeline/.venv/lib/python3.9/site-packages/airflow/example_dags/plugins/listener_plugin.py for tasks to queue
[2024-12-21T22:33:11.543+0530] {logging_mixin.py:190} INFO - [2024-12-21T22:33:11.542+0530] {dagbag.py:588} INFO - Filling up the DagBag from /Users/jayesh/Desktop/Personal Work/Movie_data_pipeline/.venv/lib/python3.9/site-packages/airflow/example_dags/plugins/listener_plugin.py
[2024-12-21T22:33:11.553+0530] {processor.py:927} WARNING - No viable dags retrieved from /Users/jayesh/Desktop/Personal Work/Movie_data_pipeline/.venv/lib/python3.9/site-packages/airflow/example_dags/plugins/listener_plugin.py
[2024-12-21T22:33:11.633+0530] {processor.py:208} INFO - Processing /Users/jayesh/Desktop/Personal Work/Movie_data_pipeline/.venv/lib/python3.9/site-packages/airflow/example_dags/plugins/listener_plugin.py took 0.118 seconds
[2024-12-21T22:33:41.716+0530] {processor.py:186} INFO - Started process (PID=16520) to work on /Users/jayesh/Desktop/Personal Work/Movie_data_pipeline/.venv/lib/python3.9/site-packages/airflow/example_dags/plugins/listener_plugin.py
[2024-12-21T22:33:41.720+0530] {processor.py:914} INFO - Processing file /Users/jayesh/Desktop/Personal Work/Movie_data_pipeline/.venv/lib/python3.9/site-packages/airflow/example_dags/plugins/listener_plugin.py for tasks to queue
[2024-12-21T22:33:41.727+0530] {logging_mixin.py:190} INFO - [2024-12-21T22:33:41.726+0530] {dagbag.py:588} INFO - Filling up the DagBag from /Users/jayesh/Desktop/Personal Work/Movie_data_pipeline/.venv/lib/python3.9/site-packages/airflow/example_dags/plugins/listener_plugin.py
[2024-12-21T22:33:41.734+0530] {processor.py:927} WARNING - No viable dags retrieved from /Users/jayesh/Desktop/Personal Work/Movie_data_pipeline/.venv/lib/python3.9/site-packages/airflow/example_dags/plugins/listener_plugin.py
[2024-12-21T22:33:41.821+0530] {processor.py:208} INFO - Processing /Users/jayesh/Desktop/Personal Work/Movie_data_pipeline/.venv/lib/python3.9/site-packages/airflow/example_dags/plugins/listener_plugin.py took 0.120 seconds
[2024-12-21T23:52:48.884+0530] {processor.py:186} INFO - Started process (PID=17969) to work on /Users/jayesh/Desktop/Personal Work/Movie_data_pipeline/.venv/lib/python3.9/site-packages/airflow/example_dags/plugins/listener_plugin.py
[2024-12-21T23:52:48.888+0530] {processor.py:914} INFO - Processing file /Users/jayesh/Desktop/Personal Work/Movie_data_pipeline/.venv/lib/python3.9/site-packages/airflow/example_dags/plugins/listener_plugin.py for tasks to queue
[2024-12-21T23:52:48.895+0530] {logging_mixin.py:190} INFO - [2024-12-21T23:52:48.894+0530] {dagbag.py:588} INFO - Filling up the DagBag from /Users/jayesh/Desktop/Personal Work/Movie_data_pipeline/.venv/lib/python3.9/site-packages/airflow/example_dags/plugins/listener_plugin.py
[2024-12-21T23:52:48.902+0530] {processor.py:927} WARNING - No viable dags retrieved from /Users/jayesh/Desktop/Personal Work/Movie_data_pipeline/.venv/lib/python3.9/site-packages/airflow/example_dags/plugins/listener_plugin.py
[2024-12-21T23:52:49.209+0530] {processor.py:208} INFO - Processing /Users/jayesh/Desktop/Personal Work/Movie_data_pipeline/.venv/lib/python3.9/site-packages/airflow/example_dags/plugins/listener_plugin.py took 0.345 seconds
[2024-12-21T23:53:19.939+0530] {processor.py:186} INFO - Started process (PID=18218) to work on /Users/jayesh/Desktop/Personal Work/Movie_data_pipeline/.venv/lib/python3.9/site-packages/airflow/example_dags/plugins/listener_plugin.py
[2024-12-21T23:53:19.942+0530] {processor.py:914} INFO - Processing file /Users/jayesh/Desktop/Personal Work/Movie_data_pipeline/.venv/lib/python3.9/site-packages/airflow/example_dags/plugins/listener_plugin.py for tasks to queue
[2024-12-21T23:53:19.951+0530] {logging_mixin.py:190} INFO - [2024-12-21T23:53:19.949+0530] {dagbag.py:588} INFO - Filling up the DagBag from /Users/jayesh/Desktop/Personal Work/Movie_data_pipeline/.venv/lib/python3.9/site-packages/airflow/example_dags/plugins/listener_plugin.py
[2024-12-21T23:53:19.959+0530] {processor.py:927} WARNING - No viable dags retrieved from /Users/jayesh/Desktop/Personal Work/Movie_data_pipeline/.venv/lib/python3.9/site-packages/airflow/example_dags/plugins/listener_plugin.py
[2024-12-21T23:53:20.031+0530] {processor.py:208} INFO - Processing /Users/jayesh/Desktop/Personal Work/Movie_data_pipeline/.venv/lib/python3.9/site-packages/airflow/example_dags/plugins/listener_plugin.py took 0.112 seconds
[2024-12-21T23:53:50.119+0530] {processor.py:186} INFO - Started process (PID=18416) to work on /Users/jayesh/Desktop/Personal Work/Movie_data_pipeline/.venv/lib/python3.9/site-packages/airflow/example_dags/plugins/listener_plugin.py
[2024-12-21T23:53:50.123+0530] {processor.py:914} INFO - Processing file /Users/jayesh/Desktop/Personal Work/Movie_data_pipeline/.venv/lib/python3.9/site-packages/airflow/example_dags/plugins/listener_plugin.py for tasks to queue
[2024-12-21T23:53:50.131+0530] {logging_mixin.py:190} INFO - [2024-12-21T23:53:50.130+0530] {dagbag.py:588} INFO - Filling up the DagBag from /Users/jayesh/Desktop/Personal Work/Movie_data_pipeline/.venv/lib/python3.9/site-packages/airflow/example_dags/plugins/listener_plugin.py
[2024-12-21T23:53:50.139+0530] {processor.py:927} WARNING - No viable dags retrieved from /Users/jayesh/Desktop/Personal Work/Movie_data_pipeline/.venv/lib/python3.9/site-packages/airflow/example_dags/plugins/listener_plugin.py
[2024-12-21T23:53:50.208+0530] {processor.py:208} INFO - Processing /Users/jayesh/Desktop/Personal Work/Movie_data_pipeline/.venv/lib/python3.9/site-packages/airflow/example_dags/plugins/listener_plugin.py took 0.101 seconds
