[2024-12-21T10:22:49.197+0530] {processor.py:186} INFO - Started process (PID=2087) to work on /Users/jayesh/Desktop/Personal Work/Movie_data_pipeline/.venv/lib/python3.9/site-packages/airflow/example_dags/plugins/workday.py
[2024-12-21T10:22:49.200+0530] {processor.py:914} INFO - Processing file /Users/jayesh/Desktop/Personal Work/Movie_data_pipeline/.venv/lib/python3.9/site-packages/airflow/example_dags/plugins/workday.py for tasks to queue
[2024-12-21T10:22:49.204+0530] {logging_mixin.py:190} INFO - [2024-12-21T10:22:49.203+0530] {dagbag.py:588} INFO - Filling up the DagBag from /Users/jayesh/Desktop/Personal Work/Movie_data_pipeline/.venv/lib/python3.9/site-packages/airflow/example_dags/plugins/workday.py
[2024-12-21T10:22:52.635+0530] {processor.py:927} WARNING - No viable dags retrieved from /Users/jayesh/Desktop/Personal Work/Movie_data_pipeline/.venv/lib/python3.9/site-packages/airflow/example_dags/plugins/workday.py
[2024-12-21T10:22:53.038+0530] {processor.py:208} INFO - Processing /Users/jayesh/Desktop/Personal Work/Movie_data_pipeline/.venv/lib/python3.9/site-packages/airflow/example_dags/plugins/workday.py took 3.850 seconds
[2024-12-21T10:25:21.081+0530] {processor.py:186} INFO - Started process (PID=2504) to work on /Users/jayesh/Desktop/Personal Work/Movie_data_pipeline/.venv/lib/python3.9/site-packages/airflow/example_dags/plugins/workday.py
[2024-12-21T10:25:21.083+0530] {processor.py:914} INFO - Processing file /Users/jayesh/Desktop/Personal Work/Movie_data_pipeline/.venv/lib/python3.9/site-packages/airflow/example_dags/plugins/workday.py for tasks to queue
[2024-12-21T10:25:21.085+0530] {logging_mixin.py:190} INFO - [2024-12-21T10:25:21.085+0530] {dagbag.py:588} INFO - Filling up the DagBag from /Users/jayesh/Desktop/Personal Work/Movie_data_pipeline/.venv/lib/python3.9/site-packages/airflow/example_dags/plugins/workday.py
[2024-12-21T10:25:22.286+0530] {processor.py:927} WARNING - No viable dags retrieved from /Users/jayesh/Desktop/Personal Work/Movie_data_pipeline/.venv/lib/python3.9/site-packages/airflow/example_dags/plugins/workday.py
[2024-12-21T10:25:22.599+0530] {processor.py:208} INFO - Processing /Users/jayesh/Desktop/Personal Work/Movie_data_pipeline/.venv/lib/python3.9/site-packages/airflow/example_dags/plugins/workday.py took 1.523 seconds
[2024-12-21T10:26:46.881+0530] {processor.py:186} INFO - Started process (PID=2737) to work on /Users/jayesh/Desktop/Personal Work/Movie_data_pipeline/.venv/lib/python3.9/site-packages/airflow/example_dags/plugins/workday.py
[2024-12-21T10:26:46.883+0530] {processor.py:914} INFO - Processing file /Users/jayesh/Desktop/Personal Work/Movie_data_pipeline/.venv/lib/python3.9/site-packages/airflow/example_dags/plugins/workday.py for tasks to queue
[2024-12-21T10:26:46.885+0530] {logging_mixin.py:190} INFO - [2024-12-21T10:26:46.884+0530] {dagbag.py:588} INFO - Filling up the DagBag from /Users/jayesh/Desktop/Personal Work/Movie_data_pipeline/.venv/lib/python3.9/site-packages/airflow/example_dags/plugins/workday.py
[2024-12-21T10:26:47.827+0530] {processor.py:927} WARNING - No viable dags retrieved from /Users/jayesh/Desktop/Personal Work/Movie_data_pipeline/.venv/lib/python3.9/site-packages/airflow/example_dags/plugins/workday.py
[2024-12-21T10:26:48.019+0530] {processor.py:208} INFO - Processing /Users/jayesh/Desktop/Personal Work/Movie_data_pipeline/.venv/lib/python3.9/site-packages/airflow/example_dags/plugins/workday.py took 1.142 seconds
[2024-12-21T10:27:57.753+0530] {processor.py:186} INFO - Started process (PID=2943) to work on /Users/jayesh/Desktop/Personal Work/Movie_data_pipeline/.venv/lib/python3.9/site-packages/airflow/example_dags/plugins/workday.py
[2024-12-21T10:27:57.754+0530] {processor.py:914} INFO - Processing file /Users/jayesh/Desktop/Personal Work/Movie_data_pipeline/.venv/lib/python3.9/site-packages/airflow/example_dags/plugins/workday.py for tasks to queue
[2024-12-21T10:27:57.756+0530] {logging_mixin.py:190} INFO - [2024-12-21T10:27:57.755+0530] {dagbag.py:588} INFO - Filling up the DagBag from /Users/jayesh/Desktop/Personal Work/Movie_data_pipeline/.venv/lib/python3.9/site-packages/airflow/example_dags/plugins/workday.py
[2024-12-21T10:27:58.649+0530] {processor.py:927} WARNING - No viable dags retrieved from /Users/jayesh/Desktop/Personal Work/Movie_data_pipeline/.venv/lib/python3.9/site-packages/airflow/example_dags/plugins/workday.py
[2024-12-21T10:27:58.857+0530] {processor.py:208} INFO - Processing /Users/jayesh/Desktop/Personal Work/Movie_data_pipeline/.venv/lib/python3.9/site-packages/airflow/example_dags/plugins/workday.py took 1.110 seconds
[2024-12-21T10:29:15.608+0530] {processor.py:186} INFO - Started process (PID=3152) to work on /Users/jayesh/Desktop/Personal Work/Movie_data_pipeline/.venv/lib/python3.9/site-packages/airflow/example_dags/plugins/workday.py
[2024-12-21T10:29:15.609+0530] {processor.py:914} INFO - Processing file /Users/jayesh/Desktop/Personal Work/Movie_data_pipeline/.venv/lib/python3.9/site-packages/airflow/example_dags/plugins/workday.py for tasks to queue
[2024-12-21T10:29:15.610+0530] {logging_mixin.py:190} INFO - [2024-12-21T10:29:15.610+0530] {dagbag.py:588} INFO - Filling up the DagBag from /Users/jayesh/Desktop/Personal Work/Movie_data_pipeline/.venv/lib/python3.9/site-packages/airflow/example_dags/plugins/workday.py
[2024-12-21T10:29:16.512+0530] {processor.py:927} WARNING - No viable dags retrieved from /Users/jayesh/Desktop/Personal Work/Movie_data_pipeline/.venv/lib/python3.9/site-packages/airflow/example_dags/plugins/workday.py
[2024-12-21T10:29:16.721+0530] {processor.py:208} INFO - Processing /Users/jayesh/Desktop/Personal Work/Movie_data_pipeline/.venv/lib/python3.9/site-packages/airflow/example_dags/plugins/workday.py took 1.120 seconds
[2024-12-21T10:30:46.403+0530] {processor.py:186} INFO - Started process (PID=3383) to work on /Users/jayesh/Desktop/Personal Work/Movie_data_pipeline/.venv/lib/python3.9/site-packages/airflow/example_dags/plugins/workday.py
[2024-12-21T10:30:46.404+0530] {processor.py:914} INFO - Processing file /Users/jayesh/Desktop/Personal Work/Movie_data_pipeline/.venv/lib/python3.9/site-packages/airflow/example_dags/plugins/workday.py for tasks to queue
[2024-12-21T10:30:46.407+0530] {logging_mixin.py:190} INFO - [2024-12-21T10:30:46.406+0530] {dagbag.py:588} INFO - Filling up the DagBag from /Users/jayesh/Desktop/Personal Work/Movie_data_pipeline/.venv/lib/python3.9/site-packages/airflow/example_dags/plugins/workday.py
[2024-12-21T10:30:47.648+0530] {processor.py:927} WARNING - No viable dags retrieved from /Users/jayesh/Desktop/Personal Work/Movie_data_pipeline/.venv/lib/python3.9/site-packages/airflow/example_dags/plugins/workday.py
[2024-12-21T10:30:47.954+0530] {processor.py:208} INFO - Processing /Users/jayesh/Desktop/Personal Work/Movie_data_pipeline/.venv/lib/python3.9/site-packages/airflow/example_dags/plugins/workday.py took 1.558 seconds
[2024-12-21T10:47:25.377+0530] {processor.py:186} INFO - Started process (PID=4001) to work on /Users/jayesh/Desktop/Personal Work/Movie_data_pipeline/.venv/lib/python3.9/site-packages/airflow/example_dags/plugins/workday.py
[2024-12-21T10:47:25.380+0530] {processor.py:914} INFO - Processing file /Users/jayesh/Desktop/Personal Work/Movie_data_pipeline/.venv/lib/python3.9/site-packages/airflow/example_dags/plugins/workday.py for tasks to queue
[2024-12-21T10:47:25.382+0530] {logging_mixin.py:190} INFO - [2024-12-21T10:47:25.382+0530] {dagbag.py:588} INFO - Filling up the DagBag from /Users/jayesh/Desktop/Personal Work/Movie_data_pipeline/.venv/lib/python3.9/site-packages/airflow/example_dags/plugins/workday.py
[2024-12-21T10:47:26.612+0530] {processor.py:927} WARNING - No viable dags retrieved from /Users/jayesh/Desktop/Personal Work/Movie_data_pipeline/.venv/lib/python3.9/site-packages/airflow/example_dags/plugins/workday.py
[2024-12-21T10:47:26.813+0530] {processor.py:208} INFO - Processing /Users/jayesh/Desktop/Personal Work/Movie_data_pipeline/.venv/lib/python3.9/site-packages/airflow/example_dags/plugins/workday.py took 1.442 seconds
[2024-12-21T10:49:36.567+0530] {processor.py:186} INFO - Started process (PID=4402) to work on /Users/jayesh/Desktop/Personal Work/Movie_data_pipeline/.venv/lib/python3.9/site-packages/airflow/example_dags/plugins/workday.py
[2024-12-21T10:49:36.568+0530] {processor.py:914} INFO - Processing file /Users/jayesh/Desktop/Personal Work/Movie_data_pipeline/.venv/lib/python3.9/site-packages/airflow/example_dags/plugins/workday.py for tasks to queue
[2024-12-21T10:49:36.571+0530] {logging_mixin.py:190} INFO - [2024-12-21T10:49:36.570+0530] {dagbag.py:588} INFO - Filling up the DagBag from /Users/jayesh/Desktop/Personal Work/Movie_data_pipeline/.venv/lib/python3.9/site-packages/airflow/example_dags/plugins/workday.py
[2024-12-21T10:49:37.682+0530] {processor.py:927} WARNING - No viable dags retrieved from /Users/jayesh/Desktop/Personal Work/Movie_data_pipeline/.venv/lib/python3.9/site-packages/airflow/example_dags/plugins/workday.py
[2024-12-21T10:49:37.919+0530] {processor.py:208} INFO - Processing /Users/jayesh/Desktop/Personal Work/Movie_data_pipeline/.venv/lib/python3.9/site-packages/airflow/example_dags/plugins/workday.py took 1.358 seconds
[2024-12-21T10:51:24.328+0530] {processor.py:186} INFO - Started process (PID=4788) to work on /Users/jayesh/Desktop/Personal Work/Movie_data_pipeline/.venv/lib/python3.9/site-packages/airflow/example_dags/plugins/workday.py
[2024-12-21T10:51:24.330+0530] {processor.py:914} INFO - Processing file /Users/jayesh/Desktop/Personal Work/Movie_data_pipeline/.venv/lib/python3.9/site-packages/airflow/example_dags/plugins/workday.py for tasks to queue
[2024-12-21T10:51:24.332+0530] {logging_mixin.py:190} INFO - [2024-12-21T10:51:24.331+0530] {dagbag.py:588} INFO - Filling up the DagBag from /Users/jayesh/Desktop/Personal Work/Movie_data_pipeline/.venv/lib/python3.9/site-packages/airflow/example_dags/plugins/workday.py
[2024-12-21T10:51:25.903+0530] {processor.py:927} WARNING - No viable dags retrieved from /Users/jayesh/Desktop/Personal Work/Movie_data_pipeline/.venv/lib/python3.9/site-packages/airflow/example_dags/plugins/workday.py
[2024-12-21T10:51:26.399+0530] {processor.py:208} INFO - Processing /Users/jayesh/Desktop/Personal Work/Movie_data_pipeline/.venv/lib/python3.9/site-packages/airflow/example_dags/plugins/workday.py took 2.078 seconds
[2024-12-21T10:53:02.666+0530] {processor.py:186} INFO - Started process (PID=5129) to work on /Users/jayesh/Desktop/Personal Work/Movie_data_pipeline/.venv/lib/python3.9/site-packages/airflow/example_dags/plugins/workday.py
[2024-12-21T10:53:02.667+0530] {processor.py:914} INFO - Processing file /Users/jayesh/Desktop/Personal Work/Movie_data_pipeline/.venv/lib/python3.9/site-packages/airflow/example_dags/plugins/workday.py for tasks to queue
[2024-12-21T10:53:02.668+0530] {logging_mixin.py:190} INFO - [2024-12-21T10:53:02.668+0530] {dagbag.py:588} INFO - Filling up the DagBag from /Users/jayesh/Desktop/Personal Work/Movie_data_pipeline/.venv/lib/python3.9/site-packages/airflow/example_dags/plugins/workday.py
[2024-12-21T10:53:03.714+0530] {processor.py:927} WARNING - No viable dags retrieved from /Users/jayesh/Desktop/Personal Work/Movie_data_pipeline/.venv/lib/python3.9/site-packages/airflow/example_dags/plugins/workday.py
[2024-12-21T10:53:03.925+0530] {processor.py:208} INFO - Processing /Users/jayesh/Desktop/Personal Work/Movie_data_pipeline/.venv/lib/python3.9/site-packages/airflow/example_dags/plugins/workday.py took 1.264 seconds
[2024-12-21T11:54:29.566+0530] {processor.py:186} INFO - Started process (PID=6469) to work on /Users/jayesh/Desktop/Personal Work/Movie_data_pipeline/.venv/lib/python3.9/site-packages/airflow/example_dags/plugins/workday.py
[2024-12-21T11:54:29.569+0530] {processor.py:914} INFO - Processing file /Users/jayesh/Desktop/Personal Work/Movie_data_pipeline/.venv/lib/python3.9/site-packages/airflow/example_dags/plugins/workday.py for tasks to queue
[2024-12-21T11:54:29.570+0530] {logging_mixin.py:190} INFO - [2024-12-21T11:54:29.570+0530] {dagbag.py:588} INFO - Filling up the DagBag from /Users/jayesh/Desktop/Personal Work/Movie_data_pipeline/.venv/lib/python3.9/site-packages/airflow/example_dags/plugins/workday.py
[2024-12-21T11:54:30.804+0530] {processor.py:927} WARNING - No viable dags retrieved from /Users/jayesh/Desktop/Personal Work/Movie_data_pipeline/.venv/lib/python3.9/site-packages/airflow/example_dags/plugins/workday.py
[2024-12-21T11:54:31.016+0530] {processor.py:208} INFO - Processing /Users/jayesh/Desktop/Personal Work/Movie_data_pipeline/.venv/lib/python3.9/site-packages/airflow/example_dags/plugins/workday.py took 1.455 seconds
[2024-12-21T11:56:40.154+0530] {processor.py:186} INFO - Started process (PID=6946) to work on /Users/jayesh/Desktop/Personal Work/Movie_data_pipeline/.venv/lib/python3.9/site-packages/airflow/example_dags/plugins/workday.py
[2024-12-21T11:56:40.156+0530] {processor.py:914} INFO - Processing file /Users/jayesh/Desktop/Personal Work/Movie_data_pipeline/.venv/lib/python3.9/site-packages/airflow/example_dags/plugins/workday.py for tasks to queue
[2024-12-21T11:56:40.158+0530] {logging_mixin.py:190} INFO - [2024-12-21T11:56:40.157+0530] {dagbag.py:588} INFO - Filling up the DagBag from /Users/jayesh/Desktop/Personal Work/Movie_data_pipeline/.venv/lib/python3.9/site-packages/airflow/example_dags/plugins/workday.py
[2024-12-21T11:56:41.248+0530] {processor.py:927} WARNING - No viable dags retrieved from /Users/jayesh/Desktop/Personal Work/Movie_data_pipeline/.venv/lib/python3.9/site-packages/airflow/example_dags/plugins/workday.py
[2024-12-21T11:56:41.457+0530] {processor.py:208} INFO - Processing /Users/jayesh/Desktop/Personal Work/Movie_data_pipeline/.venv/lib/python3.9/site-packages/airflow/example_dags/plugins/workday.py took 1.308 seconds
[2024-12-21T11:58:14.722+0530] {processor.py:186} INFO - Started process (PID=7282) to work on /Users/jayesh/Desktop/Personal Work/Movie_data_pipeline/.venv/lib/python3.9/site-packages/airflow/example_dags/plugins/workday.py
[2024-12-21T11:58:14.725+0530] {processor.py:914} INFO - Processing file /Users/jayesh/Desktop/Personal Work/Movie_data_pipeline/.venv/lib/python3.9/site-packages/airflow/example_dags/plugins/workday.py for tasks to queue
[2024-12-21T11:58:14.727+0530] {logging_mixin.py:190} INFO - [2024-12-21T11:58:14.727+0530] {dagbag.py:588} INFO - Filling up the DagBag from /Users/jayesh/Desktop/Personal Work/Movie_data_pipeline/.venv/lib/python3.9/site-packages/airflow/example_dags/plugins/workday.py
[2024-12-21T11:58:15.867+0530] {processor.py:927} WARNING - No viable dags retrieved from /Users/jayesh/Desktop/Personal Work/Movie_data_pipeline/.venv/lib/python3.9/site-packages/airflow/example_dags/plugins/workday.py
[2024-12-21T11:58:16.150+0530] {processor.py:208} INFO - Processing /Users/jayesh/Desktop/Personal Work/Movie_data_pipeline/.venv/lib/python3.9/site-packages/airflow/example_dags/plugins/workday.py took 1.434 seconds
[2024-12-21T11:59:49.246+0530] {processor.py:186} INFO - Started process (PID=7638) to work on /Users/jayesh/Desktop/Personal Work/Movie_data_pipeline/.venv/lib/python3.9/site-packages/airflow/example_dags/plugins/workday.py
[2024-12-21T11:59:49.248+0530] {processor.py:914} INFO - Processing file /Users/jayesh/Desktop/Personal Work/Movie_data_pipeline/.venv/lib/python3.9/site-packages/airflow/example_dags/plugins/workday.py for tasks to queue
[2024-12-21T11:59:49.253+0530] {logging_mixin.py:190} INFO - [2024-12-21T11:59:49.251+0530] {dagbag.py:588} INFO - Filling up the DagBag from /Users/jayesh/Desktop/Personal Work/Movie_data_pipeline/.venv/lib/python3.9/site-packages/airflow/example_dags/plugins/workday.py
[2024-12-21T11:59:50.457+0530] {processor.py:927} WARNING - No viable dags retrieved from /Users/jayesh/Desktop/Personal Work/Movie_data_pipeline/.venv/lib/python3.9/site-packages/airflow/example_dags/plugins/workday.py
[2024-12-21T11:59:50.892+0530] {processor.py:208} INFO - Processing /Users/jayesh/Desktop/Personal Work/Movie_data_pipeline/.venv/lib/python3.9/site-packages/airflow/example_dags/plugins/workday.py took 1.651 seconds
[2024-12-21T12:01:32.315+0530] {processor.py:186} INFO - Started process (PID=7986) to work on /Users/jayesh/Desktop/Personal Work/Movie_data_pipeline/.venv/lib/python3.9/site-packages/airflow/example_dags/plugins/workday.py
[2024-12-21T12:01:32.318+0530] {processor.py:914} INFO - Processing file /Users/jayesh/Desktop/Personal Work/Movie_data_pipeline/.venv/lib/python3.9/site-packages/airflow/example_dags/plugins/workday.py for tasks to queue
[2024-12-21T12:01:32.322+0530] {logging_mixin.py:190} INFO - [2024-12-21T12:01:32.321+0530] {dagbag.py:588} INFO - Filling up the DagBag from /Users/jayesh/Desktop/Personal Work/Movie_data_pipeline/.venv/lib/python3.9/site-packages/airflow/example_dags/plugins/workday.py
[2024-12-21T12:01:33.776+0530] {processor.py:927} WARNING - No viable dags retrieved from /Users/jayesh/Desktop/Personal Work/Movie_data_pipeline/.venv/lib/python3.9/site-packages/airflow/example_dags/plugins/workday.py
[2024-12-21T12:01:33.994+0530] {processor.py:208} INFO - Processing /Users/jayesh/Desktop/Personal Work/Movie_data_pipeline/.venv/lib/python3.9/site-packages/airflow/example_dags/plugins/workday.py took 1.684 seconds
[2024-12-21T12:03:15.544+0530] {processor.py:186} INFO - Started process (PID=8342) to work on /Users/jayesh/Desktop/Personal Work/Movie_data_pipeline/.venv/lib/python3.9/site-packages/airflow/example_dags/plugins/workday.py
[2024-12-21T12:03:15.548+0530] {processor.py:914} INFO - Processing file /Users/jayesh/Desktop/Personal Work/Movie_data_pipeline/.venv/lib/python3.9/site-packages/airflow/example_dags/plugins/workday.py for tasks to queue
[2024-12-21T12:03:15.551+0530] {logging_mixin.py:190} INFO - [2024-12-21T12:03:15.551+0530] {dagbag.py:588} INFO - Filling up the DagBag from /Users/jayesh/Desktop/Personal Work/Movie_data_pipeline/.venv/lib/python3.9/site-packages/airflow/example_dags/plugins/workday.py
[2024-12-21T12:03:17.059+0530] {processor.py:927} WARNING - No viable dags retrieved from /Users/jayesh/Desktop/Personal Work/Movie_data_pipeline/.venv/lib/python3.9/site-packages/airflow/example_dags/plugins/workday.py
[2024-12-21T12:03:17.279+0530] {processor.py:208} INFO - Processing /Users/jayesh/Desktop/Personal Work/Movie_data_pipeline/.venv/lib/python3.9/site-packages/airflow/example_dags/plugins/workday.py took 1.743 seconds
[2024-12-21T12:05:12.593+0530] {processor.py:186} INFO - Started process (PID=8756) to work on /Users/jayesh/Desktop/Personal Work/Movie_data_pipeline/.venv/lib/python3.9/site-packages/airflow/example_dags/plugins/workday.py
[2024-12-21T12:05:12.596+0530] {processor.py:914} INFO - Processing file /Users/jayesh/Desktop/Personal Work/Movie_data_pipeline/.venv/lib/python3.9/site-packages/airflow/example_dags/plugins/workday.py for tasks to queue
[2024-12-21T12:05:12.597+0530] {logging_mixin.py:190} INFO - [2024-12-21T12:05:12.597+0530] {dagbag.py:588} INFO - Filling up the DagBag from /Users/jayesh/Desktop/Personal Work/Movie_data_pipeline/.venv/lib/python3.9/site-packages/airflow/example_dags/plugins/workday.py
[2024-12-21T12:05:13.518+0530] {processor.py:927} WARNING - No viable dags retrieved from /Users/jayesh/Desktop/Personal Work/Movie_data_pipeline/.venv/lib/python3.9/site-packages/airflow/example_dags/plugins/workday.py
[2024-12-21T12:05:13.774+0530] {processor.py:208} INFO - Processing /Users/jayesh/Desktop/Personal Work/Movie_data_pipeline/.venv/lib/python3.9/site-packages/airflow/example_dags/plugins/workday.py took 1.185 seconds
[2024-12-21T12:06:37.488+0530] {processor.py:186} INFO - Started process (PID=9077) to work on /Users/jayesh/Desktop/Personal Work/Movie_data_pipeline/.venv/lib/python3.9/site-packages/airflow/example_dags/plugins/workday.py
[2024-12-21T12:06:37.489+0530] {processor.py:914} INFO - Processing file /Users/jayesh/Desktop/Personal Work/Movie_data_pipeline/.venv/lib/python3.9/site-packages/airflow/example_dags/plugins/workday.py for tasks to queue
[2024-12-21T12:06:37.491+0530] {logging_mixin.py:190} INFO - [2024-12-21T12:06:37.490+0530] {dagbag.py:588} INFO - Filling up the DagBag from /Users/jayesh/Desktop/Personal Work/Movie_data_pipeline/.venv/lib/python3.9/site-packages/airflow/example_dags/plugins/workday.py
[2024-12-21T12:06:38.950+0530] {processor.py:927} WARNING - No viable dags retrieved from /Users/jayesh/Desktop/Personal Work/Movie_data_pipeline/.venv/lib/python3.9/site-packages/airflow/example_dags/plugins/workday.py
[2024-12-21T12:06:39.166+0530] {processor.py:208} INFO - Processing /Users/jayesh/Desktop/Personal Work/Movie_data_pipeline/.venv/lib/python3.9/site-packages/airflow/example_dags/plugins/workday.py took 1.683 seconds
[2024-12-21T22:32:09.477+0530] {processor.py:186} INFO - Started process (PID=15861) to work on /Users/jayesh/Desktop/Personal Work/Movie_data_pipeline/.venv/lib/python3.9/site-packages/airflow/example_dags/plugins/workday.py
[2024-12-21T22:32:09.482+0530] {processor.py:914} INFO - Processing file /Users/jayesh/Desktop/Personal Work/Movie_data_pipeline/.venv/lib/python3.9/site-packages/airflow/example_dags/plugins/workday.py for tasks to queue
[2024-12-21T22:32:09.492+0530] {logging_mixin.py:190} INFO - [2024-12-21T22:32:09.488+0530] {dagbag.py:588} INFO - Filling up the DagBag from /Users/jayesh/Desktop/Personal Work/Movie_data_pipeline/.venv/lib/python3.9/site-packages/airflow/example_dags/plugins/workday.py
[2024-12-21T22:32:09.509+0530] {processor.py:927} WARNING - No viable dags retrieved from /Users/jayesh/Desktop/Personal Work/Movie_data_pipeline/.venv/lib/python3.9/site-packages/airflow/example_dags/plugins/workday.py
[2024-12-21T22:32:09.669+0530] {processor.py:208} INFO - Processing /Users/jayesh/Desktop/Personal Work/Movie_data_pipeline/.venv/lib/python3.9/site-packages/airflow/example_dags/plugins/workday.py took 0.209 seconds
[2024-12-21T22:32:40.115+0530] {processor.py:186} INFO - Started process (PID=16099) to work on /Users/jayesh/Desktop/Personal Work/Movie_data_pipeline/.venv/lib/python3.9/site-packages/airflow/example_dags/plugins/workday.py
[2024-12-21T22:32:40.129+0530] {processor.py:914} INFO - Processing file /Users/jayesh/Desktop/Personal Work/Movie_data_pipeline/.venv/lib/python3.9/site-packages/airflow/example_dags/plugins/workday.py for tasks to queue
[2024-12-21T22:32:40.147+0530] {logging_mixin.py:190} INFO - [2024-12-21T22:32:40.145+0530] {dagbag.py:588} INFO - Filling up the DagBag from /Users/jayesh/Desktop/Personal Work/Movie_data_pipeline/.venv/lib/python3.9/site-packages/airflow/example_dags/plugins/workday.py
[2024-12-21T22:32:40.181+0530] {processor.py:927} WARNING - No viable dags retrieved from /Users/jayesh/Desktop/Personal Work/Movie_data_pipeline/.venv/lib/python3.9/site-packages/airflow/example_dags/plugins/workday.py
[2024-12-21T22:32:40.517+0530] {processor.py:208} INFO - Processing /Users/jayesh/Desktop/Personal Work/Movie_data_pipeline/.venv/lib/python3.9/site-packages/airflow/example_dags/plugins/workday.py took 0.430 seconds
[2024-12-21T22:33:11.522+0530] {processor.py:186} INFO - Started process (PID=16313) to work on /Users/jayesh/Desktop/Personal Work/Movie_data_pipeline/.venv/lib/python3.9/site-packages/airflow/example_dags/plugins/workday.py
[2024-12-21T22:33:11.526+0530] {processor.py:914} INFO - Processing file /Users/jayesh/Desktop/Personal Work/Movie_data_pipeline/.venv/lib/python3.9/site-packages/airflow/example_dags/plugins/workday.py for tasks to queue
[2024-12-21T22:33:11.531+0530] {logging_mixin.py:190} INFO - [2024-12-21T22:33:11.530+0530] {dagbag.py:588} INFO - Filling up the DagBag from /Users/jayesh/Desktop/Personal Work/Movie_data_pipeline/.venv/lib/python3.9/site-packages/airflow/example_dags/plugins/workday.py
[2024-12-21T22:33:11.542+0530] {processor.py:927} WARNING - No viable dags retrieved from /Users/jayesh/Desktop/Personal Work/Movie_data_pipeline/.venv/lib/python3.9/site-packages/airflow/example_dags/plugins/workday.py
[2024-12-21T22:33:11.620+0530] {processor.py:208} INFO - Processing /Users/jayesh/Desktop/Personal Work/Movie_data_pipeline/.venv/lib/python3.9/site-packages/airflow/example_dags/plugins/workday.py took 0.114 seconds
[2024-12-21T22:33:41.709+0530] {processor.py:186} INFO - Started process (PID=16519) to work on /Users/jayesh/Desktop/Personal Work/Movie_data_pipeline/.venv/lib/python3.9/site-packages/airflow/example_dags/plugins/workday.py
[2024-12-21T22:33:41.713+0530] {processor.py:914} INFO - Processing file /Users/jayesh/Desktop/Personal Work/Movie_data_pipeline/.venv/lib/python3.9/site-packages/airflow/example_dags/plugins/workday.py for tasks to queue
[2024-12-21T22:33:41.719+0530] {logging_mixin.py:190} INFO - [2024-12-21T22:33:41.718+0530] {dagbag.py:588} INFO - Filling up the DagBag from /Users/jayesh/Desktop/Personal Work/Movie_data_pipeline/.venv/lib/python3.9/site-packages/airflow/example_dags/plugins/workday.py
[2024-12-21T22:33:41.728+0530] {processor.py:927} WARNING - No viable dags retrieved from /Users/jayesh/Desktop/Personal Work/Movie_data_pipeline/.venv/lib/python3.9/site-packages/airflow/example_dags/plugins/workday.py
[2024-12-21T22:33:41.809+0530] {processor.py:208} INFO - Processing /Users/jayesh/Desktop/Personal Work/Movie_data_pipeline/.venv/lib/python3.9/site-packages/airflow/example_dags/plugins/workday.py took 0.116 seconds
[2024-12-21T23:52:48.583+0530] {processor.py:186} INFO - Started process (PID=17966) to work on /Users/jayesh/Desktop/Personal Work/Movie_data_pipeline/.venv/lib/python3.9/site-packages/airflow/example_dags/plugins/workday.py
[2024-12-21T23:52:48.589+0530] {processor.py:914} INFO - Processing file /Users/jayesh/Desktop/Personal Work/Movie_data_pipeline/.venv/lib/python3.9/site-packages/airflow/example_dags/plugins/workday.py for tasks to queue
[2024-12-21T23:52:48.597+0530] {logging_mixin.py:190} INFO - [2024-12-21T23:52:48.596+0530] {dagbag.py:588} INFO - Filling up the DagBag from /Users/jayesh/Desktop/Personal Work/Movie_data_pipeline/.venv/lib/python3.9/site-packages/airflow/example_dags/plugins/workday.py
[2024-12-21T23:52:48.607+0530] {processor.py:927} WARNING - No viable dags retrieved from /Users/jayesh/Desktop/Personal Work/Movie_data_pipeline/.venv/lib/python3.9/site-packages/airflow/example_dags/plugins/workday.py
[2024-12-21T23:52:48.802+0530] {processor.py:208} INFO - Processing /Users/jayesh/Desktop/Personal Work/Movie_data_pipeline/.venv/lib/python3.9/site-packages/airflow/example_dags/plugins/workday.py took 0.238 seconds
[2024-12-21T23:53:18.921+0530] {processor.py:186} INFO - Started process (PID=18211) to work on /Users/jayesh/Desktop/Personal Work/Movie_data_pipeline/.venv/lib/python3.9/site-packages/airflow/example_dags/plugins/workday.py
[2024-12-21T23:53:18.924+0530] {processor.py:914} INFO - Processing file /Users/jayesh/Desktop/Personal Work/Movie_data_pipeline/.venv/lib/python3.9/site-packages/airflow/example_dags/plugins/workday.py for tasks to queue
[2024-12-21T23:53:18.929+0530] {logging_mixin.py:190} INFO - [2024-12-21T23:53:18.929+0530] {dagbag.py:588} INFO - Filling up the DagBag from /Users/jayesh/Desktop/Personal Work/Movie_data_pipeline/.venv/lib/python3.9/site-packages/airflow/example_dags/plugins/workday.py
[2024-12-21T23:53:18.937+0530] {processor.py:927} WARNING - No viable dags retrieved from /Users/jayesh/Desktop/Personal Work/Movie_data_pipeline/.venv/lib/python3.9/site-packages/airflow/example_dags/plugins/workday.py
[2024-12-21T23:53:19.015+0530] {processor.py:208} INFO - Processing /Users/jayesh/Desktop/Personal Work/Movie_data_pipeline/.venv/lib/python3.9/site-packages/airflow/example_dags/plugins/workday.py took 0.118 seconds
[2024-12-21T23:53:49.906+0530] {processor.py:186} INFO - Started process (PID=18409) to work on /Users/jayesh/Desktop/Personal Work/Movie_data_pipeline/.venv/lib/python3.9/site-packages/airflow/example_dags/plugins/workday.py
[2024-12-21T23:53:49.915+0530] {processor.py:914} INFO - Processing file /Users/jayesh/Desktop/Personal Work/Movie_data_pipeline/.venv/lib/python3.9/site-packages/airflow/example_dags/plugins/workday.py for tasks to queue
[2024-12-21T23:53:49.929+0530] {logging_mixin.py:190} INFO - [2024-12-21T23:53:49.925+0530] {dagbag.py:588} INFO - Filling up the DagBag from /Users/jayesh/Desktop/Personal Work/Movie_data_pipeline/.venv/lib/python3.9/site-packages/airflow/example_dags/plugins/workday.py
[2024-12-21T23:53:49.945+0530] {processor.py:927} WARNING - No viable dags retrieved from /Users/jayesh/Desktop/Personal Work/Movie_data_pipeline/.venv/lib/python3.9/site-packages/airflow/example_dags/plugins/workday.py
[2024-12-21T23:53:50.064+0530] {processor.py:208} INFO - Processing /Users/jayesh/Desktop/Personal Work/Movie_data_pipeline/.venv/lib/python3.9/site-packages/airflow/example_dags/plugins/workday.py took 0.193 seconds
