[2024-12-19T09:25:47.007+0530] {local_task_job_runner.py:123} INFO - ::group::Pre task execution logs
[2024-12-19T09:25:47.024+0530] {taskinstance.py:2613} INFO - Dependencies all met for dep_context=non-requeueable deps ti=<TaskInstance: movie_pipeline.scrape_collection_page backfill__2024-12-15T00:00:00+00:00 [queued]>
[2024-12-19T09:25:47.034+0530] {taskinstance.py:2613} INFO - Dependencies all met for dep_context=requeueable deps ti=<TaskInstance: movie_pipeline.scrape_collection_page backfill__2024-12-15T00:00:00+00:00 [queued]>
[2024-12-19T09:25:47.034+0530] {taskinstance.py:2866} INFO - Starting attempt 1 of 1
[2024-12-19T09:25:47.054+0530] {taskinstance.py:2889} INFO - Executing <Task(PythonOperator): scrape_collection_page> on 2024-12-15 00:00:00+00:00
[2024-12-19T09:25:47.064+0530] {logging_mixin.py:190} WARNING - /Users/jayesh/Desktop/Personal Work/Movie_data_pipeline/.venv/lib/python3.12/site-packages/airflow/task/task_runner/standard_task_runner.py:70 DeprecationWarning: This process (pid=14973) is multi-threaded, use of fork() may lead to deadlocks in the child.
[2024-12-19T09:25:47.066+0530] {standard_task_runner.py:72} INFO - Started process 14987 to run task
[2024-12-19T09:25:47.067+0530] {standard_task_runner.py:104} INFO - Running: ['airflow', 'tasks', 'run', 'movie_pipeline', 'scrape_collection_page', 'backfill__2024-12-15T00:00:00+00:00', '--job-id', '216', '--pool', 'default_pool', '--raw', '--subdir', 'DAGS_FOLDER/pipeline_dag.py', '--cfg-path', '/var/folders/h6/l2cjrfls77b6_h6zs5w5vn4r0000gn/T/tmpjmfzvh1r']
[2024-12-19T09:25:47.071+0530] {standard_task_runner.py:105} INFO - Job 216: Subtask scrape_collection_page
[2024-12-19T09:25:47.139+0530] {task_command.py:467} INFO - Running <TaskInstance: movie_pipeline.scrape_collection_page backfill__2024-12-15T00:00:00+00:00 [running]> on host Jayeshs-MacBook-Air.local
[2024-12-19T09:25:47.228+0530] {taskinstance.py:3132} INFO - Exporting env vars: AIRFLOW_CTX_DAG_OWNER='airflow' AIRFLOW_CTX_DAG_ID='movie_pipeline' AIRFLOW_CTX_TASK_ID='scrape_collection_page' AIRFLOW_CTX_EXECUTION_DATE='2024-12-15T00:00:00+00:00' AIRFLOW_CTX_TRY_NUMBER='1' AIRFLOW_CTX_DAG_RUN_ID='backfill__2024-12-15T00:00:00+00:00'
[2024-12-19T09:25:47.231+0530] {logging_mixin.py:190} INFO - Task instance is in running state
[2024-12-19T09:25:47.231+0530] {logging_mixin.py:190} INFO -  Previous state of the Task instance: queued
[2024-12-19T09:25:47.232+0530] {logging_mixin.py:190} INFO - Current task name:scrape_collection_page state:running start_date:2024-12-19 03:55:47.024916+00:00
[2024-12-19T09:25:47.233+0530] {logging_mixin.py:190} INFO - Dag name:movie_pipeline and current dag run status:running
[2024-12-19T09:25:47.234+0530] {taskinstance.py:731} INFO - ::endgroup::
[2024-12-19T09:28:28.541+0530] {local_task_job_runner.py:346} WARNING - State of this instance has been externally set to None. Terminating instance.
[2024-12-19T09:28:28.544+0530] {local_task_job_runner.py:245} INFO - ::endgroup::
[2024-12-19T09:28:28.560+0530] {process_utils.py:132} INFO - Sending 15 to group 14987. PIDs of all processes in the group: [14988, 14987]
[2024-12-19T09:28:28.560+0530] {process_utils.py:87} INFO - Sending the signal 15 to group 14987
[2024-12-19T09:29:28.563+0530] {process_utils.py:150} WARNING - process psutil.Process(pid=14987, name='Python', status='running', started='09:25:47') did not respond to SIGTERM. Trying SIGKILL
[2024-12-19T09:29:28.567+0530] {process_utils.py:150} WARNING - process psutil.Process(pid=14988, name='chromedriver', status='zombie', started='09:25:47') did not respond to SIGTERM. Trying SIGKILL
[2024-12-19T09:29:28.568+0530] {process_utils.py:87} INFO - Sending the signal 9 to group 14987
[2024-12-19T09:29:28.584+0530] {process_utils.py:80} INFO - Process psutil.Process(pid=14987, name='Python', status='terminated', exitcode=<Negsignal.SIGKILL: -9>, started='09:25:47') (14987) terminated with exit code -9
[2024-12-19T09:29:28.586+0530] {process_utils.py:80} INFO - Process psutil.Process(pid=14988, name='chromedriver', status='terminated', started='09:25:47') (14988) terminated with exit code None
[2024-12-19T09:29:28.588+0530] {standard_task_runner.py:190} ERROR - ('Job 216 was killed before it finished (likely due to running out of memory)', 'For more information, see https://airflow.apache.org/docs/apache-airflow/stable/troubleshooting.html#LocalTaskJob-killed')
[2024-12-19T09:37:52.961+0530] {local_task_job_runner.py:123} INFO - ::group::Pre task execution logs
[2024-12-19T09:37:52.981+0530] {taskinstance.py:2613} INFO - Dependencies all met for dep_context=non-requeueable deps ti=<TaskInstance: movie_pipeline.scrape_collection_page backfill__2024-12-15T00:00:00+00:00 [queued]>
[2024-12-19T09:37:52.992+0530] {taskinstance.py:2613} INFO - Dependencies all met for dep_context=requeueable deps ti=<TaskInstance: movie_pipeline.scrape_collection_page backfill__2024-12-15T00:00:00+00:00 [queued]>
[2024-12-19T09:37:52.992+0530] {taskinstance.py:2866} INFO - Starting attempt 1 of 1
[2024-12-19T09:37:53.013+0530] {taskinstance.py:2889} INFO - Executing <Task(PythonOperator): scrape_collection_page> on 2024-12-15 00:00:00+00:00
[2024-12-19T09:37:53.025+0530] {logging_mixin.py:190} WARNING - /Users/jayesh/Desktop/Personal Work/Movie_data_pipeline/.venv/lib/python3.12/site-packages/airflow/task/task_runner/standard_task_runner.py:70 DeprecationWarning: This process (pid=15981) is multi-threaded, use of fork() may lead to deadlocks in the child.
[2024-12-19T09:37:53.027+0530] {standard_task_runner.py:72} INFO - Started process 15998 to run task
[2024-12-19T09:37:53.029+0530] {standard_task_runner.py:104} INFO - Running: ['airflow', 'tasks', 'run', 'movie_pipeline', 'scrape_collection_page', 'backfill__2024-12-15T00:00:00+00:00', '--job-id', '225', '--pool', 'default_pool', '--raw', '--subdir', 'DAGS_FOLDER/pipeline_dag.py', '--cfg-path', '/var/folders/h6/l2cjrfls77b6_h6zs5w5vn4r0000gn/T/tmpzdtu2iay']
[2024-12-19T09:37:53.034+0530] {standard_task_runner.py:105} INFO - Job 225: Subtask scrape_collection_page
[2024-12-19T09:37:53.102+0530] {task_command.py:467} INFO - Running <TaskInstance: movie_pipeline.scrape_collection_page backfill__2024-12-15T00:00:00+00:00 [running]> on host Jayeshs-MacBook-Air.local
[2024-12-19T09:37:53.196+0530] {taskinstance.py:3132} INFO - Exporting env vars: AIRFLOW_CTX_DAG_OWNER='airflow' AIRFLOW_CTX_DAG_ID='movie_pipeline' AIRFLOW_CTX_TASK_ID='scrape_collection_page' AIRFLOW_CTX_EXECUTION_DATE='2024-12-15T00:00:00+00:00' AIRFLOW_CTX_TRY_NUMBER='1' AIRFLOW_CTX_DAG_RUN_ID='backfill__2024-12-15T00:00:00+00:00'
[2024-12-19T09:37:53.198+0530] {logging_mixin.py:190} INFO - Task instance is in running state
[2024-12-19T09:37:53.199+0530] {logging_mixin.py:190} INFO -  Previous state of the Task instance: queued
[2024-12-19T09:37:53.201+0530] {logging_mixin.py:190} INFO - Current task name:scrape_collection_page state:running start_date:2024-12-19 04:07:52.982421+00:00
[2024-12-19T09:37:53.202+0530] {logging_mixin.py:190} INFO - Dag name:movie_pipeline and current dag run status:running
[2024-12-19T09:37:53.202+0530] {taskinstance.py:731} INFO - ::endgroup::
[2024-12-19T09:44:11.402+0530] {local_task_job_runner.py:346} WARNING - State of this instance has been externally set to failed. Terminating instance.
[2024-12-19T09:44:11.409+0530] {local_task_job_runner.py:245} INFO - ::endgroup::
[2024-12-19T09:44:11.433+0530] {process_utils.py:132} INFO - Sending 15 to group 15998. PIDs of all processes in the group: [15999, 15998]
[2024-12-19T09:44:11.434+0530] {process_utils.py:87} INFO - Sending the signal 15 to group 15998
