[2024-12-19T13:54:16.783+0530] {local_task_job_runner.py:123} INFO - ::group::Pre task execution logs
[2024-12-19T13:54:16.804+0530] {taskinstance.py:2613} INFO - Dependencies all met for dep_context=non-requeueable deps ti=<TaskInstance: movie_pipeline.scrape_collection_page backfill__2024-12-15T00:00:00+00:00 [queued]>
[2024-12-19T13:54:16.814+0530] {taskinstance.py:2613} INFO - Dependencies all met for dep_context=requeueable deps ti=<TaskInstance: movie_pipeline.scrape_collection_page backfill__2024-12-15T00:00:00+00:00 [queued]>
[2024-12-19T13:54:16.814+0530] {taskinstance.py:2866} INFO - Starting attempt 4 of 4
[2024-12-19T13:54:16.839+0530] {taskinstance.py:2889} INFO - Executing <Task(PythonOperator): scrape_collection_page> on 2024-12-15 00:00:00+00:00
[2024-12-19T13:54:16.851+0530] {logging_mixin.py:190} WARNING - /Users/jayesh/Desktop/Personal Work/Movie_data_pipeline/.venv/lib/python3.12/site-packages/airflow/task/task_runner/standard_task_runner.py:70 DeprecationWarning: This process (pid=8060) is multi-threaded, use of fork() may lead to deadlocks in the child.
[2024-12-19T13:54:16.853+0530] {standard_task_runner.py:72} INFO - Started process 8089 to run task
[2024-12-19T13:54:16.855+0530] {standard_task_runner.py:104} INFO - Running: ['airflow', 'tasks', 'run', 'movie_pipeline', 'scrape_collection_page', 'backfill__2024-12-15T00:00:00+00:00', '--job-id', '243', '--pool', 'default_pool', '--raw', '--subdir', 'DAGS_FOLDER/pipeline_dag.py', '--cfg-path', '/var/folders/h6/l2cjrfls77b6_h6zs5w5vn4r0000gn/T/tmphoebr3vc']
[2024-12-19T13:54:16.861+0530] {standard_task_runner.py:105} INFO - Job 243: Subtask scrape_collection_page
[2024-12-19T13:54:17.054+0530] {task_command.py:467} INFO - Running <TaskInstance: movie_pipeline.scrape_collection_page backfill__2024-12-15T00:00:00+00:00 [running]> on host Jayeshs-MacBook-Air.local
[2024-12-19T13:54:17.545+0530] {taskinstance.py:3132} INFO - Exporting env vars: AIRFLOW_CTX_DAG_OWNER='airflow' AIRFLOW_CTX_DAG_ID='movie_pipeline' AIRFLOW_CTX_TASK_ID='scrape_collection_page' AIRFLOW_CTX_EXECUTION_DATE='2024-12-15T00:00:00+00:00' AIRFLOW_CTX_TRY_NUMBER='4' AIRFLOW_CTX_DAG_RUN_ID='backfill__2024-12-15T00:00:00+00:00'
[2024-12-19T13:54:17.549+0530] {logging_mixin.py:190} INFO - Task instance is in running state
[2024-12-19T13:54:17.551+0530] {logging_mixin.py:190} INFO -  Previous state of the Task instance: queued
[2024-12-19T13:54:17.554+0530] {logging_mixin.py:190} INFO - Current task name:scrape_collection_page state:running start_date:2024-12-19 08:24:16.804687+00:00
[2024-12-19T13:54:17.555+0530] {logging_mixin.py:190} INFO - Dag name:movie_pipeline and current dag run status:running
[2024-12-19T13:54:17.556+0530] {taskinstance.py:731} INFO - ::endgroup::
[2024-12-19T13:54:17.569+0530] {logging_mixin.py:190} INFO - Date is 2024-12-15
[2024-12-19T13:54:17.571+0530] {python.py:240} INFO - Done. Returned value was: None
[2024-12-19T13:54:17.582+0530] {taskinstance.py:340} INFO - ::group::Post task execution logs
[2024-12-19T13:54:17.585+0530] {taskinstance.py:352} INFO - Marking task as SUCCESS. dag_id=movie_pipeline, task_id=scrape_collection_page, run_id=backfill__2024-12-15T00:00:00+00:00, execution_date=20241215T000000, start_date=20241219T082416, end_date=20241219T082417
[2024-12-19T13:54:17.606+0530] {logging_mixin.py:190} INFO - Task instance in success state
[2024-12-19T13:54:17.609+0530] {logging_mixin.py:190} INFO -  Previous state of the Task instance: running
[2024-12-19T13:54:17.611+0530] {logging_mixin.py:190} INFO - Dag name:movie_pipeline queued_at:2024-12-19 08:23:41.671104+00:00
[2024-12-19T13:54:17.612+0530] {logging_mixin.py:190} INFO - Task hostname:Jayeshs-MacBook-Air.local operator:PythonOperator
[2024-12-19T13:54:17.663+0530] {local_task_job_runner.py:266} INFO - Task exited with return code 0
[2024-12-19T13:54:17.702+0530] {taskinstance.py:3895} INFO - 0 downstream tasks scheduled from follow-on schedule check
[2024-12-19T13:54:17.703+0530] {local_task_job_runner.py:245} INFO - ::endgroup::
