[2024-12-19T13:16:48.900+0530] {local_task_job_runner.py:123} INFO - ::group::Pre task execution logs
[2024-12-19T13:16:48.916+0530] {taskinstance.py:2613} INFO - Dependencies all met for dep_context=non-requeueable deps ti=<TaskInstance: movie_pipeline.scrape_collection_page backfill__2024-12-15T00:00:00+00:00 [queued]>
[2024-12-19T13:16:48.926+0530] {taskinstance.py:2613} INFO - Dependencies all met for dep_context=requeueable deps ti=<TaskInstance: movie_pipeline.scrape_collection_page backfill__2024-12-15T00:00:00+00:00 [queued]>
[2024-12-19T13:16:48.926+0530] {taskinstance.py:2866} INFO - Starting attempt 2 of 2
[2024-12-19T13:16:48.945+0530] {taskinstance.py:2889} INFO - Executing <Task(PythonOperator): scrape_collection_page> on 2024-12-15 00:00:00+00:00
[2024-12-19T13:16:48.954+0530] {logging_mixin.py:190} WARNING - /Users/jayesh/Desktop/Personal Work/Movie_data_pipeline/.venv/lib/python3.12/site-packages/airflow/task/task_runner/standard_task_runner.py:70 DeprecationWarning: This process (pid=4238) is multi-threaded, use of fork() may lead to deadlocks in the child.
[2024-12-19T13:16:48.955+0530] {standard_task_runner.py:72} INFO - Started process 4252 to run task
[2024-12-19T13:16:48.958+0530] {standard_task_runner.py:104} INFO - Running: ['airflow', 'tasks', 'run', 'movie_pipeline', 'scrape_collection_page', 'backfill__2024-12-15T00:00:00+00:00', '--job-id', '232', '--pool', 'default_pool', '--raw', '--subdir', 'DAGS_FOLDER/pipeline_dag.py', '--cfg-path', '/var/folders/h6/l2cjrfls77b6_h6zs5w5vn4r0000gn/T/tmpctstlc59']
[2024-12-19T13:16:48.961+0530] {standard_task_runner.py:105} INFO - Job 232: Subtask scrape_collection_page
[2024-12-19T13:16:49.027+0530] {task_command.py:467} INFO - Running <TaskInstance: movie_pipeline.scrape_collection_page backfill__2024-12-15T00:00:00+00:00 [running]> on host Jayeshs-MacBook-Air.local
[2024-12-19T13:16:49.114+0530] {taskinstance.py:3132} INFO - Exporting env vars: AIRFLOW_CTX_DAG_OWNER='airflow' AIRFLOW_CTX_DAG_ID='movie_pipeline' AIRFLOW_CTX_TASK_ID='scrape_collection_page' AIRFLOW_CTX_EXECUTION_DATE='2024-12-15T00:00:00+00:00' AIRFLOW_CTX_TRY_NUMBER='2' AIRFLOW_CTX_DAG_RUN_ID='backfill__2024-12-15T00:00:00+00:00'
[2024-12-19T13:16:49.117+0530] {logging_mixin.py:190} INFO - Task instance is in running state
[2024-12-19T13:16:49.117+0530] {logging_mixin.py:190} INFO -  Previous state of the Task instance: queued
[2024-12-19T13:16:49.118+0530] {logging_mixin.py:190} INFO - Current task name:scrape_collection_page state:running start_date:2024-12-19 07:46:48.917712+00:00
[2024-12-19T13:16:49.119+0530] {logging_mixin.py:190} INFO - Dag name:movie_pipeline and current dag run status:running
[2024-12-19T13:16:49.119+0530] {taskinstance.py:731} INFO - ::endgroup::
[2024-12-19T13:27:29.352+0530] {local_task_job_runner.py:346} WARNING - State of this instance has been externally set to None. Terminating instance.
[2024-12-19T13:27:29.355+0530] {local_task_job_runner.py:245} INFO - ::endgroup::
[2024-12-19T13:27:29.370+0530] {process_utils.py:132} INFO - Sending 15 to group 4252. PIDs of all processes in the group: [4253, 4252]
[2024-12-19T13:27:29.371+0530] {process_utils.py:87} INFO - Sending the signal 15 to group 4252
