[2024-12-29T04:29:21.341+0000] {local_task_job_runner.py:123} INFO - ::group::Pre task execution logs
[2024-12-29T04:29:21.698+0000] {taskinstance.py:2613} INFO - Dependencies all met for dep_context=non-requeueable deps ti=<TaskInstance: movie_pipeline.parse_movies scheduled__2024-12-28T00:00:00+00:00 [queued]>
[2024-12-29T04:29:21.733+0000] {taskinstance.py:2613} INFO - Dependencies all met for dep_context=requeueable deps ti=<TaskInstance: movie_pipeline.parse_movies scheduled__2024-12-28T00:00:00+00:00 [queued]>
[2024-12-29T04:29:21.734+0000] {taskinstance.py:2866} INFO - Starting attempt 1 of 1
[2024-12-29T04:29:21.783+0000] {taskinstance.py:2889} INFO - Executing <Task(PythonOperator): parse_movies> on 2024-12-28 00:00:00+00:00
[2024-12-29T04:29:21.790+0000] {standard_task_runner.py:72} INFO - Started process 1858 to run task
[2024-12-29T04:29:21.799+0000] {standard_task_runner.py:104} INFO - Running: ['airflow', 'tasks', 'run', 'movie_pipeline', 'parse_movies', 'scheduled__2024-12-28T00:00:00+00:00', '--job-id', '107', '--raw', '--subdir', 'DAGS_FOLDER/pipeline_dag.py', '--cfg-path', '/tmp/tmph52wsh2o']
[2024-12-29T04:29:21.803+0000] {standard_task_runner.py:105} INFO - Job 107: Subtask parse_movies
[2024-12-29T04:29:21.997+0000] {task_command.py:467} INFO - Running <TaskInstance: movie_pipeline.parse_movies scheduled__2024-12-28T00:00:00+00:00 [running]> on host e0a3add0f1ca
[2024-12-29T04:29:22.434+0000] {taskinstance.py:3132} INFO - Exporting env vars: AIRFLOW_CTX_DAG_OWNER='airflow' AIRFLOW_CTX_DAG_ID='movie_pipeline' AIRFLOW_CTX_TASK_ID='parse_movies' AIRFLOW_CTX_EXECUTION_DATE='2024-12-28T00:00:00+00:00' AIRFLOW_CTX_TRY_NUMBER='1' AIRFLOW_CTX_DAG_RUN_ID='scheduled__2024-12-28T00:00:00+00:00'
[2024-12-29T04:29:22.439+0000] {taskinstance.py:731} INFO - ::endgroup::
[2024-12-29T04:29:23.036+0000] {parse.py:109} INFO - Parsing movie_id: tt13186482
[2024-12-29T04:29:23.809+0000] {parse.py:173} ERROR - time data 'Dec 20, 2024' does not match format '%d-%b-%Y'
Traceback (most recent call last):
  File "/opt/src/parse.py", line 167, in movie_parser
    movie_data_dict['release_date_id']=str(datetime.strptime(release_date,"%d-%b-%Y").date()).replace('-','')
  File "/usr/local/lib/python3.9/_strptime.py", line 568, in _strptime_datetime
    tt, fraction, gmtoff_fraction = _strptime(data_string, format)
  File "/usr/local/lib/python3.9/_strptime.py", line 349, in _strptime
    raise ValueError("time data %r does not match format %r" %
ValueError: time data 'Dec 20, 2024' does not match format '%d-%b-%Y'
[2024-12-29T04:29:23.820+0000] {parse.py:175} WARNING - movie_id: tt13186482, release_date_id set to NONE
[2024-12-29T04:29:23.880+0000] {parse.py:109} INFO - Parsing movie_id: tt18259086
[2024-12-29T04:29:24.267+0000] {parse.py:173} ERROR - time data 'Dec 20, 2024' does not match format '%d-%b-%Y'
Traceback (most recent call last):
  File "/opt/src/parse.py", line 167, in movie_parser
    movie_data_dict['release_date_id']=str(datetime.strptime(release_date,"%d-%b-%Y").date()).replace('-','')
  File "/usr/local/lib/python3.9/_strptime.py", line 568, in _strptime_datetime
    tt, fraction, gmtoff_fraction = _strptime(data_string, format)
  File "/usr/local/lib/python3.9/_strptime.py", line 349, in _strptime
    raise ValueError("time data %r does not match format %r" %
ValueError: time data 'Dec 20, 2024' does not match format '%d-%b-%Y'
[2024-12-29T04:29:24.278+0000] {parse.py:175} WARNING - movie_id: tt18259086, release_date_id set to NONE
[2024-12-29T04:29:24.325+0000] {parse.py:109} INFO - Parsing movie_id: tt5040012
[2024-12-29T04:29:24.753+0000] {parse.py:173} ERROR - time data 'Dec 25, 2024' does not match format '%d-%b-%Y'
Traceback (most recent call last):
  File "/opt/src/parse.py", line 167, in movie_parser
    movie_data_dict['release_date_id']=str(datetime.strptime(release_date,"%d-%b-%Y").date()).replace('-','')
  File "/usr/local/lib/python3.9/_strptime.py", line 568, in _strptime_datetime
    tt, fraction, gmtoff_fraction = _strptime(data_string, format)
  File "/usr/local/lib/python3.9/_strptime.py", line 349, in _strptime
    raise ValueError("time data %r does not match format %r" %
ValueError: time data 'Dec 25, 2024' does not match format '%d-%b-%Y'
[2024-12-29T04:29:24.755+0000] {parse.py:175} WARNING - movie_id: tt5040012, release_date_id set to NONE
[2024-12-29T04:29:24.840+0000] {parse.py:109} INFO - Parsing movie_id: tt1262426
[2024-12-29T04:29:26.357+0000] {parse.py:173} ERROR - time data 'Nov 22, 2024' does not match format '%d-%b-%Y'
Traceback (most recent call last):
  File "/opt/src/parse.py", line 167, in movie_parser
    movie_data_dict['release_date_id']=str(datetime.strptime(release_date,"%d-%b-%Y").date()).replace('-','')
  File "/usr/local/lib/python3.9/_strptime.py", line 568, in _strptime_datetime
    tt, fraction, gmtoff_fraction = _strptime(data_string, format)
  File "/usr/local/lib/python3.9/_strptime.py", line 349, in _strptime
    raise ValueError("time data %r does not match format %r" %
ValueError: time data 'Nov 22, 2024' does not match format '%d-%b-%Y'
[2024-12-29T04:29:26.402+0000] {parse.py:175} WARNING - movie_id: tt1262426, release_date_id set to NONE
[2024-12-29T04:29:26.592+0000] {parse.py:109} INFO - Parsing movie_id: tt13622970
[2024-12-29T04:29:27.183+0000] {parse.py:173} ERROR - time data 'Nov 27, 2024' does not match format '%d-%b-%Y'
Traceback (most recent call last):
  File "/opt/src/parse.py", line 167, in movie_parser
    movie_data_dict['release_date_id']=str(datetime.strptime(release_date,"%d-%b-%Y").date()).replace('-','')
  File "/usr/local/lib/python3.9/_strptime.py", line 568, in _strptime_datetime
    tt, fraction, gmtoff_fraction = _strptime(data_string, format)
  File "/usr/local/lib/python3.9/_strptime.py", line 349, in _strptime
    raise ValueError("time data %r does not match format %r" %
ValueError: time data 'Nov 27, 2024' does not match format '%d-%b-%Y'
[2024-12-29T04:29:27.185+0000] {parse.py:175} WARNING - movie_id: tt13622970, release_date_id set to NONE
[2024-12-29T04:29:27.238+0000] {parse.py:109} INFO - Parsing movie_id: tt11563598
[2024-12-29T04:29:27.562+0000] {parse.py:173} ERROR - time data 'Dec 25, 2024' does not match format '%d-%b-%Y'
Traceback (most recent call last):
  File "/opt/src/parse.py", line 167, in movie_parser
    movie_data_dict['release_date_id']=str(datetime.strptime(release_date,"%d-%b-%Y").date()).replace('-','')
  File "/usr/local/lib/python3.9/_strptime.py", line 568, in _strptime_datetime
    tt, fraction, gmtoff_fraction = _strptime(data_string, format)
  File "/usr/local/lib/python3.9/_strptime.py", line 349, in _strptime
    raise ValueError("time data %r does not match format %r" %
ValueError: time data 'Dec 25, 2024' does not match format '%d-%b-%Y'
[2024-12-29T04:29:27.564+0000] {parse.py:175} WARNING - movie_id: tt11563598, release_date_id set to NONE
[2024-12-29T04:29:27.609+0000] {parse.py:109} INFO - Parsing movie_id: tt30057084
[2024-12-29T04:29:28.079+0000] {parse.py:173} ERROR - time data 'Dec 20, 2024' does not match format '%d-%b-%Y'
Traceback (most recent call last):
  File "/opt/src/parse.py", line 167, in movie_parser
    movie_data_dict['release_date_id']=str(datetime.strptime(release_date,"%d-%b-%Y").date()).replace('-','')
  File "/usr/local/lib/python3.9/_strptime.py", line 568, in _strptime_datetime
    tt, fraction, gmtoff_fraction = _strptime(data_string, format)
  File "/usr/local/lib/python3.9/_strptime.py", line 349, in _strptime
    raise ValueError("time data %r does not match format %r" %
ValueError: time data 'Dec 20, 2024' does not match format '%d-%b-%Y'
[2024-12-29T04:29:28.086+0000] {parse.py:175} WARNING - movie_id: tt30057084, release_date_id set to NONE
[2024-12-29T04:29:28.167+0000] {parse.py:109} INFO - Parsing movie_id: tt9218128
[2024-12-29T04:29:28.814+0000] {parse.py:173} ERROR - time data 'Nov 22, 2024' does not match format '%d-%b-%Y'
Traceback (most recent call last):
  File "/opt/src/parse.py", line 167, in movie_parser
    movie_data_dict['release_date_id']=str(datetime.strptime(release_date,"%d-%b-%Y").date()).replace('-','')
  File "/usr/local/lib/python3.9/_strptime.py", line 568, in _strptime_datetime
    tt, fraction, gmtoff_fraction = _strptime(data_string, format)
  File "/usr/local/lib/python3.9/_strptime.py", line 349, in _strptime
    raise ValueError("time data %r does not match format %r" %
ValueError: time data 'Nov 22, 2024' does not match format '%d-%b-%Y'
[2024-12-29T04:29:28.816+0000] {parse.py:175} WARNING - movie_id: tt9218128, release_date_id set to NONE
[2024-12-29T04:29:28.876+0000] {parse.py:109} INFO - Parsing movie_id: tt29137778
[2024-12-29T04:29:29.148+0000] {parse.py:173} ERROR - time data 'Dec 20, 2024' does not match format '%d-%b-%Y'
Traceback (most recent call last):
  File "/opt/src/parse.py", line 167, in movie_parser
    movie_data_dict['release_date_id']=str(datetime.strptime(release_date,"%d-%b-%Y").date()).replace('-','')
  File "/usr/local/lib/python3.9/_strptime.py", line 568, in _strptime_datetime
    tt, fraction, gmtoff_fraction = _strptime(data_string, format)
  File "/usr/local/lib/python3.9/_strptime.py", line 349, in _strptime
    raise ValueError("time data %r does not match format %r" %
ValueError: time data 'Dec 20, 2024' does not match format '%d-%b-%Y'
[2024-12-29T04:29:29.150+0000] {parse.py:175} WARNING - movie_id: tt29137778, release_date_id set to NONE
[2024-12-29T04:29:29.197+0000] {parse.py:109} INFO - Parsing movie_id: tt6133444
[2024-12-29T04:29:29.509+0000] {parse.py:158} ERROR - 'NoneType' object has no attribute 'attrs'
Traceback (most recent call last):
  File "/opt/src/parse.py", line 156, in movie_parser
    movie_data_dict['distributor_id']=child_span[1].find('a').attrs['href'].split('/')[-3]
AttributeError: 'NoneType' object has no attribute 'attrs'
[2024-12-29T04:29:29.510+0000] {parse.py:159} WARNING - movie_id: tt6133444, distributor_id set to NONE
[2024-12-29T04:29:29.512+0000] {parse.py:173} ERROR - time data 'Dec 25, 2024' does not match format '%d-%b-%Y'
Traceback (most recent call last):
  File "/opt/src/parse.py", line 167, in movie_parser
    movie_data_dict['release_date_id']=str(datetime.strptime(release_date,"%d-%b-%Y").date()).replace('-','')
  File "/usr/local/lib/python3.9/_strptime.py", line 568, in _strptime_datetime
    tt, fraction, gmtoff_fraction = _strptime(data_string, format)
  File "/usr/local/lib/python3.9/_strptime.py", line 349, in _strptime
    raise ValueError("time data %r does not match format %r" %
ValueError: time data 'Dec 25, 2024' does not match format '%d-%b-%Y'
[2024-12-29T04:29:29.514+0000] {parse.py:175} WARNING - movie_id: tt6133444, release_date_id set to NONE
[2024-12-29T04:29:29.560+0000] {parse.py:109} INFO - Parsing movie_id: tt8790086
[2024-12-29T04:29:29.895+0000] {parse.py:173} ERROR - time data 'Dec 13, 2024' does not match format '%d-%b-%Y'
Traceback (most recent call last):
  File "/opt/src/parse.py", line 167, in movie_parser
    movie_data_dict['release_date_id']=str(datetime.strptime(release_date,"%d-%b-%Y").date()).replace('-','')
  File "/usr/local/lib/python3.9/_strptime.py", line 568, in _strptime_datetime
    tt, fraction, gmtoff_fraction = _strptime(data_string, format)
  File "/usr/local/lib/python3.9/_strptime.py", line 349, in _strptime
    raise ValueError("time data %r does not match format %r" %
ValueError: time data 'Dec 13, 2024' does not match format '%d-%b-%Y'
[2024-12-29T04:29:29.900+0000] {parse.py:175} WARNING - movie_id: tt8790086, release_date_id set to NONE
[2024-12-29T04:29:29.950+0000] {parse.py:109} INFO - Parsing movie_id: tt14824600
[2024-12-29T04:29:30.430+0000] {parse.py:173} ERROR - time data 'Dec 13, 2024' does not match format '%d-%b-%Y'
Traceback (most recent call last):
  File "/opt/src/parse.py", line 167, in movie_parser
    movie_data_dict['release_date_id']=str(datetime.strptime(release_date,"%d-%b-%Y").date()).replace('-','')
  File "/usr/local/lib/python3.9/_strptime.py", line 568, in _strptime_datetime
    tt, fraction, gmtoff_fraction = _strptime(data_string, format)
  File "/usr/local/lib/python3.9/_strptime.py", line 349, in _strptime
    raise ValueError("time data %r does not match format %r" %
ValueError: time data 'Dec 13, 2024' does not match format '%d-%b-%Y'
[2024-12-29T04:29:30.432+0000] {parse.py:175} WARNING - movie_id: tt14824600, release_date_id set to NONE
[2024-12-29T04:29:30.484+0000] {parse.py:109} INFO - Parsing movie_id: tt2347285
[2024-12-29T04:29:30.788+0000] {parse.py:173} ERROR - time data 'Nov 8, 2024' does not match format '%d-%b-%Y'
Traceback (most recent call last):
  File "/opt/src/parse.py", line 167, in movie_parser
    movie_data_dict['release_date_id']=str(datetime.strptime(release_date,"%d-%b-%Y").date()).replace('-','')
  File "/usr/local/lib/python3.9/_strptime.py", line 568, in _strptime_datetime
    tt, fraction, gmtoff_fraction = _strptime(data_string, format)
  File "/usr/local/lib/python3.9/_strptime.py", line 349, in _strptime
    raise ValueError("time data %r does not match format %r" %
ValueError: time data 'Nov 8, 2024' does not match format '%d-%b-%Y'
[2024-12-29T04:29:30.791+0000] {parse.py:175} WARNING - movie_id: tt2347285, release_date_id set to NONE
[2024-12-29T04:29:30.857+0000] {parse.py:109} INFO - Parsing movie_id: tt14948432
[2024-12-29T04:29:31.244+0000] {parse.py:173} ERROR - time data 'Nov 15, 2024' does not match format '%d-%b-%Y'
Traceback (most recent call last):
  File "/opt/src/parse.py", line 167, in movie_parser
    movie_data_dict['release_date_id']=str(datetime.strptime(release_date,"%d-%b-%Y").date()).replace('-','')
  File "/usr/local/lib/python3.9/_strptime.py", line 568, in _strptime_datetime
    tt, fraction, gmtoff_fraction = _strptime(data_string, format)
  File "/usr/local/lib/python3.9/_strptime.py", line 349, in _strptime
    raise ValueError("time data %r does not match format %r" %
ValueError: time data 'Nov 15, 2024' does not match format '%d-%b-%Y'
[2024-12-29T04:29:31.246+0000] {parse.py:175} WARNING - movie_id: tt14948432, release_date_id set to NONE
[2024-12-29T04:29:31.290+0000] {parse.py:109} INFO - Parsing movie_id: tt8999762
[2024-12-29T04:29:31.681+0000] {parse.py:173} ERROR - time data 'Dec 20, 2024' does not match format '%d-%b-%Y'
Traceback (most recent call last):
  File "/opt/src/parse.py", line 167, in movie_parser
    movie_data_dict['release_date_id']=str(datetime.strptime(release_date,"%d-%b-%Y").date()).replace('-','')
  File "/usr/local/lib/python3.9/_strptime.py", line 568, in _strptime_datetime
    tt, fraction, gmtoff_fraction = _strptime(data_string, format)
  File "/usr/local/lib/python3.9/_strptime.py", line 349, in _strptime
    raise ValueError("time data %r does not match format %r" %
ValueError: time data 'Dec 20, 2024' does not match format '%d-%b-%Y'
[2024-12-29T04:29:31.682+0000] {parse.py:175} WARNING - movie_id: tt8999762, release_date_id set to NONE
[2024-12-29T04:29:31.735+0000] {parse.py:109} INFO - Parsing movie_id: tt21823606
[2024-12-29T04:29:32.380+0000] {parse.py:173} ERROR - time data 'Nov 1, 2024' does not match format '%d-%b-%Y'
Traceback (most recent call last):
  File "/opt/src/parse.py", line 167, in movie_parser
    movie_data_dict['release_date_id']=str(datetime.strptime(release_date,"%d-%b-%Y").date()).replace('-','')
  File "/usr/local/lib/python3.9/_strptime.py", line 568, in _strptime_datetime
    tt, fraction, gmtoff_fraction = _strptime(data_string, format)
  File "/usr/local/lib/python3.9/_strptime.py", line 349, in _strptime
    raise ValueError("time data %r does not match format %r" %
ValueError: time data 'Nov 1, 2024' does not match format '%d-%b-%Y'
[2024-12-29T04:29:32.382+0000] {parse.py:175} WARNING - movie_id: tt21823606, release_date_id set to NONE
[2024-12-29T04:29:32.430+0000] {parse.py:109} INFO - Parsing movie_id: tt28607951
[2024-12-29T04:29:32.849+0000] {parse.py:173} ERROR - time data 'Oct 18, 2024' does not match format '%d-%b-%Y'
Traceback (most recent call last):
  File "/opt/src/parse.py", line 167, in movie_parser
    movie_data_dict['release_date_id']=str(datetime.strptime(release_date,"%d-%b-%Y").date()).replace('-','')
  File "/usr/local/lib/python3.9/_strptime.py", line 568, in _strptime_datetime
    tt, fraction, gmtoff_fraction = _strptime(data_string, format)
  File "/usr/local/lib/python3.9/_strptime.py", line 349, in _strptime
    raise ValueError("time data %r does not match format %r" %
ValueError: time data 'Oct 18, 2024' does not match format '%d-%b-%Y'
[2024-12-29T04:29:32.851+0000] {parse.py:175} WARNING - movie_id: tt28607951, release_date_id set to NONE
[2024-12-29T04:29:32.902+0000] {parse.py:109} INFO - Parsing movie_id: tt20215234
[2024-12-29T04:29:33.263+0000] {parse.py:173} ERROR - time data 'Oct 25, 2024' does not match format '%d-%b-%Y'
Traceback (most recent call last):
  File "/opt/src/parse.py", line 167, in movie_parser
    movie_data_dict['release_date_id']=str(datetime.strptime(release_date,"%d-%b-%Y").date()).replace('-','')
  File "/usr/local/lib/python3.9/_strptime.py", line 568, in _strptime_datetime
    tt, fraction, gmtoff_fraction = _strptime(data_string, format)
  File "/usr/local/lib/python3.9/_strptime.py", line 349, in _strptime
    raise ValueError("time data %r does not match format %r" %
ValueError: time data 'Oct 25, 2024' does not match format '%d-%b-%Y'
[2024-12-29T04:29:33.264+0000] {parse.py:175} WARNING - movie_id: tt20215234, release_date_id set to NONE
[2024-12-29T04:29:33.311+0000] {parse.py:109} INFO - Parsing movie_id: tt29623480
[2024-12-29T04:29:34.158+0000] {parse.py:173} ERROR - time data 'Sep 27, 2024' does not match format '%d-%b-%Y'
Traceback (most recent call last):
  File "/opt/src/parse.py", line 167, in movie_parser
    movie_data_dict['release_date_id']=str(datetime.strptime(release_date,"%d-%b-%Y").date()).replace('-','')
  File "/usr/local/lib/python3.9/_strptime.py", line 568, in _strptime_datetime
    tt, fraction, gmtoff_fraction = _strptime(data_string, format)
  File "/usr/local/lib/python3.9/_strptime.py", line 349, in _strptime
    raise ValueError("time data %r does not match format %r" %
ValueError: time data 'Sep 27, 2024' does not match format '%d-%b-%Y'
[2024-12-29T04:29:34.159+0000] {parse.py:175} WARNING - movie_id: tt29623480, release_date_id set to NONE
[2024-12-29T04:29:34.230+0000] {parse.py:109} INFO - Parsing movie_id: tt23055660
[2024-12-29T04:29:34.548+0000] {parse.py:173} ERROR - time data 'Dec 13, 2024' does not match format '%d-%b-%Y'
Traceback (most recent call last):
  File "/opt/src/parse.py", line 167, in movie_parser
    movie_data_dict['release_date_id']=str(datetime.strptime(release_date,"%d-%b-%Y").date()).replace('-','')
  File "/usr/local/lib/python3.9/_strptime.py", line 568, in _strptime_datetime
    tt, fraction, gmtoff_fraction = _strptime(data_string, format)
  File "/usr/local/lib/python3.9/_strptime.py", line 349, in _strptime
    raise ValueError("time data %r does not match format %r" %
ValueError: time data 'Dec 13, 2024' does not match format '%d-%b-%Y'
[2024-12-29T04:29:34.550+0000] {parse.py:175} WARNING - movie_id: tt23055660, release_date_id set to NONE
[2024-12-29T04:29:34.597+0000] {parse.py:109} INFO - Parsing movie_id: tt15744108
[2024-12-29T04:29:34.852+0000] {parse.py:158} ERROR - 'NoneType' object has no attribute 'attrs'
Traceback (most recent call last):
  File "/opt/src/parse.py", line 156, in movie_parser
    movie_data_dict['distributor_id']=child_span[1].find('a').attrs['href'].split('/')[-3]
AttributeError: 'NoneType' object has no attribute 'attrs'
[2024-12-29T04:29:34.853+0000] {parse.py:159} WARNING - movie_id: tt15744108, distributor_id set to NONE
[2024-12-29T04:29:34.855+0000] {parse.py:173} ERROR - time data 'Dec 20, 2024 (Dec 25, 2024)' does not match format '%d-%b-%Y'
Traceback (most recent call last):
  File "/opt/src/parse.py", line 167, in movie_parser
    movie_data_dict['release_date_id']=str(datetime.strptime(release_date,"%d-%b-%Y").date()).replace('-','')
  File "/usr/local/lib/python3.9/_strptime.py", line 568, in _strptime_datetime
    tt, fraction, gmtoff_fraction = _strptime(data_string, format)
  File "/usr/local/lib/python3.9/_strptime.py", line 349, in _strptime
    raise ValueError("time data %r does not match format %r" %
ValueError: time data 'Dec 20, 2024 (Dec 25, 2024)' does not match format '%d-%b-%Y'
[2024-12-29T04:29:34.856+0000] {parse.py:175} WARNING - movie_id: tt15744108, release_date_id set to NONE
[2024-12-29T04:29:34.900+0000] {parse.py:109} INFO - Parsing movie_id: tt28082769
[2024-12-29T04:29:35.190+0000] {parse.py:173} ERROR - time data 'Dec 13, 2024 (Jan 17, 2025)' does not match format '%d-%b-%Y'
Traceback (most recent call last):
  File "/opt/src/parse.py", line 167, in movie_parser
    movie_data_dict['release_date_id']=str(datetime.strptime(release_date,"%d-%b-%Y").date()).replace('-','')
  File "/usr/local/lib/python3.9/_strptime.py", line 568, in _strptime_datetime
    tt, fraction, gmtoff_fraction = _strptime(data_string, format)
  File "/usr/local/lib/python3.9/_strptime.py", line 349, in _strptime
    raise ValueError("time data %r does not match format %r" %
ValueError: time data 'Dec 13, 2024 (Jan 17, 2025)' does not match format '%d-%b-%Y'
[2024-12-29T04:29:35.192+0000] {parse.py:175} WARNING - movie_id: tt28082769, release_date_id set to NONE
[2024-12-29T04:29:35.236+0000] {parse.py:109} INFO - Parsing movie_id: tt26446278
[2024-12-29T04:29:35.482+0000] {parse.py:173} ERROR - time data 'Dec 20, 2024' does not match format '%d-%b-%Y'
Traceback (most recent call last):
  File "/opt/src/parse.py", line 167, in movie_parser
    movie_data_dict['release_date_id']=str(datetime.strptime(release_date,"%d-%b-%Y").date()).replace('-','')
  File "/usr/local/lib/python3.9/_strptime.py", line 568, in _strptime_datetime
    tt, fraction, gmtoff_fraction = _strptime(data_string, format)
  File "/usr/local/lib/python3.9/_strptime.py", line 349, in _strptime
    raise ValueError("time data %r does not match format %r" %
ValueError: time data 'Dec 20, 2024' does not match format '%d-%b-%Y'
[2024-12-29T04:29:35.483+0000] {parse.py:175} WARNING - movie_id: tt26446278, release_date_id set to NONE
[2024-12-29T04:29:35.532+0000] {parse.py:109} INFO - Parsing movie_id: tt14260836
[2024-12-29T04:29:36.149+0000] {parse.py:158} ERROR - 'NoneType' object has no attribute 'attrs'
Traceback (most recent call last):
  File "/opt/src/parse.py", line 156, in movie_parser
    movie_data_dict['distributor_id']=child_span[1].find('a').attrs['href'].split('/')[-3]
AttributeError: 'NoneType' object has no attribute 'attrs'
[2024-12-29T04:29:36.151+0000] {parse.py:159} WARNING - movie_id: tt14260836, distributor_id set to NONE
[2024-12-29T04:29:36.154+0000] {parse.py:173} ERROR - time data 'Dec 25, 2024 (Jan 10, 2025)' does not match format '%d-%b-%Y'
Traceback (most recent call last):
  File "/opt/src/parse.py", line 167, in movie_parser
    movie_data_dict['release_date_id']=str(datetime.strptime(release_date,"%d-%b-%Y").date()).replace('-','')
  File "/usr/local/lib/python3.9/_strptime.py", line 568, in _strptime_datetime
    tt, fraction, gmtoff_fraction = _strptime(data_string, format)
  File "/usr/local/lib/python3.9/_strptime.py", line 349, in _strptime
    raise ValueError("time data %r does not match format %r" %
ValueError: time data 'Dec 25, 2024 (Jan 10, 2025)' does not match format '%d-%b-%Y'
[2024-12-29T04:29:36.155+0000] {parse.py:175} WARNING - movie_id: tt14260836, release_date_id set to NONE
[2024-12-29T04:29:36.212+0000] {parse.py:109} INFO - Parsing movie_id: tt32178949
[2024-12-29T04:29:36.475+0000] {parse.py:173} ERROR - time data 'Nov 27, 2024' does not match format '%d-%b-%Y'
Traceback (most recent call last):
  File "/opt/src/parse.py", line 167, in movie_parser
    movie_data_dict['release_date_id']=str(datetime.strptime(release_date,"%d-%b-%Y").date()).replace('-','')
  File "/usr/local/lib/python3.9/_strptime.py", line 568, in _strptime_datetime
    tt, fraction, gmtoff_fraction = _strptime(data_string, format)
  File "/usr/local/lib/python3.9/_strptime.py", line 349, in _strptime
    raise ValueError("time data %r does not match format %r" %
ValueError: time data 'Nov 27, 2024' does not match format '%d-%b-%Y'
[2024-12-29T04:29:36.476+0000] {parse.py:175} WARNING - movie_id: tt32178949, release_date_id set to NONE
[2024-12-29T04:29:36.526+0000] {parse.py:109} INFO - Parsing movie_id: tt16366836
[2024-12-29T04:29:36.844+0000] {parse.py:173} ERROR - time data 'Oct 25, 2024' does not match format '%d-%b-%Y'
Traceback (most recent call last):
  File "/opt/src/parse.py", line 167, in movie_parser
    movie_data_dict['release_date_id']=str(datetime.strptime(release_date,"%d-%b-%Y").date()).replace('-','')
  File "/usr/local/lib/python3.9/_strptime.py", line 568, in _strptime_datetime
    tt, fraction, gmtoff_fraction = _strptime(data_string, format)
  File "/usr/local/lib/python3.9/_strptime.py", line 349, in _strptime
    raise ValueError("time data %r does not match format %r" %
ValueError: time data 'Oct 25, 2024' does not match format '%d-%b-%Y'
[2024-12-29T04:29:36.846+0000] {parse.py:175} WARNING - movie_id: tt16366836, release_date_id set to NONE
[2024-12-29T04:29:36.889+0000] {parse.py:109} INFO - Parsing movie_id: tt26625693
[2024-12-29T04:29:37.236+0000] {parse.py:173} ERROR - time data 'Dec 6, 2024' does not match format '%d-%b-%Y'
Traceback (most recent call last):
  File "/opt/src/parse.py", line 167, in movie_parser
    movie_data_dict['release_date_id']=str(datetime.strptime(release_date,"%d-%b-%Y").date()).replace('-','')
  File "/usr/local/lib/python3.9/_strptime.py", line 568, in _strptime_datetime
    tt, fraction, gmtoff_fraction = _strptime(data_string, format)
  File "/usr/local/lib/python3.9/_strptime.py", line 349, in _strptime
    raise ValueError("time data %r does not match format %r" %
ValueError: time data 'Dec 6, 2024' does not match format '%d-%b-%Y'
[2024-12-29T04:29:37.238+0000] {parse.py:175} WARNING - movie_id: tt26625693, release_date_id set to NONE
[2024-12-29T04:29:37.288+0000] {parse.py:109} INFO - Parsing movie_id: tt15041836
[2024-12-29T04:29:37.803+0000] {parse.py:173} ERROR - time data 'Dec 6, 2024' does not match format '%d-%b-%Y'
Traceback (most recent call last):
  File "/opt/src/parse.py", line 167, in movie_parser
    movie_data_dict['release_date_id']=str(datetime.strptime(release_date,"%d-%b-%Y").date()).replace('-','')
  File "/usr/local/lib/python3.9/_strptime.py", line 568, in _strptime_datetime
    tt, fraction, gmtoff_fraction = _strptime(data_string, format)
  File "/usr/local/lib/python3.9/_strptime.py", line 349, in _strptime
    raise ValueError("time data %r does not match format %r" %
ValueError: time data 'Dec 6, 2024' does not match format '%d-%b-%Y'
[2024-12-29T04:29:37.805+0000] {parse.py:175} WARNING - movie_id: tt15041836, release_date_id set to NONE
[2024-12-29T04:29:37.849+0000] {parse.py:109} INFO - Parsing movie_id: tt27196021
[2024-12-29T04:29:38.167+0000] {parse.py:173} ERROR - time data 'Aug 11, 2024' does not match format '%d-%b-%Y'
Traceback (most recent call last):
  File "/opt/src/parse.py", line 167, in movie_parser
    movie_data_dict['release_date_id']=str(datetime.strptime(release_date,"%d-%b-%Y").date()).replace('-','')
  File "/usr/local/lib/python3.9/_strptime.py", line 568, in _strptime_datetime
    tt, fraction, gmtoff_fraction = _strptime(data_string, format)
  File "/usr/local/lib/python3.9/_strptime.py", line 349, in _strptime
    raise ValueError("time data %r does not match format %r" %
ValueError: time data 'Aug 11, 2024' does not match format '%d-%b-%Y'
[2024-12-29T04:29:38.169+0000] {parse.py:175} WARNING - movie_id: tt27196021, release_date_id set to NONE
[2024-12-29T04:29:38.224+0000] {parse.py:109} INFO - Parsing movie_id: tt17526714
[2024-12-29T04:29:38.634+0000] {parse.py:173} ERROR - time data 'Sep 20, 2024' does not match format '%d-%b-%Y'
Traceback (most recent call last):
  File "/opt/src/parse.py", line 167, in movie_parser
    movie_data_dict['release_date_id']=str(datetime.strptime(release_date,"%d-%b-%Y").date()).replace('-','')
  File "/usr/local/lib/python3.9/_strptime.py", line 568, in _strptime_datetime
    tt, fraction, gmtoff_fraction = _strptime(data_string, format)
  File "/usr/local/lib/python3.9/_strptime.py", line 349, in _strptime
    raise ValueError("time data %r does not match format %r" %
ValueError: time data 'Sep 20, 2024' does not match format '%d-%b-%Y'
[2024-12-29T04:29:38.636+0000] {parse.py:175} WARNING - movie_id: tt17526714, release_date_id set to NONE
[2024-12-29T04:29:38.688+0000] {parse.py:109} INFO - Parsing movie_id: tt15551346
[2024-12-29T04:29:39.116+0000] {parse.py:173} ERROR - time data 'Dec 6, 2024' does not match format '%d-%b-%Y'
Traceback (most recent call last):
  File "/opt/src/parse.py", line 167, in movie_parser
    movie_data_dict['release_date_id']=str(datetime.strptime(release_date,"%d-%b-%Y").date()).replace('-','')
  File "/usr/local/lib/python3.9/_strptime.py", line 568, in _strptime_datetime
    tt, fraction, gmtoff_fraction = _strptime(data_string, format)
  File "/usr/local/lib/python3.9/_strptime.py", line 349, in _strptime
    raise ValueError("time data %r does not match format %r" %
ValueError: time data 'Dec 6, 2024' does not match format '%d-%b-%Y'
[2024-12-29T04:29:39.118+0000] {parse.py:175} WARNING - movie_id: tt15551346, release_date_id set to NONE
[2024-12-29T04:29:39.163+0000] {parse.py:109} INFO - Parsing movie_id: tt10236164
[2024-12-29T04:29:39.420+0000] {parse.py:173} ERROR - time data 'Dec 6, 2024' does not match format '%d-%b-%Y'
Traceback (most recent call last):
  File "/opt/src/parse.py", line 167, in movie_parser
    movie_data_dict['release_date_id']=str(datetime.strptime(release_date,"%d-%b-%Y").date()).replace('-','')
  File "/usr/local/lib/python3.9/_strptime.py", line 568, in _strptime_datetime
    tt, fraction, gmtoff_fraction = _strptime(data_string, format)
  File "/usr/local/lib/python3.9/_strptime.py", line 349, in _strptime
    raise ValueError("time data %r does not match format %r" %
ValueError: time data 'Dec 6, 2024' does not match format '%d-%b-%Y'
[2024-12-29T04:29:39.422+0000] {parse.py:175} WARNING - movie_id: tt10236164, release_date_id set to NONE
[2024-12-29T04:29:39.468+0000] {parse.py:109} INFO - Parsing movie_id: tt21987878
[2024-12-29T04:29:39.751+0000] {parse.py:158} ERROR - 'NoneType' object has no attribute 'attrs'
Traceback (most recent call last):
  File "/opt/src/parse.py", line 156, in movie_parser
    movie_data_dict['distributor_id']=child_span[1].find('a').attrs['href'].split('/')[-3]
AttributeError: 'NoneType' object has no attribute 'attrs'
[2024-12-29T04:29:39.754+0000] {parse.py:159} WARNING - movie_id: tt21987878, distributor_id set to NONE
[2024-12-29T04:29:39.755+0000] {parse.py:173} ERROR - time data 'Dec 6, 2024' does not match format '%d-%b-%Y'
Traceback (most recent call last):
  File "/opt/src/parse.py", line 167, in movie_parser
    movie_data_dict['release_date_id']=str(datetime.strptime(release_date,"%d-%b-%Y").date()).replace('-','')
  File "/usr/local/lib/python3.9/_strptime.py", line 568, in _strptime_datetime
    tt, fraction, gmtoff_fraction = _strptime(data_string, format)
  File "/usr/local/lib/python3.9/_strptime.py", line 349, in _strptime
    raise ValueError("time data %r does not match format %r" %
ValueError: time data 'Dec 6, 2024' does not match format '%d-%b-%Y'
[2024-12-29T04:29:39.757+0000] {parse.py:175} WARNING - movie_id: tt21987878, release_date_id set to NONE
[2024-12-29T04:29:39.819+0000] {python.py:240} INFO - Done. Returned value was: run_20241226/movies_parsed_20241226.json
[2024-12-29T04:29:39.882+0000] {taskinstance.py:340} INFO - ::group::Post task execution logs
[2024-12-29T04:29:39.883+0000] {taskinstance.py:352} INFO - Marking task as SUCCESS. dag_id=movie_pipeline, task_id=parse_movies, run_id=scheduled__2024-12-28T00:00:00+00:00, execution_date=20241228T000000, start_date=20241229T042921, end_date=20241229T042939
[2024-12-29T04:29:39.956+0000] {local_task_job_runner.py:266} INFO - Task exited with return code 0
[2024-12-29T04:29:40.010+0000] {taskinstance.py:3895} INFO - 3 downstream tasks scheduled from follow-on schedule check
[2024-12-29T04:29:40.014+0000] {local_task_job_runner.py:245} INFO - ::endgroup::
