[2024-12-19T09:25:34.388+0530] {local_task_job_runner.py:123} INFO - ::group::Pre task execution logs
[2024-12-19T09:25:34.408+0530] {taskinstance.py:2613} INFO - Dependencies all met for dep_context=non-requeueable deps ti=<TaskInstance: movie_pipeline.create_run_dir backfill__2024-12-15T00:00:00+00:00 [queued]>
[2024-12-19T09:25:34.421+0530] {taskinstance.py:2613} INFO - Dependencies all met for dep_context=requeueable deps ti=<TaskInstance: movie_pipeline.create_run_dir backfill__2024-12-15T00:00:00+00:00 [queued]>
[2024-12-19T09:25:34.422+0530] {taskinstance.py:2866} INFO - Starting attempt 1 of 1
[2024-12-19T09:25:34.444+0530] {taskinstance.py:2889} INFO - Executing <Task(PythonOperator): create_run_dir> on 2024-12-15 00:00:00+00:00
[2024-12-19T09:25:34.455+0530] {logging_mixin.py:190} WARNING - /Users/jayesh/Desktop/Personal Work/Movie_data_pipeline/.venv/lib/python3.12/site-packages/airflow/task/task_runner/standard_task_runner.py:70 DeprecationWarning: This process (pid=14950) is multi-threaded, use of fork() may lead to deadlocks in the child.
[2024-12-19T09:25:34.458+0530] {standard_task_runner.py:72} INFO - Started process 14967 to run task
[2024-12-19T09:25:34.457+0530] {standard_task_runner.py:104} INFO - Running: ['airflow', 'tasks', 'run', 'movie_pipeline', 'create_run_dir', 'backfill__2024-12-15T00:00:00+00:00', '--job-id', '215', '--pool', 'default_pool', '--raw', '--subdir', 'DAGS_FOLDER/pipeline_dag.py', '--cfg-path', '/var/folders/h6/l2cjrfls77b6_h6zs5w5vn4r0000gn/T/tmp2dq49ye8']
[2024-12-19T09:25:34.462+0530] {standard_task_runner.py:105} INFO - Job 215: Subtask create_run_dir
[2024-12-19T09:25:34.531+0530] {task_command.py:467} INFO - Running <TaskInstance: movie_pipeline.create_run_dir backfill__2024-12-15T00:00:00+00:00 [running]> on host Jayeshs-MacBook-Air.local
[2024-12-19T09:25:34.639+0530] {taskinstance.py:3132} INFO - Exporting env vars: AIRFLOW_CTX_DAG_OWNER='airflow' AIRFLOW_CTX_DAG_ID='movie_pipeline' AIRFLOW_CTX_TASK_ID='create_run_dir' AIRFLOW_CTX_EXECUTION_DATE='2024-12-15T00:00:00+00:00' AIRFLOW_CTX_TRY_NUMBER='1' AIRFLOW_CTX_DAG_RUN_ID='backfill__2024-12-15T00:00:00+00:00'
[2024-12-19T09:25:34.642+0530] {logging_mixin.py:190} INFO - Task instance is in running state
[2024-12-19T09:25:34.642+0530] {logging_mixin.py:190} INFO -  Previous state of the Task instance: queued
[2024-12-19T09:25:34.644+0530] {logging_mixin.py:190} INFO - Current task name:create_run_dir state:running start_date:2024-12-19 03:55:34.408600+00:00
[2024-12-19T09:25:34.645+0530] {logging_mixin.py:190} INFO - Dag name:movie_pipeline and current dag run status:running
[2024-12-19T09:25:34.645+0530] {taskinstance.py:731} INFO - ::endgroup::
[2024-12-19T09:25:34.647+0530] {python.py:240} INFO - Done. Returned value was: None
[2024-12-19T09:25:34.654+0530] {taskinstance.py:340} INFO - ::group::Post task execution logs
[2024-12-19T09:25:34.655+0530] {taskinstance.py:352} INFO - Marking task as SUCCESS. dag_id=movie_pipeline, task_id=create_run_dir, run_id=backfill__2024-12-15T00:00:00+00:00, execution_date=20241215T000000, start_date=20241219T035534, end_date=20241219T035534
[2024-12-19T09:25:34.667+0530] {logging_mixin.py:190} INFO - Task instance in success state
[2024-12-19T09:25:34.668+0530] {logging_mixin.py:190} INFO -  Previous state of the Task instance: running
[2024-12-19T09:25:34.669+0530] {logging_mixin.py:190} INFO - Dag name:movie_pipeline queued_at:None
[2024-12-19T09:25:34.669+0530] {logging_mixin.py:190} INFO - Task hostname:Jayeshs-MacBook-Air.local operator:PythonOperator
[2024-12-19T09:25:34.685+0530] {local_task_job_runner.py:266} INFO - Task exited with return code 0
[2024-12-19T09:25:34.715+0530] {taskinstance.py:3895} INFO - 1 downstream tasks scheduled from follow-on schedule check
[2024-12-19T09:25:34.718+0530] {local_task_job_runner.py:245} INFO - ::endgroup::
[2024-12-19T09:37:37.214+0530] {local_task_job_runner.py:123} INFO - ::group::Pre task execution logs
[2024-12-19T09:37:37.247+0530] {taskinstance.py:2613} INFO - Dependencies all met for dep_context=non-requeueable deps ti=<TaskInstance: movie_pipeline.create_run_dir backfill__2024-12-15T00:00:00+00:00 [queued]>
[2024-12-19T09:37:37.263+0530] {taskinstance.py:2613} INFO - Dependencies all met for dep_context=requeueable deps ti=<TaskInstance: movie_pipeline.create_run_dir backfill__2024-12-15T00:00:00+00:00 [queued]>
[2024-12-19T09:37:37.264+0530] {taskinstance.py:2866} INFO - Starting attempt 1 of 1
[2024-12-19T09:37:37.295+0530] {taskinstance.py:2889} INFO - Executing <Task(PythonOperator): create_run_dir> on 2024-12-15 00:00:00+00:00
[2024-12-19T09:37:37.309+0530] {logging_mixin.py:190} WARNING - /Users/jayesh/Desktop/Personal Work/Movie_data_pipeline/.venv/lib/python3.12/site-packages/airflow/task/task_runner/standard_task_runner.py:70 DeprecationWarning: This process (pid=15959) is multi-threaded, use of fork() may lead to deadlocks in the child.
[2024-12-19T09:37:37.312+0530] {standard_task_runner.py:72} INFO - Started process 15977 to run task
[2024-12-19T09:37:37.314+0530] {standard_task_runner.py:104} INFO - Running: ['airflow', 'tasks', 'run', 'movie_pipeline', 'create_run_dir', 'backfill__2024-12-15T00:00:00+00:00', '--job-id', '224', '--pool', 'default_pool', '--raw', '--subdir', 'DAGS_FOLDER/pipeline_dag.py', '--cfg-path', '/var/folders/h6/l2cjrfls77b6_h6zs5w5vn4r0000gn/T/tmpqb_300jg']
[2024-12-19T09:37:37.325+0530] {standard_task_runner.py:105} INFO - Job 224: Subtask create_run_dir
[2024-12-19T09:37:37.493+0530] {task_command.py:467} INFO - Running <TaskInstance: movie_pipeline.create_run_dir backfill__2024-12-15T00:00:00+00:00 [running]> on host Jayeshs-MacBook-Air.local
[2024-12-19T09:37:37.770+0530] {taskinstance.py:3132} INFO - Exporting env vars: AIRFLOW_CTX_DAG_OWNER='airflow' AIRFLOW_CTX_DAG_ID='movie_pipeline' AIRFLOW_CTX_TASK_ID='create_run_dir' AIRFLOW_CTX_EXECUTION_DATE='2024-12-15T00:00:00+00:00' AIRFLOW_CTX_TRY_NUMBER='1' AIRFLOW_CTX_DAG_RUN_ID='backfill__2024-12-15T00:00:00+00:00'
[2024-12-19T09:37:37.779+0530] {logging_mixin.py:190} INFO - Task instance is in running state
[2024-12-19T09:37:37.780+0530] {logging_mixin.py:190} INFO -  Previous state of the Task instance: queued
[2024-12-19T09:37:37.781+0530] {logging_mixin.py:190} INFO - Current task name:create_run_dir state:running start_date:2024-12-19 04:07:37.248359+00:00
[2024-12-19T09:37:37.784+0530] {logging_mixin.py:190} INFO - Dag name:movie_pipeline and current dag run status:running
[2024-12-19T09:37:37.787+0530] {taskinstance.py:731} INFO - ::endgroup::
[2024-12-19T09:37:37.791+0530] {python.py:240} INFO - Done. Returned value was: None
[2024-12-19T09:37:37.810+0530] {taskinstance.py:340} INFO - ::group::Post task execution logs
[2024-12-19T09:37:37.812+0530] {taskinstance.py:352} INFO - Marking task as SUCCESS. dag_id=movie_pipeline, task_id=create_run_dir, run_id=backfill__2024-12-15T00:00:00+00:00, execution_date=20241215T000000, start_date=20241219T040737, end_date=20241219T040737
[2024-12-19T09:37:37.865+0530] {logging_mixin.py:190} INFO - Task instance in success state
[2024-12-19T09:37:37.871+0530] {logging_mixin.py:190} INFO -  Previous state of the Task instance: running
[2024-12-19T09:37:37.872+0530] {logging_mixin.py:190} INFO - Dag name:movie_pipeline queued_at:None
[2024-12-19T09:37:37.876+0530] {logging_mixin.py:190} INFO - Task hostname:Jayeshs-MacBook-Air.local operator:PythonOperator
[2024-12-19T09:37:37.894+0530] {local_task_job_runner.py:266} INFO - Task exited with return code 0
[2024-12-19T09:37:37.948+0530] {taskinstance.py:3895} INFO - 1 downstream tasks scheduled from follow-on schedule check
[2024-12-19T09:37:37.955+0530] {local_task_job_runner.py:245} INFO - ::endgroup::
