[2024-12-12T18:19:19.786+0530] {local_task_job_runner.py:123} INFO - ::group::Pre task execution logs
[2024-12-12T18:19:19.807+0530] {taskinstance.py:2613} INFO - Dependencies all met for dep_context=non-requeueable deps ti=<TaskInstance: tutorial.templated manual__2024-12-12T12:48:33.735789+00:00 [queued]>
[2024-12-12T18:19:19.814+0530] {taskinstance.py:2613} INFO - Dependencies all met for dep_context=requeueable deps ti=<TaskInstance: tutorial.templated manual__2024-12-12T12:48:33.735789+00:00 [queued]>
[2024-12-12T18:19:19.814+0530] {taskinstance.py:2866} INFO - Starting attempt 1 of 2
[2024-12-12T18:19:19.832+0530] {taskinstance.py:2889} INFO - Executing <Task(BashOperator): templated> on 2024-12-12 12:48:33.735789+00:00
[2024-12-12T18:19:19.842+0530] {logging_mixin.py:190} WARNING - /Users/jayesh/Desktop/Personal Work/Movie_data_pipeline/.venv/lib/python3.12/site-packages/airflow/task/task_runner/standard_task_runner.py:70 DeprecationWarning: This process (pid=27493) is multi-threaded, use of fork() may lead to deadlocks in the child.
[2024-12-12T18:19:19.843+0530] {standard_task_runner.py:72} INFO - Started process 27499 to run task
[2024-12-12T18:19:19.847+0530] {standard_task_runner.py:104} INFO - Running: ['airflow', 'tasks', 'run', 'tutorial', 'templated', 'manual__2024-12-12T12:48:33.735789+00:00', '--job-id', '10', '--raw', '--subdir', '/Users/jayesh/Desktop/Personal Work/Movie_data_pipeline/.venv/lib/python3.12/site-packages/airflow/example_dags/tutorial.py', '--cfg-path', '/var/folders/h6/l2cjrfls77b6_h6zs5w5vn4r0000gn/T/tmpn1bn9zc6']
[2024-12-12T18:19:19.851+0530] {standard_task_runner.py:105} INFO - Job 10: Subtask templated
[2024-12-12T18:19:20.194+0530] {task_command.py:467} INFO - Running <TaskInstance: tutorial.templated manual__2024-12-12T12:48:33.735789+00:00 [running]> on host Jayeshs-MacBook-Air.local
[2024-12-12T18:19:20.441+0530] {taskinstance.py:3132} INFO - Exporting env vars: AIRFLOW_CTX_DAG_EMAIL='airflow@example.com' AIRFLOW_CTX_DAG_OWNER='airflow' AIRFLOW_CTX_DAG_ID='tutorial' AIRFLOW_CTX_TASK_ID='templated' AIRFLOW_CTX_EXECUTION_DATE='2024-12-12T12:48:33.735789+00:00' AIRFLOW_CTX_TRY_NUMBER='1' AIRFLOW_CTX_DAG_RUN_ID='manual__2024-12-12T12:48:33.735789+00:00'
[2024-12-12T18:19:20.449+0530] {logging_mixin.py:190} INFO - Task instance is in running state
[2024-12-12T18:19:20.456+0530] {logging_mixin.py:190} INFO -  Previous state of the Task instance: queued
[2024-12-12T18:19:20.463+0530] {logging_mixin.py:190} INFO - Current task name:templated state:running start_date:2024-12-12 12:49:19.807515+00:00
[2024-12-12T18:19:20.468+0530] {logging_mixin.py:190} INFO - Dag name:tutorial and current dag run status:running
[2024-12-12T18:19:20.474+0530] {taskinstance.py:731} INFO - ::endgroup::
[2024-12-12T18:19:20.476+0530] {subprocess.py:78} INFO - Tmp dir root location: /var/folders/h6/l2cjrfls77b6_h6zs5w5vn4r0000gn/T
[2024-12-12T18:19:20.478+0530] {subprocess.py:88} INFO - Running command: ['/bin/bash', '-c', '\n\n    echo "2024-12-12"\n    echo "2024-12-19"\n\n    echo "2024-12-12"\n    echo "2024-12-19"\n\n    echo "2024-12-12"\n    echo "2024-12-19"\n\n    echo "2024-12-12"\n    echo "2024-12-19"\n\n    echo "2024-12-12"\n    echo "2024-12-19"\n']
[2024-12-12T18:19:20.491+0530] {subprocess.py:99} INFO - Output:
[2024-12-12T18:19:20.499+0530] {subprocess.py:106} INFO - 2024-12-12
[2024-12-12T18:19:20.503+0530] {subprocess.py:106} INFO - 2024-12-19
[2024-12-12T18:19:20.505+0530] {subprocess.py:106} INFO - 2024-12-12
[2024-12-12T18:19:20.505+0530] {subprocess.py:106} INFO - 2024-12-19
[2024-12-12T18:19:20.506+0530] {subprocess.py:106} INFO - 2024-12-12
[2024-12-12T18:19:20.507+0530] {subprocess.py:106} INFO - 2024-12-19
[2024-12-12T18:19:20.508+0530] {subprocess.py:106} INFO - 2024-12-12
[2024-12-12T18:19:20.509+0530] {subprocess.py:106} INFO - 2024-12-19
[2024-12-12T18:19:20.509+0530] {subprocess.py:106} INFO - 2024-12-12
[2024-12-12T18:19:20.510+0530] {subprocess.py:106} INFO - 2024-12-19
[2024-12-12T18:19:20.511+0530] {subprocess.py:110} INFO - Command exited with return code 0
[2024-12-12T18:19:20.551+0530] {taskinstance.py:340} INFO - ::group::Post task execution logs
[2024-12-12T18:19:20.557+0530] {taskinstance.py:352} INFO - Marking task as SUCCESS. dag_id=tutorial, task_id=templated, run_id=manual__2024-12-12T12:48:33.735789+00:00, execution_date=20241212T124833, start_date=20241212T124919, end_date=20241212T124920
[2024-12-12T18:19:20.576+0530] {logging_mixin.py:190} INFO - Task instance in success state
[2024-12-12T18:19:20.577+0530] {logging_mixin.py:190} INFO -  Previous state of the Task instance: running
[2024-12-12T18:19:20.578+0530] {logging_mixin.py:190} INFO - Dag name:tutorial queued_at:2024-12-12 12:48:33.797289+00:00
[2024-12-12T18:19:20.579+0530] {logging_mixin.py:190} INFO - Task hostname:Jayeshs-MacBook-Air.local operator:BashOperator
[2024-12-12T18:19:20.623+0530] {local_task_job_runner.py:266} INFO - Task exited with return code 0
[2024-12-12T18:19:20.676+0530] {taskinstance.py:3895} INFO - 0 downstream tasks scheduled from follow-on schedule check
[2024-12-12T18:19:20.678+0530] {local_task_job_runner.py:245} INFO - ::endgroup::
