[2024-12-20T08:57:52.628+0530] {local_task_job_runner.py:123} INFO - ::group::Pre task execution logs
[2024-12-20T08:57:52.643+0530] {taskinstance.py:2613} INFO - Dependencies all met for dep_context=non-requeueable deps ti=<TaskInstance: movie_pipeline.scrape_collection_page scheduled__2024-12-19T00:00:00+00:00 [queued]>
[2024-12-20T08:57:52.653+0530] {taskinstance.py:2613} INFO - Dependencies all met for dep_context=requeueable deps ti=<TaskInstance: movie_pipeline.scrape_collection_page scheduled__2024-12-19T00:00:00+00:00 [queued]>
[2024-12-20T08:57:52.654+0530] {taskinstance.py:2866} INFO - Starting attempt 1 of 1
[2024-12-20T08:57:52.680+0530] {taskinstance.py:2889} INFO - Executing <Task(PythonOperator): scrape_collection_page> on 2024-12-19 00:00:00+00:00
[2024-12-20T08:57:52.693+0530] {logging_mixin.py:190} WARNING - /Users/jayesh/Desktop/Personal Work/Movie_data_pipeline/.venv/lib/python3.12/site-packages/airflow/task/task_runner/standard_task_runner.py:70 DeprecationWarning: This process (pid=3135) is multi-threaded, use of fork() may lead to deadlocks in the child.
[2024-12-20T08:57:52.695+0530] {standard_task_runner.py:72} INFO - Started process 3150 to run task
[2024-12-20T08:57:52.694+0530] {standard_task_runner.py:104} INFO - Running: ['airflow', 'tasks', 'run', 'movie_pipeline', 'scrape_collection_page', 'scheduled__2024-12-19T00:00:00+00:00', '--job-id', '290', '--raw', '--subdir', 'DAGS_FOLDER/pipeline_dag.py', '--cfg-path', '/var/folders/h6/l2cjrfls77b6_h6zs5w5vn4r0000gn/T/tmpvqfkjczm']
[2024-12-20T08:57:52.699+0530] {standard_task_runner.py:105} INFO - Job 290: Subtask scrape_collection_page
[2024-12-20T08:57:52.809+0530] {task_command.py:467} INFO - Running <TaskInstance: movie_pipeline.scrape_collection_page scheduled__2024-12-19T00:00:00+00:00 [running]> on host Jayeshs-MacBook-Air.local
[2024-12-20T08:57:52.977+0530] {taskinstance.py:3132} INFO - Exporting env vars: AIRFLOW_CTX_DAG_OWNER='airflow' AIRFLOW_CTX_DAG_ID='movie_pipeline' AIRFLOW_CTX_TASK_ID='scrape_collection_page' AIRFLOW_CTX_EXECUTION_DATE='2024-12-19T00:00:00+00:00' AIRFLOW_CTX_TRY_NUMBER='1' AIRFLOW_CTX_DAG_RUN_ID='scheduled__2024-12-19T00:00:00+00:00'
[2024-12-20T08:57:52.979+0530] {logging_mixin.py:190} INFO - Task instance is in running state
[2024-12-20T08:57:52.980+0530] {logging_mixin.py:190} INFO -  Previous state of the Task instance: queued
[2024-12-20T08:57:52.980+0530] {logging_mixin.py:190} INFO - Current task name:scrape_collection_page state:running start_date:2024-12-20 03:27:52.644192+00:00
[2024-12-20T08:57:52.981+0530] {logging_mixin.py:190} INFO - Dag name:movie_pipeline and current dag run status:running
[2024-12-20T08:57:52.982+0530] {taskinstance.py:731} INFO - ::endgroup::
[2024-12-20T08:58:00.348+0530] {extract.py:36} INFO - Collection HTML page for run date: 2024-12-19 saved to path: run_20241219/boxoffice_html_20241219.json
[2024-12-20T08:58:00.355+0530] {python.py:240} INFO - Done. Returned value was: run_20241219/boxoffice_html_20241219.json
[2024-12-20T08:58:00.381+0530] {taskinstance.py:340} INFO - ::group::Post task execution logs
[2024-12-20T08:58:00.383+0530] {taskinstance.py:352} INFO - Marking task as SUCCESS. dag_id=movie_pipeline, task_id=scrape_collection_page, run_id=scheduled__2024-12-19T00:00:00+00:00, execution_date=20241219T000000, start_date=20241220T032752, end_date=20241220T032800
[2024-12-20T08:58:00.397+0530] {logging_mixin.py:190} INFO - Task instance in success state
[2024-12-20T08:58:00.398+0530] {logging_mixin.py:190} INFO -  Previous state of the Task instance: running
[2024-12-20T08:58:00.399+0530] {logging_mixin.py:190} INFO - Dag name:movie_pipeline queued_at:2024-12-20 03:27:28.552831+00:00
[2024-12-20T08:58:00.400+0530] {logging_mixin.py:190} INFO - Task hostname:Jayeshs-MacBook-Air.local operator:PythonOperator
[2024-12-20T08:58:00.419+0530] {local_task_job_runner.py:266} INFO - Task exited with return code 0
[2024-12-20T08:58:00.453+0530] {taskinstance.py:3895} INFO - 1 downstream tasks scheduled from follow-on schedule check
[2024-12-20T08:58:00.457+0530] {local_task_job_runner.py:245} INFO - ::endgroup::
