[2024-12-21T10:23:28.223+0530] {processor.py:186} INFO - Started process (PID=2239) to work on /Users/jayesh/Desktop/Personal Work/Movie_data_pipeline/.venv/lib/python3.9/site-packages/airflow/example_dags/example_trigger_controller_dag.py
[2024-12-21T10:23:28.224+0530] {processor.py:914} INFO - Processing file /Users/jayesh/Desktop/Personal Work/Movie_data_pipeline/.venv/lib/python3.9/site-packages/airflow/example_dags/example_trigger_controller_dag.py for tasks to queue
[2024-12-21T10:23:28.227+0530] {logging_mixin.py:190} INFO - [2024-12-21T10:23:28.227+0530] {dagbag.py:588} INFO - Filling up the DagBag from /Users/jayesh/Desktop/Personal Work/Movie_data_pipeline/.venv/lib/python3.9/site-packages/airflow/example_dags/example_trigger_controller_dag.py
[2024-12-21T10:23:28.257+0530] {processor.py:925} INFO - DAG(s) 'example_trigger_controller_dag' retrieved from /Users/jayesh/Desktop/Personal Work/Movie_data_pipeline/.venv/lib/python3.9/site-packages/airflow/example_dags/example_trigger_controller_dag.py
[2024-12-21T10:23:28.516+0530] {logging_mixin.py:190} INFO - [2024-12-21T10:23:28.516+0530] {dag.py:3239} INFO - Sync 1 DAGs
[2024-12-21T10:23:28.555+0530] {logging_mixin.py:190} INFO - [2024-12-21T10:23:28.554+0530] {dag.py:4180} INFO - Setting next_dagrun for example_trigger_controller_dag to 2021-01-01 00:00:00+00:00, run_after=2021-01-01 00:00:00+00:00
[2024-12-21T10:23:28.584+0530] {processor.py:208} INFO - Processing /Users/jayesh/Desktop/Personal Work/Movie_data_pipeline/.venv/lib/python3.9/site-packages/airflow/example_dags/example_trigger_controller_dag.py took 0.369 seconds
[2024-12-21T10:25:49.871+0530] {processor.py:186} INFO - Started process (PID=2590) to work on /Users/jayesh/Desktop/Personal Work/Movie_data_pipeline/.venv/lib/python3.9/site-packages/airflow/example_dags/example_trigger_controller_dag.py
[2024-12-21T10:25:49.872+0530] {processor.py:914} INFO - Processing file /Users/jayesh/Desktop/Personal Work/Movie_data_pipeline/.venv/lib/python3.9/site-packages/airflow/example_dags/example_trigger_controller_dag.py for tasks to queue
[2024-12-21T10:25:49.875+0530] {logging_mixin.py:190} INFO - [2024-12-21T10:25:49.874+0530] {dagbag.py:588} INFO - Filling up the DagBag from /Users/jayesh/Desktop/Personal Work/Movie_data_pipeline/.venv/lib/python3.9/site-packages/airflow/example_dags/example_trigger_controller_dag.py
[2024-12-21T10:25:49.893+0530] {processor.py:925} INFO - DAG(s) 'example_trigger_controller_dag' retrieved from /Users/jayesh/Desktop/Personal Work/Movie_data_pipeline/.venv/lib/python3.9/site-packages/airflow/example_dags/example_trigger_controller_dag.py
[2024-12-21T10:25:50.146+0530] {logging_mixin.py:190} INFO - [2024-12-21T10:25:50.145+0530] {dag.py:3239} INFO - Sync 1 DAGs
[2024-12-21T10:25:50.177+0530] {logging_mixin.py:190} INFO - [2024-12-21T10:25:50.177+0530] {dag.py:4180} INFO - Setting next_dagrun for example_trigger_controller_dag to 2021-01-01 00:00:00+00:00, run_after=2021-01-01 00:00:00+00:00
[2024-12-21T10:25:50.205+0530] {processor.py:208} INFO - Processing /Users/jayesh/Desktop/Personal Work/Movie_data_pipeline/.venv/lib/python3.9/site-packages/airflow/example_dags/example_trigger_controller_dag.py took 0.341 seconds
[2024-12-21T10:27:11.698+0530] {processor.py:186} INFO - Started process (PID=2811) to work on /Users/jayesh/Desktop/Personal Work/Movie_data_pipeline/.venv/lib/python3.9/site-packages/airflow/example_dags/example_trigger_controller_dag.py
[2024-12-21T10:27:11.701+0530] {processor.py:914} INFO - Processing file /Users/jayesh/Desktop/Personal Work/Movie_data_pipeline/.venv/lib/python3.9/site-packages/airflow/example_dags/example_trigger_controller_dag.py for tasks to queue
[2024-12-21T10:27:11.704+0530] {logging_mixin.py:190} INFO - [2024-12-21T10:27:11.703+0530] {dagbag.py:588} INFO - Filling up the DagBag from /Users/jayesh/Desktop/Personal Work/Movie_data_pipeline/.venv/lib/python3.9/site-packages/airflow/example_dags/example_trigger_controller_dag.py
[2024-12-21T10:27:11.733+0530] {processor.py:925} INFO - DAG(s) 'example_trigger_controller_dag' retrieved from /Users/jayesh/Desktop/Personal Work/Movie_data_pipeline/.venv/lib/python3.9/site-packages/airflow/example_dags/example_trigger_controller_dag.py
[2024-12-21T10:27:12.103+0530] {logging_mixin.py:190} INFO - [2024-12-21T10:27:12.102+0530] {dag.py:3239} INFO - Sync 1 DAGs
[2024-12-21T10:27:12.138+0530] {logging_mixin.py:190} INFO - [2024-12-21T10:27:12.137+0530] {dag.py:4180} INFO - Setting next_dagrun for example_trigger_controller_dag to 2021-01-01 00:00:00+00:00, run_after=2021-01-01 00:00:00+00:00
[2024-12-21T10:27:12.168+0530] {processor.py:208} INFO - Processing /Users/jayesh/Desktop/Personal Work/Movie_data_pipeline/.venv/lib/python3.9/site-packages/airflow/example_dags/example_trigger_controller_dag.py took 0.479 seconds
[2024-12-21T10:28:24.960+0530] {processor.py:186} INFO - Started process (PID=3011) to work on /Users/jayesh/Desktop/Personal Work/Movie_data_pipeline/.venv/lib/python3.9/site-packages/airflow/example_dags/example_trigger_controller_dag.py
[2024-12-21T10:28:24.961+0530] {processor.py:914} INFO - Processing file /Users/jayesh/Desktop/Personal Work/Movie_data_pipeline/.venv/lib/python3.9/site-packages/airflow/example_dags/example_trigger_controller_dag.py for tasks to queue
[2024-12-21T10:28:24.963+0530] {logging_mixin.py:190} INFO - [2024-12-21T10:28:24.963+0530] {dagbag.py:588} INFO - Filling up the DagBag from /Users/jayesh/Desktop/Personal Work/Movie_data_pipeline/.venv/lib/python3.9/site-packages/airflow/example_dags/example_trigger_controller_dag.py
[2024-12-21T10:28:24.978+0530] {processor.py:925} INFO - DAG(s) 'example_trigger_controller_dag' retrieved from /Users/jayesh/Desktop/Personal Work/Movie_data_pipeline/.venv/lib/python3.9/site-packages/airflow/example_dags/example_trigger_controller_dag.py
[2024-12-21T10:28:25.329+0530] {logging_mixin.py:190} INFO - [2024-12-21T10:28:25.329+0530] {dag.py:3239} INFO - Sync 1 DAGs
[2024-12-21T10:28:25.372+0530] {logging_mixin.py:190} INFO - [2024-12-21T10:28:25.371+0530] {dag.py:4180} INFO - Setting next_dagrun for example_trigger_controller_dag to 2021-01-01 00:00:00+00:00, run_after=2021-01-01 00:00:00+00:00
[2024-12-21T10:28:25.411+0530] {processor.py:208} INFO - Processing /Users/jayesh/Desktop/Personal Work/Movie_data_pipeline/.venv/lib/python3.9/site-packages/airflow/example_dags/example_trigger_controller_dag.py took 0.457 seconds
[2024-12-21T10:29:46.084+0530] {processor.py:186} INFO - Started process (PID=3246) to work on /Users/jayesh/Desktop/Personal Work/Movie_data_pipeline/.venv/lib/python3.9/site-packages/airflow/example_dags/example_trigger_controller_dag.py
[2024-12-21T10:29:46.086+0530] {processor.py:914} INFO - Processing file /Users/jayesh/Desktop/Personal Work/Movie_data_pipeline/.venv/lib/python3.9/site-packages/airflow/example_dags/example_trigger_controller_dag.py for tasks to queue
[2024-12-21T10:29:46.088+0530] {logging_mixin.py:190} INFO - [2024-12-21T10:29:46.087+0530] {dagbag.py:588} INFO - Filling up the DagBag from /Users/jayesh/Desktop/Personal Work/Movie_data_pipeline/.venv/lib/python3.9/site-packages/airflow/example_dags/example_trigger_controller_dag.py
[2024-12-21T10:29:46.107+0530] {processor.py:925} INFO - DAG(s) 'example_trigger_controller_dag' retrieved from /Users/jayesh/Desktop/Personal Work/Movie_data_pipeline/.venv/lib/python3.9/site-packages/airflow/example_dags/example_trigger_controller_dag.py
[2024-12-21T10:29:46.363+0530] {logging_mixin.py:190} INFO - [2024-12-21T10:29:46.361+0530] {dag.py:3239} INFO - Sync 1 DAGs
[2024-12-21T10:29:46.401+0530] {logging_mixin.py:190} INFO - [2024-12-21T10:29:46.400+0530] {dag.py:4180} INFO - Setting next_dagrun for example_trigger_controller_dag to 2021-01-01 00:00:00+00:00, run_after=2021-01-01 00:00:00+00:00
[2024-12-21T10:29:46.436+0530] {processor.py:208} INFO - Processing /Users/jayesh/Desktop/Personal Work/Movie_data_pipeline/.venv/lib/python3.9/site-packages/airflow/example_dags/example_trigger_controller_dag.py took 0.363 seconds
[2024-12-21T10:47:53.905+0530] {processor.py:186} INFO - Started process (PID=4095) to work on /Users/jayesh/Desktop/Personal Work/Movie_data_pipeline/.venv/lib/python3.9/site-packages/airflow/example_dags/example_trigger_controller_dag.py
[2024-12-21T10:47:53.909+0530] {processor.py:914} INFO - Processing file /Users/jayesh/Desktop/Personal Work/Movie_data_pipeline/.venv/lib/python3.9/site-packages/airflow/example_dags/example_trigger_controller_dag.py for tasks to queue
[2024-12-21T10:47:53.913+0530] {logging_mixin.py:190} INFO - [2024-12-21T10:47:53.912+0530] {dagbag.py:588} INFO - Filling up the DagBag from /Users/jayesh/Desktop/Personal Work/Movie_data_pipeline/.venv/lib/python3.9/site-packages/airflow/example_dags/example_trigger_controller_dag.py
[2024-12-21T10:47:53.948+0530] {processor.py:925} INFO - DAG(s) 'example_trigger_controller_dag' retrieved from /Users/jayesh/Desktop/Personal Work/Movie_data_pipeline/.venv/lib/python3.9/site-packages/airflow/example_dags/example_trigger_controller_dag.py
[2024-12-21T10:47:54.853+0530] {logging_mixin.py:190} INFO - [2024-12-21T10:47:54.852+0530] {dag.py:3239} INFO - Sync 1 DAGs
[2024-12-21T10:47:54.936+0530] {logging_mixin.py:190} INFO - [2024-12-21T10:47:54.934+0530] {dag.py:4180} INFO - Setting next_dagrun for example_trigger_controller_dag to 2021-01-01 00:00:00+00:00, run_after=2021-01-01 00:00:00+00:00
[2024-12-21T10:47:55.002+0530] {processor.py:208} INFO - Processing /Users/jayesh/Desktop/Personal Work/Movie_data_pipeline/.venv/lib/python3.9/site-packages/airflow/example_dags/example_trigger_controller_dag.py took 1.106 seconds
[2024-12-21T10:50:11.336+0530] {processor.py:186} INFO - Started process (PID=4535) to work on /Users/jayesh/Desktop/Personal Work/Movie_data_pipeline/.venv/lib/python3.9/site-packages/airflow/example_dags/example_trigger_controller_dag.py
[2024-12-21T10:50:11.337+0530] {processor.py:914} INFO - Processing file /Users/jayesh/Desktop/Personal Work/Movie_data_pipeline/.venv/lib/python3.9/site-packages/airflow/example_dags/example_trigger_controller_dag.py for tasks to queue
[2024-12-21T10:50:11.339+0530] {logging_mixin.py:190} INFO - [2024-12-21T10:50:11.339+0530] {dagbag.py:588} INFO - Filling up the DagBag from /Users/jayesh/Desktop/Personal Work/Movie_data_pipeline/.venv/lib/python3.9/site-packages/airflow/example_dags/example_trigger_controller_dag.py
[2024-12-21T10:50:11.357+0530] {processor.py:925} INFO - DAG(s) 'example_trigger_controller_dag' retrieved from /Users/jayesh/Desktop/Personal Work/Movie_data_pipeline/.venv/lib/python3.9/site-packages/airflow/example_dags/example_trigger_controller_dag.py
[2024-12-21T10:50:11.607+0530] {logging_mixin.py:190} INFO - [2024-12-21T10:50:11.607+0530] {dag.py:3239} INFO - Sync 1 DAGs
[2024-12-21T10:50:11.639+0530] {logging_mixin.py:190} INFO - [2024-12-21T10:50:11.639+0530] {dag.py:4180} INFO - Setting next_dagrun for example_trigger_controller_dag to 2021-01-01 00:00:00+00:00, run_after=2021-01-01 00:00:00+00:00
[2024-12-21T10:50:11.669+0530] {processor.py:208} INFO - Processing /Users/jayesh/Desktop/Personal Work/Movie_data_pipeline/.venv/lib/python3.9/site-packages/airflow/example_dags/example_trigger_controller_dag.py took 0.339 seconds
[2024-12-21T10:51:58.623+0530] {processor.py:186} INFO - Started process (PID=4916) to work on /Users/jayesh/Desktop/Personal Work/Movie_data_pipeline/.venv/lib/python3.9/site-packages/airflow/example_dags/example_trigger_controller_dag.py
[2024-12-21T10:51:58.625+0530] {processor.py:914} INFO - Processing file /Users/jayesh/Desktop/Personal Work/Movie_data_pipeline/.venv/lib/python3.9/site-packages/airflow/example_dags/example_trigger_controller_dag.py for tasks to queue
[2024-12-21T10:51:58.626+0530] {logging_mixin.py:190} INFO - [2024-12-21T10:51:58.626+0530] {dagbag.py:588} INFO - Filling up the DagBag from /Users/jayesh/Desktop/Personal Work/Movie_data_pipeline/.venv/lib/python3.9/site-packages/airflow/example_dags/example_trigger_controller_dag.py
[2024-12-21T10:51:58.644+0530] {processor.py:925} INFO - DAG(s) 'example_trigger_controller_dag' retrieved from /Users/jayesh/Desktop/Personal Work/Movie_data_pipeline/.venv/lib/python3.9/site-packages/airflow/example_dags/example_trigger_controller_dag.py
[2024-12-21T10:51:58.861+0530] {logging_mixin.py:190} INFO - [2024-12-21T10:51:58.861+0530] {dag.py:3239} INFO - Sync 1 DAGs
[2024-12-21T10:51:58.903+0530] {logging_mixin.py:190} INFO - [2024-12-21T10:51:58.902+0530] {dag.py:4180} INFO - Setting next_dagrun for example_trigger_controller_dag to 2021-01-01 00:00:00+00:00, run_after=2021-01-01 00:00:00+00:00
[2024-12-21T10:51:58.941+0530] {processor.py:208} INFO - Processing /Users/jayesh/Desktop/Personal Work/Movie_data_pipeline/.venv/lib/python3.9/site-packages/airflow/example_dags/example_trigger_controller_dag.py took 0.322 seconds
[2024-12-21T10:53:33.618+0530] {processor.py:186} INFO - Started process (PID=5249) to work on /Users/jayesh/Desktop/Personal Work/Movie_data_pipeline/.venv/lib/python3.9/site-packages/airflow/example_dags/example_trigger_controller_dag.py
[2024-12-21T10:53:33.621+0530] {processor.py:914} INFO - Processing file /Users/jayesh/Desktop/Personal Work/Movie_data_pipeline/.venv/lib/python3.9/site-packages/airflow/example_dags/example_trigger_controller_dag.py for tasks to queue
[2024-12-21T10:53:33.624+0530] {logging_mixin.py:190} INFO - [2024-12-21T10:53:33.623+0530] {dagbag.py:588} INFO - Filling up the DagBag from /Users/jayesh/Desktop/Personal Work/Movie_data_pipeline/.venv/lib/python3.9/site-packages/airflow/example_dags/example_trigger_controller_dag.py
[2024-12-21T10:53:33.640+0530] {processor.py:925} INFO - DAG(s) 'example_trigger_controller_dag' retrieved from /Users/jayesh/Desktop/Personal Work/Movie_data_pipeline/.venv/lib/python3.9/site-packages/airflow/example_dags/example_trigger_controller_dag.py
[2024-12-21T10:53:33.898+0530] {logging_mixin.py:190} INFO - [2024-12-21T10:53:33.898+0530] {dag.py:3239} INFO - Sync 1 DAGs
[2024-12-21T10:53:33.935+0530] {logging_mixin.py:190} INFO - [2024-12-21T10:53:33.935+0530] {dag.py:4180} INFO - Setting next_dagrun for example_trigger_controller_dag to 2021-01-01 00:00:00+00:00, run_after=2021-01-01 00:00:00+00:00
[2024-12-21T10:53:33.973+0530] {processor.py:208} INFO - Processing /Users/jayesh/Desktop/Personal Work/Movie_data_pipeline/.venv/lib/python3.9/site-packages/airflow/example_dags/example_trigger_controller_dag.py took 0.363 seconds
[2024-12-21T11:55:05.062+0530] {processor.py:186} INFO - Started process (PID=6601) to work on /Users/jayesh/Desktop/Personal Work/Movie_data_pipeline/.venv/lib/python3.9/site-packages/airflow/example_dags/example_trigger_controller_dag.py
[2024-12-21T11:55:05.064+0530] {processor.py:914} INFO - Processing file /Users/jayesh/Desktop/Personal Work/Movie_data_pipeline/.venv/lib/python3.9/site-packages/airflow/example_dags/example_trigger_controller_dag.py for tasks to queue
[2024-12-21T11:55:05.066+0530] {logging_mixin.py:190} INFO - [2024-12-21T11:55:05.066+0530] {dagbag.py:588} INFO - Filling up the DagBag from /Users/jayesh/Desktop/Personal Work/Movie_data_pipeline/.venv/lib/python3.9/site-packages/airflow/example_dags/example_trigger_controller_dag.py
[2024-12-21T11:55:05.084+0530] {processor.py:925} INFO - DAG(s) 'example_trigger_controller_dag' retrieved from /Users/jayesh/Desktop/Personal Work/Movie_data_pipeline/.venv/lib/python3.9/site-packages/airflow/example_dags/example_trigger_controller_dag.py
[2024-12-21T11:55:05.364+0530] {logging_mixin.py:190} INFO - [2024-12-21T11:55:05.363+0530] {dag.py:3239} INFO - Sync 1 DAGs
[2024-12-21T11:55:05.447+0530] {logging_mixin.py:190} INFO - [2024-12-21T11:55:05.446+0530] {dag.py:4180} INFO - Setting next_dagrun for example_trigger_controller_dag to 2021-01-01 00:00:00+00:00, run_after=2021-01-01 00:00:00+00:00
[2024-12-21T11:55:05.484+0530] {processor.py:208} INFO - Processing /Users/jayesh/Desktop/Personal Work/Movie_data_pipeline/.venv/lib/python3.9/site-packages/airflow/example_dags/example_trigger_controller_dag.py took 0.429 seconds
[2024-12-21T11:57:10.242+0530] {processor.py:186} INFO - Started process (PID=7050) to work on /Users/jayesh/Desktop/Personal Work/Movie_data_pipeline/.venv/lib/python3.9/site-packages/airflow/example_dags/example_trigger_controller_dag.py
[2024-12-21T11:57:10.243+0530] {processor.py:914} INFO - Processing file /Users/jayesh/Desktop/Personal Work/Movie_data_pipeline/.venv/lib/python3.9/site-packages/airflow/example_dags/example_trigger_controller_dag.py for tasks to queue
[2024-12-21T11:57:10.248+0530] {logging_mixin.py:190} INFO - [2024-12-21T11:57:10.247+0530] {dagbag.py:588} INFO - Filling up the DagBag from /Users/jayesh/Desktop/Personal Work/Movie_data_pipeline/.venv/lib/python3.9/site-packages/airflow/example_dags/example_trigger_controller_dag.py
[2024-12-21T11:57:10.288+0530] {processor.py:925} INFO - DAG(s) 'example_trigger_controller_dag' retrieved from /Users/jayesh/Desktop/Personal Work/Movie_data_pipeline/.venv/lib/python3.9/site-packages/airflow/example_dags/example_trigger_controller_dag.py
[2024-12-21T11:57:10.632+0530] {logging_mixin.py:190} INFO - [2024-12-21T11:57:10.631+0530] {dag.py:3239} INFO - Sync 1 DAGs
[2024-12-21T11:57:10.668+0530] {logging_mixin.py:190} INFO - [2024-12-21T11:57:10.667+0530] {dag.py:4180} INFO - Setting next_dagrun for example_trigger_controller_dag to 2021-01-01 00:00:00+00:00, run_after=2021-01-01 00:00:00+00:00
[2024-12-21T11:57:10.702+0530] {processor.py:208} INFO - Processing /Users/jayesh/Desktop/Personal Work/Movie_data_pipeline/.venv/lib/python3.9/site-packages/airflow/example_dags/example_trigger_controller_dag.py took 0.467 seconds
[2024-12-21T11:58:45.795+0530] {processor.py:186} INFO - Started process (PID=7400) to work on /Users/jayesh/Desktop/Personal Work/Movie_data_pipeline/.venv/lib/python3.9/site-packages/airflow/example_dags/example_trigger_controller_dag.py
[2024-12-21T11:58:45.797+0530] {processor.py:914} INFO - Processing file /Users/jayesh/Desktop/Personal Work/Movie_data_pipeline/.venv/lib/python3.9/site-packages/airflow/example_dags/example_trigger_controller_dag.py for tasks to queue
[2024-12-21T11:58:45.801+0530] {logging_mixin.py:190} INFO - [2024-12-21T11:58:45.801+0530] {dagbag.py:588} INFO - Filling up the DagBag from /Users/jayesh/Desktop/Personal Work/Movie_data_pipeline/.venv/lib/python3.9/site-packages/airflow/example_dags/example_trigger_controller_dag.py
[2024-12-21T11:58:45.819+0530] {processor.py:925} INFO - DAG(s) 'example_trigger_controller_dag' retrieved from /Users/jayesh/Desktop/Personal Work/Movie_data_pipeline/.venv/lib/python3.9/site-packages/airflow/example_dags/example_trigger_controller_dag.py
[2024-12-21T11:58:46.079+0530] {logging_mixin.py:190} INFO - [2024-12-21T11:58:46.078+0530] {dag.py:3239} INFO - Sync 1 DAGs
[2024-12-21T11:58:46.113+0530] {logging_mixin.py:190} INFO - [2024-12-21T11:58:46.113+0530] {dag.py:4180} INFO - Setting next_dagrun for example_trigger_controller_dag to 2021-01-01 00:00:00+00:00, run_after=2021-01-01 00:00:00+00:00
[2024-12-21T11:58:46.144+0530] {processor.py:208} INFO - Processing /Users/jayesh/Desktop/Personal Work/Movie_data_pipeline/.venv/lib/python3.9/site-packages/airflow/example_dags/example_trigger_controller_dag.py took 0.355 seconds
[2024-12-21T12:00:28.213+0530] {processor.py:186} INFO - Started process (PID=7764) to work on /Users/jayesh/Desktop/Personal Work/Movie_data_pipeline/.venv/lib/python3.9/site-packages/airflow/example_dags/example_trigger_controller_dag.py
[2024-12-21T12:00:28.215+0530] {processor.py:914} INFO - Processing file /Users/jayesh/Desktop/Personal Work/Movie_data_pipeline/.venv/lib/python3.9/site-packages/airflow/example_dags/example_trigger_controller_dag.py for tasks to queue
[2024-12-21T12:00:28.219+0530] {logging_mixin.py:190} INFO - [2024-12-21T12:00:28.219+0530] {dagbag.py:588} INFO - Filling up the DagBag from /Users/jayesh/Desktop/Personal Work/Movie_data_pipeline/.venv/lib/python3.9/site-packages/airflow/example_dags/example_trigger_controller_dag.py
[2024-12-21T12:00:28.247+0530] {processor.py:925} INFO - DAG(s) 'example_trigger_controller_dag' retrieved from /Users/jayesh/Desktop/Personal Work/Movie_data_pipeline/.venv/lib/python3.9/site-packages/airflow/example_dags/example_trigger_controller_dag.py
[2024-12-21T12:00:28.657+0530] {logging_mixin.py:190} INFO - [2024-12-21T12:00:28.657+0530] {dag.py:3239} INFO - Sync 1 DAGs
[2024-12-21T12:00:28.689+0530] {logging_mixin.py:190} INFO - [2024-12-21T12:00:28.689+0530] {dag.py:4180} INFO - Setting next_dagrun for example_trigger_controller_dag to 2021-01-01 00:00:00+00:00, run_after=2021-01-01 00:00:00+00:00
[2024-12-21T12:00:28.717+0530] {processor.py:208} INFO - Processing /Users/jayesh/Desktop/Personal Work/Movie_data_pipeline/.venv/lib/python3.9/site-packages/airflow/example_dags/example_trigger_controller_dag.py took 0.512 seconds
[2024-12-21T12:02:04.616+0530] {processor.py:186} INFO - Started process (PID=8106) to work on /Users/jayesh/Desktop/Personal Work/Movie_data_pipeline/.venv/lib/python3.9/site-packages/airflow/example_dags/example_trigger_controller_dag.py
[2024-12-21T12:02:04.620+0530] {processor.py:914} INFO - Processing file /Users/jayesh/Desktop/Personal Work/Movie_data_pipeline/.venv/lib/python3.9/site-packages/airflow/example_dags/example_trigger_controller_dag.py for tasks to queue
[2024-12-21T12:02:04.624+0530] {logging_mixin.py:190} INFO - [2024-12-21T12:02:04.623+0530] {dagbag.py:588} INFO - Filling up the DagBag from /Users/jayesh/Desktop/Personal Work/Movie_data_pipeline/.venv/lib/python3.9/site-packages/airflow/example_dags/example_trigger_controller_dag.py
[2024-12-21T12:02:04.654+0530] {processor.py:925} INFO - DAG(s) 'example_trigger_controller_dag' retrieved from /Users/jayesh/Desktop/Personal Work/Movie_data_pipeline/.venv/lib/python3.9/site-packages/airflow/example_dags/example_trigger_controller_dag.py
[2024-12-21T12:02:05.258+0530] {logging_mixin.py:190} INFO - [2024-12-21T12:02:05.257+0530] {dag.py:3239} INFO - Sync 1 DAGs
[2024-12-21T12:02:05.295+0530] {logging_mixin.py:190} INFO - [2024-12-21T12:02:05.294+0530] {dag.py:4180} INFO - Setting next_dagrun for example_trigger_controller_dag to 2021-01-01 00:00:00+00:00, run_after=2021-01-01 00:00:00+00:00
[2024-12-21T12:02:05.335+0530] {processor.py:208} INFO - Processing /Users/jayesh/Desktop/Personal Work/Movie_data_pipeline/.venv/lib/python3.9/site-packages/airflow/example_dags/example_trigger_controller_dag.py took 0.727 seconds
[2024-12-21T12:03:49.378+0530] {processor.py:186} INFO - Started process (PID=8479) to work on /Users/jayesh/Desktop/Personal Work/Movie_data_pipeline/.venv/lib/python3.9/site-packages/airflow/example_dags/example_trigger_controller_dag.py
[2024-12-21T12:03:49.381+0530] {processor.py:914} INFO - Processing file /Users/jayesh/Desktop/Personal Work/Movie_data_pipeline/.venv/lib/python3.9/site-packages/airflow/example_dags/example_trigger_controller_dag.py for tasks to queue
[2024-12-21T12:03:49.383+0530] {logging_mixin.py:190} INFO - [2024-12-21T12:03:49.383+0530] {dagbag.py:588} INFO - Filling up the DagBag from /Users/jayesh/Desktop/Personal Work/Movie_data_pipeline/.venv/lib/python3.9/site-packages/airflow/example_dags/example_trigger_controller_dag.py
[2024-12-21T12:03:49.403+0530] {processor.py:925} INFO - DAG(s) 'example_trigger_controller_dag' retrieved from /Users/jayesh/Desktop/Personal Work/Movie_data_pipeline/.venv/lib/python3.9/site-packages/airflow/example_dags/example_trigger_controller_dag.py
[2024-12-21T12:03:49.625+0530] {logging_mixin.py:190} INFO - [2024-12-21T12:03:49.623+0530] {dag.py:3239} INFO - Sync 1 DAGs
[2024-12-21T12:03:49.656+0530] {logging_mixin.py:190} INFO - [2024-12-21T12:03:49.655+0530] {dag.py:4180} INFO - Setting next_dagrun for example_trigger_controller_dag to 2021-01-01 00:00:00+00:00, run_after=2021-01-01 00:00:00+00:00
[2024-12-21T12:03:49.687+0530] {processor.py:208} INFO - Processing /Users/jayesh/Desktop/Personal Work/Movie_data_pipeline/.venv/lib/python3.9/site-packages/airflow/example_dags/example_trigger_controller_dag.py took 0.316 seconds
[2024-12-21T12:05:38.830+0530] {processor.py:186} INFO - Started process (PID=8854) to work on /Users/jayesh/Desktop/Personal Work/Movie_data_pipeline/.venv/lib/python3.9/site-packages/airflow/example_dags/example_trigger_controller_dag.py
[2024-12-21T12:05:38.834+0530] {processor.py:914} INFO - Processing file /Users/jayesh/Desktop/Personal Work/Movie_data_pipeline/.venv/lib/python3.9/site-packages/airflow/example_dags/example_trigger_controller_dag.py for tasks to queue
[2024-12-21T12:05:38.836+0530] {logging_mixin.py:190} INFO - [2024-12-21T12:05:38.836+0530] {dagbag.py:588} INFO - Filling up the DagBag from /Users/jayesh/Desktop/Personal Work/Movie_data_pipeline/.venv/lib/python3.9/site-packages/airflow/example_dags/example_trigger_controller_dag.py
[2024-12-21T12:05:38.857+0530] {processor.py:925} INFO - DAG(s) 'example_trigger_controller_dag' retrieved from /Users/jayesh/Desktop/Personal Work/Movie_data_pipeline/.venv/lib/python3.9/site-packages/airflow/example_dags/example_trigger_controller_dag.py
[2024-12-21T12:05:39.094+0530] {logging_mixin.py:190} INFO - [2024-12-21T12:05:39.093+0530] {dag.py:3239} INFO - Sync 1 DAGs
[2024-12-21T12:05:39.126+0530] {logging_mixin.py:190} INFO - [2024-12-21T12:05:39.126+0530] {dag.py:4180} INFO - Setting next_dagrun for example_trigger_controller_dag to 2021-01-01 00:00:00+00:00, run_after=2021-01-01 00:00:00+00:00
[2024-12-21T12:05:39.157+0530] {processor.py:208} INFO - Processing /Users/jayesh/Desktop/Personal Work/Movie_data_pipeline/.venv/lib/python3.9/site-packages/airflow/example_dags/example_trigger_controller_dag.py took 0.337 seconds
[2024-12-21T22:32:13.247+0530] {processor.py:186} INFO - Started process (PID=15911) to work on /Users/jayesh/Desktop/Personal Work/Movie_data_pipeline/.venv/lib/python3.9/site-packages/airflow/example_dags/example_trigger_controller_dag.py
[2024-12-21T22:32:13.251+0530] {processor.py:914} INFO - Processing file /Users/jayesh/Desktop/Personal Work/Movie_data_pipeline/.venv/lib/python3.9/site-packages/airflow/example_dags/example_trigger_controller_dag.py for tasks to queue
[2024-12-21T22:32:13.258+0530] {logging_mixin.py:190} INFO - [2024-12-21T22:32:13.257+0530] {dagbag.py:588} INFO - Filling up the DagBag from /Users/jayesh/Desktop/Personal Work/Movie_data_pipeline/.venv/lib/python3.9/site-packages/airflow/example_dags/example_trigger_controller_dag.py
[2024-12-21T22:32:13.280+0530] {processor.py:925} INFO - DAG(s) 'example_trigger_controller_dag' retrieved from /Users/jayesh/Desktop/Personal Work/Movie_data_pipeline/.venv/lib/python3.9/site-packages/airflow/example_dags/example_trigger_controller_dag.py
[2024-12-21T22:32:13.399+0530] {logging_mixin.py:190} INFO - [2024-12-21T22:32:13.398+0530] {dag.py:3239} INFO - Sync 1 DAGs
[2024-12-21T22:32:13.508+0530] {logging_mixin.py:190} INFO - [2024-12-21T22:32:13.507+0530] {dag.py:4180} INFO - Setting next_dagrun for example_trigger_controller_dag to 2021-01-01 00:00:00+00:00, run_after=2021-01-01 00:00:00+00:00
[2024-12-21T22:32:13.569+0530] {processor.py:208} INFO - Processing /Users/jayesh/Desktop/Personal Work/Movie_data_pipeline/.venv/lib/python3.9/site-packages/airflow/example_dags/example_trigger_controller_dag.py took 0.344 seconds
[2024-12-21T22:32:45.647+0530] {processor.py:186} INFO - Started process (PID=16164) to work on /Users/jayesh/Desktop/Personal Work/Movie_data_pipeline/.venv/lib/python3.9/site-packages/airflow/example_dags/example_trigger_controller_dag.py
[2024-12-21T22:32:45.653+0530] {processor.py:914} INFO - Processing file /Users/jayesh/Desktop/Personal Work/Movie_data_pipeline/.venv/lib/python3.9/site-packages/airflow/example_dags/example_trigger_controller_dag.py for tasks to queue
[2024-12-21T22:32:45.662+0530] {logging_mixin.py:190} INFO - [2024-12-21T22:32:45.661+0530] {dagbag.py:588} INFO - Filling up the DagBag from /Users/jayesh/Desktop/Personal Work/Movie_data_pipeline/.venv/lib/python3.9/site-packages/airflow/example_dags/example_trigger_controller_dag.py
[2024-12-21T22:32:45.698+0530] {processor.py:925} INFO - DAG(s) 'example_trigger_controller_dag' retrieved from /Users/jayesh/Desktop/Personal Work/Movie_data_pipeline/.venv/lib/python3.9/site-packages/airflow/example_dags/example_trigger_controller_dag.py
[2024-12-21T22:32:45.880+0530] {logging_mixin.py:190} INFO - [2024-12-21T22:32:45.879+0530] {dag.py:3239} INFO - Sync 1 DAGs
[2024-12-21T22:32:46.038+0530] {logging_mixin.py:190} INFO - [2024-12-21T22:32:46.037+0530] {dag.py:4180} INFO - Setting next_dagrun for example_trigger_controller_dag to 2021-01-01 00:00:00+00:00, run_after=2021-01-01 00:00:00+00:00
[2024-12-21T22:32:46.167+0530] {processor.py:208} INFO - Processing /Users/jayesh/Desktop/Personal Work/Movie_data_pipeline/.venv/lib/python3.9/site-packages/airflow/example_dags/example_trigger_controller_dag.py took 0.541 seconds
[2024-12-21T22:33:16.252+0530] {processor.py:186} INFO - Started process (PID=16365) to work on /Users/jayesh/Desktop/Personal Work/Movie_data_pipeline/.venv/lib/python3.9/site-packages/airflow/example_dags/example_trigger_controller_dag.py
[2024-12-21T22:33:16.255+0530] {processor.py:914} INFO - Processing file /Users/jayesh/Desktop/Personal Work/Movie_data_pipeline/.venv/lib/python3.9/site-packages/airflow/example_dags/example_trigger_controller_dag.py for tasks to queue
[2024-12-21T22:33:16.261+0530] {logging_mixin.py:190} INFO - [2024-12-21T22:33:16.260+0530] {dagbag.py:588} INFO - Filling up the DagBag from /Users/jayesh/Desktop/Personal Work/Movie_data_pipeline/.venv/lib/python3.9/site-packages/airflow/example_dags/example_trigger_controller_dag.py
[2024-12-21T22:33:16.318+0530] {processor.py:925} INFO - DAG(s) 'example_trigger_controller_dag' retrieved from /Users/jayesh/Desktop/Personal Work/Movie_data_pipeline/.venv/lib/python3.9/site-packages/airflow/example_dags/example_trigger_controller_dag.py
[2024-12-21T22:33:16.436+0530] {logging_mixin.py:190} INFO - [2024-12-21T22:33:16.435+0530] {dag.py:3239} INFO - Sync 1 DAGs
[2024-12-21T22:33:16.479+0530] {logging_mixin.py:190} INFO - [2024-12-21T22:33:16.478+0530] {dag.py:4180} INFO - Setting next_dagrun for example_trigger_controller_dag to 2021-01-01 00:00:00+00:00, run_after=2021-01-01 00:00:00+00:00
[2024-12-21T22:33:16.510+0530] {processor.py:208} INFO - Processing /Users/jayesh/Desktop/Personal Work/Movie_data_pipeline/.venv/lib/python3.9/site-packages/airflow/example_dags/example_trigger_controller_dag.py took 0.271 seconds
[2024-12-21T22:33:46.830+0530] {processor.py:186} INFO - Started process (PID=16565) to work on /Users/jayesh/Desktop/Personal Work/Movie_data_pipeline/.venv/lib/python3.9/site-packages/airflow/example_dags/example_trigger_controller_dag.py
[2024-12-21T22:33:46.834+0530] {processor.py:914} INFO - Processing file /Users/jayesh/Desktop/Personal Work/Movie_data_pipeline/.venv/lib/python3.9/site-packages/airflow/example_dags/example_trigger_controller_dag.py for tasks to queue
[2024-12-21T22:33:46.846+0530] {logging_mixin.py:190} INFO - [2024-12-21T22:33:46.845+0530] {dagbag.py:588} INFO - Filling up the DagBag from /Users/jayesh/Desktop/Personal Work/Movie_data_pipeline/.venv/lib/python3.9/site-packages/airflow/example_dags/example_trigger_controller_dag.py
[2024-12-21T22:33:46.871+0530] {processor.py:925} INFO - DAG(s) 'example_trigger_controller_dag' retrieved from /Users/jayesh/Desktop/Personal Work/Movie_data_pipeline/.venv/lib/python3.9/site-packages/airflow/example_dags/example_trigger_controller_dag.py
[2024-12-21T22:33:46.970+0530] {logging_mixin.py:190} INFO - [2024-12-21T22:33:46.968+0530] {dag.py:3239} INFO - Sync 1 DAGs
[2024-12-21T22:33:47.036+0530] {logging_mixin.py:190} INFO - [2024-12-21T22:33:47.035+0530] {dag.py:4180} INFO - Setting next_dagrun for example_trigger_controller_dag to 2021-01-01 00:00:00+00:00, run_after=2021-01-01 00:00:00+00:00
[2024-12-21T22:33:47.125+0530] {processor.py:208} INFO - Processing /Users/jayesh/Desktop/Personal Work/Movie_data_pipeline/.venv/lib/python3.9/site-packages/airflow/example_dags/example_trigger_controller_dag.py took 0.315 seconds
[2024-12-21T23:52:53.730+0530] {processor.py:186} INFO - Started process (PID=18024) to work on /Users/jayesh/Desktop/Personal Work/Movie_data_pipeline/.venv/lib/python3.9/site-packages/airflow/example_dags/example_trigger_controller_dag.py
[2024-12-21T23:52:53.734+0530] {processor.py:914} INFO - Processing file /Users/jayesh/Desktop/Personal Work/Movie_data_pipeline/.venv/lib/python3.9/site-packages/airflow/example_dags/example_trigger_controller_dag.py for tasks to queue
[2024-12-21T23:52:53.741+0530] {logging_mixin.py:190} INFO - [2024-12-21T23:52:53.740+0530] {dagbag.py:588} INFO - Filling up the DagBag from /Users/jayesh/Desktop/Personal Work/Movie_data_pipeline/.venv/lib/python3.9/site-packages/airflow/example_dags/example_trigger_controller_dag.py
[2024-12-21T23:52:53.777+0530] {processor.py:925} INFO - DAG(s) 'example_trigger_controller_dag' retrieved from /Users/jayesh/Desktop/Personal Work/Movie_data_pipeline/.venv/lib/python3.9/site-packages/airflow/example_dags/example_trigger_controller_dag.py
[2024-12-21T23:52:53.959+0530] {logging_mixin.py:190} INFO - [2024-12-21T23:52:53.958+0530] {dag.py:3239} INFO - Sync 1 DAGs
[2024-12-21T23:52:54.128+0530] {logging_mixin.py:190} INFO - [2024-12-21T23:52:54.127+0530] {dag.py:4180} INFO - Setting next_dagrun for example_trigger_controller_dag to 2021-01-01 00:00:00+00:00, run_after=2021-01-01 00:00:00+00:00
[2024-12-21T23:52:54.211+0530] {processor.py:208} INFO - Processing /Users/jayesh/Desktop/Personal Work/Movie_data_pipeline/.venv/lib/python3.9/site-packages/airflow/example_dags/example_trigger_controller_dag.py took 0.499 seconds
[2024-12-21T23:53:24.581+0530] {processor.py:186} INFO - Started process (PID=18261) to work on /Users/jayesh/Desktop/Personal Work/Movie_data_pipeline/.venv/lib/python3.9/site-packages/airflow/example_dags/example_trigger_controller_dag.py
[2024-12-21T23:53:24.589+0530] {processor.py:914} INFO - Processing file /Users/jayesh/Desktop/Personal Work/Movie_data_pipeline/.venv/lib/python3.9/site-packages/airflow/example_dags/example_trigger_controller_dag.py for tasks to queue
[2024-12-21T23:53:24.597+0530] {logging_mixin.py:190} INFO - [2024-12-21T23:53:24.596+0530] {dagbag.py:588} INFO - Filling up the DagBag from /Users/jayesh/Desktop/Personal Work/Movie_data_pipeline/.venv/lib/python3.9/site-packages/airflow/example_dags/example_trigger_controller_dag.py
[2024-12-21T23:53:24.641+0530] {processor.py:925} INFO - DAG(s) 'example_trigger_controller_dag' retrieved from /Users/jayesh/Desktop/Personal Work/Movie_data_pipeline/.venv/lib/python3.9/site-packages/airflow/example_dags/example_trigger_controller_dag.py
[2024-12-21T23:53:24.775+0530] {logging_mixin.py:190} INFO - [2024-12-21T23:53:24.774+0530] {dag.py:3239} INFO - Sync 1 DAGs
[2024-12-21T23:53:24.847+0530] {logging_mixin.py:190} INFO - [2024-12-21T23:53:24.846+0530] {dag.py:4180} INFO - Setting next_dagrun for example_trigger_controller_dag to 2021-01-01 00:00:00+00:00, run_after=2021-01-01 00:00:00+00:00
[2024-12-21T23:53:24.977+0530] {processor.py:208} INFO - Processing /Users/jayesh/Desktop/Personal Work/Movie_data_pipeline/.venv/lib/python3.9/site-packages/airflow/example_dags/example_trigger_controller_dag.py took 0.428 seconds
