[2024-12-21T10:24:55.100+0530] {processor.py:186} INFO - Started process (PID=2455) to work on /Users/jayesh/Desktop/Personal Work/Movie_data_pipeline/.venv/lib/python3.9/site-packages/airflow/example_dags/example_branch_operator.py
[2024-12-21T10:24:55.102+0530] {processor.py:914} INFO - Processing file /Users/jayesh/Desktop/Personal Work/Movie_data_pipeline/.venv/lib/python3.9/site-packages/airflow/example_dags/example_branch_operator.py for tasks to queue
[2024-12-21T10:24:55.104+0530] {logging_mixin.py:190} INFO - [2024-12-21T10:24:55.104+0530] {dagbag.py:588} INFO - Filling up the DagBag from /Users/jayesh/Desktop/Personal Work/Movie_data_pipeline/.venv/lib/python3.9/site-packages/airflow/example_dags/example_branch_operator.py
[2024-12-21T10:24:55.135+0530] {processor.py:927} WARNING - No viable dags retrieved from /Users/jayesh/Desktop/Personal Work/Movie_data_pipeline/.venv/lib/python3.9/site-packages/airflow/example_dags/example_branch_operator.py
[2024-12-21T10:24:55.354+0530] {processor.py:208} INFO - Processing /Users/jayesh/Desktop/Personal Work/Movie_data_pipeline/.venv/lib/python3.9/site-packages/airflow/example_dags/example_branch_operator.py took 0.259 seconds
[2024-12-21T10:27:43.510+0530] {processor.py:186} INFO - Started process (PID=2891) to work on /Users/jayesh/Desktop/Personal Work/Movie_data_pipeline/.venv/lib/python3.9/site-packages/airflow/example_dags/example_branch_operator.py
[2024-12-21T10:27:43.511+0530] {processor.py:914} INFO - Processing file /Users/jayesh/Desktop/Personal Work/Movie_data_pipeline/.venv/lib/python3.9/site-packages/airflow/example_dags/example_branch_operator.py for tasks to queue
[2024-12-21T10:27:43.513+0530] {logging_mixin.py:190} INFO - [2024-12-21T10:27:43.512+0530] {dagbag.py:588} INFO - Filling up the DagBag from /Users/jayesh/Desktop/Personal Work/Movie_data_pipeline/.venv/lib/python3.9/site-packages/airflow/example_dags/example_branch_operator.py
[2024-12-21T10:27:43.540+0530] {processor.py:927} WARNING - No viable dags retrieved from /Users/jayesh/Desktop/Personal Work/Movie_data_pipeline/.venv/lib/python3.9/site-packages/airflow/example_dags/example_branch_operator.py
[2024-12-21T10:27:43.788+0530] {processor.py:208} INFO - Processing /Users/jayesh/Desktop/Personal Work/Movie_data_pipeline/.venv/lib/python3.9/site-packages/airflow/example_dags/example_branch_operator.py took 0.285 seconds
[2024-12-21T10:30:27.990+0530] {processor.py:186} INFO - Started process (PID=3342) to work on /Users/jayesh/Desktop/Personal Work/Movie_data_pipeline/.venv/lib/python3.9/site-packages/airflow/example_dags/example_branch_operator.py
[2024-12-21T10:30:27.992+0530] {processor.py:914} INFO - Processing file /Users/jayesh/Desktop/Personal Work/Movie_data_pipeline/.venv/lib/python3.9/site-packages/airflow/example_dags/example_branch_operator.py for tasks to queue
[2024-12-21T10:30:27.995+0530] {logging_mixin.py:190} INFO - [2024-12-21T10:30:27.994+0530] {dagbag.py:588} INFO - Filling up the DagBag from /Users/jayesh/Desktop/Personal Work/Movie_data_pipeline/.venv/lib/python3.9/site-packages/airflow/example_dags/example_branch_operator.py
[2024-12-21T10:30:28.024+0530] {processor.py:927} WARNING - No viable dags retrieved from /Users/jayesh/Desktop/Personal Work/Movie_data_pipeline/.venv/lib/python3.9/site-packages/airflow/example_dags/example_branch_operator.py
[2024-12-21T10:30:28.330+0530] {processor.py:208} INFO - Processing /Users/jayesh/Desktop/Personal Work/Movie_data_pipeline/.venv/lib/python3.9/site-packages/airflow/example_dags/example_branch_operator.py took 0.349 seconds
[2024-12-21T10:49:18.560+0530] {processor.py:186} INFO - Started process (PID=4340) to work on /Users/jayesh/Desktop/Personal Work/Movie_data_pipeline/.venv/lib/python3.9/site-packages/airflow/example_dags/example_branch_operator.py
[2024-12-21T10:49:18.563+0530] {processor.py:914} INFO - Processing file /Users/jayesh/Desktop/Personal Work/Movie_data_pipeline/.venv/lib/python3.9/site-packages/airflow/example_dags/example_branch_operator.py for tasks to queue
[2024-12-21T10:49:18.566+0530] {logging_mixin.py:190} INFO - [2024-12-21T10:49:18.565+0530] {dagbag.py:588} INFO - Filling up the DagBag from /Users/jayesh/Desktop/Personal Work/Movie_data_pipeline/.venv/lib/python3.9/site-packages/airflow/example_dags/example_branch_operator.py
[2024-12-21T10:49:18.593+0530] {processor.py:927} WARNING - No viable dags retrieved from /Users/jayesh/Desktop/Personal Work/Movie_data_pipeline/.venv/lib/python3.9/site-packages/airflow/example_dags/example_branch_operator.py
[2024-12-21T10:49:18.927+0530] {processor.py:208} INFO - Processing /Users/jayesh/Desktop/Personal Work/Movie_data_pipeline/.venv/lib/python3.9/site-packages/airflow/example_dags/example_branch_operator.py took 0.374 seconds
[2024-12-21T10:52:45.814+0530] {processor.py:186} INFO - Started process (PID=5069) to work on /Users/jayesh/Desktop/Personal Work/Movie_data_pipeline/.venv/lib/python3.9/site-packages/airflow/example_dags/example_branch_operator.py
[2024-12-21T10:52:45.818+0530] {processor.py:914} INFO - Processing file /Users/jayesh/Desktop/Personal Work/Movie_data_pipeline/.venv/lib/python3.9/site-packages/airflow/example_dags/example_branch_operator.py for tasks to queue
[2024-12-21T10:52:45.823+0530] {logging_mixin.py:190} INFO - [2024-12-21T10:52:45.822+0530] {dagbag.py:588} INFO - Filling up the DagBag from /Users/jayesh/Desktop/Personal Work/Movie_data_pipeline/.venv/lib/python3.9/site-packages/airflow/example_dags/example_branch_operator.py
[2024-12-21T10:52:45.899+0530] {processor.py:927} WARNING - No viable dags retrieved from /Users/jayesh/Desktop/Personal Work/Movie_data_pipeline/.venv/lib/python3.9/site-packages/airflow/example_dags/example_branch_operator.py
[2024-12-21T10:52:46.122+0530] {processor.py:208} INFO - Processing /Users/jayesh/Desktop/Personal Work/Movie_data_pipeline/.venv/lib/python3.9/site-packages/airflow/example_dags/example_branch_operator.py took 0.323 seconds
[2024-12-21T11:56:22.197+0530] {processor.py:186} INFO - Started process (PID=6884) to work on /Users/jayesh/Desktop/Personal Work/Movie_data_pipeline/.venv/lib/python3.9/site-packages/airflow/example_dags/example_branch_operator.py
[2024-12-21T11:56:22.199+0530] {processor.py:914} INFO - Processing file /Users/jayesh/Desktop/Personal Work/Movie_data_pipeline/.venv/lib/python3.9/site-packages/airflow/example_dags/example_branch_operator.py for tasks to queue
[2024-12-21T11:56:22.203+0530] {logging_mixin.py:190} INFO - [2024-12-21T11:56:22.203+0530] {dagbag.py:588} INFO - Filling up the DagBag from /Users/jayesh/Desktop/Personal Work/Movie_data_pipeline/.venv/lib/python3.9/site-packages/airflow/example_dags/example_branch_operator.py
[2024-12-21T11:56:22.239+0530] {processor.py:927} WARNING - No viable dags retrieved from /Users/jayesh/Desktop/Personal Work/Movie_data_pipeline/.venv/lib/python3.9/site-packages/airflow/example_dags/example_branch_operator.py
[2024-12-21T11:56:22.515+0530] {processor.py:208} INFO - Processing /Users/jayesh/Desktop/Personal Work/Movie_data_pipeline/.venv/lib/python3.9/site-packages/airflow/example_dags/example_branch_operator.py took 0.325 seconds
[2024-12-21T11:59:31.123+0530] {processor.py:186} INFO - Started process (PID=7562) to work on /Users/jayesh/Desktop/Personal Work/Movie_data_pipeline/.venv/lib/python3.9/site-packages/airflow/example_dags/example_branch_operator.py
[2024-12-21T11:59:31.126+0530] {processor.py:914} INFO - Processing file /Users/jayesh/Desktop/Personal Work/Movie_data_pipeline/.venv/lib/python3.9/site-packages/airflow/example_dags/example_branch_operator.py for tasks to queue
[2024-12-21T11:59:31.129+0530] {logging_mixin.py:190} INFO - [2024-12-21T11:59:31.129+0530] {dagbag.py:588} INFO - Filling up the DagBag from /Users/jayesh/Desktop/Personal Work/Movie_data_pipeline/.venv/lib/python3.9/site-packages/airflow/example_dags/example_branch_operator.py
[2024-12-21T11:59:31.156+0530] {processor.py:927} WARNING - No viable dags retrieved from /Users/jayesh/Desktop/Personal Work/Movie_data_pipeline/.venv/lib/python3.9/site-packages/airflow/example_dags/example_branch_operator.py
[2024-12-21T11:59:31.356+0530] {processor.py:208} INFO - Processing /Users/jayesh/Desktop/Personal Work/Movie_data_pipeline/.venv/lib/python3.9/site-packages/airflow/example_dags/example_branch_operator.py took 0.245 seconds
[2024-12-21T12:02:56.488+0530] {processor.py:186} INFO - Started process (PID=8276) to work on /Users/jayesh/Desktop/Personal Work/Movie_data_pipeline/.venv/lib/python3.9/site-packages/airflow/example_dags/example_branch_operator.py
[2024-12-21T12:02:56.491+0530] {processor.py:914} INFO - Processing file /Users/jayesh/Desktop/Personal Work/Movie_data_pipeline/.venv/lib/python3.9/site-packages/airflow/example_dags/example_branch_operator.py for tasks to queue
[2024-12-21T12:02:56.494+0530] {logging_mixin.py:190} INFO - [2024-12-21T12:02:56.494+0530] {dagbag.py:588} INFO - Filling up the DagBag from /Users/jayesh/Desktop/Personal Work/Movie_data_pipeline/.venv/lib/python3.9/site-packages/airflow/example_dags/example_branch_operator.py
[2024-12-21T12:02:56.536+0530] {processor.py:927} WARNING - No viable dags retrieved from /Users/jayesh/Desktop/Personal Work/Movie_data_pipeline/.venv/lib/python3.9/site-packages/airflow/example_dags/example_branch_operator.py
[2024-12-21T12:02:56.878+0530] {processor.py:208} INFO - Processing /Users/jayesh/Desktop/Personal Work/Movie_data_pipeline/.venv/lib/python3.9/site-packages/airflow/example_dags/example_branch_operator.py took 0.397 seconds
[2024-12-21T12:06:23.495+0530] {processor.py:186} INFO - Started process (PID=9020) to work on /Users/jayesh/Desktop/Personal Work/Movie_data_pipeline/.venv/lib/python3.9/site-packages/airflow/example_dags/example_branch_operator.py
[2024-12-21T12:06:23.498+0530] {processor.py:914} INFO - Processing file /Users/jayesh/Desktop/Personal Work/Movie_data_pipeline/.venv/lib/python3.9/site-packages/airflow/example_dags/example_branch_operator.py for tasks to queue
[2024-12-21T12:06:23.499+0530] {logging_mixin.py:190} INFO - [2024-12-21T12:06:23.499+0530] {dagbag.py:588} INFO - Filling up the DagBag from /Users/jayesh/Desktop/Personal Work/Movie_data_pipeline/.venv/lib/python3.9/site-packages/airflow/example_dags/example_branch_operator.py
[2024-12-21T12:06:23.524+0530] {processor.py:927} WARNING - No viable dags retrieved from /Users/jayesh/Desktop/Personal Work/Movie_data_pipeline/.venv/lib/python3.9/site-packages/airflow/example_dags/example_branch_operator.py
[2024-12-21T12:06:23.725+0530] {processor.py:208} INFO - Processing /Users/jayesh/Desktop/Personal Work/Movie_data_pipeline/.venv/lib/python3.9/site-packages/airflow/example_dags/example_branch_operator.py took 0.235 seconds
[2024-12-21T22:32:24.115+0530] {processor.py:186} INFO - Started process (PID=16043) to work on /Users/jayesh/Desktop/Personal Work/Movie_data_pipeline/.venv/lib/python3.9/site-packages/airflow/example_dags/example_branch_operator.py
[2024-12-21T22:32:24.119+0530] {processor.py:914} INFO - Processing file /Users/jayesh/Desktop/Personal Work/Movie_data_pipeline/.venv/lib/python3.9/site-packages/airflow/example_dags/example_branch_operator.py for tasks to queue
[2024-12-21T22:32:24.125+0530] {logging_mixin.py:190} INFO - [2024-12-21T22:32:24.125+0530] {dagbag.py:588} INFO - Filling up the DagBag from /Users/jayesh/Desktop/Personal Work/Movie_data_pipeline/.venv/lib/python3.9/site-packages/airflow/example_dags/example_branch_operator.py
[2024-12-21T22:32:24.134+0530] {processor.py:927} WARNING - No viable dags retrieved from /Users/jayesh/Desktop/Personal Work/Movie_data_pipeline/.venv/lib/python3.9/site-packages/airflow/example_dags/example_branch_operator.py
[2024-12-21T22:32:24.187+0530] {processor.py:208} INFO - Processing /Users/jayesh/Desktop/Personal Work/Movie_data_pipeline/.venv/lib/python3.9/site-packages/airflow/example_dags/example_branch_operator.py took 0.086 seconds
[2024-12-21T22:33:01.249+0530] {processor.py:186} INFO - Started process (PID=16284) to work on /Users/jayesh/Desktop/Personal Work/Movie_data_pipeline/.venv/lib/python3.9/site-packages/airflow/example_dags/example_branch_operator.py
[2024-12-21T22:33:01.252+0530] {processor.py:914} INFO - Processing file /Users/jayesh/Desktop/Personal Work/Movie_data_pipeline/.venv/lib/python3.9/site-packages/airflow/example_dags/example_branch_operator.py for tasks to queue
[2024-12-21T22:33:01.258+0530] {logging_mixin.py:190} INFO - [2024-12-21T22:33:01.257+0530] {dagbag.py:588} INFO - Filling up the DagBag from /Users/jayesh/Desktop/Personal Work/Movie_data_pipeline/.venv/lib/python3.9/site-packages/airflow/example_dags/example_branch_operator.py
[2024-12-21T22:33:01.267+0530] {processor.py:927} WARNING - No viable dags retrieved from /Users/jayesh/Desktop/Personal Work/Movie_data_pipeline/.venv/lib/python3.9/site-packages/airflow/example_dags/example_branch_operator.py
[2024-12-21T22:33:01.349+0530] {processor.py:208} INFO - Processing /Users/jayesh/Desktop/Personal Work/Movie_data_pipeline/.venv/lib/python3.9/site-packages/airflow/example_dags/example_branch_operator.py took 0.120 seconds
[2024-12-21T22:33:32.459+0530] {processor.py:186} INFO - Started process (PID=16489) to work on /Users/jayesh/Desktop/Personal Work/Movie_data_pipeline/.venv/lib/python3.9/site-packages/airflow/example_dags/example_branch_operator.py
[2024-12-21T22:33:32.462+0530] {processor.py:914} INFO - Processing file /Users/jayesh/Desktop/Personal Work/Movie_data_pipeline/.venv/lib/python3.9/site-packages/airflow/example_dags/example_branch_operator.py for tasks to queue
[2024-12-21T22:33:32.468+0530] {logging_mixin.py:190} INFO - [2024-12-21T22:33:32.467+0530] {dagbag.py:588} INFO - Filling up the DagBag from /Users/jayesh/Desktop/Personal Work/Movie_data_pipeline/.venv/lib/python3.9/site-packages/airflow/example_dags/example_branch_operator.py
[2024-12-21T22:33:32.477+0530] {processor.py:927} WARNING - No viable dags retrieved from /Users/jayesh/Desktop/Personal Work/Movie_data_pipeline/.venv/lib/python3.9/site-packages/airflow/example_dags/example_branch_operator.py
[2024-12-21T22:33:32.571+0530] {processor.py:208} INFO - Processing /Users/jayesh/Desktop/Personal Work/Movie_data_pipeline/.venv/lib/python3.9/site-packages/airflow/example_dags/example_branch_operator.py took 0.318 seconds
[2024-12-21T23:53:08.872+0530] {processor.py:186} INFO - Started process (PID=18181) to work on /Users/jayesh/Desktop/Personal Work/Movie_data_pipeline/.venv/lib/python3.9/site-packages/airflow/example_dags/example_branch_operator.py
[2024-12-21T23:53:08.878+0530] {processor.py:914} INFO - Processing file /Users/jayesh/Desktop/Personal Work/Movie_data_pipeline/.venv/lib/python3.9/site-packages/airflow/example_dags/example_branch_operator.py for tasks to queue
[2024-12-21T23:53:08.883+0530] {logging_mixin.py:190} INFO - [2024-12-21T23:53:08.882+0530] {dagbag.py:588} INFO - Filling up the DagBag from /Users/jayesh/Desktop/Personal Work/Movie_data_pipeline/.venv/lib/python3.9/site-packages/airflow/example_dags/example_branch_operator.py
[2024-12-21T23:53:08.899+0530] {processor.py:927} WARNING - No viable dags retrieved from /Users/jayesh/Desktop/Personal Work/Movie_data_pipeline/.venv/lib/python3.9/site-packages/airflow/example_dags/example_branch_operator.py
[2024-12-21T23:53:08.990+0530] {processor.py:208} INFO - Processing /Users/jayesh/Desktop/Personal Work/Movie_data_pipeline/.venv/lib/python3.9/site-packages/airflow/example_dags/example_branch_operator.py took 0.167 seconds
[2024-12-21T23:53:40.701+0530] {processor.py:186} INFO - Started process (PID=18378) to work on /Users/jayesh/Desktop/Personal Work/Movie_data_pipeline/.venv/lib/python3.9/site-packages/airflow/example_dags/example_branch_operator.py
[2024-12-21T23:53:40.704+0530] {processor.py:914} INFO - Processing file /Users/jayesh/Desktop/Personal Work/Movie_data_pipeline/.venv/lib/python3.9/site-packages/airflow/example_dags/example_branch_operator.py for tasks to queue
[2024-12-21T23:53:40.712+0530] {logging_mixin.py:190} INFO - [2024-12-21T23:53:40.710+0530] {dagbag.py:588} INFO - Filling up the DagBag from /Users/jayesh/Desktop/Personal Work/Movie_data_pipeline/.venv/lib/python3.9/site-packages/airflow/example_dags/example_branch_operator.py
[2024-12-21T23:53:40.725+0530] {processor.py:927} WARNING - No viable dags retrieved from /Users/jayesh/Desktop/Personal Work/Movie_data_pipeline/.venv/lib/python3.9/site-packages/airflow/example_dags/example_branch_operator.py
[2024-12-21T23:53:40.803+0530] {processor.py:208} INFO - Processing /Users/jayesh/Desktop/Personal Work/Movie_data_pipeline/.venv/lib/python3.9/site-packages/airflow/example_dags/example_branch_operator.py took 0.118 seconds
