[2024-12-21T10:23:49.826+0530] {processor.py:186} INFO - Started process (PID=2315) to work on /Users/jayesh/Desktop/Personal Work/Movie_data_pipeline/.venv/lib/python3.9/site-packages/airflow/example_dags/example_setup_teardown_taskflow.py
[2024-12-21T10:23:49.827+0530] {processor.py:914} INFO - Processing file /Users/jayesh/Desktop/Personal Work/Movie_data_pipeline/.venv/lib/python3.9/site-packages/airflow/example_dags/example_setup_teardown_taskflow.py for tasks to queue
[2024-12-21T10:23:49.829+0530] {logging_mixin.py:190} INFO - [2024-12-21T10:23:49.828+0530] {dagbag.py:588} INFO - Filling up the DagBag from /Users/jayesh/Desktop/Personal Work/Movie_data_pipeline/.venv/lib/python3.9/site-packages/airflow/example_dags/example_setup_teardown_taskflow.py
[2024-12-21T10:23:49.949+0530] {processor.py:925} INFO - DAG(s) 'example_setup_teardown_taskflow' retrieved from /Users/jayesh/Desktop/Personal Work/Movie_data_pipeline/.venv/lib/python3.9/site-packages/airflow/example_dags/example_setup_teardown_taskflow.py
[2024-12-21T10:23:50.237+0530] {logging_mixin.py:190} INFO - [2024-12-21T10:23:50.237+0530] {dag.py:3239} INFO - Sync 1 DAGs
[2024-12-21T10:23:50.256+0530] {logging_mixin.py:190} INFO - [2024-12-21T10:23:50.256+0530] {dag.py:4180} INFO - Setting next_dagrun for example_setup_teardown_taskflow to None, run_after=None
[2024-12-21T10:23:50.281+0530] {processor.py:208} INFO - Processing /Users/jayesh/Desktop/Personal Work/Movie_data_pipeline/.venv/lib/python3.9/site-packages/airflow/example_dags/example_setup_teardown_taskflow.py took 0.468 seconds
[2024-12-21T10:26:06.116+0530] {processor.py:186} INFO - Started process (PID=2634) to work on /Users/jayesh/Desktop/Personal Work/Movie_data_pipeline/.venv/lib/python3.9/site-packages/airflow/example_dags/example_setup_teardown_taskflow.py
[2024-12-21T10:26:06.117+0530] {processor.py:914} INFO - Processing file /Users/jayesh/Desktop/Personal Work/Movie_data_pipeline/.venv/lib/python3.9/site-packages/airflow/example_dags/example_setup_teardown_taskflow.py for tasks to queue
[2024-12-21T10:26:06.119+0530] {logging_mixin.py:190} INFO - [2024-12-21T10:26:06.119+0530] {dagbag.py:588} INFO - Filling up the DagBag from /Users/jayesh/Desktop/Personal Work/Movie_data_pipeline/.venv/lib/python3.9/site-packages/airflow/example_dags/example_setup_teardown_taskflow.py
[2024-12-21T10:26:06.173+0530] {processor.py:925} INFO - DAG(s) 'example_setup_teardown_taskflow' retrieved from /Users/jayesh/Desktop/Personal Work/Movie_data_pipeline/.venv/lib/python3.9/site-packages/airflow/example_dags/example_setup_teardown_taskflow.py
[2024-12-21T10:26:06.371+0530] {logging_mixin.py:190} INFO - [2024-12-21T10:26:06.370+0530] {dag.py:3239} INFO - Sync 1 DAGs
[2024-12-21T10:26:06.389+0530] {logging_mixin.py:190} INFO - [2024-12-21T10:26:06.389+0530] {dag.py:4180} INFO - Setting next_dagrun for example_setup_teardown_taskflow to None, run_after=None
[2024-12-21T10:26:06.415+0530] {processor.py:208} INFO - Processing /Users/jayesh/Desktop/Personal Work/Movie_data_pipeline/.venv/lib/python3.9/site-packages/airflow/example_dags/example_setup_teardown_taskflow.py took 0.305 seconds
[2024-12-21T10:28:39.163+0530] {processor.py:186} INFO - Started process (PID=3055) to work on /Users/jayesh/Desktop/Personal Work/Movie_data_pipeline/.venv/lib/python3.9/site-packages/airflow/example_dags/example_setup_teardown_taskflow.py
[2024-12-21T10:28:39.164+0530] {processor.py:914} INFO - Processing file /Users/jayesh/Desktop/Personal Work/Movie_data_pipeline/.venv/lib/python3.9/site-packages/airflow/example_dags/example_setup_teardown_taskflow.py for tasks to queue
[2024-12-21T10:28:39.166+0530] {logging_mixin.py:190} INFO - [2024-12-21T10:28:39.165+0530] {dagbag.py:588} INFO - Filling up the DagBag from /Users/jayesh/Desktop/Personal Work/Movie_data_pipeline/.venv/lib/python3.9/site-packages/airflow/example_dags/example_setup_teardown_taskflow.py
[2024-12-21T10:28:39.232+0530] {processor.py:925} INFO - DAG(s) 'example_setup_teardown_taskflow' retrieved from /Users/jayesh/Desktop/Personal Work/Movie_data_pipeline/.venv/lib/python3.9/site-packages/airflow/example_dags/example_setup_teardown_taskflow.py
[2024-12-21T10:28:39.456+0530] {logging_mixin.py:190} INFO - [2024-12-21T10:28:39.455+0530] {dag.py:3239} INFO - Sync 1 DAGs
[2024-12-21T10:28:39.498+0530] {logging_mixin.py:190} INFO - [2024-12-21T10:28:39.498+0530] {dag.py:4180} INFO - Setting next_dagrun for example_setup_teardown_taskflow to None, run_after=None
[2024-12-21T10:28:39.530+0530] {processor.py:208} INFO - Processing /Users/jayesh/Desktop/Personal Work/Movie_data_pipeline/.venv/lib/python3.9/site-packages/airflow/example_dags/example_setup_teardown_taskflow.py took 0.373 seconds
[2024-12-21T10:48:14.053+0530] {processor.py:186} INFO - Started process (PID=4167) to work on /Users/jayesh/Desktop/Personal Work/Movie_data_pipeline/.venv/lib/python3.9/site-packages/airflow/example_dags/example_setup_teardown_taskflow.py
[2024-12-21T10:48:14.056+0530] {processor.py:914} INFO - Processing file /Users/jayesh/Desktop/Personal Work/Movie_data_pipeline/.venv/lib/python3.9/site-packages/airflow/example_dags/example_setup_teardown_taskflow.py for tasks to queue
[2024-12-21T10:48:14.058+0530] {logging_mixin.py:190} INFO - [2024-12-21T10:48:14.058+0530] {dagbag.py:588} INFO - Filling up the DagBag from /Users/jayesh/Desktop/Personal Work/Movie_data_pipeline/.venv/lib/python3.9/site-packages/airflow/example_dags/example_setup_teardown_taskflow.py
[2024-12-21T10:48:14.152+0530] {processor.py:925} INFO - DAG(s) 'example_setup_teardown_taskflow' retrieved from /Users/jayesh/Desktop/Personal Work/Movie_data_pipeline/.venv/lib/python3.9/site-packages/airflow/example_dags/example_setup_teardown_taskflow.py
[2024-12-21T10:48:14.453+0530] {logging_mixin.py:190} INFO - [2024-12-21T10:48:14.452+0530] {dag.py:3239} INFO - Sync 1 DAGs
[2024-12-21T10:48:14.477+0530] {logging_mixin.py:190} INFO - [2024-12-21T10:48:14.477+0530] {dag.py:4180} INFO - Setting next_dagrun for example_setup_teardown_taskflow to None, run_after=None
[2024-12-21T10:48:14.515+0530] {processor.py:208} INFO - Processing /Users/jayesh/Desktop/Personal Work/Movie_data_pipeline/.venv/lib/python3.9/site-packages/airflow/example_dags/example_setup_teardown_taskflow.py took 0.469 seconds
[2024-12-21T10:50:32.301+0530] {processor.py:186} INFO - Started process (PID=4604) to work on /Users/jayesh/Desktop/Personal Work/Movie_data_pipeline/.venv/lib/python3.9/site-packages/airflow/example_dags/example_setup_teardown_taskflow.py
[2024-12-21T10:50:32.302+0530] {processor.py:914} INFO - Processing file /Users/jayesh/Desktop/Personal Work/Movie_data_pipeline/.venv/lib/python3.9/site-packages/airflow/example_dags/example_setup_teardown_taskflow.py for tasks to queue
[2024-12-21T10:50:32.305+0530] {logging_mixin.py:190} INFO - [2024-12-21T10:50:32.305+0530] {dagbag.py:588} INFO - Filling up the DagBag from /Users/jayesh/Desktop/Personal Work/Movie_data_pipeline/.venv/lib/python3.9/site-packages/airflow/example_dags/example_setup_teardown_taskflow.py
[2024-12-21T10:50:32.368+0530] {processor.py:925} INFO - DAG(s) 'example_setup_teardown_taskflow' retrieved from /Users/jayesh/Desktop/Personal Work/Movie_data_pipeline/.venv/lib/python3.9/site-packages/airflow/example_dags/example_setup_teardown_taskflow.py
[2024-12-21T10:50:32.607+0530] {logging_mixin.py:190} INFO - [2024-12-21T10:50:32.607+0530] {dag.py:3239} INFO - Sync 1 DAGs
[2024-12-21T10:50:32.628+0530] {logging_mixin.py:190} INFO - [2024-12-21T10:50:32.628+0530] {dag.py:4180} INFO - Setting next_dagrun for example_setup_teardown_taskflow to None, run_after=None
[2024-12-21T10:50:32.662+0530] {processor.py:208} INFO - Processing /Users/jayesh/Desktop/Personal Work/Movie_data_pipeline/.venv/lib/python3.9/site-packages/airflow/example_dags/example_setup_teardown_taskflow.py took 0.370 seconds
[2024-12-21T10:52:18.572+0530] {processor.py:186} INFO - Started process (PID=4977) to work on /Users/jayesh/Desktop/Personal Work/Movie_data_pipeline/.venv/lib/python3.9/site-packages/airflow/example_dags/example_setup_teardown_taskflow.py
[2024-12-21T10:52:18.574+0530] {processor.py:914} INFO - Processing file /Users/jayesh/Desktop/Personal Work/Movie_data_pipeline/.venv/lib/python3.9/site-packages/airflow/example_dags/example_setup_teardown_taskflow.py for tasks to queue
[2024-12-21T10:52:18.576+0530] {logging_mixin.py:190} INFO - [2024-12-21T10:52:18.575+0530] {dagbag.py:588} INFO - Filling up the DagBag from /Users/jayesh/Desktop/Personal Work/Movie_data_pipeline/.venv/lib/python3.9/site-packages/airflow/example_dags/example_setup_teardown_taskflow.py
[2024-12-21T10:52:18.729+0530] {processor.py:925} INFO - DAG(s) 'example_setup_teardown_taskflow' retrieved from /Users/jayesh/Desktop/Personal Work/Movie_data_pipeline/.venv/lib/python3.9/site-packages/airflow/example_dags/example_setup_teardown_taskflow.py
[2024-12-21T10:52:19.150+0530] {logging_mixin.py:190} INFO - [2024-12-21T10:52:19.149+0530] {dag.py:3239} INFO - Sync 1 DAGs
[2024-12-21T10:52:19.172+0530] {logging_mixin.py:190} INFO - [2024-12-21T10:52:19.171+0530] {dag.py:4180} INFO - Setting next_dagrun for example_setup_teardown_taskflow to None, run_after=None
[2024-12-21T10:52:19.197+0530] {processor.py:208} INFO - Processing /Users/jayesh/Desktop/Personal Work/Movie_data_pipeline/.venv/lib/python3.9/site-packages/airflow/example_dags/example_setup_teardown_taskflow.py took 0.631 seconds
[2024-12-21T11:55:23.113+0530] {processor.py:186} INFO - Started process (PID=6663) to work on /Users/jayesh/Desktop/Personal Work/Movie_data_pipeline/.venv/lib/python3.9/site-packages/airflow/example_dags/example_setup_teardown_taskflow.py
[2024-12-21T11:55:23.116+0530] {processor.py:914} INFO - Processing file /Users/jayesh/Desktop/Personal Work/Movie_data_pipeline/.venv/lib/python3.9/site-packages/airflow/example_dags/example_setup_teardown_taskflow.py for tasks to queue
[2024-12-21T11:55:23.119+0530] {logging_mixin.py:190} INFO - [2024-12-21T11:55:23.118+0530] {dagbag.py:588} INFO - Filling up the DagBag from /Users/jayesh/Desktop/Personal Work/Movie_data_pipeline/.venv/lib/python3.9/site-packages/airflow/example_dags/example_setup_teardown_taskflow.py
[2024-12-21T11:55:23.189+0530] {processor.py:925} INFO - DAG(s) 'example_setup_teardown_taskflow' retrieved from /Users/jayesh/Desktop/Personal Work/Movie_data_pipeline/.venv/lib/python3.9/site-packages/airflow/example_dags/example_setup_teardown_taskflow.py
[2024-12-21T11:55:23.462+0530] {logging_mixin.py:190} INFO - [2024-12-21T11:55:23.462+0530] {dag.py:3239} INFO - Sync 1 DAGs
[2024-12-21T11:55:23.482+0530] {logging_mixin.py:190} INFO - [2024-12-21T11:55:23.482+0530] {dag.py:4180} INFO - Setting next_dagrun for example_setup_teardown_taskflow to None, run_after=None
[2024-12-21T11:55:23.510+0530] {processor.py:208} INFO - Processing /Users/jayesh/Desktop/Personal Work/Movie_data_pipeline/.venv/lib/python3.9/site-packages/airflow/example_dags/example_setup_teardown_taskflow.py took 0.405 seconds
[2024-12-21T11:57:30.454+0530] {processor.py:186} INFO - Started process (PID=7117) to work on /Users/jayesh/Desktop/Personal Work/Movie_data_pipeline/.venv/lib/python3.9/site-packages/airflow/example_dags/example_setup_teardown_taskflow.py
[2024-12-21T11:57:30.455+0530] {processor.py:914} INFO - Processing file /Users/jayesh/Desktop/Personal Work/Movie_data_pipeline/.venv/lib/python3.9/site-packages/airflow/example_dags/example_setup_teardown_taskflow.py for tasks to queue
[2024-12-21T11:57:30.457+0530] {logging_mixin.py:190} INFO - [2024-12-21T11:57:30.456+0530] {dagbag.py:588} INFO - Filling up the DagBag from /Users/jayesh/Desktop/Personal Work/Movie_data_pipeline/.venv/lib/python3.9/site-packages/airflow/example_dags/example_setup_teardown_taskflow.py
[2024-12-21T11:57:30.510+0530] {processor.py:925} INFO - DAG(s) 'example_setup_teardown_taskflow' retrieved from /Users/jayesh/Desktop/Personal Work/Movie_data_pipeline/.venv/lib/python3.9/site-packages/airflow/example_dags/example_setup_teardown_taskflow.py
[2024-12-21T11:57:30.790+0530] {logging_mixin.py:190} INFO - [2024-12-21T11:57:30.790+0530] {dag.py:3239} INFO - Sync 1 DAGs
[2024-12-21T11:57:30.814+0530] {logging_mixin.py:190} INFO - [2024-12-21T11:57:30.813+0530] {dag.py:4180} INFO - Setting next_dagrun for example_setup_teardown_taskflow to None, run_after=None
[2024-12-21T11:57:30.843+0530] {processor.py:208} INFO - Processing /Users/jayesh/Desktop/Personal Work/Movie_data_pipeline/.venv/lib/python3.9/site-packages/airflow/example_dags/example_setup_teardown_taskflow.py took 0.394 seconds
[2024-12-21T11:59:02.379+0530] {processor.py:186} INFO - Started process (PID=7464) to work on /Users/jayesh/Desktop/Personal Work/Movie_data_pipeline/.venv/lib/python3.9/site-packages/airflow/example_dags/example_setup_teardown_taskflow.py
[2024-12-21T11:59:02.382+0530] {processor.py:914} INFO - Processing file /Users/jayesh/Desktop/Personal Work/Movie_data_pipeline/.venv/lib/python3.9/site-packages/airflow/example_dags/example_setup_teardown_taskflow.py for tasks to queue
[2024-12-21T11:59:02.385+0530] {logging_mixin.py:190} INFO - [2024-12-21T11:59:02.384+0530] {dagbag.py:588} INFO - Filling up the DagBag from /Users/jayesh/Desktop/Personal Work/Movie_data_pipeline/.venv/lib/python3.9/site-packages/airflow/example_dags/example_setup_teardown_taskflow.py
[2024-12-21T11:59:02.464+0530] {processor.py:925} INFO - DAG(s) 'example_setup_teardown_taskflow' retrieved from /Users/jayesh/Desktop/Personal Work/Movie_data_pipeline/.venv/lib/python3.9/site-packages/airflow/example_dags/example_setup_teardown_taskflow.py
[2024-12-21T11:59:02.791+0530] {logging_mixin.py:190} INFO - [2024-12-21T11:59:02.790+0530] {dag.py:3239} INFO - Sync 1 DAGs
[2024-12-21T11:59:02.819+0530] {logging_mixin.py:190} INFO - [2024-12-21T11:59:02.819+0530] {dag.py:4180} INFO - Setting next_dagrun for example_setup_teardown_taskflow to None, run_after=None
[2024-12-21T11:59:02.858+0530] {processor.py:208} INFO - Processing /Users/jayesh/Desktop/Personal Work/Movie_data_pipeline/.venv/lib/python3.9/site-packages/airflow/example_dags/example_setup_teardown_taskflow.py took 0.485 seconds
[2024-12-21T12:00:46.881+0530] {processor.py:186} INFO - Started process (PID=7830) to work on /Users/jayesh/Desktop/Personal Work/Movie_data_pipeline/.venv/lib/python3.9/site-packages/airflow/example_dags/example_setup_teardown_taskflow.py
[2024-12-21T12:00:46.883+0530] {processor.py:914} INFO - Processing file /Users/jayesh/Desktop/Personal Work/Movie_data_pipeline/.venv/lib/python3.9/site-packages/airflow/example_dags/example_setup_teardown_taskflow.py for tasks to queue
[2024-12-21T12:00:46.889+0530] {logging_mixin.py:190} INFO - [2024-12-21T12:00:46.887+0530] {dagbag.py:588} INFO - Filling up the DagBag from /Users/jayesh/Desktop/Personal Work/Movie_data_pipeline/.venv/lib/python3.9/site-packages/airflow/example_dags/example_setup_teardown_taskflow.py
[2024-12-21T12:00:46.990+0530] {processor.py:925} INFO - DAG(s) 'example_setup_teardown_taskflow' retrieved from /Users/jayesh/Desktop/Personal Work/Movie_data_pipeline/.venv/lib/python3.9/site-packages/airflow/example_dags/example_setup_teardown_taskflow.py
[2024-12-21T12:00:47.278+0530] {logging_mixin.py:190} INFO - [2024-12-21T12:00:47.277+0530] {dag.py:3239} INFO - Sync 1 DAGs
[2024-12-21T12:00:47.304+0530] {logging_mixin.py:190} INFO - [2024-12-21T12:00:47.303+0530] {dag.py:4180} INFO - Setting next_dagrun for example_setup_teardown_taskflow to None, run_after=None
[2024-12-21T12:00:47.364+0530] {processor.py:208} INFO - Processing /Users/jayesh/Desktop/Personal Work/Movie_data_pipeline/.venv/lib/python3.9/site-packages/airflow/example_dags/example_setup_teardown_taskflow.py took 0.490 seconds
[2024-12-21T12:02:27.782+0530] {processor.py:186} INFO - Started process (PID=8184) to work on /Users/jayesh/Desktop/Personal Work/Movie_data_pipeline/.venv/lib/python3.9/site-packages/airflow/example_dags/example_setup_teardown_taskflow.py
[2024-12-21T12:02:27.784+0530] {processor.py:914} INFO - Processing file /Users/jayesh/Desktop/Personal Work/Movie_data_pipeline/.venv/lib/python3.9/site-packages/airflow/example_dags/example_setup_teardown_taskflow.py for tasks to queue
[2024-12-21T12:02:27.786+0530] {logging_mixin.py:190} INFO - [2024-12-21T12:02:27.786+0530] {dagbag.py:588} INFO - Filling up the DagBag from /Users/jayesh/Desktop/Personal Work/Movie_data_pipeline/.venv/lib/python3.9/site-packages/airflow/example_dags/example_setup_teardown_taskflow.py
[2024-12-21T12:02:27.853+0530] {processor.py:925} INFO - DAG(s) 'example_setup_teardown_taskflow' retrieved from /Users/jayesh/Desktop/Personal Work/Movie_data_pipeline/.venv/lib/python3.9/site-packages/airflow/example_dags/example_setup_teardown_taskflow.py
[2024-12-21T12:02:28.332+0530] {logging_mixin.py:190} INFO - [2024-12-21T12:02:28.331+0530] {dag.py:3239} INFO - Sync 1 DAGs
[2024-12-21T12:02:28.365+0530] {logging_mixin.py:190} INFO - [2024-12-21T12:02:28.363+0530] {dag.py:4180} INFO - Setting next_dagrun for example_setup_teardown_taskflow to None, run_after=None
[2024-12-21T12:02:28.434+0530] {processor.py:208} INFO - Processing /Users/jayesh/Desktop/Personal Work/Movie_data_pipeline/.venv/lib/python3.9/site-packages/airflow/example_dags/example_setup_teardown_taskflow.py took 0.660 seconds
[2024-12-21T12:04:16.834+0530] {processor.py:186} INFO - Started process (PID=8574) to work on /Users/jayesh/Desktop/Personal Work/Movie_data_pipeline/.venv/lib/python3.9/site-packages/airflow/example_dags/example_setup_teardown_taskflow.py
[2024-12-21T12:04:16.836+0530] {processor.py:914} INFO - Processing file /Users/jayesh/Desktop/Personal Work/Movie_data_pipeline/.venv/lib/python3.9/site-packages/airflow/example_dags/example_setup_teardown_taskflow.py for tasks to queue
[2024-12-21T12:04:16.838+0530] {logging_mixin.py:190} INFO - [2024-12-21T12:04:16.837+0530] {dagbag.py:588} INFO - Filling up the DagBag from /Users/jayesh/Desktop/Personal Work/Movie_data_pipeline/.venv/lib/python3.9/site-packages/airflow/example_dags/example_setup_teardown_taskflow.py
[2024-12-21T12:04:16.897+0530] {processor.py:925} INFO - DAG(s) 'example_setup_teardown_taskflow' retrieved from /Users/jayesh/Desktop/Personal Work/Movie_data_pipeline/.venv/lib/python3.9/site-packages/airflow/example_dags/example_setup_teardown_taskflow.py
[2024-12-21T12:04:17.131+0530] {logging_mixin.py:190} INFO - [2024-12-21T12:04:17.131+0530] {dag.py:3239} INFO - Sync 1 DAGs
[2024-12-21T12:04:17.152+0530] {logging_mixin.py:190} INFO - [2024-12-21T12:04:17.151+0530] {dag.py:4180} INFO - Setting next_dagrun for example_setup_teardown_taskflow to None, run_after=None
[2024-12-21T12:04:17.187+0530] {processor.py:208} INFO - Processing /Users/jayesh/Desktop/Personal Work/Movie_data_pipeline/.venv/lib/python3.9/site-packages/airflow/example_dags/example_setup_teardown_taskflow.py took 0.358 seconds
[2024-12-21T12:05:56.311+0530] {processor.py:186} INFO - Started process (PID=8923) to work on /Users/jayesh/Desktop/Personal Work/Movie_data_pipeline/.venv/lib/python3.9/site-packages/airflow/example_dags/example_setup_teardown_taskflow.py
[2024-12-21T12:05:56.314+0530] {processor.py:914} INFO - Processing file /Users/jayesh/Desktop/Personal Work/Movie_data_pipeline/.venv/lib/python3.9/site-packages/airflow/example_dags/example_setup_teardown_taskflow.py for tasks to queue
[2024-12-21T12:05:56.315+0530] {logging_mixin.py:190} INFO - [2024-12-21T12:05:56.315+0530] {dagbag.py:588} INFO - Filling up the DagBag from /Users/jayesh/Desktop/Personal Work/Movie_data_pipeline/.venv/lib/python3.9/site-packages/airflow/example_dags/example_setup_teardown_taskflow.py
[2024-12-21T12:05:56.394+0530] {processor.py:925} INFO - DAG(s) 'example_setup_teardown_taskflow' retrieved from /Users/jayesh/Desktop/Personal Work/Movie_data_pipeline/.venv/lib/python3.9/site-packages/airflow/example_dags/example_setup_teardown_taskflow.py
[2024-12-21T12:05:56.689+0530] {logging_mixin.py:190} INFO - [2024-12-21T12:05:56.688+0530] {dag.py:3239} INFO - Sync 1 DAGs
[2024-12-21T12:05:56.716+0530] {logging_mixin.py:190} INFO - [2024-12-21T12:05:56.715+0530] {dag.py:4180} INFO - Setting next_dagrun for example_setup_teardown_taskflow to None, run_after=None
[2024-12-21T12:05:56.753+0530] {processor.py:208} INFO - Processing /Users/jayesh/Desktop/Personal Work/Movie_data_pipeline/.venv/lib/python3.9/site-packages/airflow/example_dags/example_setup_teardown_taskflow.py took 0.450 seconds
[2024-12-21T22:32:15.891+0530] {processor.py:186} INFO - Started process (PID=15946) to work on /Users/jayesh/Desktop/Personal Work/Movie_data_pipeline/.venv/lib/python3.9/site-packages/airflow/example_dags/example_setup_teardown_taskflow.py
[2024-12-21T22:32:15.895+0530] {processor.py:914} INFO - Processing file /Users/jayesh/Desktop/Personal Work/Movie_data_pipeline/.venv/lib/python3.9/site-packages/airflow/example_dags/example_setup_teardown_taskflow.py for tasks to queue
[2024-12-21T22:32:15.902+0530] {logging_mixin.py:190} INFO - [2024-12-21T22:32:15.901+0530] {dagbag.py:588} INFO - Filling up the DagBag from /Users/jayesh/Desktop/Personal Work/Movie_data_pipeline/.venv/lib/python3.9/site-packages/airflow/example_dags/example_setup_teardown_taskflow.py
[2024-12-21T22:32:15.938+0530] {processor.py:925} INFO - DAG(s) 'example_setup_teardown_taskflow' retrieved from /Users/jayesh/Desktop/Personal Work/Movie_data_pipeline/.venv/lib/python3.9/site-packages/airflow/example_dags/example_setup_teardown_taskflow.py
[2024-12-21T22:32:16.070+0530] {logging_mixin.py:190} INFO - [2024-12-21T22:32:16.069+0530] {dag.py:3239} INFO - Sync 1 DAGs
[2024-12-21T22:32:16.113+0530] {logging_mixin.py:190} INFO - [2024-12-21T22:32:16.112+0530] {dag.py:4180} INFO - Setting next_dagrun for example_setup_teardown_taskflow to None, run_after=None
[2024-12-21T22:32:16.162+0530] {processor.py:208} INFO - Processing /Users/jayesh/Desktop/Personal Work/Movie_data_pipeline/.venv/lib/python3.9/site-packages/airflow/example_dags/example_setup_teardown_taskflow.py took 0.294 seconds
[2024-12-21T22:32:49.236+0530] {processor.py:186} INFO - Started process (PID=16194) to work on /Users/jayesh/Desktop/Personal Work/Movie_data_pipeline/.venv/lib/python3.9/site-packages/airflow/example_dags/example_setup_teardown_taskflow.py
[2024-12-21T22:32:49.242+0530] {processor.py:914} INFO - Processing file /Users/jayesh/Desktop/Personal Work/Movie_data_pipeline/.venv/lib/python3.9/site-packages/airflow/example_dags/example_setup_teardown_taskflow.py for tasks to queue
[2024-12-21T22:32:49.251+0530] {logging_mixin.py:190} INFO - [2024-12-21T22:32:49.249+0530] {dagbag.py:588} INFO - Filling up the DagBag from /Users/jayesh/Desktop/Personal Work/Movie_data_pipeline/.venv/lib/python3.9/site-packages/airflow/example_dags/example_setup_teardown_taskflow.py
[2024-12-21T22:32:49.288+0530] {processor.py:925} INFO - DAG(s) 'example_setup_teardown_taskflow' retrieved from /Users/jayesh/Desktop/Personal Work/Movie_data_pipeline/.venv/lib/python3.9/site-packages/airflow/example_dags/example_setup_teardown_taskflow.py
[2024-12-21T22:32:49.694+0530] {logging_mixin.py:190} INFO - [2024-12-21T22:32:49.689+0530] {dag.py:3239} INFO - Sync 1 DAGs
[2024-12-21T22:32:49.814+0530] {logging_mixin.py:190} INFO - [2024-12-21T22:32:49.811+0530] {dag.py:4180} INFO - Setting next_dagrun for example_setup_teardown_taskflow to None, run_after=None
[2024-12-21T22:32:49.985+0530] {processor.py:208} INFO - Processing /Users/jayesh/Desktop/Personal Work/Movie_data_pipeline/.venv/lib/python3.9/site-packages/airflow/example_dags/example_setup_teardown_taskflow.py took 0.782 seconds
[2024-12-21T22:33:20.220+0530] {processor.py:186} INFO - Started process (PID=16397) to work on /Users/jayesh/Desktop/Personal Work/Movie_data_pipeline/.venv/lib/python3.9/site-packages/airflow/example_dags/example_setup_teardown_taskflow.py
[2024-12-21T22:33:20.222+0530] {processor.py:914} INFO - Processing file /Users/jayesh/Desktop/Personal Work/Movie_data_pipeline/.venv/lib/python3.9/site-packages/airflow/example_dags/example_setup_teardown_taskflow.py for tasks to queue
[2024-12-21T22:33:20.228+0530] {logging_mixin.py:190} INFO - [2024-12-21T22:33:20.227+0530] {dagbag.py:588} INFO - Filling up the DagBag from /Users/jayesh/Desktop/Personal Work/Movie_data_pipeline/.venv/lib/python3.9/site-packages/airflow/example_dags/example_setup_teardown_taskflow.py
[2024-12-21T22:33:20.254+0530] {processor.py:925} INFO - DAG(s) 'example_setup_teardown_taskflow' retrieved from /Users/jayesh/Desktop/Personal Work/Movie_data_pipeline/.venv/lib/python3.9/site-packages/airflow/example_dags/example_setup_teardown_taskflow.py
[2024-12-21T22:33:20.353+0530] {logging_mixin.py:190} INFO - [2024-12-21T22:33:20.352+0530] {dag.py:3239} INFO - Sync 1 DAGs
[2024-12-21T22:33:20.385+0530] {logging_mixin.py:190} INFO - [2024-12-21T22:33:20.383+0530] {dag.py:4180} INFO - Setting next_dagrun for example_setup_teardown_taskflow to None, run_after=None
[2024-12-21T22:33:20.421+0530] {processor.py:208} INFO - Processing /Users/jayesh/Desktop/Personal Work/Movie_data_pipeline/.venv/lib/python3.9/site-packages/airflow/example_dags/example_setup_teardown_taskflow.py took 0.216 seconds
[2024-12-21T23:52:56.948+0530] {processor.py:186} INFO - Started process (PID=18069) to work on /Users/jayesh/Desktop/Personal Work/Movie_data_pipeline/.venv/lib/python3.9/site-packages/airflow/example_dags/example_setup_teardown_taskflow.py
[2024-12-21T23:52:56.953+0530] {processor.py:914} INFO - Processing file /Users/jayesh/Desktop/Personal Work/Movie_data_pipeline/.venv/lib/python3.9/site-packages/airflow/example_dags/example_setup_teardown_taskflow.py for tasks to queue
[2024-12-21T23:52:56.961+0530] {logging_mixin.py:190} INFO - [2024-12-21T23:52:56.960+0530] {dagbag.py:588} INFO - Filling up the DagBag from /Users/jayesh/Desktop/Personal Work/Movie_data_pipeline/.venv/lib/python3.9/site-packages/airflow/example_dags/example_setup_teardown_taskflow.py
[2024-12-21T23:52:56.996+0530] {processor.py:925} INFO - DAG(s) 'example_setup_teardown_taskflow' retrieved from /Users/jayesh/Desktop/Personal Work/Movie_data_pipeline/.venv/lib/python3.9/site-packages/airflow/example_dags/example_setup_teardown_taskflow.py
[2024-12-21T23:52:57.199+0530] {logging_mixin.py:190} INFO - [2024-12-21T23:52:57.198+0530] {dag.py:3239} INFO - Sync 1 DAGs
[2024-12-21T23:52:57.329+0530] {logging_mixin.py:190} INFO - [2024-12-21T23:52:57.329+0530] {dag.py:4180} INFO - Setting next_dagrun for example_setup_teardown_taskflow to None, run_after=None
[2024-12-21T23:52:57.425+0530] {processor.py:208} INFO - Processing /Users/jayesh/Desktop/Personal Work/Movie_data_pipeline/.venv/lib/python3.9/site-packages/airflow/example_dags/example_setup_teardown_taskflow.py took 0.495 seconds
[2024-12-21T23:53:27.696+0530] {processor.py:186} INFO - Started process (PID=18290) to work on /Users/jayesh/Desktop/Personal Work/Movie_data_pipeline/.venv/lib/python3.9/site-packages/airflow/example_dags/example_setup_teardown_taskflow.py
[2024-12-21T23:53:27.699+0530] {processor.py:914} INFO - Processing file /Users/jayesh/Desktop/Personal Work/Movie_data_pipeline/.venv/lib/python3.9/site-packages/airflow/example_dags/example_setup_teardown_taskflow.py for tasks to queue
[2024-12-21T23:53:27.705+0530] {logging_mixin.py:190} INFO - [2024-12-21T23:53:27.704+0530] {dagbag.py:588} INFO - Filling up the DagBag from /Users/jayesh/Desktop/Personal Work/Movie_data_pipeline/.venv/lib/python3.9/site-packages/airflow/example_dags/example_setup_teardown_taskflow.py
[2024-12-21T23:53:27.730+0530] {processor.py:925} INFO - DAG(s) 'example_setup_teardown_taskflow' retrieved from /Users/jayesh/Desktop/Personal Work/Movie_data_pipeline/.venv/lib/python3.9/site-packages/airflow/example_dags/example_setup_teardown_taskflow.py
[2024-12-21T23:53:27.798+0530] {logging_mixin.py:190} INFO - [2024-12-21T23:53:27.797+0530] {dag.py:3239} INFO - Sync 1 DAGs
[2024-12-21T23:53:27.828+0530] {logging_mixin.py:190} INFO - [2024-12-21T23:53:27.827+0530] {dag.py:4180} INFO - Setting next_dagrun for example_setup_teardown_taskflow to None, run_after=None
[2024-12-21T23:53:27.953+0530] {processor.py:208} INFO - Processing /Users/jayesh/Desktop/Personal Work/Movie_data_pipeline/.venv/lib/python3.9/site-packages/airflow/example_dags/example_setup_teardown_taskflow.py took 0.271 seconds
