[2024-12-21T10:24:08.910+0530] {processor.py:186} INFO - Started process (PID=2352) to work on /Users/jayesh/Desktop/Personal Work/Movie_data_pipeline/.venv/lib/python3.9/site-packages/airflow/example_dags/example_params_ui_tutorial.py
[2024-12-21T10:24:08.911+0530] {processor.py:914} INFO - Processing file /Users/jayesh/Desktop/Personal Work/Movie_data_pipeline/.venv/lib/python3.9/site-packages/airflow/example_dags/example_params_ui_tutorial.py for tasks to queue
[2024-12-21T10:24:08.913+0530] {logging_mixin.py:190} INFO - [2024-12-21T10:24:08.913+0530] {dagbag.py:588} INFO - Filling up the DagBag from /Users/jayesh/Desktop/Personal Work/Movie_data_pipeline/.venv/lib/python3.9/site-packages/airflow/example_dags/example_params_ui_tutorial.py
[2024-12-21T10:24:08.975+0530] {processor.py:925} INFO - DAG(s) 'example_params_ui_tutorial' retrieved from /Users/jayesh/Desktop/Personal Work/Movie_data_pipeline/.venv/lib/python3.9/site-packages/airflow/example_dags/example_params_ui_tutorial.py
[2024-12-21T10:24:09.601+0530] {logging_mixin.py:190} INFO - [2024-12-21T10:24:09.600+0530] {dag.py:3239} INFO - Sync 1 DAGs
[2024-12-21T10:24:09.628+0530] {logging_mixin.py:190} INFO - [2024-12-21T10:24:09.627+0530] {dag.py:4180} INFO - Setting next_dagrun for example_params_ui_tutorial to None, run_after=None
[2024-12-21T10:24:09.671+0530] {processor.py:208} INFO - Processing /Users/jayesh/Desktop/Personal Work/Movie_data_pipeline/.venv/lib/python3.9/site-packages/airflow/example_dags/example_params_ui_tutorial.py took 0.766 seconds
[2024-12-21T10:26:19.292+0530] {processor.py:186} INFO - Started process (PID=2668) to work on /Users/jayesh/Desktop/Personal Work/Movie_data_pipeline/.venv/lib/python3.9/site-packages/airflow/example_dags/example_params_ui_tutorial.py
[2024-12-21T10:26:19.294+0530] {processor.py:914} INFO - Processing file /Users/jayesh/Desktop/Personal Work/Movie_data_pipeline/.venv/lib/python3.9/site-packages/airflow/example_dags/example_params_ui_tutorial.py for tasks to queue
[2024-12-21T10:26:19.296+0530] {logging_mixin.py:190} INFO - [2024-12-21T10:26:19.295+0530] {dagbag.py:588} INFO - Filling up the DagBag from /Users/jayesh/Desktop/Personal Work/Movie_data_pipeline/.venv/lib/python3.9/site-packages/airflow/example_dags/example_params_ui_tutorial.py
[2024-12-21T10:26:19.354+0530] {processor.py:925} INFO - DAG(s) 'example_params_ui_tutorial' retrieved from /Users/jayesh/Desktop/Personal Work/Movie_data_pipeline/.venv/lib/python3.9/site-packages/airflow/example_dags/example_params_ui_tutorial.py
[2024-12-21T10:26:19.638+0530] {logging_mixin.py:190} INFO - [2024-12-21T10:26:19.638+0530] {dag.py:3239} INFO - Sync 1 DAGs
[2024-12-21T10:26:19.659+0530] {logging_mixin.py:190} INFO - [2024-12-21T10:26:19.659+0530] {dag.py:4180} INFO - Setting next_dagrun for example_params_ui_tutorial to None, run_after=None
[2024-12-21T10:26:19.685+0530] {processor.py:208} INFO - Processing /Users/jayesh/Desktop/Personal Work/Movie_data_pipeline/.venv/lib/python3.9/site-packages/airflow/example_dags/example_params_ui_tutorial.py took 0.402 seconds
[2024-12-21T10:28:53.108+0530] {processor.py:186} INFO - Started process (PID=3091) to work on /Users/jayesh/Desktop/Personal Work/Movie_data_pipeline/.venv/lib/python3.9/site-packages/airflow/example_dags/example_params_ui_tutorial.py
[2024-12-21T10:28:53.109+0530] {processor.py:914} INFO - Processing file /Users/jayesh/Desktop/Personal Work/Movie_data_pipeline/.venv/lib/python3.9/site-packages/airflow/example_dags/example_params_ui_tutorial.py for tasks to queue
[2024-12-21T10:28:53.111+0530] {logging_mixin.py:190} INFO - [2024-12-21T10:28:53.111+0530] {dagbag.py:588} INFO - Filling up the DagBag from /Users/jayesh/Desktop/Personal Work/Movie_data_pipeline/.venv/lib/python3.9/site-packages/airflow/example_dags/example_params_ui_tutorial.py
[2024-12-21T10:28:53.159+0530] {processor.py:925} INFO - DAG(s) 'example_params_ui_tutorial' retrieved from /Users/jayesh/Desktop/Personal Work/Movie_data_pipeline/.venv/lib/python3.9/site-packages/airflow/example_dags/example_params_ui_tutorial.py
[2024-12-21T10:28:53.494+0530] {logging_mixin.py:190} INFO - [2024-12-21T10:28:53.494+0530] {dag.py:3239} INFO - Sync 1 DAGs
[2024-12-21T10:28:53.519+0530] {logging_mixin.py:190} INFO - [2024-12-21T10:28:53.518+0530] {dag.py:4180} INFO - Setting next_dagrun for example_params_ui_tutorial to None, run_after=None
[2024-12-21T10:28:53.553+0530] {processor.py:208} INFO - Processing /Users/jayesh/Desktop/Personal Work/Movie_data_pipeline/.venv/lib/python3.9/site-packages/airflow/example_dags/example_params_ui_tutorial.py took 0.449 seconds
[2024-12-21T10:48:29.961+0530] {processor.py:186} INFO - Started process (PID=4214) to work on /Users/jayesh/Desktop/Personal Work/Movie_data_pipeline/.venv/lib/python3.9/site-packages/airflow/example_dags/example_params_ui_tutorial.py
[2024-12-21T10:48:29.963+0530] {processor.py:914} INFO - Processing file /Users/jayesh/Desktop/Personal Work/Movie_data_pipeline/.venv/lib/python3.9/site-packages/airflow/example_dags/example_params_ui_tutorial.py for tasks to queue
[2024-12-21T10:48:29.965+0530] {logging_mixin.py:190} INFO - [2024-12-21T10:48:29.965+0530] {dagbag.py:588} INFO - Filling up the DagBag from /Users/jayesh/Desktop/Personal Work/Movie_data_pipeline/.venv/lib/python3.9/site-packages/airflow/example_dags/example_params_ui_tutorial.py
[2024-12-21T10:48:30.015+0530] {processor.py:925} INFO - DAG(s) 'example_params_ui_tutorial' retrieved from /Users/jayesh/Desktop/Personal Work/Movie_data_pipeline/.venv/lib/python3.9/site-packages/airflow/example_dags/example_params_ui_tutorial.py
[2024-12-21T10:48:30.268+0530] {logging_mixin.py:190} INFO - [2024-12-21T10:48:30.267+0530] {dag.py:3239} INFO - Sync 1 DAGs
[2024-12-21T10:48:30.287+0530] {logging_mixin.py:190} INFO - [2024-12-21T10:48:30.286+0530] {dag.py:4180} INFO - Setting next_dagrun for example_params_ui_tutorial to None, run_after=None
[2024-12-21T10:48:30.315+0530] {processor.py:208} INFO - Processing /Users/jayesh/Desktop/Personal Work/Movie_data_pipeline/.venv/lib/python3.9/site-packages/airflow/example_dags/example_params_ui_tutorial.py took 0.359 seconds
[2024-12-21T10:50:51.810+0530] {processor.py:186} INFO - Started process (PID=4679) to work on /Users/jayesh/Desktop/Personal Work/Movie_data_pipeline/.venv/lib/python3.9/site-packages/airflow/example_dags/example_params_ui_tutorial.py
[2024-12-21T10:50:51.814+0530] {processor.py:914} INFO - Processing file /Users/jayesh/Desktop/Personal Work/Movie_data_pipeline/.venv/lib/python3.9/site-packages/airflow/example_dags/example_params_ui_tutorial.py for tasks to queue
[2024-12-21T10:50:51.821+0530] {logging_mixin.py:190} INFO - [2024-12-21T10:50:51.820+0530] {dagbag.py:588} INFO - Filling up the DagBag from /Users/jayesh/Desktop/Personal Work/Movie_data_pipeline/.venv/lib/python3.9/site-packages/airflow/example_dags/example_params_ui_tutorial.py
[2024-12-21T10:50:51.955+0530] {processor.py:925} INFO - DAG(s) 'example_params_ui_tutorial' retrieved from /Users/jayesh/Desktop/Personal Work/Movie_data_pipeline/.venv/lib/python3.9/site-packages/airflow/example_dags/example_params_ui_tutorial.py
[2024-12-21T10:50:52.362+0530] {logging_mixin.py:190} INFO - [2024-12-21T10:50:52.362+0530] {dag.py:3239} INFO - Sync 1 DAGs
[2024-12-21T10:50:52.391+0530] {logging_mixin.py:190} INFO - [2024-12-21T10:50:52.391+0530] {dag.py:4180} INFO - Setting next_dagrun for example_params_ui_tutorial to None, run_after=None
[2024-12-21T10:50:52.453+0530] {processor.py:208} INFO - Processing /Users/jayesh/Desktop/Personal Work/Movie_data_pipeline/.venv/lib/python3.9/site-packages/airflow/example_dags/example_params_ui_tutorial.py took 0.656 seconds
[2024-12-21T11:55:39.567+0530] {processor.py:186} INFO - Started process (PID=6723) to work on /Users/jayesh/Desktop/Personal Work/Movie_data_pipeline/.venv/lib/python3.9/site-packages/airflow/example_dags/example_params_ui_tutorial.py
[2024-12-21T11:55:39.569+0530] {processor.py:914} INFO - Processing file /Users/jayesh/Desktop/Personal Work/Movie_data_pipeline/.venv/lib/python3.9/site-packages/airflow/example_dags/example_params_ui_tutorial.py for tasks to queue
[2024-12-21T11:55:39.572+0530] {logging_mixin.py:190} INFO - [2024-12-21T11:55:39.572+0530] {dagbag.py:588} INFO - Filling up the DagBag from /Users/jayesh/Desktop/Personal Work/Movie_data_pipeline/.venv/lib/python3.9/site-packages/airflow/example_dags/example_params_ui_tutorial.py
[2024-12-21T11:55:39.637+0530] {processor.py:925} INFO - DAG(s) 'example_params_ui_tutorial' retrieved from /Users/jayesh/Desktop/Personal Work/Movie_data_pipeline/.venv/lib/python3.9/site-packages/airflow/example_dags/example_params_ui_tutorial.py
[2024-12-21T11:55:39.972+0530] {logging_mixin.py:190} INFO - [2024-12-21T11:55:39.972+0530] {dag.py:3239} INFO - Sync 1 DAGs
[2024-12-21T11:55:39.997+0530] {logging_mixin.py:190} INFO - [2024-12-21T11:55:39.997+0530] {dag.py:4180} INFO - Setting next_dagrun for example_params_ui_tutorial to None, run_after=None
[2024-12-21T11:55:40.030+0530] {processor.py:208} INFO - Processing /Users/jayesh/Desktop/Personal Work/Movie_data_pipeline/.venv/lib/python3.9/site-packages/airflow/example_dags/example_params_ui_tutorial.py took 0.470 seconds
[2024-12-21T11:57:51.809+0530] {processor.py:186} INFO - Started process (PID=7202) to work on /Users/jayesh/Desktop/Personal Work/Movie_data_pipeline/.venv/lib/python3.9/site-packages/airflow/example_dags/example_params_ui_tutorial.py
[2024-12-21T11:57:51.812+0530] {processor.py:914} INFO - Processing file /Users/jayesh/Desktop/Personal Work/Movie_data_pipeline/.venv/lib/python3.9/site-packages/airflow/example_dags/example_params_ui_tutorial.py for tasks to queue
[2024-12-21T11:57:51.817+0530] {logging_mixin.py:190} INFO - [2024-12-21T11:57:51.817+0530] {dagbag.py:588} INFO - Filling up the DagBag from /Users/jayesh/Desktop/Personal Work/Movie_data_pipeline/.venv/lib/python3.9/site-packages/airflow/example_dags/example_params_ui_tutorial.py
[2024-12-21T11:57:52.176+0530] {processor.py:925} INFO - DAG(s) 'example_params_ui_tutorial' retrieved from /Users/jayesh/Desktop/Personal Work/Movie_data_pipeline/.venv/lib/python3.9/site-packages/airflow/example_dags/example_params_ui_tutorial.py
[2024-12-21T11:57:52.639+0530] {logging_mixin.py:190} INFO - [2024-12-21T11:57:52.638+0530] {dag.py:3239} INFO - Sync 1 DAGs
[2024-12-21T11:57:52.667+0530] {logging_mixin.py:190} INFO - [2024-12-21T11:57:52.667+0530] {dag.py:4180} INFO - Setting next_dagrun for example_params_ui_tutorial to None, run_after=None
[2024-12-21T11:57:52.695+0530] {processor.py:208} INFO - Processing /Users/jayesh/Desktop/Personal Work/Movie_data_pipeline/.venv/lib/python3.9/site-packages/airflow/example_dags/example_params_ui_tutorial.py took 0.918 seconds
[2024-12-21T12:01:03.632+0530] {processor.py:186} INFO - Started process (PID=7887) to work on /Users/jayesh/Desktop/Personal Work/Movie_data_pipeline/.venv/lib/python3.9/site-packages/airflow/example_dags/example_params_ui_tutorial.py
[2024-12-21T12:01:03.637+0530] {processor.py:914} INFO - Processing file /Users/jayesh/Desktop/Personal Work/Movie_data_pipeline/.venv/lib/python3.9/site-packages/airflow/example_dags/example_params_ui_tutorial.py for tasks to queue
[2024-12-21T12:01:03.639+0530] {logging_mixin.py:190} INFO - [2024-12-21T12:01:03.639+0530] {dagbag.py:588} INFO - Filling up the DagBag from /Users/jayesh/Desktop/Personal Work/Movie_data_pipeline/.venv/lib/python3.9/site-packages/airflow/example_dags/example_params_ui_tutorial.py
[2024-12-21T12:01:03.712+0530] {processor.py:925} INFO - DAG(s) 'example_params_ui_tutorial' retrieved from /Users/jayesh/Desktop/Personal Work/Movie_data_pipeline/.venv/lib/python3.9/site-packages/airflow/example_dags/example_params_ui_tutorial.py
[2024-12-21T12:01:03.980+0530] {logging_mixin.py:190} INFO - [2024-12-21T12:01:03.979+0530] {dag.py:3239} INFO - Sync 1 DAGs
[2024-12-21T12:01:03.999+0530] {logging_mixin.py:190} INFO - [2024-12-21T12:01:03.999+0530] {dag.py:4180} INFO - Setting next_dagrun for example_params_ui_tutorial to None, run_after=None
[2024-12-21T12:01:04.027+0530] {processor.py:208} INFO - Processing /Users/jayesh/Desktop/Personal Work/Movie_data_pipeline/.venv/lib/python3.9/site-packages/airflow/example_dags/example_params_ui_tutorial.py took 0.403 seconds
[2024-12-21T12:04:41.672+0530] {processor.py:186} INFO - Started process (PID=8637) to work on /Users/jayesh/Desktop/Personal Work/Movie_data_pipeline/.venv/lib/python3.9/site-packages/airflow/example_dags/example_params_ui_tutorial.py
[2024-12-21T12:04:41.675+0530] {processor.py:914} INFO - Processing file /Users/jayesh/Desktop/Personal Work/Movie_data_pipeline/.venv/lib/python3.9/site-packages/airflow/example_dags/example_params_ui_tutorial.py for tasks to queue
[2024-12-21T12:04:41.677+0530] {logging_mixin.py:190} INFO - [2024-12-21T12:04:41.677+0530] {dagbag.py:588} INFO - Filling up the DagBag from /Users/jayesh/Desktop/Personal Work/Movie_data_pipeline/.venv/lib/python3.9/site-packages/airflow/example_dags/example_params_ui_tutorial.py
[2024-12-21T12:04:41.766+0530] {processor.py:925} INFO - DAG(s) 'example_params_ui_tutorial' retrieved from /Users/jayesh/Desktop/Personal Work/Movie_data_pipeline/.venv/lib/python3.9/site-packages/airflow/example_dags/example_params_ui_tutorial.py
[2024-12-21T12:04:42.057+0530] {logging_mixin.py:190} INFO - [2024-12-21T12:04:42.057+0530] {dag.py:3239} INFO - Sync 1 DAGs
[2024-12-21T12:04:42.078+0530] {logging_mixin.py:190} INFO - [2024-12-21T12:04:42.078+0530] {dag.py:4180} INFO - Setting next_dagrun for example_params_ui_tutorial to None, run_after=None
[2024-12-21T12:04:42.104+0530] {processor.py:208} INFO - Processing /Users/jayesh/Desktop/Personal Work/Movie_data_pipeline/.venv/lib/python3.9/site-packages/airflow/example_dags/example_params_ui_tutorial.py took 0.437 seconds
[2024-12-21T22:32:17.718+0530] {processor.py:186} INFO - Started process (PID=15975) to work on /Users/jayesh/Desktop/Personal Work/Movie_data_pipeline/.venv/lib/python3.9/site-packages/airflow/example_dags/example_params_ui_tutorial.py
[2024-12-21T22:32:17.722+0530] {processor.py:914} INFO - Processing file /Users/jayesh/Desktop/Personal Work/Movie_data_pipeline/.venv/lib/python3.9/site-packages/airflow/example_dags/example_params_ui_tutorial.py for tasks to queue
[2024-12-21T22:32:17.730+0530] {logging_mixin.py:190} INFO - [2024-12-21T22:32:17.728+0530] {dagbag.py:588} INFO - Filling up the DagBag from /Users/jayesh/Desktop/Personal Work/Movie_data_pipeline/.venv/lib/python3.9/site-packages/airflow/example_dags/example_params_ui_tutorial.py
[2024-12-21T22:32:17.779+0530] {processor.py:925} INFO - DAG(s) 'example_params_ui_tutorial' retrieved from /Users/jayesh/Desktop/Personal Work/Movie_data_pipeline/.venv/lib/python3.9/site-packages/airflow/example_dags/example_params_ui_tutorial.py
[2024-12-21T22:32:18.153+0530] {logging_mixin.py:190} INFO - [2024-12-21T22:32:18.152+0530] {dag.py:3239} INFO - Sync 1 DAGs
[2024-12-21T22:32:18.224+0530] {logging_mixin.py:190} INFO - [2024-12-21T22:32:18.222+0530] {dag.py:4180} INFO - Setting next_dagrun for example_params_ui_tutorial to None, run_after=None
[2024-12-21T22:32:18.316+0530] {processor.py:208} INFO - Processing /Users/jayesh/Desktop/Personal Work/Movie_data_pipeline/.venv/lib/python3.9/site-packages/airflow/example_dags/example_params_ui_tutorial.py took 0.622 seconds
[2024-12-21T22:32:51.657+0530] {processor.py:186} INFO - Started process (PID=16217) to work on /Users/jayesh/Desktop/Personal Work/Movie_data_pipeline/.venv/lib/python3.9/site-packages/airflow/example_dags/example_params_ui_tutorial.py
[2024-12-21T22:32:51.663+0530] {processor.py:914} INFO - Processing file /Users/jayesh/Desktop/Personal Work/Movie_data_pipeline/.venv/lib/python3.9/site-packages/airflow/example_dags/example_params_ui_tutorial.py for tasks to queue
[2024-12-21T22:32:51.675+0530] {logging_mixin.py:190} INFO - [2024-12-21T22:32:51.671+0530] {dagbag.py:588} INFO - Filling up the DagBag from /Users/jayesh/Desktop/Personal Work/Movie_data_pipeline/.venv/lib/python3.9/site-packages/airflow/example_dags/example_params_ui_tutorial.py
[2024-12-21T22:32:51.720+0530] {processor.py:925} INFO - DAG(s) 'example_params_ui_tutorial' retrieved from /Users/jayesh/Desktop/Personal Work/Movie_data_pipeline/.venv/lib/python3.9/site-packages/airflow/example_dags/example_params_ui_tutorial.py
[2024-12-21T22:32:52.075+0530] {logging_mixin.py:190} INFO - [2024-12-21T22:32:52.070+0530] {dag.py:3239} INFO - Sync 1 DAGs
[2024-12-21T22:32:52.205+0530] {logging_mixin.py:190} INFO - [2024-12-21T22:32:52.204+0530] {dag.py:4180} INFO - Setting next_dagrun for example_params_ui_tutorial to None, run_after=None
[2024-12-21T22:32:52.412+0530] {processor.py:208} INFO - Processing /Users/jayesh/Desktop/Personal Work/Movie_data_pipeline/.venv/lib/python3.9/site-packages/airflow/example_dags/example_params_ui_tutorial.py took 0.777 seconds
[2024-12-21T22:33:23.371+0530] {processor.py:186} INFO - Started process (PID=16420) to work on /Users/jayesh/Desktop/Personal Work/Movie_data_pipeline/.venv/lib/python3.9/site-packages/airflow/example_dags/example_params_ui_tutorial.py
[2024-12-21T22:33:23.375+0530] {processor.py:914} INFO - Processing file /Users/jayesh/Desktop/Personal Work/Movie_data_pipeline/.venv/lib/python3.9/site-packages/airflow/example_dags/example_params_ui_tutorial.py for tasks to queue
[2024-12-21T22:33:23.381+0530] {logging_mixin.py:190} INFO - [2024-12-21T22:33:23.380+0530] {dagbag.py:588} INFO - Filling up the DagBag from /Users/jayesh/Desktop/Personal Work/Movie_data_pipeline/.venv/lib/python3.9/site-packages/airflow/example_dags/example_params_ui_tutorial.py
[2024-12-21T22:33:23.402+0530] {processor.py:925} INFO - DAG(s) 'example_params_ui_tutorial' retrieved from /Users/jayesh/Desktop/Personal Work/Movie_data_pipeline/.venv/lib/python3.9/site-packages/airflow/example_dags/example_params_ui_tutorial.py
[2024-12-21T22:33:23.605+0530] {logging_mixin.py:190} INFO - [2024-12-21T22:33:23.604+0530] {dag.py:3239} INFO - Sync 1 DAGs
[2024-12-21T22:33:23.636+0530] {logging_mixin.py:190} INFO - [2024-12-21T22:33:23.636+0530] {dag.py:4180} INFO - Setting next_dagrun for example_params_ui_tutorial to None, run_after=None
[2024-12-21T22:33:23.675+0530] {processor.py:208} INFO - Processing /Users/jayesh/Desktop/Personal Work/Movie_data_pipeline/.venv/lib/python3.9/site-packages/airflow/example_dags/example_params_ui_tutorial.py took 0.318 seconds
[2024-12-21T23:52:59.171+0530] {processor.py:186} INFO - Started process (PID=18090) to work on /Users/jayesh/Desktop/Personal Work/Movie_data_pipeline/.venv/lib/python3.9/site-packages/airflow/example_dags/example_params_ui_tutorial.py
[2024-12-21T23:52:59.174+0530] {processor.py:914} INFO - Processing file /Users/jayesh/Desktop/Personal Work/Movie_data_pipeline/.venv/lib/python3.9/site-packages/airflow/example_dags/example_params_ui_tutorial.py for tasks to queue
[2024-12-21T23:52:59.181+0530] {logging_mixin.py:190} INFO - [2024-12-21T23:52:59.180+0530] {dagbag.py:588} INFO - Filling up the DagBag from /Users/jayesh/Desktop/Personal Work/Movie_data_pipeline/.venv/lib/python3.9/site-packages/airflow/example_dags/example_params_ui_tutorial.py
[2024-12-21T23:52:59.221+0530] {processor.py:925} INFO - DAG(s) 'example_params_ui_tutorial' retrieved from /Users/jayesh/Desktop/Personal Work/Movie_data_pipeline/.venv/lib/python3.9/site-packages/airflow/example_dags/example_params_ui_tutorial.py
[2024-12-21T23:53:00.300+0530] {logging_mixin.py:190} INFO - [2024-12-21T23:53:00.299+0530] {dag.py:3239} INFO - Sync 1 DAGs
[2024-12-21T23:53:00.502+0530] {logging_mixin.py:190} INFO - [2024-12-21T23:53:00.501+0530] {dag.py:4180} INFO - Setting next_dagrun for example_params_ui_tutorial to None, run_after=None
[2024-12-21T23:53:00.775+0530] {processor.py:208} INFO - Processing /Users/jayesh/Desktop/Personal Work/Movie_data_pipeline/.venv/lib/python3.9/site-packages/airflow/example_dags/example_params_ui_tutorial.py took 1.623 seconds
[2024-12-21T23:53:31.590+0530] {processor.py:186} INFO - Started process (PID=18314) to work on /Users/jayesh/Desktop/Personal Work/Movie_data_pipeline/.venv/lib/python3.9/site-packages/airflow/example_dags/example_params_ui_tutorial.py
[2024-12-21T23:53:31.594+0530] {processor.py:914} INFO - Processing file /Users/jayesh/Desktop/Personal Work/Movie_data_pipeline/.venv/lib/python3.9/site-packages/airflow/example_dags/example_params_ui_tutorial.py for tasks to queue
[2024-12-21T23:53:31.612+0530] {logging_mixin.py:190} INFO - [2024-12-21T23:53:31.610+0530] {dagbag.py:588} INFO - Filling up the DagBag from /Users/jayesh/Desktop/Personal Work/Movie_data_pipeline/.venv/lib/python3.9/site-packages/airflow/example_dags/example_params_ui_tutorial.py
[2024-12-21T23:53:31.664+0530] {processor.py:925} INFO - DAG(s) 'example_params_ui_tutorial' retrieved from /Users/jayesh/Desktop/Personal Work/Movie_data_pipeline/.venv/lib/python3.9/site-packages/airflow/example_dags/example_params_ui_tutorial.py
[2024-12-21T23:53:31.898+0530] {logging_mixin.py:190} INFO - [2024-12-21T23:53:31.897+0530] {dag.py:3239} INFO - Sync 1 DAGs
[2024-12-21T23:53:31.962+0530] {logging_mixin.py:190} INFO - [2024-12-21T23:53:31.962+0530] {dag.py:4180} INFO - Setting next_dagrun for example_params_ui_tutorial to None, run_after=None
[2024-12-21T23:53:32.029+0530] {processor.py:208} INFO - Processing /Users/jayesh/Desktop/Personal Work/Movie_data_pipeline/.venv/lib/python3.9/site-packages/airflow/example_dags/example_params_ui_tutorial.py took 0.470 seconds
