[2024-12-21T10:23:44.481+0530] {processor.py:186} INFO - Started process (PID=2290) to work on /Users/jayesh/Desktop/Personal Work/Movie_data_pipeline/.venv/lib/python3.9/site-packages/airflow/example_dags/example_short_circuit_operator.py
[2024-12-21T10:23:44.482+0530] {processor.py:914} INFO - Processing file /Users/jayesh/Desktop/Personal Work/Movie_data_pipeline/.venv/lib/python3.9/site-packages/airflow/example_dags/example_short_circuit_operator.py for tasks to queue
[2024-12-21T10:23:44.484+0530] {logging_mixin.py:190} INFO - [2024-12-21T10:23:44.484+0530] {dagbag.py:588} INFO - Filling up the DagBag from /Users/jayesh/Desktop/Personal Work/Movie_data_pipeline/.venv/lib/python3.9/site-packages/airflow/example_dags/example_short_circuit_operator.py
[2024-12-21T10:23:44.532+0530] {processor.py:925} INFO - DAG(s) 'example_short_circuit_operator' retrieved from /Users/jayesh/Desktop/Personal Work/Movie_data_pipeline/.venv/lib/python3.9/site-packages/airflow/example_dags/example_short_circuit_operator.py
[2024-12-21T10:23:44.979+0530] {logging_mixin.py:190} INFO - [2024-12-21T10:23:44.979+0530] {dag.py:3239} INFO - Sync 1 DAGs
[2024-12-21T10:23:45.007+0530] {logging_mixin.py:190} INFO - [2024-12-21T10:23:45.006+0530] {dag.py:4180} INFO - Setting next_dagrun for example_short_circuit_operator to None, run_after=None
[2024-12-21T10:23:45.033+0530] {processor.py:208} INFO - Processing /Users/jayesh/Desktop/Personal Work/Movie_data_pipeline/.venv/lib/python3.9/site-packages/airflow/example_dags/example_short_circuit_operator.py took 0.558 seconds
[2024-12-21T10:26:02.958+0530] {processor.py:186} INFO - Started process (PID=2624) to work on /Users/jayesh/Desktop/Personal Work/Movie_data_pipeline/.venv/lib/python3.9/site-packages/airflow/example_dags/example_short_circuit_operator.py
[2024-12-21T10:26:02.960+0530] {processor.py:914} INFO - Processing file /Users/jayesh/Desktop/Personal Work/Movie_data_pipeline/.venv/lib/python3.9/site-packages/airflow/example_dags/example_short_circuit_operator.py for tasks to queue
[2024-12-21T10:26:02.962+0530] {logging_mixin.py:190} INFO - [2024-12-21T10:26:02.961+0530] {dagbag.py:588} INFO - Filling up the DagBag from /Users/jayesh/Desktop/Personal Work/Movie_data_pipeline/.venv/lib/python3.9/site-packages/airflow/example_dags/example_short_circuit_operator.py
[2024-12-21T10:26:02.996+0530] {processor.py:925} INFO - DAG(s) 'example_short_circuit_operator' retrieved from /Users/jayesh/Desktop/Personal Work/Movie_data_pipeline/.venv/lib/python3.9/site-packages/airflow/example_dags/example_short_circuit_operator.py
[2024-12-21T10:26:03.199+0530] {logging_mixin.py:190} INFO - [2024-12-21T10:26:03.198+0530] {dag.py:3239} INFO - Sync 1 DAGs
[2024-12-21T10:26:03.240+0530] {logging_mixin.py:190} INFO - [2024-12-21T10:26:03.239+0530] {dag.py:4180} INFO - Setting next_dagrun for example_short_circuit_operator to None, run_after=None
[2024-12-21T10:26:03.281+0530] {processor.py:208} INFO - Processing /Users/jayesh/Desktop/Personal Work/Movie_data_pipeline/.venv/lib/python3.9/site-packages/airflow/example_dags/example_short_circuit_operator.py took 0.328 seconds
[2024-12-21T10:28:34.954+0530] {processor.py:186} INFO - Started process (PID=3045) to work on /Users/jayesh/Desktop/Personal Work/Movie_data_pipeline/.venv/lib/python3.9/site-packages/airflow/example_dags/example_short_circuit_operator.py
[2024-12-21T10:28:34.956+0530] {processor.py:914} INFO - Processing file /Users/jayesh/Desktop/Personal Work/Movie_data_pipeline/.venv/lib/python3.9/site-packages/airflow/example_dags/example_short_circuit_operator.py for tasks to queue
[2024-12-21T10:28:34.957+0530] {logging_mixin.py:190} INFO - [2024-12-21T10:28:34.957+0530] {dagbag.py:588} INFO - Filling up the DagBag from /Users/jayesh/Desktop/Personal Work/Movie_data_pipeline/.venv/lib/python3.9/site-packages/airflow/example_dags/example_short_circuit_operator.py
[2024-12-21T10:28:35.002+0530] {processor.py:925} INFO - DAG(s) 'example_short_circuit_operator' retrieved from /Users/jayesh/Desktop/Personal Work/Movie_data_pipeline/.venv/lib/python3.9/site-packages/airflow/example_dags/example_short_circuit_operator.py
[2024-12-21T10:28:35.258+0530] {logging_mixin.py:190} INFO - [2024-12-21T10:28:35.257+0530] {dag.py:3239} INFO - Sync 1 DAGs
[2024-12-21T10:28:35.285+0530] {logging_mixin.py:190} INFO - [2024-12-21T10:28:35.284+0530] {dag.py:4180} INFO - Setting next_dagrun for example_short_circuit_operator to None, run_after=None
[2024-12-21T10:28:35.314+0530] {processor.py:208} INFO - Processing /Users/jayesh/Desktop/Personal Work/Movie_data_pipeline/.venv/lib/python3.9/site-packages/airflow/example_dags/example_short_circuit_operator.py took 0.364 seconds
[2024-12-21T10:30:00.400+0530] {processor.py:186} INFO - Started process (PID=3279) to work on /Users/jayesh/Desktop/Personal Work/Movie_data_pipeline/.venv/lib/python3.9/site-packages/airflow/example_dags/example_short_circuit_operator.py
[2024-12-21T10:30:00.401+0530] {processor.py:914} INFO - Processing file /Users/jayesh/Desktop/Personal Work/Movie_data_pipeline/.venv/lib/python3.9/site-packages/airflow/example_dags/example_short_circuit_operator.py for tasks to queue
[2024-12-21T10:30:00.404+0530] {logging_mixin.py:190} INFO - [2024-12-21T10:30:00.403+0530] {dagbag.py:588} INFO - Filling up the DagBag from /Users/jayesh/Desktop/Personal Work/Movie_data_pipeline/.venv/lib/python3.9/site-packages/airflow/example_dags/example_short_circuit_operator.py
[2024-12-21T10:30:00.448+0530] {processor.py:925} INFO - DAG(s) 'example_short_circuit_operator' retrieved from /Users/jayesh/Desktop/Personal Work/Movie_data_pipeline/.venv/lib/python3.9/site-packages/airflow/example_dags/example_short_circuit_operator.py
[2024-12-21T10:30:00.727+0530] {logging_mixin.py:190} INFO - [2024-12-21T10:30:00.727+0530] {dag.py:3239} INFO - Sync 1 DAGs
[2024-12-21T10:30:00.757+0530] {logging_mixin.py:190} INFO - [2024-12-21T10:30:00.757+0530] {dag.py:4180} INFO - Setting next_dagrun for example_short_circuit_operator to None, run_after=None
[2024-12-21T10:30:00.789+0530] {processor.py:208} INFO - Processing /Users/jayesh/Desktop/Personal Work/Movie_data_pipeline/.venv/lib/python3.9/site-packages/airflow/example_dags/example_short_circuit_operator.py took 0.396 seconds
[2024-12-21T10:48:10.576+0530] {processor.py:186} INFO - Started process (PID=4155) to work on /Users/jayesh/Desktop/Personal Work/Movie_data_pipeline/.venv/lib/python3.9/site-packages/airflow/example_dags/example_short_circuit_operator.py
[2024-12-21T10:48:10.578+0530] {processor.py:914} INFO - Processing file /Users/jayesh/Desktop/Personal Work/Movie_data_pipeline/.venv/lib/python3.9/site-packages/airflow/example_dags/example_short_circuit_operator.py for tasks to queue
[2024-12-21T10:48:10.580+0530] {logging_mixin.py:190} INFO - [2024-12-21T10:48:10.579+0530] {dagbag.py:588} INFO - Filling up the DagBag from /Users/jayesh/Desktop/Personal Work/Movie_data_pipeline/.venv/lib/python3.9/site-packages/airflow/example_dags/example_short_circuit_operator.py
[2024-12-21T10:48:10.613+0530] {processor.py:925} INFO - DAG(s) 'example_short_circuit_operator' retrieved from /Users/jayesh/Desktop/Personal Work/Movie_data_pipeline/.venv/lib/python3.9/site-packages/airflow/example_dags/example_short_circuit_operator.py
[2024-12-21T10:48:10.815+0530] {logging_mixin.py:190} INFO - [2024-12-21T10:48:10.814+0530] {dag.py:3239} INFO - Sync 1 DAGs
[2024-12-21T10:48:10.842+0530] {logging_mixin.py:190} INFO - [2024-12-21T10:48:10.841+0530] {dag.py:4180} INFO - Setting next_dagrun for example_short_circuit_operator to None, run_after=None
[2024-12-21T10:48:10.871+0530] {processor.py:208} INFO - Processing /Users/jayesh/Desktop/Personal Work/Movie_data_pipeline/.venv/lib/python3.9/site-packages/airflow/example_dags/example_short_circuit_operator.py took 0.300 seconds
[2024-12-21T10:50:26.726+0530] {processor.py:186} INFO - Started process (PID=4586) to work on /Users/jayesh/Desktop/Personal Work/Movie_data_pipeline/.venv/lib/python3.9/site-packages/airflow/example_dags/example_short_circuit_operator.py
[2024-12-21T10:50:26.728+0530] {processor.py:914} INFO - Processing file /Users/jayesh/Desktop/Personal Work/Movie_data_pipeline/.venv/lib/python3.9/site-packages/airflow/example_dags/example_short_circuit_operator.py for tasks to queue
[2024-12-21T10:50:26.730+0530] {logging_mixin.py:190} INFO - [2024-12-21T10:50:26.729+0530] {dagbag.py:588} INFO - Filling up the DagBag from /Users/jayesh/Desktop/Personal Work/Movie_data_pipeline/.venv/lib/python3.9/site-packages/airflow/example_dags/example_short_circuit_operator.py
[2024-12-21T10:50:26.780+0530] {processor.py:925} INFO - DAG(s) 'example_short_circuit_operator' retrieved from /Users/jayesh/Desktop/Personal Work/Movie_data_pipeline/.venv/lib/python3.9/site-packages/airflow/example_dags/example_short_circuit_operator.py
[2024-12-21T10:50:27.037+0530] {logging_mixin.py:190} INFO - [2024-12-21T10:50:27.037+0530] {dag.py:3239} INFO - Sync 1 DAGs
[2024-12-21T10:50:27.061+0530] {logging_mixin.py:190} INFO - [2024-12-21T10:50:27.061+0530] {dag.py:4180} INFO - Setting next_dagrun for example_short_circuit_operator to None, run_after=None
[2024-12-21T10:50:27.090+0530] {processor.py:208} INFO - Processing /Users/jayesh/Desktop/Personal Work/Movie_data_pipeline/.venv/lib/python3.9/site-packages/airflow/example_dags/example_short_circuit_operator.py took 0.371 seconds
[2024-12-21T10:52:14.191+0530] {processor.py:186} INFO - Started process (PID=4966) to work on /Users/jayesh/Desktop/Personal Work/Movie_data_pipeline/.venv/lib/python3.9/site-packages/airflow/example_dags/example_short_circuit_operator.py
[2024-12-21T10:52:14.193+0530] {processor.py:914} INFO - Processing file /Users/jayesh/Desktop/Personal Work/Movie_data_pipeline/.venv/lib/python3.9/site-packages/airflow/example_dags/example_short_circuit_operator.py for tasks to queue
[2024-12-21T10:52:14.195+0530] {logging_mixin.py:190} INFO - [2024-12-21T10:52:14.195+0530] {dagbag.py:588} INFO - Filling up the DagBag from /Users/jayesh/Desktop/Personal Work/Movie_data_pipeline/.venv/lib/python3.9/site-packages/airflow/example_dags/example_short_circuit_operator.py
[2024-12-21T10:52:14.400+0530] {processor.py:925} INFO - DAG(s) 'example_short_circuit_operator' retrieved from /Users/jayesh/Desktop/Personal Work/Movie_data_pipeline/.venv/lib/python3.9/site-packages/airflow/example_dags/example_short_circuit_operator.py
[2024-12-21T10:52:14.853+0530] {logging_mixin.py:190} INFO - [2024-12-21T10:52:14.852+0530] {dag.py:3239} INFO - Sync 1 DAGs
[2024-12-21T10:52:14.892+0530] {logging_mixin.py:190} INFO - [2024-12-21T10:52:14.892+0530] {dag.py:4180} INFO - Setting next_dagrun for example_short_circuit_operator to None, run_after=None
[2024-12-21T10:52:14.959+0530] {processor.py:208} INFO - Processing /Users/jayesh/Desktop/Personal Work/Movie_data_pipeline/.venv/lib/python3.9/site-packages/airflow/example_dags/example_short_circuit_operator.py took 0.777 seconds
[2024-12-21T11:55:19.044+0530] {processor.py:186} INFO - Started process (PID=6653) to work on /Users/jayesh/Desktop/Personal Work/Movie_data_pipeline/.venv/lib/python3.9/site-packages/airflow/example_dags/example_short_circuit_operator.py
[2024-12-21T11:55:19.047+0530] {processor.py:914} INFO - Processing file /Users/jayesh/Desktop/Personal Work/Movie_data_pipeline/.venv/lib/python3.9/site-packages/airflow/example_dags/example_short_circuit_operator.py for tasks to queue
[2024-12-21T11:55:19.050+0530] {logging_mixin.py:190} INFO - [2024-12-21T11:55:19.049+0530] {dagbag.py:588} INFO - Filling up the DagBag from /Users/jayesh/Desktop/Personal Work/Movie_data_pipeline/.venv/lib/python3.9/site-packages/airflow/example_dags/example_short_circuit_operator.py
[2024-12-21T11:55:19.098+0530] {processor.py:925} INFO - DAG(s) 'example_short_circuit_operator' retrieved from /Users/jayesh/Desktop/Personal Work/Movie_data_pipeline/.venv/lib/python3.9/site-packages/airflow/example_dags/example_short_circuit_operator.py
[2024-12-21T11:55:19.421+0530] {logging_mixin.py:190} INFO - [2024-12-21T11:55:19.421+0530] {dag.py:3239} INFO - Sync 1 DAGs
[2024-12-21T11:55:19.460+0530] {logging_mixin.py:190} INFO - [2024-12-21T11:55:19.460+0530] {dag.py:4180} INFO - Setting next_dagrun for example_short_circuit_operator to None, run_after=None
[2024-12-21T11:55:19.504+0530] {processor.py:208} INFO - Processing /Users/jayesh/Desktop/Personal Work/Movie_data_pipeline/.venv/lib/python3.9/site-packages/airflow/example_dags/example_short_circuit_operator.py took 0.471 seconds
[2024-12-21T11:57:25.210+0530] {processor.py:186} INFO - Started process (PID=7101) to work on /Users/jayesh/Desktop/Personal Work/Movie_data_pipeline/.venv/lib/python3.9/site-packages/airflow/example_dags/example_short_circuit_operator.py
[2024-12-21T11:57:25.211+0530] {processor.py:914} INFO - Processing file /Users/jayesh/Desktop/Personal Work/Movie_data_pipeline/.venv/lib/python3.9/site-packages/airflow/example_dags/example_short_circuit_operator.py for tasks to queue
[2024-12-21T11:57:25.214+0530] {logging_mixin.py:190} INFO - [2024-12-21T11:57:25.214+0530] {dagbag.py:588} INFO - Filling up the DagBag from /Users/jayesh/Desktop/Personal Work/Movie_data_pipeline/.venv/lib/python3.9/site-packages/airflow/example_dags/example_short_circuit_operator.py
[2024-12-21T11:57:25.250+0530] {processor.py:925} INFO - DAG(s) 'example_short_circuit_operator' retrieved from /Users/jayesh/Desktop/Personal Work/Movie_data_pipeline/.venv/lib/python3.9/site-packages/airflow/example_dags/example_short_circuit_operator.py
[2024-12-21T11:57:25.506+0530] {logging_mixin.py:190} INFO - [2024-12-21T11:57:25.506+0530] {dag.py:3239} INFO - Sync 1 DAGs
[2024-12-21T11:57:25.527+0530] {logging_mixin.py:190} INFO - [2024-12-21T11:57:25.526+0530] {dag.py:4180} INFO - Setting next_dagrun for example_short_circuit_operator to None, run_after=None
[2024-12-21T11:57:25.554+0530] {processor.py:208} INFO - Processing /Users/jayesh/Desktop/Personal Work/Movie_data_pipeline/.venv/lib/python3.9/site-packages/airflow/example_dags/example_short_circuit_operator.py took 0.350 seconds
[2024-12-21T11:58:58.012+0530] {processor.py:186} INFO - Started process (PID=7449) to work on /Users/jayesh/Desktop/Personal Work/Movie_data_pipeline/.venv/lib/python3.9/site-packages/airflow/example_dags/example_short_circuit_operator.py
[2024-12-21T11:58:58.014+0530] {processor.py:914} INFO - Processing file /Users/jayesh/Desktop/Personal Work/Movie_data_pipeline/.venv/lib/python3.9/site-packages/airflow/example_dags/example_short_circuit_operator.py for tasks to queue
[2024-12-21T11:58:58.017+0530] {logging_mixin.py:190} INFO - [2024-12-21T11:58:58.017+0530] {dagbag.py:588} INFO - Filling up the DagBag from /Users/jayesh/Desktop/Personal Work/Movie_data_pipeline/.venv/lib/python3.9/site-packages/airflow/example_dags/example_short_circuit_operator.py
[2024-12-21T11:58:58.052+0530] {processor.py:925} INFO - DAG(s) 'example_short_circuit_operator' retrieved from /Users/jayesh/Desktop/Personal Work/Movie_data_pipeline/.venv/lib/python3.9/site-packages/airflow/example_dags/example_short_circuit_operator.py
[2024-12-21T11:58:58.285+0530] {logging_mixin.py:190} INFO - [2024-12-21T11:58:58.285+0530] {dag.py:3239} INFO - Sync 1 DAGs
[2024-12-21T11:58:58.309+0530] {logging_mixin.py:190} INFO - [2024-12-21T11:58:58.309+0530] {dag.py:4180} INFO - Setting next_dagrun for example_short_circuit_operator to None, run_after=None
[2024-12-21T11:58:58.383+0530] {processor.py:208} INFO - Processing /Users/jayesh/Desktop/Personal Work/Movie_data_pipeline/.venv/lib/python3.9/site-packages/airflow/example_dags/example_short_circuit_operator.py took 0.376 seconds
[2024-12-21T12:00:42.463+0530] {processor.py:186} INFO - Started process (PID=7814) to work on /Users/jayesh/Desktop/Personal Work/Movie_data_pipeline/.venv/lib/python3.9/site-packages/airflow/example_dags/example_short_circuit_operator.py
[2024-12-21T12:00:42.465+0530] {processor.py:914} INFO - Processing file /Users/jayesh/Desktop/Personal Work/Movie_data_pipeline/.venv/lib/python3.9/site-packages/airflow/example_dags/example_short_circuit_operator.py for tasks to queue
[2024-12-21T12:00:42.466+0530] {logging_mixin.py:190} INFO - [2024-12-21T12:00:42.466+0530] {dagbag.py:588} INFO - Filling up the DagBag from /Users/jayesh/Desktop/Personal Work/Movie_data_pipeline/.venv/lib/python3.9/site-packages/airflow/example_dags/example_short_circuit_operator.py
[2024-12-21T12:00:42.503+0530] {processor.py:925} INFO - DAG(s) 'example_short_circuit_operator' retrieved from /Users/jayesh/Desktop/Personal Work/Movie_data_pipeline/.venv/lib/python3.9/site-packages/airflow/example_dags/example_short_circuit_operator.py
[2024-12-21T12:00:42.784+0530] {logging_mixin.py:190} INFO - [2024-12-21T12:00:42.783+0530] {dag.py:3239} INFO - Sync 1 DAGs
[2024-12-21T12:00:42.819+0530] {logging_mixin.py:190} INFO - [2024-12-21T12:00:42.819+0530] {dag.py:4180} INFO - Setting next_dagrun for example_short_circuit_operator to None, run_after=None
[2024-12-21T12:00:42.853+0530] {processor.py:208} INFO - Processing /Users/jayesh/Desktop/Personal Work/Movie_data_pipeline/.venv/lib/python3.9/site-packages/airflow/example_dags/example_short_circuit_operator.py took 0.395 seconds
[2024-12-21T12:02:22.428+0530] {processor.py:186} INFO - Started process (PID=8167) to work on /Users/jayesh/Desktop/Personal Work/Movie_data_pipeline/.venv/lib/python3.9/site-packages/airflow/example_dags/example_short_circuit_operator.py
[2024-12-21T12:02:22.430+0530] {processor.py:914} INFO - Processing file /Users/jayesh/Desktop/Personal Work/Movie_data_pipeline/.venv/lib/python3.9/site-packages/airflow/example_dags/example_short_circuit_operator.py for tasks to queue
[2024-12-21T12:02:22.432+0530] {logging_mixin.py:190} INFO - [2024-12-21T12:02:22.432+0530] {dagbag.py:588} INFO - Filling up the DagBag from /Users/jayesh/Desktop/Personal Work/Movie_data_pipeline/.venv/lib/python3.9/site-packages/airflow/example_dags/example_short_circuit_operator.py
[2024-12-21T12:02:22.570+0530] {processor.py:925} INFO - DAG(s) 'example_short_circuit_operator' retrieved from /Users/jayesh/Desktop/Personal Work/Movie_data_pipeline/.venv/lib/python3.9/site-packages/airflow/example_dags/example_short_circuit_operator.py
[2024-12-21T12:02:22.867+0530] {logging_mixin.py:190} INFO - [2024-12-21T12:02:22.866+0530] {dag.py:3239} INFO - Sync 1 DAGs
[2024-12-21T12:02:22.888+0530] {logging_mixin.py:190} INFO - [2024-12-21T12:02:22.887+0530] {dag.py:4180} INFO - Setting next_dagrun for example_short_circuit_operator to None, run_after=None
[2024-12-21T12:02:22.915+0530] {processor.py:208} INFO - Processing /Users/jayesh/Desktop/Personal Work/Movie_data_pipeline/.venv/lib/python3.9/site-packages/airflow/example_dags/example_short_circuit_operator.py took 0.493 seconds
[2024-12-21T12:04:10.702+0530] {processor.py:186} INFO - Started process (PID=8549) to work on /Users/jayesh/Desktop/Personal Work/Movie_data_pipeline/.venv/lib/python3.9/site-packages/airflow/example_dags/example_short_circuit_operator.py
[2024-12-21T12:04:10.703+0530] {processor.py:914} INFO - Processing file /Users/jayesh/Desktop/Personal Work/Movie_data_pipeline/.venv/lib/python3.9/site-packages/airflow/example_dags/example_short_circuit_operator.py for tasks to queue
[2024-12-21T12:04:10.706+0530] {logging_mixin.py:190} INFO - [2024-12-21T12:04:10.705+0530] {dagbag.py:588} INFO - Filling up the DagBag from /Users/jayesh/Desktop/Personal Work/Movie_data_pipeline/.venv/lib/python3.9/site-packages/airflow/example_dags/example_short_circuit_operator.py
[2024-12-21T12:04:10.793+0530] {processor.py:925} INFO - DAG(s) 'example_short_circuit_operator' retrieved from /Users/jayesh/Desktop/Personal Work/Movie_data_pipeline/.venv/lib/python3.9/site-packages/airflow/example_dags/example_short_circuit_operator.py
[2024-12-21T12:04:11.177+0530] {logging_mixin.py:190} INFO - [2024-12-21T12:04:11.177+0530] {dag.py:3239} INFO - Sync 1 DAGs
[2024-12-21T12:04:11.220+0530] {logging_mixin.py:190} INFO - [2024-12-21T12:04:11.219+0530] {dag.py:4180} INFO - Setting next_dagrun for example_short_circuit_operator to None, run_after=None
[2024-12-21T12:04:11.293+0530] {processor.py:208} INFO - Processing /Users/jayesh/Desktop/Personal Work/Movie_data_pipeline/.venv/lib/python3.9/site-packages/airflow/example_dags/example_short_circuit_operator.py took 0.603 seconds
[2024-12-21T12:05:52.271+0530] {processor.py:186} INFO - Started process (PID=8909) to work on /Users/jayesh/Desktop/Personal Work/Movie_data_pipeline/.venv/lib/python3.9/site-packages/airflow/example_dags/example_short_circuit_operator.py
[2024-12-21T12:05:52.275+0530] {processor.py:914} INFO - Processing file /Users/jayesh/Desktop/Personal Work/Movie_data_pipeline/.venv/lib/python3.9/site-packages/airflow/example_dags/example_short_circuit_operator.py for tasks to queue
[2024-12-21T12:05:52.278+0530] {logging_mixin.py:190} INFO - [2024-12-21T12:05:52.278+0530] {dagbag.py:588} INFO - Filling up the DagBag from /Users/jayesh/Desktop/Personal Work/Movie_data_pipeline/.venv/lib/python3.9/site-packages/airflow/example_dags/example_short_circuit_operator.py
[2024-12-21T12:05:52.340+0530] {processor.py:925} INFO - DAG(s) 'example_short_circuit_operator' retrieved from /Users/jayesh/Desktop/Personal Work/Movie_data_pipeline/.venv/lib/python3.9/site-packages/airflow/example_dags/example_short_circuit_operator.py
[2024-12-21T12:05:52.630+0530] {logging_mixin.py:190} INFO - [2024-12-21T12:05:52.630+0530] {dag.py:3239} INFO - Sync 1 DAGs
[2024-12-21T12:05:52.651+0530] {logging_mixin.py:190} INFO - [2024-12-21T12:05:52.651+0530] {dag.py:4180} INFO - Setting next_dagrun for example_short_circuit_operator to None, run_after=None
[2024-12-21T12:05:52.678+0530] {processor.py:208} INFO - Processing /Users/jayesh/Desktop/Personal Work/Movie_data_pipeline/.venv/lib/python3.9/site-packages/airflow/example_dags/example_short_circuit_operator.py took 0.413 seconds
[2024-12-21T22:32:15.425+0530] {processor.py:186} INFO - Started process (PID=15942) to work on /Users/jayesh/Desktop/Personal Work/Movie_data_pipeline/.venv/lib/python3.9/site-packages/airflow/example_dags/example_short_circuit_operator.py
[2024-12-21T22:32:15.430+0530] {processor.py:914} INFO - Processing file /Users/jayesh/Desktop/Personal Work/Movie_data_pipeline/.venv/lib/python3.9/site-packages/airflow/example_dags/example_short_circuit_operator.py for tasks to queue
[2024-12-21T22:32:15.435+0530] {logging_mixin.py:190} INFO - [2024-12-21T22:32:15.434+0530] {dagbag.py:588} INFO - Filling up the DagBag from /Users/jayesh/Desktop/Personal Work/Movie_data_pipeline/.venv/lib/python3.9/site-packages/airflow/example_dags/example_short_circuit_operator.py
[2024-12-21T22:32:15.474+0530] {processor.py:925} INFO - DAG(s) 'example_short_circuit_operator' retrieved from /Users/jayesh/Desktop/Personal Work/Movie_data_pipeline/.venv/lib/python3.9/site-packages/airflow/example_dags/example_short_circuit_operator.py
[2024-12-21T22:32:15.645+0530] {logging_mixin.py:190} INFO - [2024-12-21T22:32:15.643+0530] {dag.py:3239} INFO - Sync 1 DAGs
[2024-12-21T22:32:15.703+0530] {logging_mixin.py:190} INFO - [2024-12-21T22:32:15.701+0530] {dag.py:4180} INFO - Setting next_dagrun for example_short_circuit_operator to None, run_after=None
[2024-12-21T22:32:15.790+0530] {processor.py:208} INFO - Processing /Users/jayesh/Desktop/Personal Work/Movie_data_pipeline/.venv/lib/python3.9/site-packages/airflow/example_dags/example_short_circuit_operator.py took 0.386 seconds
[2024-12-21T22:32:48.290+0530] {processor.py:186} INFO - Started process (PID=16188) to work on /Users/jayesh/Desktop/Personal Work/Movie_data_pipeline/.venv/lib/python3.9/site-packages/airflow/example_dags/example_short_circuit_operator.py
[2024-12-21T22:32:48.297+0530] {processor.py:914} INFO - Processing file /Users/jayesh/Desktop/Personal Work/Movie_data_pipeline/.venv/lib/python3.9/site-packages/airflow/example_dags/example_short_circuit_operator.py for tasks to queue
[2024-12-21T22:32:48.305+0530] {logging_mixin.py:190} INFO - [2024-12-21T22:32:48.303+0530] {dagbag.py:588} INFO - Filling up the DagBag from /Users/jayesh/Desktop/Personal Work/Movie_data_pipeline/.venv/lib/python3.9/site-packages/airflow/example_dags/example_short_circuit_operator.py
[2024-12-21T22:32:48.349+0530] {processor.py:925} INFO - DAG(s) 'example_short_circuit_operator' retrieved from /Users/jayesh/Desktop/Personal Work/Movie_data_pipeline/.venv/lib/python3.9/site-packages/airflow/example_dags/example_short_circuit_operator.py
[2024-12-21T22:32:48.759+0530] {logging_mixin.py:190} INFO - [2024-12-21T22:32:48.752+0530] {dag.py:3239} INFO - Sync 1 DAGs
[2024-12-21T22:32:48.911+0530] {logging_mixin.py:190} INFO - [2024-12-21T22:32:48.903+0530] {dag.py:4180} INFO - Setting next_dagrun for example_short_circuit_operator to None, run_after=None
[2024-12-21T22:32:49.103+0530] {processor.py:208} INFO - Processing /Users/jayesh/Desktop/Personal Work/Movie_data_pipeline/.venv/lib/python3.9/site-packages/airflow/example_dags/example_short_circuit_operator.py took 0.845 seconds
[2024-12-21T22:33:19.924+0530] {processor.py:186} INFO - Started process (PID=16391) to work on /Users/jayesh/Desktop/Personal Work/Movie_data_pipeline/.venv/lib/python3.9/site-packages/airflow/example_dags/example_short_circuit_operator.py
[2024-12-21T22:33:19.928+0530] {processor.py:914} INFO - Processing file /Users/jayesh/Desktop/Personal Work/Movie_data_pipeline/.venv/lib/python3.9/site-packages/airflow/example_dags/example_short_circuit_operator.py for tasks to queue
[2024-12-21T22:33:19.935+0530] {logging_mixin.py:190} INFO - [2024-12-21T22:33:19.934+0530] {dagbag.py:588} INFO - Filling up the DagBag from /Users/jayesh/Desktop/Personal Work/Movie_data_pipeline/.venv/lib/python3.9/site-packages/airflow/example_dags/example_short_circuit_operator.py
[2024-12-21T22:33:19.960+0530] {processor.py:925} INFO - DAG(s) 'example_short_circuit_operator' retrieved from /Users/jayesh/Desktop/Personal Work/Movie_data_pipeline/.venv/lib/python3.9/site-packages/airflow/example_dags/example_short_circuit_operator.py
[2024-12-21T22:33:20.068+0530] {logging_mixin.py:190} INFO - [2024-12-21T22:33:20.067+0530] {dag.py:3239} INFO - Sync 1 DAGs
[2024-12-21T22:33:20.105+0530] {logging_mixin.py:190} INFO - [2024-12-21T22:33:20.104+0530] {dag.py:4180} INFO - Setting next_dagrun for example_short_circuit_operator to None, run_after=None
[2024-12-21T22:33:20.151+0530] {processor.py:208} INFO - Processing /Users/jayesh/Desktop/Personal Work/Movie_data_pipeline/.venv/lib/python3.9/site-packages/airflow/example_dags/example_short_circuit_operator.py took 0.249 seconds
[2024-12-21T23:52:56.371+0530] {processor.py:186} INFO - Started process (PID=18061) to work on /Users/jayesh/Desktop/Personal Work/Movie_data_pipeline/.venv/lib/python3.9/site-packages/airflow/example_dags/example_short_circuit_operator.py
[2024-12-21T23:52:56.375+0530] {processor.py:914} INFO - Processing file /Users/jayesh/Desktop/Personal Work/Movie_data_pipeline/.venv/lib/python3.9/site-packages/airflow/example_dags/example_short_circuit_operator.py for tasks to queue
[2024-12-21T23:52:56.382+0530] {logging_mixin.py:190} INFO - [2024-12-21T23:52:56.380+0530] {dagbag.py:588} INFO - Filling up the DagBag from /Users/jayesh/Desktop/Personal Work/Movie_data_pipeline/.venv/lib/python3.9/site-packages/airflow/example_dags/example_short_circuit_operator.py
[2024-12-21T23:52:56.410+0530] {processor.py:925} INFO - DAG(s) 'example_short_circuit_operator' retrieved from /Users/jayesh/Desktop/Personal Work/Movie_data_pipeline/.venv/lib/python3.9/site-packages/airflow/example_dags/example_short_circuit_operator.py
[2024-12-21T23:52:56.591+0530] {logging_mixin.py:190} INFO - [2024-12-21T23:52:56.590+0530] {dag.py:3239} INFO - Sync 1 DAGs
[2024-12-21T23:52:56.653+0530] {logging_mixin.py:190} INFO - [2024-12-21T23:52:56.652+0530] {dag.py:4180} INFO - Setting next_dagrun for example_short_circuit_operator to None, run_after=None
[2024-12-21T23:52:56.854+0530] {processor.py:208} INFO - Processing /Users/jayesh/Desktop/Personal Work/Movie_data_pipeline/.venv/lib/python3.9/site-packages/airflow/example_dags/example_short_circuit_operator.py took 0.503 seconds
[2024-12-21T23:53:27.199+0530] {processor.py:186} INFO - Started process (PID=18284) to work on /Users/jayesh/Desktop/Personal Work/Movie_data_pipeline/.venv/lib/python3.9/site-packages/airflow/example_dags/example_short_circuit_operator.py
[2024-12-21T23:53:27.204+0530] {processor.py:914} INFO - Processing file /Users/jayesh/Desktop/Personal Work/Movie_data_pipeline/.venv/lib/python3.9/site-packages/airflow/example_dags/example_short_circuit_operator.py for tasks to queue
[2024-12-21T23:53:27.211+0530] {logging_mixin.py:190} INFO - [2024-12-21T23:53:27.209+0530] {dagbag.py:588} INFO - Filling up the DagBag from /Users/jayesh/Desktop/Personal Work/Movie_data_pipeline/.venv/lib/python3.9/site-packages/airflow/example_dags/example_short_circuit_operator.py
[2024-12-21T23:53:27.231+0530] {processor.py:925} INFO - DAG(s) 'example_short_circuit_operator' retrieved from /Users/jayesh/Desktop/Personal Work/Movie_data_pipeline/.venv/lib/python3.9/site-packages/airflow/example_dags/example_short_circuit_operator.py
[2024-12-21T23:53:27.312+0530] {logging_mixin.py:190} INFO - [2024-12-21T23:53:27.312+0530] {dag.py:3239} INFO - Sync 1 DAGs
[2024-12-21T23:53:27.345+0530] {logging_mixin.py:190} INFO - [2024-12-21T23:53:27.345+0530] {dag.py:4180} INFO - Setting next_dagrun for example_short_circuit_operator to None, run_after=None
[2024-12-21T23:53:27.380+0530] {processor.py:208} INFO - Processing /Users/jayesh/Desktop/Personal Work/Movie_data_pipeline/.venv/lib/python3.9/site-packages/airflow/example_dags/example_short_circuit_operator.py took 0.198 seconds
