[2024-12-21T10:24:13.395+0530] {processor.py:186} INFO - Started process (PID=2366) to work on /Users/jayesh/Desktop/Personal Work/Movie_data_pipeline/.venv/lib/python3.9/site-packages/airflow/example_dags/example_outlet_event_extra.py
[2024-12-21T10:24:13.396+0530] {processor.py:914} INFO - Processing file /Users/jayesh/Desktop/Personal Work/Movie_data_pipeline/.venv/lib/python3.9/site-packages/airflow/example_dags/example_outlet_event_extra.py for tasks to queue
[2024-12-21T10:24:13.398+0530] {logging_mixin.py:190} INFO - [2024-12-21T10:24:13.397+0530] {dagbag.py:588} INFO - Filling up the DagBag from /Users/jayesh/Desktop/Personal Work/Movie_data_pipeline/.venv/lib/python3.9/site-packages/airflow/example_dags/example_outlet_event_extra.py
[2024-12-21T10:24:14.992+0530] {processor.py:925} INFO - DAG(s) 'dataset_with_extra_by_context', 'dataset_with_extra_by_yield', 'dataset_with_extra_from_classic_operator' retrieved from /Users/jayesh/Desktop/Personal Work/Movie_data_pipeline/.venv/lib/python3.9/site-packages/airflow/example_dags/example_outlet_event_extra.py
[2024-12-21T10:24:15.228+0530] {logging_mixin.py:190} INFO - [2024-12-21T10:24:15.228+0530] {dag.py:3239} INFO - Sync 3 DAGs
[2024-12-21T10:24:15.273+0530] {logging_mixin.py:190} INFO - [2024-12-21T10:24:15.272+0530] {dag.py:4180} INFO - Setting next_dagrun for dataset_with_extra_by_context to 2024-12-20 00:00:00+00:00, run_after=2024-12-21 00:00:00+00:00
[2024-12-21T10:24:15.280+0530] {logging_mixin.py:190} INFO - [2024-12-21T10:24:15.280+0530] {dag.py:4180} INFO - Setting next_dagrun for dataset_with_extra_by_yield to 2024-12-20 00:00:00+00:00, run_after=2024-12-21 00:00:00+00:00
[2024-12-21T10:24:15.284+0530] {logging_mixin.py:190} INFO - [2024-12-21T10:24:15.284+0530] {dag.py:4180} INFO - Setting next_dagrun for dataset_with_extra_from_classic_operator to 2024-12-20 00:00:00+00:00, run_after=2024-12-21 00:00:00+00:00
[2024-12-21T10:24:15.320+0530] {processor.py:208} INFO - Processing /Users/jayesh/Desktop/Personal Work/Movie_data_pipeline/.venv/lib/python3.9/site-packages/airflow/example_dags/example_outlet_event_extra.py took 1.931 seconds
[2024-12-21T10:26:22.729+0530] {processor.py:186} INFO - Started process (PID=2679) to work on /Users/jayesh/Desktop/Personal Work/Movie_data_pipeline/.venv/lib/python3.9/site-packages/airflow/example_dags/example_outlet_event_extra.py
[2024-12-21T10:26:22.731+0530] {processor.py:914} INFO - Processing file /Users/jayesh/Desktop/Personal Work/Movie_data_pipeline/.venv/lib/python3.9/site-packages/airflow/example_dags/example_outlet_event_extra.py for tasks to queue
[2024-12-21T10:26:22.733+0530] {logging_mixin.py:190} INFO - [2024-12-21T10:26:22.732+0530] {dagbag.py:588} INFO - Filling up the DagBag from /Users/jayesh/Desktop/Personal Work/Movie_data_pipeline/.venv/lib/python3.9/site-packages/airflow/example_dags/example_outlet_event_extra.py
[2024-12-21T10:26:23.369+0530] {processor.py:925} INFO - DAG(s) 'dataset_with_extra_from_classic_operator', 'dataset_with_extra_by_context', 'dataset_with_extra_by_yield' retrieved from /Users/jayesh/Desktop/Personal Work/Movie_data_pipeline/.venv/lib/python3.9/site-packages/airflow/example_dags/example_outlet_event_extra.py
[2024-12-21T10:26:23.604+0530] {logging_mixin.py:190} INFO - [2024-12-21T10:26:23.603+0530] {dag.py:3239} INFO - Sync 3 DAGs
[2024-12-21T10:26:23.651+0530] {logging_mixin.py:190} INFO - [2024-12-21T10:26:23.651+0530] {dag.py:4180} INFO - Setting next_dagrun for dataset_with_extra_by_context to 2024-12-20 00:00:00+00:00, run_after=2024-12-21 00:00:00+00:00
[2024-12-21T10:26:23.663+0530] {logging_mixin.py:190} INFO - [2024-12-21T10:26:23.663+0530] {dag.py:4180} INFO - Setting next_dagrun for dataset_with_extra_by_yield to 2024-12-20 00:00:00+00:00, run_after=2024-12-21 00:00:00+00:00
[2024-12-21T10:26:23.670+0530] {logging_mixin.py:190} INFO - [2024-12-21T10:26:23.670+0530] {dag.py:4180} INFO - Setting next_dagrun for dataset_with_extra_from_classic_operator to 2024-12-20 00:00:00+00:00, run_after=2024-12-21 00:00:00+00:00
[2024-12-21T10:26:23.703+0530] {processor.py:208} INFO - Processing /Users/jayesh/Desktop/Personal Work/Movie_data_pipeline/.venv/lib/python3.9/site-packages/airflow/example_dags/example_outlet_event_extra.py took 0.982 seconds
[2024-12-21T10:28:56.649+0530] {processor.py:186} INFO - Started process (PID=3101) to work on /Users/jayesh/Desktop/Personal Work/Movie_data_pipeline/.venv/lib/python3.9/site-packages/airflow/example_dags/example_outlet_event_extra.py
[2024-12-21T10:28:56.650+0530] {processor.py:914} INFO - Processing file /Users/jayesh/Desktop/Personal Work/Movie_data_pipeline/.venv/lib/python3.9/site-packages/airflow/example_dags/example_outlet_event_extra.py for tasks to queue
[2024-12-21T10:28:56.652+0530] {logging_mixin.py:190} INFO - [2024-12-21T10:28:56.652+0530] {dagbag.py:588} INFO - Filling up the DagBag from /Users/jayesh/Desktop/Personal Work/Movie_data_pipeline/.venv/lib/python3.9/site-packages/airflow/example_dags/example_outlet_event_extra.py
[2024-12-21T10:28:57.349+0530] {processor.py:925} INFO - DAG(s) 'dataset_with_extra_by_context', 'dataset_with_extra_by_yield', 'dataset_with_extra_from_classic_operator' retrieved from /Users/jayesh/Desktop/Personal Work/Movie_data_pipeline/.venv/lib/python3.9/site-packages/airflow/example_dags/example_outlet_event_extra.py
[2024-12-21T10:28:57.591+0530] {logging_mixin.py:190} INFO - [2024-12-21T10:28:57.590+0530] {dag.py:3239} INFO - Sync 3 DAGs
[2024-12-21T10:28:57.635+0530] {logging_mixin.py:190} INFO - [2024-12-21T10:28:57.634+0530] {dag.py:4180} INFO - Setting next_dagrun for dataset_with_extra_by_context to 2024-12-20 00:00:00+00:00, run_after=2024-12-21 00:00:00+00:00
[2024-12-21T10:28:57.648+0530] {logging_mixin.py:190} INFO - [2024-12-21T10:28:57.647+0530] {dag.py:4180} INFO - Setting next_dagrun for dataset_with_extra_by_yield to 2024-12-20 00:00:00+00:00, run_after=2024-12-21 00:00:00+00:00
[2024-12-21T10:28:57.653+0530] {logging_mixin.py:190} INFO - [2024-12-21T10:28:57.653+0530] {dag.py:4180} INFO - Setting next_dagrun for dataset_with_extra_from_classic_operator to 2024-12-20 00:00:00+00:00, run_after=2024-12-21 00:00:00+00:00
[2024-12-21T10:28:57.699+0530] {processor.py:208} INFO - Processing /Users/jayesh/Desktop/Personal Work/Movie_data_pipeline/.venv/lib/python3.9/site-packages/airflow/example_dags/example_outlet_event_extra.py took 1.055 seconds
[2024-12-21T10:48:33.326+0530] {processor.py:186} INFO - Started process (PID=4224) to work on /Users/jayesh/Desktop/Personal Work/Movie_data_pipeline/.venv/lib/python3.9/site-packages/airflow/example_dags/example_outlet_event_extra.py
[2024-12-21T10:48:33.328+0530] {processor.py:914} INFO - Processing file /Users/jayesh/Desktop/Personal Work/Movie_data_pipeline/.venv/lib/python3.9/site-packages/airflow/example_dags/example_outlet_event_extra.py for tasks to queue
[2024-12-21T10:48:33.332+0530] {logging_mixin.py:190} INFO - [2024-12-21T10:48:33.331+0530] {dagbag.py:588} INFO - Filling up the DagBag from /Users/jayesh/Desktop/Personal Work/Movie_data_pipeline/.venv/lib/python3.9/site-packages/airflow/example_dags/example_outlet_event_extra.py
[2024-12-21T10:48:34.572+0530] {processor.py:925} INFO - DAG(s) 'dataset_with_extra_by_context', 'dataset_with_extra_by_yield', 'dataset_with_extra_from_classic_operator' retrieved from /Users/jayesh/Desktop/Personal Work/Movie_data_pipeline/.venv/lib/python3.9/site-packages/airflow/example_dags/example_outlet_event_extra.py
[2024-12-21T10:48:34.793+0530] {logging_mixin.py:190} INFO - [2024-12-21T10:48:34.793+0530] {dag.py:3239} INFO - Sync 3 DAGs
[2024-12-21T10:48:34.832+0530] {logging_mixin.py:190} INFO - [2024-12-21T10:48:34.832+0530] {dag.py:4180} INFO - Setting next_dagrun for dataset_with_extra_by_context to 2024-12-20 00:00:00+00:00, run_after=2024-12-21 00:00:00+00:00
[2024-12-21T10:48:34.840+0530] {logging_mixin.py:190} INFO - [2024-12-21T10:48:34.839+0530] {dag.py:4180} INFO - Setting next_dagrun for dataset_with_extra_by_yield to 2024-12-20 00:00:00+00:00, run_after=2024-12-21 00:00:00+00:00
[2024-12-21T10:48:34.844+0530] {logging_mixin.py:190} INFO - [2024-12-21T10:48:34.843+0530] {dag.py:4180} INFO - Setting next_dagrun for dataset_with_extra_from_classic_operator to 2024-12-20 00:00:00+00:00, run_after=2024-12-21 00:00:00+00:00
[2024-12-21T10:48:34.914+0530] {processor.py:208} INFO - Processing /Users/jayesh/Desktop/Personal Work/Movie_data_pipeline/.venv/lib/python3.9/site-packages/airflow/example_dags/example_outlet_event_extra.py took 1.593 seconds
[2024-12-21T10:50:56.138+0530] {processor.py:186} INFO - Started process (PID=4693) to work on /Users/jayesh/Desktop/Personal Work/Movie_data_pipeline/.venv/lib/python3.9/site-packages/airflow/example_dags/example_outlet_event_extra.py
[2024-12-21T10:50:56.139+0530] {processor.py:914} INFO - Processing file /Users/jayesh/Desktop/Personal Work/Movie_data_pipeline/.venv/lib/python3.9/site-packages/airflow/example_dags/example_outlet_event_extra.py for tasks to queue
[2024-12-21T10:50:56.141+0530] {logging_mixin.py:190} INFO - [2024-12-21T10:50:56.141+0530] {dagbag.py:588} INFO - Filling up the DagBag from /Users/jayesh/Desktop/Personal Work/Movie_data_pipeline/.venv/lib/python3.9/site-packages/airflow/example_dags/example_outlet_event_extra.py
[2024-12-21T10:50:56.995+0530] {processor.py:925} INFO - DAG(s) 'dataset_with_extra_by_yield', 'dataset_with_extra_by_context', 'dataset_with_extra_from_classic_operator' retrieved from /Users/jayesh/Desktop/Personal Work/Movie_data_pipeline/.venv/lib/python3.9/site-packages/airflow/example_dags/example_outlet_event_extra.py
[2024-12-21T10:50:57.414+0530] {logging_mixin.py:190} INFO - [2024-12-21T10:50:57.414+0530] {dag.py:3239} INFO - Sync 3 DAGs
[2024-12-21T10:50:57.466+0530] {logging_mixin.py:190} INFO - [2024-12-21T10:50:57.465+0530] {dag.py:4180} INFO - Setting next_dagrun for dataset_with_extra_by_context to 2024-12-20 00:00:00+00:00, run_after=2024-12-21 00:00:00+00:00
[2024-12-21T10:50:57.477+0530] {logging_mixin.py:190} INFO - [2024-12-21T10:50:57.476+0530] {dag.py:4180} INFO - Setting next_dagrun for dataset_with_extra_by_yield to 2024-12-20 00:00:00+00:00, run_after=2024-12-21 00:00:00+00:00
[2024-12-21T10:50:57.481+0530] {logging_mixin.py:190} INFO - [2024-12-21T10:50:57.481+0530] {dag.py:4180} INFO - Setting next_dagrun for dataset_with_extra_from_classic_operator to 2024-12-20 00:00:00+00:00, run_after=2024-12-21 00:00:00+00:00
[2024-12-21T10:50:57.528+0530] {processor.py:208} INFO - Processing /Users/jayesh/Desktop/Personal Work/Movie_data_pipeline/.venv/lib/python3.9/site-packages/airflow/example_dags/example_outlet_event_extra.py took 1.397 seconds
[2024-12-21T11:55:43.687+0530] {processor.py:186} INFO - Started process (PID=6733) to work on /Users/jayesh/Desktop/Personal Work/Movie_data_pipeline/.venv/lib/python3.9/site-packages/airflow/example_dags/example_outlet_event_extra.py
[2024-12-21T11:55:43.689+0530] {processor.py:914} INFO - Processing file /Users/jayesh/Desktop/Personal Work/Movie_data_pipeline/.venv/lib/python3.9/site-packages/airflow/example_dags/example_outlet_event_extra.py for tasks to queue
[2024-12-21T11:55:43.690+0530] {logging_mixin.py:190} INFO - [2024-12-21T11:55:43.690+0530] {dagbag.py:588} INFO - Filling up the DagBag from /Users/jayesh/Desktop/Personal Work/Movie_data_pipeline/.venv/lib/python3.9/site-packages/airflow/example_dags/example_outlet_event_extra.py
[2024-12-21T11:55:45.044+0530] {processor.py:925} INFO - DAG(s) 'dataset_with_extra_by_yield', 'dataset_with_extra_by_context', 'dataset_with_extra_from_classic_operator' retrieved from /Users/jayesh/Desktop/Personal Work/Movie_data_pipeline/.venv/lib/python3.9/site-packages/airflow/example_dags/example_outlet_event_extra.py
[2024-12-21T11:55:45.315+0530] {logging_mixin.py:190} INFO - [2024-12-21T11:55:45.314+0530] {dag.py:3239} INFO - Sync 3 DAGs
[2024-12-21T11:55:45.352+0530] {logging_mixin.py:190} INFO - [2024-12-21T11:55:45.352+0530] {dag.py:4180} INFO - Setting next_dagrun for dataset_with_extra_by_context to 2024-12-20 00:00:00+00:00, run_after=2024-12-21 00:00:00+00:00
[2024-12-21T11:55:45.361+0530] {logging_mixin.py:190} INFO - [2024-12-21T11:55:45.361+0530] {dag.py:4180} INFO - Setting next_dagrun for dataset_with_extra_by_yield to 2024-12-20 00:00:00+00:00, run_after=2024-12-21 00:00:00+00:00
[2024-12-21T11:55:45.366+0530] {logging_mixin.py:190} INFO - [2024-12-21T11:55:45.365+0530] {dag.py:4180} INFO - Setting next_dagrun for dataset_with_extra_from_classic_operator to 2024-12-20 00:00:00+00:00, run_after=2024-12-21 00:00:00+00:00
[2024-12-21T11:55:45.400+0530] {processor.py:208} INFO - Processing /Users/jayesh/Desktop/Personal Work/Movie_data_pipeline/.venv/lib/python3.9/site-packages/airflow/example_dags/example_outlet_event_extra.py took 1.719 seconds
[2024-12-21T11:57:56.212+0530] {processor.py:186} INFO - Started process (PID=7219) to work on /Users/jayesh/Desktop/Personal Work/Movie_data_pipeline/.venv/lib/python3.9/site-packages/airflow/example_dags/example_outlet_event_extra.py
[2024-12-21T11:57:56.216+0530] {processor.py:914} INFO - Processing file /Users/jayesh/Desktop/Personal Work/Movie_data_pipeline/.venv/lib/python3.9/site-packages/airflow/example_dags/example_outlet_event_extra.py for tasks to queue
[2024-12-21T11:57:56.219+0530] {logging_mixin.py:190} INFO - [2024-12-21T11:57:56.218+0530] {dagbag.py:588} INFO - Filling up the DagBag from /Users/jayesh/Desktop/Personal Work/Movie_data_pipeline/.venv/lib/python3.9/site-packages/airflow/example_dags/example_outlet_event_extra.py
[2024-12-21T11:57:57.775+0530] {processor.py:925} INFO - DAG(s) 'dataset_with_extra_by_context', 'dataset_with_extra_by_yield', 'dataset_with_extra_from_classic_operator' retrieved from /Users/jayesh/Desktop/Personal Work/Movie_data_pipeline/.venv/lib/python3.9/site-packages/airflow/example_dags/example_outlet_event_extra.py
[2024-12-21T11:57:58.083+0530] {logging_mixin.py:190} INFO - [2024-12-21T11:57:58.083+0530] {dag.py:3239} INFO - Sync 3 DAGs
[2024-12-21T11:57:58.131+0530] {logging_mixin.py:190} INFO - [2024-12-21T11:57:58.129+0530] {dag.py:4180} INFO - Setting next_dagrun for dataset_with_extra_by_context to 2024-12-20 00:00:00+00:00, run_after=2024-12-21 00:00:00+00:00
[2024-12-21T11:57:58.139+0530] {logging_mixin.py:190} INFO - [2024-12-21T11:57:58.138+0530] {dag.py:4180} INFO - Setting next_dagrun for dataset_with_extra_by_yield to 2024-12-20 00:00:00+00:00, run_after=2024-12-21 00:00:00+00:00
[2024-12-21T11:57:58.145+0530] {logging_mixin.py:190} INFO - [2024-12-21T11:57:58.145+0530] {dag.py:4180} INFO - Setting next_dagrun for dataset_with_extra_from_classic_operator to 2024-12-20 00:00:00+00:00, run_after=2024-12-21 00:00:00+00:00
[2024-12-21T11:57:58.210+0530] {processor.py:208} INFO - Processing /Users/jayesh/Desktop/Personal Work/Movie_data_pipeline/.venv/lib/python3.9/site-packages/airflow/example_dags/example_outlet_event_extra.py took 2.004 seconds
[2024-12-21T12:01:07.659+0530] {processor.py:186} INFO - Started process (PID=7901) to work on /Users/jayesh/Desktop/Personal Work/Movie_data_pipeline/.venv/lib/python3.9/site-packages/airflow/example_dags/example_outlet_event_extra.py
[2024-12-21T12:01:07.663+0530] {processor.py:914} INFO - Processing file /Users/jayesh/Desktop/Personal Work/Movie_data_pipeline/.venv/lib/python3.9/site-packages/airflow/example_dags/example_outlet_event_extra.py for tasks to queue
[2024-12-21T12:01:07.667+0530] {logging_mixin.py:190} INFO - [2024-12-21T12:01:07.667+0530] {dagbag.py:588} INFO - Filling up the DagBag from /Users/jayesh/Desktop/Personal Work/Movie_data_pipeline/.venv/lib/python3.9/site-packages/airflow/example_dags/example_outlet_event_extra.py
[2024-12-21T12:01:09.035+0530] {processor.py:925} INFO - DAG(s) 'dataset_with_extra_from_classic_operator', 'dataset_with_extra_by_context', 'dataset_with_extra_by_yield' retrieved from /Users/jayesh/Desktop/Personal Work/Movie_data_pipeline/.venv/lib/python3.9/site-packages/airflow/example_dags/example_outlet_event_extra.py
[2024-12-21T12:01:09.349+0530] {logging_mixin.py:190} INFO - [2024-12-21T12:01:09.349+0530] {dag.py:3239} INFO - Sync 3 DAGs
[2024-12-21T12:01:09.439+0530] {logging_mixin.py:190} INFO - [2024-12-21T12:01:09.438+0530] {dag.py:4180} INFO - Setting next_dagrun for dataset_with_extra_by_context to 2024-12-20 00:00:00+00:00, run_after=2024-12-21 00:00:00+00:00
[2024-12-21T12:01:09.454+0530] {logging_mixin.py:190} INFO - [2024-12-21T12:01:09.453+0530] {dag.py:4180} INFO - Setting next_dagrun for dataset_with_extra_by_yield to 2024-12-20 00:00:00+00:00, run_after=2024-12-21 00:00:00+00:00
[2024-12-21T12:01:09.463+0530] {logging_mixin.py:190} INFO - [2024-12-21T12:01:09.463+0530] {dag.py:4180} INFO - Setting next_dagrun for dataset_with_extra_from_classic_operator to 2024-12-20 00:00:00+00:00, run_after=2024-12-21 00:00:00+00:00
[2024-12-21T12:01:09.550+0530] {processor.py:208} INFO - Processing /Users/jayesh/Desktop/Personal Work/Movie_data_pipeline/.venv/lib/python3.9/site-packages/airflow/example_dags/example_outlet_event_extra.py took 1.901 seconds
[2024-12-21T12:04:45.455+0530] {processor.py:186} INFO - Started process (PID=8653) to work on /Users/jayesh/Desktop/Personal Work/Movie_data_pipeline/.venv/lib/python3.9/site-packages/airflow/example_dags/example_outlet_event_extra.py
[2024-12-21T12:04:45.457+0530] {processor.py:914} INFO - Processing file /Users/jayesh/Desktop/Personal Work/Movie_data_pipeline/.venv/lib/python3.9/site-packages/airflow/example_dags/example_outlet_event_extra.py for tasks to queue
[2024-12-21T12:04:45.459+0530] {logging_mixin.py:190} INFO - [2024-12-21T12:04:45.459+0530] {dagbag.py:588} INFO - Filling up the DagBag from /Users/jayesh/Desktop/Personal Work/Movie_data_pipeline/.venv/lib/python3.9/site-packages/airflow/example_dags/example_outlet_event_extra.py
[2024-12-21T12:04:46.704+0530] {processor.py:925} INFO - DAG(s) 'dataset_with_extra_by_yield', 'dataset_with_extra_by_context', 'dataset_with_extra_from_classic_operator' retrieved from /Users/jayesh/Desktop/Personal Work/Movie_data_pipeline/.venv/lib/python3.9/site-packages/airflow/example_dags/example_outlet_event_extra.py
[2024-12-21T12:04:47.106+0530] {logging_mixin.py:190} INFO - [2024-12-21T12:04:47.106+0530] {dag.py:3239} INFO - Sync 3 DAGs
[2024-12-21T12:04:47.175+0530] {logging_mixin.py:190} INFO - [2024-12-21T12:04:47.175+0530] {dag.py:4180} INFO - Setting next_dagrun for dataset_with_extra_by_context to 2024-12-20 00:00:00+00:00, run_after=2024-12-21 00:00:00+00:00
[2024-12-21T12:04:47.193+0530] {logging_mixin.py:190} INFO - [2024-12-21T12:04:47.193+0530] {dag.py:4180} INFO - Setting next_dagrun for dataset_with_extra_by_yield to 2024-12-20 00:00:00+00:00, run_after=2024-12-21 00:00:00+00:00
[2024-12-21T12:04:47.201+0530] {logging_mixin.py:190} INFO - [2024-12-21T12:04:47.200+0530] {dag.py:4180} INFO - Setting next_dagrun for dataset_with_extra_from_classic_operator to 2024-12-20 00:00:00+00:00, run_after=2024-12-21 00:00:00+00:00
[2024-12-21T12:04:47.252+0530] {processor.py:208} INFO - Processing /Users/jayesh/Desktop/Personal Work/Movie_data_pipeline/.venv/lib/python3.9/site-packages/airflow/example_dags/example_outlet_event_extra.py took 1.806 seconds
[2024-12-21T22:32:18.408+0530] {processor.py:186} INFO - Started process (PID=15983) to work on /Users/jayesh/Desktop/Personal Work/Movie_data_pipeline/.venv/lib/python3.9/site-packages/airflow/example_dags/example_outlet_event_extra.py
[2024-12-21T22:32:18.413+0530] {processor.py:914} INFO - Processing file /Users/jayesh/Desktop/Personal Work/Movie_data_pipeline/.venv/lib/python3.9/site-packages/airflow/example_dags/example_outlet_event_extra.py for tasks to queue
[2024-12-21T22:32:18.422+0530] {logging_mixin.py:190} INFO - [2024-12-21T22:32:18.420+0530] {dagbag.py:588} INFO - Filling up the DagBag from /Users/jayesh/Desktop/Personal Work/Movie_data_pipeline/.venv/lib/python3.9/site-packages/airflow/example_dags/example_outlet_event_extra.py
[2024-12-21T22:32:20.040+0530] {processor.py:925} INFO - DAG(s) 'dataset_with_extra_from_classic_operator', 'dataset_with_extra_by_yield', 'dataset_with_extra_by_context' retrieved from /Users/jayesh/Desktop/Personal Work/Movie_data_pipeline/.venv/lib/python3.9/site-packages/airflow/example_dags/example_outlet_event_extra.py
[2024-12-21T22:32:20.139+0530] {logging_mixin.py:190} INFO - [2024-12-21T22:32:20.137+0530] {dag.py:3239} INFO - Sync 3 DAGs
[2024-12-21T22:32:20.199+0530] {logging_mixin.py:190} INFO - [2024-12-21T22:32:20.199+0530] {dag.py:4180} INFO - Setting next_dagrun for dataset_with_extra_by_context to 2024-12-20 00:00:00+00:00, run_after=2024-12-21 00:00:00+00:00
[2024-12-21T22:32:20.208+0530] {logging_mixin.py:190} INFO - [2024-12-21T22:32:20.208+0530] {dag.py:4180} INFO - Setting next_dagrun for dataset_with_extra_by_yield to 2024-12-20 00:00:00+00:00, run_after=2024-12-21 00:00:00+00:00
[2024-12-21T22:32:20.215+0530] {logging_mixin.py:190} INFO - [2024-12-21T22:32:20.214+0530] {dag.py:4180} INFO - Setting next_dagrun for dataset_with_extra_from_classic_operator to 2024-12-20 00:00:00+00:00, run_after=2024-12-21 00:00:00+00:00
[2024-12-21T22:32:20.251+0530] {processor.py:208} INFO - Processing /Users/jayesh/Desktop/Personal Work/Movie_data_pipeline/.venv/lib/python3.9/site-packages/airflow/example_dags/example_outlet_event_extra.py took 1.866 seconds
[2024-12-21T22:32:53.501+0530] {processor.py:186} INFO - Started process (PID=16231) to work on /Users/jayesh/Desktop/Personal Work/Movie_data_pipeline/.venv/lib/python3.9/site-packages/airflow/example_dags/example_outlet_event_extra.py
[2024-12-21T22:32:53.507+0530] {processor.py:914} INFO - Processing file /Users/jayesh/Desktop/Personal Work/Movie_data_pipeline/.venv/lib/python3.9/site-packages/airflow/example_dags/example_outlet_event_extra.py for tasks to queue
[2024-12-21T22:32:53.513+0530] {logging_mixin.py:190} INFO - [2024-12-21T22:32:53.511+0530] {dagbag.py:588} INFO - Filling up the DagBag from /Users/jayesh/Desktop/Personal Work/Movie_data_pipeline/.venv/lib/python3.9/site-packages/airflow/example_dags/example_outlet_event_extra.py
[2024-12-21T22:32:55.340+0530] {processor.py:925} INFO - DAG(s) 'dataset_with_extra_by_yield', 'dataset_with_extra_by_context', 'dataset_with_extra_from_classic_operator' retrieved from /Users/jayesh/Desktop/Personal Work/Movie_data_pipeline/.venv/lib/python3.9/site-packages/airflow/example_dags/example_outlet_event_extra.py
[2024-12-21T22:32:55.568+0530] {logging_mixin.py:190} INFO - [2024-12-21T22:32:55.567+0530] {dag.py:3239} INFO - Sync 3 DAGs
[2024-12-21T22:32:55.648+0530] {logging_mixin.py:190} INFO - [2024-12-21T22:32:55.646+0530] {dag.py:4180} INFO - Setting next_dagrun for dataset_with_extra_by_context to 2024-12-20 00:00:00+00:00, run_after=2024-12-21 00:00:00+00:00
[2024-12-21T22:32:55.668+0530] {logging_mixin.py:190} INFO - [2024-12-21T22:32:55.667+0530] {dag.py:4180} INFO - Setting next_dagrun for dataset_with_extra_by_yield to 2024-12-20 00:00:00+00:00, run_after=2024-12-21 00:00:00+00:00
[2024-12-21T22:32:55.687+0530] {logging_mixin.py:190} INFO - [2024-12-21T22:32:55.686+0530] {dag.py:4180} INFO - Setting next_dagrun for dataset_with_extra_from_classic_operator to 2024-12-20 00:00:00+00:00, run_after=2024-12-21 00:00:00+00:00
[2024-12-21T22:32:55.769+0530] {processor.py:208} INFO - Processing /Users/jayesh/Desktop/Personal Work/Movie_data_pipeline/.venv/lib/python3.9/site-packages/airflow/example_dags/example_outlet_event_extra.py took 2.297 seconds
[2024-12-21T22:33:26.337+0530] {processor.py:186} INFO - Started process (PID=16443) to work on /Users/jayesh/Desktop/Personal Work/Movie_data_pipeline/.venv/lib/python3.9/site-packages/airflow/example_dags/example_outlet_event_extra.py
[2024-12-21T22:33:26.341+0530] {processor.py:914} INFO - Processing file /Users/jayesh/Desktop/Personal Work/Movie_data_pipeline/.venv/lib/python3.9/site-packages/airflow/example_dags/example_outlet_event_extra.py for tasks to queue
[2024-12-21T22:33:26.345+0530] {logging_mixin.py:190} INFO - [2024-12-21T22:33:26.345+0530] {dagbag.py:588} INFO - Filling up the DagBag from /Users/jayesh/Desktop/Personal Work/Movie_data_pipeline/.venv/lib/python3.9/site-packages/airflow/example_dags/example_outlet_event_extra.py
[2024-12-21T22:33:28.116+0530] {processor.py:925} INFO - DAG(s) 'dataset_with_extra_by_context', 'dataset_with_extra_by_yield', 'dataset_with_extra_from_classic_operator' retrieved from /Users/jayesh/Desktop/Personal Work/Movie_data_pipeline/.venv/lib/python3.9/site-packages/airflow/example_dags/example_outlet_event_extra.py
[2024-12-21T22:33:28.350+0530] {logging_mixin.py:190} INFO - [2024-12-21T22:33:28.350+0530] {dag.py:3239} INFO - Sync 3 DAGs
[2024-12-21T22:33:28.405+0530] {logging_mixin.py:190} INFO - [2024-12-21T22:33:28.404+0530] {dag.py:4180} INFO - Setting next_dagrun for dataset_with_extra_by_context to 2024-12-20 00:00:00+00:00, run_after=2024-12-21 00:00:00+00:00
[2024-12-21T22:33:28.415+0530] {logging_mixin.py:190} INFO - [2024-12-21T22:33:28.415+0530] {dag.py:4180} INFO - Setting next_dagrun for dataset_with_extra_by_yield to 2024-12-20 00:00:00+00:00, run_after=2024-12-21 00:00:00+00:00
[2024-12-21T22:33:28.421+0530] {logging_mixin.py:190} INFO - [2024-12-21T22:33:28.420+0530] {dag.py:4180} INFO - Setting next_dagrun for dataset_with_extra_from_classic_operator to 2024-12-20 00:00:00+00:00, run_after=2024-12-21 00:00:00+00:00
[2024-12-21T22:33:28.503+0530] {processor.py:208} INFO - Processing /Users/jayesh/Desktop/Personal Work/Movie_data_pipeline/.venv/lib/python3.9/site-packages/airflow/example_dags/example_outlet_event_extra.py took 2.177 seconds
[2024-12-21T23:53:00.868+0530] {processor.py:186} INFO - Started process (PID=18106) to work on /Users/jayesh/Desktop/Personal Work/Movie_data_pipeline/.venv/lib/python3.9/site-packages/airflow/example_dags/example_outlet_event_extra.py
[2024-12-21T23:53:00.872+0530] {processor.py:914} INFO - Processing file /Users/jayesh/Desktop/Personal Work/Movie_data_pipeline/.venv/lib/python3.9/site-packages/airflow/example_dags/example_outlet_event_extra.py for tasks to queue
[2024-12-21T23:53:00.880+0530] {logging_mixin.py:190} INFO - [2024-12-21T23:53:00.878+0530] {dagbag.py:588} INFO - Filling up the DagBag from /Users/jayesh/Desktop/Personal Work/Movie_data_pipeline/.venv/lib/python3.9/site-packages/airflow/example_dags/example_outlet_event_extra.py
[2024-12-21T23:53:03.759+0530] {processor.py:925} INFO - DAG(s) 'dataset_with_extra_by_yield', 'dataset_with_extra_by_context', 'dataset_with_extra_from_classic_operator' retrieved from /Users/jayesh/Desktop/Personal Work/Movie_data_pipeline/.venv/lib/python3.9/site-packages/airflow/example_dags/example_outlet_event_extra.py
[2024-12-21T23:53:03.949+0530] {logging_mixin.py:190} INFO - [2024-12-21T23:53:03.947+0530] {dag.py:3239} INFO - Sync 3 DAGs
[2024-12-21T23:53:04.033+0530] {logging_mixin.py:190} INFO - [2024-12-21T23:53:04.032+0530] {dag.py:4180} INFO - Setting next_dagrun for dataset_with_extra_by_context to 2024-12-20 00:00:00+00:00, run_after=2024-12-21 00:00:00+00:00
[2024-12-21T23:53:04.055+0530] {logging_mixin.py:190} INFO - [2024-12-21T23:53:04.049+0530] {dag.py:4180} INFO - Setting next_dagrun for dataset_with_extra_by_yield to 2024-12-20 00:00:00+00:00, run_after=2024-12-21 00:00:00+00:00
[2024-12-21T23:53:04.063+0530] {logging_mixin.py:190} INFO - [2024-12-21T23:53:04.062+0530] {dag.py:4180} INFO - Setting next_dagrun for dataset_with_extra_from_classic_operator to 2024-12-20 00:00:00+00:00, run_after=2024-12-21 00:00:00+00:00
[2024-12-21T23:53:04.174+0530] {processor.py:208} INFO - Processing /Users/jayesh/Desktop/Personal Work/Movie_data_pipeline/.venv/lib/python3.9/site-packages/airflow/example_dags/example_outlet_event_extra.py took 3.333 seconds
[2024-12-21T23:53:34.508+0530] {processor.py:186} INFO - Started process (PID=18329) to work on /Users/jayesh/Desktop/Personal Work/Movie_data_pipeline/.venv/lib/python3.9/site-packages/airflow/example_dags/example_outlet_event_extra.py
[2024-12-21T23:53:34.521+0530] {processor.py:914} INFO - Processing file /Users/jayesh/Desktop/Personal Work/Movie_data_pipeline/.venv/lib/python3.9/site-packages/airflow/example_dags/example_outlet_event_extra.py for tasks to queue
[2024-12-21T23:53:34.529+0530] {logging_mixin.py:190} INFO - [2024-12-21T23:53:34.527+0530] {dagbag.py:588} INFO - Filling up the DagBag from /Users/jayesh/Desktop/Personal Work/Movie_data_pipeline/.venv/lib/python3.9/site-packages/airflow/example_dags/example_outlet_event_extra.py
[2024-12-21T23:53:36.583+0530] {processor.py:925} INFO - DAG(s) 'dataset_with_extra_from_classic_operator', 'dataset_with_extra_by_yield', 'dataset_with_extra_by_context' retrieved from /Users/jayesh/Desktop/Personal Work/Movie_data_pipeline/.venv/lib/python3.9/site-packages/airflow/example_dags/example_outlet_event_extra.py
[2024-12-21T23:53:36.673+0530] {logging_mixin.py:190} INFO - [2024-12-21T23:53:36.672+0530] {dag.py:3239} INFO - Sync 3 DAGs
[2024-12-21T23:53:36.725+0530] {logging_mixin.py:190} INFO - [2024-12-21T23:53:36.724+0530] {dag.py:4180} INFO - Setting next_dagrun for dataset_with_extra_by_context to 2024-12-20 00:00:00+00:00, run_after=2024-12-21 00:00:00+00:00
[2024-12-21T23:53:36.738+0530] {logging_mixin.py:190} INFO - [2024-12-21T23:53:36.738+0530] {dag.py:4180} INFO - Setting next_dagrun for dataset_with_extra_by_yield to 2024-12-20 00:00:00+00:00, run_after=2024-12-21 00:00:00+00:00
[2024-12-21T23:53:36.743+0530] {logging_mixin.py:190} INFO - [2024-12-21T23:53:36.743+0530] {dag.py:4180} INFO - Setting next_dagrun for dataset_with_extra_from_classic_operator to 2024-12-20 00:00:00+00:00, run_after=2024-12-21 00:00:00+00:00
[2024-12-21T23:53:36.787+0530] {processor.py:208} INFO - Processing /Users/jayesh/Desktop/Personal Work/Movie_data_pipeline/.venv/lib/python3.9/site-packages/airflow/example_dags/example_outlet_event_extra.py took 2.301 seconds
