[2024-12-21T10:23:18.910+0530] {processor.py:186} INFO - Started process (PID=2202) to work on /Users/jayesh/Desktop/Personal Work/Movie_data_pipeline/.venv/lib/python3.9/site-packages/airflow/example_dags/example_xcom.py
[2024-12-21T10:23:18.915+0530] {processor.py:914} INFO - Processing file /Users/jayesh/Desktop/Personal Work/Movie_data_pipeline/.venv/lib/python3.9/site-packages/airflow/example_dags/example_xcom.py for tasks to queue
[2024-12-21T10:23:18.918+0530] {logging_mixin.py:190} INFO - [2024-12-21T10:23:18.917+0530] {dagbag.py:588} INFO - Filling up the DagBag from /Users/jayesh/Desktop/Personal Work/Movie_data_pipeline/.venv/lib/python3.9/site-packages/airflow/example_dags/example_xcom.py
[2024-12-21T10:23:19.018+0530] {processor.py:925} INFO - DAG(s) 'example_xcom' retrieved from /Users/jayesh/Desktop/Personal Work/Movie_data_pipeline/.venv/lib/python3.9/site-packages/airflow/example_dags/example_xcom.py
[2024-12-21T10:23:19.343+0530] {logging_mixin.py:190} INFO - [2024-12-21T10:23:19.342+0530] {dag.py:3239} INFO - Sync 1 DAGs
[2024-12-21T10:23:19.398+0530] {logging_mixin.py:190} INFO - [2024-12-21T10:23:19.398+0530] {dag.py:4180} INFO - Setting next_dagrun for example_xcom to 2021-01-01 00:00:00+00:00, run_after=2021-01-01 00:00:00+00:00
[2024-12-21T10:23:19.434+0530] {processor.py:208} INFO - Processing /Users/jayesh/Desktop/Personal Work/Movie_data_pipeline/.venv/lib/python3.9/site-packages/airflow/example_dags/example_xcom.py took 0.536 seconds
[2024-12-21T10:25:42.838+0530] {processor.py:186} INFO - Started process (PID=2563) to work on /Users/jayesh/Desktop/Personal Work/Movie_data_pipeline/.venv/lib/python3.9/site-packages/airflow/example_dags/example_xcom.py
[2024-12-21T10:25:42.840+0530] {processor.py:914} INFO - Processing file /Users/jayesh/Desktop/Personal Work/Movie_data_pipeline/.venv/lib/python3.9/site-packages/airflow/example_dags/example_xcom.py for tasks to queue
[2024-12-21T10:25:42.844+0530] {logging_mixin.py:190} INFO - [2024-12-21T10:25:42.844+0530] {dagbag.py:588} INFO - Filling up the DagBag from /Users/jayesh/Desktop/Personal Work/Movie_data_pipeline/.venv/lib/python3.9/site-packages/airflow/example_dags/example_xcom.py
[2024-12-21T10:25:42.900+0530] {processor.py:925} INFO - DAG(s) 'example_xcom' retrieved from /Users/jayesh/Desktop/Personal Work/Movie_data_pipeline/.venv/lib/python3.9/site-packages/airflow/example_dags/example_xcom.py
[2024-12-21T10:25:43.145+0530] {logging_mixin.py:190} INFO - [2024-12-21T10:25:43.145+0530] {dag.py:3239} INFO - Sync 1 DAGs
[2024-12-21T10:25:43.196+0530] {logging_mixin.py:190} INFO - [2024-12-21T10:25:43.196+0530] {dag.py:4180} INFO - Setting next_dagrun for example_xcom to 2021-01-01 00:00:00+00:00, run_after=2021-01-01 00:00:00+00:00
[2024-12-21T10:25:43.249+0530] {processor.py:208} INFO - Processing /Users/jayesh/Desktop/Personal Work/Movie_data_pipeline/.venv/lib/python3.9/site-packages/airflow/example_dags/example_xcom.py took 0.419 seconds
[2024-12-21T10:27:04.746+0530] {processor.py:186} INFO - Started process (PID=2791) to work on /Users/jayesh/Desktop/Personal Work/Movie_data_pipeline/.venv/lib/python3.9/site-packages/airflow/example_dags/example_xcom.py
[2024-12-21T10:27:04.747+0530] {processor.py:914} INFO - Processing file /Users/jayesh/Desktop/Personal Work/Movie_data_pipeline/.venv/lib/python3.9/site-packages/airflow/example_dags/example_xcom.py for tasks to queue
[2024-12-21T10:27:04.749+0530] {logging_mixin.py:190} INFO - [2024-12-21T10:27:04.748+0530] {dagbag.py:588} INFO - Filling up the DagBag from /Users/jayesh/Desktop/Personal Work/Movie_data_pipeline/.venv/lib/python3.9/site-packages/airflow/example_dags/example_xcom.py
[2024-12-21T10:27:04.813+0530] {processor.py:925} INFO - DAG(s) 'example_xcom' retrieved from /Users/jayesh/Desktop/Personal Work/Movie_data_pipeline/.venv/lib/python3.9/site-packages/airflow/example_dags/example_xcom.py
[2024-12-21T10:27:05.038+0530] {logging_mixin.py:190} INFO - [2024-12-21T10:27:05.038+0530] {dag.py:3239} INFO - Sync 1 DAGs
[2024-12-21T10:27:05.068+0530] {logging_mixin.py:190} INFO - [2024-12-21T10:27:05.068+0530] {dag.py:4180} INFO - Setting next_dagrun for example_xcom to 2021-01-01 00:00:00+00:00, run_after=2021-01-01 00:00:00+00:00
[2024-12-21T10:27:05.098+0530] {processor.py:208} INFO - Processing /Users/jayesh/Desktop/Personal Work/Movie_data_pipeline/.venv/lib/python3.9/site-packages/airflow/example_dags/example_xcom.py took 0.357 seconds
[2024-12-21T10:28:18.983+0530] {processor.py:186} INFO - Started process (PID=2996) to work on /Users/jayesh/Desktop/Personal Work/Movie_data_pipeline/.venv/lib/python3.9/site-packages/airflow/example_dags/example_xcom.py
[2024-12-21T10:28:18.984+0530] {processor.py:914} INFO - Processing file /Users/jayesh/Desktop/Personal Work/Movie_data_pipeline/.venv/lib/python3.9/site-packages/airflow/example_dags/example_xcom.py for tasks to queue
[2024-12-21T10:28:18.986+0530] {logging_mixin.py:190} INFO - [2024-12-21T10:28:18.986+0530] {dagbag.py:588} INFO - Filling up the DagBag from /Users/jayesh/Desktop/Personal Work/Movie_data_pipeline/.venv/lib/python3.9/site-packages/airflow/example_dags/example_xcom.py
[2024-12-21T10:28:19.033+0530] {processor.py:925} INFO - DAG(s) 'example_xcom' retrieved from /Users/jayesh/Desktop/Personal Work/Movie_data_pipeline/.venv/lib/python3.9/site-packages/airflow/example_dags/example_xcom.py
[2024-12-21T10:28:19.283+0530] {logging_mixin.py:190} INFO - [2024-12-21T10:28:19.283+0530] {dag.py:3239} INFO - Sync 1 DAGs
[2024-12-21T10:28:19.312+0530] {logging_mixin.py:190} INFO - [2024-12-21T10:28:19.311+0530] {dag.py:4180} INFO - Setting next_dagrun for example_xcom to 2021-01-01 00:00:00+00:00, run_after=2021-01-01 00:00:00+00:00
[2024-12-21T10:28:19.337+0530] {processor.py:208} INFO - Processing /Users/jayesh/Desktop/Personal Work/Movie_data_pipeline/.venv/lib/python3.9/site-packages/airflow/example_dags/example_xcom.py took 0.358 seconds
[2024-12-21T10:29:34.962+0530] {processor.py:186} INFO - Started process (PID=3205) to work on /Users/jayesh/Desktop/Personal Work/Movie_data_pipeline/.venv/lib/python3.9/site-packages/airflow/example_dags/example_xcom.py
[2024-12-21T10:29:34.965+0530] {processor.py:914} INFO - Processing file /Users/jayesh/Desktop/Personal Work/Movie_data_pipeline/.venv/lib/python3.9/site-packages/airflow/example_dags/example_xcom.py for tasks to queue
[2024-12-21T10:29:34.967+0530] {logging_mixin.py:190} INFO - [2024-12-21T10:29:34.967+0530] {dagbag.py:588} INFO - Filling up the DagBag from /Users/jayesh/Desktop/Personal Work/Movie_data_pipeline/.venv/lib/python3.9/site-packages/airflow/example_dags/example_xcom.py
[2024-12-21T10:29:35.033+0530] {processor.py:925} INFO - DAG(s) 'example_xcom' retrieved from /Users/jayesh/Desktop/Personal Work/Movie_data_pipeline/.venv/lib/python3.9/site-packages/airflow/example_dags/example_xcom.py
[2024-12-21T10:29:35.274+0530] {logging_mixin.py:190} INFO - [2024-12-21T10:29:35.274+0530] {dag.py:3239} INFO - Sync 1 DAGs
[2024-12-21T10:29:35.308+0530] {logging_mixin.py:190} INFO - [2024-12-21T10:29:35.308+0530] {dag.py:4180} INFO - Setting next_dagrun for example_xcom to 2021-01-01 00:00:00+00:00, run_after=2021-01-01 00:00:00+00:00
[2024-12-21T10:29:35.346+0530] {processor.py:208} INFO - Processing /Users/jayesh/Desktop/Personal Work/Movie_data_pipeline/.venv/lib/python3.9/site-packages/airflow/example_dags/example_xcom.py took 0.389 seconds
[2024-12-21T10:31:13.338+0530] {processor.py:186} INFO - Started process (PID=3444) to work on /Users/jayesh/Desktop/Personal Work/Movie_data_pipeline/.venv/lib/python3.9/site-packages/airflow/example_dags/example_xcom.py
[2024-12-21T10:31:13.342+0530] {processor.py:914} INFO - Processing file /Users/jayesh/Desktop/Personal Work/Movie_data_pipeline/.venv/lib/python3.9/site-packages/airflow/example_dags/example_xcom.py for tasks to queue
[2024-12-21T10:31:13.346+0530] {logging_mixin.py:190} INFO - [2024-12-21T10:31:13.345+0530] {dagbag.py:588} INFO - Filling up the DagBag from /Users/jayesh/Desktop/Personal Work/Movie_data_pipeline/.venv/lib/python3.9/site-packages/airflow/example_dags/example_xcom.py
[2024-12-21T10:31:13.490+0530] {processor.py:925} INFO - DAG(s) 'example_xcom' retrieved from /Users/jayesh/Desktop/Personal Work/Movie_data_pipeline/.venv/lib/python3.9/site-packages/airflow/example_dags/example_xcom.py
[2024-12-21T10:31:14.325+0530] {logging_mixin.py:190} INFO - [2024-12-21T10:31:14.324+0530] {dag.py:3239} INFO - Sync 1 DAGs
[2024-12-21T10:31:14.424+0530] {logging_mixin.py:190} INFO - [2024-12-21T10:31:14.423+0530] {dag.py:4180} INFO - Setting next_dagrun for example_xcom to 2021-01-01 00:00:00+00:00, run_after=2021-01-01 00:00:00+00:00
[2024-12-21T10:31:14.505+0530] {processor.py:208} INFO - Processing /Users/jayesh/Desktop/Personal Work/Movie_data_pipeline/.venv/lib/python3.9/site-packages/airflow/example_dags/example_xcom.py took 1.185 seconds
[2024-12-21T10:47:41.659+0530] {processor.py:186} INFO - Started process (PID=4051) to work on /Users/jayesh/Desktop/Personal Work/Movie_data_pipeline/.venv/lib/python3.9/site-packages/airflow/example_dags/example_xcom.py
[2024-12-21T10:47:41.662+0530] {processor.py:914} INFO - Processing file /Users/jayesh/Desktop/Personal Work/Movie_data_pipeline/.venv/lib/python3.9/site-packages/airflow/example_dags/example_xcom.py for tasks to queue
[2024-12-21T10:47:41.665+0530] {logging_mixin.py:190} INFO - [2024-12-21T10:47:41.665+0530] {dagbag.py:588} INFO - Filling up the DagBag from /Users/jayesh/Desktop/Personal Work/Movie_data_pipeline/.venv/lib/python3.9/site-packages/airflow/example_dags/example_xcom.py
[2024-12-21T10:47:41.721+0530] {processor.py:925} INFO - DAG(s) 'example_xcom' retrieved from /Users/jayesh/Desktop/Personal Work/Movie_data_pipeline/.venv/lib/python3.9/site-packages/airflow/example_dags/example_xcom.py
[2024-12-21T10:47:41.959+0530] {logging_mixin.py:190} INFO - [2024-12-21T10:47:41.959+0530] {dag.py:3239} INFO - Sync 1 DAGs
[2024-12-21T10:47:41.997+0530] {logging_mixin.py:190} INFO - [2024-12-21T10:47:41.996+0530] {dag.py:4180} INFO - Setting next_dagrun for example_xcom to 2021-01-01 00:00:00+00:00, run_after=2021-01-01 00:00:00+00:00
[2024-12-21T10:47:42.023+0530] {processor.py:208} INFO - Processing /Users/jayesh/Desktop/Personal Work/Movie_data_pipeline/.venv/lib/python3.9/site-packages/airflow/example_dags/example_xcom.py took 0.370 seconds
[2024-12-21T10:50:01.279+0530] {processor.py:186} INFO - Started process (PID=4503) to work on /Users/jayesh/Desktop/Personal Work/Movie_data_pipeline/.venv/lib/python3.9/site-packages/airflow/example_dags/example_xcom.py
[2024-12-21T10:50:01.282+0530] {processor.py:914} INFO - Processing file /Users/jayesh/Desktop/Personal Work/Movie_data_pipeline/.venv/lib/python3.9/site-packages/airflow/example_dags/example_xcom.py for tasks to queue
[2024-12-21T10:50:01.284+0530] {logging_mixin.py:190} INFO - [2024-12-21T10:50:01.284+0530] {dagbag.py:588} INFO - Filling up the DagBag from /Users/jayesh/Desktop/Personal Work/Movie_data_pipeline/.venv/lib/python3.9/site-packages/airflow/example_dags/example_xcom.py
[2024-12-21T10:50:01.337+0530] {processor.py:925} INFO - DAG(s) 'example_xcom' retrieved from /Users/jayesh/Desktop/Personal Work/Movie_data_pipeline/.venv/lib/python3.9/site-packages/airflow/example_dags/example_xcom.py
[2024-12-21T10:50:01.577+0530] {logging_mixin.py:190} INFO - [2024-12-21T10:50:01.577+0530] {dag.py:3239} INFO - Sync 1 DAGs
[2024-12-21T10:50:01.612+0530] {logging_mixin.py:190} INFO - [2024-12-21T10:50:01.612+0530] {dag.py:4180} INFO - Setting next_dagrun for example_xcom to 2021-01-01 00:00:00+00:00, run_after=2021-01-01 00:00:00+00:00
[2024-12-21T10:50:01.642+0530] {processor.py:208} INFO - Processing /Users/jayesh/Desktop/Personal Work/Movie_data_pipeline/.venv/lib/python3.9/site-packages/airflow/example_dags/example_xcom.py took 0.369 seconds
[2024-12-21T10:51:50.253+0530] {processor.py:186} INFO - Started process (PID=4884) to work on /Users/jayesh/Desktop/Personal Work/Movie_data_pipeline/.venv/lib/python3.9/site-packages/airflow/example_dags/example_xcom.py
[2024-12-21T10:51:50.257+0530] {processor.py:914} INFO - Processing file /Users/jayesh/Desktop/Personal Work/Movie_data_pipeline/.venv/lib/python3.9/site-packages/airflow/example_dags/example_xcom.py for tasks to queue
[2024-12-21T10:51:50.267+0530] {logging_mixin.py:190} INFO - [2024-12-21T10:51:50.266+0530] {dagbag.py:588} INFO - Filling up the DagBag from /Users/jayesh/Desktop/Personal Work/Movie_data_pipeline/.venv/lib/python3.9/site-packages/airflow/example_dags/example_xcom.py
[2024-12-21T10:51:50.466+0530] {processor.py:925} INFO - DAG(s) 'example_xcom' retrieved from /Users/jayesh/Desktop/Personal Work/Movie_data_pipeline/.venv/lib/python3.9/site-packages/airflow/example_dags/example_xcom.py
[2024-12-21T10:51:51.032+0530] {logging_mixin.py:190} INFO - [2024-12-21T10:51:51.031+0530] {dag.py:3239} INFO - Sync 1 DAGs
[2024-12-21T10:51:51.073+0530] {logging_mixin.py:190} INFO - [2024-12-21T10:51:51.072+0530] {dag.py:4180} INFO - Setting next_dagrun for example_xcom to 2021-01-01 00:00:00+00:00, run_after=2021-01-01 00:00:00+00:00
[2024-12-21T10:51:51.102+0530] {processor.py:208} INFO - Processing /Users/jayesh/Desktop/Personal Work/Movie_data_pipeline/.venv/lib/python3.9/site-packages/airflow/example_dags/example_xcom.py took 0.867 seconds
[2024-12-21T10:53:23.064+0530] {processor.py:186} INFO - Started process (PID=5208) to work on /Users/jayesh/Desktop/Personal Work/Movie_data_pipeline/.venv/lib/python3.9/site-packages/airflow/example_dags/example_xcom.py
[2024-12-21T10:53:23.066+0530] {processor.py:914} INFO - Processing file /Users/jayesh/Desktop/Personal Work/Movie_data_pipeline/.venv/lib/python3.9/site-packages/airflow/example_dags/example_xcom.py for tasks to queue
[2024-12-21T10:53:23.067+0530] {logging_mixin.py:190} INFO - [2024-12-21T10:53:23.067+0530] {dagbag.py:588} INFO - Filling up the DagBag from /Users/jayesh/Desktop/Personal Work/Movie_data_pipeline/.venv/lib/python3.9/site-packages/airflow/example_dags/example_xcom.py
[2024-12-21T10:53:23.134+0530] {processor.py:925} INFO - DAG(s) 'example_xcom' retrieved from /Users/jayesh/Desktop/Personal Work/Movie_data_pipeline/.venv/lib/python3.9/site-packages/airflow/example_dags/example_xcom.py
[2024-12-21T10:53:23.516+0530] {logging_mixin.py:190} INFO - [2024-12-21T10:53:23.516+0530] {dag.py:3239} INFO - Sync 1 DAGs
[2024-12-21T10:53:23.550+0530] {logging_mixin.py:190} INFO - [2024-12-21T10:53:23.550+0530] {dag.py:4180} INFO - Setting next_dagrun for example_xcom to 2021-01-01 00:00:00+00:00, run_after=2021-01-01 00:00:00+00:00
[2024-12-21T10:53:23.583+0530] {processor.py:208} INFO - Processing /Users/jayesh/Desktop/Personal Work/Movie_data_pipeline/.venv/lib/python3.9/site-packages/airflow/example_dags/example_xcom.py took 0.525 seconds
[2024-12-21T11:54:56.121+0530] {processor.py:186} INFO - Started process (PID=6569) to work on /Users/jayesh/Desktop/Personal Work/Movie_data_pipeline/.venv/lib/python3.9/site-packages/airflow/example_dags/example_xcom.py
[2024-12-21T11:54:56.124+0530] {processor.py:914} INFO - Processing file /Users/jayesh/Desktop/Personal Work/Movie_data_pipeline/.venv/lib/python3.9/site-packages/airflow/example_dags/example_xcom.py for tasks to queue
[2024-12-21T11:54:56.127+0530] {logging_mixin.py:190} INFO - [2024-12-21T11:54:56.127+0530] {dagbag.py:588} INFO - Filling up the DagBag from /Users/jayesh/Desktop/Personal Work/Movie_data_pipeline/.venv/lib/python3.9/site-packages/airflow/example_dags/example_xcom.py
[2024-12-21T11:54:56.186+0530] {processor.py:925} INFO - DAG(s) 'example_xcom' retrieved from /Users/jayesh/Desktop/Personal Work/Movie_data_pipeline/.venv/lib/python3.9/site-packages/airflow/example_dags/example_xcom.py
[2024-12-21T11:54:56.420+0530] {logging_mixin.py:190} INFO - [2024-12-21T11:54:56.419+0530] {dag.py:3239} INFO - Sync 1 DAGs
[2024-12-21T11:54:56.459+0530] {logging_mixin.py:190} INFO - [2024-12-21T11:54:56.459+0530] {dag.py:4180} INFO - Setting next_dagrun for example_xcom to 2021-01-01 00:00:00+00:00, run_after=2021-01-01 00:00:00+00:00
[2024-12-21T11:54:56.528+0530] {processor.py:208} INFO - Processing /Users/jayesh/Desktop/Personal Work/Movie_data_pipeline/.venv/lib/python3.9/site-packages/airflow/example_dags/example_xcom.py took 0.413 seconds
[2024-12-21T11:57:01.294+0530] {processor.py:186} INFO - Started process (PID=7022) to work on /Users/jayesh/Desktop/Personal Work/Movie_data_pipeline/.venv/lib/python3.9/site-packages/airflow/example_dags/example_xcom.py
[2024-12-21T11:57:01.298+0530] {processor.py:914} INFO - Processing file /Users/jayesh/Desktop/Personal Work/Movie_data_pipeline/.venv/lib/python3.9/site-packages/airflow/example_dags/example_xcom.py for tasks to queue
[2024-12-21T11:57:01.302+0530] {logging_mixin.py:190} INFO - [2024-12-21T11:57:01.301+0530] {dagbag.py:588} INFO - Filling up the DagBag from /Users/jayesh/Desktop/Personal Work/Movie_data_pipeline/.venv/lib/python3.9/site-packages/airflow/example_dags/example_xcom.py
[2024-12-21T11:57:01.372+0530] {processor.py:925} INFO - DAG(s) 'example_xcom' retrieved from /Users/jayesh/Desktop/Personal Work/Movie_data_pipeline/.venv/lib/python3.9/site-packages/airflow/example_dags/example_xcom.py
[2024-12-21T11:57:01.668+0530] {logging_mixin.py:190} INFO - [2024-12-21T11:57:01.667+0530] {dag.py:3239} INFO - Sync 1 DAGs
[2024-12-21T11:57:01.729+0530] {logging_mixin.py:190} INFO - [2024-12-21T11:57:01.729+0530] {dag.py:4180} INFO - Setting next_dagrun for example_xcom to 2021-01-01 00:00:00+00:00, run_after=2021-01-01 00:00:00+00:00
[2024-12-21T11:57:01.758+0530] {processor.py:208} INFO - Processing /Users/jayesh/Desktop/Personal Work/Movie_data_pipeline/.venv/lib/python3.9/site-packages/airflow/example_dags/example_xcom.py took 0.470 seconds
[2024-12-21T11:58:37.900+0530] {processor.py:186} INFO - Started process (PID=7375) to work on /Users/jayesh/Desktop/Personal Work/Movie_data_pipeline/.venv/lib/python3.9/site-packages/airflow/example_dags/example_xcom.py
[2024-12-21T11:58:37.902+0530] {processor.py:914} INFO - Processing file /Users/jayesh/Desktop/Personal Work/Movie_data_pipeline/.venv/lib/python3.9/site-packages/airflow/example_dags/example_xcom.py for tasks to queue
[2024-12-21T11:58:37.904+0530] {logging_mixin.py:190} INFO - [2024-12-21T11:58:37.903+0530] {dagbag.py:588} INFO - Filling up the DagBag from /Users/jayesh/Desktop/Personal Work/Movie_data_pipeline/.venv/lib/python3.9/site-packages/airflow/example_dags/example_xcom.py
[2024-12-21T11:58:37.968+0530] {processor.py:925} INFO - DAG(s) 'example_xcom' retrieved from /Users/jayesh/Desktop/Personal Work/Movie_data_pipeline/.venv/lib/python3.9/site-packages/airflow/example_dags/example_xcom.py
[2024-12-21T11:58:38.267+0530] {logging_mixin.py:190} INFO - [2024-12-21T11:58:38.266+0530] {dag.py:3239} INFO - Sync 1 DAGs
[2024-12-21T11:58:38.304+0530] {logging_mixin.py:190} INFO - [2024-12-21T11:58:38.304+0530] {dag.py:4180} INFO - Setting next_dagrun for example_xcom to 2021-01-01 00:00:00+00:00, run_after=2021-01-01 00:00:00+00:00
[2024-12-21T11:58:38.357+0530] {processor.py:208} INFO - Processing /Users/jayesh/Desktop/Personal Work/Movie_data_pipeline/.venv/lib/python3.9/site-packages/airflow/example_dags/example_xcom.py took 0.464 seconds
[2024-12-21T12:00:19.265+0530] {processor.py:186} INFO - Started process (PID=7738) to work on /Users/jayesh/Desktop/Personal Work/Movie_data_pipeline/.venv/lib/python3.9/site-packages/airflow/example_dags/example_xcom.py
[2024-12-21T12:00:19.268+0530] {processor.py:914} INFO - Processing file /Users/jayesh/Desktop/Personal Work/Movie_data_pipeline/.venv/lib/python3.9/site-packages/airflow/example_dags/example_xcom.py for tasks to queue
[2024-12-21T12:00:19.270+0530] {logging_mixin.py:190} INFO - [2024-12-21T12:00:19.270+0530] {dagbag.py:588} INFO - Filling up the DagBag from /Users/jayesh/Desktop/Personal Work/Movie_data_pipeline/.venv/lib/python3.9/site-packages/airflow/example_dags/example_xcom.py
[2024-12-21T12:00:19.328+0530] {processor.py:925} INFO - DAG(s) 'example_xcom' retrieved from /Users/jayesh/Desktop/Personal Work/Movie_data_pipeline/.venv/lib/python3.9/site-packages/airflow/example_dags/example_xcom.py
[2024-12-21T12:00:19.741+0530] {logging_mixin.py:190} INFO - [2024-12-21T12:00:19.740+0530] {dag.py:3239} INFO - Sync 1 DAGs
[2024-12-21T12:00:19.776+0530] {logging_mixin.py:190} INFO - [2024-12-21T12:00:19.776+0530] {dag.py:4180} INFO - Setting next_dagrun for example_xcom to 2021-01-01 00:00:00+00:00, run_after=2021-01-01 00:00:00+00:00
[2024-12-21T12:00:19.846+0530] {processor.py:208} INFO - Processing /Users/jayesh/Desktop/Personal Work/Movie_data_pipeline/.venv/lib/python3.9/site-packages/airflow/example_dags/example_xcom.py took 0.587 seconds
[2024-12-21T12:01:54.753+0530] {processor.py:186} INFO - Started process (PID=8074) to work on /Users/jayesh/Desktop/Personal Work/Movie_data_pipeline/.venv/lib/python3.9/site-packages/airflow/example_dags/example_xcom.py
[2024-12-21T12:01:54.757+0530] {processor.py:914} INFO - Processing file /Users/jayesh/Desktop/Personal Work/Movie_data_pipeline/.venv/lib/python3.9/site-packages/airflow/example_dags/example_xcom.py for tasks to queue
[2024-12-21T12:01:54.760+0530] {logging_mixin.py:190} INFO - [2024-12-21T12:01:54.759+0530] {dagbag.py:588} INFO - Filling up the DagBag from /Users/jayesh/Desktop/Personal Work/Movie_data_pipeline/.venv/lib/python3.9/site-packages/airflow/example_dags/example_xcom.py
[2024-12-21T12:01:54.840+0530] {processor.py:925} INFO - DAG(s) 'example_xcom' retrieved from /Users/jayesh/Desktop/Personal Work/Movie_data_pipeline/.venv/lib/python3.9/site-packages/airflow/example_dags/example_xcom.py
[2024-12-21T12:01:55.239+0530] {logging_mixin.py:190} INFO - [2024-12-21T12:01:55.239+0530] {dag.py:3239} INFO - Sync 1 DAGs
[2024-12-21T12:01:55.271+0530] {logging_mixin.py:190} INFO - [2024-12-21T12:01:55.270+0530] {dag.py:4180} INFO - Setting next_dagrun for example_xcom to 2021-01-01 00:00:00+00:00, run_after=2021-01-01 00:00:00+00:00
[2024-12-21T12:01:55.298+0530] {processor.py:208} INFO - Processing /Users/jayesh/Desktop/Personal Work/Movie_data_pipeline/.venv/lib/python3.9/site-packages/airflow/example_dags/example_xcom.py took 0.554 seconds
[2024-12-21T12:03:39.758+0530] {processor.py:186} INFO - Started process (PID=8438) to work on /Users/jayesh/Desktop/Personal Work/Movie_data_pipeline/.venv/lib/python3.9/site-packages/airflow/example_dags/example_xcom.py
[2024-12-21T12:03:39.761+0530] {processor.py:914} INFO - Processing file /Users/jayesh/Desktop/Personal Work/Movie_data_pipeline/.venv/lib/python3.9/site-packages/airflow/example_dags/example_xcom.py for tasks to queue
[2024-12-21T12:03:39.762+0530] {logging_mixin.py:190} INFO - [2024-12-21T12:03:39.762+0530] {dagbag.py:588} INFO - Filling up the DagBag from /Users/jayesh/Desktop/Personal Work/Movie_data_pipeline/.venv/lib/python3.9/site-packages/airflow/example_dags/example_xcom.py
[2024-12-21T12:03:39.842+0530] {processor.py:925} INFO - DAG(s) 'example_xcom' retrieved from /Users/jayesh/Desktop/Personal Work/Movie_data_pipeline/.venv/lib/python3.9/site-packages/airflow/example_dags/example_xcom.py
[2024-12-21T12:03:40.097+0530] {logging_mixin.py:190} INFO - [2024-12-21T12:03:40.097+0530] {dag.py:3239} INFO - Sync 1 DAGs
[2024-12-21T12:03:40.145+0530] {logging_mixin.py:190} INFO - [2024-12-21T12:03:40.145+0530] {dag.py:4180} INFO - Setting next_dagrun for example_xcom to 2021-01-01 00:00:00+00:00, run_after=2021-01-01 00:00:00+00:00
[2024-12-21T12:03:40.178+0530] {processor.py:208} INFO - Processing /Users/jayesh/Desktop/Personal Work/Movie_data_pipeline/.venv/lib/python3.9/site-packages/airflow/example_dags/example_xcom.py took 0.431 seconds
[2024-12-21T12:05:31.400+0530] {processor.py:186} INFO - Started process (PID=8822) to work on /Users/jayesh/Desktop/Personal Work/Movie_data_pipeline/.venv/lib/python3.9/site-packages/airflow/example_dags/example_xcom.py
[2024-12-21T12:05:31.403+0530] {processor.py:914} INFO - Processing file /Users/jayesh/Desktop/Personal Work/Movie_data_pipeline/.venv/lib/python3.9/site-packages/airflow/example_dags/example_xcom.py for tasks to queue
[2024-12-21T12:05:31.404+0530] {logging_mixin.py:190} INFO - [2024-12-21T12:05:31.404+0530] {dagbag.py:588} INFO - Filling up the DagBag from /Users/jayesh/Desktop/Personal Work/Movie_data_pipeline/.venv/lib/python3.9/site-packages/airflow/example_dags/example_xcom.py
[2024-12-21T12:05:31.460+0530] {processor.py:925} INFO - DAG(s) 'example_xcom' retrieved from /Users/jayesh/Desktop/Personal Work/Movie_data_pipeline/.venv/lib/python3.9/site-packages/airflow/example_dags/example_xcom.py
[2024-12-21T12:05:31.708+0530] {logging_mixin.py:190} INFO - [2024-12-21T12:05:31.708+0530] {dag.py:3239} INFO - Sync 1 DAGs
[2024-12-21T12:05:31.739+0530] {logging_mixin.py:190} INFO - [2024-12-21T12:05:31.739+0530] {dag.py:4180} INFO - Setting next_dagrun for example_xcom to 2021-01-01 00:00:00+00:00, run_after=2021-01-01 00:00:00+00:00
[2024-12-21T12:05:31.770+0530] {processor.py:208} INFO - Processing /Users/jayesh/Desktop/Personal Work/Movie_data_pipeline/.venv/lib/python3.9/site-packages/airflow/example_dags/example_xcom.py took 0.375 seconds
[2024-12-21T22:32:12.129+0530] {processor.py:186} INFO - Started process (PID=15898) to work on /Users/jayesh/Desktop/Personal Work/Movie_data_pipeline/.venv/lib/python3.9/site-packages/airflow/example_dags/example_xcom.py
[2024-12-21T22:32:12.133+0530] {processor.py:914} INFO - Processing file /Users/jayesh/Desktop/Personal Work/Movie_data_pipeline/.venv/lib/python3.9/site-packages/airflow/example_dags/example_xcom.py for tasks to queue
[2024-12-21T22:32:12.141+0530] {logging_mixin.py:190} INFO - [2024-12-21T22:32:12.139+0530] {dagbag.py:588} INFO - Filling up the DagBag from /Users/jayesh/Desktop/Personal Work/Movie_data_pipeline/.venv/lib/python3.9/site-packages/airflow/example_dags/example_xcom.py
[2024-12-21T22:32:12.176+0530] {processor.py:925} INFO - DAG(s) 'example_xcom' retrieved from /Users/jayesh/Desktop/Personal Work/Movie_data_pipeline/.venv/lib/python3.9/site-packages/airflow/example_dags/example_xcom.py
[2024-12-21T22:32:12.343+0530] {logging_mixin.py:190} INFO - [2024-12-21T22:32:12.343+0530] {dag.py:3239} INFO - Sync 1 DAGs
[2024-12-21T22:32:12.548+0530] {logging_mixin.py:190} INFO - [2024-12-21T22:32:12.545+0530] {dag.py:4180} INFO - Setting next_dagrun for example_xcom to 2021-01-01 00:00:00+00:00, run_after=2021-01-01 00:00:00+00:00
[2024-12-21T22:32:12.771+0530] {processor.py:208} INFO - Processing /Users/jayesh/Desktop/Personal Work/Movie_data_pipeline/.venv/lib/python3.9/site-packages/airflow/example_dags/example_xcom.py took 0.663 seconds
[2024-12-21T22:32:44.652+0530] {processor.py:186} INFO - Started process (PID=16142) to work on /Users/jayesh/Desktop/Personal Work/Movie_data_pipeline/.venv/lib/python3.9/site-packages/airflow/example_dags/example_xcom.py
[2024-12-21T22:32:44.658+0530] {processor.py:914} INFO - Processing file /Users/jayesh/Desktop/Personal Work/Movie_data_pipeline/.venv/lib/python3.9/site-packages/airflow/example_dags/example_xcom.py for tasks to queue
[2024-12-21T22:32:44.668+0530] {logging_mixin.py:190} INFO - [2024-12-21T22:32:44.666+0530] {dagbag.py:588} INFO - Filling up the DagBag from /Users/jayesh/Desktop/Personal Work/Movie_data_pipeline/.venv/lib/python3.9/site-packages/airflow/example_dags/example_xcom.py
[2024-12-21T22:32:44.734+0530] {processor.py:925} INFO - DAG(s) 'example_xcom' retrieved from /Users/jayesh/Desktop/Personal Work/Movie_data_pipeline/.venv/lib/python3.9/site-packages/airflow/example_dags/example_xcom.py
[2024-12-21T22:32:44.912+0530] {logging_mixin.py:190} INFO - [2024-12-21T22:32:44.911+0530] {dag.py:3239} INFO - Sync 1 DAGs
[2024-12-21T22:32:45.030+0530] {logging_mixin.py:190} INFO - [2024-12-21T22:32:45.029+0530] {dag.py:4180} INFO - Setting next_dagrun for example_xcom to 2021-01-01 00:00:00+00:00, run_after=2021-01-01 00:00:00+00:00
[2024-12-21T22:32:45.116+0530] {processor.py:208} INFO - Processing /Users/jayesh/Desktop/Personal Work/Movie_data_pipeline/.venv/lib/python3.9/site-packages/airflow/example_dags/example_xcom.py took 0.489 seconds
[2024-12-21T22:33:15.419+0530] {processor.py:186} INFO - Started process (PID=16352) to work on /Users/jayesh/Desktop/Personal Work/Movie_data_pipeline/.venv/lib/python3.9/site-packages/airflow/example_dags/example_xcom.py
[2024-12-21T22:33:15.424+0530] {processor.py:914} INFO - Processing file /Users/jayesh/Desktop/Personal Work/Movie_data_pipeline/.venv/lib/python3.9/site-packages/airflow/example_dags/example_xcom.py for tasks to queue
[2024-12-21T22:33:15.434+0530] {logging_mixin.py:190} INFO - [2024-12-21T22:33:15.433+0530] {dagbag.py:588} INFO - Filling up the DagBag from /Users/jayesh/Desktop/Personal Work/Movie_data_pipeline/.venv/lib/python3.9/site-packages/airflow/example_dags/example_xcom.py
[2024-12-21T22:33:15.476+0530] {processor.py:925} INFO - DAG(s) 'example_xcom' retrieved from /Users/jayesh/Desktop/Personal Work/Movie_data_pipeline/.venv/lib/python3.9/site-packages/airflow/example_dags/example_xcom.py
[2024-12-21T22:33:15.570+0530] {logging_mixin.py:190} INFO - [2024-12-21T22:33:15.569+0530] {dag.py:3239} INFO - Sync 1 DAGs
[2024-12-21T22:33:15.635+0530] {logging_mixin.py:190} INFO - [2024-12-21T22:33:15.634+0530] {dag.py:4180} INFO - Setting next_dagrun for example_xcom to 2021-01-01 00:00:00+00:00, run_after=2021-01-01 00:00:00+00:00
[2024-12-21T22:33:15.684+0530] {processor.py:208} INFO - Processing /Users/jayesh/Desktop/Personal Work/Movie_data_pipeline/.venv/lib/python3.9/site-packages/airflow/example_dags/example_xcom.py took 0.296 seconds
[2024-12-21T22:33:46.266+0530] {processor.py:186} INFO - Started process (PID=16557) to work on /Users/jayesh/Desktop/Personal Work/Movie_data_pipeline/.venv/lib/python3.9/site-packages/airflow/example_dags/example_xcom.py
[2024-12-21T22:33:46.270+0530] {processor.py:914} INFO - Processing file /Users/jayesh/Desktop/Personal Work/Movie_data_pipeline/.venv/lib/python3.9/site-packages/airflow/example_dags/example_xcom.py for tasks to queue
[2024-12-21T22:33:46.293+0530] {logging_mixin.py:190} INFO - [2024-12-21T22:33:46.292+0530] {dagbag.py:588} INFO - Filling up the DagBag from /Users/jayesh/Desktop/Personal Work/Movie_data_pipeline/.venv/lib/python3.9/site-packages/airflow/example_dags/example_xcom.py
[2024-12-21T22:33:46.332+0530] {processor.py:925} INFO - DAG(s) 'example_xcom' retrieved from /Users/jayesh/Desktop/Personal Work/Movie_data_pipeline/.venv/lib/python3.9/site-packages/airflow/example_dags/example_xcom.py
[2024-12-21T22:33:46.486+0530] {logging_mixin.py:190} INFO - [2024-12-21T22:33:46.484+0530] {dag.py:3239} INFO - Sync 1 DAGs
[2024-12-21T22:33:46.571+0530] {logging_mixin.py:190} INFO - [2024-12-21T22:33:46.570+0530] {dag.py:4180} INFO - Setting next_dagrun for example_xcom to 2021-01-01 00:00:00+00:00, run_after=2021-01-01 00:00:00+00:00
[2024-12-21T22:33:46.635+0530] {processor.py:208} INFO - Processing /Users/jayesh/Desktop/Personal Work/Movie_data_pipeline/.venv/lib/python3.9/site-packages/airflow/example_dags/example_xcom.py took 0.383 seconds
[2024-12-21T23:52:52.943+0530] {processor.py:186} INFO - Started process (PID=18015) to work on /Users/jayesh/Desktop/Personal Work/Movie_data_pipeline/.venv/lib/python3.9/site-packages/airflow/example_dags/example_xcom.py
[2024-12-21T23:52:52.946+0530] {processor.py:914} INFO - Processing file /Users/jayesh/Desktop/Personal Work/Movie_data_pipeline/.venv/lib/python3.9/site-packages/airflow/example_dags/example_xcom.py for tasks to queue
[2024-12-21T23:52:52.956+0530] {logging_mixin.py:190} INFO - [2024-12-21T23:52:52.954+0530] {dagbag.py:588} INFO - Filling up the DagBag from /Users/jayesh/Desktop/Personal Work/Movie_data_pipeline/.venv/lib/python3.9/site-packages/airflow/example_dags/example_xcom.py
[2024-12-21T23:52:52.984+0530] {processor.py:925} INFO - DAG(s) 'example_xcom' retrieved from /Users/jayesh/Desktop/Personal Work/Movie_data_pipeline/.venv/lib/python3.9/site-packages/airflow/example_dags/example_xcom.py
[2024-12-21T23:52:53.135+0530] {logging_mixin.py:190} INFO - [2024-12-21T23:52:53.134+0530] {dag.py:3239} INFO - Sync 1 DAGs
[2024-12-21T23:52:53.217+0530] {logging_mixin.py:190} INFO - [2024-12-21T23:52:53.217+0530] {dag.py:4180} INFO - Setting next_dagrun for example_xcom to 2021-01-01 00:00:00+00:00, run_after=2021-01-01 00:00:00+00:00
[2024-12-21T23:52:53.260+0530] {processor.py:208} INFO - Processing /Users/jayesh/Desktop/Personal Work/Movie_data_pipeline/.venv/lib/python3.9/site-packages/airflow/example_dags/example_xcom.py took 0.335 seconds
[2024-12-21T23:53:23.842+0530] {processor.py:186} INFO - Started process (PID=18250) to work on /Users/jayesh/Desktop/Personal Work/Movie_data_pipeline/.venv/lib/python3.9/site-packages/airflow/example_dags/example_xcom.py
[2024-12-21T23:53:23.846+0530] {processor.py:914} INFO - Processing file /Users/jayesh/Desktop/Personal Work/Movie_data_pipeline/.venv/lib/python3.9/site-packages/airflow/example_dags/example_xcom.py for tasks to queue
[2024-12-21T23:53:23.860+0530] {logging_mixin.py:190} INFO - [2024-12-21T23:53:23.858+0530] {dagbag.py:588} INFO - Filling up the DagBag from /Users/jayesh/Desktop/Personal Work/Movie_data_pipeline/.venv/lib/python3.9/site-packages/airflow/example_dags/example_xcom.py
[2024-12-21T23:53:23.889+0530] {processor.py:925} INFO - DAG(s) 'example_xcom' retrieved from /Users/jayesh/Desktop/Personal Work/Movie_data_pipeline/.venv/lib/python3.9/site-packages/airflow/example_dags/example_xcom.py
[2024-12-21T23:53:23.973+0530] {logging_mixin.py:190} INFO - [2024-12-21T23:53:23.972+0530] {dag.py:3239} INFO - Sync 1 DAGs
[2024-12-21T23:53:24.030+0530] {logging_mixin.py:190} INFO - [2024-12-21T23:53:24.028+0530] {dag.py:4180} INFO - Setting next_dagrun for example_xcom to 2021-01-01 00:00:00+00:00, run_after=2021-01-01 00:00:00+00:00
[2024-12-21T23:53:24.140+0530] {processor.py:208} INFO - Processing /Users/jayesh/Desktop/Personal Work/Movie_data_pipeline/.venv/lib/python3.9/site-packages/airflow/example_dags/example_xcom.py took 0.324 seconds
