[2024-12-21T10:23:42.725+0530] {processor.py:186} INFO - Started process (PID=2281) to work on /Users/jayesh/Desktop/Personal Work/Movie_data_pipeline/.venv/lib/python3.9/site-packages/airflow/example_dags/example_skip_dag.py
[2024-12-21T10:23:42.726+0530] {processor.py:914} INFO - Processing file /Users/jayesh/Desktop/Personal Work/Movie_data_pipeline/.venv/lib/python3.9/site-packages/airflow/example_dags/example_skip_dag.py for tasks to queue
[2024-12-21T10:23:42.730+0530] {logging_mixin.py:190} INFO - [2024-12-21T10:23:42.729+0530] {dagbag.py:588} INFO - Filling up the DagBag from /Users/jayesh/Desktop/Personal Work/Movie_data_pipeline/.venv/lib/python3.9/site-packages/airflow/example_dags/example_skip_dag.py
[2024-12-21T10:23:42.746+0530] {processor.py:925} INFO - DAG(s) 'example_skip_dag' retrieved from /Users/jayesh/Desktop/Personal Work/Movie_data_pipeline/.venv/lib/python3.9/site-packages/airflow/example_dags/example_skip_dag.py
[2024-12-21T10:23:43.026+0530] {logging_mixin.py:190} INFO - [2024-12-21T10:23:43.025+0530] {dag.py:3239} INFO - Sync 1 DAGs
[2024-12-21T10:23:43.282+0530] {logging_mixin.py:190} INFO - [2024-12-21T10:23:43.282+0530] {dag.py:4180} INFO - Setting next_dagrun for example_skip_dag to 2024-12-20 00:00:00+00:00, run_after=2024-12-21 00:00:00+00:00
[2024-12-21T10:23:43.513+0530] {processor.py:208} INFO - Processing /Users/jayesh/Desktop/Personal Work/Movie_data_pipeline/.venv/lib/python3.9/site-packages/airflow/example_dags/example_skip_dag.py took 0.797 seconds
[2024-12-21T10:26:02.185+0530] {processor.py:186} INFO - Started process (PID=2621) to work on /Users/jayesh/Desktop/Personal Work/Movie_data_pipeline/.venv/lib/python3.9/site-packages/airflow/example_dags/example_skip_dag.py
[2024-12-21T10:26:02.186+0530] {processor.py:914} INFO - Processing file /Users/jayesh/Desktop/Personal Work/Movie_data_pipeline/.venv/lib/python3.9/site-packages/airflow/example_dags/example_skip_dag.py for tasks to queue
[2024-12-21T10:26:02.188+0530] {logging_mixin.py:190} INFO - [2024-12-21T10:26:02.187+0530] {dagbag.py:588} INFO - Filling up the DagBag from /Users/jayesh/Desktop/Personal Work/Movie_data_pipeline/.venv/lib/python3.9/site-packages/airflow/example_dags/example_skip_dag.py
[2024-12-21T10:26:02.200+0530] {processor.py:925} INFO - DAG(s) 'example_skip_dag' retrieved from /Users/jayesh/Desktop/Personal Work/Movie_data_pipeline/.venv/lib/python3.9/site-packages/airflow/example_dags/example_skip_dag.py
[2024-12-21T10:26:02.447+0530] {logging_mixin.py:190} INFO - [2024-12-21T10:26:02.446+0530] {dag.py:3239} INFO - Sync 1 DAGs
[2024-12-21T10:26:02.481+0530] {logging_mixin.py:190} INFO - [2024-12-21T10:26:02.481+0530] {dag.py:4180} INFO - Setting next_dagrun for example_skip_dag to 2024-12-20 00:00:00+00:00, run_after=2024-12-21 00:00:00+00:00
[2024-12-21T10:26:02.511+0530] {processor.py:208} INFO - Processing /Users/jayesh/Desktop/Personal Work/Movie_data_pipeline/.venv/lib/python3.9/site-packages/airflow/example_dags/example_skip_dag.py took 0.331 seconds
[2024-12-21T10:27:23.701+0530] {processor.py:186} INFO - Started process (PID=2840) to work on /Users/jayesh/Desktop/Personal Work/Movie_data_pipeline/.venv/lib/python3.9/site-packages/airflow/example_dags/example_skip_dag.py
[2024-12-21T10:27:23.703+0530] {processor.py:914} INFO - Processing file /Users/jayesh/Desktop/Personal Work/Movie_data_pipeline/.venv/lib/python3.9/site-packages/airflow/example_dags/example_skip_dag.py for tasks to queue
[2024-12-21T10:27:23.704+0530] {logging_mixin.py:190} INFO - [2024-12-21T10:27:23.704+0530] {dagbag.py:588} INFO - Filling up the DagBag from /Users/jayesh/Desktop/Personal Work/Movie_data_pipeline/.venv/lib/python3.9/site-packages/airflow/example_dags/example_skip_dag.py
[2024-12-21T10:27:23.719+0530] {processor.py:925} INFO - DAG(s) 'example_skip_dag' retrieved from /Users/jayesh/Desktop/Personal Work/Movie_data_pipeline/.venv/lib/python3.9/site-packages/airflow/example_dags/example_skip_dag.py
[2024-12-21T10:27:23.988+0530] {logging_mixin.py:190} INFO - [2024-12-21T10:27:23.987+0530] {dag.py:3239} INFO - Sync 1 DAGs
[2024-12-21T10:27:24.022+0530] {logging_mixin.py:190} INFO - [2024-12-21T10:27:24.022+0530] {dag.py:4180} INFO - Setting next_dagrun for example_skip_dag to 2024-12-20 00:00:00+00:00, run_after=2024-12-21 00:00:00+00:00
[2024-12-21T10:27:24.053+0530] {processor.py:208} INFO - Processing /Users/jayesh/Desktop/Personal Work/Movie_data_pipeline/.venv/lib/python3.9/site-packages/airflow/example_dags/example_skip_dag.py took 0.357 seconds
[2024-12-21T10:30:00.205+0530] {processor.py:186} INFO - Started process (PID=3278) to work on /Users/jayesh/Desktop/Personal Work/Movie_data_pipeline/.venv/lib/python3.9/site-packages/airflow/example_dags/example_skip_dag.py
[2024-12-21T10:30:00.207+0530] {processor.py:914} INFO - Processing file /Users/jayesh/Desktop/Personal Work/Movie_data_pipeline/.venv/lib/python3.9/site-packages/airflow/example_dags/example_skip_dag.py for tasks to queue
[2024-12-21T10:30:00.210+0530] {logging_mixin.py:190} INFO - [2024-12-21T10:30:00.209+0530] {dagbag.py:588} INFO - Filling up the DagBag from /Users/jayesh/Desktop/Personal Work/Movie_data_pipeline/.venv/lib/python3.9/site-packages/airflow/example_dags/example_skip_dag.py
[2024-12-21T10:30:00.230+0530] {processor.py:925} INFO - DAG(s) 'example_skip_dag' retrieved from /Users/jayesh/Desktop/Personal Work/Movie_data_pipeline/.venv/lib/python3.9/site-packages/airflow/example_dags/example_skip_dag.py
[2024-12-21T10:30:00.494+0530] {logging_mixin.py:190} INFO - [2024-12-21T10:30:00.493+0530] {dag.py:3239} INFO - Sync 1 DAGs
[2024-12-21T10:30:00.535+0530] {logging_mixin.py:190} INFO - [2024-12-21T10:30:00.535+0530] {dag.py:4180} INFO - Setting next_dagrun for example_skip_dag to 2024-12-20 00:00:00+00:00, run_after=2024-12-21 00:00:00+00:00
[2024-12-21T10:30:00.572+0530] {processor.py:208} INFO - Processing /Users/jayesh/Desktop/Personal Work/Movie_data_pipeline/.venv/lib/python3.9/site-packages/airflow/example_dags/example_skip_dag.py took 0.376 seconds
[2024-12-21T10:48:09.727+0530] {processor.py:186} INFO - Started process (PID=4152) to work on /Users/jayesh/Desktop/Personal Work/Movie_data_pipeline/.venv/lib/python3.9/site-packages/airflow/example_dags/example_skip_dag.py
[2024-12-21T10:48:09.730+0530] {processor.py:914} INFO - Processing file /Users/jayesh/Desktop/Personal Work/Movie_data_pipeline/.venv/lib/python3.9/site-packages/airflow/example_dags/example_skip_dag.py for tasks to queue
[2024-12-21T10:48:09.731+0530] {logging_mixin.py:190} INFO - [2024-12-21T10:48:09.731+0530] {dagbag.py:588} INFO - Filling up the DagBag from /Users/jayesh/Desktop/Personal Work/Movie_data_pipeline/.venv/lib/python3.9/site-packages/airflow/example_dags/example_skip_dag.py
[2024-12-21T10:48:09.743+0530] {processor.py:925} INFO - DAG(s) 'example_skip_dag' retrieved from /Users/jayesh/Desktop/Personal Work/Movie_data_pipeline/.venv/lib/python3.9/site-packages/airflow/example_dags/example_skip_dag.py
[2024-12-21T10:48:09.963+0530] {logging_mixin.py:190} INFO - [2024-12-21T10:48:09.962+0530] {dag.py:3239} INFO - Sync 1 DAGs
[2024-12-21T10:48:09.992+0530] {logging_mixin.py:190} INFO - [2024-12-21T10:48:09.992+0530] {dag.py:4180} INFO - Setting next_dagrun for example_skip_dag to 2024-12-20 00:00:00+00:00, run_after=2024-12-21 00:00:00+00:00
[2024-12-21T10:48:10.020+0530] {processor.py:208} INFO - Processing /Users/jayesh/Desktop/Personal Work/Movie_data_pipeline/.venv/lib/python3.9/site-packages/airflow/example_dags/example_skip_dag.py took 0.298 seconds
[2024-12-21T10:50:26.352+0530] {processor.py:186} INFO - Started process (PID=4585) to work on /Users/jayesh/Desktop/Personal Work/Movie_data_pipeline/.venv/lib/python3.9/site-packages/airflow/example_dags/example_skip_dag.py
[2024-12-21T10:50:26.354+0530] {processor.py:914} INFO - Processing file /Users/jayesh/Desktop/Personal Work/Movie_data_pipeline/.venv/lib/python3.9/site-packages/airflow/example_dags/example_skip_dag.py for tasks to queue
[2024-12-21T10:50:26.357+0530] {logging_mixin.py:190} INFO - [2024-12-21T10:50:26.356+0530] {dagbag.py:588} INFO - Filling up the DagBag from /Users/jayesh/Desktop/Personal Work/Movie_data_pipeline/.venv/lib/python3.9/site-packages/airflow/example_dags/example_skip_dag.py
[2024-12-21T10:50:26.370+0530] {processor.py:925} INFO - DAG(s) 'example_skip_dag' retrieved from /Users/jayesh/Desktop/Personal Work/Movie_data_pipeline/.venv/lib/python3.9/site-packages/airflow/example_dags/example_skip_dag.py
[2024-12-21T10:50:26.626+0530] {logging_mixin.py:190} INFO - [2024-12-21T10:50:26.625+0530] {dag.py:3239} INFO - Sync 1 DAGs
[2024-12-21T10:50:26.668+0530] {logging_mixin.py:190} INFO - [2024-12-21T10:50:26.667+0530] {dag.py:4180} INFO - Setting next_dagrun for example_skip_dag to 2024-12-20 00:00:00+00:00, run_after=2024-12-21 00:00:00+00:00
[2024-12-21T10:50:26.706+0530] {processor.py:208} INFO - Processing /Users/jayesh/Desktop/Personal Work/Movie_data_pipeline/.venv/lib/python3.9/site-packages/airflow/example_dags/example_skip_dag.py took 0.362 seconds
[2024-12-21T10:52:13.648+0530] {processor.py:186} INFO - Started process (PID=4959) to work on /Users/jayesh/Desktop/Personal Work/Movie_data_pipeline/.venv/lib/python3.9/site-packages/airflow/example_dags/example_skip_dag.py
[2024-12-21T10:52:13.649+0530] {processor.py:914} INFO - Processing file /Users/jayesh/Desktop/Personal Work/Movie_data_pipeline/.venv/lib/python3.9/site-packages/airflow/example_dags/example_skip_dag.py for tasks to queue
[2024-12-21T10:52:13.654+0530] {logging_mixin.py:190} INFO - [2024-12-21T10:52:13.653+0530] {dagbag.py:588} INFO - Filling up the DagBag from /Users/jayesh/Desktop/Personal Work/Movie_data_pipeline/.venv/lib/python3.9/site-packages/airflow/example_dags/example_skip_dag.py
[2024-12-21T10:52:13.673+0530] {processor.py:925} INFO - DAG(s) 'example_skip_dag' retrieved from /Users/jayesh/Desktop/Personal Work/Movie_data_pipeline/.venv/lib/python3.9/site-packages/airflow/example_dags/example_skip_dag.py
[2024-12-21T10:52:13.981+0530] {logging_mixin.py:190} INFO - [2024-12-21T10:52:13.980+0530] {dag.py:3239} INFO - Sync 1 DAGs
[2024-12-21T10:52:14.029+0530] {logging_mixin.py:190} INFO - [2024-12-21T10:52:14.029+0530] {dag.py:4180} INFO - Setting next_dagrun for example_skip_dag to 2024-12-20 00:00:00+00:00, run_after=2024-12-21 00:00:00+00:00
[2024-12-21T10:52:14.073+0530] {processor.py:208} INFO - Processing /Users/jayesh/Desktop/Personal Work/Movie_data_pipeline/.venv/lib/python3.9/site-packages/airflow/example_dags/example_skip_dag.py took 0.435 seconds
[2024-12-21T11:55:17.716+0530] {processor.py:186} INFO - Started process (PID=6644) to work on /Users/jayesh/Desktop/Personal Work/Movie_data_pipeline/.venv/lib/python3.9/site-packages/airflow/example_dags/example_skip_dag.py
[2024-12-21T11:55:17.719+0530] {processor.py:914} INFO - Processing file /Users/jayesh/Desktop/Personal Work/Movie_data_pipeline/.venv/lib/python3.9/site-packages/airflow/example_dags/example_skip_dag.py for tasks to queue
[2024-12-21T11:55:17.721+0530] {logging_mixin.py:190} INFO - [2024-12-21T11:55:17.720+0530] {dagbag.py:588} INFO - Filling up the DagBag from /Users/jayesh/Desktop/Personal Work/Movie_data_pipeline/.venv/lib/python3.9/site-packages/airflow/example_dags/example_skip_dag.py
[2024-12-21T11:55:17.735+0530] {processor.py:925} INFO - DAG(s) 'example_skip_dag' retrieved from /Users/jayesh/Desktop/Personal Work/Movie_data_pipeline/.venv/lib/python3.9/site-packages/airflow/example_dags/example_skip_dag.py
[2024-12-21T11:55:18.011+0530] {logging_mixin.py:190} INFO - [2024-12-21T11:55:18.010+0530] {dag.py:3239} INFO - Sync 1 DAGs
[2024-12-21T11:55:18.049+0530] {logging_mixin.py:190} INFO - [2024-12-21T11:55:18.049+0530] {dag.py:4180} INFO - Setting next_dagrun for example_skip_dag to 2024-12-20 00:00:00+00:00, run_after=2024-12-21 00:00:00+00:00
[2024-12-21T11:55:18.118+0530] {processor.py:208} INFO - Processing /Users/jayesh/Desktop/Personal Work/Movie_data_pipeline/.venv/lib/python3.9/site-packages/airflow/example_dags/example_skip_dag.py took 0.407 seconds
[2024-12-21T11:57:25.007+0530] {processor.py:186} INFO - Started process (PID=7100) to work on /Users/jayesh/Desktop/Personal Work/Movie_data_pipeline/.venv/lib/python3.9/site-packages/airflow/example_dags/example_skip_dag.py
[2024-12-21T11:57:25.008+0530] {processor.py:914} INFO - Processing file /Users/jayesh/Desktop/Personal Work/Movie_data_pipeline/.venv/lib/python3.9/site-packages/airflow/example_dags/example_skip_dag.py for tasks to queue
[2024-12-21T11:57:25.010+0530] {logging_mixin.py:190} INFO - [2024-12-21T11:57:25.010+0530] {dagbag.py:588} INFO - Filling up the DagBag from /Users/jayesh/Desktop/Personal Work/Movie_data_pipeline/.venv/lib/python3.9/site-packages/airflow/example_dags/example_skip_dag.py
[2024-12-21T11:57:25.023+0530] {processor.py:925} INFO - DAG(s) 'example_skip_dag' retrieved from /Users/jayesh/Desktop/Personal Work/Movie_data_pipeline/.venv/lib/python3.9/site-packages/airflow/example_dags/example_skip_dag.py
[2024-12-21T11:57:25.270+0530] {logging_mixin.py:190} INFO - [2024-12-21T11:57:25.269+0530] {dag.py:3239} INFO - Sync 1 DAGs
[2024-12-21T11:57:25.306+0530] {logging_mixin.py:190} INFO - [2024-12-21T11:57:25.305+0530] {dag.py:4180} INFO - Setting next_dagrun for example_skip_dag to 2024-12-20 00:00:00+00:00, run_after=2024-12-21 00:00:00+00:00
[2024-12-21T11:57:25.336+0530] {processor.py:208} INFO - Processing /Users/jayesh/Desktop/Personal Work/Movie_data_pipeline/.venv/lib/python3.9/site-packages/airflow/example_dags/example_skip_dag.py took 0.334 seconds
[2024-12-21T11:58:57.977+0530] {processor.py:186} INFO - Started process (PID=7448) to work on /Users/jayesh/Desktop/Personal Work/Movie_data_pipeline/.venv/lib/python3.9/site-packages/airflow/example_dags/example_skip_dag.py
[2024-12-21T11:58:57.980+0530] {processor.py:914} INFO - Processing file /Users/jayesh/Desktop/Personal Work/Movie_data_pipeline/.venv/lib/python3.9/site-packages/airflow/example_dags/example_skip_dag.py for tasks to queue
[2024-12-21T11:58:57.983+0530] {logging_mixin.py:190} INFO - [2024-12-21T11:58:57.982+0530] {dagbag.py:588} INFO - Filling up the DagBag from /Users/jayesh/Desktop/Personal Work/Movie_data_pipeline/.venv/lib/python3.9/site-packages/airflow/example_dags/example_skip_dag.py
[2024-12-21T11:58:57.995+0530] {processor.py:925} INFO - DAG(s) 'example_skip_dag' retrieved from /Users/jayesh/Desktop/Personal Work/Movie_data_pipeline/.venv/lib/python3.9/site-packages/airflow/example_dags/example_skip_dag.py
[2024-12-21T11:58:58.287+0530] {logging_mixin.py:190} INFO - [2024-12-21T11:58:58.286+0530] {dag.py:3239} INFO - Sync 1 DAGs
[2024-12-21T11:58:58.324+0530] {logging_mixin.py:190} INFO - [2024-12-21T11:58:58.324+0530] {dag.py:4180} INFO - Setting next_dagrun for example_skip_dag to 2024-12-20 00:00:00+00:00, run_after=2024-12-21 00:00:00+00:00
[2024-12-21T11:58:58.382+0530] {processor.py:208} INFO - Processing /Users/jayesh/Desktop/Personal Work/Movie_data_pipeline/.venv/lib/python3.9/site-packages/airflow/example_dags/example_skip_dag.py took 0.410 seconds
[2024-12-21T12:00:41.058+0530] {processor.py:186} INFO - Started process (PID=7809) to work on /Users/jayesh/Desktop/Personal Work/Movie_data_pipeline/.venv/lib/python3.9/site-packages/airflow/example_dags/example_skip_dag.py
[2024-12-21T12:00:41.062+0530] {processor.py:914} INFO - Processing file /Users/jayesh/Desktop/Personal Work/Movie_data_pipeline/.venv/lib/python3.9/site-packages/airflow/example_dags/example_skip_dag.py for tasks to queue
[2024-12-21T12:00:41.064+0530] {logging_mixin.py:190} INFO - [2024-12-21T12:00:41.063+0530] {dagbag.py:588} INFO - Filling up the DagBag from /Users/jayesh/Desktop/Personal Work/Movie_data_pipeline/.venv/lib/python3.9/site-packages/airflow/example_dags/example_skip_dag.py
[2024-12-21T12:00:41.080+0530] {processor.py:925} INFO - DAG(s) 'example_skip_dag' retrieved from /Users/jayesh/Desktop/Personal Work/Movie_data_pipeline/.venv/lib/python3.9/site-packages/airflow/example_dags/example_skip_dag.py
[2024-12-21T12:00:41.517+0530] {logging_mixin.py:190} INFO - [2024-12-21T12:00:41.516+0530] {dag.py:3239} INFO - Sync 1 DAGs
[2024-12-21T12:00:41.550+0530] {logging_mixin.py:190} INFO - [2024-12-21T12:00:41.550+0530] {dag.py:4180} INFO - Setting next_dagrun for example_skip_dag to 2024-12-20 00:00:00+00:00, run_after=2024-12-21 00:00:00+00:00
[2024-12-21T12:00:41.812+0530] {processor.py:208} INFO - Processing /Users/jayesh/Desktop/Personal Work/Movie_data_pipeline/.venv/lib/python3.9/site-packages/airflow/example_dags/example_skip_dag.py took 0.762 seconds
[2024-12-21T12:02:21.557+0530] {processor.py:186} INFO - Started process (PID=8160) to work on /Users/jayesh/Desktop/Personal Work/Movie_data_pipeline/.venv/lib/python3.9/site-packages/airflow/example_dags/example_skip_dag.py
[2024-12-21T12:02:21.561+0530] {processor.py:914} INFO - Processing file /Users/jayesh/Desktop/Personal Work/Movie_data_pipeline/.venv/lib/python3.9/site-packages/airflow/example_dags/example_skip_dag.py for tasks to queue
[2024-12-21T12:02:21.563+0530] {logging_mixin.py:190} INFO - [2024-12-21T12:02:21.562+0530] {dagbag.py:588} INFO - Filling up the DagBag from /Users/jayesh/Desktop/Personal Work/Movie_data_pipeline/.venv/lib/python3.9/site-packages/airflow/example_dags/example_skip_dag.py
[2024-12-21T12:02:21.585+0530] {processor.py:925} INFO - DAG(s) 'example_skip_dag' retrieved from /Users/jayesh/Desktop/Personal Work/Movie_data_pipeline/.venv/lib/python3.9/site-packages/airflow/example_dags/example_skip_dag.py
[2024-12-21T12:02:21.891+0530] {logging_mixin.py:190} INFO - [2024-12-21T12:02:21.890+0530] {dag.py:3239} INFO - Sync 1 DAGs
[2024-12-21T12:02:21.932+0530] {logging_mixin.py:190} INFO - [2024-12-21T12:02:21.932+0530] {dag.py:4180} INFO - Setting next_dagrun for example_skip_dag to 2024-12-20 00:00:00+00:00, run_after=2024-12-21 00:00:00+00:00
[2024-12-21T12:02:22.000+0530] {processor.py:208} INFO - Processing /Users/jayesh/Desktop/Personal Work/Movie_data_pipeline/.venv/lib/python3.9/site-packages/airflow/example_dags/example_skip_dag.py took 0.452 seconds
[2024-12-21T12:04:08.627+0530] {processor.py:186} INFO - Started process (PID=8530) to work on /Users/jayesh/Desktop/Personal Work/Movie_data_pipeline/.venv/lib/python3.9/site-packages/airflow/example_dags/example_skip_dag.py
[2024-12-21T12:04:08.631+0530] {processor.py:914} INFO - Processing file /Users/jayesh/Desktop/Personal Work/Movie_data_pipeline/.venv/lib/python3.9/site-packages/airflow/example_dags/example_skip_dag.py for tasks to queue
[2024-12-21T12:04:08.633+0530] {logging_mixin.py:190} INFO - [2024-12-21T12:04:08.633+0530] {dagbag.py:588} INFO - Filling up the DagBag from /Users/jayesh/Desktop/Personal Work/Movie_data_pipeline/.venv/lib/python3.9/site-packages/airflow/example_dags/example_skip_dag.py
[2024-12-21T12:04:08.650+0530] {processor.py:925} INFO - DAG(s) 'example_skip_dag' retrieved from /Users/jayesh/Desktop/Personal Work/Movie_data_pipeline/.venv/lib/python3.9/site-packages/airflow/example_dags/example_skip_dag.py
[2024-12-21T12:04:09.029+0530] {logging_mixin.py:190} INFO - [2024-12-21T12:04:09.028+0530] {dag.py:3239} INFO - Sync 1 DAGs
[2024-12-21T12:04:09.088+0530] {logging_mixin.py:190} INFO - [2024-12-21T12:04:09.088+0530] {dag.py:4180} INFO - Setting next_dagrun for example_skip_dag to 2024-12-20 00:00:00+00:00, run_after=2024-12-21 00:00:00+00:00
[2024-12-21T12:04:09.175+0530] {processor.py:208} INFO - Processing /Users/jayesh/Desktop/Personal Work/Movie_data_pipeline/.venv/lib/python3.9/site-packages/airflow/example_dags/example_skip_dag.py took 0.561 seconds
[2024-12-21T12:05:51.552+0530] {processor.py:186} INFO - Started process (PID=8906) to work on /Users/jayesh/Desktop/Personal Work/Movie_data_pipeline/.venv/lib/python3.9/site-packages/airflow/example_dags/example_skip_dag.py
[2024-12-21T12:05:51.554+0530] {processor.py:914} INFO - Processing file /Users/jayesh/Desktop/Personal Work/Movie_data_pipeline/.venv/lib/python3.9/site-packages/airflow/example_dags/example_skip_dag.py for tasks to queue
[2024-12-21T12:05:51.559+0530] {logging_mixin.py:190} INFO - [2024-12-21T12:05:51.559+0530] {dagbag.py:588} INFO - Filling up the DagBag from /Users/jayesh/Desktop/Personal Work/Movie_data_pipeline/.venv/lib/python3.9/site-packages/airflow/example_dags/example_skip_dag.py
[2024-12-21T12:05:51.573+0530] {processor.py:925} INFO - DAG(s) 'example_skip_dag' retrieved from /Users/jayesh/Desktop/Personal Work/Movie_data_pipeline/.venv/lib/python3.9/site-packages/airflow/example_dags/example_skip_dag.py
[2024-12-21T12:05:51.883+0530] {logging_mixin.py:190} INFO - [2024-12-21T12:05:51.882+0530] {dag.py:3239} INFO - Sync 1 DAGs
[2024-12-21T12:05:51.927+0530] {logging_mixin.py:190} INFO - [2024-12-21T12:05:51.926+0530] {dag.py:4180} INFO - Setting next_dagrun for example_skip_dag to 2024-12-20 00:00:00+00:00, run_after=2024-12-21 00:00:00+00:00
[2024-12-21T12:05:51.954+0530] {processor.py:208} INFO - Processing /Users/jayesh/Desktop/Personal Work/Movie_data_pipeline/.venv/lib/python3.9/site-packages/airflow/example_dags/example_skip_dag.py took 0.408 seconds
[2024-12-21T22:32:15.289+0530] {processor.py:186} INFO - Started process (PID=15939) to work on /Users/jayesh/Desktop/Personal Work/Movie_data_pipeline/.venv/lib/python3.9/site-packages/airflow/example_dags/example_skip_dag.py
[2024-12-21T22:32:15.292+0530] {processor.py:914} INFO - Processing file /Users/jayesh/Desktop/Personal Work/Movie_data_pipeline/.venv/lib/python3.9/site-packages/airflow/example_dags/example_skip_dag.py for tasks to queue
[2024-12-21T22:32:15.298+0530] {logging_mixin.py:190} INFO - [2024-12-21T22:32:15.297+0530] {dagbag.py:588} INFO - Filling up the DagBag from /Users/jayesh/Desktop/Personal Work/Movie_data_pipeline/.venv/lib/python3.9/site-packages/airflow/example_dags/example_skip_dag.py
[2024-12-21T22:32:15.323+0530] {processor.py:925} INFO - DAG(s) 'example_skip_dag' retrieved from /Users/jayesh/Desktop/Personal Work/Movie_data_pipeline/.venv/lib/python3.9/site-packages/airflow/example_dags/example_skip_dag.py
[2024-12-21T22:32:15.449+0530] {logging_mixin.py:190} INFO - [2024-12-21T22:32:15.447+0530] {dag.py:3239} INFO - Sync 1 DAGs
[2024-12-21T22:32:15.600+0530] {logging_mixin.py:190} INFO - [2024-12-21T22:32:15.599+0530] {dag.py:4180} INFO - Setting next_dagrun for example_skip_dag to 2024-12-20 00:00:00+00:00, run_after=2024-12-21 00:00:00+00:00
[2024-12-21T22:32:15.698+0530] {processor.py:208} INFO - Processing /Users/jayesh/Desktop/Personal Work/Movie_data_pipeline/.venv/lib/python3.9/site-packages/airflow/example_dags/example_skip_dag.py took 0.430 seconds
[2024-12-21T22:32:47.751+0530] {processor.py:186} INFO - Started process (PID=16184) to work on /Users/jayesh/Desktop/Personal Work/Movie_data_pipeline/.venv/lib/python3.9/site-packages/airflow/example_dags/example_skip_dag.py
[2024-12-21T22:32:47.754+0530] {processor.py:914} INFO - Processing file /Users/jayesh/Desktop/Personal Work/Movie_data_pipeline/.venv/lib/python3.9/site-packages/airflow/example_dags/example_skip_dag.py for tasks to queue
[2024-12-21T22:32:47.763+0530] {logging_mixin.py:190} INFO - [2024-12-21T22:32:47.762+0530] {dagbag.py:588} INFO - Filling up the DagBag from /Users/jayesh/Desktop/Personal Work/Movie_data_pipeline/.venv/lib/python3.9/site-packages/airflow/example_dags/example_skip_dag.py
[2024-12-21T22:32:47.796+0530] {processor.py:925} INFO - DAG(s) 'example_skip_dag' retrieved from /Users/jayesh/Desktop/Personal Work/Movie_data_pipeline/.venv/lib/python3.9/site-packages/airflow/example_dags/example_skip_dag.py
[2024-12-21T22:32:47.979+0530] {logging_mixin.py:190} INFO - [2024-12-21T22:32:47.978+0530] {dag.py:3239} INFO - Sync 1 DAGs
[2024-12-21T22:32:48.078+0530] {logging_mixin.py:190} INFO - [2024-12-21T22:32:48.071+0530] {dag.py:4180} INFO - Setting next_dagrun for example_skip_dag to 2024-12-20 00:00:00+00:00, run_after=2024-12-21 00:00:00+00:00
[2024-12-21T22:32:48.267+0530] {processor.py:208} INFO - Processing /Users/jayesh/Desktop/Personal Work/Movie_data_pipeline/.venv/lib/python3.9/site-packages/airflow/example_dags/example_skip_dag.py took 0.539 seconds
[2024-12-21T22:33:18.909+0530] {processor.py:186} INFO - Started process (PID=16388) to work on /Users/jayesh/Desktop/Personal Work/Movie_data_pipeline/.venv/lib/python3.9/site-packages/airflow/example_dags/example_skip_dag.py
[2024-12-21T22:33:18.913+0530] {processor.py:914} INFO - Processing file /Users/jayesh/Desktop/Personal Work/Movie_data_pipeline/.venv/lib/python3.9/site-packages/airflow/example_dags/example_skip_dag.py for tasks to queue
[2024-12-21T22:33:18.918+0530] {logging_mixin.py:190} INFO - [2024-12-21T22:33:18.917+0530] {dagbag.py:588} INFO - Filling up the DagBag from /Users/jayesh/Desktop/Personal Work/Movie_data_pipeline/.venv/lib/python3.9/site-packages/airflow/example_dags/example_skip_dag.py
[2024-12-21T22:33:18.938+0530] {processor.py:925} INFO - DAG(s) 'example_skip_dag' retrieved from /Users/jayesh/Desktop/Personal Work/Movie_data_pipeline/.venv/lib/python3.9/site-packages/airflow/example_dags/example_skip_dag.py
[2024-12-21T22:33:19.014+0530] {logging_mixin.py:190} INFO - [2024-12-21T22:33:19.014+0530] {dag.py:3239} INFO - Sync 1 DAGs
[2024-12-21T22:33:19.054+0530] {logging_mixin.py:190} INFO - [2024-12-21T22:33:19.053+0530] {dag.py:4180} INFO - Setting next_dagrun for example_skip_dag to 2024-12-20 00:00:00+00:00, run_after=2024-12-21 00:00:00+00:00
[2024-12-21T22:33:19.084+0530] {processor.py:208} INFO - Processing /Users/jayesh/Desktop/Personal Work/Movie_data_pipeline/.venv/lib/python3.9/site-packages/airflow/example_dags/example_skip_dag.py took 0.197 seconds
[2024-12-21T23:52:55.913+0530] {processor.py:186} INFO - Started process (PID=18052) to work on /Users/jayesh/Desktop/Personal Work/Movie_data_pipeline/.venv/lib/python3.9/site-packages/airflow/example_dags/example_skip_dag.py
[2024-12-21T23:52:55.917+0530] {processor.py:914} INFO - Processing file /Users/jayesh/Desktop/Personal Work/Movie_data_pipeline/.venv/lib/python3.9/site-packages/airflow/example_dags/example_skip_dag.py for tasks to queue
[2024-12-21T23:52:55.924+0530] {logging_mixin.py:190} INFO - [2024-12-21T23:52:55.923+0530] {dagbag.py:588} INFO - Filling up the DagBag from /Users/jayesh/Desktop/Personal Work/Movie_data_pipeline/.venv/lib/python3.9/site-packages/airflow/example_dags/example_skip_dag.py
[2024-12-21T23:52:55.955+0530] {processor.py:925} INFO - DAG(s) 'example_skip_dag' retrieved from /Users/jayesh/Desktop/Personal Work/Movie_data_pipeline/.venv/lib/python3.9/site-packages/airflow/example_dags/example_skip_dag.py
[2024-12-21T23:52:56.176+0530] {logging_mixin.py:190} INFO - [2024-12-21T23:52:56.175+0530] {dag.py:3239} INFO - Sync 1 DAGs
[2024-12-21T23:52:56.362+0530] {logging_mixin.py:190} INFO - [2024-12-21T23:52:56.360+0530] {dag.py:4180} INFO - Setting next_dagrun for example_skip_dag to 2024-12-20 00:00:00+00:00, run_after=2024-12-21 00:00:00+00:00
[2024-12-21T23:52:56.497+0530] {processor.py:208} INFO - Processing /Users/jayesh/Desktop/Personal Work/Movie_data_pipeline/.venv/lib/python3.9/site-packages/airflow/example_dags/example_skip_dag.py took 0.603 seconds
[2024-12-21T23:53:26.900+0530] {processor.py:186} INFO - Started process (PID=18281) to work on /Users/jayesh/Desktop/Personal Work/Movie_data_pipeline/.venv/lib/python3.9/site-packages/airflow/example_dags/example_skip_dag.py
[2024-12-21T23:53:26.904+0530] {processor.py:914} INFO - Processing file /Users/jayesh/Desktop/Personal Work/Movie_data_pipeline/.venv/lib/python3.9/site-packages/airflow/example_dags/example_skip_dag.py for tasks to queue
[2024-12-21T23:53:26.910+0530] {logging_mixin.py:190} INFO - [2024-12-21T23:53:26.909+0530] {dagbag.py:588} INFO - Filling up the DagBag from /Users/jayesh/Desktop/Personal Work/Movie_data_pipeline/.venv/lib/python3.9/site-packages/airflow/example_dags/example_skip_dag.py
[2024-12-21T23:53:26.936+0530] {processor.py:925} INFO - DAG(s) 'example_skip_dag' retrieved from /Users/jayesh/Desktop/Personal Work/Movie_data_pipeline/.venv/lib/python3.9/site-packages/airflow/example_dags/example_skip_dag.py
[2024-12-21T23:53:27.037+0530] {logging_mixin.py:190} INFO - [2024-12-21T23:53:27.036+0530] {dag.py:3239} INFO - Sync 1 DAGs
[2024-12-21T23:53:27.089+0530] {logging_mixin.py:190} INFO - [2024-12-21T23:53:27.088+0530] {dag.py:4180} INFO - Setting next_dagrun for example_skip_dag to 2024-12-20 00:00:00+00:00, run_after=2024-12-21 00:00:00+00:00
[2024-12-21T23:53:27.128+0530] {processor.py:208} INFO - Processing /Users/jayesh/Desktop/Personal Work/Movie_data_pipeline/.venv/lib/python3.9/site-packages/airflow/example_dags/example_skip_dag.py took 0.245 seconds
