[2024-12-21T10:25:00.662+0530] {processor.py:186} INFO - Started process (PID=2469) to work on /Users/jayesh/Desktop/Personal Work/Movie_data_pipeline/.venv/lib/python3.9/site-packages/airflow/example_dags/example_branch_datetime_operator.py
[2024-12-21T10:25:00.663+0530] {processor.py:914} INFO - Processing file /Users/jayesh/Desktop/Personal Work/Movie_data_pipeline/.venv/lib/python3.9/site-packages/airflow/example_dags/example_branch_datetime_operator.py for tasks to queue
[2024-12-21T10:25:00.665+0530] {logging_mixin.py:190} INFO - [2024-12-21T10:25:00.664+0530] {dagbag.py:588} INFO - Filling up the DagBag from /Users/jayesh/Desktop/Personal Work/Movie_data_pipeline/.venv/lib/python3.9/site-packages/airflow/example_dags/example_branch_datetime_operator.py
[2024-12-21T10:25:00.684+0530] {processor.py:925} INFO - DAG(s) 'example_branch_datetime_operator_2', 'example_branch_datetime_operator', 'example_branch_datetime_operator_3' retrieved from /Users/jayesh/Desktop/Personal Work/Movie_data_pipeline/.venv/lib/python3.9/site-packages/airflow/example_dags/example_branch_datetime_operator.py
[2024-12-21T10:25:00.967+0530] {logging_mixin.py:190} INFO - [2024-12-21T10:25:00.966+0530] {dag.py:3239} INFO - Sync 3 DAGs
[2024-12-21T10:25:01.012+0530] {logging_mixin.py:190} INFO - [2024-12-21T10:25:01.012+0530] {dag.py:4180} INFO - Setting next_dagrun for example_branch_datetime_operator to 2024-12-20 00:00:00+00:00, run_after=2024-12-21 00:00:00+00:00
[2024-12-21T10:25:01.022+0530] {logging_mixin.py:190} INFO - [2024-12-21T10:25:01.022+0530] {dag.py:4180} INFO - Setting next_dagrun for example_branch_datetime_operator_2 to 2024-12-20 00:00:00+00:00, run_after=2024-12-21 00:00:00+00:00
[2024-12-21T10:25:01.028+0530] {logging_mixin.py:190} INFO - [2024-12-21T10:25:01.028+0530] {dag.py:4180} INFO - Setting next_dagrun for example_branch_datetime_operator_3 to 2024-12-20 00:00:00+00:00, run_after=2024-12-21 00:00:00+00:00
[2024-12-21T10:25:01.058+0530] {processor.py:208} INFO - Processing /Users/jayesh/Desktop/Personal Work/Movie_data_pipeline/.venv/lib/python3.9/site-packages/airflow/example_dags/example_branch_datetime_operator.py took 0.401 seconds
[2024-12-21T10:27:50.069+0530] {processor.py:186} INFO - Started process (PID=2921) to work on /Users/jayesh/Desktop/Personal Work/Movie_data_pipeline/.venv/lib/python3.9/site-packages/airflow/example_dags/example_branch_datetime_operator.py
[2024-12-21T10:27:50.070+0530] {processor.py:914} INFO - Processing file /Users/jayesh/Desktop/Personal Work/Movie_data_pipeline/.venv/lib/python3.9/site-packages/airflow/example_dags/example_branch_datetime_operator.py for tasks to queue
[2024-12-21T10:27:50.072+0530] {logging_mixin.py:190} INFO - [2024-12-21T10:27:50.071+0530] {dagbag.py:588} INFO - Filling up the DagBag from /Users/jayesh/Desktop/Personal Work/Movie_data_pipeline/.venv/lib/python3.9/site-packages/airflow/example_dags/example_branch_datetime_operator.py
[2024-12-21T10:27:50.094+0530] {processor.py:925} INFO - DAG(s) 'example_branch_datetime_operator', 'example_branch_datetime_operator_3', 'example_branch_datetime_operator_2' retrieved from /Users/jayesh/Desktop/Personal Work/Movie_data_pipeline/.venv/lib/python3.9/site-packages/airflow/example_dags/example_branch_datetime_operator.py
[2024-12-21T10:27:50.438+0530] {logging_mixin.py:190} INFO - [2024-12-21T10:27:50.438+0530] {dag.py:3239} INFO - Sync 3 DAGs
[2024-12-21T10:27:50.478+0530] {logging_mixin.py:190} INFO - [2024-12-21T10:27:50.478+0530] {dag.py:4180} INFO - Setting next_dagrun for example_branch_datetime_operator to 2024-12-20 00:00:00+00:00, run_after=2024-12-21 00:00:00+00:00
[2024-12-21T10:27:50.489+0530] {logging_mixin.py:190} INFO - [2024-12-21T10:27:50.489+0530] {dag.py:4180} INFO - Setting next_dagrun for example_branch_datetime_operator_2 to 2024-12-20 00:00:00+00:00, run_after=2024-12-21 00:00:00+00:00
[2024-12-21T10:27:50.494+0530] {logging_mixin.py:190} INFO - [2024-12-21T10:27:50.494+0530] {dag.py:4180} INFO - Setting next_dagrun for example_branch_datetime_operator_3 to 2024-12-20 00:00:00+00:00, run_after=2024-12-21 00:00:00+00:00
[2024-12-21T10:27:50.522+0530] {processor.py:208} INFO - Processing /Users/jayesh/Desktop/Personal Work/Movie_data_pipeline/.venv/lib/python3.9/site-packages/airflow/example_dags/example_branch_datetime_operator.py took 0.459 seconds
[2024-12-21T10:30:33.125+0530] {processor.py:186} INFO - Started process (PID=3353) to work on /Users/jayesh/Desktop/Personal Work/Movie_data_pipeline/.venv/lib/python3.9/site-packages/airflow/example_dags/example_branch_datetime_operator.py
[2024-12-21T10:30:33.128+0530] {processor.py:914} INFO - Processing file /Users/jayesh/Desktop/Personal Work/Movie_data_pipeline/.venv/lib/python3.9/site-packages/airflow/example_dags/example_branch_datetime_operator.py for tasks to queue
[2024-12-21T10:30:33.132+0530] {logging_mixin.py:190} INFO - [2024-12-21T10:30:33.132+0530] {dagbag.py:588} INFO - Filling up the DagBag from /Users/jayesh/Desktop/Personal Work/Movie_data_pipeline/.venv/lib/python3.9/site-packages/airflow/example_dags/example_branch_datetime_operator.py
[2024-12-21T10:30:33.170+0530] {processor.py:925} INFO - DAG(s) 'example_branch_datetime_operator', 'example_branch_datetime_operator_2', 'example_branch_datetime_operator_3' retrieved from /Users/jayesh/Desktop/Personal Work/Movie_data_pipeline/.venv/lib/python3.9/site-packages/airflow/example_dags/example_branch_datetime_operator.py
[2024-12-21T10:30:33.812+0530] {logging_mixin.py:190} INFO - [2024-12-21T10:30:33.811+0530] {dag.py:3239} INFO - Sync 3 DAGs
[2024-12-21T10:30:33.861+0530] {logging_mixin.py:190} INFO - [2024-12-21T10:30:33.860+0530] {dag.py:4180} INFO - Setting next_dagrun for example_branch_datetime_operator to 2024-12-20 00:00:00+00:00, run_after=2024-12-21 00:00:00+00:00
[2024-12-21T10:30:33.872+0530] {logging_mixin.py:190} INFO - [2024-12-21T10:30:33.872+0530] {dag.py:4180} INFO - Setting next_dagrun for example_branch_datetime_operator_2 to 2024-12-20 00:00:00+00:00, run_after=2024-12-21 00:00:00+00:00
[2024-12-21T10:30:33.877+0530] {logging_mixin.py:190} INFO - [2024-12-21T10:30:33.876+0530] {dag.py:4180} INFO - Setting next_dagrun for example_branch_datetime_operator_3 to 2024-12-20 00:00:00+00:00, run_after=2024-12-21 00:00:00+00:00
[2024-12-21T10:30:33.916+0530] {processor.py:208} INFO - Processing /Users/jayesh/Desktop/Personal Work/Movie_data_pipeline/.venv/lib/python3.9/site-packages/airflow/example_dags/example_branch_datetime_operator.py took 0.800 seconds
[2024-12-21T10:49:24.228+0530] {processor.py:186} INFO - Started process (PID=4362) to work on /Users/jayesh/Desktop/Personal Work/Movie_data_pipeline/.venv/lib/python3.9/site-packages/airflow/example_dags/example_branch_datetime_operator.py
[2024-12-21T10:49:24.230+0530] {processor.py:914} INFO - Processing file /Users/jayesh/Desktop/Personal Work/Movie_data_pipeline/.venv/lib/python3.9/site-packages/airflow/example_dags/example_branch_datetime_operator.py for tasks to queue
[2024-12-21T10:49:24.232+0530] {logging_mixin.py:190} INFO - [2024-12-21T10:49:24.232+0530] {dagbag.py:588} INFO - Filling up the DagBag from /Users/jayesh/Desktop/Personal Work/Movie_data_pipeline/.venv/lib/python3.9/site-packages/airflow/example_dags/example_branch_datetime_operator.py
[2024-12-21T10:49:24.252+0530] {processor.py:925} INFO - DAG(s) 'example_branch_datetime_operator_2', 'example_branch_datetime_operator_3', 'example_branch_datetime_operator' retrieved from /Users/jayesh/Desktop/Personal Work/Movie_data_pipeline/.venv/lib/python3.9/site-packages/airflow/example_dags/example_branch_datetime_operator.py
[2024-12-21T10:49:24.553+0530] {logging_mixin.py:190} INFO - [2024-12-21T10:49:24.550+0530] {dag.py:3239} INFO - Sync 3 DAGs
[2024-12-21T10:49:24.715+0530] {logging_mixin.py:190} INFO - [2024-12-21T10:49:24.712+0530] {dag.py:4180} INFO - Setting next_dagrun for example_branch_datetime_operator to 2024-12-20 00:00:00+00:00, run_after=2024-12-21 00:00:00+00:00
[2024-12-21T10:49:24.732+0530] {logging_mixin.py:190} INFO - [2024-12-21T10:49:24.732+0530] {dag.py:4180} INFO - Setting next_dagrun for example_branch_datetime_operator_2 to 2024-12-20 00:00:00+00:00, run_after=2024-12-21 00:00:00+00:00
[2024-12-21T10:49:24.737+0530] {logging_mixin.py:190} INFO - [2024-12-21T10:49:24.737+0530] {dag.py:4180} INFO - Setting next_dagrun for example_branch_datetime_operator_3 to 2024-12-20 00:00:00+00:00, run_after=2024-12-21 00:00:00+00:00
[2024-12-21T10:49:24.761+0530] {processor.py:208} INFO - Processing /Users/jayesh/Desktop/Personal Work/Movie_data_pipeline/.venv/lib/python3.9/site-packages/airflow/example_dags/example_branch_datetime_operator.py took 0.538 seconds
[2024-12-21T10:52:51.930+0530] {processor.py:186} INFO - Started process (PID=5092) to work on /Users/jayesh/Desktop/Personal Work/Movie_data_pipeline/.venv/lib/python3.9/site-packages/airflow/example_dags/example_branch_datetime_operator.py
[2024-12-21T10:52:51.931+0530] {processor.py:914} INFO - Processing file /Users/jayesh/Desktop/Personal Work/Movie_data_pipeline/.venv/lib/python3.9/site-packages/airflow/example_dags/example_branch_datetime_operator.py for tasks to queue
[2024-12-21T10:52:51.933+0530] {logging_mixin.py:190} INFO - [2024-12-21T10:52:51.933+0530] {dagbag.py:588} INFO - Filling up the DagBag from /Users/jayesh/Desktop/Personal Work/Movie_data_pipeline/.venv/lib/python3.9/site-packages/airflow/example_dags/example_branch_datetime_operator.py
[2024-12-21T10:52:51.982+0530] {processor.py:925} INFO - DAG(s) 'example_branch_datetime_operator_2', 'example_branch_datetime_operator_3', 'example_branch_datetime_operator' retrieved from /Users/jayesh/Desktop/Personal Work/Movie_data_pipeline/.venv/lib/python3.9/site-packages/airflow/example_dags/example_branch_datetime_operator.py
[2024-12-21T10:52:52.292+0530] {logging_mixin.py:190} INFO - [2024-12-21T10:52:52.292+0530] {dag.py:3239} INFO - Sync 3 DAGs
[2024-12-21T10:52:52.330+0530] {logging_mixin.py:190} INFO - [2024-12-21T10:52:52.330+0530] {dag.py:4180} INFO - Setting next_dagrun for example_branch_datetime_operator to 2024-12-20 00:00:00+00:00, run_after=2024-12-21 00:00:00+00:00
[2024-12-21T10:52:52.340+0530] {logging_mixin.py:190} INFO - [2024-12-21T10:52:52.340+0530] {dag.py:4180} INFO - Setting next_dagrun for example_branch_datetime_operator_2 to 2024-12-20 00:00:00+00:00, run_after=2024-12-21 00:00:00+00:00
[2024-12-21T10:52:52.344+0530] {logging_mixin.py:190} INFO - [2024-12-21T10:52:52.344+0530] {dag.py:4180} INFO - Setting next_dagrun for example_branch_datetime_operator_3 to 2024-12-20 00:00:00+00:00, run_after=2024-12-21 00:00:00+00:00
[2024-12-21T10:52:52.368+0530] {processor.py:208} INFO - Processing /Users/jayesh/Desktop/Personal Work/Movie_data_pipeline/.venv/lib/python3.9/site-packages/airflow/example_dags/example_branch_datetime_operator.py took 0.445 seconds
[2024-12-21T11:56:26.373+0530] {processor.py:186} INFO - Started process (PID=6902) to work on /Users/jayesh/Desktop/Personal Work/Movie_data_pipeline/.venv/lib/python3.9/site-packages/airflow/example_dags/example_branch_datetime_operator.py
[2024-12-21T11:56:26.378+0530] {processor.py:914} INFO - Processing file /Users/jayesh/Desktop/Personal Work/Movie_data_pipeline/.venv/lib/python3.9/site-packages/airflow/example_dags/example_branch_datetime_operator.py for tasks to queue
[2024-12-21T11:56:26.381+0530] {logging_mixin.py:190} INFO - [2024-12-21T11:56:26.380+0530] {dagbag.py:588} INFO - Filling up the DagBag from /Users/jayesh/Desktop/Personal Work/Movie_data_pipeline/.venv/lib/python3.9/site-packages/airflow/example_dags/example_branch_datetime_operator.py
[2024-12-21T11:56:26.412+0530] {processor.py:925} INFO - DAG(s) 'example_branch_datetime_operator', 'example_branch_datetime_operator_3', 'example_branch_datetime_operator_2' retrieved from /Users/jayesh/Desktop/Personal Work/Movie_data_pipeline/.venv/lib/python3.9/site-packages/airflow/example_dags/example_branch_datetime_operator.py
[2024-12-21T11:56:26.755+0530] {logging_mixin.py:190} INFO - [2024-12-21T11:56:26.754+0530] {dag.py:3239} INFO - Sync 3 DAGs
[2024-12-21T11:56:26.803+0530] {logging_mixin.py:190} INFO - [2024-12-21T11:56:26.802+0530] {dag.py:4180} INFO - Setting next_dagrun for example_branch_datetime_operator to 2024-12-20 00:00:00+00:00, run_after=2024-12-21 00:00:00+00:00
[2024-12-21T11:56:26.817+0530] {logging_mixin.py:190} INFO - [2024-12-21T11:56:26.817+0530] {dag.py:4180} INFO - Setting next_dagrun for example_branch_datetime_operator_2 to 2024-12-20 00:00:00+00:00, run_after=2024-12-21 00:00:00+00:00
[2024-12-21T11:56:26.825+0530] {logging_mixin.py:190} INFO - [2024-12-21T11:56:26.825+0530] {dag.py:4180} INFO - Setting next_dagrun for example_branch_datetime_operator_3 to 2024-12-20 00:00:00+00:00, run_after=2024-12-21 00:00:00+00:00
[2024-12-21T11:56:26.869+0530] {processor.py:208} INFO - Processing /Users/jayesh/Desktop/Personal Work/Movie_data_pipeline/.venv/lib/python3.9/site-packages/airflow/example_dags/example_branch_datetime_operator.py took 0.503 seconds
[2024-12-21T11:59:37.550+0530] {processor.py:186} INFO - Started process (PID=7583) to work on /Users/jayesh/Desktop/Personal Work/Movie_data_pipeline/.venv/lib/python3.9/site-packages/airflow/example_dags/example_branch_datetime_operator.py
[2024-12-21T11:59:37.553+0530] {processor.py:914} INFO - Processing file /Users/jayesh/Desktop/Personal Work/Movie_data_pipeline/.venv/lib/python3.9/site-packages/airflow/example_dags/example_branch_datetime_operator.py for tasks to queue
[2024-12-21T11:59:37.555+0530] {logging_mixin.py:190} INFO - [2024-12-21T11:59:37.555+0530] {dagbag.py:588} INFO - Filling up the DagBag from /Users/jayesh/Desktop/Personal Work/Movie_data_pipeline/.venv/lib/python3.9/site-packages/airflow/example_dags/example_branch_datetime_operator.py
[2024-12-21T11:59:37.576+0530] {processor.py:925} INFO - DAG(s) 'example_branch_datetime_operator_3', 'example_branch_datetime_operator_2', 'example_branch_datetime_operator' retrieved from /Users/jayesh/Desktop/Personal Work/Movie_data_pipeline/.venv/lib/python3.9/site-packages/airflow/example_dags/example_branch_datetime_operator.py
[2024-12-21T11:59:37.871+0530] {logging_mixin.py:190} INFO - [2024-12-21T11:59:37.870+0530] {dag.py:3239} INFO - Sync 3 DAGs
[2024-12-21T11:59:37.919+0530] {logging_mixin.py:190} INFO - [2024-12-21T11:59:37.919+0530] {dag.py:4180} INFO - Setting next_dagrun for example_branch_datetime_operator to 2024-12-20 00:00:00+00:00, run_after=2024-12-21 00:00:00+00:00
[2024-12-21T11:59:37.930+0530] {logging_mixin.py:190} INFO - [2024-12-21T11:59:37.930+0530] {dag.py:4180} INFO - Setting next_dagrun for example_branch_datetime_operator_2 to 2024-12-20 00:00:00+00:00, run_after=2024-12-21 00:00:00+00:00
[2024-12-21T11:59:37.937+0530] {logging_mixin.py:190} INFO - [2024-12-21T11:59:37.936+0530] {dag.py:4180} INFO - Setting next_dagrun for example_branch_datetime_operator_3 to 2024-12-20 00:00:00+00:00, run_after=2024-12-21 00:00:00+00:00
[2024-12-21T11:59:37.969+0530] {processor.py:208} INFO - Processing /Users/jayesh/Desktop/Personal Work/Movie_data_pipeline/.venv/lib/python3.9/site-packages/airflow/example_dags/example_branch_datetime_operator.py took 0.425 seconds
[2024-12-21T12:03:02.549+0530] {processor.py:186} INFO - Started process (PID=8299) to work on /Users/jayesh/Desktop/Personal Work/Movie_data_pipeline/.venv/lib/python3.9/site-packages/airflow/example_dags/example_branch_datetime_operator.py
[2024-12-21T12:03:02.552+0530] {processor.py:914} INFO - Processing file /Users/jayesh/Desktop/Personal Work/Movie_data_pipeline/.venv/lib/python3.9/site-packages/airflow/example_dags/example_branch_datetime_operator.py for tasks to queue
[2024-12-21T12:03:02.553+0530] {logging_mixin.py:190} INFO - [2024-12-21T12:03:02.553+0530] {dagbag.py:588} INFO - Filling up the DagBag from /Users/jayesh/Desktop/Personal Work/Movie_data_pipeline/.venv/lib/python3.9/site-packages/airflow/example_dags/example_branch_datetime_operator.py
[2024-12-21T12:03:02.632+0530] {processor.py:925} INFO - DAG(s) 'example_branch_datetime_operator_2', 'example_branch_datetime_operator', 'example_branch_datetime_operator_3' retrieved from /Users/jayesh/Desktop/Personal Work/Movie_data_pipeline/.venv/lib/python3.9/site-packages/airflow/example_dags/example_branch_datetime_operator.py
[2024-12-21T12:03:02.884+0530] {logging_mixin.py:190} INFO - [2024-12-21T12:03:02.884+0530] {dag.py:3239} INFO - Sync 3 DAGs
[2024-12-21T12:03:02.921+0530] {logging_mixin.py:190} INFO - [2024-12-21T12:03:02.921+0530] {dag.py:4180} INFO - Setting next_dagrun for example_branch_datetime_operator to 2024-12-20 00:00:00+00:00, run_after=2024-12-21 00:00:00+00:00
[2024-12-21T12:03:02.931+0530] {logging_mixin.py:190} INFO - [2024-12-21T12:03:02.931+0530] {dag.py:4180} INFO - Setting next_dagrun for example_branch_datetime_operator_2 to 2024-12-20 00:00:00+00:00, run_after=2024-12-21 00:00:00+00:00
[2024-12-21T12:03:02.935+0530] {logging_mixin.py:190} INFO - [2024-12-21T12:03:02.935+0530] {dag.py:4180} INFO - Setting next_dagrun for example_branch_datetime_operator_3 to 2024-12-20 00:00:00+00:00, run_after=2024-12-21 00:00:00+00:00
[2024-12-21T12:03:02.966+0530] {processor.py:208} INFO - Processing /Users/jayesh/Desktop/Personal Work/Movie_data_pipeline/.venv/lib/python3.9/site-packages/airflow/example_dags/example_branch_datetime_operator.py took 0.422 seconds
[2024-12-21T12:06:29.626+0530] {processor.py:186} INFO - Started process (PID=9045) to work on /Users/jayesh/Desktop/Personal Work/Movie_data_pipeline/.venv/lib/python3.9/site-packages/airflow/example_dags/example_branch_datetime_operator.py
[2024-12-21T12:06:29.630+0530] {processor.py:914} INFO - Processing file /Users/jayesh/Desktop/Personal Work/Movie_data_pipeline/.venv/lib/python3.9/site-packages/airflow/example_dags/example_branch_datetime_operator.py for tasks to queue
[2024-12-21T12:06:29.631+0530] {logging_mixin.py:190} INFO - [2024-12-21T12:06:29.631+0530] {dagbag.py:588} INFO - Filling up the DagBag from /Users/jayesh/Desktop/Personal Work/Movie_data_pipeline/.venv/lib/python3.9/site-packages/airflow/example_dags/example_branch_datetime_operator.py
[2024-12-21T12:06:29.653+0530] {processor.py:925} INFO - DAG(s) 'example_branch_datetime_operator_2', 'example_branch_datetime_operator', 'example_branch_datetime_operator_3' retrieved from /Users/jayesh/Desktop/Personal Work/Movie_data_pipeline/.venv/lib/python3.9/site-packages/airflow/example_dags/example_branch_datetime_operator.py
[2024-12-21T12:06:29.906+0530] {logging_mixin.py:190} INFO - [2024-12-21T12:06:29.905+0530] {dag.py:3239} INFO - Sync 3 DAGs
[2024-12-21T12:06:29.941+0530] {logging_mixin.py:190} INFO - [2024-12-21T12:06:29.941+0530] {dag.py:4180} INFO - Setting next_dagrun for example_branch_datetime_operator to 2024-12-20 00:00:00+00:00, run_after=2024-12-21 00:00:00+00:00
[2024-12-21T12:06:29.951+0530] {logging_mixin.py:190} INFO - [2024-12-21T12:06:29.950+0530] {dag.py:4180} INFO - Setting next_dagrun for example_branch_datetime_operator_2 to 2024-12-20 00:00:00+00:00, run_after=2024-12-21 00:00:00+00:00
[2024-12-21T12:06:29.955+0530] {logging_mixin.py:190} INFO - [2024-12-21T12:06:29.955+0530] {dag.py:4180} INFO - Setting next_dagrun for example_branch_datetime_operator_3 to 2024-12-20 00:00:00+00:00, run_after=2024-12-21 00:00:00+00:00
[2024-12-21T12:06:29.980+0530] {processor.py:208} INFO - Processing /Users/jayesh/Desktop/Personal Work/Movie_data_pipeline/.venv/lib/python3.9/site-packages/airflow/example_dags/example_branch_datetime_operator.py took 0.358 seconds
[2024-12-21T22:32:24.523+0530] {processor.py:186} INFO - Started process (PID=16052) to work on /Users/jayesh/Desktop/Personal Work/Movie_data_pipeline/.venv/lib/python3.9/site-packages/airflow/example_dags/example_branch_datetime_operator.py
[2024-12-21T22:32:24.526+0530] {processor.py:914} INFO - Processing file /Users/jayesh/Desktop/Personal Work/Movie_data_pipeline/.venv/lib/python3.9/site-packages/airflow/example_dags/example_branch_datetime_operator.py for tasks to queue
[2024-12-21T22:32:24.533+0530] {logging_mixin.py:190} INFO - [2024-12-21T22:32:24.532+0530] {dagbag.py:588} INFO - Filling up the DagBag from /Users/jayesh/Desktop/Personal Work/Movie_data_pipeline/.venv/lib/python3.9/site-packages/airflow/example_dags/example_branch_datetime_operator.py
[2024-12-21T22:32:24.560+0530] {processor.py:925} INFO - DAG(s) 'example_branch_datetime_operator', 'example_branch_datetime_operator_3', 'example_branch_datetime_operator_2' retrieved from /Users/jayesh/Desktop/Personal Work/Movie_data_pipeline/.venv/lib/python3.9/site-packages/airflow/example_dags/example_branch_datetime_operator.py
[2024-12-21T22:32:24.637+0530] {logging_mixin.py:190} INFO - [2024-12-21T22:32:24.636+0530] {dag.py:3239} INFO - Sync 3 DAGs
[2024-12-21T22:32:24.685+0530] {logging_mixin.py:190} INFO - [2024-12-21T22:32:24.684+0530] {dag.py:4180} INFO - Setting next_dagrun for example_branch_datetime_operator to 2024-12-20 00:00:00+00:00, run_after=2024-12-21 00:00:00+00:00
[2024-12-21T22:32:24.697+0530] {logging_mixin.py:190} INFO - [2024-12-21T22:32:24.695+0530] {dag.py:4180} INFO - Setting next_dagrun for example_branch_datetime_operator_2 to 2024-12-20 00:00:00+00:00, run_after=2024-12-21 00:00:00+00:00
[2024-12-21T22:32:24.702+0530] {logging_mixin.py:190} INFO - [2024-12-21T22:32:24.701+0530] {dag.py:4180} INFO - Setting next_dagrun for example_branch_datetime_operator_3 to 2024-12-20 00:00:00+00:00, run_after=2024-12-21 00:00:00+00:00
[2024-12-21T22:32:24.731+0530] {processor.py:208} INFO - Processing /Users/jayesh/Desktop/Personal Work/Movie_data_pipeline/.venv/lib/python3.9/site-packages/airflow/example_dags/example_branch_datetime_operator.py took 0.223 seconds
[2024-12-21T22:33:01.730+0530] {processor.py:186} INFO - Started process (PID=16293) to work on /Users/jayesh/Desktop/Personal Work/Movie_data_pipeline/.venv/lib/python3.9/site-packages/airflow/example_dags/example_branch_datetime_operator.py
[2024-12-21T22:33:01.735+0530] {processor.py:914} INFO - Processing file /Users/jayesh/Desktop/Personal Work/Movie_data_pipeline/.venv/lib/python3.9/site-packages/airflow/example_dags/example_branch_datetime_operator.py for tasks to queue
[2024-12-21T22:33:01.745+0530] {logging_mixin.py:190} INFO - [2024-12-21T22:33:01.744+0530] {dagbag.py:588} INFO - Filling up the DagBag from /Users/jayesh/Desktop/Personal Work/Movie_data_pipeline/.venv/lib/python3.9/site-packages/airflow/example_dags/example_branch_datetime_operator.py
[2024-12-21T22:33:01.793+0530] {processor.py:925} INFO - DAG(s) 'example_branch_datetime_operator_2', 'example_branch_datetime_operator_3', 'example_branch_datetime_operator' retrieved from /Users/jayesh/Desktop/Personal Work/Movie_data_pipeline/.venv/lib/python3.9/site-packages/airflow/example_dags/example_branch_datetime_operator.py
[2024-12-21T22:33:01.897+0530] {logging_mixin.py:190} INFO - [2024-12-21T22:33:01.896+0530] {dag.py:3239} INFO - Sync 3 DAGs
[2024-12-21T22:33:01.953+0530] {logging_mixin.py:190} INFO - [2024-12-21T22:33:01.952+0530] {dag.py:4180} INFO - Setting next_dagrun for example_branch_datetime_operator to 2024-12-20 00:00:00+00:00, run_after=2024-12-21 00:00:00+00:00
[2024-12-21T22:33:01.965+0530] {logging_mixin.py:190} INFO - [2024-12-21T22:33:01.965+0530] {dag.py:4180} INFO - Setting next_dagrun for example_branch_datetime_operator_2 to 2024-12-20 00:00:00+00:00, run_after=2024-12-21 00:00:00+00:00
[2024-12-21T22:33:01.970+0530] {logging_mixin.py:190} INFO - [2024-12-21T22:33:01.969+0530] {dag.py:4180} INFO - Setting next_dagrun for example_branch_datetime_operator_3 to 2024-12-20 00:00:00+00:00, run_after=2024-12-21 00:00:00+00:00
[2024-12-21T22:33:02.009+0530] {processor.py:208} INFO - Processing /Users/jayesh/Desktop/Personal Work/Movie_data_pipeline/.venv/lib/python3.9/site-packages/airflow/example_dags/example_branch_datetime_operator.py took 0.301 seconds
[2024-12-21T22:33:33.088+0530] {processor.py:186} INFO - Started process (PID=16498) to work on /Users/jayesh/Desktop/Personal Work/Movie_data_pipeline/.venv/lib/python3.9/site-packages/airflow/example_dags/example_branch_datetime_operator.py
[2024-12-21T22:33:33.092+0530] {processor.py:914} INFO - Processing file /Users/jayesh/Desktop/Personal Work/Movie_data_pipeline/.venv/lib/python3.9/site-packages/airflow/example_dags/example_branch_datetime_operator.py for tasks to queue
[2024-12-21T22:33:33.097+0530] {logging_mixin.py:190} INFO - [2024-12-21T22:33:33.096+0530] {dagbag.py:588} INFO - Filling up the DagBag from /Users/jayesh/Desktop/Personal Work/Movie_data_pipeline/.venv/lib/python3.9/site-packages/airflow/example_dags/example_branch_datetime_operator.py
[2024-12-21T22:33:33.123+0530] {processor.py:925} INFO - DAG(s) 'example_branch_datetime_operator_2', 'example_branch_datetime_operator', 'example_branch_datetime_operator_3' retrieved from /Users/jayesh/Desktop/Personal Work/Movie_data_pipeline/.venv/lib/python3.9/site-packages/airflow/example_dags/example_branch_datetime_operator.py
[2024-12-21T22:33:33.227+0530] {logging_mixin.py:190} INFO - [2024-12-21T22:33:33.225+0530] {dag.py:3239} INFO - Sync 3 DAGs
[2024-12-21T22:33:33.272+0530] {logging_mixin.py:190} INFO - [2024-12-21T22:33:33.271+0530] {dag.py:4180} INFO - Setting next_dagrun for example_branch_datetime_operator to 2024-12-20 00:00:00+00:00, run_after=2024-12-21 00:00:00+00:00
[2024-12-21T22:33:33.282+0530] {logging_mixin.py:190} INFO - [2024-12-21T22:33:33.281+0530] {dag.py:4180} INFO - Setting next_dagrun for example_branch_datetime_operator_2 to 2024-12-20 00:00:00+00:00, run_after=2024-12-21 00:00:00+00:00
[2024-12-21T22:33:33.287+0530] {logging_mixin.py:190} INFO - [2024-12-21T22:33:33.286+0530] {dag.py:4180} INFO - Setting next_dagrun for example_branch_datetime_operator_3 to 2024-12-20 00:00:00+00:00, run_after=2024-12-21 00:00:00+00:00
[2024-12-21T22:33:33.315+0530] {processor.py:208} INFO - Processing /Users/jayesh/Desktop/Personal Work/Movie_data_pipeline/.venv/lib/python3.9/site-packages/airflow/example_dags/example_branch_datetime_operator.py took 0.245 seconds
[2024-12-21T23:53:09.267+0530] {processor.py:186} INFO - Started process (PID=18190) to work on /Users/jayesh/Desktop/Personal Work/Movie_data_pipeline/.venv/lib/python3.9/site-packages/airflow/example_dags/example_branch_datetime_operator.py
[2024-12-21T23:53:09.273+0530] {processor.py:914} INFO - Processing file /Users/jayesh/Desktop/Personal Work/Movie_data_pipeline/.venv/lib/python3.9/site-packages/airflow/example_dags/example_branch_datetime_operator.py for tasks to queue
[2024-12-21T23:53:09.281+0530] {logging_mixin.py:190} INFO - [2024-12-21T23:53:09.280+0530] {dagbag.py:588} INFO - Filling up the DagBag from /Users/jayesh/Desktop/Personal Work/Movie_data_pipeline/.venv/lib/python3.9/site-packages/airflow/example_dags/example_branch_datetime_operator.py
[2024-12-21T23:53:09.307+0530] {processor.py:925} INFO - DAG(s) 'example_branch_datetime_operator', 'example_branch_datetime_operator_2', 'example_branch_datetime_operator_3' retrieved from /Users/jayesh/Desktop/Personal Work/Movie_data_pipeline/.venv/lib/python3.9/site-packages/airflow/example_dags/example_branch_datetime_operator.py
[2024-12-21T23:53:09.414+0530] {logging_mixin.py:190} INFO - [2024-12-21T23:53:09.413+0530] {dag.py:3239} INFO - Sync 3 DAGs
[2024-12-21T23:53:09.469+0530] {logging_mixin.py:190} INFO - [2024-12-21T23:53:09.468+0530] {dag.py:4180} INFO - Setting next_dagrun for example_branch_datetime_operator to 2024-12-20 00:00:00+00:00, run_after=2024-12-21 00:00:00+00:00
[2024-12-21T23:53:09.481+0530] {logging_mixin.py:190} INFO - [2024-12-21T23:53:09.480+0530] {dag.py:4180} INFO - Setting next_dagrun for example_branch_datetime_operator_2 to 2024-12-20 00:00:00+00:00, run_after=2024-12-21 00:00:00+00:00
[2024-12-21T23:53:09.487+0530] {logging_mixin.py:190} INFO - [2024-12-21T23:53:09.486+0530] {dag.py:4180} INFO - Setting next_dagrun for example_branch_datetime_operator_3 to 2024-12-20 00:00:00+00:00, run_after=2024-12-21 00:00:00+00:00
[2024-12-21T23:53:09.520+0530] {processor.py:208} INFO - Processing /Users/jayesh/Desktop/Personal Work/Movie_data_pipeline/.venv/lib/python3.9/site-packages/airflow/example_dags/example_branch_datetime_operator.py took 0.272 seconds
[2024-12-21T23:53:41.200+0530] {processor.py:186} INFO - Started process (PID=18387) to work on /Users/jayesh/Desktop/Personal Work/Movie_data_pipeline/.venv/lib/python3.9/site-packages/airflow/example_dags/example_branch_datetime_operator.py
[2024-12-21T23:53:41.203+0530] {processor.py:914} INFO - Processing file /Users/jayesh/Desktop/Personal Work/Movie_data_pipeline/.venv/lib/python3.9/site-packages/airflow/example_dags/example_branch_datetime_operator.py for tasks to queue
[2024-12-21T23:53:41.214+0530] {logging_mixin.py:190} INFO - [2024-12-21T23:53:41.212+0530] {dagbag.py:588} INFO - Filling up the DagBag from /Users/jayesh/Desktop/Personal Work/Movie_data_pipeline/.venv/lib/python3.9/site-packages/airflow/example_dags/example_branch_datetime_operator.py
[2024-12-21T23:53:41.278+0530] {processor.py:925} INFO - DAG(s) 'example_branch_datetime_operator_3', 'example_branch_datetime_operator', 'example_branch_datetime_operator_2' retrieved from /Users/jayesh/Desktop/Personal Work/Movie_data_pipeline/.venv/lib/python3.9/site-packages/airflow/example_dags/example_branch_datetime_operator.py
[2024-12-21T23:53:41.404+0530] {logging_mixin.py:190} INFO - [2024-12-21T23:53:41.403+0530] {dag.py:3239} INFO - Sync 3 DAGs
[2024-12-21T23:53:41.486+0530] {logging_mixin.py:190} INFO - [2024-12-21T23:53:41.485+0530] {dag.py:4180} INFO - Setting next_dagrun for example_branch_datetime_operator to 2024-12-20 00:00:00+00:00, run_after=2024-12-21 00:00:00+00:00
[2024-12-21T23:53:41.502+0530] {logging_mixin.py:190} INFO - [2024-12-21T23:53:41.502+0530] {dag.py:4180} INFO - Setting next_dagrun for example_branch_datetime_operator_2 to 2024-12-20 00:00:00+00:00, run_after=2024-12-21 00:00:00+00:00
[2024-12-21T23:53:41.513+0530] {logging_mixin.py:190} INFO - [2024-12-21T23:53:41.512+0530] {dag.py:4180} INFO - Setting next_dagrun for example_branch_datetime_operator_3 to 2024-12-20 00:00:00+00:00, run_after=2024-12-21 00:00:00+00:00
[2024-12-21T23:53:41.555+0530] {processor.py:208} INFO - Processing /Users/jayesh/Desktop/Personal Work/Movie_data_pipeline/.venv/lib/python3.9/site-packages/airflow/example_dags/example_branch_datetime_operator.py took 0.385 seconds
