[2024-12-21T10:24:05.023+0530] {processor.py:186} INFO - Started process (PID=2342) to work on /Users/jayesh/Desktop/Personal Work/Movie_data_pipeline/.venv/lib/python3.9/site-packages/airflow/example_dags/example_python_decorator.py
[2024-12-21T10:24:05.024+0530] {processor.py:914} INFO - Processing file /Users/jayesh/Desktop/Personal Work/Movie_data_pipeline/.venv/lib/python3.9/site-packages/airflow/example_dags/example_python_decorator.py for tasks to queue
[2024-12-21T10:24:05.026+0530] {logging_mixin.py:190} INFO - [2024-12-21T10:24:05.026+0530] {dagbag.py:588} INFO - Filling up the DagBag from /Users/jayesh/Desktop/Personal Work/Movie_data_pipeline/.venv/lib/python3.9/site-packages/airflow/example_dags/example_python_decorator.py
[2024-12-21T10:24:05.074+0530] {logging_mixin.py:190} INFO - [2024-12-21T10:24:05.074+0530] {example_python_decorator.py:80} WARNING - The virtalenv_python example task requires virtualenv, please install it.
[2024-12-21T10:24:05.077+0530] {processor.py:925} INFO - DAG(s) 'example_python_decorator' retrieved from /Users/jayesh/Desktop/Personal Work/Movie_data_pipeline/.venv/lib/python3.9/site-packages/airflow/example_dags/example_python_decorator.py
[2024-12-21T10:24:05.333+0530] {logging_mixin.py:190} INFO - [2024-12-21T10:24:05.333+0530] {dag.py:3239} INFO - Sync 1 DAGs
[2024-12-21T10:24:05.360+0530] {logging_mixin.py:190} INFO - [2024-12-21T10:24:05.359+0530] {dag.py:4180} INFO - Setting next_dagrun for example_python_decorator to None, run_after=None
[2024-12-21T10:24:05.401+0530] {processor.py:208} INFO - Processing /Users/jayesh/Desktop/Personal Work/Movie_data_pipeline/.venv/lib/python3.9/site-packages/airflow/example_dags/example_python_decorator.py took 0.383 seconds
[2024-12-21T10:26:16.106+0530] {processor.py:186} INFO - Started process (PID=2660) to work on /Users/jayesh/Desktop/Personal Work/Movie_data_pipeline/.venv/lib/python3.9/site-packages/airflow/example_dags/example_python_decorator.py
[2024-12-21T10:26:16.107+0530] {processor.py:914} INFO - Processing file /Users/jayesh/Desktop/Personal Work/Movie_data_pipeline/.venv/lib/python3.9/site-packages/airflow/example_dags/example_python_decorator.py for tasks to queue
[2024-12-21T10:26:16.108+0530] {logging_mixin.py:190} INFO - [2024-12-21T10:26:16.108+0530] {dagbag.py:588} INFO - Filling up the DagBag from /Users/jayesh/Desktop/Personal Work/Movie_data_pipeline/.venv/lib/python3.9/site-packages/airflow/example_dags/example_python_decorator.py
[2024-12-21T10:26:16.165+0530] {logging_mixin.py:190} INFO - [2024-12-21T10:26:16.165+0530] {example_python_decorator.py:80} WARNING - The virtalenv_python example task requires virtualenv, please install it.
[2024-12-21T10:26:16.169+0530] {processor.py:925} INFO - DAG(s) 'example_python_decorator' retrieved from /Users/jayesh/Desktop/Personal Work/Movie_data_pipeline/.venv/lib/python3.9/site-packages/airflow/example_dags/example_python_decorator.py
[2024-12-21T10:26:16.400+0530] {logging_mixin.py:190} INFO - [2024-12-21T10:26:16.399+0530] {dag.py:3239} INFO - Sync 1 DAGs
[2024-12-21T10:26:16.419+0530] {logging_mixin.py:190} INFO - [2024-12-21T10:26:16.419+0530] {dag.py:4180} INFO - Setting next_dagrun for example_python_decorator to None, run_after=None
[2024-12-21T10:26:16.448+0530] {processor.py:208} INFO - Processing /Users/jayesh/Desktop/Personal Work/Movie_data_pipeline/.venv/lib/python3.9/site-packages/airflow/example_dags/example_python_decorator.py took 0.347 seconds
[2024-12-21T10:28:49.730+0530] {processor.py:186} INFO - Started process (PID=3081) to work on /Users/jayesh/Desktop/Personal Work/Movie_data_pipeline/.venv/lib/python3.9/site-packages/airflow/example_dags/example_python_decorator.py
[2024-12-21T10:28:49.731+0530] {processor.py:914} INFO - Processing file /Users/jayesh/Desktop/Personal Work/Movie_data_pipeline/.venv/lib/python3.9/site-packages/airflow/example_dags/example_python_decorator.py for tasks to queue
[2024-12-21T10:28:49.733+0530] {logging_mixin.py:190} INFO - [2024-12-21T10:28:49.733+0530] {dagbag.py:588} INFO - Filling up the DagBag from /Users/jayesh/Desktop/Personal Work/Movie_data_pipeline/.venv/lib/python3.9/site-packages/airflow/example_dags/example_python_decorator.py
[2024-12-21T10:28:49.780+0530] {logging_mixin.py:190} INFO - [2024-12-21T10:28:49.779+0530] {example_python_decorator.py:80} WARNING - The virtalenv_python example task requires virtualenv, please install it.
[2024-12-21T10:28:49.783+0530] {processor.py:925} INFO - DAG(s) 'example_python_decorator' retrieved from /Users/jayesh/Desktop/Personal Work/Movie_data_pipeline/.venv/lib/python3.9/site-packages/airflow/example_dags/example_python_decorator.py
[2024-12-21T10:28:50.012+0530] {logging_mixin.py:190} INFO - [2024-12-21T10:28:50.012+0530] {dag.py:3239} INFO - Sync 1 DAGs
[2024-12-21T10:28:50.037+0530] {logging_mixin.py:190} INFO - [2024-12-21T10:28:50.037+0530] {dag.py:4180} INFO - Setting next_dagrun for example_python_decorator to None, run_after=None
[2024-12-21T10:28:50.068+0530] {processor.py:208} INFO - Processing /Users/jayesh/Desktop/Personal Work/Movie_data_pipeline/.venv/lib/python3.9/site-packages/airflow/example_dags/example_python_decorator.py took 0.343 seconds
[2024-12-21T10:48:26.724+0530] {processor.py:186} INFO - Started process (PID=4200) to work on /Users/jayesh/Desktop/Personal Work/Movie_data_pipeline/.venv/lib/python3.9/site-packages/airflow/example_dags/example_python_decorator.py
[2024-12-21T10:48:26.726+0530] {processor.py:914} INFO - Processing file /Users/jayesh/Desktop/Personal Work/Movie_data_pipeline/.venv/lib/python3.9/site-packages/airflow/example_dags/example_python_decorator.py for tasks to queue
[2024-12-21T10:48:26.728+0530] {logging_mixin.py:190} INFO - [2024-12-21T10:48:26.727+0530] {dagbag.py:588} INFO - Filling up the DagBag from /Users/jayesh/Desktop/Personal Work/Movie_data_pipeline/.venv/lib/python3.9/site-packages/airflow/example_dags/example_python_decorator.py
[2024-12-21T10:48:26.784+0530] {logging_mixin.py:190} INFO - [2024-12-21T10:48:26.784+0530] {example_python_decorator.py:80} WARNING - The virtalenv_python example task requires virtualenv, please install it.
[2024-12-21T10:48:26.788+0530] {processor.py:925} INFO - DAG(s) 'example_python_decorator' retrieved from /Users/jayesh/Desktop/Personal Work/Movie_data_pipeline/.venv/lib/python3.9/site-packages/airflow/example_dags/example_python_decorator.py
[2024-12-21T10:48:27.003+0530] {logging_mixin.py:190} INFO - [2024-12-21T10:48:27.002+0530] {dag.py:3239} INFO - Sync 1 DAGs
[2024-12-21T10:48:27.023+0530] {logging_mixin.py:190} INFO - [2024-12-21T10:48:27.022+0530] {dag.py:4180} INFO - Setting next_dagrun for example_python_decorator to None, run_after=None
[2024-12-21T10:48:27.053+0530] {processor.py:208} INFO - Processing /Users/jayesh/Desktop/Personal Work/Movie_data_pipeline/.venv/lib/python3.9/site-packages/airflow/example_dags/example_python_decorator.py took 0.334 seconds
[2024-12-21T10:50:47.949+0530] {processor.py:186} INFO - Started process (PID=4663) to work on /Users/jayesh/Desktop/Personal Work/Movie_data_pipeline/.venv/lib/python3.9/site-packages/airflow/example_dags/example_python_decorator.py
[2024-12-21T10:50:47.951+0530] {processor.py:914} INFO - Processing file /Users/jayesh/Desktop/Personal Work/Movie_data_pipeline/.venv/lib/python3.9/site-packages/airflow/example_dags/example_python_decorator.py for tasks to queue
[2024-12-21T10:50:47.953+0530] {logging_mixin.py:190} INFO - [2024-12-21T10:50:47.952+0530] {dagbag.py:588} INFO - Filling up the DagBag from /Users/jayesh/Desktop/Personal Work/Movie_data_pipeline/.venv/lib/python3.9/site-packages/airflow/example_dags/example_python_decorator.py
[2024-12-21T10:50:48.006+0530] {logging_mixin.py:190} INFO - [2024-12-21T10:50:48.005+0530] {example_python_decorator.py:80} WARNING - The virtalenv_python example task requires virtualenv, please install it.
[2024-12-21T10:50:48.009+0530] {processor.py:925} INFO - DAG(s) 'example_python_decorator' retrieved from /Users/jayesh/Desktop/Personal Work/Movie_data_pipeline/.venv/lib/python3.9/site-packages/airflow/example_dags/example_python_decorator.py
[2024-12-21T10:50:48.331+0530] {logging_mixin.py:190} INFO - [2024-12-21T10:50:48.330+0530] {dag.py:3239} INFO - Sync 1 DAGs
[2024-12-21T10:50:48.352+0530] {logging_mixin.py:190} INFO - [2024-12-21T10:50:48.351+0530] {dag.py:4180} INFO - Setting next_dagrun for example_python_decorator to None, run_after=None
[2024-12-21T10:50:48.380+0530] {processor.py:208} INFO - Processing /Users/jayesh/Desktop/Personal Work/Movie_data_pipeline/.venv/lib/python3.9/site-packages/airflow/example_dags/example_python_decorator.py took 0.437 seconds
[2024-12-21T11:55:35.221+0530] {processor.py:186} INFO - Started process (PID=6706) to work on /Users/jayesh/Desktop/Personal Work/Movie_data_pipeline/.venv/lib/python3.9/site-packages/airflow/example_dags/example_python_decorator.py
[2024-12-21T11:55:35.224+0530] {processor.py:914} INFO - Processing file /Users/jayesh/Desktop/Personal Work/Movie_data_pipeline/.venv/lib/python3.9/site-packages/airflow/example_dags/example_python_decorator.py for tasks to queue
[2024-12-21T11:55:35.228+0530] {logging_mixin.py:190} INFO - [2024-12-21T11:55:35.228+0530] {dagbag.py:588} INFO - Filling up the DagBag from /Users/jayesh/Desktop/Personal Work/Movie_data_pipeline/.venv/lib/python3.9/site-packages/airflow/example_dags/example_python_decorator.py
[2024-12-21T11:55:35.283+0530] {logging_mixin.py:190} INFO - [2024-12-21T11:55:35.283+0530] {example_python_decorator.py:80} WARNING - The virtalenv_python example task requires virtualenv, please install it.
[2024-12-21T11:55:35.287+0530] {processor.py:925} INFO - DAG(s) 'example_python_decorator' retrieved from /Users/jayesh/Desktop/Personal Work/Movie_data_pipeline/.venv/lib/python3.9/site-packages/airflow/example_dags/example_python_decorator.py
[2024-12-21T11:55:35.529+0530] {logging_mixin.py:190} INFO - [2024-12-21T11:55:35.528+0530] {dag.py:3239} INFO - Sync 1 DAGs
[2024-12-21T11:55:35.565+0530] {logging_mixin.py:190} INFO - [2024-12-21T11:55:35.565+0530] {dag.py:4180} INFO - Setting next_dagrun for example_python_decorator to None, run_after=None
[2024-12-21T11:55:35.601+0530] {processor.py:208} INFO - Processing /Users/jayesh/Desktop/Personal Work/Movie_data_pipeline/.venv/lib/python3.9/site-packages/airflow/example_dags/example_python_decorator.py took 0.386 seconds
[2024-12-21T11:57:47.250+0530] {processor.py:186} INFO - Started process (PID=7182) to work on /Users/jayesh/Desktop/Personal Work/Movie_data_pipeline/.venv/lib/python3.9/site-packages/airflow/example_dags/example_python_decorator.py
[2024-12-21T11:57:47.255+0530] {processor.py:914} INFO - Processing file /Users/jayesh/Desktop/Personal Work/Movie_data_pipeline/.venv/lib/python3.9/site-packages/airflow/example_dags/example_python_decorator.py for tasks to queue
[2024-12-21T11:57:47.260+0530] {logging_mixin.py:190} INFO - [2024-12-21T11:57:47.259+0530] {dagbag.py:588} INFO - Filling up the DagBag from /Users/jayesh/Desktop/Personal Work/Movie_data_pipeline/.venv/lib/python3.9/site-packages/airflow/example_dags/example_python_decorator.py
[2024-12-21T11:57:47.409+0530] {logging_mixin.py:190} INFO - [2024-12-21T11:57:47.408+0530] {example_python_decorator.py:80} WARNING - The virtalenv_python example task requires virtualenv, please install it.
[2024-12-21T11:57:47.417+0530] {processor.py:925} INFO - DAG(s) 'example_python_decorator' retrieved from /Users/jayesh/Desktop/Personal Work/Movie_data_pipeline/.venv/lib/python3.9/site-packages/airflow/example_dags/example_python_decorator.py
[2024-12-21T11:57:47.850+0530] {logging_mixin.py:190} INFO - [2024-12-21T11:57:47.849+0530] {dag.py:3239} INFO - Sync 1 DAGs
[2024-12-21T11:57:47.883+0530] {logging_mixin.py:190} INFO - [2024-12-21T11:57:47.882+0530] {dag.py:4180} INFO - Setting next_dagrun for example_python_decorator to None, run_after=None
[2024-12-21T11:57:47.927+0530] {processor.py:208} INFO - Processing /Users/jayesh/Desktop/Personal Work/Movie_data_pipeline/.venv/lib/python3.9/site-packages/airflow/example_dags/example_python_decorator.py took 0.689 seconds
[2024-12-21T12:00:59.861+0530] {processor.py:186} INFO - Started process (PID=7869) to work on /Users/jayesh/Desktop/Personal Work/Movie_data_pipeline/.venv/lib/python3.9/site-packages/airflow/example_dags/example_python_decorator.py
[2024-12-21T12:00:59.864+0530] {processor.py:914} INFO - Processing file /Users/jayesh/Desktop/Personal Work/Movie_data_pipeline/.venv/lib/python3.9/site-packages/airflow/example_dags/example_python_decorator.py for tasks to queue
[2024-12-21T12:00:59.865+0530] {logging_mixin.py:190} INFO - [2024-12-21T12:00:59.865+0530] {dagbag.py:588} INFO - Filling up the DagBag from /Users/jayesh/Desktop/Personal Work/Movie_data_pipeline/.venv/lib/python3.9/site-packages/airflow/example_dags/example_python_decorator.py
[2024-12-21T12:00:59.917+0530] {logging_mixin.py:190} INFO - [2024-12-21T12:00:59.916+0530] {example_python_decorator.py:80} WARNING - The virtalenv_python example task requires virtualenv, please install it.
[2024-12-21T12:00:59.921+0530] {processor.py:925} INFO - DAG(s) 'example_python_decorator' retrieved from /Users/jayesh/Desktop/Personal Work/Movie_data_pipeline/.venv/lib/python3.9/site-packages/airflow/example_dags/example_python_decorator.py
[2024-12-21T12:01:00.338+0530] {logging_mixin.py:190} INFO - [2024-12-21T12:01:00.338+0530] {dag.py:3239} INFO - Sync 1 DAGs
[2024-12-21T12:01:00.363+0530] {logging_mixin.py:190} INFO - [2024-12-21T12:01:00.363+0530] {dag.py:4180} INFO - Setting next_dagrun for example_python_decorator to None, run_after=None
[2024-12-21T12:01:00.391+0530] {processor.py:208} INFO - Processing /Users/jayesh/Desktop/Personal Work/Movie_data_pipeline/.venv/lib/python3.9/site-packages/airflow/example_dags/example_python_decorator.py took 0.535 seconds
[2024-12-21T12:04:37.294+0530] {processor.py:186} INFO - Started process (PID=8618) to work on /Users/jayesh/Desktop/Personal Work/Movie_data_pipeline/.venv/lib/python3.9/site-packages/airflow/example_dags/example_python_decorator.py
[2024-12-21T12:04:37.296+0530] {processor.py:914} INFO - Processing file /Users/jayesh/Desktop/Personal Work/Movie_data_pipeline/.venv/lib/python3.9/site-packages/airflow/example_dags/example_python_decorator.py for tasks to queue
[2024-12-21T12:04:37.299+0530] {logging_mixin.py:190} INFO - [2024-12-21T12:04:37.298+0530] {dagbag.py:588} INFO - Filling up the DagBag from /Users/jayesh/Desktop/Personal Work/Movie_data_pipeline/.venv/lib/python3.9/site-packages/airflow/example_dags/example_python_decorator.py
[2024-12-21T12:04:37.360+0530] {logging_mixin.py:190} INFO - [2024-12-21T12:04:37.360+0530] {example_python_decorator.py:80} WARNING - The virtalenv_python example task requires virtualenv, please install it.
[2024-12-21T12:04:37.364+0530] {processor.py:925} INFO - DAG(s) 'example_python_decorator' retrieved from /Users/jayesh/Desktop/Personal Work/Movie_data_pipeline/.venv/lib/python3.9/site-packages/airflow/example_dags/example_python_decorator.py
[2024-12-21T12:04:37.889+0530] {logging_mixin.py:190} INFO - [2024-12-21T12:04:37.889+0530] {dag.py:3239} INFO - Sync 1 DAGs
[2024-12-21T12:04:37.909+0530] {logging_mixin.py:190} INFO - [2024-12-21T12:04:37.909+0530] {dag.py:4180} INFO - Setting next_dagrun for example_python_decorator to None, run_after=None
[2024-12-21T12:04:37.937+0530] {processor.py:208} INFO - Processing /Users/jayesh/Desktop/Personal Work/Movie_data_pipeline/.venv/lib/python3.9/site-packages/airflow/example_dags/example_python_decorator.py took 0.649 seconds
[2024-12-21T22:32:17.291+0530] {processor.py:186} INFO - Started process (PID=15964) to work on /Users/jayesh/Desktop/Personal Work/Movie_data_pipeline/.venv/lib/python3.9/site-packages/airflow/example_dags/example_python_decorator.py
[2024-12-21T22:32:17.296+0530] {processor.py:914} INFO - Processing file /Users/jayesh/Desktop/Personal Work/Movie_data_pipeline/.venv/lib/python3.9/site-packages/airflow/example_dags/example_python_decorator.py for tasks to queue
[2024-12-21T22:32:17.303+0530] {logging_mixin.py:190} INFO - [2024-12-21T22:32:17.302+0530] {dagbag.py:588} INFO - Filling up the DagBag from /Users/jayesh/Desktop/Personal Work/Movie_data_pipeline/.venv/lib/python3.9/site-packages/airflow/example_dags/example_python_decorator.py
[2024-12-21T22:32:17.338+0530] {logging_mixin.py:190} INFO - [2024-12-21T22:32:17.336+0530] {example_python_decorator.py:80} WARNING - The virtalenv_python example task requires virtualenv, please install it.
[2024-12-21T22:32:17.350+0530] {processor.py:925} INFO - DAG(s) 'example_python_decorator' retrieved from /Users/jayesh/Desktop/Personal Work/Movie_data_pipeline/.venv/lib/python3.9/site-packages/airflow/example_dags/example_python_decorator.py
[2024-12-21T22:32:17.478+0530] {logging_mixin.py:190} INFO - [2024-12-21T22:32:17.477+0530] {dag.py:3239} INFO - Sync 1 DAGs
[2024-12-21T22:32:17.538+0530] {logging_mixin.py:190} INFO - [2024-12-21T22:32:17.537+0530] {dag.py:4180} INFO - Setting next_dagrun for example_python_decorator to None, run_after=None
[2024-12-21T22:32:17.620+0530] {processor.py:208} INFO - Processing /Users/jayesh/Desktop/Personal Work/Movie_data_pipeline/.venv/lib/python3.9/site-packages/airflow/example_dags/example_python_decorator.py took 0.351 seconds
[2024-12-21T22:32:51.249+0530] {processor.py:186} INFO - Started process (PID=16211) to work on /Users/jayesh/Desktop/Personal Work/Movie_data_pipeline/.venv/lib/python3.9/site-packages/airflow/example_dags/example_python_decorator.py
[2024-12-21T22:32:51.254+0530] {processor.py:914} INFO - Processing file /Users/jayesh/Desktop/Personal Work/Movie_data_pipeline/.venv/lib/python3.9/site-packages/airflow/example_dags/example_python_decorator.py for tasks to queue
[2024-12-21T22:32:51.274+0530] {logging_mixin.py:190} INFO - [2024-12-21T22:32:51.271+0530] {dagbag.py:588} INFO - Filling up the DagBag from /Users/jayesh/Desktop/Personal Work/Movie_data_pipeline/.venv/lib/python3.9/site-packages/airflow/example_dags/example_python_decorator.py
[2024-12-21T22:32:51.311+0530] {logging_mixin.py:190} INFO - [2024-12-21T22:32:51.310+0530] {example_python_decorator.py:80} WARNING - The virtalenv_python example task requires virtualenv, please install it.
[2024-12-21T22:32:51.319+0530] {processor.py:925} INFO - DAG(s) 'example_python_decorator' retrieved from /Users/jayesh/Desktop/Personal Work/Movie_data_pipeline/.venv/lib/python3.9/site-packages/airflow/example_dags/example_python_decorator.py
[2024-12-21T22:32:51.458+0530] {logging_mixin.py:190} INFO - [2024-12-21T22:32:51.456+0530] {dag.py:3239} INFO - Sync 1 DAGs
[2024-12-21T22:32:51.500+0530] {logging_mixin.py:190} INFO - [2024-12-21T22:32:51.499+0530] {dag.py:4180} INFO - Setting next_dagrun for example_python_decorator to None, run_after=None
[2024-12-21T22:32:51.550+0530] {processor.py:208} INFO - Processing /Users/jayesh/Desktop/Personal Work/Movie_data_pipeline/.venv/lib/python3.9/site-packages/airflow/example_dags/example_python_decorator.py took 0.358 seconds
[2024-12-21T22:33:22.043+0530] {processor.py:186} INFO - Started process (PID=16414) to work on /Users/jayesh/Desktop/Personal Work/Movie_data_pipeline/.venv/lib/python3.9/site-packages/airflow/example_dags/example_python_decorator.py
[2024-12-21T22:33:22.048+0530] {processor.py:914} INFO - Processing file /Users/jayesh/Desktop/Personal Work/Movie_data_pipeline/.venv/lib/python3.9/site-packages/airflow/example_dags/example_python_decorator.py for tasks to queue
[2024-12-21T22:33:22.056+0530] {logging_mixin.py:190} INFO - [2024-12-21T22:33:22.054+0530] {dagbag.py:588} INFO - Filling up the DagBag from /Users/jayesh/Desktop/Personal Work/Movie_data_pipeline/.venv/lib/python3.9/site-packages/airflow/example_dags/example_python_decorator.py
[2024-12-21T22:33:22.093+0530] {logging_mixin.py:190} INFO - [2024-12-21T22:33:22.092+0530] {example_python_decorator.py:80} WARNING - The virtalenv_python example task requires virtualenv, please install it.
[2024-12-21T22:33:22.099+0530] {processor.py:925} INFO - DAG(s) 'example_python_decorator' retrieved from /Users/jayesh/Desktop/Personal Work/Movie_data_pipeline/.venv/lib/python3.9/site-packages/airflow/example_dags/example_python_decorator.py
[2024-12-21T22:33:22.212+0530] {logging_mixin.py:190} INFO - [2024-12-21T22:33:22.211+0530] {dag.py:3239} INFO - Sync 1 DAGs
[2024-12-21T22:33:22.247+0530] {logging_mixin.py:190} INFO - [2024-12-21T22:33:22.246+0530] {dag.py:4180} INFO - Setting next_dagrun for example_python_decorator to None, run_after=None
[2024-12-21T22:33:22.284+0530] {processor.py:208} INFO - Processing /Users/jayesh/Desktop/Personal Work/Movie_data_pipeline/.venv/lib/python3.9/site-packages/airflow/example_dags/example_python_decorator.py took 0.266 seconds
[2024-12-21T23:52:58.515+0530] {processor.py:186} INFO - Started process (PID=18084) to work on /Users/jayesh/Desktop/Personal Work/Movie_data_pipeline/.venv/lib/python3.9/site-packages/airflow/example_dags/example_python_decorator.py
[2024-12-21T23:52:58.519+0530] {processor.py:914} INFO - Processing file /Users/jayesh/Desktop/Personal Work/Movie_data_pipeline/.venv/lib/python3.9/site-packages/airflow/example_dags/example_python_decorator.py for tasks to queue
[2024-12-21T23:52:58.529+0530] {logging_mixin.py:190} INFO - [2024-12-21T23:52:58.525+0530] {dagbag.py:588} INFO - Filling up the DagBag from /Users/jayesh/Desktop/Personal Work/Movie_data_pipeline/.venv/lib/python3.9/site-packages/airflow/example_dags/example_python_decorator.py
[2024-12-21T23:52:58.560+0530] {logging_mixin.py:190} INFO - [2024-12-21T23:52:58.558+0530] {example_python_decorator.py:80} WARNING - The virtalenv_python example task requires virtualenv, please install it.
[2024-12-21T23:52:58.570+0530] {processor.py:925} INFO - DAG(s) 'example_python_decorator' retrieved from /Users/jayesh/Desktop/Personal Work/Movie_data_pipeline/.venv/lib/python3.9/site-packages/airflow/example_dags/example_python_decorator.py
[2024-12-21T23:52:58.727+0530] {logging_mixin.py:190} INFO - [2024-12-21T23:52:58.724+0530] {dag.py:3239} INFO - Sync 1 DAGs
[2024-12-21T23:52:58.859+0530] {logging_mixin.py:190} INFO - [2024-12-21T23:52:58.858+0530] {dag.py:4180} INFO - Setting next_dagrun for example_python_decorator to None, run_after=None
[2024-12-21T23:52:59.058+0530] {processor.py:208} INFO - Processing /Users/jayesh/Desktop/Personal Work/Movie_data_pipeline/.venv/lib/python3.9/site-packages/airflow/example_dags/example_python_decorator.py took 0.564 seconds
[2024-12-21T23:53:29.439+0530] {processor.py:186} INFO - Started process (PID=18305) to work on /Users/jayesh/Desktop/Personal Work/Movie_data_pipeline/.venv/lib/python3.9/site-packages/airflow/example_dags/example_python_decorator.py
[2024-12-21T23:53:29.444+0530] {processor.py:914} INFO - Processing file /Users/jayesh/Desktop/Personal Work/Movie_data_pipeline/.venv/lib/python3.9/site-packages/airflow/example_dags/example_python_decorator.py for tasks to queue
[2024-12-21T23:53:29.452+0530] {logging_mixin.py:190} INFO - [2024-12-21T23:53:29.449+0530] {dagbag.py:588} INFO - Filling up the DagBag from /Users/jayesh/Desktop/Personal Work/Movie_data_pipeline/.venv/lib/python3.9/site-packages/airflow/example_dags/example_python_decorator.py
[2024-12-21T23:53:29.480+0530] {logging_mixin.py:190} INFO - [2024-12-21T23:53:29.480+0530] {example_python_decorator.py:80} WARNING - The virtalenv_python example task requires virtualenv, please install it.
[2024-12-21T23:53:29.486+0530] {processor.py:925} INFO - DAG(s) 'example_python_decorator' retrieved from /Users/jayesh/Desktop/Personal Work/Movie_data_pipeline/.venv/lib/python3.9/site-packages/airflow/example_dags/example_python_decorator.py
[2024-12-21T23:53:29.680+0530] {logging_mixin.py:190} INFO - [2024-12-21T23:53:29.679+0530] {dag.py:3239} INFO - Sync 1 DAGs
[2024-12-21T23:53:29.729+0530] {logging_mixin.py:190} INFO - [2024-12-21T23:53:29.728+0530] {dag.py:4180} INFO - Setting next_dagrun for example_python_decorator to None, run_after=None
[2024-12-21T23:53:29.813+0530] {processor.py:208} INFO - Processing /Users/jayesh/Desktop/Personal Work/Movie_data_pipeline/.venv/lib/python3.9/site-packages/airflow/example_dags/example_python_decorator.py took 0.404 seconds
