[2024-12-21T10:23:18.173+0530] {processor.py:186} INFO - Started process (PID=2199) to work on /Users/jayesh/Desktop/Personal Work/Movie_data_pipeline/.venv/lib/python3.9/site-packages/airflow/example_dags/example_xcomargs.py
[2024-12-21T10:23:18.175+0530] {processor.py:914} INFO - Processing file /Users/jayesh/Desktop/Personal Work/Movie_data_pipeline/.venv/lib/python3.9/site-packages/airflow/example_dags/example_xcomargs.py for tasks to queue
[2024-12-21T10:23:18.178+0530] {logging_mixin.py:190} INFO - [2024-12-21T10:23:18.177+0530] {dagbag.py:588} INFO - Filling up the DagBag from /Users/jayesh/Desktop/Personal Work/Movie_data_pipeline/.venv/lib/python3.9/site-packages/airflow/example_dags/example_xcomargs.py
[2024-12-21T10:23:18.266+0530] {processor.py:925} INFO - DAG(s) 'example_xcom_args', 'example_xcom_args_with_operators' retrieved from /Users/jayesh/Desktop/Personal Work/Movie_data_pipeline/.venv/lib/python3.9/site-packages/airflow/example_dags/example_xcomargs.py
[2024-12-21T10:23:18.551+0530] {logging_mixin.py:190} INFO - [2024-12-21T10:23:18.550+0530] {dag.py:3239} INFO - Sync 2 DAGs
[2024-12-21T10:23:18.581+0530] {logging_mixin.py:190} INFO - [2024-12-21T10:23:18.581+0530] {dag.py:4180} INFO - Setting next_dagrun for example_xcom_args to None, run_after=None
[2024-12-21T10:23:18.588+0530] {logging_mixin.py:190} INFO - [2024-12-21T10:23:18.587+0530] {dag.py:4180} INFO - Setting next_dagrun for example_xcom_args_with_operators to None, run_after=None
[2024-12-21T10:23:18.673+0530] {processor.py:208} INFO - Processing /Users/jayesh/Desktop/Personal Work/Movie_data_pipeline/.venv/lib/python3.9/site-packages/airflow/example_dags/example_xcomargs.py took 0.509 seconds
[2024-12-21T10:25:42.673+0530] {processor.py:186} INFO - Started process (PID=2562) to work on /Users/jayesh/Desktop/Personal Work/Movie_data_pipeline/.venv/lib/python3.9/site-packages/airflow/example_dags/example_xcomargs.py
[2024-12-21T10:25:42.674+0530] {processor.py:914} INFO - Processing file /Users/jayesh/Desktop/Personal Work/Movie_data_pipeline/.venv/lib/python3.9/site-packages/airflow/example_dags/example_xcomargs.py for tasks to queue
[2024-12-21T10:25:42.678+0530] {logging_mixin.py:190} INFO - [2024-12-21T10:25:42.678+0530] {dagbag.py:588} INFO - Filling up the DagBag from /Users/jayesh/Desktop/Personal Work/Movie_data_pipeline/.venv/lib/python3.9/site-packages/airflow/example_dags/example_xcomargs.py
[2024-12-21T10:25:42.769+0530] {processor.py:925} INFO - DAG(s) 'example_xcom_args_with_operators', 'example_xcom_args' retrieved from /Users/jayesh/Desktop/Personal Work/Movie_data_pipeline/.venv/lib/python3.9/site-packages/airflow/example_dags/example_xcomargs.py
[2024-12-21T10:25:43.033+0530] {logging_mixin.py:190} INFO - [2024-12-21T10:25:43.033+0530] {dag.py:3239} INFO - Sync 2 DAGs
[2024-12-21T10:25:43.055+0530] {logging_mixin.py:190} INFO - [2024-12-21T10:25:43.055+0530] {dag.py:4180} INFO - Setting next_dagrun for example_xcom_args to None, run_after=None
[2024-12-21T10:25:43.061+0530] {logging_mixin.py:190} INFO - [2024-12-21T10:25:43.061+0530] {dag.py:4180} INFO - Setting next_dagrun for example_xcom_args_with_operators to None, run_after=None
[2024-12-21T10:25:43.087+0530] {processor.py:208} INFO - Processing /Users/jayesh/Desktop/Personal Work/Movie_data_pipeline/.venv/lib/python3.9/site-packages/airflow/example_dags/example_xcomargs.py took 0.422 seconds
[2024-12-21T10:27:04.333+0530] {processor.py:186} INFO - Started process (PID=2790) to work on /Users/jayesh/Desktop/Personal Work/Movie_data_pipeline/.venv/lib/python3.9/site-packages/airflow/example_dags/example_xcomargs.py
[2024-12-21T10:27:04.335+0530] {processor.py:914} INFO - Processing file /Users/jayesh/Desktop/Personal Work/Movie_data_pipeline/.venv/lib/python3.9/site-packages/airflow/example_dags/example_xcomargs.py for tasks to queue
[2024-12-21T10:27:04.336+0530] {logging_mixin.py:190} INFO - [2024-12-21T10:27:04.336+0530] {dagbag.py:588} INFO - Filling up the DagBag from /Users/jayesh/Desktop/Personal Work/Movie_data_pipeline/.venv/lib/python3.9/site-packages/airflow/example_dags/example_xcomargs.py
[2024-12-21T10:27:04.403+0530] {processor.py:925} INFO - DAG(s) 'example_xcom_args', 'example_xcom_args_with_operators' retrieved from /Users/jayesh/Desktop/Personal Work/Movie_data_pipeline/.venv/lib/python3.9/site-packages/airflow/example_dags/example_xcomargs.py
[2024-12-21T10:27:04.684+0530] {logging_mixin.py:190} INFO - [2024-12-21T10:27:04.684+0530] {dag.py:3239} INFO - Sync 2 DAGs
[2024-12-21T10:27:04.705+0530] {logging_mixin.py:190} INFO - [2024-12-21T10:27:04.705+0530] {dag.py:4180} INFO - Setting next_dagrun for example_xcom_args to None, run_after=None
[2024-12-21T10:27:04.711+0530] {logging_mixin.py:190} INFO - [2024-12-21T10:27:04.711+0530] {dag.py:4180} INFO - Setting next_dagrun for example_xcom_args_with_operators to None, run_after=None
[2024-12-21T10:27:04.737+0530] {processor.py:208} INFO - Processing /Users/jayesh/Desktop/Personal Work/Movie_data_pipeline/.venv/lib/python3.9/site-packages/airflow/example_dags/example_xcomargs.py took 0.410 seconds
[2024-12-21T10:28:17.108+0530] {processor.py:186} INFO - Started process (PID=2992) to work on /Users/jayesh/Desktop/Personal Work/Movie_data_pipeline/.venv/lib/python3.9/site-packages/airflow/example_dags/example_xcomargs.py
[2024-12-21T10:28:17.109+0530] {processor.py:914} INFO - Processing file /Users/jayesh/Desktop/Personal Work/Movie_data_pipeline/.venv/lib/python3.9/site-packages/airflow/example_dags/example_xcomargs.py for tasks to queue
[2024-12-21T10:28:17.111+0530] {logging_mixin.py:190} INFO - [2024-12-21T10:28:17.111+0530] {dagbag.py:588} INFO - Filling up the DagBag from /Users/jayesh/Desktop/Personal Work/Movie_data_pipeline/.venv/lib/python3.9/site-packages/airflow/example_dags/example_xcomargs.py
[2024-12-21T10:28:17.165+0530] {processor.py:925} INFO - DAG(s) 'example_xcom_args', 'example_xcom_args_with_operators' retrieved from /Users/jayesh/Desktop/Personal Work/Movie_data_pipeline/.venv/lib/python3.9/site-packages/airflow/example_dags/example_xcomargs.py
[2024-12-21T10:28:17.379+0530] {logging_mixin.py:190} INFO - [2024-12-21T10:28:17.379+0530] {dag.py:3239} INFO - Sync 2 DAGs
[2024-12-21T10:28:17.398+0530] {logging_mixin.py:190} INFO - [2024-12-21T10:28:17.398+0530] {dag.py:4180} INFO - Setting next_dagrun for example_xcom_args to None, run_after=None
[2024-12-21T10:28:17.404+0530] {logging_mixin.py:190} INFO - [2024-12-21T10:28:17.403+0530] {dag.py:4180} INFO - Setting next_dagrun for example_xcom_args_with_operators to None, run_after=None
[2024-12-21T10:28:17.426+0530] {processor.py:208} INFO - Processing /Users/jayesh/Desktop/Personal Work/Movie_data_pipeline/.venv/lib/python3.9/site-packages/airflow/example_dags/example_xcomargs.py took 0.323 seconds
[2024-12-21T10:29:34.284+0530] {processor.py:186} INFO - Started process (PID=3204) to work on /Users/jayesh/Desktop/Personal Work/Movie_data_pipeline/.venv/lib/python3.9/site-packages/airflow/example_dags/example_xcomargs.py
[2024-12-21T10:29:34.286+0530] {processor.py:914} INFO - Processing file /Users/jayesh/Desktop/Personal Work/Movie_data_pipeline/.venv/lib/python3.9/site-packages/airflow/example_dags/example_xcomargs.py for tasks to queue
[2024-12-21T10:29:34.289+0530] {logging_mixin.py:190} INFO - [2024-12-21T10:29:34.288+0530] {dagbag.py:588} INFO - Filling up the DagBag from /Users/jayesh/Desktop/Personal Work/Movie_data_pipeline/.venv/lib/python3.9/site-packages/airflow/example_dags/example_xcomargs.py
[2024-12-21T10:29:34.348+0530] {processor.py:925} INFO - DAG(s) 'example_xcom_args', 'example_xcom_args_with_operators' retrieved from /Users/jayesh/Desktop/Personal Work/Movie_data_pipeline/.venv/lib/python3.9/site-packages/airflow/example_dags/example_xcomargs.py
[2024-12-21T10:29:34.656+0530] {logging_mixin.py:190} INFO - [2024-12-21T10:29:34.655+0530] {dag.py:3239} INFO - Sync 2 DAGs
[2024-12-21T10:29:34.680+0530] {logging_mixin.py:190} INFO - [2024-12-21T10:29:34.679+0530] {dag.py:4180} INFO - Setting next_dagrun for example_xcom_args to None, run_after=None
[2024-12-21T10:29:34.685+0530] {logging_mixin.py:190} INFO - [2024-12-21T10:29:34.685+0530] {dag.py:4180} INFO - Setting next_dagrun for example_xcom_args_with_operators to None, run_after=None
[2024-12-21T10:29:34.712+0530] {processor.py:208} INFO - Processing /Users/jayesh/Desktop/Personal Work/Movie_data_pipeline/.venv/lib/python3.9/site-packages/airflow/example_dags/example_xcomargs.py took 0.436 seconds
[2024-12-21T10:31:11.671+0530] {processor.py:186} INFO - Started process (PID=3439) to work on /Users/jayesh/Desktop/Personal Work/Movie_data_pipeline/.venv/lib/python3.9/site-packages/airflow/example_dags/example_xcomargs.py
[2024-12-21T10:31:11.672+0530] {processor.py:914} INFO - Processing file /Users/jayesh/Desktop/Personal Work/Movie_data_pipeline/.venv/lib/python3.9/site-packages/airflow/example_dags/example_xcomargs.py for tasks to queue
[2024-12-21T10:31:11.676+0530] {logging_mixin.py:190} INFO - [2024-12-21T10:31:11.674+0530] {dagbag.py:588} INFO - Filling up the DagBag from /Users/jayesh/Desktop/Personal Work/Movie_data_pipeline/.venv/lib/python3.9/site-packages/airflow/example_dags/example_xcomargs.py
[2024-12-21T10:31:11.731+0530] {processor.py:925} INFO - DAG(s) 'example_xcom_args_with_operators', 'example_xcom_args' retrieved from /Users/jayesh/Desktop/Personal Work/Movie_data_pipeline/.venv/lib/python3.9/site-packages/airflow/example_dags/example_xcomargs.py
[2024-12-21T10:31:12.324+0530] {logging_mixin.py:190} INFO - [2024-12-21T10:31:12.324+0530] {dag.py:3239} INFO - Sync 2 DAGs
[2024-12-21T10:31:12.376+0530] {logging_mixin.py:190} INFO - [2024-12-21T10:31:12.375+0530] {dag.py:4180} INFO - Setting next_dagrun for example_xcom_args to None, run_after=None
[2024-12-21T10:31:12.452+0530] {logging_mixin.py:190} INFO - [2024-12-21T10:31:12.450+0530] {dag.py:4180} INFO - Setting next_dagrun for example_xcom_args_with_operators to None, run_after=None
[2024-12-21T10:31:12.600+0530] {processor.py:208} INFO - Processing /Users/jayesh/Desktop/Personal Work/Movie_data_pipeline/.venv/lib/python3.9/site-packages/airflow/example_dags/example_xcomargs.py took 0.935 seconds
[2024-12-21T10:47:41.010+0530] {processor.py:186} INFO - Started process (PID=4046) to work on /Users/jayesh/Desktop/Personal Work/Movie_data_pipeline/.venv/lib/python3.9/site-packages/airflow/example_dags/example_xcomargs.py
[2024-12-21T10:47:41.012+0530] {processor.py:914} INFO - Processing file /Users/jayesh/Desktop/Personal Work/Movie_data_pipeline/.venv/lib/python3.9/site-packages/airflow/example_dags/example_xcomargs.py for tasks to queue
[2024-12-21T10:47:41.014+0530] {logging_mixin.py:190} INFO - [2024-12-21T10:47:41.013+0530] {dagbag.py:588} INFO - Filling up the DagBag from /Users/jayesh/Desktop/Personal Work/Movie_data_pipeline/.venv/lib/python3.9/site-packages/airflow/example_dags/example_xcomargs.py
[2024-12-21T10:47:41.065+0530] {processor.py:925} INFO - DAG(s) 'example_xcom_args', 'example_xcom_args_with_operators' retrieved from /Users/jayesh/Desktop/Personal Work/Movie_data_pipeline/.venv/lib/python3.9/site-packages/airflow/example_dags/example_xcomargs.py
[2024-12-21T10:47:41.270+0530] {logging_mixin.py:190} INFO - [2024-12-21T10:47:41.270+0530] {dag.py:3239} INFO - Sync 2 DAGs
[2024-12-21T10:47:41.292+0530] {logging_mixin.py:190} INFO - [2024-12-21T10:47:41.292+0530] {dag.py:4180} INFO - Setting next_dagrun for example_xcom_args to None, run_after=None
[2024-12-21T10:47:41.297+0530] {logging_mixin.py:190} INFO - [2024-12-21T10:47:41.297+0530] {dag.py:4180} INFO - Setting next_dagrun for example_xcom_args_with_operators to None, run_after=None
[2024-12-21T10:47:41.360+0530] {processor.py:208} INFO - Processing /Users/jayesh/Desktop/Personal Work/Movie_data_pipeline/.venv/lib/python3.9/site-packages/airflow/example_dags/example_xcomargs.py took 0.355 seconds
[2024-12-21T10:50:01.186+0530] {processor.py:186} INFO - Started process (PID=4502) to work on /Users/jayesh/Desktop/Personal Work/Movie_data_pipeline/.venv/lib/python3.9/site-packages/airflow/example_dags/example_xcomargs.py
[2024-12-21T10:50:01.187+0530] {processor.py:914} INFO - Processing file /Users/jayesh/Desktop/Personal Work/Movie_data_pipeline/.venv/lib/python3.9/site-packages/airflow/example_dags/example_xcomargs.py for tasks to queue
[2024-12-21T10:50:01.189+0530] {logging_mixin.py:190} INFO - [2024-12-21T10:50:01.189+0530] {dagbag.py:588} INFO - Filling up the DagBag from /Users/jayesh/Desktop/Personal Work/Movie_data_pipeline/.venv/lib/python3.9/site-packages/airflow/example_dags/example_xcomargs.py
[2024-12-21T10:50:01.243+0530] {processor.py:925} INFO - DAG(s) 'example_xcom_args_with_operators', 'example_xcom_args' retrieved from /Users/jayesh/Desktop/Personal Work/Movie_data_pipeline/.venv/lib/python3.9/site-packages/airflow/example_dags/example_xcomargs.py
[2024-12-21T10:50:01.467+0530] {logging_mixin.py:190} INFO - [2024-12-21T10:50:01.467+0530] {dag.py:3239} INFO - Sync 2 DAGs
[2024-12-21T10:50:01.487+0530] {logging_mixin.py:190} INFO - [2024-12-21T10:50:01.487+0530] {dag.py:4180} INFO - Setting next_dagrun for example_xcom_args to None, run_after=None
[2024-12-21T10:50:01.492+0530] {logging_mixin.py:190} INFO - [2024-12-21T10:50:01.492+0530] {dag.py:4180} INFO - Setting next_dagrun for example_xcom_args_with_operators to None, run_after=None
[2024-12-21T10:50:01.517+0530] {processor.py:208} INFO - Processing /Users/jayesh/Desktop/Personal Work/Movie_data_pipeline/.venv/lib/python3.9/site-packages/airflow/example_dags/example_xcomargs.py took 0.337 seconds
[2024-12-21T10:51:49.762+0530] {processor.py:186} INFO - Started process (PID=4883) to work on /Users/jayesh/Desktop/Personal Work/Movie_data_pipeline/.venv/lib/python3.9/site-packages/airflow/example_dags/example_xcomargs.py
[2024-12-21T10:51:49.763+0530] {processor.py:914} INFO - Processing file /Users/jayesh/Desktop/Personal Work/Movie_data_pipeline/.venv/lib/python3.9/site-packages/airflow/example_dags/example_xcomargs.py for tasks to queue
[2024-12-21T10:51:49.764+0530] {logging_mixin.py:190} INFO - [2024-12-21T10:51:49.764+0530] {dagbag.py:588} INFO - Filling up the DagBag from /Users/jayesh/Desktop/Personal Work/Movie_data_pipeline/.venv/lib/python3.9/site-packages/airflow/example_dags/example_xcomargs.py
[2024-12-21T10:51:49.823+0530] {processor.py:925} INFO - DAG(s) 'example_xcom_args_with_operators', 'example_xcom_args' retrieved from /Users/jayesh/Desktop/Personal Work/Movie_data_pipeline/.venv/lib/python3.9/site-packages/airflow/example_dags/example_xcomargs.py
[2024-12-21T10:51:50.097+0530] {logging_mixin.py:190} INFO - [2024-12-21T10:51:50.096+0530] {dag.py:3239} INFO - Sync 2 DAGs
[2024-12-21T10:51:50.125+0530] {logging_mixin.py:190} INFO - [2024-12-21T10:51:50.124+0530] {dag.py:4180} INFO - Setting next_dagrun for example_xcom_args to None, run_after=None
[2024-12-21T10:51:50.131+0530] {logging_mixin.py:190} INFO - [2024-12-21T10:51:50.131+0530] {dag.py:4180} INFO - Setting next_dagrun for example_xcom_args_with_operators to None, run_after=None
[2024-12-21T10:51:50.173+0530] {processor.py:208} INFO - Processing /Users/jayesh/Desktop/Personal Work/Movie_data_pipeline/.venv/lib/python3.9/site-packages/airflow/example_dags/example_xcomargs.py took 0.417 seconds
[2024-12-21T10:53:22.698+0530] {processor.py:186} INFO - Started process (PID=5207) to work on /Users/jayesh/Desktop/Personal Work/Movie_data_pipeline/.venv/lib/python3.9/site-packages/airflow/example_dags/example_xcomargs.py
[2024-12-21T10:53:22.699+0530] {processor.py:914} INFO - Processing file /Users/jayesh/Desktop/Personal Work/Movie_data_pipeline/.venv/lib/python3.9/site-packages/airflow/example_dags/example_xcomargs.py for tasks to queue
[2024-12-21T10:53:22.701+0530] {logging_mixin.py:190} INFO - [2024-12-21T10:53:22.700+0530] {dagbag.py:588} INFO - Filling up the DagBag from /Users/jayesh/Desktop/Personal Work/Movie_data_pipeline/.venv/lib/python3.9/site-packages/airflow/example_dags/example_xcomargs.py
[2024-12-21T10:53:22.769+0530] {processor.py:925} INFO - DAG(s) 'example_xcom_args_with_operators', 'example_xcom_args' retrieved from /Users/jayesh/Desktop/Personal Work/Movie_data_pipeline/.venv/lib/python3.9/site-packages/airflow/example_dags/example_xcomargs.py
[2024-12-21T10:53:23.023+0530] {logging_mixin.py:190} INFO - [2024-12-21T10:53:23.023+0530] {dag.py:3239} INFO - Sync 2 DAGs
[2024-12-21T10:53:23.046+0530] {logging_mixin.py:190} INFO - [2024-12-21T10:53:23.046+0530] {dag.py:4180} INFO - Setting next_dagrun for example_xcom_args to None, run_after=None
[2024-12-21T10:53:23.051+0530] {logging_mixin.py:190} INFO - [2024-12-21T10:53:23.051+0530] {dag.py:4180} INFO - Setting next_dagrun for example_xcom_args_with_operators to None, run_after=None
[2024-12-21T10:53:23.079+0530] {processor.py:208} INFO - Processing /Users/jayesh/Desktop/Personal Work/Movie_data_pipeline/.venv/lib/python3.9/site-packages/airflow/example_dags/example_xcomargs.py took 0.386 seconds
[2024-12-21T11:54:55.536+0530] {processor.py:186} INFO - Started process (PID=6566) to work on /Users/jayesh/Desktop/Personal Work/Movie_data_pipeline/.venv/lib/python3.9/site-packages/airflow/example_dags/example_xcomargs.py
[2024-12-21T11:54:55.537+0530] {processor.py:914} INFO - Processing file /Users/jayesh/Desktop/Personal Work/Movie_data_pipeline/.venv/lib/python3.9/site-packages/airflow/example_dags/example_xcomargs.py for tasks to queue
[2024-12-21T11:54:55.540+0530] {logging_mixin.py:190} INFO - [2024-12-21T11:54:55.539+0530] {dagbag.py:588} INFO - Filling up the DagBag from /Users/jayesh/Desktop/Personal Work/Movie_data_pipeline/.venv/lib/python3.9/site-packages/airflow/example_dags/example_xcomargs.py
[2024-12-21T11:54:55.598+0530] {processor.py:925} INFO - DAG(s) 'example_xcom_args_with_operators', 'example_xcom_args' retrieved from /Users/jayesh/Desktop/Personal Work/Movie_data_pipeline/.venv/lib/python3.9/site-packages/airflow/example_dags/example_xcomargs.py
[2024-12-21T11:54:56.010+0530] {logging_mixin.py:190} INFO - [2024-12-21T11:54:56.010+0530] {dag.py:3239} INFO - Sync 2 DAGs
[2024-12-21T11:54:56.033+0530] {logging_mixin.py:190} INFO - [2024-12-21T11:54:56.033+0530] {dag.py:4180} INFO - Setting next_dagrun for example_xcom_args to None, run_after=None
[2024-12-21T11:54:56.040+0530] {logging_mixin.py:190} INFO - [2024-12-21T11:54:56.040+0530] {dag.py:4180} INFO - Setting next_dagrun for example_xcom_args_with_operators to None, run_after=None
[2024-12-21T11:54:56.067+0530] {processor.py:208} INFO - Processing /Users/jayesh/Desktop/Personal Work/Movie_data_pipeline/.venv/lib/python3.9/site-packages/airflow/example_dags/example_xcomargs.py took 0.539 seconds
[2024-12-21T11:57:00.484+0530] {processor.py:186} INFO - Started process (PID=7019) to work on /Users/jayesh/Desktop/Personal Work/Movie_data_pipeline/.venv/lib/python3.9/site-packages/airflow/example_dags/example_xcomargs.py
[2024-12-21T11:57:00.486+0530] {processor.py:914} INFO - Processing file /Users/jayesh/Desktop/Personal Work/Movie_data_pipeline/.venv/lib/python3.9/site-packages/airflow/example_dags/example_xcomargs.py for tasks to queue
[2024-12-21T11:57:00.489+0530] {logging_mixin.py:190} INFO - [2024-12-21T11:57:00.488+0530] {dagbag.py:588} INFO - Filling up the DagBag from /Users/jayesh/Desktop/Personal Work/Movie_data_pipeline/.venv/lib/python3.9/site-packages/airflow/example_dags/example_xcomargs.py
[2024-12-21T11:57:00.543+0530] {processor.py:925} INFO - DAG(s) 'example_xcom_args', 'example_xcom_args_with_operators' retrieved from /Users/jayesh/Desktop/Personal Work/Movie_data_pipeline/.venv/lib/python3.9/site-packages/airflow/example_dags/example_xcomargs.py
[2024-12-21T11:57:00.779+0530] {logging_mixin.py:190} INFO - [2024-12-21T11:57:00.779+0530] {dag.py:3239} INFO - Sync 2 DAGs
[2024-12-21T11:57:00.800+0530] {logging_mixin.py:190} INFO - [2024-12-21T11:57:00.800+0530] {dag.py:4180} INFO - Setting next_dagrun for example_xcom_args to None, run_after=None
[2024-12-21T11:57:00.805+0530] {logging_mixin.py:190} INFO - [2024-12-21T11:57:00.805+0530] {dag.py:4180} INFO - Setting next_dagrun for example_xcom_args_with_operators to None, run_after=None
[2024-12-21T11:57:00.871+0530] {processor.py:208} INFO - Processing /Users/jayesh/Desktop/Personal Work/Movie_data_pipeline/.venv/lib/python3.9/site-packages/airflow/example_dags/example_xcomargs.py took 0.393 seconds
[2024-12-21T11:58:36.724+0530] {processor.py:186} INFO - Started process (PID=7369) to work on /Users/jayesh/Desktop/Personal Work/Movie_data_pipeline/.venv/lib/python3.9/site-packages/airflow/example_dags/example_xcomargs.py
[2024-12-21T11:58:36.727+0530] {processor.py:914} INFO - Processing file /Users/jayesh/Desktop/Personal Work/Movie_data_pipeline/.venv/lib/python3.9/site-packages/airflow/example_dags/example_xcomargs.py for tasks to queue
[2024-12-21T11:58:36.728+0530] {logging_mixin.py:190} INFO - [2024-12-21T11:58:36.728+0530] {dagbag.py:588} INFO - Filling up the DagBag from /Users/jayesh/Desktop/Personal Work/Movie_data_pipeline/.venv/lib/python3.9/site-packages/airflow/example_dags/example_xcomargs.py
[2024-12-21T11:58:36.783+0530] {processor.py:925} INFO - DAG(s) 'example_xcom_args_with_operators', 'example_xcom_args' retrieved from /Users/jayesh/Desktop/Personal Work/Movie_data_pipeline/.venv/lib/python3.9/site-packages/airflow/example_dags/example_xcomargs.py
[2024-12-21T11:58:37.093+0530] {logging_mixin.py:190} INFO - [2024-12-21T11:58:37.091+0530] {dag.py:3239} INFO - Sync 2 DAGs
[2024-12-21T11:58:37.122+0530] {logging_mixin.py:190} INFO - [2024-12-21T11:58:37.122+0530] {dag.py:4180} INFO - Setting next_dagrun for example_xcom_args to None, run_after=None
[2024-12-21T11:58:37.129+0530] {logging_mixin.py:190} INFO - [2024-12-21T11:58:37.129+0530] {dag.py:4180} INFO - Setting next_dagrun for example_xcom_args_with_operators to None, run_after=None
[2024-12-21T11:58:37.163+0530] {processor.py:208} INFO - Processing /Users/jayesh/Desktop/Personal Work/Movie_data_pipeline/.venv/lib/python3.9/site-packages/airflow/example_dags/example_xcomargs.py took 0.444 seconds
[2024-12-21T12:00:18.723+0530] {processor.py:186} INFO - Started process (PID=7733) to work on /Users/jayesh/Desktop/Personal Work/Movie_data_pipeline/.venv/lib/python3.9/site-packages/airflow/example_dags/example_xcomargs.py
[2024-12-21T12:00:18.728+0530] {processor.py:914} INFO - Processing file /Users/jayesh/Desktop/Personal Work/Movie_data_pipeline/.venv/lib/python3.9/site-packages/airflow/example_dags/example_xcomargs.py for tasks to queue
[2024-12-21T12:00:18.730+0530] {logging_mixin.py:190} INFO - [2024-12-21T12:00:18.730+0530] {dagbag.py:588} INFO - Filling up the DagBag from /Users/jayesh/Desktop/Personal Work/Movie_data_pipeline/.venv/lib/python3.9/site-packages/airflow/example_dags/example_xcomargs.py
[2024-12-21T12:00:18.815+0530] {processor.py:925} INFO - DAG(s) 'example_xcom_args_with_operators', 'example_xcom_args' retrieved from /Users/jayesh/Desktop/Personal Work/Movie_data_pipeline/.venv/lib/python3.9/site-packages/airflow/example_dags/example_xcomargs.py
[2024-12-21T12:00:19.123+0530] {logging_mixin.py:190} INFO - [2024-12-21T12:00:19.123+0530] {dag.py:3239} INFO - Sync 2 DAGs
[2024-12-21T12:00:19.198+0530] {logging_mixin.py:190} INFO - [2024-12-21T12:00:19.197+0530] {dag.py:4180} INFO - Setting next_dagrun for example_xcom_args to None, run_after=None
[2024-12-21T12:00:19.223+0530] {logging_mixin.py:190} INFO - [2024-12-21T12:00:19.222+0530] {dag.py:4180} INFO - Setting next_dagrun for example_xcom_args_with_operators to None, run_after=None
[2024-12-21T12:00:19.258+0530] {processor.py:208} INFO - Processing /Users/jayesh/Desktop/Personal Work/Movie_data_pipeline/.venv/lib/python3.9/site-packages/airflow/example_dags/example_xcomargs.py took 0.542 seconds
[2024-12-21T12:01:54.043+0530] {processor.py:186} INFO - Started process (PID=8073) to work on /Users/jayesh/Desktop/Personal Work/Movie_data_pipeline/.venv/lib/python3.9/site-packages/airflow/example_dags/example_xcomargs.py
[2024-12-21T12:01:54.047+0530] {processor.py:914} INFO - Processing file /Users/jayesh/Desktop/Personal Work/Movie_data_pipeline/.venv/lib/python3.9/site-packages/airflow/example_dags/example_xcomargs.py for tasks to queue
[2024-12-21T12:01:54.051+0530] {logging_mixin.py:190} INFO - [2024-12-21T12:01:54.050+0530] {dagbag.py:588} INFO - Filling up the DagBag from /Users/jayesh/Desktop/Personal Work/Movie_data_pipeline/.venv/lib/python3.9/site-packages/airflow/example_dags/example_xcomargs.py
[2024-12-21T12:01:54.140+0530] {processor.py:925} INFO - DAG(s) 'example_xcom_args_with_operators', 'example_xcom_args' retrieved from /Users/jayesh/Desktop/Personal Work/Movie_data_pipeline/.venv/lib/python3.9/site-packages/airflow/example_dags/example_xcomargs.py
[2024-12-21T12:01:54.443+0530] {logging_mixin.py:190} INFO - [2024-12-21T12:01:54.442+0530] {dag.py:3239} INFO - Sync 2 DAGs
[2024-12-21T12:01:54.477+0530] {logging_mixin.py:190} INFO - [2024-12-21T12:01:54.477+0530] {dag.py:4180} INFO - Setting next_dagrun for example_xcom_args to None, run_after=None
[2024-12-21T12:01:54.485+0530] {logging_mixin.py:190} INFO - [2024-12-21T12:01:54.485+0530] {dag.py:4180} INFO - Setting next_dagrun for example_xcom_args_with_operators to None, run_after=None
[2024-12-21T12:01:54.522+0530] {processor.py:208} INFO - Processing /Users/jayesh/Desktop/Personal Work/Movie_data_pipeline/.venv/lib/python3.9/site-packages/airflow/example_dags/example_xcomargs.py took 0.485 seconds
[2024-12-21T12:03:39.386+0530] {processor.py:186} INFO - Started process (PID=8437) to work on /Users/jayesh/Desktop/Personal Work/Movie_data_pipeline/.venv/lib/python3.9/site-packages/airflow/example_dags/example_xcomargs.py
[2024-12-21T12:03:39.388+0530] {processor.py:914} INFO - Processing file /Users/jayesh/Desktop/Personal Work/Movie_data_pipeline/.venv/lib/python3.9/site-packages/airflow/example_dags/example_xcomargs.py for tasks to queue
[2024-12-21T12:03:39.392+0530] {logging_mixin.py:190} INFO - [2024-12-21T12:03:39.391+0530] {dagbag.py:588} INFO - Filling up the DagBag from /Users/jayesh/Desktop/Personal Work/Movie_data_pipeline/.venv/lib/python3.9/site-packages/airflow/example_dags/example_xcomargs.py
[2024-12-21T12:03:39.468+0530] {processor.py:925} INFO - DAG(s) 'example_xcom_args', 'example_xcom_args_with_operators' retrieved from /Users/jayesh/Desktop/Personal Work/Movie_data_pipeline/.venv/lib/python3.9/site-packages/airflow/example_dags/example_xcomargs.py
[2024-12-21T12:03:40.035+0530] {logging_mixin.py:190} INFO - [2024-12-21T12:03:40.034+0530] {dag.py:3239} INFO - Sync 2 DAGs
[2024-12-21T12:03:40.056+0530] {logging_mixin.py:190} INFO - [2024-12-21T12:03:40.055+0530] {dag.py:4180} INFO - Setting next_dagrun for example_xcom_args to None, run_after=None
[2024-12-21T12:03:40.062+0530] {logging_mixin.py:190} INFO - [2024-12-21T12:03:40.062+0530] {dag.py:4180} INFO - Setting next_dagrun for example_xcom_args_with_operators to None, run_after=None
[2024-12-21T12:03:40.085+0530] {processor.py:208} INFO - Processing /Users/jayesh/Desktop/Personal Work/Movie_data_pipeline/.venv/lib/python3.9/site-packages/airflow/example_dags/example_xcomargs.py took 0.707 seconds
[2024-12-21T12:05:31.034+0530] {processor.py:186} INFO - Started process (PID=8821) to work on /Users/jayesh/Desktop/Personal Work/Movie_data_pipeline/.venv/lib/python3.9/site-packages/airflow/example_dags/example_xcomargs.py
[2024-12-21T12:05:31.036+0530] {processor.py:914} INFO - Processing file /Users/jayesh/Desktop/Personal Work/Movie_data_pipeline/.venv/lib/python3.9/site-packages/airflow/example_dags/example_xcomargs.py for tasks to queue
[2024-12-21T12:05:31.038+0530] {logging_mixin.py:190} INFO - [2024-12-21T12:05:31.038+0530] {dagbag.py:588} INFO - Filling up the DagBag from /Users/jayesh/Desktop/Personal Work/Movie_data_pipeline/.venv/lib/python3.9/site-packages/airflow/example_dags/example_xcomargs.py
[2024-12-21T12:05:31.094+0530] {processor.py:925} INFO - DAG(s) 'example_xcom_args_with_operators', 'example_xcom_args' retrieved from /Users/jayesh/Desktop/Personal Work/Movie_data_pipeline/.venv/lib/python3.9/site-packages/airflow/example_dags/example_xcomargs.py
[2024-12-21T12:05:31.320+0530] {logging_mixin.py:190} INFO - [2024-12-21T12:05:31.319+0530] {dag.py:3239} INFO - Sync 2 DAGs
[2024-12-21T12:05:31.342+0530] {logging_mixin.py:190} INFO - [2024-12-21T12:05:31.342+0530] {dag.py:4180} INFO - Setting next_dagrun for example_xcom_args to None, run_after=None
[2024-12-21T12:05:31.350+0530] {logging_mixin.py:190} INFO - [2024-12-21T12:05:31.350+0530] {dag.py:4180} INFO - Setting next_dagrun for example_xcom_args_with_operators to None, run_after=None
[2024-12-21T12:05:31.381+0530] {processor.py:208} INFO - Processing /Users/jayesh/Desktop/Personal Work/Movie_data_pipeline/.venv/lib/python3.9/site-packages/airflow/example_dags/example_xcomargs.py took 0.352 seconds
[2024-12-21T22:32:11.888+0530] {processor.py:186} INFO - Started process (PID=15895) to work on /Users/jayesh/Desktop/Personal Work/Movie_data_pipeline/.venv/lib/python3.9/site-packages/airflow/example_dags/example_xcomargs.py
[2024-12-21T22:32:11.893+0530] {processor.py:914} INFO - Processing file /Users/jayesh/Desktop/Personal Work/Movie_data_pipeline/.venv/lib/python3.9/site-packages/airflow/example_dags/example_xcomargs.py for tasks to queue
[2024-12-21T22:32:11.901+0530] {logging_mixin.py:190} INFO - [2024-12-21T22:32:11.900+0530] {dagbag.py:588} INFO - Filling up the DagBag from /Users/jayesh/Desktop/Personal Work/Movie_data_pipeline/.venv/lib/python3.9/site-packages/airflow/example_dags/example_xcomargs.py
[2024-12-21T22:32:11.940+0530] {processor.py:925} INFO - DAG(s) 'example_xcom_args', 'example_xcom_args_with_operators' retrieved from /Users/jayesh/Desktop/Personal Work/Movie_data_pipeline/.venv/lib/python3.9/site-packages/airflow/example_dags/example_xcomargs.py
[2024-12-21T22:32:12.166+0530] {logging_mixin.py:190} INFO - [2024-12-21T22:32:12.165+0530] {dag.py:3239} INFO - Sync 2 DAGs
[2024-12-21T22:32:12.222+0530] {logging_mixin.py:190} INFO - [2024-12-21T22:32:12.222+0530] {dag.py:4180} INFO - Setting next_dagrun for example_xcom_args to None, run_after=None
[2024-12-21T22:32:12.265+0530] {logging_mixin.py:190} INFO - [2024-12-21T22:32:12.259+0530] {dag.py:4180} INFO - Setting next_dagrun for example_xcom_args_with_operators to None, run_after=None
[2024-12-21T22:32:12.457+0530] {processor.py:208} INFO - Processing /Users/jayesh/Desktop/Personal Work/Movie_data_pipeline/.venv/lib/python3.9/site-packages/airflow/example_dags/example_xcomargs.py took 0.589 seconds
[2024-12-21T22:32:44.299+0530] {processor.py:186} INFO - Started process (PID=16139) to work on /Users/jayesh/Desktop/Personal Work/Movie_data_pipeline/.venv/lib/python3.9/site-packages/airflow/example_dags/example_xcomargs.py
[2024-12-21T22:32:44.303+0530] {processor.py:914} INFO - Processing file /Users/jayesh/Desktop/Personal Work/Movie_data_pipeline/.venv/lib/python3.9/site-packages/airflow/example_dags/example_xcomargs.py for tasks to queue
[2024-12-21T22:32:44.313+0530] {logging_mixin.py:190} INFO - [2024-12-21T22:32:44.312+0530] {dagbag.py:588} INFO - Filling up the DagBag from /Users/jayesh/Desktop/Personal Work/Movie_data_pipeline/.venv/lib/python3.9/site-packages/airflow/example_dags/example_xcomargs.py
[2024-12-21T22:32:44.351+0530] {processor.py:925} INFO - DAG(s) 'example_xcom_args', 'example_xcom_args_with_operators' retrieved from /Users/jayesh/Desktop/Personal Work/Movie_data_pipeline/.venv/lib/python3.9/site-packages/airflow/example_dags/example_xcomargs.py
[2024-12-21T22:32:44.547+0530] {logging_mixin.py:190} INFO - [2024-12-21T22:32:44.545+0530] {dag.py:3239} INFO - Sync 2 DAGs
[2024-12-21T22:32:44.610+0530] {logging_mixin.py:190} INFO - [2024-12-21T22:32:44.609+0530] {dag.py:4180} INFO - Setting next_dagrun for example_xcom_args to None, run_after=None
[2024-12-21T22:32:44.630+0530] {logging_mixin.py:190} INFO - [2024-12-21T22:32:44.629+0530] {dag.py:4180} INFO - Setting next_dagrun for example_xcom_args_with_operators to None, run_after=None
[2024-12-21T22:32:44.787+0530] {processor.py:208} INFO - Processing /Users/jayesh/Desktop/Personal Work/Movie_data_pipeline/.venv/lib/python3.9/site-packages/airflow/example_dags/example_xcomargs.py took 0.511 seconds
[2024-12-21T22:33:15.313+0530] {processor.py:186} INFO - Started process (PID=16351) to work on /Users/jayesh/Desktop/Personal Work/Movie_data_pipeline/.venv/lib/python3.9/site-packages/airflow/example_dags/example_xcomargs.py
[2024-12-21T22:33:15.319+0530] {processor.py:914} INFO - Processing file /Users/jayesh/Desktop/Personal Work/Movie_data_pipeline/.venv/lib/python3.9/site-packages/airflow/example_dags/example_xcomargs.py for tasks to queue
[2024-12-21T22:33:15.328+0530] {logging_mixin.py:190} INFO - [2024-12-21T22:33:15.327+0530] {dagbag.py:588} INFO - Filling up the DagBag from /Users/jayesh/Desktop/Personal Work/Movie_data_pipeline/.venv/lib/python3.9/site-packages/airflow/example_dags/example_xcomargs.py
[2024-12-21T22:33:15.359+0530] {processor.py:925} INFO - DAG(s) 'example_xcom_args', 'example_xcom_args_with_operators' retrieved from /Users/jayesh/Desktop/Personal Work/Movie_data_pipeline/.venv/lib/python3.9/site-packages/airflow/example_dags/example_xcomargs.py
[2024-12-21T22:33:15.511+0530] {logging_mixin.py:190} INFO - [2024-12-21T22:33:15.510+0530] {dag.py:3239} INFO - Sync 2 DAGs
[2024-12-21T22:33:15.552+0530] {logging_mixin.py:190} INFO - [2024-12-21T22:33:15.551+0530] {dag.py:4180} INFO - Setting next_dagrun for example_xcom_args to None, run_after=None
[2024-12-21T22:33:15.560+0530] {logging_mixin.py:190} INFO - [2024-12-21T22:33:15.559+0530] {dag.py:4180} INFO - Setting next_dagrun for example_xcom_args_with_operators to None, run_after=None
[2024-12-21T22:33:15.596+0530] {processor.py:208} INFO - Processing /Users/jayesh/Desktop/Personal Work/Movie_data_pipeline/.venv/lib/python3.9/site-packages/airflow/example_dags/example_xcomargs.py took 0.310 seconds
[2024-12-21T22:33:46.065+0530] {processor.py:186} INFO - Started process (PID=16552) to work on /Users/jayesh/Desktop/Personal Work/Movie_data_pipeline/.venv/lib/python3.9/site-packages/airflow/example_dags/example_xcomargs.py
[2024-12-21T22:33:46.068+0530] {processor.py:914} INFO - Processing file /Users/jayesh/Desktop/Personal Work/Movie_data_pipeline/.venv/lib/python3.9/site-packages/airflow/example_dags/example_xcomargs.py for tasks to queue
[2024-12-21T22:33:46.073+0530] {logging_mixin.py:190} INFO - [2024-12-21T22:33:46.072+0530] {dagbag.py:588} INFO - Filling up the DagBag from /Users/jayesh/Desktop/Personal Work/Movie_data_pipeline/.venv/lib/python3.9/site-packages/airflow/example_dags/example_xcomargs.py
[2024-12-21T22:33:46.096+0530] {processor.py:925} INFO - DAG(s) 'example_xcom_args', 'example_xcom_args_with_operators' retrieved from /Users/jayesh/Desktop/Personal Work/Movie_data_pipeline/.venv/lib/python3.9/site-packages/airflow/example_dags/example_xcomargs.py
[2024-12-21T22:33:46.203+0530] {logging_mixin.py:190} INFO - [2024-12-21T22:33:46.203+0530] {dag.py:3239} INFO - Sync 2 DAGs
[2024-12-21T22:33:46.245+0530] {logging_mixin.py:190} INFO - [2024-12-21T22:33:46.244+0530] {dag.py:4180} INFO - Setting next_dagrun for example_xcom_args to None, run_after=None
[2024-12-21T22:33:46.253+0530] {logging_mixin.py:190} INFO - [2024-12-21T22:33:46.252+0530] {dag.py:4180} INFO - Setting next_dagrun for example_xcom_args_with_operators to None, run_after=None
[2024-12-21T22:33:46.337+0530] {processor.py:208} INFO - Processing /Users/jayesh/Desktop/Personal Work/Movie_data_pipeline/.venv/lib/python3.9/site-packages/airflow/example_dags/example_xcomargs.py took 0.288 seconds
[2024-12-21T23:52:52.626+0530] {processor.py:186} INFO - Started process (PID=18012) to work on /Users/jayesh/Desktop/Personal Work/Movie_data_pipeline/.venv/lib/python3.9/site-packages/airflow/example_dags/example_xcomargs.py
[2024-12-21T23:52:52.630+0530] {processor.py:914} INFO - Processing file /Users/jayesh/Desktop/Personal Work/Movie_data_pipeline/.venv/lib/python3.9/site-packages/airflow/example_dags/example_xcomargs.py for tasks to queue
[2024-12-21T23:52:52.641+0530] {logging_mixin.py:190} INFO - [2024-12-21T23:52:52.639+0530] {dagbag.py:588} INFO - Filling up the DagBag from /Users/jayesh/Desktop/Personal Work/Movie_data_pipeline/.venv/lib/python3.9/site-packages/airflow/example_dags/example_xcomargs.py
[2024-12-21T23:52:52.686+0530] {processor.py:925} INFO - DAG(s) 'example_xcom_args_with_operators', 'example_xcom_args' retrieved from /Users/jayesh/Desktop/Personal Work/Movie_data_pipeline/.venv/lib/python3.9/site-packages/airflow/example_dags/example_xcomargs.py
[2024-12-21T23:52:52.856+0530] {logging_mixin.py:190} INFO - [2024-12-21T23:52:52.855+0530] {dag.py:3239} INFO - Sync 2 DAGs
[2024-12-21T23:52:52.901+0530] {logging_mixin.py:190} INFO - [2024-12-21T23:52:52.900+0530] {dag.py:4180} INFO - Setting next_dagrun for example_xcom_args to None, run_after=None
[2024-12-21T23:52:52.928+0530] {logging_mixin.py:190} INFO - [2024-12-21T23:52:52.927+0530] {dag.py:4180} INFO - Setting next_dagrun for example_xcom_args_with_operators to None, run_after=None
[2024-12-21T23:52:53.015+0530] {processor.py:208} INFO - Processing /Users/jayesh/Desktop/Personal Work/Movie_data_pipeline/.venv/lib/python3.9/site-packages/airflow/example_dags/example_xcomargs.py took 0.419 seconds
[2024-12-21T23:53:23.797+0530] {processor.py:186} INFO - Started process (PID=18249) to work on /Users/jayesh/Desktop/Personal Work/Movie_data_pipeline/.venv/lib/python3.9/site-packages/airflow/example_dags/example_xcomargs.py
[2024-12-21T23:53:23.806+0530] {processor.py:914} INFO - Processing file /Users/jayesh/Desktop/Personal Work/Movie_data_pipeline/.venv/lib/python3.9/site-packages/airflow/example_dags/example_xcomargs.py for tasks to queue
[2024-12-21T23:53:23.814+0530] {logging_mixin.py:190} INFO - [2024-12-21T23:53:23.813+0530] {dagbag.py:588} INFO - Filling up the DagBag from /Users/jayesh/Desktop/Personal Work/Movie_data_pipeline/.venv/lib/python3.9/site-packages/airflow/example_dags/example_xcomargs.py
[2024-12-21T23:53:23.847+0530] {processor.py:925} INFO - DAG(s) 'example_xcom_args', 'example_xcom_args_with_operators' retrieved from /Users/jayesh/Desktop/Personal Work/Movie_data_pipeline/.venv/lib/python3.9/site-packages/airflow/example_dags/example_xcomargs.py
[2024-12-21T23:53:23.953+0530] {logging_mixin.py:190} INFO - [2024-12-21T23:53:23.952+0530] {dag.py:3239} INFO - Sync 2 DAGs
[2024-12-21T23:53:23.983+0530] {logging_mixin.py:190} INFO - [2024-12-21T23:53:23.982+0530] {dag.py:4180} INFO - Setting next_dagrun for example_xcom_args to None, run_after=None
[2024-12-21T23:53:23.989+0530] {logging_mixin.py:190} INFO - [2024-12-21T23:53:23.988+0530] {dag.py:4180} INFO - Setting next_dagrun for example_xcom_args_with_operators to None, run_after=None
[2024-12-21T23:53:24.046+0530] {processor.py:208} INFO - Processing /Users/jayesh/Desktop/Personal Work/Movie_data_pipeline/.venv/lib/python3.9/site-packages/airflow/example_dags/example_xcomargs.py took 0.274 seconds
