[2024-12-21T10:23:52.926+0530] {processor.py:186} INFO - Started process (PID=2321) to work on /Users/jayesh/Desktop/Personal Work/Movie_data_pipeline/.venv/lib/python3.9/site-packages/airflow/example_dags/example_setup_teardown.py
[2024-12-21T10:23:52.927+0530] {processor.py:914} INFO - Processing file /Users/jayesh/Desktop/Personal Work/Movie_data_pipeline/.venv/lib/python3.9/site-packages/airflow/example_dags/example_setup_teardown.py for tasks to queue
[2024-12-21T10:23:52.929+0530] {logging_mixin.py:190} INFO - [2024-12-21T10:23:52.929+0530] {dagbag.py:588} INFO - Filling up the DagBag from /Users/jayesh/Desktop/Personal Work/Movie_data_pipeline/.venv/lib/python3.9/site-packages/airflow/example_dags/example_setup_teardown.py
[2024-12-21T10:23:52.942+0530] {processor.py:925} INFO - DAG(s) 'example_setup_teardown' retrieved from /Users/jayesh/Desktop/Personal Work/Movie_data_pipeline/.venv/lib/python3.9/site-packages/airflow/example_dags/example_setup_teardown.py
[2024-12-21T10:23:53.208+0530] {logging_mixin.py:190} INFO - [2024-12-21T10:23:53.207+0530] {dag.py:3239} INFO - Sync 1 DAGs
[2024-12-21T10:23:53.239+0530] {logging_mixin.py:190} INFO - [2024-12-21T10:23:53.238+0530] {dag.py:4180} INFO - Setting next_dagrun for example_setup_teardown to None, run_after=None
[2024-12-21T10:23:53.278+0530] {processor.py:208} INFO - Processing /Users/jayesh/Desktop/Personal Work/Movie_data_pipeline/.venv/lib/python3.9/site-packages/airflow/example_dags/example_setup_teardown.py took 0.357 seconds
[2024-12-21T10:26:08.588+0530] {processor.py:186} INFO - Started process (PID=2639) to work on /Users/jayesh/Desktop/Personal Work/Movie_data_pipeline/.venv/lib/python3.9/site-packages/airflow/example_dags/example_setup_teardown.py
[2024-12-21T10:26:08.589+0530] {processor.py:914} INFO - Processing file /Users/jayesh/Desktop/Personal Work/Movie_data_pipeline/.venv/lib/python3.9/site-packages/airflow/example_dags/example_setup_teardown.py for tasks to queue
[2024-12-21T10:26:08.591+0530] {logging_mixin.py:190} INFO - [2024-12-21T10:26:08.590+0530] {dagbag.py:588} INFO - Filling up the DagBag from /Users/jayesh/Desktop/Personal Work/Movie_data_pipeline/.venv/lib/python3.9/site-packages/airflow/example_dags/example_setup_teardown.py
[2024-12-21T10:26:08.605+0530] {processor.py:925} INFO - DAG(s) 'example_setup_teardown' retrieved from /Users/jayesh/Desktop/Personal Work/Movie_data_pipeline/.venv/lib/python3.9/site-packages/airflow/example_dags/example_setup_teardown.py
[2024-12-21T10:26:08.844+0530] {logging_mixin.py:190} INFO - [2024-12-21T10:26:08.844+0530] {dag.py:3239} INFO - Sync 1 DAGs
[2024-12-21T10:26:08.865+0530] {logging_mixin.py:190} INFO - [2024-12-21T10:26:08.865+0530] {dag.py:4180} INFO - Setting next_dagrun for example_setup_teardown to None, run_after=None
[2024-12-21T10:26:08.897+0530] {processor.py:208} INFO - Processing /Users/jayesh/Desktop/Personal Work/Movie_data_pipeline/.venv/lib/python3.9/site-packages/airflow/example_dags/example_setup_teardown.py took 0.315 seconds
[2024-12-21T10:28:41.653+0530] {processor.py:186} INFO - Started process (PID=3061) to work on /Users/jayesh/Desktop/Personal Work/Movie_data_pipeline/.venv/lib/python3.9/site-packages/airflow/example_dags/example_setup_teardown.py
[2024-12-21T10:28:41.654+0530] {processor.py:914} INFO - Processing file /Users/jayesh/Desktop/Personal Work/Movie_data_pipeline/.venv/lib/python3.9/site-packages/airflow/example_dags/example_setup_teardown.py for tasks to queue
[2024-12-21T10:28:41.656+0530] {logging_mixin.py:190} INFO - [2024-12-21T10:28:41.656+0530] {dagbag.py:588} INFO - Filling up the DagBag from /Users/jayesh/Desktop/Personal Work/Movie_data_pipeline/.venv/lib/python3.9/site-packages/airflow/example_dags/example_setup_teardown.py
[2024-12-21T10:28:41.677+0530] {processor.py:925} INFO - DAG(s) 'example_setup_teardown' retrieved from /Users/jayesh/Desktop/Personal Work/Movie_data_pipeline/.venv/lib/python3.9/site-packages/airflow/example_dags/example_setup_teardown.py
[2024-12-21T10:28:41.919+0530] {logging_mixin.py:190} INFO - [2024-12-21T10:28:41.919+0530] {dag.py:3239} INFO - Sync 1 DAGs
[2024-12-21T10:28:41.942+0530] {logging_mixin.py:190} INFO - [2024-12-21T10:28:41.941+0530] {dag.py:4180} INFO - Setting next_dagrun for example_setup_teardown to None, run_after=None
[2024-12-21T10:28:41.970+0530] {processor.py:208} INFO - Processing /Users/jayesh/Desktop/Personal Work/Movie_data_pipeline/.venv/lib/python3.9/site-packages/airflow/example_dags/example_setup_teardown.py took 0.323 seconds
[2024-12-21T10:48:18.299+0530] {processor.py:186} INFO - Started process (PID=4174) to work on /Users/jayesh/Desktop/Personal Work/Movie_data_pipeline/.venv/lib/python3.9/site-packages/airflow/example_dags/example_setup_teardown.py
[2024-12-21T10:48:18.302+0530] {processor.py:914} INFO - Processing file /Users/jayesh/Desktop/Personal Work/Movie_data_pipeline/.venv/lib/python3.9/site-packages/airflow/example_dags/example_setup_teardown.py for tasks to queue
[2024-12-21T10:48:18.305+0530] {logging_mixin.py:190} INFO - [2024-12-21T10:48:18.304+0530] {dagbag.py:588} INFO - Filling up the DagBag from /Users/jayesh/Desktop/Personal Work/Movie_data_pipeline/.venv/lib/python3.9/site-packages/airflow/example_dags/example_setup_teardown.py
[2024-12-21T10:48:18.320+0530] {processor.py:925} INFO - DAG(s) 'example_setup_teardown' retrieved from /Users/jayesh/Desktop/Personal Work/Movie_data_pipeline/.venv/lib/python3.9/site-packages/airflow/example_dags/example_setup_teardown.py
[2024-12-21T10:48:18.558+0530] {logging_mixin.py:190} INFO - [2024-12-21T10:48:18.558+0530] {dag.py:3239} INFO - Sync 1 DAGs
[2024-12-21T10:48:18.592+0530] {logging_mixin.py:190} INFO - [2024-12-21T10:48:18.591+0530] {dag.py:4180} INFO - Setting next_dagrun for example_setup_teardown to None, run_after=None
[2024-12-21T10:48:18.638+0530] {processor.py:208} INFO - Processing /Users/jayesh/Desktop/Personal Work/Movie_data_pipeline/.venv/lib/python3.9/site-packages/airflow/example_dags/example_setup_teardown.py took 0.346 seconds
[2024-12-21T10:50:37.385+0530] {processor.py:186} INFO - Started process (PID=4623) to work on /Users/jayesh/Desktop/Personal Work/Movie_data_pipeline/.venv/lib/python3.9/site-packages/airflow/example_dags/example_setup_teardown.py
[2024-12-21T10:50:37.387+0530] {processor.py:914} INFO - Processing file /Users/jayesh/Desktop/Personal Work/Movie_data_pipeline/.venv/lib/python3.9/site-packages/airflow/example_dags/example_setup_teardown.py for tasks to queue
[2024-12-21T10:50:37.390+0530] {logging_mixin.py:190} INFO - [2024-12-21T10:50:37.389+0530] {dagbag.py:588} INFO - Filling up the DagBag from /Users/jayesh/Desktop/Personal Work/Movie_data_pipeline/.venv/lib/python3.9/site-packages/airflow/example_dags/example_setup_teardown.py
[2024-12-21T10:50:37.411+0530] {processor.py:925} INFO - DAG(s) 'example_setup_teardown' retrieved from /Users/jayesh/Desktop/Personal Work/Movie_data_pipeline/.venv/lib/python3.9/site-packages/airflow/example_dags/example_setup_teardown.py
[2024-12-21T10:50:37.788+0530] {logging_mixin.py:190} INFO - [2024-12-21T10:50:37.788+0530] {dag.py:3239} INFO - Sync 1 DAGs
[2024-12-21T10:50:37.809+0530] {logging_mixin.py:190} INFO - [2024-12-21T10:50:37.808+0530] {dag.py:4180} INFO - Setting next_dagrun for example_setup_teardown to None, run_after=None
[2024-12-21T10:50:37.844+0530] {processor.py:208} INFO - Processing /Users/jayesh/Desktop/Personal Work/Movie_data_pipeline/.venv/lib/python3.9/site-packages/airflow/example_dags/example_setup_teardown.py took 0.467 seconds
[2024-12-21T10:52:22.397+0530] {processor.py:186} INFO - Started process (PID=4992) to work on /Users/jayesh/Desktop/Personal Work/Movie_data_pipeline/.venv/lib/python3.9/site-packages/airflow/example_dags/example_setup_teardown.py
[2024-12-21T10:52:22.400+0530] {processor.py:914} INFO - Processing file /Users/jayesh/Desktop/Personal Work/Movie_data_pipeline/.venv/lib/python3.9/site-packages/airflow/example_dags/example_setup_teardown.py for tasks to queue
[2024-12-21T10:52:22.408+0530] {logging_mixin.py:190} INFO - [2024-12-21T10:52:22.407+0530] {dagbag.py:588} INFO - Filling up the DagBag from /Users/jayesh/Desktop/Personal Work/Movie_data_pipeline/.venv/lib/python3.9/site-packages/airflow/example_dags/example_setup_teardown.py
[2024-12-21T10:52:22.447+0530] {processor.py:925} INFO - DAG(s) 'example_setup_teardown' retrieved from /Users/jayesh/Desktop/Personal Work/Movie_data_pipeline/.venv/lib/python3.9/site-packages/airflow/example_dags/example_setup_teardown.py
[2024-12-21T10:52:22.942+0530] {logging_mixin.py:190} INFO - [2024-12-21T10:52:22.941+0530] {dag.py:3239} INFO - Sync 1 DAGs
[2024-12-21T10:52:23.030+0530] {logging_mixin.py:190} INFO - [2024-12-21T10:52:23.028+0530] {dag.py:4180} INFO - Setting next_dagrun for example_setup_teardown to None, run_after=None
[2024-12-21T10:52:23.107+0530] {processor.py:208} INFO - Processing /Users/jayesh/Desktop/Personal Work/Movie_data_pipeline/.venv/lib/python3.9/site-packages/airflow/example_dags/example_setup_teardown.py took 0.748 seconds
[2024-12-21T11:55:26.035+0530] {processor.py:186} INFO - Started process (PID=6674) to work on /Users/jayesh/Desktop/Personal Work/Movie_data_pipeline/.venv/lib/python3.9/site-packages/airflow/example_dags/example_setup_teardown.py
[2024-12-21T11:55:26.037+0530] {processor.py:914} INFO - Processing file /Users/jayesh/Desktop/Personal Work/Movie_data_pipeline/.venv/lib/python3.9/site-packages/airflow/example_dags/example_setup_teardown.py for tasks to queue
[2024-12-21T11:55:26.040+0530] {logging_mixin.py:190} INFO - [2024-12-21T11:55:26.040+0530] {dagbag.py:588} INFO - Filling up the DagBag from /Users/jayesh/Desktop/Personal Work/Movie_data_pipeline/.venv/lib/python3.9/site-packages/airflow/example_dags/example_setup_teardown.py
[2024-12-21T11:55:26.060+0530] {processor.py:925} INFO - DAG(s) 'example_setup_teardown' retrieved from /Users/jayesh/Desktop/Personal Work/Movie_data_pipeline/.venv/lib/python3.9/site-packages/airflow/example_dags/example_setup_teardown.py
[2024-12-21T11:55:26.360+0530] {logging_mixin.py:190} INFO - [2024-12-21T11:55:26.359+0530] {dag.py:3239} INFO - Sync 1 DAGs
[2024-12-21T11:55:26.398+0530] {logging_mixin.py:190} INFO - [2024-12-21T11:55:26.398+0530] {dag.py:4180} INFO - Setting next_dagrun for example_setup_teardown to None, run_after=None
[2024-12-21T11:55:26.435+0530] {processor.py:208} INFO - Processing /Users/jayesh/Desktop/Personal Work/Movie_data_pipeline/.venv/lib/python3.9/site-packages/airflow/example_dags/example_setup_teardown.py took 0.407 seconds
[2024-12-21T11:57:34.919+0530] {processor.py:186} INFO - Started process (PID=7136) to work on /Users/jayesh/Desktop/Personal Work/Movie_data_pipeline/.venv/lib/python3.9/site-packages/airflow/example_dags/example_setup_teardown.py
[2024-12-21T11:57:34.921+0530] {processor.py:914} INFO - Processing file /Users/jayesh/Desktop/Personal Work/Movie_data_pipeline/.venv/lib/python3.9/site-packages/airflow/example_dags/example_setup_teardown.py for tasks to queue
[2024-12-21T11:57:34.924+0530] {logging_mixin.py:190} INFO - [2024-12-21T11:57:34.924+0530] {dagbag.py:588} INFO - Filling up the DagBag from /Users/jayesh/Desktop/Personal Work/Movie_data_pipeline/.venv/lib/python3.9/site-packages/airflow/example_dags/example_setup_teardown.py
[2024-12-21T11:57:34.941+0530] {processor.py:925} INFO - DAG(s) 'example_setup_teardown' retrieved from /Users/jayesh/Desktop/Personal Work/Movie_data_pipeline/.venv/lib/python3.9/site-packages/airflow/example_dags/example_setup_teardown.py
[2024-12-21T11:57:35.186+0530] {logging_mixin.py:190} INFO - [2024-12-21T11:57:35.186+0530] {dag.py:3239} INFO - Sync 1 DAGs
[2024-12-21T11:57:35.209+0530] {logging_mixin.py:190} INFO - [2024-12-21T11:57:35.209+0530] {dag.py:4180} INFO - Setting next_dagrun for example_setup_teardown to None, run_after=None
[2024-12-21T11:57:35.240+0530] {processor.py:208} INFO - Processing /Users/jayesh/Desktop/Personal Work/Movie_data_pipeline/.venv/lib/python3.9/site-packages/airflow/example_dags/example_setup_teardown.py took 0.327 seconds
[2024-12-21T11:59:05.856+0530] {processor.py:186} INFO - Started process (PID=7475) to work on /Users/jayesh/Desktop/Personal Work/Movie_data_pipeline/.venv/lib/python3.9/site-packages/airflow/example_dags/example_setup_teardown.py
[2024-12-21T11:59:05.858+0530] {processor.py:914} INFO - Processing file /Users/jayesh/Desktop/Personal Work/Movie_data_pipeline/.venv/lib/python3.9/site-packages/airflow/example_dags/example_setup_teardown.py for tasks to queue
[2024-12-21T11:59:05.860+0530] {logging_mixin.py:190} INFO - [2024-12-21T11:59:05.860+0530] {dagbag.py:588} INFO - Filling up the DagBag from /Users/jayesh/Desktop/Personal Work/Movie_data_pipeline/.venv/lib/python3.9/site-packages/airflow/example_dags/example_setup_teardown.py
[2024-12-21T11:59:05.874+0530] {processor.py:925} INFO - DAG(s) 'example_setup_teardown' retrieved from /Users/jayesh/Desktop/Personal Work/Movie_data_pipeline/.venv/lib/python3.9/site-packages/airflow/example_dags/example_setup_teardown.py
[2024-12-21T11:59:06.171+0530] {logging_mixin.py:190} INFO - [2024-12-21T11:59:06.171+0530] {dag.py:3239} INFO - Sync 1 DAGs
[2024-12-21T11:59:06.195+0530] {logging_mixin.py:190} INFO - [2024-12-21T11:59:06.194+0530] {dag.py:4180} INFO - Setting next_dagrun for example_setup_teardown to None, run_after=None
[2024-12-21T11:59:06.225+0530] {processor.py:208} INFO - Processing /Users/jayesh/Desktop/Personal Work/Movie_data_pipeline/.venv/lib/python3.9/site-packages/airflow/example_dags/example_setup_teardown.py took 0.374 seconds
[2024-12-21T12:00:49.706+0530] {processor.py:186} INFO - Started process (PID=7841) to work on /Users/jayesh/Desktop/Personal Work/Movie_data_pipeline/.venv/lib/python3.9/site-packages/airflow/example_dags/example_setup_teardown.py
[2024-12-21T12:00:49.709+0530] {processor.py:914} INFO - Processing file /Users/jayesh/Desktop/Personal Work/Movie_data_pipeline/.venv/lib/python3.9/site-packages/airflow/example_dags/example_setup_teardown.py for tasks to queue
[2024-12-21T12:00:49.711+0530] {logging_mixin.py:190} INFO - [2024-12-21T12:00:49.711+0530] {dagbag.py:588} INFO - Filling up the DagBag from /Users/jayesh/Desktop/Personal Work/Movie_data_pipeline/.venv/lib/python3.9/site-packages/airflow/example_dags/example_setup_teardown.py
[2024-12-21T12:00:49.725+0530] {processor.py:925} INFO - DAG(s) 'example_setup_teardown' retrieved from /Users/jayesh/Desktop/Personal Work/Movie_data_pipeline/.venv/lib/python3.9/site-packages/airflow/example_dags/example_setup_teardown.py
[2024-12-21T12:00:50.006+0530] {logging_mixin.py:190} INFO - [2024-12-21T12:00:50.005+0530] {dag.py:3239} INFO - Sync 1 DAGs
[2024-12-21T12:00:50.028+0530] {logging_mixin.py:190} INFO - [2024-12-21T12:00:50.028+0530] {dag.py:4180} INFO - Setting next_dagrun for example_setup_teardown to None, run_after=None
[2024-12-21T12:00:50.058+0530] {processor.py:208} INFO - Processing /Users/jayesh/Desktop/Personal Work/Movie_data_pipeline/.venv/lib/python3.9/site-packages/airflow/example_dags/example_setup_teardown.py took 0.358 seconds
[2024-12-21T12:04:19.496+0530] {processor.py:186} INFO - Started process (PID=8582) to work on /Users/jayesh/Desktop/Personal Work/Movie_data_pipeline/.venv/lib/python3.9/site-packages/airflow/example_dags/example_setup_teardown.py
[2024-12-21T12:04:19.498+0530] {processor.py:914} INFO - Processing file /Users/jayesh/Desktop/Personal Work/Movie_data_pipeline/.venv/lib/python3.9/site-packages/airflow/example_dags/example_setup_teardown.py for tasks to queue
[2024-12-21T12:04:19.500+0530] {logging_mixin.py:190} INFO - [2024-12-21T12:04:19.500+0530] {dagbag.py:588} INFO - Filling up the DagBag from /Users/jayesh/Desktop/Personal Work/Movie_data_pipeline/.venv/lib/python3.9/site-packages/airflow/example_dags/example_setup_teardown.py
[2024-12-21T12:04:19.517+0530] {processor.py:925} INFO - DAG(s) 'example_setup_teardown' retrieved from /Users/jayesh/Desktop/Personal Work/Movie_data_pipeline/.venv/lib/python3.9/site-packages/airflow/example_dags/example_setup_teardown.py
[2024-12-21T12:04:19.805+0530] {logging_mixin.py:190} INFO - [2024-12-21T12:04:19.805+0530] {dag.py:3239} INFO - Sync 1 DAGs
[2024-12-21T12:04:19.851+0530] {logging_mixin.py:190} INFO - [2024-12-21T12:04:19.849+0530] {dag.py:4180} INFO - Setting next_dagrun for example_setup_teardown to None, run_after=None
[2024-12-21T12:04:19.894+0530] {processor.py:208} INFO - Processing /Users/jayesh/Desktop/Personal Work/Movie_data_pipeline/.venv/lib/python3.9/site-packages/airflow/example_dags/example_setup_teardown.py took 0.404 seconds
[2024-12-21T12:05:59.555+0530] {processor.py:186} INFO - Started process (PID=8938) to work on /Users/jayesh/Desktop/Personal Work/Movie_data_pipeline/.venv/lib/python3.9/site-packages/airflow/example_dags/example_setup_teardown.py
[2024-12-21T12:05:59.557+0530] {processor.py:914} INFO - Processing file /Users/jayesh/Desktop/Personal Work/Movie_data_pipeline/.venv/lib/python3.9/site-packages/airflow/example_dags/example_setup_teardown.py for tasks to queue
[2024-12-21T12:05:59.562+0530] {logging_mixin.py:190} INFO - [2024-12-21T12:05:59.562+0530] {dagbag.py:588} INFO - Filling up the DagBag from /Users/jayesh/Desktop/Personal Work/Movie_data_pipeline/.venv/lib/python3.9/site-packages/airflow/example_dags/example_setup_teardown.py
[2024-12-21T12:05:59.583+0530] {processor.py:925} INFO - DAG(s) 'example_setup_teardown' retrieved from /Users/jayesh/Desktop/Personal Work/Movie_data_pipeline/.venv/lib/python3.9/site-packages/airflow/example_dags/example_setup_teardown.py
[2024-12-21T12:05:59.832+0530] {logging_mixin.py:190} INFO - [2024-12-21T12:05:59.831+0530] {dag.py:3239} INFO - Sync 1 DAGs
[2024-12-21T12:05:59.859+0530] {logging_mixin.py:190} INFO - [2024-12-21T12:05:59.859+0530] {dag.py:4180} INFO - Setting next_dagrun for example_setup_teardown to None, run_after=None
[2024-12-21T12:05:59.906+0530] {processor.py:208} INFO - Processing /Users/jayesh/Desktop/Personal Work/Movie_data_pipeline/.venv/lib/python3.9/site-packages/airflow/example_dags/example_setup_teardown.py took 0.358 seconds
[2024-12-21T22:32:16.224+0530] {processor.py:186} INFO - Started process (PID=15951) to work on /Users/jayesh/Desktop/Personal Work/Movie_data_pipeline/.venv/lib/python3.9/site-packages/airflow/example_dags/example_setup_teardown.py
[2024-12-21T22:32:16.228+0530] {processor.py:914} INFO - Processing file /Users/jayesh/Desktop/Personal Work/Movie_data_pipeline/.venv/lib/python3.9/site-packages/airflow/example_dags/example_setup_teardown.py for tasks to queue
[2024-12-21T22:32:16.234+0530] {logging_mixin.py:190} INFO - [2024-12-21T22:32:16.233+0530] {dagbag.py:588} INFO - Filling up the DagBag from /Users/jayesh/Desktop/Personal Work/Movie_data_pipeline/.venv/lib/python3.9/site-packages/airflow/example_dags/example_setup_teardown.py
[2024-12-21T22:32:16.262+0530] {processor.py:925} INFO - DAG(s) 'example_setup_teardown' retrieved from /Users/jayesh/Desktop/Personal Work/Movie_data_pipeline/.venv/lib/python3.9/site-packages/airflow/example_dags/example_setup_teardown.py
[2024-12-21T22:32:16.358+0530] {logging_mixin.py:190} INFO - [2024-12-21T22:32:16.357+0530] {dag.py:3239} INFO - Sync 1 DAGs
[2024-12-21T22:32:16.398+0530] {logging_mixin.py:190} INFO - [2024-12-21T22:32:16.397+0530] {dag.py:4180} INFO - Setting next_dagrun for example_setup_teardown to None, run_after=None
[2024-12-21T22:32:16.439+0530] {processor.py:208} INFO - Processing /Users/jayesh/Desktop/Personal Work/Movie_data_pipeline/.venv/lib/python3.9/site-packages/airflow/example_dags/example_setup_teardown.py took 0.234 seconds
[2024-12-21T22:32:49.499+0530] {processor.py:186} INFO - Started process (PID=16197) to work on /Users/jayesh/Desktop/Personal Work/Movie_data_pipeline/.venv/lib/python3.9/site-packages/airflow/example_dags/example_setup_teardown.py
[2024-12-21T22:32:49.506+0530] {processor.py:914} INFO - Processing file /Users/jayesh/Desktop/Personal Work/Movie_data_pipeline/.venv/lib/python3.9/site-packages/airflow/example_dags/example_setup_teardown.py for tasks to queue
[2024-12-21T22:32:49.515+0530] {logging_mixin.py:190} INFO - [2024-12-21T22:32:49.514+0530] {dagbag.py:588} INFO - Filling up the DagBag from /Users/jayesh/Desktop/Personal Work/Movie_data_pipeline/.venv/lib/python3.9/site-packages/airflow/example_dags/example_setup_teardown.py
[2024-12-21T22:32:49.559+0530] {processor.py:925} INFO - DAG(s) 'example_setup_teardown' retrieved from /Users/jayesh/Desktop/Personal Work/Movie_data_pipeline/.venv/lib/python3.9/site-packages/airflow/example_dags/example_setup_teardown.py
[2024-12-21T22:32:49.832+0530] {logging_mixin.py:190} INFO - [2024-12-21T22:32:49.831+0530] {dag.py:3239} INFO - Sync 1 DAGs
[2024-12-21T22:32:49.896+0530] {logging_mixin.py:190} INFO - [2024-12-21T22:32:49.896+0530] {dag.py:4180} INFO - Setting next_dagrun for example_setup_teardown to None, run_after=None
[2024-12-21T22:32:50.002+0530] {processor.py:208} INFO - Processing /Users/jayesh/Desktop/Personal Work/Movie_data_pipeline/.venv/lib/python3.9/site-packages/airflow/example_dags/example_setup_teardown.py took 0.536 seconds
[2024-12-21T22:33:20.480+0530] {processor.py:186} INFO - Started process (PID=16400) to work on /Users/jayesh/Desktop/Personal Work/Movie_data_pipeline/.venv/lib/python3.9/site-packages/airflow/example_dags/example_setup_teardown.py
[2024-12-21T22:33:20.484+0530] {processor.py:914} INFO - Processing file /Users/jayesh/Desktop/Personal Work/Movie_data_pipeline/.venv/lib/python3.9/site-packages/airflow/example_dags/example_setup_teardown.py for tasks to queue
[2024-12-21T22:33:20.491+0530] {logging_mixin.py:190} INFO - [2024-12-21T22:33:20.489+0530] {dagbag.py:588} INFO - Filling up the DagBag from /Users/jayesh/Desktop/Personal Work/Movie_data_pipeline/.venv/lib/python3.9/site-packages/airflow/example_dags/example_setup_teardown.py
[2024-12-21T22:33:20.508+0530] {processor.py:925} INFO - DAG(s) 'example_setup_teardown' retrieved from /Users/jayesh/Desktop/Personal Work/Movie_data_pipeline/.venv/lib/python3.9/site-packages/airflow/example_dags/example_setup_teardown.py
[2024-12-21T22:33:20.580+0530] {logging_mixin.py:190} INFO - [2024-12-21T22:33:20.579+0530] {dag.py:3239} INFO - Sync 1 DAGs
[2024-12-21T22:33:20.603+0530] {logging_mixin.py:190} INFO - [2024-12-21T22:33:20.603+0530] {dag.py:4180} INFO - Setting next_dagrun for example_setup_teardown to None, run_after=None
[2024-12-21T22:33:20.636+0530] {processor.py:208} INFO - Processing /Users/jayesh/Desktop/Personal Work/Movie_data_pipeline/.venv/lib/python3.9/site-packages/airflow/example_dags/example_setup_teardown.py took 0.168 seconds
[2024-12-21T23:52:57.352+0530] {processor.py:186} INFO - Started process (PID=18072) to work on /Users/jayesh/Desktop/Personal Work/Movie_data_pipeline/.venv/lib/python3.9/site-packages/airflow/example_dags/example_setup_teardown.py
[2024-12-21T23:52:57.355+0530] {processor.py:914} INFO - Processing file /Users/jayesh/Desktop/Personal Work/Movie_data_pipeline/.venv/lib/python3.9/site-packages/airflow/example_dags/example_setup_teardown.py for tasks to queue
[2024-12-21T23:52:57.363+0530] {logging_mixin.py:190} INFO - [2024-12-21T23:52:57.362+0530] {dagbag.py:588} INFO - Filling up the DagBag from /Users/jayesh/Desktop/Personal Work/Movie_data_pipeline/.venv/lib/python3.9/site-packages/airflow/example_dags/example_setup_teardown.py
[2024-12-21T23:52:57.392+0530] {processor.py:925} INFO - DAG(s) 'example_setup_teardown' retrieved from /Users/jayesh/Desktop/Personal Work/Movie_data_pipeline/.venv/lib/python3.9/site-packages/airflow/example_dags/example_setup_teardown.py
[2024-12-21T23:52:57.527+0530] {logging_mixin.py:190} INFO - [2024-12-21T23:52:57.526+0530] {dag.py:3239} INFO - Sync 1 DAGs
[2024-12-21T23:52:57.668+0530] {logging_mixin.py:190} INFO - [2024-12-21T23:52:57.664+0530] {dag.py:4180} INFO - Setting next_dagrun for example_setup_teardown to None, run_after=None
[2024-12-21T23:52:57.791+0530] {processor.py:208} INFO - Processing /Users/jayesh/Desktop/Personal Work/Movie_data_pipeline/.venv/lib/python3.9/site-packages/airflow/example_dags/example_setup_teardown.py took 0.458 seconds
[2024-12-21T23:53:28.050+0530] {processor.py:186} INFO - Started process (PID=18293) to work on /Users/jayesh/Desktop/Personal Work/Movie_data_pipeline/.venv/lib/python3.9/site-packages/airflow/example_dags/example_setup_teardown.py
[2024-12-21T23:53:28.055+0530] {processor.py:914} INFO - Processing file /Users/jayesh/Desktop/Personal Work/Movie_data_pipeline/.venv/lib/python3.9/site-packages/airflow/example_dags/example_setup_teardown.py for tasks to queue
[2024-12-21T23:53:28.063+0530] {logging_mixin.py:190} INFO - [2024-12-21T23:53:28.061+0530] {dagbag.py:588} INFO - Filling up the DagBag from /Users/jayesh/Desktop/Personal Work/Movie_data_pipeline/.venv/lib/python3.9/site-packages/airflow/example_dags/example_setup_teardown.py
[2024-12-21T23:53:28.088+0530] {processor.py:925} INFO - DAG(s) 'example_setup_teardown' retrieved from /Users/jayesh/Desktop/Personal Work/Movie_data_pipeline/.venv/lib/python3.9/site-packages/airflow/example_dags/example_setup_teardown.py
[2024-12-21T23:53:28.208+0530] {logging_mixin.py:190} INFO - [2024-12-21T23:53:28.206+0530] {dag.py:3239} INFO - Sync 1 DAGs
[2024-12-21T23:53:28.243+0530] {logging_mixin.py:190} INFO - [2024-12-21T23:53:28.242+0530] {dag.py:4180} INFO - Setting next_dagrun for example_setup_teardown to None, run_after=None
[2024-12-21T23:53:28.300+0530] {processor.py:208} INFO - Processing /Users/jayesh/Desktop/Personal Work/Movie_data_pipeline/.venv/lib/python3.9/site-packages/airflow/example_dags/example_setup_teardown.py took 0.269 seconds
