[2024-12-21T10:23:24.091+0530] {processor.py:186} INFO - Started process (PID=2223) to work on /Users/jayesh/Desktop/Personal Work/Movie_data_pipeline/.venv/lib/python3.9/site-packages/airflow/example_dags/example_trigger_target_dag.py
[2024-12-21T10:23:24.093+0530] {processor.py:914} INFO - Processing file /Users/jayesh/Desktop/Personal Work/Movie_data_pipeline/.venv/lib/python3.9/site-packages/airflow/example_dags/example_trigger_target_dag.py for tasks to queue
[2024-12-21T10:23:24.096+0530] {logging_mixin.py:190} INFO - [2024-12-21T10:23:24.096+0530] {dagbag.py:588} INFO - Filling up the DagBag from /Users/jayesh/Desktop/Personal Work/Movie_data_pipeline/.venv/lib/python3.9/site-packages/airflow/example_dags/example_trigger_target_dag.py
[2024-12-21T10:23:24.167+0530] {processor.py:925} INFO - DAG(s) 'example_trigger_target_dag' retrieved from /Users/jayesh/Desktop/Personal Work/Movie_data_pipeline/.venv/lib/python3.9/site-packages/airflow/example_dags/example_trigger_target_dag.py
[2024-12-21T10:23:24.471+0530] {logging_mixin.py:190} INFO - [2024-12-21T10:23:24.471+0530] {dag.py:3239} INFO - Sync 1 DAGs
[2024-12-21T10:23:24.491+0530] {logging_mixin.py:190} INFO - [2024-12-21T10:23:24.491+0530] {dag.py:4180} INFO - Setting next_dagrun for example_trigger_target_dag to None, run_after=None
[2024-12-21T10:23:24.521+0530] {processor.py:208} INFO - Processing /Users/jayesh/Desktop/Personal Work/Movie_data_pipeline/.venv/lib/python3.9/site-packages/airflow/example_dags/example_trigger_target_dag.py took 0.438 seconds
[2024-12-21T10:25:46.398+0530] {processor.py:186} INFO - Started process (PID=2585) to work on /Users/jayesh/Desktop/Personal Work/Movie_data_pipeline/.venv/lib/python3.9/site-packages/airflow/example_dags/example_trigger_target_dag.py
[2024-12-21T10:25:46.400+0530] {processor.py:914} INFO - Processing file /Users/jayesh/Desktop/Personal Work/Movie_data_pipeline/.venv/lib/python3.9/site-packages/airflow/example_dags/example_trigger_target_dag.py for tasks to queue
[2024-12-21T10:25:46.402+0530] {logging_mixin.py:190} INFO - [2024-12-21T10:25:46.402+0530] {dagbag.py:588} INFO - Filling up the DagBag from /Users/jayesh/Desktop/Personal Work/Movie_data_pipeline/.venv/lib/python3.9/site-packages/airflow/example_dags/example_trigger_target_dag.py
[2024-12-21T10:25:46.459+0530] {processor.py:925} INFO - DAG(s) 'example_trigger_target_dag' retrieved from /Users/jayesh/Desktop/Personal Work/Movie_data_pipeline/.venv/lib/python3.9/site-packages/airflow/example_dags/example_trigger_target_dag.py
[2024-12-21T10:25:46.669+0530] {logging_mixin.py:190} INFO - [2024-12-21T10:25:46.669+0530] {dag.py:3239} INFO - Sync 1 DAGs
[2024-12-21T10:25:46.692+0530] {logging_mixin.py:190} INFO - [2024-12-21T10:25:46.692+0530] {dag.py:4180} INFO - Setting next_dagrun for example_trigger_target_dag to None, run_after=None
[2024-12-21T10:25:46.722+0530] {processor.py:208} INFO - Processing /Users/jayesh/Desktop/Personal Work/Movie_data_pipeline/.venv/lib/python3.9/site-packages/airflow/example_dags/example_trigger_target_dag.py took 0.331 seconds
[2024-12-21T10:27:08.468+0530] {processor.py:186} INFO - Started process (PID=2801) to work on /Users/jayesh/Desktop/Personal Work/Movie_data_pipeline/.venv/lib/python3.9/site-packages/airflow/example_dags/example_trigger_target_dag.py
[2024-12-21T10:27:08.469+0530] {processor.py:914} INFO - Processing file /Users/jayesh/Desktop/Personal Work/Movie_data_pipeline/.venv/lib/python3.9/site-packages/airflow/example_dags/example_trigger_target_dag.py for tasks to queue
[2024-12-21T10:27:08.471+0530] {logging_mixin.py:190} INFO - [2024-12-21T10:27:08.471+0530] {dagbag.py:588} INFO - Filling up the DagBag from /Users/jayesh/Desktop/Personal Work/Movie_data_pipeline/.venv/lib/python3.9/site-packages/airflow/example_dags/example_trigger_target_dag.py
[2024-12-21T10:27:08.528+0530] {processor.py:925} INFO - DAG(s) 'example_trigger_target_dag' retrieved from /Users/jayesh/Desktop/Personal Work/Movie_data_pipeline/.venv/lib/python3.9/site-packages/airflow/example_dags/example_trigger_target_dag.py
[2024-12-21T10:27:08.735+0530] {logging_mixin.py:190} INFO - [2024-12-21T10:27:08.735+0530] {dag.py:3239} INFO - Sync 1 DAGs
[2024-12-21T10:27:08.753+0530] {logging_mixin.py:190} INFO - [2024-12-21T10:27:08.752+0530] {dag.py:4180} INFO - Setting next_dagrun for example_trigger_target_dag to None, run_after=None
[2024-12-21T10:27:08.777+0530] {processor.py:208} INFO - Processing /Users/jayesh/Desktop/Personal Work/Movie_data_pipeline/.venv/lib/python3.9/site-packages/airflow/example_dags/example_trigger_target_dag.py took 0.316 seconds
[2024-12-21T10:28:22.699+0530] {processor.py:186} INFO - Started process (PID=3007) to work on /Users/jayesh/Desktop/Personal Work/Movie_data_pipeline/.venv/lib/python3.9/site-packages/airflow/example_dags/example_trigger_target_dag.py
[2024-12-21T10:28:22.700+0530] {processor.py:914} INFO - Processing file /Users/jayesh/Desktop/Personal Work/Movie_data_pipeline/.venv/lib/python3.9/site-packages/airflow/example_dags/example_trigger_target_dag.py for tasks to queue
[2024-12-21T10:28:22.701+0530] {logging_mixin.py:190} INFO - [2024-12-21T10:28:22.701+0530] {dagbag.py:588} INFO - Filling up the DagBag from /Users/jayesh/Desktop/Personal Work/Movie_data_pipeline/.venv/lib/python3.9/site-packages/airflow/example_dags/example_trigger_target_dag.py
[2024-12-21T10:28:22.747+0530] {processor.py:925} INFO - DAG(s) 'example_trigger_target_dag' retrieved from /Users/jayesh/Desktop/Personal Work/Movie_data_pipeline/.venv/lib/python3.9/site-packages/airflow/example_dags/example_trigger_target_dag.py
[2024-12-21T10:28:22.941+0530] {logging_mixin.py:190} INFO - [2024-12-21T10:28:22.940+0530] {dag.py:3239} INFO - Sync 1 DAGs
[2024-12-21T10:28:22.958+0530] {logging_mixin.py:190} INFO - [2024-12-21T10:28:22.958+0530] {dag.py:4180} INFO - Setting next_dagrun for example_trigger_target_dag to None, run_after=None
[2024-12-21T10:28:22.984+0530] {processor.py:208} INFO - Processing /Users/jayesh/Desktop/Personal Work/Movie_data_pipeline/.venv/lib/python3.9/site-packages/airflow/example_dags/example_trigger_target_dag.py took 0.290 seconds
[2024-12-21T10:29:41.384+0530] {processor.py:186} INFO - Started process (PID=3215) to work on /Users/jayesh/Desktop/Personal Work/Movie_data_pipeline/.venv/lib/python3.9/site-packages/airflow/example_dags/example_trigger_target_dag.py
[2024-12-21T10:29:41.386+0530] {processor.py:914} INFO - Processing file /Users/jayesh/Desktop/Personal Work/Movie_data_pipeline/.venv/lib/python3.9/site-packages/airflow/example_dags/example_trigger_target_dag.py for tasks to queue
[2024-12-21T10:29:41.389+0530] {logging_mixin.py:190} INFO - [2024-12-21T10:29:41.388+0530] {dagbag.py:588} INFO - Filling up the DagBag from /Users/jayesh/Desktop/Personal Work/Movie_data_pipeline/.venv/lib/python3.9/site-packages/airflow/example_dags/example_trigger_target_dag.py
[2024-12-21T10:29:41.460+0530] {processor.py:925} INFO - DAG(s) 'example_trigger_target_dag' retrieved from /Users/jayesh/Desktop/Personal Work/Movie_data_pipeline/.venv/lib/python3.9/site-packages/airflow/example_dags/example_trigger_target_dag.py
[2024-12-21T10:29:41.842+0530] {logging_mixin.py:190} INFO - [2024-12-21T10:29:41.841+0530] {dag.py:3239} INFO - Sync 1 DAGs
[2024-12-21T10:29:41.889+0530] {logging_mixin.py:190} INFO - [2024-12-21T10:29:41.888+0530] {dag.py:4180} INFO - Setting next_dagrun for example_trigger_target_dag to None, run_after=None
[2024-12-21T10:29:41.936+0530] {processor.py:208} INFO - Processing /Users/jayesh/Desktop/Personal Work/Movie_data_pipeline/.venv/lib/python3.9/site-packages/airflow/example_dags/example_trigger_target_dag.py took 0.563 seconds
[2024-12-21T10:31:20.677+0530] {processor.py:186} INFO - Started process (PID=3454) to work on /Users/jayesh/Desktop/Personal Work/Movie_data_pipeline/.venv/lib/python3.9/site-packages/airflow/example_dags/example_trigger_target_dag.py
[2024-12-21T10:31:20.682+0530] {processor.py:914} INFO - Processing file /Users/jayesh/Desktop/Personal Work/Movie_data_pipeline/.venv/lib/python3.9/site-packages/airflow/example_dags/example_trigger_target_dag.py for tasks to queue
[2024-12-21T10:31:20.685+0530] {logging_mixin.py:190} INFO - [2024-12-21T10:31:20.685+0530] {dagbag.py:588} INFO - Filling up the DagBag from /Users/jayesh/Desktop/Personal Work/Movie_data_pipeline/.venv/lib/python3.9/site-packages/airflow/example_dags/example_trigger_target_dag.py
[2024-12-21T10:31:20.771+0530] {processor.py:925} INFO - DAG(s) 'example_trigger_target_dag' retrieved from /Users/jayesh/Desktop/Personal Work/Movie_data_pipeline/.venv/lib/python3.9/site-packages/airflow/example_dags/example_trigger_target_dag.py
[2024-12-21T10:31:21.041+0530] {logging_mixin.py:190} INFO - [2024-12-21T10:31:21.041+0530] {dag.py:3239} INFO - Sync 1 DAGs
[2024-12-21T10:31:21.067+0530] {logging_mixin.py:190} INFO - [2024-12-21T10:31:21.067+0530] {dag.py:4180} INFO - Setting next_dagrun for example_trigger_target_dag to None, run_after=None
[2024-12-21T10:31:21.315+0530] {processor.py:208} INFO - Processing /Users/jayesh/Desktop/Personal Work/Movie_data_pipeline/.venv/lib/python3.9/site-packages/airflow/example_dags/example_trigger_target_dag.py took 0.645 seconds
[2024-12-21T10:47:45.956+0530] {processor.py:186} INFO - Started process (PID=4070) to work on /Users/jayesh/Desktop/Personal Work/Movie_data_pipeline/.venv/lib/python3.9/site-packages/airflow/example_dags/example_trigger_target_dag.py
[2024-12-21T10:47:45.959+0530] {processor.py:914} INFO - Processing file /Users/jayesh/Desktop/Personal Work/Movie_data_pipeline/.venv/lib/python3.9/site-packages/airflow/example_dags/example_trigger_target_dag.py for tasks to queue
[2024-12-21T10:47:45.964+0530] {logging_mixin.py:190} INFO - [2024-12-21T10:47:45.963+0530] {dagbag.py:588} INFO - Filling up the DagBag from /Users/jayesh/Desktop/Personal Work/Movie_data_pipeline/.venv/lib/python3.9/site-packages/airflow/example_dags/example_trigger_target_dag.py
[2024-12-21T10:47:46.051+0530] {processor.py:925} INFO - DAG(s) 'example_trigger_target_dag' retrieved from /Users/jayesh/Desktop/Personal Work/Movie_data_pipeline/.venv/lib/python3.9/site-packages/airflow/example_dags/example_trigger_target_dag.py
[2024-12-21T10:47:46.348+0530] {logging_mixin.py:190} INFO - [2024-12-21T10:47:46.348+0530] {dag.py:3239} INFO - Sync 1 DAGs
[2024-12-21T10:47:46.373+0530] {logging_mixin.py:190} INFO - [2024-12-21T10:47:46.373+0530] {dag.py:4180} INFO - Setting next_dagrun for example_trigger_target_dag to None, run_after=None
[2024-12-21T10:47:46.409+0530] {processor.py:208} INFO - Processing /Users/jayesh/Desktop/Personal Work/Movie_data_pipeline/.venv/lib/python3.9/site-packages/airflow/example_dags/example_trigger_target_dag.py took 0.463 seconds
[2024-12-21T10:50:06.984+0530] {processor.py:186} INFO - Started process (PID=4519) to work on /Users/jayesh/Desktop/Personal Work/Movie_data_pipeline/.venv/lib/python3.9/site-packages/airflow/example_dags/example_trigger_target_dag.py
[2024-12-21T10:50:06.986+0530] {processor.py:914} INFO - Processing file /Users/jayesh/Desktop/Personal Work/Movie_data_pipeline/.venv/lib/python3.9/site-packages/airflow/example_dags/example_trigger_target_dag.py for tasks to queue
[2024-12-21T10:50:06.990+0530] {logging_mixin.py:190} INFO - [2024-12-21T10:50:06.988+0530] {dagbag.py:588} INFO - Filling up the DagBag from /Users/jayesh/Desktop/Personal Work/Movie_data_pipeline/.venv/lib/python3.9/site-packages/airflow/example_dags/example_trigger_target_dag.py
[2024-12-21T10:50:07.054+0530] {processor.py:925} INFO - DAG(s) 'example_trigger_target_dag' retrieved from /Users/jayesh/Desktop/Personal Work/Movie_data_pipeline/.venv/lib/python3.9/site-packages/airflow/example_dags/example_trigger_target_dag.py
[2024-12-21T10:50:07.363+0530] {logging_mixin.py:190} INFO - [2024-12-21T10:50:07.363+0530] {dag.py:3239} INFO - Sync 1 DAGs
[2024-12-21T10:50:07.394+0530] {logging_mixin.py:190} INFO - [2024-12-21T10:50:07.394+0530] {dag.py:4180} INFO - Setting next_dagrun for example_trigger_target_dag to None, run_after=None
[2024-12-21T10:50:07.430+0530] {processor.py:208} INFO - Processing /Users/jayesh/Desktop/Personal Work/Movie_data_pipeline/.venv/lib/python3.9/site-packages/airflow/example_dags/example_trigger_target_dag.py took 0.452 seconds
[2024-12-21T10:51:54.719+0530] {processor.py:186} INFO - Started process (PID=4900) to work on /Users/jayesh/Desktop/Personal Work/Movie_data_pipeline/.venv/lib/python3.9/site-packages/airflow/example_dags/example_trigger_target_dag.py
[2024-12-21T10:51:54.720+0530] {processor.py:914} INFO - Processing file /Users/jayesh/Desktop/Personal Work/Movie_data_pipeline/.venv/lib/python3.9/site-packages/airflow/example_dags/example_trigger_target_dag.py for tasks to queue
[2024-12-21T10:51:54.722+0530] {logging_mixin.py:190} INFO - [2024-12-21T10:51:54.722+0530] {dagbag.py:588} INFO - Filling up the DagBag from /Users/jayesh/Desktop/Personal Work/Movie_data_pipeline/.venv/lib/python3.9/site-packages/airflow/example_dags/example_trigger_target_dag.py
[2024-12-21T10:51:54.779+0530] {processor.py:925} INFO - DAG(s) 'example_trigger_target_dag' retrieved from /Users/jayesh/Desktop/Personal Work/Movie_data_pipeline/.venv/lib/python3.9/site-packages/airflow/example_dags/example_trigger_target_dag.py
[2024-12-21T10:51:55.098+0530] {logging_mixin.py:190} INFO - [2024-12-21T10:51:55.097+0530] {dag.py:3239} INFO - Sync 1 DAGs
[2024-12-21T10:51:55.120+0530] {logging_mixin.py:190} INFO - [2024-12-21T10:51:55.120+0530] {dag.py:4180} INFO - Setting next_dagrun for example_trigger_target_dag to None, run_after=None
[2024-12-21T10:51:55.155+0530] {processor.py:208} INFO - Processing /Users/jayesh/Desktop/Personal Work/Movie_data_pipeline/.venv/lib/python3.9/site-packages/airflow/example_dags/example_trigger_target_dag.py took 0.442 seconds
[2024-12-21T10:53:27.865+0530] {processor.py:186} INFO - Started process (PID=5225) to work on /Users/jayesh/Desktop/Personal Work/Movie_data_pipeline/.venv/lib/python3.9/site-packages/airflow/example_dags/example_trigger_target_dag.py
[2024-12-21T10:53:27.947+0530] {processor.py:914} INFO - Processing file /Users/jayesh/Desktop/Personal Work/Movie_data_pipeline/.venv/lib/python3.9/site-packages/airflow/example_dags/example_trigger_target_dag.py for tasks to queue
[2024-12-21T10:53:27.951+0530] {logging_mixin.py:190} INFO - [2024-12-21T10:53:27.949+0530] {dagbag.py:588} INFO - Filling up the DagBag from /Users/jayesh/Desktop/Personal Work/Movie_data_pipeline/.venv/lib/python3.9/site-packages/airflow/example_dags/example_trigger_target_dag.py
[2024-12-21T10:53:28.078+0530] {processor.py:925} INFO - DAG(s) 'example_trigger_target_dag' retrieved from /Users/jayesh/Desktop/Personal Work/Movie_data_pipeline/.venv/lib/python3.9/site-packages/airflow/example_dags/example_trigger_target_dag.py
[2024-12-21T10:53:28.466+0530] {logging_mixin.py:190} INFO - [2024-12-21T10:53:28.465+0530] {dag.py:3239} INFO - Sync 1 DAGs
[2024-12-21T10:53:28.504+0530] {logging_mixin.py:190} INFO - [2024-12-21T10:53:28.504+0530] {dag.py:4180} INFO - Setting next_dagrun for example_trigger_target_dag to None, run_after=None
[2024-12-21T10:53:28.582+0530] {processor.py:208} INFO - Processing /Users/jayesh/Desktop/Personal Work/Movie_data_pipeline/.venv/lib/python3.9/site-packages/airflow/example_dags/example_trigger_target_dag.py took 0.750 seconds
[2024-12-21T11:55:01.289+0530] {processor.py:186} INFO - Started process (PID=6588) to work on /Users/jayesh/Desktop/Personal Work/Movie_data_pipeline/.venv/lib/python3.9/site-packages/airflow/example_dags/example_trigger_target_dag.py
[2024-12-21T11:55:01.292+0530] {processor.py:914} INFO - Processing file /Users/jayesh/Desktop/Personal Work/Movie_data_pipeline/.venv/lib/python3.9/site-packages/airflow/example_dags/example_trigger_target_dag.py for tasks to queue
[2024-12-21T11:55:01.294+0530] {logging_mixin.py:190} INFO - [2024-12-21T11:55:01.294+0530] {dagbag.py:588} INFO - Filling up the DagBag from /Users/jayesh/Desktop/Personal Work/Movie_data_pipeline/.venv/lib/python3.9/site-packages/airflow/example_dags/example_trigger_target_dag.py
[2024-12-21T11:55:01.356+0530] {processor.py:925} INFO - DAG(s) 'example_trigger_target_dag' retrieved from /Users/jayesh/Desktop/Personal Work/Movie_data_pipeline/.venv/lib/python3.9/site-packages/airflow/example_dags/example_trigger_target_dag.py
[2024-12-21T11:55:01.677+0530] {logging_mixin.py:190} INFO - [2024-12-21T11:55:01.677+0530] {dag.py:3239} INFO - Sync 1 DAGs
[2024-12-21T11:55:01.699+0530] {logging_mixin.py:190} INFO - [2024-12-21T11:55:01.698+0530] {dag.py:4180} INFO - Setting next_dagrun for example_trigger_target_dag to None, run_after=None
[2024-12-21T11:55:01.728+0530] {processor.py:208} INFO - Processing /Users/jayesh/Desktop/Personal Work/Movie_data_pipeline/.venv/lib/python3.9/site-packages/airflow/example_dags/example_trigger_target_dag.py took 0.446 seconds
[2024-12-21T11:57:05.055+0530] {processor.py:186} INFO - Started process (PID=7035) to work on /Users/jayesh/Desktop/Personal Work/Movie_data_pipeline/.venv/lib/python3.9/site-packages/airflow/example_dags/example_trigger_target_dag.py
[2024-12-21T11:57:05.058+0530] {processor.py:914} INFO - Processing file /Users/jayesh/Desktop/Personal Work/Movie_data_pipeline/.venv/lib/python3.9/site-packages/airflow/example_dags/example_trigger_target_dag.py for tasks to queue
[2024-12-21T11:57:05.061+0530] {logging_mixin.py:190} INFO - [2024-12-21T11:57:05.060+0530] {dagbag.py:588} INFO - Filling up the DagBag from /Users/jayesh/Desktop/Personal Work/Movie_data_pipeline/.venv/lib/python3.9/site-packages/airflow/example_dags/example_trigger_target_dag.py
[2024-12-21T11:57:05.131+0530] {processor.py:925} INFO - DAG(s) 'example_trigger_target_dag' retrieved from /Users/jayesh/Desktop/Personal Work/Movie_data_pipeline/.venv/lib/python3.9/site-packages/airflow/example_dags/example_trigger_target_dag.py
[2024-12-21T11:57:05.565+0530] {logging_mixin.py:190} INFO - [2024-12-21T11:57:05.565+0530] {dag.py:3239} INFO - Sync 1 DAGs
[2024-12-21T11:57:05.591+0530] {logging_mixin.py:190} INFO - [2024-12-21T11:57:05.590+0530] {dag.py:4180} INFO - Setting next_dagrun for example_trigger_target_dag to None, run_after=None
[2024-12-21T11:57:05.626+0530] {processor.py:208} INFO - Processing /Users/jayesh/Desktop/Personal Work/Movie_data_pipeline/.venv/lib/python3.9/site-packages/airflow/example_dags/example_trigger_target_dag.py took 0.577 seconds
[2024-12-21T11:58:41.913+0530] {processor.py:186} INFO - Started process (PID=7389) to work on /Users/jayesh/Desktop/Personal Work/Movie_data_pipeline/.venv/lib/python3.9/site-packages/airflow/example_dags/example_trigger_target_dag.py
[2024-12-21T11:58:41.917+0530] {processor.py:914} INFO - Processing file /Users/jayesh/Desktop/Personal Work/Movie_data_pipeline/.venv/lib/python3.9/site-packages/airflow/example_dags/example_trigger_target_dag.py for tasks to queue
[2024-12-21T11:58:41.919+0530] {logging_mixin.py:190} INFO - [2024-12-21T11:58:41.919+0530] {dagbag.py:588} INFO - Filling up the DagBag from /Users/jayesh/Desktop/Personal Work/Movie_data_pipeline/.venv/lib/python3.9/site-packages/airflow/example_dags/example_trigger_target_dag.py
[2024-12-21T11:58:41.977+0530] {processor.py:925} INFO - DAG(s) 'example_trigger_target_dag' retrieved from /Users/jayesh/Desktop/Personal Work/Movie_data_pipeline/.venv/lib/python3.9/site-packages/airflow/example_dags/example_trigger_target_dag.py
[2024-12-21T11:58:42.302+0530] {logging_mixin.py:190} INFO - [2024-12-21T11:58:42.302+0530] {dag.py:3239} INFO - Sync 1 DAGs
[2024-12-21T11:58:42.366+0530] {logging_mixin.py:190} INFO - [2024-12-21T11:58:42.366+0530] {dag.py:4180} INFO - Setting next_dagrun for example_trigger_target_dag to None, run_after=None
[2024-12-21T11:58:42.441+0530] {processor.py:208} INFO - Processing /Users/jayesh/Desktop/Personal Work/Movie_data_pipeline/.venv/lib/python3.9/site-packages/airflow/example_dags/example_trigger_target_dag.py took 0.533 seconds
[2024-12-21T12:00:23.958+0530] {processor.py:186} INFO - Started process (PID=7751) to work on /Users/jayesh/Desktop/Personal Work/Movie_data_pipeline/.venv/lib/python3.9/site-packages/airflow/example_dags/example_trigger_target_dag.py
[2024-12-21T12:00:23.961+0530] {processor.py:914} INFO - Processing file /Users/jayesh/Desktop/Personal Work/Movie_data_pipeline/.venv/lib/python3.9/site-packages/airflow/example_dags/example_trigger_target_dag.py for tasks to queue
[2024-12-21T12:00:23.963+0530] {logging_mixin.py:190} INFO - [2024-12-21T12:00:23.963+0530] {dagbag.py:588} INFO - Filling up the DagBag from /Users/jayesh/Desktop/Personal Work/Movie_data_pipeline/.venv/lib/python3.9/site-packages/airflow/example_dags/example_trigger_target_dag.py
[2024-12-21T12:00:24.015+0530] {processor.py:925} INFO - DAG(s) 'example_trigger_target_dag' retrieved from /Users/jayesh/Desktop/Personal Work/Movie_data_pipeline/.venv/lib/python3.9/site-packages/airflow/example_dags/example_trigger_target_dag.py
[2024-12-21T12:00:24.303+0530] {logging_mixin.py:190} INFO - [2024-12-21T12:00:24.302+0530] {dag.py:3239} INFO - Sync 1 DAGs
[2024-12-21T12:00:24.329+0530] {logging_mixin.py:190} INFO - [2024-12-21T12:00:24.329+0530] {dag.py:4180} INFO - Setting next_dagrun for example_trigger_target_dag to None, run_after=None
[2024-12-21T12:00:24.362+0530] {processor.py:208} INFO - Processing /Users/jayesh/Desktop/Personal Work/Movie_data_pipeline/.venv/lib/python3.9/site-packages/airflow/example_dags/example_trigger_target_dag.py took 0.410 seconds
[2024-12-21T12:01:59.395+0530] {processor.py:186} INFO - Started process (PID=8090) to work on /Users/jayesh/Desktop/Personal Work/Movie_data_pipeline/.venv/lib/python3.9/site-packages/airflow/example_dags/example_trigger_target_dag.py
[2024-12-21T12:01:59.397+0530] {processor.py:914} INFO - Processing file /Users/jayesh/Desktop/Personal Work/Movie_data_pipeline/.venv/lib/python3.9/site-packages/airflow/example_dags/example_trigger_target_dag.py for tasks to queue
[2024-12-21T12:01:59.399+0530] {logging_mixin.py:190} INFO - [2024-12-21T12:01:59.398+0530] {dagbag.py:588} INFO - Filling up the DagBag from /Users/jayesh/Desktop/Personal Work/Movie_data_pipeline/.venv/lib/python3.9/site-packages/airflow/example_dags/example_trigger_target_dag.py
[2024-12-21T12:01:59.459+0530] {processor.py:925} INFO - DAG(s) 'example_trigger_target_dag' retrieved from /Users/jayesh/Desktop/Personal Work/Movie_data_pipeline/.venv/lib/python3.9/site-packages/airflow/example_dags/example_trigger_target_dag.py
[2024-12-21T12:01:59.980+0530] {logging_mixin.py:190} INFO - [2024-12-21T12:01:59.980+0530] {dag.py:3239} INFO - Sync 1 DAGs
[2024-12-21T12:02:00.043+0530] {logging_mixin.py:190} INFO - [2024-12-21T12:02:00.043+0530] {dag.py:4180} INFO - Setting next_dagrun for example_trigger_target_dag to None, run_after=None
[2024-12-21T12:02:00.114+0530] {processor.py:208} INFO - Processing /Users/jayesh/Desktop/Personal Work/Movie_data_pipeline/.venv/lib/python3.9/site-packages/airflow/example_dags/example_trigger_target_dag.py took 0.724 seconds
[2024-12-21T12:03:44.605+0530] {processor.py:186} INFO - Started process (PID=8454) to work on /Users/jayesh/Desktop/Personal Work/Movie_data_pipeline/.venv/lib/python3.9/site-packages/airflow/example_dags/example_trigger_target_dag.py
[2024-12-21T12:03:44.693+0530] {processor.py:914} INFO - Processing file /Users/jayesh/Desktop/Personal Work/Movie_data_pipeline/.venv/lib/python3.9/site-packages/airflow/example_dags/example_trigger_target_dag.py for tasks to queue
[2024-12-21T12:03:44.771+0530] {logging_mixin.py:190} INFO - [2024-12-21T12:03:44.761+0530] {dagbag.py:588} INFO - Filling up the DagBag from /Users/jayesh/Desktop/Personal Work/Movie_data_pipeline/.venv/lib/python3.9/site-packages/airflow/example_dags/example_trigger_target_dag.py
[2024-12-21T12:03:44.910+0530] {processor.py:925} INFO - DAG(s) 'example_trigger_target_dag' retrieved from /Users/jayesh/Desktop/Personal Work/Movie_data_pipeline/.venv/lib/python3.9/site-packages/airflow/example_dags/example_trigger_target_dag.py
[2024-12-21T12:03:45.289+0530] {logging_mixin.py:190} INFO - [2024-12-21T12:03:45.289+0530] {dag.py:3239} INFO - Sync 1 DAGs
[2024-12-21T12:03:45.322+0530] {logging_mixin.py:190} INFO - [2024-12-21T12:03:45.321+0530] {dag.py:4180} INFO - Setting next_dagrun for example_trigger_target_dag to None, run_after=None
[2024-12-21T12:03:45.355+0530] {processor.py:208} INFO - Processing /Users/jayesh/Desktop/Personal Work/Movie_data_pipeline/.venv/lib/python3.9/site-packages/airflow/example_dags/example_trigger_target_dag.py took 0.763 seconds
[2024-12-21T12:05:34.854+0530] {processor.py:186} INFO - Started process (PID=8838) to work on /Users/jayesh/Desktop/Personal Work/Movie_data_pipeline/.venv/lib/python3.9/site-packages/airflow/example_dags/example_trigger_target_dag.py
[2024-12-21T12:05:34.858+0530] {processor.py:914} INFO - Processing file /Users/jayesh/Desktop/Personal Work/Movie_data_pipeline/.venv/lib/python3.9/site-packages/airflow/example_dags/example_trigger_target_dag.py for tasks to queue
[2024-12-21T12:05:34.861+0530] {logging_mixin.py:190} INFO - [2024-12-21T12:05:34.860+0530] {dagbag.py:588} INFO - Filling up the DagBag from /Users/jayesh/Desktop/Personal Work/Movie_data_pipeline/.venv/lib/python3.9/site-packages/airflow/example_dags/example_trigger_target_dag.py
[2024-12-21T12:05:34.924+0530] {processor.py:925} INFO - DAG(s) 'example_trigger_target_dag' retrieved from /Users/jayesh/Desktop/Personal Work/Movie_data_pipeline/.venv/lib/python3.9/site-packages/airflow/example_dags/example_trigger_target_dag.py
[2024-12-21T12:05:35.230+0530] {logging_mixin.py:190} INFO - [2024-12-21T12:05:35.230+0530] {dag.py:3239} INFO - Sync 1 DAGs
[2024-12-21T12:05:35.250+0530] {logging_mixin.py:190} INFO - [2024-12-21T12:05:35.249+0530] {dag.py:4180} INFO - Setting next_dagrun for example_trigger_target_dag to None, run_after=None
[2024-12-21T12:05:35.293+0530] {processor.py:208} INFO - Processing /Users/jayesh/Desktop/Personal Work/Movie_data_pipeline/.venv/lib/python3.9/site-packages/airflow/example_dags/example_trigger_target_dag.py took 0.447 seconds
[2024-12-21T22:32:12.883+0530] {processor.py:186} INFO - Started process (PID=15908) to work on /Users/jayesh/Desktop/Personal Work/Movie_data_pipeline/.venv/lib/python3.9/site-packages/airflow/example_dags/example_trigger_target_dag.py
[2024-12-21T22:32:12.887+0530] {processor.py:914} INFO - Processing file /Users/jayesh/Desktop/Personal Work/Movie_data_pipeline/.venv/lib/python3.9/site-packages/airflow/example_dags/example_trigger_target_dag.py for tasks to queue
[2024-12-21T22:32:12.896+0530] {logging_mixin.py:190} INFO - [2024-12-21T22:32:12.895+0530] {dagbag.py:588} INFO - Filling up the DagBag from /Users/jayesh/Desktop/Personal Work/Movie_data_pipeline/.venv/lib/python3.9/site-packages/airflow/example_dags/example_trigger_target_dag.py
[2024-12-21T22:32:12.932+0530] {processor.py:925} INFO - DAG(s) 'example_trigger_target_dag' retrieved from /Users/jayesh/Desktop/Personal Work/Movie_data_pipeline/.venv/lib/python3.9/site-packages/airflow/example_dags/example_trigger_target_dag.py
[2024-12-21T22:32:13.131+0530] {logging_mixin.py:190} INFO - [2024-12-21T22:32:13.130+0530] {dag.py:3239} INFO - Sync 1 DAGs
[2024-12-21T22:32:13.197+0530] {logging_mixin.py:190} INFO - [2024-12-21T22:32:13.196+0530] {dag.py:4180} INFO - Setting next_dagrun for example_trigger_target_dag to None, run_after=None
[2024-12-21T22:32:13.268+0530] {processor.py:208} INFO - Processing /Users/jayesh/Desktop/Personal Work/Movie_data_pipeline/.venv/lib/python3.9/site-packages/airflow/example_dags/example_trigger_target_dag.py took 0.413 seconds
[2024-12-21T22:32:45.362+0530] {processor.py:186} INFO - Started process (PID=16161) to work on /Users/jayesh/Desktop/Personal Work/Movie_data_pipeline/.venv/lib/python3.9/site-packages/airflow/example_dags/example_trigger_target_dag.py
[2024-12-21T22:32:45.365+0530] {processor.py:914} INFO - Processing file /Users/jayesh/Desktop/Personal Work/Movie_data_pipeline/.venv/lib/python3.9/site-packages/airflow/example_dags/example_trigger_target_dag.py for tasks to queue
[2024-12-21T22:32:45.371+0530] {logging_mixin.py:190} INFO - [2024-12-21T22:32:45.371+0530] {dagbag.py:588} INFO - Filling up the DagBag from /Users/jayesh/Desktop/Personal Work/Movie_data_pipeline/.venv/lib/python3.9/site-packages/airflow/example_dags/example_trigger_target_dag.py
[2024-12-21T22:32:45.396+0530] {processor.py:925} INFO - DAG(s) 'example_trigger_target_dag' retrieved from /Users/jayesh/Desktop/Personal Work/Movie_data_pipeline/.venv/lib/python3.9/site-packages/airflow/example_dags/example_trigger_target_dag.py
[2024-12-21T22:32:45.667+0530] {logging_mixin.py:190} INFO - [2024-12-21T22:32:45.664+0530] {dag.py:3239} INFO - Sync 1 DAGs
[2024-12-21T22:32:45.752+0530] {logging_mixin.py:190} INFO - [2024-12-21T22:32:45.751+0530] {dag.py:4180} INFO - Setting next_dagrun for example_trigger_target_dag to None, run_after=None
[2024-12-21T22:32:45.845+0530] {processor.py:208} INFO - Processing /Users/jayesh/Desktop/Personal Work/Movie_data_pipeline/.venv/lib/python3.9/site-packages/airflow/example_dags/example_trigger_target_dag.py took 0.498 seconds
[2024-12-21T22:33:16.017+0530] {processor.py:186} INFO - Started process (PID=16362) to work on /Users/jayesh/Desktop/Personal Work/Movie_data_pipeline/.venv/lib/python3.9/site-packages/airflow/example_dags/example_trigger_target_dag.py
[2024-12-21T22:33:16.020+0530] {processor.py:914} INFO - Processing file /Users/jayesh/Desktop/Personal Work/Movie_data_pipeline/.venv/lib/python3.9/site-packages/airflow/example_dags/example_trigger_target_dag.py for tasks to queue
[2024-12-21T22:33:16.026+0530] {logging_mixin.py:190} INFO - [2024-12-21T22:33:16.025+0530] {dagbag.py:588} INFO - Filling up the DagBag from /Users/jayesh/Desktop/Personal Work/Movie_data_pipeline/.venv/lib/python3.9/site-packages/airflow/example_dags/example_trigger_target_dag.py
[2024-12-21T22:33:16.047+0530] {processor.py:925} INFO - DAG(s) 'example_trigger_target_dag' retrieved from /Users/jayesh/Desktop/Personal Work/Movie_data_pipeline/.venv/lib/python3.9/site-packages/airflow/example_dags/example_trigger_target_dag.py
[2024-12-21T22:33:16.126+0530] {logging_mixin.py:190} INFO - [2024-12-21T22:33:16.125+0530] {dag.py:3239} INFO - Sync 1 DAGs
[2024-12-21T22:33:16.160+0530] {logging_mixin.py:190} INFO - [2024-12-21T22:33:16.160+0530] {dag.py:4180} INFO - Setting next_dagrun for example_trigger_target_dag to None, run_after=None
[2024-12-21T22:33:16.194+0530] {processor.py:208} INFO - Processing /Users/jayesh/Desktop/Personal Work/Movie_data_pipeline/.venv/lib/python3.9/site-packages/airflow/example_dags/example_trigger_target_dag.py took 0.190 seconds
[2024-12-21T22:33:46.722+0530] {processor.py:186} INFO - Started process (PID=16563) to work on /Users/jayesh/Desktop/Personal Work/Movie_data_pipeline/.venv/lib/python3.9/site-packages/airflow/example_dags/example_trigger_target_dag.py
[2024-12-21T22:33:46.727+0530] {processor.py:914} INFO - Processing file /Users/jayesh/Desktop/Personal Work/Movie_data_pipeline/.venv/lib/python3.9/site-packages/airflow/example_dags/example_trigger_target_dag.py for tasks to queue
[2024-12-21T22:33:46.734+0530] {logging_mixin.py:190} INFO - [2024-12-21T22:33:46.733+0530] {dagbag.py:588} INFO - Filling up the DagBag from /Users/jayesh/Desktop/Personal Work/Movie_data_pipeline/.venv/lib/python3.9/site-packages/airflow/example_dags/example_trigger_target_dag.py
[2024-12-21T22:33:46.764+0530] {processor.py:925} INFO - DAG(s) 'example_trigger_target_dag' retrieved from /Users/jayesh/Desktop/Personal Work/Movie_data_pipeline/.venv/lib/python3.9/site-packages/airflow/example_dags/example_trigger_target_dag.py
[2024-12-21T22:33:46.866+0530] {logging_mixin.py:190} INFO - [2024-12-21T22:33:46.865+0530] {dag.py:3239} INFO - Sync 1 DAGs
[2024-12-21T22:33:46.913+0530] {logging_mixin.py:190} INFO - [2024-12-21T22:33:46.912+0530] {dag.py:4180} INFO - Setting next_dagrun for example_trigger_target_dag to None, run_after=None
[2024-12-21T22:33:46.967+0530] {processor.py:208} INFO - Processing /Users/jayesh/Desktop/Personal Work/Movie_data_pipeline/.venv/lib/python3.9/site-packages/airflow/example_dags/example_trigger_target_dag.py took 0.265 seconds
[2024-12-21T23:52:53.340+0530] {processor.py:186} INFO - Started process (PID=18021) to work on /Users/jayesh/Desktop/Personal Work/Movie_data_pipeline/.venv/lib/python3.9/site-packages/airflow/example_dags/example_trigger_target_dag.py
[2024-12-21T23:52:53.344+0530] {processor.py:914} INFO - Processing file /Users/jayesh/Desktop/Personal Work/Movie_data_pipeline/.venv/lib/python3.9/site-packages/airflow/example_dags/example_trigger_target_dag.py for tasks to queue
[2024-12-21T23:52:53.351+0530] {logging_mixin.py:190} INFO - [2024-12-21T23:52:53.349+0530] {dagbag.py:588} INFO - Filling up the DagBag from /Users/jayesh/Desktop/Personal Work/Movie_data_pipeline/.venv/lib/python3.9/site-packages/airflow/example_dags/example_trigger_target_dag.py
[2024-12-21T23:52:53.376+0530] {processor.py:925} INFO - DAG(s) 'example_trigger_target_dag' retrieved from /Users/jayesh/Desktop/Personal Work/Movie_data_pipeline/.venv/lib/python3.9/site-packages/airflow/example_dags/example_trigger_target_dag.py
[2024-12-21T23:52:53.493+0530] {logging_mixin.py:190} INFO - [2024-12-21T23:52:53.491+0530] {dag.py:3239} INFO - Sync 1 DAGs
[2024-12-21T23:52:53.632+0530] {logging_mixin.py:190} INFO - [2024-12-21T23:52:53.631+0530] {dag.py:4180} INFO - Setting next_dagrun for example_trigger_target_dag to None, run_after=None
[2024-12-21T23:52:53.740+0530] {processor.py:208} INFO - Processing /Users/jayesh/Desktop/Personal Work/Movie_data_pipeline/.venv/lib/python3.9/site-packages/airflow/example_dags/example_trigger_target_dag.py took 0.418 seconds
[2024-12-21T23:53:24.242+0530] {processor.py:186} INFO - Started process (PID=18257) to work on /Users/jayesh/Desktop/Personal Work/Movie_data_pipeline/.venv/lib/python3.9/site-packages/airflow/example_dags/example_trigger_target_dag.py
[2024-12-21T23:53:24.247+0530] {processor.py:914} INFO - Processing file /Users/jayesh/Desktop/Personal Work/Movie_data_pipeline/.venv/lib/python3.9/site-packages/airflow/example_dags/example_trigger_target_dag.py for tasks to queue
[2024-12-21T23:53:24.260+0530] {logging_mixin.py:190} INFO - [2024-12-21T23:53:24.259+0530] {dagbag.py:588} INFO - Filling up the DagBag from /Users/jayesh/Desktop/Personal Work/Movie_data_pipeline/.venv/lib/python3.9/site-packages/airflow/example_dags/example_trigger_target_dag.py
[2024-12-21T23:53:24.290+0530] {processor.py:925} INFO - DAG(s) 'example_trigger_target_dag' retrieved from /Users/jayesh/Desktop/Personal Work/Movie_data_pipeline/.venv/lib/python3.9/site-packages/airflow/example_dags/example_trigger_target_dag.py
[2024-12-21T23:53:24.411+0530] {logging_mixin.py:190} INFO - [2024-12-21T23:53:24.410+0530] {dag.py:3239} INFO - Sync 1 DAGs
[2024-12-21T23:53:24.493+0530] {logging_mixin.py:190} INFO - [2024-12-21T23:53:24.492+0530] {dag.py:4180} INFO - Setting next_dagrun for example_trigger_target_dag to None, run_after=None
[2024-12-21T23:53:24.581+0530] {processor.py:208} INFO - Processing /Users/jayesh/Desktop/Personal Work/Movie_data_pipeline/.venv/lib/python3.9/site-packages/airflow/example_dags/example_trigger_target_dag.py took 0.360 seconds
