[2024-12-21T10:25:05.523+0530] {processor.py:186} INFO - Started process (PID=2481) to work on /Users/jayesh/Desktop/Personal Work/Movie_data_pipeline/.venv/lib/python3.9/site-packages/airflow/example_dags/example_bash_decorator.py
[2024-12-21T10:25:05.526+0530] {processor.py:914} INFO - Processing file /Users/jayesh/Desktop/Personal Work/Movie_data_pipeline/.venv/lib/python3.9/site-packages/airflow/example_dags/example_bash_decorator.py for tasks to queue
[2024-12-21T10:25:05.528+0530] {logging_mixin.py:190} INFO - [2024-12-21T10:25:05.528+0530] {dagbag.py:588} INFO - Filling up the DagBag from /Users/jayesh/Desktop/Personal Work/Movie_data_pipeline/.venv/lib/python3.9/site-packages/airflow/example_dags/example_bash_decorator.py
[2024-12-21T10:25:05.734+0530] {processor.py:925} INFO - DAG(s) 'example_bash_decorator' retrieved from /Users/jayesh/Desktop/Personal Work/Movie_data_pipeline/.venv/lib/python3.9/site-packages/airflow/example_dags/example_bash_decorator.py
[2024-12-21T10:25:06.913+0530] {logging_mixin.py:190} INFO - [2024-12-21T10:25:06.913+0530] {dag.py:3239} INFO - Sync 1 DAGs
[2024-12-21T10:25:06.972+0530] {logging_mixin.py:190} INFO - [2024-12-21T10:25:06.970+0530] {dag.py:4180} INFO - Setting next_dagrun for example_bash_decorator to None, run_after=None
[2024-12-21T10:25:07.045+0530] {processor.py:208} INFO - Processing /Users/jayesh/Desktop/Personal Work/Movie_data_pipeline/.venv/lib/python3.9/site-packages/airflow/example_dags/example_bash_decorator.py took 1.535 seconds
[2024-12-21T10:27:53.475+0530] {processor.py:186} INFO - Started process (PID=2931) to work on /Users/jayesh/Desktop/Personal Work/Movie_data_pipeline/.venv/lib/python3.9/site-packages/airflow/example_dags/example_bash_decorator.py
[2024-12-21T10:27:53.478+0530] {processor.py:914} INFO - Processing file /Users/jayesh/Desktop/Personal Work/Movie_data_pipeline/.venv/lib/python3.9/site-packages/airflow/example_dags/example_bash_decorator.py for tasks to queue
[2024-12-21T10:27:53.480+0530] {logging_mixin.py:190} INFO - [2024-12-21T10:27:53.480+0530] {dagbag.py:588} INFO - Filling up the DagBag from /Users/jayesh/Desktop/Personal Work/Movie_data_pipeline/.venv/lib/python3.9/site-packages/airflow/example_dags/example_bash_decorator.py
[2024-12-21T10:27:53.544+0530] {processor.py:925} INFO - DAG(s) 'example_bash_decorator' retrieved from /Users/jayesh/Desktop/Personal Work/Movie_data_pipeline/.venv/lib/python3.9/site-packages/airflow/example_dags/example_bash_decorator.py
[2024-12-21T10:27:53.913+0530] {logging_mixin.py:190} INFO - [2024-12-21T10:27:53.913+0530] {dag.py:3239} INFO - Sync 1 DAGs
[2024-12-21T10:27:53.934+0530] {logging_mixin.py:190} INFO - [2024-12-21T10:27:53.933+0530] {dag.py:4180} INFO - Setting next_dagrun for example_bash_decorator to None, run_after=None
[2024-12-21T10:27:53.961+0530] {processor.py:208} INFO - Processing /Users/jayesh/Desktop/Personal Work/Movie_data_pipeline/.venv/lib/python3.9/site-packages/airflow/example_dags/example_bash_decorator.py took 0.494 seconds
[2024-12-21T10:30:37.840+0530] {processor.py:186} INFO - Started process (PID=3365) to work on /Users/jayesh/Desktop/Personal Work/Movie_data_pipeline/.venv/lib/python3.9/site-packages/airflow/example_dags/example_bash_decorator.py
[2024-12-21T10:30:37.841+0530] {processor.py:914} INFO - Processing file /Users/jayesh/Desktop/Personal Work/Movie_data_pipeline/.venv/lib/python3.9/site-packages/airflow/example_dags/example_bash_decorator.py for tasks to queue
[2024-12-21T10:30:37.843+0530] {logging_mixin.py:190} INFO - [2024-12-21T10:30:37.843+0530] {dagbag.py:588} INFO - Filling up the DagBag from /Users/jayesh/Desktop/Personal Work/Movie_data_pipeline/.venv/lib/python3.9/site-packages/airflow/example_dags/example_bash_decorator.py
[2024-12-21T10:30:37.907+0530] {processor.py:925} INFO - DAG(s) 'example_bash_decorator' retrieved from /Users/jayesh/Desktop/Personal Work/Movie_data_pipeline/.venv/lib/python3.9/site-packages/airflow/example_dags/example_bash_decorator.py
[2024-12-21T10:30:38.319+0530] {logging_mixin.py:190} INFO - [2024-12-21T10:30:38.318+0530] {dag.py:3239} INFO - Sync 1 DAGs
[2024-12-21T10:30:38.346+0530] {logging_mixin.py:190} INFO - [2024-12-21T10:30:38.346+0530] {dag.py:4180} INFO - Setting next_dagrun for example_bash_decorator to None, run_after=None
[2024-12-21T10:30:38.375+0530] {processor.py:208} INFO - Processing /Users/jayesh/Desktop/Personal Work/Movie_data_pipeline/.venv/lib/python3.9/site-packages/airflow/example_dags/example_bash_decorator.py took 0.540 seconds
[2024-12-21T10:49:28.602+0530] {processor.py:186} INFO - Started process (PID=4376) to work on /Users/jayesh/Desktop/Personal Work/Movie_data_pipeline/.venv/lib/python3.9/site-packages/airflow/example_dags/example_bash_decorator.py
[2024-12-21T10:49:28.605+0530] {processor.py:914} INFO - Processing file /Users/jayesh/Desktop/Personal Work/Movie_data_pipeline/.venv/lib/python3.9/site-packages/airflow/example_dags/example_bash_decorator.py for tasks to queue
[2024-12-21T10:49:28.607+0530] {logging_mixin.py:190} INFO - [2024-12-21T10:49:28.606+0530] {dagbag.py:588} INFO - Filling up the DagBag from /Users/jayesh/Desktop/Personal Work/Movie_data_pipeline/.venv/lib/python3.9/site-packages/airflow/example_dags/example_bash_decorator.py
[2024-12-21T10:49:28.700+0530] {processor.py:925} INFO - DAG(s) 'example_bash_decorator' retrieved from /Users/jayesh/Desktop/Personal Work/Movie_data_pipeline/.venv/lib/python3.9/site-packages/airflow/example_dags/example_bash_decorator.py
[2024-12-21T10:49:29.184+0530] {logging_mixin.py:190} INFO - [2024-12-21T10:49:29.184+0530] {dag.py:3239} INFO - Sync 1 DAGs
[2024-12-21T10:49:29.237+0530] {logging_mixin.py:190} INFO - [2024-12-21T10:49:29.237+0530] {dag.py:4180} INFO - Setting next_dagrun for example_bash_decorator to None, run_after=None
[2024-12-21T10:49:29.275+0530] {processor.py:208} INFO - Processing /Users/jayesh/Desktop/Personal Work/Movie_data_pipeline/.venv/lib/python3.9/site-packages/airflow/example_dags/example_bash_decorator.py took 0.677 seconds
[2024-12-21T10:52:55.947+0530] {processor.py:186} INFO - Started process (PID=5106) to work on /Users/jayesh/Desktop/Personal Work/Movie_data_pipeline/.venv/lib/python3.9/site-packages/airflow/example_dags/example_bash_decorator.py
[2024-12-21T10:52:55.948+0530] {processor.py:914} INFO - Processing file /Users/jayesh/Desktop/Personal Work/Movie_data_pipeline/.venv/lib/python3.9/site-packages/airflow/example_dags/example_bash_decorator.py for tasks to queue
[2024-12-21T10:52:55.950+0530] {logging_mixin.py:190} INFO - [2024-12-21T10:52:55.949+0530] {dagbag.py:588} INFO - Filling up the DagBag from /Users/jayesh/Desktop/Personal Work/Movie_data_pipeline/.venv/lib/python3.9/site-packages/airflow/example_dags/example_bash_decorator.py
[2024-12-21T10:52:56.010+0530] {processor.py:925} INFO - DAG(s) 'example_bash_decorator' retrieved from /Users/jayesh/Desktop/Personal Work/Movie_data_pipeline/.venv/lib/python3.9/site-packages/airflow/example_dags/example_bash_decorator.py
[2024-12-21T10:52:56.416+0530] {logging_mixin.py:190} INFO - [2024-12-21T10:52:56.416+0530] {dag.py:3239} INFO - Sync 1 DAGs
[2024-12-21T10:52:56.438+0530] {logging_mixin.py:190} INFO - [2024-12-21T10:52:56.438+0530] {dag.py:4180} INFO - Setting next_dagrun for example_bash_decorator to None, run_after=None
[2024-12-21T10:52:56.479+0530] {processor.py:208} INFO - Processing /Users/jayesh/Desktop/Personal Work/Movie_data_pipeline/.venv/lib/python3.9/site-packages/airflow/example_dags/example_bash_decorator.py took 0.536 seconds
[2024-12-21T11:56:31.435+0530] {processor.py:186} INFO - Started process (PID=6918) to work on /Users/jayesh/Desktop/Personal Work/Movie_data_pipeline/.venv/lib/python3.9/site-packages/airflow/example_dags/example_bash_decorator.py
[2024-12-21T11:56:31.439+0530] {processor.py:914} INFO - Processing file /Users/jayesh/Desktop/Personal Work/Movie_data_pipeline/.venv/lib/python3.9/site-packages/airflow/example_dags/example_bash_decorator.py for tasks to queue
[2024-12-21T11:56:31.441+0530] {logging_mixin.py:190} INFO - [2024-12-21T11:56:31.440+0530] {dagbag.py:588} INFO - Filling up the DagBag from /Users/jayesh/Desktop/Personal Work/Movie_data_pipeline/.venv/lib/python3.9/site-packages/airflow/example_dags/example_bash_decorator.py
[2024-12-21T11:56:31.520+0530] {processor.py:925} INFO - DAG(s) 'example_bash_decorator' retrieved from /Users/jayesh/Desktop/Personal Work/Movie_data_pipeline/.venv/lib/python3.9/site-packages/airflow/example_dags/example_bash_decorator.py
[2024-12-21T11:56:32.076+0530] {logging_mixin.py:190} INFO - [2024-12-21T11:56:32.076+0530] {dag.py:3239} INFO - Sync 1 DAGs
[2024-12-21T11:56:32.116+0530] {logging_mixin.py:190} INFO - [2024-12-21T11:56:32.116+0530] {dag.py:4180} INFO - Setting next_dagrun for example_bash_decorator to None, run_after=None
[2024-12-21T11:56:32.202+0530] {processor.py:208} INFO - Processing /Users/jayesh/Desktop/Personal Work/Movie_data_pipeline/.venv/lib/python3.9/site-packages/airflow/example_dags/example_bash_decorator.py took 0.773 seconds
[2024-12-21T11:59:41.922+0530] {processor.py:186} INFO - Started process (PID=7599) to work on /Users/jayesh/Desktop/Personal Work/Movie_data_pipeline/.venv/lib/python3.9/site-packages/airflow/example_dags/example_bash_decorator.py
[2024-12-21T11:59:41.924+0530] {processor.py:914} INFO - Processing file /Users/jayesh/Desktop/Personal Work/Movie_data_pipeline/.venv/lib/python3.9/site-packages/airflow/example_dags/example_bash_decorator.py for tasks to queue
[2024-12-21T11:59:41.926+0530] {logging_mixin.py:190} INFO - [2024-12-21T11:59:41.925+0530] {dagbag.py:588} INFO - Filling up the DagBag from /Users/jayesh/Desktop/Personal Work/Movie_data_pipeline/.venv/lib/python3.9/site-packages/airflow/example_dags/example_bash_decorator.py
[2024-12-21T11:59:41.989+0530] {processor.py:925} INFO - DAG(s) 'example_bash_decorator' retrieved from /Users/jayesh/Desktop/Personal Work/Movie_data_pipeline/.venv/lib/python3.9/site-packages/airflow/example_dags/example_bash_decorator.py
[2024-12-21T11:59:42.759+0530] {logging_mixin.py:190} INFO - [2024-12-21T11:59:42.759+0530] {dag.py:3239} INFO - Sync 1 DAGs
[2024-12-21T11:59:42.780+0530] {logging_mixin.py:190} INFO - [2024-12-21T11:59:42.780+0530] {dag.py:4180} INFO - Setting next_dagrun for example_bash_decorator to None, run_after=None
[2024-12-21T11:59:42.809+0530] {processor.py:208} INFO - Processing /Users/jayesh/Desktop/Personal Work/Movie_data_pipeline/.venv/lib/python3.9/site-packages/airflow/example_dags/example_bash_decorator.py took 0.892 seconds
[2024-12-21T12:03:07.141+0530] {processor.py:186} INFO - Started process (PID=8315) to work on /Users/jayesh/Desktop/Personal Work/Movie_data_pipeline/.venv/lib/python3.9/site-packages/airflow/example_dags/example_bash_decorator.py
[2024-12-21T12:03:07.144+0530] {processor.py:914} INFO - Processing file /Users/jayesh/Desktop/Personal Work/Movie_data_pipeline/.venv/lib/python3.9/site-packages/airflow/example_dags/example_bash_decorator.py for tasks to queue
[2024-12-21T12:03:07.145+0530] {logging_mixin.py:190} INFO - [2024-12-21T12:03:07.145+0530] {dagbag.py:588} INFO - Filling up the DagBag from /Users/jayesh/Desktop/Personal Work/Movie_data_pipeline/.venv/lib/python3.9/site-packages/airflow/example_dags/example_bash_decorator.py
[2024-12-21T12:03:07.209+0530] {processor.py:925} INFO - DAG(s) 'example_bash_decorator' retrieved from /Users/jayesh/Desktop/Personal Work/Movie_data_pipeline/.venv/lib/python3.9/site-packages/airflow/example_dags/example_bash_decorator.py
[2024-12-21T12:03:07.712+0530] {logging_mixin.py:190} INFO - [2024-12-21T12:03:07.712+0530] {dag.py:3239} INFO - Sync 1 DAGs
[2024-12-21T12:03:07.742+0530] {logging_mixin.py:190} INFO - [2024-12-21T12:03:07.739+0530] {dag.py:4180} INFO - Setting next_dagrun for example_bash_decorator to None, run_after=None
[2024-12-21T12:03:07.774+0530] {processor.py:208} INFO - Processing /Users/jayesh/Desktop/Personal Work/Movie_data_pipeline/.venv/lib/python3.9/site-packages/airflow/example_dags/example_bash_decorator.py took 0.639 seconds
[2024-12-21T12:06:33.055+0530] {processor.py:186} INFO - Started process (PID=9057) to work on /Users/jayesh/Desktop/Personal Work/Movie_data_pipeline/.venv/lib/python3.9/site-packages/airflow/example_dags/example_bash_decorator.py
[2024-12-21T12:06:33.057+0530] {processor.py:914} INFO - Processing file /Users/jayesh/Desktop/Personal Work/Movie_data_pipeline/.venv/lib/python3.9/site-packages/airflow/example_dags/example_bash_decorator.py for tasks to queue
[2024-12-21T12:06:33.060+0530] {logging_mixin.py:190} INFO - [2024-12-21T12:06:33.059+0530] {dagbag.py:588} INFO - Filling up the DagBag from /Users/jayesh/Desktop/Personal Work/Movie_data_pipeline/.venv/lib/python3.9/site-packages/airflow/example_dags/example_bash_decorator.py
[2024-12-21T12:06:33.124+0530] {processor.py:925} INFO - DAG(s) 'example_bash_decorator' retrieved from /Users/jayesh/Desktop/Personal Work/Movie_data_pipeline/.venv/lib/python3.9/site-packages/airflow/example_dags/example_bash_decorator.py
[2024-12-21T12:06:33.494+0530] {logging_mixin.py:190} INFO - [2024-12-21T12:06:33.494+0530] {dag.py:3239} INFO - Sync 1 DAGs
[2024-12-21T12:06:33.515+0530] {logging_mixin.py:190} INFO - [2024-12-21T12:06:33.515+0530] {dag.py:4180} INFO - Setting next_dagrun for example_bash_decorator to None, run_after=None
[2024-12-21T12:06:33.545+0530] {processor.py:208} INFO - Processing /Users/jayesh/Desktop/Personal Work/Movie_data_pipeline/.venv/lib/python3.9/site-packages/airflow/example_dags/example_bash_decorator.py took 0.495 seconds
[2024-12-21T22:32:24.804+0530] {processor.py:186} INFO - Started process (PID=16056) to work on /Users/jayesh/Desktop/Personal Work/Movie_data_pipeline/.venv/lib/python3.9/site-packages/airflow/example_dags/example_bash_decorator.py
[2024-12-21T22:32:24.807+0530] {processor.py:914} INFO - Processing file /Users/jayesh/Desktop/Personal Work/Movie_data_pipeline/.venv/lib/python3.9/site-packages/airflow/example_dags/example_bash_decorator.py for tasks to queue
[2024-12-21T22:32:24.813+0530] {logging_mixin.py:190} INFO - [2024-12-21T22:32:24.811+0530] {dagbag.py:588} INFO - Filling up the DagBag from /Users/jayesh/Desktop/Personal Work/Movie_data_pipeline/.venv/lib/python3.9/site-packages/airflow/example_dags/example_bash_decorator.py
[2024-12-21T22:32:24.849+0530] {processor.py:925} INFO - DAG(s) 'example_bash_decorator' retrieved from /Users/jayesh/Desktop/Personal Work/Movie_data_pipeline/.venv/lib/python3.9/site-packages/airflow/example_dags/example_bash_decorator.py
[2024-12-21T22:32:25.137+0530] {logging_mixin.py:190} INFO - [2024-12-21T22:32:25.136+0530] {dag.py:3239} INFO - Sync 1 DAGs
[2024-12-21T22:32:25.164+0530] {logging_mixin.py:190} INFO - [2024-12-21T22:32:25.163+0530] {dag.py:4180} INFO - Setting next_dagrun for example_bash_decorator to None, run_after=None
[2024-12-21T22:32:25.245+0530] {processor.py:208} INFO - Processing /Users/jayesh/Desktop/Personal Work/Movie_data_pipeline/.venv/lib/python3.9/site-packages/airflow/example_dags/example_bash_decorator.py took 0.457 seconds
[2024-12-21T22:33:02.096+0530] {processor.py:186} INFO - Started process (PID=16299) to work on /Users/jayesh/Desktop/Personal Work/Movie_data_pipeline/.venv/lib/python3.9/site-packages/airflow/example_dags/example_bash_decorator.py
[2024-12-21T22:33:02.099+0530] {processor.py:914} INFO - Processing file /Users/jayesh/Desktop/Personal Work/Movie_data_pipeline/.venv/lib/python3.9/site-packages/airflow/example_dags/example_bash_decorator.py for tasks to queue
[2024-12-21T22:33:02.111+0530] {logging_mixin.py:190} INFO - [2024-12-21T22:33:02.109+0530] {dagbag.py:588} INFO - Filling up the DagBag from /Users/jayesh/Desktop/Personal Work/Movie_data_pipeline/.venv/lib/python3.9/site-packages/airflow/example_dags/example_bash_decorator.py
[2024-12-21T22:33:02.164+0530] {processor.py:925} INFO - DAG(s) 'example_bash_decorator' retrieved from /Users/jayesh/Desktop/Personal Work/Movie_data_pipeline/.venv/lib/python3.9/site-packages/airflow/example_dags/example_bash_decorator.py
[2024-12-21T22:33:02.281+0530] {logging_mixin.py:190} INFO - [2024-12-21T22:33:02.280+0530] {dag.py:3239} INFO - Sync 1 DAGs
[2024-12-21T22:33:02.314+0530] {logging_mixin.py:190} INFO - [2024-12-21T22:33:02.313+0530] {dag.py:4180} INFO - Setting next_dagrun for example_bash_decorator to None, run_after=None
[2024-12-21T22:33:02.352+0530] {processor.py:208} INFO - Processing /Users/jayesh/Desktop/Personal Work/Movie_data_pipeline/.venv/lib/python3.9/site-packages/airflow/example_dags/example_bash_decorator.py took 0.280 seconds
[2024-12-21T22:33:33.378+0530] {processor.py:186} INFO - Started process (PID=16504) to work on /Users/jayesh/Desktop/Personal Work/Movie_data_pipeline/.venv/lib/python3.9/site-packages/airflow/example_dags/example_bash_decorator.py
[2024-12-21T22:33:33.381+0530] {processor.py:914} INFO - Processing file /Users/jayesh/Desktop/Personal Work/Movie_data_pipeline/.venv/lib/python3.9/site-packages/airflow/example_dags/example_bash_decorator.py for tasks to queue
[2024-12-21T22:33:33.386+0530] {logging_mixin.py:190} INFO - [2024-12-21T22:33:33.385+0530] {dagbag.py:588} INFO - Filling up the DagBag from /Users/jayesh/Desktop/Personal Work/Movie_data_pipeline/.venv/lib/python3.9/site-packages/airflow/example_dags/example_bash_decorator.py
[2024-12-21T22:33:33.413+0530] {processor.py:925} INFO - DAG(s) 'example_bash_decorator' retrieved from /Users/jayesh/Desktop/Personal Work/Movie_data_pipeline/.venv/lib/python3.9/site-packages/airflow/example_dags/example_bash_decorator.py
[2024-12-21T22:33:33.492+0530] {logging_mixin.py:190} INFO - [2024-12-21T22:33:33.491+0530] {dag.py:3239} INFO - Sync 1 DAGs
[2024-12-21T22:33:33.520+0530] {logging_mixin.py:190} INFO - [2024-12-21T22:33:33.519+0530] {dag.py:4180} INFO - Setting next_dagrun for example_bash_decorator to None, run_after=None
[2024-12-21T22:33:33.550+0530] {processor.py:208} INFO - Processing /Users/jayesh/Desktop/Personal Work/Movie_data_pipeline/.venv/lib/python3.9/site-packages/airflow/example_dags/example_bash_decorator.py took 0.185 seconds
[2024-12-21T23:53:09.601+0530] {processor.py:186} INFO - Started process (PID=18196) to work on /Users/jayesh/Desktop/Personal Work/Movie_data_pipeline/.venv/lib/python3.9/site-packages/airflow/example_dags/example_bash_decorator.py
[2024-12-21T23:53:09.605+0530] {processor.py:914} INFO - Processing file /Users/jayesh/Desktop/Personal Work/Movie_data_pipeline/.venv/lib/python3.9/site-packages/airflow/example_dags/example_bash_decorator.py for tasks to queue
[2024-12-21T23:53:09.610+0530] {logging_mixin.py:190} INFO - [2024-12-21T23:53:09.609+0530] {dagbag.py:588} INFO - Filling up the DagBag from /Users/jayesh/Desktop/Personal Work/Movie_data_pipeline/.venv/lib/python3.9/site-packages/airflow/example_dags/example_bash_decorator.py
[2024-12-21T23:53:09.648+0530] {processor.py:925} INFO - DAG(s) 'example_bash_decorator' retrieved from /Users/jayesh/Desktop/Personal Work/Movie_data_pipeline/.venv/lib/python3.9/site-packages/airflow/example_dags/example_bash_decorator.py
[2024-12-21T23:53:09.962+0530] {logging_mixin.py:190} INFO - [2024-12-21T23:53:09.961+0530] {dag.py:3239} INFO - Sync 1 DAGs
[2024-12-21T23:53:09.989+0530] {logging_mixin.py:190} INFO - [2024-12-21T23:53:09.989+0530] {dag.py:4180} INFO - Setting next_dagrun for example_bash_decorator to None, run_after=None
[2024-12-21T23:53:10.030+0530] {processor.py:208} INFO - Processing /Users/jayesh/Desktop/Personal Work/Movie_data_pipeline/.venv/lib/python3.9/site-packages/airflow/example_dags/example_bash_decorator.py took 0.445 seconds
[2024-12-21T23:53:41.662+0530] {processor.py:186} INFO - Started process (PID=18393) to work on /Users/jayesh/Desktop/Personal Work/Movie_data_pipeline/.venv/lib/python3.9/site-packages/airflow/example_dags/example_bash_decorator.py
[2024-12-21T23:53:41.666+0530] {processor.py:914} INFO - Processing file /Users/jayesh/Desktop/Personal Work/Movie_data_pipeline/.venv/lib/python3.9/site-packages/airflow/example_dags/example_bash_decorator.py for tasks to queue
[2024-12-21T23:53:41.674+0530] {logging_mixin.py:190} INFO - [2024-12-21T23:53:41.673+0530] {dagbag.py:588} INFO - Filling up the DagBag from /Users/jayesh/Desktop/Personal Work/Movie_data_pipeline/.venv/lib/python3.9/site-packages/airflow/example_dags/example_bash_decorator.py
[2024-12-21T23:53:41.723+0530] {processor.py:925} INFO - DAG(s) 'example_bash_decorator' retrieved from /Users/jayesh/Desktop/Personal Work/Movie_data_pipeline/.venv/lib/python3.9/site-packages/airflow/example_dags/example_bash_decorator.py
[2024-12-21T23:53:41.821+0530] {logging_mixin.py:190} INFO - [2024-12-21T23:53:41.820+0530] {dag.py:3239} INFO - Sync 1 DAGs
[2024-12-21T23:53:41.855+0530] {logging_mixin.py:190} INFO - [2024-12-21T23:53:41.854+0530] {dag.py:4180} INFO - Setting next_dagrun for example_bash_decorator to None, run_after=None
[2024-12-21T23:53:41.894+0530] {processor.py:208} INFO - Processing /Users/jayesh/Desktop/Personal Work/Movie_data_pipeline/.venv/lib/python3.9/site-packages/airflow/example_dags/example_bash_decorator.py took 0.257 seconds
