[2024-12-21T10:24:51.823+0530] {processor.py:186} INFO - Started process (PID=2447) to work on /Users/jayesh/Desktop/Personal Work/Movie_data_pipeline/.venv/lib/python3.9/site-packages/airflow/example_dags/example_branch_python_dop_operator_3.py
[2024-12-21T10:24:51.824+0530] {processor.py:914} INFO - Processing file /Users/jayesh/Desktop/Personal Work/Movie_data_pipeline/.venv/lib/python3.9/site-packages/airflow/example_dags/example_branch_python_dop_operator_3.py for tasks to queue
[2024-12-21T10:24:51.826+0530] {logging_mixin.py:190} INFO - [2024-12-21T10:24:51.826+0530] {dagbag.py:588} INFO - Filling up the DagBag from /Users/jayesh/Desktop/Personal Work/Movie_data_pipeline/.venv/lib/python3.9/site-packages/airflow/example_dags/example_branch_python_dop_operator_3.py
[2024-12-21T10:24:51.886+0530] {processor.py:925} INFO - DAG(s) 'example_branch_dop_operator_v3' retrieved from /Users/jayesh/Desktop/Personal Work/Movie_data_pipeline/.venv/lib/python3.9/site-packages/airflow/example_dags/example_branch_python_dop_operator_3.py
[2024-12-21T10:24:52.140+0530] {logging_mixin.py:190} INFO - [2024-12-21T10:24:52.140+0530] {dag.py:3239} INFO - Sync 1 DAGs
[2024-12-21T10:24:52.184+0530] {logging_mixin.py:190} INFO - [2024-12-21T10:24:52.184+0530] {dag.py:4180} INFO - Setting next_dagrun for example_branch_dop_operator_v3 to 2024-12-21 04:53:00+00:00, run_after=2024-12-21 04:54:00+00:00
[2024-12-21T10:24:52.221+0530] {processor.py:208} INFO - Processing /Users/jayesh/Desktop/Personal Work/Movie_data_pipeline/.venv/lib/python3.9/site-packages/airflow/example_dags/example_branch_python_dop_operator_3.py took 0.403 seconds
[2024-12-21T10:27:40.082+0530] {processor.py:186} INFO - Started process (PID=2881) to work on /Users/jayesh/Desktop/Personal Work/Movie_data_pipeline/.venv/lib/python3.9/site-packages/airflow/example_dags/example_branch_python_dop_operator_3.py
[2024-12-21T10:27:40.083+0530] {processor.py:914} INFO - Processing file /Users/jayesh/Desktop/Personal Work/Movie_data_pipeline/.venv/lib/python3.9/site-packages/airflow/example_dags/example_branch_python_dop_operator_3.py for tasks to queue
[2024-12-21T10:27:40.085+0530] {logging_mixin.py:190} INFO - [2024-12-21T10:27:40.085+0530] {dagbag.py:588} INFO - Filling up the DagBag from /Users/jayesh/Desktop/Personal Work/Movie_data_pipeline/.venv/lib/python3.9/site-packages/airflow/example_dags/example_branch_python_dop_operator_3.py
[2024-12-21T10:27:40.138+0530] {processor.py:925} INFO - DAG(s) 'example_branch_dop_operator_v3' retrieved from /Users/jayesh/Desktop/Personal Work/Movie_data_pipeline/.venv/lib/python3.9/site-packages/airflow/example_dags/example_branch_python_dop_operator_3.py
[2024-12-21T10:27:40.364+0530] {logging_mixin.py:190} INFO - [2024-12-21T10:27:40.363+0530] {dag.py:3239} INFO - Sync 1 DAGs
[2024-12-21T10:27:40.413+0530] {logging_mixin.py:190} INFO - [2024-12-21T10:27:40.412+0530] {dag.py:4180} INFO - Setting next_dagrun for example_branch_dop_operator_v3 to 2024-12-21 04:56:00+00:00, run_after=2024-12-21 04:57:00+00:00
[2024-12-21T10:27:40.445+0530] {processor.py:208} INFO - Processing /Users/jayesh/Desktop/Personal Work/Movie_data_pipeline/.venv/lib/python3.9/site-packages/airflow/example_dags/example_branch_python_dop_operator_3.py took 0.369 seconds
[2024-12-21T10:30:23.955+0530] {processor.py:186} INFO - Started process (PID=3332) to work on /Users/jayesh/Desktop/Personal Work/Movie_data_pipeline/.venv/lib/python3.9/site-packages/airflow/example_dags/example_branch_python_dop_operator_3.py
[2024-12-21T10:30:23.957+0530] {processor.py:914} INFO - Processing file /Users/jayesh/Desktop/Personal Work/Movie_data_pipeline/.venv/lib/python3.9/site-packages/airflow/example_dags/example_branch_python_dop_operator_3.py for tasks to queue
[2024-12-21T10:30:23.962+0530] {logging_mixin.py:190} INFO - [2024-12-21T10:30:23.962+0530] {dagbag.py:588} INFO - Filling up the DagBag from /Users/jayesh/Desktop/Personal Work/Movie_data_pipeline/.venv/lib/python3.9/site-packages/airflow/example_dags/example_branch_python_dop_operator_3.py
[2024-12-21T10:30:24.030+0530] {processor.py:925} INFO - DAG(s) 'example_branch_dop_operator_v3' retrieved from /Users/jayesh/Desktop/Personal Work/Movie_data_pipeline/.venv/lib/python3.9/site-packages/airflow/example_dags/example_branch_python_dop_operator_3.py
[2024-12-21T10:30:24.306+0530] {logging_mixin.py:190} INFO - [2024-12-21T10:30:24.305+0530] {dag.py:3239} INFO - Sync 1 DAGs
[2024-12-21T10:30:24.355+0530] {logging_mixin.py:190} INFO - [2024-12-21T10:30:24.354+0530] {dag.py:4180} INFO - Setting next_dagrun for example_branch_dop_operator_v3 to 2024-12-21 04:59:00+00:00, run_after=2024-12-21 05:00:00+00:00
[2024-12-21T10:30:24.391+0530] {processor.py:208} INFO - Processing /Users/jayesh/Desktop/Personal Work/Movie_data_pipeline/.venv/lib/python3.9/site-packages/airflow/example_dags/example_branch_python_dop_operator_3.py took 0.442 seconds
[2024-12-21T10:49:13.559+0530] {processor.py:186} INFO - Started process (PID=4323) to work on /Users/jayesh/Desktop/Personal Work/Movie_data_pipeline/.venv/lib/python3.9/site-packages/airflow/example_dags/example_branch_python_dop_operator_3.py
[2024-12-21T10:49:13.561+0530] {processor.py:914} INFO - Processing file /Users/jayesh/Desktop/Personal Work/Movie_data_pipeline/.venv/lib/python3.9/site-packages/airflow/example_dags/example_branch_python_dop_operator_3.py for tasks to queue
[2024-12-21T10:49:13.564+0530] {logging_mixin.py:190} INFO - [2024-12-21T10:49:13.563+0530] {dagbag.py:588} INFO - Filling up the DagBag from /Users/jayesh/Desktop/Personal Work/Movie_data_pipeline/.venv/lib/python3.9/site-packages/airflow/example_dags/example_branch_python_dop_operator_3.py
[2024-12-21T10:49:13.629+0530] {processor.py:925} INFO - DAG(s) 'example_branch_dop_operator_v3' retrieved from /Users/jayesh/Desktop/Personal Work/Movie_data_pipeline/.venv/lib/python3.9/site-packages/airflow/example_dags/example_branch_python_dop_operator_3.py
[2024-12-21T10:49:14.006+0530] {logging_mixin.py:190} INFO - [2024-12-21T10:49:14.004+0530] {dag.py:3239} INFO - Sync 1 DAGs
[2024-12-21T10:49:14.056+0530] {logging_mixin.py:190} INFO - [2024-12-21T10:49:14.055+0530] {dag.py:4180} INFO - Setting next_dagrun for example_branch_dop_operator_v3 to 2024-12-21 05:18:00+00:00, run_after=2024-12-21 05:19:00+00:00
[2024-12-21T10:49:14.087+0530] {processor.py:208} INFO - Processing /Users/jayesh/Desktop/Personal Work/Movie_data_pipeline/.venv/lib/python3.9/site-packages/airflow/example_dags/example_branch_python_dop_operator_3.py took 0.533 seconds
[2024-12-21T10:52:40.528+0530] {processor.py:186} INFO - Started process (PID=5053) to work on /Users/jayesh/Desktop/Personal Work/Movie_data_pipeline/.venv/lib/python3.9/site-packages/airflow/example_dags/example_branch_python_dop_operator_3.py
[2024-12-21T10:52:40.529+0530] {processor.py:914} INFO - Processing file /Users/jayesh/Desktop/Personal Work/Movie_data_pipeline/.venv/lib/python3.9/site-packages/airflow/example_dags/example_branch_python_dop_operator_3.py for tasks to queue
[2024-12-21T10:52:40.530+0530] {logging_mixin.py:190} INFO - [2024-12-21T10:52:40.530+0530] {dagbag.py:588} INFO - Filling up the DagBag from /Users/jayesh/Desktop/Personal Work/Movie_data_pipeline/.venv/lib/python3.9/site-packages/airflow/example_dags/example_branch_python_dop_operator_3.py
[2024-12-21T10:52:40.599+0530] {processor.py:925} INFO - DAG(s) 'example_branch_dop_operator_v3' retrieved from /Users/jayesh/Desktop/Personal Work/Movie_data_pipeline/.venv/lib/python3.9/site-packages/airflow/example_dags/example_branch_python_dop_operator_3.py
[2024-12-21T10:52:40.934+0530] {logging_mixin.py:190} INFO - [2024-12-21T10:52:40.934+0530] {dag.py:3239} INFO - Sync 1 DAGs
[2024-12-21T10:52:40.979+0530] {logging_mixin.py:190} INFO - [2024-12-21T10:52:40.978+0530] {dag.py:4180} INFO - Setting next_dagrun for example_branch_dop_operator_v3 to 2024-12-21 05:21:00+00:00, run_after=2024-12-21 05:22:00+00:00
[2024-12-21T10:52:41.009+0530] {processor.py:208} INFO - Processing /Users/jayesh/Desktop/Personal Work/Movie_data_pipeline/.venv/lib/python3.9/site-packages/airflow/example_dags/example_branch_python_dop_operator_3.py took 0.486 seconds
[2024-12-21T11:56:17.825+0530] {processor.py:186} INFO - Started process (PID=6870) to work on /Users/jayesh/Desktop/Personal Work/Movie_data_pipeline/.venv/lib/python3.9/site-packages/airflow/example_dags/example_branch_python_dop_operator_3.py
[2024-12-21T11:56:17.830+0530] {processor.py:914} INFO - Processing file /Users/jayesh/Desktop/Personal Work/Movie_data_pipeline/.venv/lib/python3.9/site-packages/airflow/example_dags/example_branch_python_dop_operator_3.py for tasks to queue
[2024-12-21T11:56:17.832+0530] {logging_mixin.py:190} INFO - [2024-12-21T11:56:17.832+0530] {dagbag.py:588} INFO - Filling up the DagBag from /Users/jayesh/Desktop/Personal Work/Movie_data_pipeline/.venv/lib/python3.9/site-packages/airflow/example_dags/example_branch_python_dop_operator_3.py
[2024-12-21T11:56:17.917+0530] {processor.py:925} INFO - DAG(s) 'example_branch_dop_operator_v3' retrieved from /Users/jayesh/Desktop/Personal Work/Movie_data_pipeline/.venv/lib/python3.9/site-packages/airflow/example_dags/example_branch_python_dop_operator_3.py
[2024-12-21T11:56:18.206+0530] {logging_mixin.py:190} INFO - [2024-12-21T11:56:18.205+0530] {dag.py:3239} INFO - Sync 1 DAGs
[2024-12-21T11:56:18.250+0530] {logging_mixin.py:190} INFO - [2024-12-21T11:56:18.250+0530] {dag.py:4180} INFO - Setting next_dagrun for example_branch_dop_operator_v3 to 2024-12-21 06:25:00+00:00, run_after=2024-12-21 06:26:00+00:00
[2024-12-21T11:56:18.284+0530] {processor.py:208} INFO - Processing /Users/jayesh/Desktop/Personal Work/Movie_data_pipeline/.venv/lib/python3.9/site-packages/airflow/example_dags/example_branch_python_dop_operator_3.py took 0.465 seconds
[2024-12-21T11:59:27.163+0530] {processor.py:186} INFO - Started process (PID=7550) to work on /Users/jayesh/Desktop/Personal Work/Movie_data_pipeline/.venv/lib/python3.9/site-packages/airflow/example_dags/example_branch_python_dop_operator_3.py
[2024-12-21T11:59:27.165+0530] {processor.py:914} INFO - Processing file /Users/jayesh/Desktop/Personal Work/Movie_data_pipeline/.venv/lib/python3.9/site-packages/airflow/example_dags/example_branch_python_dop_operator_3.py for tasks to queue
[2024-12-21T11:59:27.169+0530] {logging_mixin.py:190} INFO - [2024-12-21T11:59:27.168+0530] {dagbag.py:588} INFO - Filling up the DagBag from /Users/jayesh/Desktop/Personal Work/Movie_data_pipeline/.venv/lib/python3.9/site-packages/airflow/example_dags/example_branch_python_dop_operator_3.py
[2024-12-21T11:59:27.222+0530] {processor.py:925} INFO - DAG(s) 'example_branch_dop_operator_v3' retrieved from /Users/jayesh/Desktop/Personal Work/Movie_data_pipeline/.venv/lib/python3.9/site-packages/airflow/example_dags/example_branch_python_dop_operator_3.py
[2024-12-21T11:59:27.440+0530] {logging_mixin.py:190} INFO - [2024-12-21T11:59:27.440+0530] {dag.py:3239} INFO - Sync 1 DAGs
[2024-12-21T11:59:27.480+0530] {logging_mixin.py:190} INFO - [2024-12-21T11:59:27.480+0530] {dag.py:4180} INFO - Setting next_dagrun for example_branch_dop_operator_v3 to 2024-12-21 06:28:00+00:00, run_after=2024-12-21 06:29:00+00:00
[2024-12-21T11:59:27.508+0530] {processor.py:208} INFO - Processing /Users/jayesh/Desktop/Personal Work/Movie_data_pipeline/.venv/lib/python3.9/site-packages/airflow/example_dags/example_branch_python_dop_operator_3.py took 0.350 seconds
[2024-12-21T12:02:52.287+0530] {processor.py:186} INFO - Started process (PID=8262) to work on /Users/jayesh/Desktop/Personal Work/Movie_data_pipeline/.venv/lib/python3.9/site-packages/airflow/example_dags/example_branch_python_dop_operator_3.py
[2024-12-21T12:02:52.290+0530] {processor.py:914} INFO - Processing file /Users/jayesh/Desktop/Personal Work/Movie_data_pipeline/.venv/lib/python3.9/site-packages/airflow/example_dags/example_branch_python_dop_operator_3.py for tasks to queue
[2024-12-21T12:02:52.293+0530] {logging_mixin.py:190} INFO - [2024-12-21T12:02:52.292+0530] {dagbag.py:588} INFO - Filling up the DagBag from /Users/jayesh/Desktop/Personal Work/Movie_data_pipeline/.venv/lib/python3.9/site-packages/airflow/example_dags/example_branch_python_dop_operator_3.py
[2024-12-21T12:02:52.350+0530] {processor.py:925} INFO - DAG(s) 'example_branch_dop_operator_v3' retrieved from /Users/jayesh/Desktop/Personal Work/Movie_data_pipeline/.venv/lib/python3.9/site-packages/airflow/example_dags/example_branch_python_dop_operator_3.py
[2024-12-21T12:02:52.593+0530] {logging_mixin.py:190} INFO - [2024-12-21T12:02:52.592+0530] {dag.py:3239} INFO - Sync 1 DAGs
[2024-12-21T12:02:52.642+0530] {logging_mixin.py:190} INFO - [2024-12-21T12:02:52.641+0530] {dag.py:4180} INFO - Setting next_dagrun for example_branch_dop_operator_v3 to 2024-12-21 06:31:00+00:00, run_after=2024-12-21 06:32:00+00:00
[2024-12-21T12:02:52.712+0530] {processor.py:208} INFO - Processing /Users/jayesh/Desktop/Personal Work/Movie_data_pipeline/.venv/lib/python3.9/site-packages/airflow/example_dags/example_branch_python_dop_operator_3.py took 0.435 seconds
[2024-12-21T12:06:19.579+0530] {processor.py:186} INFO - Started process (PID=9006) to work on /Users/jayesh/Desktop/Personal Work/Movie_data_pipeline/.venv/lib/python3.9/site-packages/airflow/example_dags/example_branch_python_dop_operator_3.py
[2024-12-21T12:06:19.581+0530] {processor.py:914} INFO - Processing file /Users/jayesh/Desktop/Personal Work/Movie_data_pipeline/.venv/lib/python3.9/site-packages/airflow/example_dags/example_branch_python_dop_operator_3.py for tasks to queue
[2024-12-21T12:06:19.583+0530] {logging_mixin.py:190} INFO - [2024-12-21T12:06:19.582+0530] {dagbag.py:588} INFO - Filling up the DagBag from /Users/jayesh/Desktop/Personal Work/Movie_data_pipeline/.venv/lib/python3.9/site-packages/airflow/example_dags/example_branch_python_dop_operator_3.py
[2024-12-21T12:06:19.655+0530] {processor.py:925} INFO - DAG(s) 'example_branch_dop_operator_v3' retrieved from /Users/jayesh/Desktop/Personal Work/Movie_data_pipeline/.venv/lib/python3.9/site-packages/airflow/example_dags/example_branch_python_dop_operator_3.py
[2024-12-21T12:06:20.003+0530] {logging_mixin.py:190} INFO - [2024-12-21T12:06:20.002+0530] {dag.py:3239} INFO - Sync 1 DAGs
[2024-12-21T12:06:20.040+0530] {logging_mixin.py:190} INFO - [2024-12-21T12:06:20.040+0530] {dag.py:4180} INFO - Setting next_dagrun for example_branch_dop_operator_v3 to 2024-12-21 06:35:00+00:00, run_after=2024-12-21 06:36:00+00:00
[2024-12-21T12:06:20.069+0530] {processor.py:208} INFO - Processing /Users/jayesh/Desktop/Personal Work/Movie_data_pipeline/.venv/lib/python3.9/site-packages/airflow/example_dags/example_branch_python_dop_operator_3.py took 0.497 seconds
[2024-12-21T22:32:23.821+0530] {processor.py:186} INFO - Started process (PID=16037) to work on /Users/jayesh/Desktop/Personal Work/Movie_data_pipeline/.venv/lib/python3.9/site-packages/airflow/example_dags/example_branch_python_dop_operator_3.py
[2024-12-21T22:32:23.824+0530] {processor.py:914} INFO - Processing file /Users/jayesh/Desktop/Personal Work/Movie_data_pipeline/.venv/lib/python3.9/site-packages/airflow/example_dags/example_branch_python_dop_operator_3.py for tasks to queue
[2024-12-21T22:32:23.830+0530] {logging_mixin.py:190} INFO - [2024-12-21T22:32:23.830+0530] {dagbag.py:588} INFO - Filling up the DagBag from /Users/jayesh/Desktop/Personal Work/Movie_data_pipeline/.venv/lib/python3.9/site-packages/airflow/example_dags/example_branch_python_dop_operator_3.py
[2024-12-21T22:32:23.857+0530] {processor.py:925} INFO - DAG(s) 'example_branch_dop_operator_v3' retrieved from /Users/jayesh/Desktop/Personal Work/Movie_data_pipeline/.venv/lib/python3.9/site-packages/airflow/example_dags/example_branch_python_dop_operator_3.py
[2024-12-21T22:32:23.918+0530] {logging_mixin.py:190} INFO - [2024-12-21T22:32:23.917+0530] {dag.py:3239} INFO - Sync 1 DAGs
[2024-12-21T22:32:23.983+0530] {logging_mixin.py:190} INFO - [2024-12-21T22:32:23.982+0530] {dag.py:4180} INFO - Setting next_dagrun for example_branch_dop_operator_v3 to 2024-12-21 17:01:00+00:00, run_after=2024-12-21 17:02:00+00:00
[2024-12-21T22:32:24.050+0530] {processor.py:208} INFO - Processing /Users/jayesh/Desktop/Personal Work/Movie_data_pipeline/.venv/lib/python3.9/site-packages/airflow/example_dags/example_branch_python_dop_operator_3.py took 0.244 seconds
[2024-12-21T22:33:01.033+0530] {processor.py:186} INFO - Started process (PID=16278) to work on /Users/jayesh/Desktop/Personal Work/Movie_data_pipeline/.venv/lib/python3.9/site-packages/airflow/example_dags/example_branch_python_dop_operator_3.py
[2024-12-21T22:33:01.038+0530] {processor.py:914} INFO - Processing file /Users/jayesh/Desktop/Personal Work/Movie_data_pipeline/.venv/lib/python3.9/site-packages/airflow/example_dags/example_branch_python_dop_operator_3.py for tasks to queue
[2024-12-21T22:33:01.044+0530] {logging_mixin.py:190} INFO - [2024-12-21T22:33:01.043+0530] {dagbag.py:588} INFO - Filling up the DagBag from /Users/jayesh/Desktop/Personal Work/Movie_data_pipeline/.venv/lib/python3.9/site-packages/airflow/example_dags/example_branch_python_dop_operator_3.py
[2024-12-21T22:33:01.071+0530] {processor.py:925} INFO - DAG(s) 'example_branch_dop_operator_v3' retrieved from /Users/jayesh/Desktop/Personal Work/Movie_data_pipeline/.venv/lib/python3.9/site-packages/airflow/example_dags/example_branch_python_dop_operator_3.py
[2024-12-21T22:33:01.172+0530] {logging_mixin.py:190} INFO - [2024-12-21T22:33:01.171+0530] {dag.py:3239} INFO - Sync 1 DAGs
[2024-12-21T22:33:01.243+0530] {logging_mixin.py:190} INFO - [2024-12-21T22:33:01.241+0530] {dag.py:4180} INFO - Setting next_dagrun for example_branch_dop_operator_v3 to 2024-12-21 17:02:00+00:00, run_after=2024-12-21 17:03:00+00:00
[2024-12-21T22:33:01.308+0530] {processor.py:208} INFO - Processing /Users/jayesh/Desktop/Personal Work/Movie_data_pipeline/.venv/lib/python3.9/site-packages/airflow/example_dags/example_branch_python_dop_operator_3.py took 0.293 seconds
[2024-12-21T22:33:31.826+0530] {processor.py:186} INFO - Started process (PID=16481) to work on /Users/jayesh/Desktop/Personal Work/Movie_data_pipeline/.venv/lib/python3.9/site-packages/airflow/example_dags/example_branch_python_dop_operator_3.py
[2024-12-21T22:33:31.838+0530] {processor.py:914} INFO - Processing file /Users/jayesh/Desktop/Personal Work/Movie_data_pipeline/.venv/lib/python3.9/site-packages/airflow/example_dags/example_branch_python_dop_operator_3.py for tasks to queue
[2024-12-21T22:33:31.846+0530] {logging_mixin.py:190} INFO - [2024-12-21T22:33:31.845+0530] {dagbag.py:588} INFO - Filling up the DagBag from /Users/jayesh/Desktop/Personal Work/Movie_data_pipeline/.venv/lib/python3.9/site-packages/airflow/example_dags/example_branch_python_dop_operator_3.py
[2024-12-21T22:33:31.876+0530] {processor.py:925} INFO - DAG(s) 'example_branch_dop_operator_v3' retrieved from /Users/jayesh/Desktop/Personal Work/Movie_data_pipeline/.venv/lib/python3.9/site-packages/airflow/example_dags/example_branch_python_dop_operator_3.py
[2024-12-21T22:33:31.954+0530] {logging_mixin.py:190} INFO - [2024-12-21T22:33:31.953+0530] {dag.py:3239} INFO - Sync 1 DAGs
[2024-12-21T22:33:32.014+0530] {logging_mixin.py:190} INFO - [2024-12-21T22:33:32.014+0530] {dag.py:4180} INFO - Setting next_dagrun for example_branch_dop_operator_v3 to 2024-12-21 17:02:00+00:00, run_after=2024-12-21 17:03:00+00:00
[2024-12-21T22:33:32.051+0530] {processor.py:208} INFO - Processing /Users/jayesh/Desktop/Personal Work/Movie_data_pipeline/.venv/lib/python3.9/site-packages/airflow/example_dags/example_branch_python_dop_operator_3.py took 0.264 seconds
[2024-12-21T23:53:08.478+0530] {processor.py:186} INFO - Started process (PID=18175) to work on /Users/jayesh/Desktop/Personal Work/Movie_data_pipeline/.venv/lib/python3.9/site-packages/airflow/example_dags/example_branch_python_dop_operator_3.py
[2024-12-21T23:53:08.482+0530] {processor.py:914} INFO - Processing file /Users/jayesh/Desktop/Personal Work/Movie_data_pipeline/.venv/lib/python3.9/site-packages/airflow/example_dags/example_branch_python_dop_operator_3.py for tasks to queue
[2024-12-21T23:53:08.488+0530] {logging_mixin.py:190} INFO - [2024-12-21T23:53:08.487+0530] {dagbag.py:588} INFO - Filling up the DagBag from /Users/jayesh/Desktop/Personal Work/Movie_data_pipeline/.venv/lib/python3.9/site-packages/airflow/example_dags/example_branch_python_dop_operator_3.py
[2024-12-21T23:53:08.514+0530] {processor.py:925} INFO - DAG(s) 'example_branch_dop_operator_v3' retrieved from /Users/jayesh/Desktop/Personal Work/Movie_data_pipeline/.venv/lib/python3.9/site-packages/airflow/example_dags/example_branch_python_dop_operator_3.py
[2024-12-21T23:53:08.593+0530] {logging_mixin.py:190} INFO - [2024-12-21T23:53:08.592+0530] {dag.py:3239} INFO - Sync 1 DAGs
[2024-12-21T23:53:08.648+0530] {logging_mixin.py:190} INFO - [2024-12-21T23:53:08.647+0530] {dag.py:4180} INFO - Setting next_dagrun for example_branch_dop_operator_v3 to 2024-12-21 18:22:00+00:00, run_after=2024-12-21 18:23:00+00:00
[2024-12-21T23:53:08.717+0530] {processor.py:208} INFO - Processing /Users/jayesh/Desktop/Personal Work/Movie_data_pipeline/.venv/lib/python3.9/site-packages/airflow/example_dags/example_branch_python_dop_operator_3.py took 0.260 seconds
[2024-12-21T23:53:40.383+0530] {processor.py:186} INFO - Started process (PID=18370) to work on /Users/jayesh/Desktop/Personal Work/Movie_data_pipeline/.venv/lib/python3.9/site-packages/airflow/example_dags/example_branch_python_dop_operator_3.py
[2024-12-21T23:53:40.387+0530] {processor.py:914} INFO - Processing file /Users/jayesh/Desktop/Personal Work/Movie_data_pipeline/.venv/lib/python3.9/site-packages/airflow/example_dags/example_branch_python_dop_operator_3.py for tasks to queue
[2024-12-21T23:53:40.394+0530] {logging_mixin.py:190} INFO - [2024-12-21T23:53:40.393+0530] {dagbag.py:588} INFO - Filling up the DagBag from /Users/jayesh/Desktop/Personal Work/Movie_data_pipeline/.venv/lib/python3.9/site-packages/airflow/example_dags/example_branch_python_dop_operator_3.py
[2024-12-21T23:53:40.418+0530] {processor.py:925} INFO - DAG(s) 'example_branch_dop_operator_v3' retrieved from /Users/jayesh/Desktop/Personal Work/Movie_data_pipeline/.venv/lib/python3.9/site-packages/airflow/example_dags/example_branch_python_dop_operator_3.py
[2024-12-21T23:53:40.500+0530] {logging_mixin.py:190} INFO - [2024-12-21T23:53:40.499+0530] {dag.py:3239} INFO - Sync 1 DAGs
[2024-12-21T23:53:40.573+0530] {logging_mixin.py:190} INFO - [2024-12-21T23:53:40.572+0530] {dag.py:4180} INFO - Setting next_dagrun for example_branch_dop_operator_v3 to 2024-12-21 18:22:00+00:00, run_after=2024-12-21 18:23:00+00:00
[2024-12-21T23:53:40.614+0530] {processor.py:208} INFO - Processing /Users/jayesh/Desktop/Personal Work/Movie_data_pipeline/.venv/lib/python3.9/site-packages/airflow/example_dags/example_branch_python_dop_operator_3.py took 0.248 seconds
