[2024-12-21T10:24:39.740+0530] {processor.py:186} INFO - Started process (PID=2419) to work on /Users/jayesh/Desktop/Personal Work/Movie_data_pipeline/.venv/lib/python3.9/site-packages/airflow/example_dags/example_datasets.py
[2024-12-21T10:24:39.742+0530] {processor.py:914} INFO - Processing file /Users/jayesh/Desktop/Personal Work/Movie_data_pipeline/.venv/lib/python3.9/site-packages/airflow/example_dags/example_datasets.py for tasks to queue
[2024-12-21T10:24:39.746+0530] {logging_mixin.py:190} INFO - [2024-12-21T10:24:39.745+0530] {dagbag.py:588} INFO - Filling up the DagBag from /Users/jayesh/Desktop/Personal Work/Movie_data_pipeline/.venv/lib/python3.9/site-packages/airflow/example_dags/example_datasets.py
[2024-12-21T10:24:40.814+0530] {processor.py:925} INFO - DAG(s) 'consume_1_or_2_with_dataset_expressions', 'conditional_dataset_and_time_based_timetable', 'consume_1_or_both_2_and_3_with_dataset_expressions', 'dataset_produces_1', 'dataset_consumes_1_never_scheduled', 'dataset_consumes_unknown_never_scheduled', 'consume_1_and_2_with_dataset_expressions', 'dataset_consumes_1_and_2', 'dataset_produces_2', 'dataset_consumes_1' retrieved from /Users/jayesh/Desktop/Personal Work/Movie_data_pipeline/.venv/lib/python3.9/site-packages/airflow/example_dags/example_datasets.py
[2024-12-21T10:24:41.163+0530] {logging_mixin.py:190} INFO - [2024-12-21T10:24:41.163+0530] {dag.py:3239} INFO - Sync 10 DAGs
[2024-12-21T10:24:41.221+0530] {logging_mixin.py:190} INFO - [2024-12-21T10:24:41.221+0530] {dag.py:4180} INFO - Setting next_dagrun for conditional_dataset_and_time_based_timetable to 2024-12-18 01:00:00+00:00, run_after=2024-12-18 01:00:00+00:00
[2024-12-21T10:24:41.227+0530] {logging_mixin.py:190} INFO - [2024-12-21T10:24:41.227+0530] {dag.py:4180} INFO - Setting next_dagrun for consume_1_and_2_with_dataset_expressions to None, run_after=None
[2024-12-21T10:24:41.229+0530] {logging_mixin.py:190} INFO - [2024-12-21T10:24:41.229+0530] {dag.py:4180} INFO - Setting next_dagrun for consume_1_or_2_with_dataset_expressions to None, run_after=None
[2024-12-21T10:24:41.231+0530] {logging_mixin.py:190} INFO - [2024-12-21T10:24:41.231+0530] {dag.py:4180} INFO - Setting next_dagrun for consume_1_or_both_2_and_3_with_dataset_expressions to None, run_after=None
[2024-12-21T10:24:41.233+0530] {logging_mixin.py:190} INFO - [2024-12-21T10:24:41.233+0530] {dag.py:4180} INFO - Setting next_dagrun for dataset_consumes_1 to None, run_after=None
[2024-12-21T10:24:41.235+0530] {logging_mixin.py:190} INFO - [2024-12-21T10:24:41.235+0530] {dag.py:4180} INFO - Setting next_dagrun for dataset_consumes_1_and_2 to None, run_after=None
[2024-12-21T10:24:41.239+0530] {logging_mixin.py:190} INFO - [2024-12-21T10:24:41.238+0530] {dag.py:4180} INFO - Setting next_dagrun for dataset_consumes_1_never_scheduled to None, run_after=None
[2024-12-21T10:24:41.242+0530] {logging_mixin.py:190} INFO - [2024-12-21T10:24:41.242+0530] {dag.py:4180} INFO - Setting next_dagrun for dataset_consumes_unknown_never_scheduled to None, run_after=None
[2024-12-21T10:24:41.247+0530] {logging_mixin.py:190} INFO - [2024-12-21T10:24:41.247+0530] {dag.py:4180} INFO - Setting next_dagrun for dataset_produces_1 to 2024-12-20 00:00:00+00:00, run_after=2024-12-21 00:00:00+00:00
[2024-12-21T10:24:41.249+0530] {logging_mixin.py:190} INFO - [2024-12-21T10:24:41.249+0530] {dag.py:4180} INFO - Setting next_dagrun for dataset_produces_2 to None, run_after=None
[2024-12-21T10:24:41.301+0530] {processor.py:208} INFO - Processing /Users/jayesh/Desktop/Personal Work/Movie_data_pipeline/.venv/lib/python3.9/site-packages/airflow/example_dags/example_datasets.py took 1.570 seconds
[2024-12-21T10:27:30.963+0530] {processor.py:186} INFO - Started process (PID=2861) to work on /Users/jayesh/Desktop/Personal Work/Movie_data_pipeline/.venv/lib/python3.9/site-packages/airflow/example_dags/example_datasets.py
[2024-12-21T10:27:30.965+0530] {processor.py:914} INFO - Processing file /Users/jayesh/Desktop/Personal Work/Movie_data_pipeline/.venv/lib/python3.9/site-packages/airflow/example_dags/example_datasets.py for tasks to queue
[2024-12-21T10:27:30.968+0530] {logging_mixin.py:190} INFO - [2024-12-21T10:27:30.968+0530] {dagbag.py:588} INFO - Filling up the DagBag from /Users/jayesh/Desktop/Personal Work/Movie_data_pipeline/.venv/lib/python3.9/site-packages/airflow/example_dags/example_datasets.py
[2024-12-21T10:27:31.666+0530] {processor.py:925} INFO - DAG(s) 'consume_1_or_both_2_and_3_with_dataset_expressions', 'consume_1_and_2_with_dataset_expressions', 'dataset_produces_1', 'dataset_produces_2', 'conditional_dataset_and_time_based_timetable', 'dataset_consumes_1_and_2', 'consume_1_or_2_with_dataset_expressions', 'dataset_consumes_1_never_scheduled', 'dataset_consumes_unknown_never_scheduled', 'dataset_consumes_1' retrieved from /Users/jayesh/Desktop/Personal Work/Movie_data_pipeline/.venv/lib/python3.9/site-packages/airflow/example_dags/example_datasets.py
[2024-12-21T10:27:31.913+0530] {logging_mixin.py:190} INFO - [2024-12-21T10:27:31.912+0530] {dag.py:3239} INFO - Sync 10 DAGs
[2024-12-21T10:27:31.950+0530] {logging_mixin.py:190} INFO - [2024-12-21T10:27:31.950+0530] {dag.py:4180} INFO - Setting next_dagrun for conditional_dataset_and_time_based_timetable to 2024-12-18 01:00:00+00:00, run_after=2024-12-18 01:00:00+00:00
[2024-12-21T10:27:31.955+0530] {logging_mixin.py:190} INFO - [2024-12-21T10:27:31.955+0530] {dag.py:4180} INFO - Setting next_dagrun for consume_1_and_2_with_dataset_expressions to None, run_after=None
[2024-12-21T10:27:31.957+0530] {logging_mixin.py:190} INFO - [2024-12-21T10:27:31.957+0530] {dag.py:4180} INFO - Setting next_dagrun for consume_1_or_2_with_dataset_expressions to None, run_after=None
[2024-12-21T10:27:31.959+0530] {logging_mixin.py:190} INFO - [2024-12-21T10:27:31.959+0530] {dag.py:4180} INFO - Setting next_dagrun for consume_1_or_both_2_and_3_with_dataset_expressions to None, run_after=None
[2024-12-21T10:27:31.962+0530] {logging_mixin.py:190} INFO - [2024-12-21T10:27:31.962+0530] {dag.py:4180} INFO - Setting next_dagrun for dataset_consumes_1 to None, run_after=None
[2024-12-21T10:27:31.965+0530] {logging_mixin.py:190} INFO - [2024-12-21T10:27:31.964+0530] {dag.py:4180} INFO - Setting next_dagrun for dataset_consumes_1_and_2 to None, run_after=None
[2024-12-21T10:27:31.967+0530] {logging_mixin.py:190} INFO - [2024-12-21T10:27:31.966+0530] {dag.py:4180} INFO - Setting next_dagrun for dataset_consumes_1_never_scheduled to None, run_after=None
[2024-12-21T10:27:31.969+0530] {logging_mixin.py:190} INFO - [2024-12-21T10:27:31.968+0530] {dag.py:4180} INFO - Setting next_dagrun for dataset_consumes_unknown_never_scheduled to None, run_after=None
[2024-12-21T10:27:31.973+0530] {logging_mixin.py:190} INFO - [2024-12-21T10:27:31.972+0530] {dag.py:4180} INFO - Setting next_dagrun for dataset_produces_1 to 2024-12-20 00:00:00+00:00, run_after=2024-12-21 00:00:00+00:00
[2024-12-21T10:27:31.975+0530] {logging_mixin.py:190} INFO - [2024-12-21T10:27:31.975+0530] {dag.py:4180} INFO - Setting next_dagrun for dataset_produces_2 to None, run_after=None
[2024-12-21T10:27:32.029+0530] {processor.py:208} INFO - Processing /Users/jayesh/Desktop/Personal Work/Movie_data_pipeline/.venv/lib/python3.9/site-packages/airflow/example_dags/example_datasets.py took 1.071 seconds
[2024-12-21T10:30:08.828+0530] {processor.py:186} INFO - Started process (PID=3300) to work on /Users/jayesh/Desktop/Personal Work/Movie_data_pipeline/.venv/lib/python3.9/site-packages/airflow/example_dags/example_datasets.py
[2024-12-21T10:30:08.830+0530] {processor.py:914} INFO - Processing file /Users/jayesh/Desktop/Personal Work/Movie_data_pipeline/.venv/lib/python3.9/site-packages/airflow/example_dags/example_datasets.py for tasks to queue
[2024-12-21T10:30:08.834+0530] {logging_mixin.py:190} INFO - [2024-12-21T10:30:08.833+0530] {dagbag.py:588} INFO - Filling up the DagBag from /Users/jayesh/Desktop/Personal Work/Movie_data_pipeline/.venv/lib/python3.9/site-packages/airflow/example_dags/example_datasets.py
[2024-12-21T10:30:09.684+0530] {processor.py:925} INFO - DAG(s) 'consume_1_and_2_with_dataset_expressions', 'dataset_consumes_1', 'dataset_consumes_1_never_scheduled', 'dataset_consumes_unknown_never_scheduled', 'dataset_produces_1', 'conditional_dataset_and_time_based_timetable', 'consume_1_or_both_2_and_3_with_dataset_expressions', 'dataset_consumes_1_and_2', 'consume_1_or_2_with_dataset_expressions', 'dataset_produces_2' retrieved from /Users/jayesh/Desktop/Personal Work/Movie_data_pipeline/.venv/lib/python3.9/site-packages/airflow/example_dags/example_datasets.py
[2024-12-21T10:30:09.943+0530] {logging_mixin.py:190} INFO - [2024-12-21T10:30:09.943+0530] {dag.py:3239} INFO - Sync 10 DAGs
[2024-12-21T10:30:09.985+0530] {logging_mixin.py:190} INFO - [2024-12-21T10:30:09.985+0530] {dag.py:4180} INFO - Setting next_dagrun for conditional_dataset_and_time_based_timetable to 2024-12-18 01:00:00+00:00, run_after=2024-12-18 01:00:00+00:00
[2024-12-21T10:30:09.990+0530] {logging_mixin.py:190} INFO - [2024-12-21T10:30:09.990+0530] {dag.py:4180} INFO - Setting next_dagrun for consume_1_and_2_with_dataset_expressions to None, run_after=None
[2024-12-21T10:30:09.992+0530] {logging_mixin.py:190} INFO - [2024-12-21T10:30:09.992+0530] {dag.py:4180} INFO - Setting next_dagrun for consume_1_or_2_with_dataset_expressions to None, run_after=None
[2024-12-21T10:30:09.994+0530] {logging_mixin.py:190} INFO - [2024-12-21T10:30:09.994+0530] {dag.py:4180} INFO - Setting next_dagrun for consume_1_or_both_2_and_3_with_dataset_expressions to None, run_after=None
[2024-12-21T10:30:09.998+0530] {logging_mixin.py:190} INFO - [2024-12-21T10:30:09.997+0530] {dag.py:4180} INFO - Setting next_dagrun for dataset_consumes_1 to None, run_after=None
[2024-12-21T10:30:10.000+0530] {logging_mixin.py:190} INFO - [2024-12-21T10:30:09.999+0530] {dag.py:4180} INFO - Setting next_dagrun for dataset_consumes_1_and_2 to None, run_after=None
[2024-12-21T10:30:10.002+0530] {logging_mixin.py:190} INFO - [2024-12-21T10:30:10.001+0530] {dag.py:4180} INFO - Setting next_dagrun for dataset_consumes_1_never_scheduled to None, run_after=None
[2024-12-21T10:30:10.004+0530] {logging_mixin.py:190} INFO - [2024-12-21T10:30:10.003+0530] {dag.py:4180} INFO - Setting next_dagrun for dataset_consumes_unknown_never_scheduled to None, run_after=None
[2024-12-21T10:30:10.008+0530] {logging_mixin.py:190} INFO - [2024-12-21T10:30:10.007+0530] {dag.py:4180} INFO - Setting next_dagrun for dataset_produces_1 to 2024-12-20 00:00:00+00:00, run_after=2024-12-21 00:00:00+00:00
[2024-12-21T10:30:10.010+0530] {logging_mixin.py:190} INFO - [2024-12-21T10:30:10.009+0530] {dag.py:4180} INFO - Setting next_dagrun for dataset_produces_2 to None, run_after=None
[2024-12-21T10:30:10.068+0530] {processor.py:208} INFO - Processing /Users/jayesh/Desktop/Personal Work/Movie_data_pipeline/.venv/lib/python3.9/site-packages/airflow/example_dags/example_datasets.py took 1.246 seconds
[2024-12-21T10:48:57.335+0530] {processor.py:186} INFO - Started process (PID=4284) to work on /Users/jayesh/Desktop/Personal Work/Movie_data_pipeline/.venv/lib/python3.9/site-packages/airflow/example_dags/example_datasets.py
[2024-12-21T10:48:57.338+0530] {processor.py:914} INFO - Processing file /Users/jayesh/Desktop/Personal Work/Movie_data_pipeline/.venv/lib/python3.9/site-packages/airflow/example_dags/example_datasets.py for tasks to queue
[2024-12-21T10:48:57.340+0530] {logging_mixin.py:190} INFO - [2024-12-21T10:48:57.340+0530] {dagbag.py:588} INFO - Filling up the DagBag from /Users/jayesh/Desktop/Personal Work/Movie_data_pipeline/.venv/lib/python3.9/site-packages/airflow/example_dags/example_datasets.py
[2024-12-21T10:48:58.168+0530] {processor.py:925} INFO - DAG(s) 'consume_1_or_2_with_dataset_expressions', 'consume_1_and_2_with_dataset_expressions', 'dataset_consumes_1', 'dataset_produces_2', 'dataset_produces_1', 'dataset_consumes_unknown_never_scheduled', 'dataset_consumes_1_and_2', 'conditional_dataset_and_time_based_timetable', 'consume_1_or_both_2_and_3_with_dataset_expressions', 'dataset_consumes_1_never_scheduled' retrieved from /Users/jayesh/Desktop/Personal Work/Movie_data_pipeline/.venv/lib/python3.9/site-packages/airflow/example_dags/example_datasets.py
[2024-12-21T10:48:58.485+0530] {logging_mixin.py:190} INFO - [2024-12-21T10:48:58.485+0530] {dag.py:3239} INFO - Sync 10 DAGs
[2024-12-21T10:48:58.533+0530] {logging_mixin.py:190} INFO - [2024-12-21T10:48:58.533+0530] {dag.py:4180} INFO - Setting next_dagrun for conditional_dataset_and_time_based_timetable to 2024-12-18 01:00:00+00:00, run_after=2024-12-18 01:00:00+00:00
[2024-12-21T10:48:58.538+0530] {logging_mixin.py:190} INFO - [2024-12-21T10:48:58.538+0530] {dag.py:4180} INFO - Setting next_dagrun for consume_1_and_2_with_dataset_expressions to None, run_after=None
[2024-12-21T10:48:58.540+0530] {logging_mixin.py:190} INFO - [2024-12-21T10:48:58.540+0530] {dag.py:4180} INFO - Setting next_dagrun for consume_1_or_2_with_dataset_expressions to None, run_after=None
[2024-12-21T10:48:58.542+0530] {logging_mixin.py:190} INFO - [2024-12-21T10:48:58.542+0530] {dag.py:4180} INFO - Setting next_dagrun for consume_1_or_both_2_and_3_with_dataset_expressions to None, run_after=None
[2024-12-21T10:48:58.544+0530] {logging_mixin.py:190} INFO - [2024-12-21T10:48:58.544+0530] {dag.py:4180} INFO - Setting next_dagrun for dataset_consumes_1 to None, run_after=None
[2024-12-21T10:48:58.549+0530] {logging_mixin.py:190} INFO - [2024-12-21T10:48:58.549+0530] {dag.py:4180} INFO - Setting next_dagrun for dataset_consumes_1_and_2 to None, run_after=None
[2024-12-21T10:48:58.552+0530] {logging_mixin.py:190} INFO - [2024-12-21T10:48:58.551+0530] {dag.py:4180} INFO - Setting next_dagrun for dataset_consumes_1_never_scheduled to None, run_after=None
[2024-12-21T10:48:58.554+0530] {logging_mixin.py:190} INFO - [2024-12-21T10:48:58.554+0530] {dag.py:4180} INFO - Setting next_dagrun for dataset_consumes_unknown_never_scheduled to None, run_after=None
[2024-12-21T10:48:58.558+0530] {logging_mixin.py:190} INFO - [2024-12-21T10:48:58.558+0530] {dag.py:4180} INFO - Setting next_dagrun for dataset_produces_1 to 2024-12-20 00:00:00+00:00, run_after=2024-12-21 00:00:00+00:00
[2024-12-21T10:48:58.560+0530] {logging_mixin.py:190} INFO - [2024-12-21T10:48:58.560+0530] {dag.py:4180} INFO - Setting next_dagrun for dataset_produces_2 to None, run_after=None
[2024-12-21T10:48:58.624+0530] {processor.py:208} INFO - Processing /Users/jayesh/Desktop/Personal Work/Movie_data_pipeline/.venv/lib/python3.9/site-packages/airflow/example_dags/example_datasets.py took 1.296 seconds
[2024-12-21T10:52:28.676+0530] {processor.py:186} INFO - Started process (PID=5012) to work on /Users/jayesh/Desktop/Personal Work/Movie_data_pipeline/.venv/lib/python3.9/site-packages/airflow/example_dags/example_datasets.py
[2024-12-21T10:52:28.677+0530] {processor.py:914} INFO - Processing file /Users/jayesh/Desktop/Personal Work/Movie_data_pipeline/.venv/lib/python3.9/site-packages/airflow/example_dags/example_datasets.py for tasks to queue
[2024-12-21T10:52:28.678+0530] {logging_mixin.py:190} INFO - [2024-12-21T10:52:28.678+0530] {dagbag.py:588} INFO - Filling up the DagBag from /Users/jayesh/Desktop/Personal Work/Movie_data_pipeline/.venv/lib/python3.9/site-packages/airflow/example_dags/example_datasets.py
[2024-12-21T10:52:29.359+0530] {processor.py:925} INFO - DAG(s) 'dataset_consumes_1', 'conditional_dataset_and_time_based_timetable', 'dataset_produces_1', 'consume_1_and_2_with_dataset_expressions', 'dataset_consumes_1_and_2', 'dataset_consumes_unknown_never_scheduled', 'consume_1_or_2_with_dataset_expressions', 'consume_1_or_both_2_and_3_with_dataset_expressions', 'dataset_produces_2', 'dataset_consumes_1_never_scheduled' retrieved from /Users/jayesh/Desktop/Personal Work/Movie_data_pipeline/.venv/lib/python3.9/site-packages/airflow/example_dags/example_datasets.py
[2024-12-21T10:52:29.626+0530] {logging_mixin.py:190} INFO - [2024-12-21T10:52:29.626+0530] {dag.py:3239} INFO - Sync 10 DAGs
[2024-12-21T10:52:29.683+0530] {logging_mixin.py:190} INFO - [2024-12-21T10:52:29.682+0530] {dag.py:4180} INFO - Setting next_dagrun for conditional_dataset_and_time_based_timetable to 2024-12-18 01:00:00+00:00, run_after=2024-12-18 01:00:00+00:00
[2024-12-21T10:52:29.690+0530] {logging_mixin.py:190} INFO - [2024-12-21T10:52:29.689+0530] {dag.py:4180} INFO - Setting next_dagrun for consume_1_and_2_with_dataset_expressions to None, run_after=None
[2024-12-21T10:52:29.692+0530] {logging_mixin.py:190} INFO - [2024-12-21T10:52:29.692+0530] {dag.py:4180} INFO - Setting next_dagrun for consume_1_or_2_with_dataset_expressions to None, run_after=None
[2024-12-21T10:52:29.694+0530] {logging_mixin.py:190} INFO - [2024-12-21T10:52:29.694+0530] {dag.py:4180} INFO - Setting next_dagrun for consume_1_or_both_2_and_3_with_dataset_expressions to None, run_after=None
[2024-12-21T10:52:29.696+0530] {logging_mixin.py:190} INFO - [2024-12-21T10:52:29.696+0530] {dag.py:4180} INFO - Setting next_dagrun for dataset_consumes_1 to None, run_after=None
[2024-12-21T10:52:29.698+0530] {logging_mixin.py:190} INFO - [2024-12-21T10:52:29.698+0530] {dag.py:4180} INFO - Setting next_dagrun for dataset_consumes_1_and_2 to None, run_after=None
[2024-12-21T10:52:29.700+0530] {logging_mixin.py:190} INFO - [2024-12-21T10:52:29.700+0530] {dag.py:4180} INFO - Setting next_dagrun for dataset_consumes_1_never_scheduled to None, run_after=None
[2024-12-21T10:52:29.703+0530] {logging_mixin.py:190} INFO - [2024-12-21T10:52:29.703+0530] {dag.py:4180} INFO - Setting next_dagrun for dataset_consumes_unknown_never_scheduled to None, run_after=None
[2024-12-21T10:52:29.707+0530] {logging_mixin.py:190} INFO - [2024-12-21T10:52:29.707+0530] {dag.py:4180} INFO - Setting next_dagrun for dataset_produces_1 to 2024-12-20 00:00:00+00:00, run_after=2024-12-21 00:00:00+00:00
[2024-12-21T10:52:29.709+0530] {logging_mixin.py:190} INFO - [2024-12-21T10:52:29.709+0530] {dag.py:4180} INFO - Setting next_dagrun for dataset_produces_2 to None, run_after=None
[2024-12-21T10:52:29.764+0530] {processor.py:208} INFO - Processing /Users/jayesh/Desktop/Personal Work/Movie_data_pipeline/.venv/lib/python3.9/site-packages/airflow/example_dags/example_datasets.py took 1.093 seconds
[2024-12-21T11:56:05.063+0530] {processor.py:186} INFO - Started process (PID=6828) to work on /Users/jayesh/Desktop/Personal Work/Movie_data_pipeline/.venv/lib/python3.9/site-packages/airflow/example_dags/example_datasets.py
[2024-12-21T11:56:05.065+0530] {processor.py:914} INFO - Processing file /Users/jayesh/Desktop/Personal Work/Movie_data_pipeline/.venv/lib/python3.9/site-packages/airflow/example_dags/example_datasets.py for tasks to queue
[2024-12-21T11:56:05.067+0530] {logging_mixin.py:190} INFO - [2024-12-21T11:56:05.067+0530] {dagbag.py:588} INFO - Filling up the DagBag from /Users/jayesh/Desktop/Personal Work/Movie_data_pipeline/.venv/lib/python3.9/site-packages/airflow/example_dags/example_datasets.py
[2024-12-21T11:56:05.898+0530] {processor.py:925} INFO - DAG(s) 'dataset_consumes_1_and_2', 'consume_1_or_2_with_dataset_expressions', 'dataset_consumes_1', 'conditional_dataset_and_time_based_timetable', 'dataset_consumes_1_never_scheduled', 'consume_1_and_2_with_dataset_expressions', 'dataset_produces_1', 'consume_1_or_both_2_and_3_with_dataset_expressions', 'dataset_produces_2', 'dataset_consumes_unknown_never_scheduled' retrieved from /Users/jayesh/Desktop/Personal Work/Movie_data_pipeline/.venv/lib/python3.9/site-packages/airflow/example_dags/example_datasets.py
[2024-12-21T11:56:06.173+0530] {logging_mixin.py:190} INFO - [2024-12-21T11:56:06.172+0530] {dag.py:3239} INFO - Sync 10 DAGs
[2024-12-21T11:56:06.213+0530] {logging_mixin.py:190} INFO - [2024-12-21T11:56:06.212+0530] {dag.py:4180} INFO - Setting next_dagrun for conditional_dataset_and_time_based_timetable to 2024-12-18 01:00:00+00:00, run_after=2024-12-18 01:00:00+00:00
[2024-12-21T11:56:06.218+0530] {logging_mixin.py:190} INFO - [2024-12-21T11:56:06.218+0530] {dag.py:4180} INFO - Setting next_dagrun for consume_1_and_2_with_dataset_expressions to None, run_after=None
[2024-12-21T11:56:06.220+0530] {logging_mixin.py:190} INFO - [2024-12-21T11:56:06.220+0530] {dag.py:4180} INFO - Setting next_dagrun for consume_1_or_2_with_dataset_expressions to None, run_after=None
[2024-12-21T11:56:06.222+0530] {logging_mixin.py:190} INFO - [2024-12-21T11:56:06.222+0530] {dag.py:4180} INFO - Setting next_dagrun for consume_1_or_both_2_and_3_with_dataset_expressions to None, run_after=None
[2024-12-21T11:56:06.225+0530] {logging_mixin.py:190} INFO - [2024-12-21T11:56:06.224+0530] {dag.py:4180} INFO - Setting next_dagrun for dataset_consumes_1 to None, run_after=None
[2024-12-21T11:56:06.228+0530] {logging_mixin.py:190} INFO - [2024-12-21T11:56:06.228+0530] {dag.py:4180} INFO - Setting next_dagrun for dataset_consumes_1_and_2 to None, run_after=None
[2024-12-21T11:56:06.230+0530] {logging_mixin.py:190} INFO - [2024-12-21T11:56:06.230+0530] {dag.py:4180} INFO - Setting next_dagrun for dataset_consumes_1_never_scheduled to None, run_after=None
[2024-12-21T11:56:06.232+0530] {logging_mixin.py:190} INFO - [2024-12-21T11:56:06.232+0530] {dag.py:4180} INFO - Setting next_dagrun for dataset_consumes_unknown_never_scheduled to None, run_after=None
[2024-12-21T11:56:06.237+0530] {logging_mixin.py:190} INFO - [2024-12-21T11:56:06.237+0530] {dag.py:4180} INFO - Setting next_dagrun for dataset_produces_1 to 2024-12-20 00:00:00+00:00, run_after=2024-12-21 00:00:00+00:00
[2024-12-21T11:56:06.240+0530] {logging_mixin.py:190} INFO - [2024-12-21T11:56:06.239+0530] {dag.py:4180} INFO - Setting next_dagrun for dataset_produces_2 to None, run_after=None
[2024-12-21T11:56:06.297+0530] {processor.py:208} INFO - Processing /Users/jayesh/Desktop/Personal Work/Movie_data_pipeline/.venv/lib/python3.9/site-packages/airflow/example_dags/example_datasets.py took 1.241 seconds
[2024-12-21T11:59:15.234+0530] {processor.py:186} INFO - Started process (PID=7509) to work on /Users/jayesh/Desktop/Personal Work/Movie_data_pipeline/.venv/lib/python3.9/site-packages/airflow/example_dags/example_datasets.py
[2024-12-21T11:59:15.237+0530] {processor.py:914} INFO - Processing file /Users/jayesh/Desktop/Personal Work/Movie_data_pipeline/.venv/lib/python3.9/site-packages/airflow/example_dags/example_datasets.py for tasks to queue
[2024-12-21T11:59:15.239+0530] {logging_mixin.py:190} INFO - [2024-12-21T11:59:15.239+0530] {dagbag.py:588} INFO - Filling up the DagBag from /Users/jayesh/Desktop/Personal Work/Movie_data_pipeline/.venv/lib/python3.9/site-packages/airflow/example_dags/example_datasets.py
[2024-12-21T11:59:16.614+0530] {processor.py:925} INFO - DAG(s) 'dataset_consumes_1_and_2', 'dataset_consumes_unknown_never_scheduled', 'dataset_produces_2', 'consume_1_or_2_with_dataset_expressions', 'dataset_consumes_1_never_scheduled', 'consume_1_or_both_2_and_3_with_dataset_expressions', 'conditional_dataset_and_time_based_timetable', 'dataset_consumes_1', 'consume_1_and_2_with_dataset_expressions', 'dataset_produces_1' retrieved from /Users/jayesh/Desktop/Personal Work/Movie_data_pipeline/.venv/lib/python3.9/site-packages/airflow/example_dags/example_datasets.py
[2024-12-21T11:59:16.879+0530] {logging_mixin.py:190} INFO - [2024-12-21T11:59:16.879+0530] {dag.py:3239} INFO - Sync 10 DAGs
[2024-12-21T11:59:16.921+0530] {logging_mixin.py:190} INFO - [2024-12-21T11:59:16.920+0530] {dag.py:4180} INFO - Setting next_dagrun for conditional_dataset_and_time_based_timetable to 2024-12-18 01:00:00+00:00, run_after=2024-12-18 01:00:00+00:00
[2024-12-21T11:59:16.926+0530] {logging_mixin.py:190} INFO - [2024-12-21T11:59:16.926+0530] {dag.py:4180} INFO - Setting next_dagrun for consume_1_and_2_with_dataset_expressions to None, run_after=None
[2024-12-21T11:59:16.930+0530] {logging_mixin.py:190} INFO - [2024-12-21T11:59:16.929+0530] {dag.py:4180} INFO - Setting next_dagrun for consume_1_or_2_with_dataset_expressions to None, run_after=None
[2024-12-21T11:59:16.934+0530] {logging_mixin.py:190} INFO - [2024-12-21T11:59:16.934+0530] {dag.py:4180} INFO - Setting next_dagrun for consume_1_or_both_2_and_3_with_dataset_expressions to None, run_after=None
[2024-12-21T11:59:16.937+0530] {logging_mixin.py:190} INFO - [2024-12-21T11:59:16.936+0530] {dag.py:4180} INFO - Setting next_dagrun for dataset_consumes_1 to None, run_after=None
[2024-12-21T11:59:16.939+0530] {logging_mixin.py:190} INFO - [2024-12-21T11:59:16.939+0530] {dag.py:4180} INFO - Setting next_dagrun for dataset_consumes_1_and_2 to None, run_after=None
[2024-12-21T11:59:16.942+0530] {logging_mixin.py:190} INFO - [2024-12-21T11:59:16.941+0530] {dag.py:4180} INFO - Setting next_dagrun for dataset_consumes_1_never_scheduled to None, run_after=None
[2024-12-21T11:59:16.945+0530] {logging_mixin.py:190} INFO - [2024-12-21T11:59:16.944+0530] {dag.py:4180} INFO - Setting next_dagrun for dataset_consumes_unknown_never_scheduled to None, run_after=None
[2024-12-21T11:59:16.954+0530] {logging_mixin.py:190} INFO - [2024-12-21T11:59:16.953+0530] {dag.py:4180} INFO - Setting next_dagrun for dataset_produces_1 to 2024-12-20 00:00:00+00:00, run_after=2024-12-21 00:00:00+00:00
[2024-12-21T11:59:16.957+0530] {logging_mixin.py:190} INFO - [2024-12-21T11:59:16.956+0530] {dag.py:4180} INFO - Setting next_dagrun for dataset_produces_2 to None, run_after=None
[2024-12-21T11:59:17.021+0530] {processor.py:208} INFO - Processing /Users/jayesh/Desktop/Personal Work/Movie_data_pipeline/.venv/lib/python3.9/site-packages/airflow/example_dags/example_datasets.py took 1.793 seconds
[2024-12-21T12:02:37.520+0530] {processor.py:186} INFO - Started process (PID=8217) to work on /Users/jayesh/Desktop/Personal Work/Movie_data_pipeline/.venv/lib/python3.9/site-packages/airflow/example_dags/example_datasets.py
[2024-12-21T12:02:37.522+0530] {processor.py:914} INFO - Processing file /Users/jayesh/Desktop/Personal Work/Movie_data_pipeline/.venv/lib/python3.9/site-packages/airflow/example_dags/example_datasets.py for tasks to queue
[2024-12-21T12:02:37.524+0530] {logging_mixin.py:190} INFO - [2024-12-21T12:02:37.524+0530] {dagbag.py:588} INFO - Filling up the DagBag from /Users/jayesh/Desktop/Personal Work/Movie_data_pipeline/.venv/lib/python3.9/site-packages/airflow/example_dags/example_datasets.py
[2024-12-21T12:02:38.947+0530] {processor.py:925} INFO - DAG(s) 'consume_1_or_2_with_dataset_expressions', 'dataset_produces_1', 'dataset_consumes_1_never_scheduled', 'dataset_produces_2', 'consume_1_or_both_2_and_3_with_dataset_expressions', 'dataset_consumes_1', 'conditional_dataset_and_time_based_timetable', 'dataset_consumes_unknown_never_scheduled', 'dataset_consumes_1_and_2', 'consume_1_and_2_with_dataset_expressions' retrieved from /Users/jayesh/Desktop/Personal Work/Movie_data_pipeline/.venv/lib/python3.9/site-packages/airflow/example_dags/example_datasets.py
[2024-12-21T12:02:39.386+0530] {logging_mixin.py:190} INFO - [2024-12-21T12:02:39.386+0530] {dag.py:3239} INFO - Sync 10 DAGs
[2024-12-21T12:02:39.436+0530] {logging_mixin.py:190} INFO - [2024-12-21T12:02:39.435+0530] {dag.py:4180} INFO - Setting next_dagrun for conditional_dataset_and_time_based_timetable to 2024-12-18 01:00:00+00:00, run_after=2024-12-18 01:00:00+00:00
[2024-12-21T12:02:39.443+0530] {logging_mixin.py:190} INFO - [2024-12-21T12:02:39.443+0530] {dag.py:4180} INFO - Setting next_dagrun for consume_1_and_2_with_dataset_expressions to None, run_after=None
[2024-12-21T12:02:39.445+0530] {logging_mixin.py:190} INFO - [2024-12-21T12:02:39.445+0530] {dag.py:4180} INFO - Setting next_dagrun for consume_1_or_2_with_dataset_expressions to None, run_after=None
[2024-12-21T12:02:39.451+0530] {logging_mixin.py:190} INFO - [2024-12-21T12:02:39.451+0530] {dag.py:4180} INFO - Setting next_dagrun for consume_1_or_both_2_and_3_with_dataset_expressions to None, run_after=None
[2024-12-21T12:02:39.453+0530] {logging_mixin.py:190} INFO - [2024-12-21T12:02:39.453+0530] {dag.py:4180} INFO - Setting next_dagrun for dataset_consumes_1 to None, run_after=None
[2024-12-21T12:02:39.457+0530] {logging_mixin.py:190} INFO - [2024-12-21T12:02:39.456+0530] {dag.py:4180} INFO - Setting next_dagrun for dataset_consumes_1_and_2 to None, run_after=None
[2024-12-21T12:02:39.460+0530] {logging_mixin.py:190} INFO - [2024-12-21T12:02:39.459+0530] {dag.py:4180} INFO - Setting next_dagrun for dataset_consumes_1_never_scheduled to None, run_after=None
[2024-12-21T12:02:39.462+0530] {logging_mixin.py:190} INFO - [2024-12-21T12:02:39.462+0530] {dag.py:4180} INFO - Setting next_dagrun for dataset_consumes_unknown_never_scheduled to None, run_after=None
[2024-12-21T12:02:39.473+0530] {logging_mixin.py:190} INFO - [2024-12-21T12:02:39.472+0530] {dag.py:4180} INFO - Setting next_dagrun for dataset_produces_1 to 2024-12-20 00:00:00+00:00, run_after=2024-12-21 00:00:00+00:00
[2024-12-21T12:02:39.476+0530] {logging_mixin.py:190} INFO - [2024-12-21T12:02:39.476+0530] {dag.py:4180} INFO - Setting next_dagrun for dataset_produces_2 to None, run_after=None
[2024-12-21T12:02:39.562+0530] {processor.py:208} INFO - Processing /Users/jayesh/Desktop/Personal Work/Movie_data_pipeline/.venv/lib/python3.9/site-packages/airflow/example_dags/example_datasets.py took 2.051 seconds
[2024-12-21T12:06:08.747+0530] {processor.py:186} INFO - Started process (PID=8970) to work on /Users/jayesh/Desktop/Personal Work/Movie_data_pipeline/.venv/lib/python3.9/site-packages/airflow/example_dags/example_datasets.py
[2024-12-21T12:06:08.750+0530] {processor.py:914} INFO - Processing file /Users/jayesh/Desktop/Personal Work/Movie_data_pipeline/.venv/lib/python3.9/site-packages/airflow/example_dags/example_datasets.py for tasks to queue
[2024-12-21T12:06:08.754+0530] {logging_mixin.py:190} INFO - [2024-12-21T12:06:08.753+0530] {dagbag.py:588} INFO - Filling up the DagBag from /Users/jayesh/Desktop/Personal Work/Movie_data_pipeline/.venv/lib/python3.9/site-packages/airflow/example_dags/example_datasets.py
[2024-12-21T12:06:09.605+0530] {processor.py:925} INFO - DAG(s) 'dataset_consumes_1_never_scheduled', 'conditional_dataset_and_time_based_timetable', 'dataset_produces_2', 'dataset_consumes_unknown_never_scheduled', 'consume_1_or_2_with_dataset_expressions', 'dataset_consumes_1', 'consume_1_or_both_2_and_3_with_dataset_expressions', 'dataset_produces_1', 'dataset_consumes_1_and_2', 'consume_1_and_2_with_dataset_expressions' retrieved from /Users/jayesh/Desktop/Personal Work/Movie_data_pipeline/.venv/lib/python3.9/site-packages/airflow/example_dags/example_datasets.py
[2024-12-21T12:06:09.935+0530] {logging_mixin.py:190} INFO - [2024-12-21T12:06:09.935+0530] {dag.py:3239} INFO - Sync 10 DAGs
[2024-12-21T12:06:10.065+0530] {logging_mixin.py:190} INFO - [2024-12-21T12:06:10.065+0530] {dag.py:4180} INFO - Setting next_dagrun for conditional_dataset_and_time_based_timetable to 2024-12-18 01:00:00+00:00, run_after=2024-12-18 01:00:00+00:00
[2024-12-21T12:06:10.070+0530] {logging_mixin.py:190} INFO - [2024-12-21T12:06:10.070+0530] {dag.py:4180} INFO - Setting next_dagrun for consume_1_and_2_with_dataset_expressions to None, run_after=None
[2024-12-21T12:06:10.072+0530] {logging_mixin.py:190} INFO - [2024-12-21T12:06:10.072+0530] {dag.py:4180} INFO - Setting next_dagrun for consume_1_or_2_with_dataset_expressions to None, run_after=None
[2024-12-21T12:06:10.074+0530] {logging_mixin.py:190} INFO - [2024-12-21T12:06:10.074+0530] {dag.py:4180} INFO - Setting next_dagrun for consume_1_or_both_2_and_3_with_dataset_expressions to None, run_after=None
[2024-12-21T12:06:10.077+0530] {logging_mixin.py:190} INFO - [2024-12-21T12:06:10.077+0530] {dag.py:4180} INFO - Setting next_dagrun for dataset_consumes_1 to None, run_after=None
[2024-12-21T12:06:10.079+0530] {logging_mixin.py:190} INFO - [2024-12-21T12:06:10.079+0530] {dag.py:4180} INFO - Setting next_dagrun for dataset_consumes_1_and_2 to None, run_after=None
[2024-12-21T12:06:10.081+0530] {logging_mixin.py:190} INFO - [2024-12-21T12:06:10.081+0530] {dag.py:4180} INFO - Setting next_dagrun for dataset_consumes_1_never_scheduled to None, run_after=None
[2024-12-21T12:06:10.083+0530] {logging_mixin.py:190} INFO - [2024-12-21T12:06:10.083+0530] {dag.py:4180} INFO - Setting next_dagrun for dataset_consumes_unknown_never_scheduled to None, run_after=None
[2024-12-21T12:06:10.088+0530] {logging_mixin.py:190} INFO - [2024-12-21T12:06:10.087+0530] {dag.py:4180} INFO - Setting next_dagrun for dataset_produces_1 to 2024-12-20 00:00:00+00:00, run_after=2024-12-21 00:00:00+00:00
[2024-12-21T12:06:10.090+0530] {logging_mixin.py:190} INFO - [2024-12-21T12:06:10.089+0530] {dag.py:4180} INFO - Setting next_dagrun for dataset_produces_2 to None, run_after=None
[2024-12-21T12:06:10.146+0530] {processor.py:208} INFO - Processing /Users/jayesh/Desktop/Personal Work/Movie_data_pipeline/.venv/lib/python3.9/site-packages/airflow/example_dags/example_datasets.py took 1.406 seconds
[2024-12-21T22:32:21.160+0530] {processor.py:186} INFO - Started process (PID=16018) to work on /Users/jayesh/Desktop/Personal Work/Movie_data_pipeline/.venv/lib/python3.9/site-packages/airflow/example_dags/example_datasets.py
[2024-12-21T22:32:21.164+0530] {processor.py:914} INFO - Processing file /Users/jayesh/Desktop/Personal Work/Movie_data_pipeline/.venv/lib/python3.9/site-packages/airflow/example_dags/example_datasets.py for tasks to queue
[2024-12-21T22:32:21.169+0530] {logging_mixin.py:190} INFO - [2024-12-21T22:32:21.168+0530] {dagbag.py:588} INFO - Filling up the DagBag from /Users/jayesh/Desktop/Personal Work/Movie_data_pipeline/.venv/lib/python3.9/site-packages/airflow/example_dags/example_datasets.py
[2024-12-21T22:32:22.187+0530] {processor.py:925} INFO - DAG(s) 'consume_1_and_2_with_dataset_expressions', 'dataset_produces_2', 'dataset_consumes_1', 'dataset_consumes_1_and_2', 'dataset_consumes_unknown_never_scheduled', 'conditional_dataset_and_time_based_timetable', 'consume_1_or_both_2_and_3_with_dataset_expressions', 'consume_1_or_2_with_dataset_expressions', 'dataset_produces_1', 'dataset_consumes_1_never_scheduled' retrieved from /Users/jayesh/Desktop/Personal Work/Movie_data_pipeline/.venv/lib/python3.9/site-packages/airflow/example_dags/example_datasets.py
[2024-12-21T22:32:22.347+0530] {logging_mixin.py:190} INFO - [2024-12-21T22:32:22.347+0530] {dag.py:3239} INFO - Sync 10 DAGs
[2024-12-21T22:32:22.424+0530] {logging_mixin.py:190} INFO - [2024-12-21T22:32:22.422+0530] {dag.py:4180} INFO - Setting next_dagrun for conditional_dataset_and_time_based_timetable to 2024-12-18 01:00:00+00:00, run_after=2024-12-18 01:00:00+00:00
[2024-12-21T22:32:22.438+0530] {logging_mixin.py:190} INFO - [2024-12-21T22:32:22.437+0530] {dag.py:4180} INFO - Setting next_dagrun for consume_1_and_2_with_dataset_expressions to None, run_after=None
[2024-12-21T22:32:22.443+0530] {logging_mixin.py:190} INFO - [2024-12-21T22:32:22.442+0530] {dag.py:4180} INFO - Setting next_dagrun for consume_1_or_2_with_dataset_expressions to None, run_after=None
[2024-12-21T22:32:22.447+0530] {logging_mixin.py:190} INFO - [2024-12-21T22:32:22.447+0530] {dag.py:4180} INFO - Setting next_dagrun for consume_1_or_both_2_and_3_with_dataset_expressions to None, run_after=None
[2024-12-21T22:32:22.451+0530] {logging_mixin.py:190} INFO - [2024-12-21T22:32:22.450+0530] {dag.py:4180} INFO - Setting next_dagrun for dataset_consumes_1 to None, run_after=None
[2024-12-21T22:32:22.455+0530] {logging_mixin.py:190} INFO - [2024-12-21T22:32:22.454+0530] {dag.py:4180} INFO - Setting next_dagrun for dataset_consumes_1_and_2 to None, run_after=None
[2024-12-21T22:32:22.459+0530] {logging_mixin.py:190} INFO - [2024-12-21T22:32:22.458+0530] {dag.py:4180} INFO - Setting next_dagrun for dataset_consumes_1_never_scheduled to None, run_after=None
[2024-12-21T22:32:22.463+0530] {logging_mixin.py:190} INFO - [2024-12-21T22:32:22.462+0530] {dag.py:4180} INFO - Setting next_dagrun for dataset_consumes_unknown_never_scheduled to None, run_after=None
[2024-12-21T22:32:22.485+0530] {logging_mixin.py:190} INFO - [2024-12-21T22:32:22.484+0530] {dag.py:4180} INFO - Setting next_dagrun for dataset_produces_1 to 2024-12-20 00:00:00+00:00, run_after=2024-12-21 00:00:00+00:00
[2024-12-21T22:32:22.497+0530] {logging_mixin.py:190} INFO - [2024-12-21T22:32:22.496+0530] {dag.py:4180} INFO - Setting next_dagrun for dataset_produces_2 to None, run_after=None
[2024-12-21T22:32:22.589+0530] {processor.py:208} INFO - Processing /Users/jayesh/Desktop/Personal Work/Movie_data_pipeline/.venv/lib/python3.9/site-packages/airflow/example_dags/example_datasets.py took 1.442 seconds
[2024-12-21T22:32:57.218+0530] {processor.py:186} INFO - Started process (PID=16261) to work on /Users/jayesh/Desktop/Personal Work/Movie_data_pipeline/.venv/lib/python3.9/site-packages/airflow/example_dags/example_datasets.py
[2024-12-21T22:32:57.223+0530] {processor.py:914} INFO - Processing file /Users/jayesh/Desktop/Personal Work/Movie_data_pipeline/.venv/lib/python3.9/site-packages/airflow/example_dags/example_datasets.py for tasks to queue
[2024-12-21T22:32:57.231+0530] {logging_mixin.py:190} INFO - [2024-12-21T22:32:57.229+0530] {dagbag.py:588} INFO - Filling up the DagBag from /Users/jayesh/Desktop/Personal Work/Movie_data_pipeline/.venv/lib/python3.9/site-packages/airflow/example_dags/example_datasets.py
[2024-12-21T22:32:58.676+0530] {processor.py:925} INFO - DAG(s) 'dataset_consumes_1_and_2', 'dataset_consumes_unknown_never_scheduled', 'consume_1_or_2_with_dataset_expressions', 'dataset_consumes_1_never_scheduled', 'consume_1_or_both_2_and_3_with_dataset_expressions', 'consume_1_and_2_with_dataset_expressions', 'dataset_consumes_1', 'dataset_produces_2', 'conditional_dataset_and_time_based_timetable', 'dataset_produces_1' retrieved from /Users/jayesh/Desktop/Personal Work/Movie_data_pipeline/.venv/lib/python3.9/site-packages/airflow/example_dags/example_datasets.py
[2024-12-21T22:32:58.838+0530] {logging_mixin.py:190} INFO - [2024-12-21T22:32:58.837+0530] {dag.py:3239} INFO - Sync 10 DAGs
[2024-12-21T22:32:58.955+0530] {logging_mixin.py:190} INFO - [2024-12-21T22:32:58.954+0530] {dag.py:4180} INFO - Setting next_dagrun for conditional_dataset_and_time_based_timetable to 2024-12-18 01:00:00+00:00, run_after=2024-12-18 01:00:00+00:00
[2024-12-21T22:32:58.967+0530] {logging_mixin.py:190} INFO - [2024-12-21T22:32:58.966+0530] {dag.py:4180} INFO - Setting next_dagrun for consume_1_and_2_with_dataset_expressions to None, run_after=None
[2024-12-21T22:32:58.970+0530] {logging_mixin.py:190} INFO - [2024-12-21T22:32:58.969+0530] {dag.py:4180} INFO - Setting next_dagrun for consume_1_or_2_with_dataset_expressions to None, run_after=None
[2024-12-21T22:32:58.975+0530] {logging_mixin.py:190} INFO - [2024-12-21T22:32:58.974+0530] {dag.py:4180} INFO - Setting next_dagrun for consume_1_or_both_2_and_3_with_dataset_expressions to None, run_after=None
[2024-12-21T22:32:58.983+0530] {logging_mixin.py:190} INFO - [2024-12-21T22:32:58.982+0530] {dag.py:4180} INFO - Setting next_dagrun for dataset_consumes_1 to None, run_after=None
[2024-12-21T22:32:58.987+0530] {logging_mixin.py:190} INFO - [2024-12-21T22:32:58.986+0530] {dag.py:4180} INFO - Setting next_dagrun for dataset_consumes_1_and_2 to None, run_after=None
[2024-12-21T22:32:58.992+0530] {logging_mixin.py:190} INFO - [2024-12-21T22:32:58.991+0530] {dag.py:4180} INFO - Setting next_dagrun for dataset_consumes_1_never_scheduled to None, run_after=None
[2024-12-21T22:32:58.995+0530] {logging_mixin.py:190} INFO - [2024-12-21T22:32:58.995+0530] {dag.py:4180} INFO - Setting next_dagrun for dataset_consumes_unknown_never_scheduled to None, run_after=None
[2024-12-21T22:32:59.001+0530] {logging_mixin.py:190} INFO - [2024-12-21T22:32:59.001+0530] {dag.py:4180} INFO - Setting next_dagrun for dataset_produces_1 to 2024-12-20 00:00:00+00:00, run_after=2024-12-21 00:00:00+00:00
[2024-12-21T22:32:59.004+0530] {logging_mixin.py:190} INFO - [2024-12-21T22:32:59.003+0530] {dag.py:4180} INFO - Setting next_dagrun for dataset_produces_2 to None, run_after=None
[2024-12-21T22:32:59.070+0530] {processor.py:208} INFO - Processing /Users/jayesh/Desktop/Personal Work/Movie_data_pipeline/.venv/lib/python3.9/site-packages/airflow/example_dags/example_datasets.py took 1.871 seconds
[2024-12-21T22:33:29.149+0530] {processor.py:186} INFO - Started process (PID=16466) to work on /Users/jayesh/Desktop/Personal Work/Movie_data_pipeline/.venv/lib/python3.9/site-packages/airflow/example_dags/example_datasets.py
[2024-12-21T22:33:29.152+0530] {processor.py:914} INFO - Processing file /Users/jayesh/Desktop/Personal Work/Movie_data_pipeline/.venv/lib/python3.9/site-packages/airflow/example_dags/example_datasets.py for tasks to queue
[2024-12-21T22:33:29.157+0530] {logging_mixin.py:190} INFO - [2024-12-21T22:33:29.156+0530] {dagbag.py:588} INFO - Filling up the DagBag from /Users/jayesh/Desktop/Personal Work/Movie_data_pipeline/.venv/lib/python3.9/site-packages/airflow/example_dags/example_datasets.py
[2024-12-21T22:33:29.844+0530] {processor.py:925} INFO - DAG(s) 'dataset_consumes_1', 'conditional_dataset_and_time_based_timetable', 'dataset_consumes_unknown_never_scheduled', 'dataset_produces_2', 'consume_1_or_both_2_and_3_with_dataset_expressions', 'dataset_consumes_1_never_scheduled', 'consume_1_or_2_with_dataset_expressions', 'consume_1_and_2_with_dataset_expressions', 'dataset_consumes_1_and_2', 'dataset_produces_1' retrieved from /Users/jayesh/Desktop/Personal Work/Movie_data_pipeline/.venv/lib/python3.9/site-packages/airflow/example_dags/example_datasets.py
[2024-12-21T22:33:29.956+0530] {logging_mixin.py:190} INFO - [2024-12-21T22:33:29.954+0530] {dag.py:3239} INFO - Sync 10 DAGs
[2024-12-21T22:33:30.003+0530] {logging_mixin.py:190} INFO - [2024-12-21T22:33:30.002+0530] {dag.py:4180} INFO - Setting next_dagrun for conditional_dataset_and_time_based_timetable to 2024-12-18 01:00:00+00:00, run_after=2024-12-18 01:00:00+00:00
[2024-12-21T22:33:30.010+0530] {logging_mixin.py:190} INFO - [2024-12-21T22:33:30.010+0530] {dag.py:4180} INFO - Setting next_dagrun for consume_1_and_2_with_dataset_expressions to None, run_after=None
[2024-12-21T22:33:30.013+0530] {logging_mixin.py:190} INFO - [2024-12-21T22:33:30.013+0530] {dag.py:4180} INFO - Setting next_dagrun for consume_1_or_2_with_dataset_expressions to None, run_after=None
[2024-12-21T22:33:30.016+0530] {logging_mixin.py:190} INFO - [2024-12-21T22:33:30.015+0530] {dag.py:4180} INFO - Setting next_dagrun for consume_1_or_both_2_and_3_with_dataset_expressions to None, run_after=None
[2024-12-21T22:33:30.019+0530] {logging_mixin.py:190} INFO - [2024-12-21T22:33:30.018+0530] {dag.py:4180} INFO - Setting next_dagrun for dataset_consumes_1 to None, run_after=None
[2024-12-21T22:33:30.021+0530] {logging_mixin.py:190} INFO - [2024-12-21T22:33:30.020+0530] {dag.py:4180} INFO - Setting next_dagrun for dataset_consumes_1_and_2 to None, run_after=None
[2024-12-21T22:33:30.025+0530] {logging_mixin.py:190} INFO - [2024-12-21T22:33:30.024+0530] {dag.py:4180} INFO - Setting next_dagrun for dataset_consumes_1_never_scheduled to None, run_after=None
[2024-12-21T22:33:30.027+0530] {logging_mixin.py:190} INFO - [2024-12-21T22:33:30.027+0530] {dag.py:4180} INFO - Setting next_dagrun for dataset_consumes_unknown_never_scheduled to None, run_after=None
[2024-12-21T22:33:30.032+0530] {logging_mixin.py:190} INFO - [2024-12-21T22:33:30.031+0530] {dag.py:4180} INFO - Setting next_dagrun for dataset_produces_1 to 2024-12-20 00:00:00+00:00, run_after=2024-12-21 00:00:00+00:00
[2024-12-21T22:33:30.035+0530] {logging_mixin.py:190} INFO - [2024-12-21T22:33:30.034+0530] {dag.py:4180} INFO - Setting next_dagrun for dataset_produces_2 to None, run_after=None
[2024-12-21T22:33:30.090+0530] {processor.py:208} INFO - Processing /Users/jayesh/Desktop/Personal Work/Movie_data_pipeline/.venv/lib/python3.9/site-packages/airflow/example_dags/example_datasets.py took 0.954 seconds
[2024-12-21T23:53:05.892+0530] {processor.py:186} INFO - Started process (PID=18156) to work on /Users/jayesh/Desktop/Personal Work/Movie_data_pipeline/.venv/lib/python3.9/site-packages/airflow/example_dags/example_datasets.py
[2024-12-21T23:53:05.896+0530] {processor.py:914} INFO - Processing file /Users/jayesh/Desktop/Personal Work/Movie_data_pipeline/.venv/lib/python3.9/site-packages/airflow/example_dags/example_datasets.py for tasks to queue
[2024-12-21T23:53:05.903+0530] {logging_mixin.py:190} INFO - [2024-12-21T23:53:05.902+0530] {dagbag.py:588} INFO - Filling up the DagBag from /Users/jayesh/Desktop/Personal Work/Movie_data_pipeline/.venv/lib/python3.9/site-packages/airflow/example_dags/example_datasets.py
[2024-12-21T23:53:06.942+0530] {processor.py:925} INFO - DAG(s) 'consume_1_or_both_2_and_3_with_dataset_expressions', 'dataset_produces_2', 'consume_1_or_2_with_dataset_expressions', 'dataset_produces_1', 'conditional_dataset_and_time_based_timetable', 'dataset_consumes_1', 'dataset_consumes_1_never_scheduled', 'dataset_consumes_unknown_never_scheduled', 'consume_1_and_2_with_dataset_expressions', 'dataset_consumes_1_and_2' retrieved from /Users/jayesh/Desktop/Personal Work/Movie_data_pipeline/.venv/lib/python3.9/site-packages/airflow/example_dags/example_datasets.py
[2024-12-21T23:53:07.071+0530] {logging_mixin.py:190} INFO - [2024-12-21T23:53:07.071+0530] {dag.py:3239} INFO - Sync 10 DAGs
[2024-12-21T23:53:07.118+0530] {logging_mixin.py:190} INFO - [2024-12-21T23:53:07.117+0530] {dag.py:4180} INFO - Setting next_dagrun for conditional_dataset_and_time_based_timetable to 2024-12-18 01:00:00+00:00, run_after=2024-12-18 01:00:00+00:00
[2024-12-21T23:53:07.130+0530] {logging_mixin.py:190} INFO - [2024-12-21T23:53:07.130+0530] {dag.py:4180} INFO - Setting next_dagrun for consume_1_and_2_with_dataset_expressions to None, run_after=None
[2024-12-21T23:53:07.133+0530] {logging_mixin.py:190} INFO - [2024-12-21T23:53:07.133+0530] {dag.py:4180} INFO - Setting next_dagrun for consume_1_or_2_with_dataset_expressions to None, run_after=None
[2024-12-21T23:53:07.136+0530] {logging_mixin.py:190} INFO - [2024-12-21T23:53:07.135+0530] {dag.py:4180} INFO - Setting next_dagrun for consume_1_or_both_2_and_3_with_dataset_expressions to None, run_after=None
[2024-12-21T23:53:07.138+0530] {logging_mixin.py:190} INFO - [2024-12-21T23:53:07.138+0530] {dag.py:4180} INFO - Setting next_dagrun for dataset_consumes_1 to None, run_after=None
[2024-12-21T23:53:07.141+0530] {logging_mixin.py:190} INFO - [2024-12-21T23:53:07.141+0530] {dag.py:4180} INFO - Setting next_dagrun for dataset_consumes_1_and_2 to None, run_after=None
[2024-12-21T23:53:07.144+0530] {logging_mixin.py:190} INFO - [2024-12-21T23:53:07.143+0530] {dag.py:4180} INFO - Setting next_dagrun for dataset_consumes_1_never_scheduled to None, run_after=None
[2024-12-21T23:53:07.146+0530] {logging_mixin.py:190} INFO - [2024-12-21T23:53:07.145+0530] {dag.py:4180} INFO - Setting next_dagrun for dataset_consumes_unknown_never_scheduled to None, run_after=None
[2024-12-21T23:53:07.150+0530] {logging_mixin.py:190} INFO - [2024-12-21T23:53:07.150+0530] {dag.py:4180} INFO - Setting next_dagrun for dataset_produces_1 to 2024-12-20 00:00:00+00:00, run_after=2024-12-21 00:00:00+00:00
[2024-12-21T23:53:07.153+0530] {logging_mixin.py:190} INFO - [2024-12-21T23:53:07.153+0530] {dag.py:4180} INFO - Setting next_dagrun for dataset_produces_2 to None, run_after=None
[2024-12-21T23:53:07.230+0530] {processor.py:208} INFO - Processing /Users/jayesh/Desktop/Personal Work/Movie_data_pipeline/.venv/lib/python3.9/site-packages/airflow/example_dags/example_datasets.py took 1.363 seconds
[2024-12-21T23:53:37.371+0530] {processor.py:186} INFO - Started process (PID=18353) to work on /Users/jayesh/Desktop/Personal Work/Movie_data_pipeline/.venv/lib/python3.9/site-packages/airflow/example_dags/example_datasets.py
[2024-12-21T23:53:37.375+0530] {processor.py:914} INFO - Processing file /Users/jayesh/Desktop/Personal Work/Movie_data_pipeline/.venv/lib/python3.9/site-packages/airflow/example_dags/example_datasets.py for tasks to queue
[2024-12-21T23:53:37.382+0530] {logging_mixin.py:190} INFO - [2024-12-21T23:53:37.381+0530] {dagbag.py:588} INFO - Filling up the DagBag from /Users/jayesh/Desktop/Personal Work/Movie_data_pipeline/.venv/lib/python3.9/site-packages/airflow/example_dags/example_datasets.py
[2024-12-21T23:53:38.533+0530] {processor.py:925} INFO - DAG(s) 'dataset_produces_1', 'dataset_consumes_1_and_2', 'dataset_consumes_1_never_scheduled', 'conditional_dataset_and_time_based_timetable', 'dataset_consumes_unknown_never_scheduled', 'consume_1_and_2_with_dataset_expressions', 'dataset_produces_2', 'consume_1_or_both_2_and_3_with_dataset_expressions', 'dataset_consumes_1', 'consume_1_or_2_with_dataset_expressions' retrieved from /Users/jayesh/Desktop/Personal Work/Movie_data_pipeline/.venv/lib/python3.9/site-packages/airflow/example_dags/example_datasets.py
[2024-12-21T23:53:38.668+0530] {logging_mixin.py:190} INFO - [2024-12-21T23:53:38.667+0530] {dag.py:3239} INFO - Sync 10 DAGs
[2024-12-21T23:53:38.726+0530] {logging_mixin.py:190} INFO - [2024-12-21T23:53:38.724+0530] {dag.py:4180} INFO - Setting next_dagrun for conditional_dataset_and_time_based_timetable to 2024-12-18 01:00:00+00:00, run_after=2024-12-18 01:00:00+00:00
[2024-12-21T23:53:38.735+0530] {logging_mixin.py:190} INFO - [2024-12-21T23:53:38.735+0530] {dag.py:4180} INFO - Setting next_dagrun for consume_1_and_2_with_dataset_expressions to None, run_after=None
[2024-12-21T23:53:38.740+0530] {logging_mixin.py:190} INFO - [2024-12-21T23:53:38.739+0530] {dag.py:4180} INFO - Setting next_dagrun for consume_1_or_2_with_dataset_expressions to None, run_after=None
[2024-12-21T23:53:38.744+0530] {logging_mixin.py:190} INFO - [2024-12-21T23:53:38.743+0530] {dag.py:4180} INFO - Setting next_dagrun for consume_1_or_both_2_and_3_with_dataset_expressions to None, run_after=None
[2024-12-21T23:53:38.746+0530] {logging_mixin.py:190} INFO - [2024-12-21T23:53:38.746+0530] {dag.py:4180} INFO - Setting next_dagrun for dataset_consumes_1 to None, run_after=None
[2024-12-21T23:53:38.750+0530] {logging_mixin.py:190} INFO - [2024-12-21T23:53:38.749+0530] {dag.py:4180} INFO - Setting next_dagrun for dataset_consumes_1_and_2 to None, run_after=None
[2024-12-21T23:53:38.755+0530] {logging_mixin.py:190} INFO - [2024-12-21T23:53:38.753+0530] {dag.py:4180} INFO - Setting next_dagrun for dataset_consumes_1_never_scheduled to None, run_after=None
[2024-12-21T23:53:38.759+0530] {logging_mixin.py:190} INFO - [2024-12-21T23:53:38.758+0530] {dag.py:4180} INFO - Setting next_dagrun for dataset_consumes_unknown_never_scheduled to None, run_after=None
[2024-12-21T23:53:38.766+0530] {logging_mixin.py:190} INFO - [2024-12-21T23:53:38.766+0530] {dag.py:4180} INFO - Setting next_dagrun for dataset_produces_1 to 2024-12-20 00:00:00+00:00, run_after=2024-12-21 00:00:00+00:00
[2024-12-21T23:53:38.772+0530] {logging_mixin.py:190} INFO - [2024-12-21T23:53:38.770+0530] {dag.py:4180} INFO - Setting next_dagrun for dataset_produces_2 to None, run_after=None
[2024-12-21T23:53:38.843+0530] {processor.py:208} INFO - Processing /Users/jayesh/Desktop/Personal Work/Movie_data_pipeline/.venv/lib/python3.9/site-packages/airflow/example_dags/example_datasets.py took 1.495 seconds
