[2024-12-21T10:24:38.454+0530] {processor.py:186} INFO - Started process (PID=2416) to work on /Users/jayesh/Desktop/Personal Work/Movie_data_pipeline/.venv/lib/python3.9/site-packages/airflow/example_dags/example_display_name.py
[2024-12-21T10:24:38.457+0530] {processor.py:914} INFO - Processing file /Users/jayesh/Desktop/Personal Work/Movie_data_pipeline/.venv/lib/python3.9/site-packages/airflow/example_dags/example_display_name.py for tasks to queue
[2024-12-21T10:24:38.459+0530] {logging_mixin.py:190} INFO - [2024-12-21T10:24:38.459+0530] {dagbag.py:588} INFO - Filling up the DagBag from /Users/jayesh/Desktop/Personal Work/Movie_data_pipeline/.venv/lib/python3.9/site-packages/airflow/example_dags/example_display_name.py
[2024-12-21T10:24:38.522+0530] {processor.py:925} INFO - DAG(s) 'example_display_name' retrieved from /Users/jayesh/Desktop/Personal Work/Movie_data_pipeline/.venv/lib/python3.9/site-packages/airflow/example_dags/example_display_name.py
[2024-12-21T10:24:38.772+0530] {logging_mixin.py:190} INFO - [2024-12-21T10:24:38.772+0530] {dag.py:3239} INFO - Sync 1 DAGs
[2024-12-21T10:24:38.795+0530] {logging_mixin.py:190} INFO - [2024-12-21T10:24:38.794+0530] {dag.py:4180} INFO - Setting next_dagrun for example_display_name to None, run_after=None
[2024-12-21T10:24:38.819+0530] {processor.py:208} INFO - Processing /Users/jayesh/Desktop/Personal Work/Movie_data_pipeline/.venv/lib/python3.9/site-packages/airflow/example_dags/example_display_name.py took 0.373 seconds
[2024-12-21T10:27:28.025+0530] {processor.py:186} INFO - Started process (PID=2851) to work on /Users/jayesh/Desktop/Personal Work/Movie_data_pipeline/.venv/lib/python3.9/site-packages/airflow/example_dags/example_display_name.py
[2024-12-21T10:27:28.026+0530] {processor.py:914} INFO - Processing file /Users/jayesh/Desktop/Personal Work/Movie_data_pipeline/.venv/lib/python3.9/site-packages/airflow/example_dags/example_display_name.py for tasks to queue
[2024-12-21T10:27:28.028+0530] {logging_mixin.py:190} INFO - [2024-12-21T10:27:28.028+0530] {dagbag.py:588} INFO - Filling up the DagBag from /Users/jayesh/Desktop/Personal Work/Movie_data_pipeline/.venv/lib/python3.9/site-packages/airflow/example_dags/example_display_name.py
[2024-12-21T10:27:28.078+0530] {processor.py:925} INFO - DAG(s) 'example_display_name' retrieved from /Users/jayesh/Desktop/Personal Work/Movie_data_pipeline/.venv/lib/python3.9/site-packages/airflow/example_dags/example_display_name.py
[2024-12-21T10:27:28.300+0530] {logging_mixin.py:190} INFO - [2024-12-21T10:27:28.299+0530] {dag.py:3239} INFO - Sync 1 DAGs
[2024-12-21T10:27:28.327+0530] {logging_mixin.py:190} INFO - [2024-12-21T10:27:28.326+0530] {dag.py:4180} INFO - Setting next_dagrun for example_display_name to None, run_after=None
[2024-12-21T10:27:28.361+0530] {processor.py:208} INFO - Processing /Users/jayesh/Desktop/Personal Work/Movie_data_pipeline/.venv/lib/python3.9/site-packages/airflow/example_dags/example_display_name.py took 0.342 seconds
[2024-12-21T10:30:08.418+0530] {processor.py:186} INFO - Started process (PID=3298) to work on /Users/jayesh/Desktop/Personal Work/Movie_data_pipeline/.venv/lib/python3.9/site-packages/airflow/example_dags/example_display_name.py
[2024-12-21T10:30:08.419+0530] {processor.py:914} INFO - Processing file /Users/jayesh/Desktop/Personal Work/Movie_data_pipeline/.venv/lib/python3.9/site-packages/airflow/example_dags/example_display_name.py for tasks to queue
[2024-12-21T10:30:08.422+0530] {logging_mixin.py:190} INFO - [2024-12-21T10:30:08.421+0530] {dagbag.py:588} INFO - Filling up the DagBag from /Users/jayesh/Desktop/Personal Work/Movie_data_pipeline/.venv/lib/python3.9/site-packages/airflow/example_dags/example_display_name.py
[2024-12-21T10:30:08.537+0530] {processor.py:925} INFO - DAG(s) 'example_display_name' retrieved from /Users/jayesh/Desktop/Personal Work/Movie_data_pipeline/.venv/lib/python3.9/site-packages/airflow/example_dags/example_display_name.py
[2024-12-21T10:30:08.935+0530] {logging_mixin.py:190} INFO - [2024-12-21T10:30:08.935+0530] {dag.py:3239} INFO - Sync 1 DAGs
[2024-12-21T10:30:08.973+0530] {logging_mixin.py:190} INFO - [2024-12-21T10:30:08.972+0530] {dag.py:4180} INFO - Setting next_dagrun for example_display_name to None, run_after=None
[2024-12-21T10:30:09.010+0530] {processor.py:208} INFO - Processing /Users/jayesh/Desktop/Personal Work/Movie_data_pipeline/.venv/lib/python3.9/site-packages/airflow/example_dags/example_display_name.py took 0.601 seconds
[2024-12-21T10:48:56.387+0530] {processor.py:186} INFO - Started process (PID=4281) to work on /Users/jayesh/Desktop/Personal Work/Movie_data_pipeline/.venv/lib/python3.9/site-packages/airflow/example_dags/example_display_name.py
[2024-12-21T10:48:56.389+0530] {processor.py:914} INFO - Processing file /Users/jayesh/Desktop/Personal Work/Movie_data_pipeline/.venv/lib/python3.9/site-packages/airflow/example_dags/example_display_name.py for tasks to queue
[2024-12-21T10:48:56.391+0530] {logging_mixin.py:190} INFO - [2024-12-21T10:48:56.390+0530] {dagbag.py:588} INFO - Filling up the DagBag from /Users/jayesh/Desktop/Personal Work/Movie_data_pipeline/.venv/lib/python3.9/site-packages/airflow/example_dags/example_display_name.py
[2024-12-21T10:48:56.453+0530] {processor.py:925} INFO - DAG(s) 'example_display_name' retrieved from /Users/jayesh/Desktop/Personal Work/Movie_data_pipeline/.venv/lib/python3.9/site-packages/airflow/example_dags/example_display_name.py
[2024-12-21T10:48:56.684+0530] {logging_mixin.py:190} INFO - [2024-12-21T10:48:56.683+0530] {dag.py:3239} INFO - Sync 1 DAGs
[2024-12-21T10:48:56.707+0530] {logging_mixin.py:190} INFO - [2024-12-21T10:48:56.706+0530] {dag.py:4180} INFO - Setting next_dagrun for example_display_name to None, run_after=None
[2024-12-21T10:48:56.741+0530] {processor.py:208} INFO - Processing /Users/jayesh/Desktop/Personal Work/Movie_data_pipeline/.venv/lib/python3.9/site-packages/airflow/example_dags/example_display_name.py took 0.359 seconds
[2024-12-21T10:52:26.977+0530] {processor.py:186} INFO - Started process (PID=5009) to work on /Users/jayesh/Desktop/Personal Work/Movie_data_pipeline/.venv/lib/python3.9/site-packages/airflow/example_dags/example_display_name.py
[2024-12-21T10:52:26.979+0530] {processor.py:914} INFO - Processing file /Users/jayesh/Desktop/Personal Work/Movie_data_pipeline/.venv/lib/python3.9/site-packages/airflow/example_dags/example_display_name.py for tasks to queue
[2024-12-21T10:52:26.980+0530] {logging_mixin.py:190} INFO - [2024-12-21T10:52:26.980+0530] {dagbag.py:588} INFO - Filling up the DagBag from /Users/jayesh/Desktop/Personal Work/Movie_data_pipeline/.venv/lib/python3.9/site-packages/airflow/example_dags/example_display_name.py
[2024-12-21T10:52:27.031+0530] {processor.py:925} INFO - DAG(s) 'example_display_name' retrieved from /Users/jayesh/Desktop/Personal Work/Movie_data_pipeline/.venv/lib/python3.9/site-packages/airflow/example_dags/example_display_name.py
[2024-12-21T10:52:27.282+0530] {logging_mixin.py:190} INFO - [2024-12-21T10:52:27.282+0530] {dag.py:3239} INFO - Sync 1 DAGs
[2024-12-21T10:52:27.302+0530] {logging_mixin.py:190} INFO - [2024-12-21T10:52:27.301+0530] {dag.py:4180} INFO - Setting next_dagrun for example_display_name to None, run_after=None
[2024-12-21T10:52:27.329+0530] {processor.py:208} INFO - Processing /Users/jayesh/Desktop/Personal Work/Movie_data_pipeline/.venv/lib/python3.9/site-packages/airflow/example_dags/example_display_name.py took 0.357 seconds
[2024-12-21T11:56:04.712+0530] {processor.py:186} INFO - Started process (PID=6827) to work on /Users/jayesh/Desktop/Personal Work/Movie_data_pipeline/.venv/lib/python3.9/site-packages/airflow/example_dags/example_display_name.py
[2024-12-21T11:56:04.714+0530] {processor.py:914} INFO - Processing file /Users/jayesh/Desktop/Personal Work/Movie_data_pipeline/.venv/lib/python3.9/site-packages/airflow/example_dags/example_display_name.py for tasks to queue
[2024-12-21T11:56:04.717+0530] {logging_mixin.py:190} INFO - [2024-12-21T11:56:04.717+0530] {dagbag.py:588} INFO - Filling up the DagBag from /Users/jayesh/Desktop/Personal Work/Movie_data_pipeline/.venv/lib/python3.9/site-packages/airflow/example_dags/example_display_name.py
[2024-12-21T11:56:04.791+0530] {processor.py:925} INFO - DAG(s) 'example_display_name' retrieved from /Users/jayesh/Desktop/Personal Work/Movie_data_pipeline/.venv/lib/python3.9/site-packages/airflow/example_dags/example_display_name.py
[2024-12-21T11:56:05.003+0530] {logging_mixin.py:190} INFO - [2024-12-21T11:56:05.003+0530] {dag.py:3239} INFO - Sync 1 DAGs
[2024-12-21T11:56:05.023+0530] {logging_mixin.py:190} INFO - [2024-12-21T11:56:05.022+0530] {dag.py:4180} INFO - Setting next_dagrun for example_display_name to None, run_after=None
[2024-12-21T11:56:05.051+0530] {processor.py:208} INFO - Processing /Users/jayesh/Desktop/Personal Work/Movie_data_pipeline/.venv/lib/python3.9/site-packages/airflow/example_dags/example_display_name.py took 0.346 seconds
[2024-12-21T11:59:13.328+0530] {processor.py:186} INFO - Started process (PID=7503) to work on /Users/jayesh/Desktop/Personal Work/Movie_data_pipeline/.venv/lib/python3.9/site-packages/airflow/example_dags/example_display_name.py
[2024-12-21T11:59:13.331+0530] {processor.py:914} INFO - Processing file /Users/jayesh/Desktop/Personal Work/Movie_data_pipeline/.venv/lib/python3.9/site-packages/airflow/example_dags/example_display_name.py for tasks to queue
[2024-12-21T11:59:13.334+0530] {logging_mixin.py:190} INFO - [2024-12-21T11:59:13.334+0530] {dagbag.py:588} INFO - Filling up the DagBag from /Users/jayesh/Desktop/Personal Work/Movie_data_pipeline/.venv/lib/python3.9/site-packages/airflow/example_dags/example_display_name.py
[2024-12-21T11:59:13.389+0530] {processor.py:925} INFO - DAG(s) 'example_display_name' retrieved from /Users/jayesh/Desktop/Personal Work/Movie_data_pipeline/.venv/lib/python3.9/site-packages/airflow/example_dags/example_display_name.py
[2024-12-21T11:59:13.675+0530] {logging_mixin.py:190} INFO - [2024-12-21T11:59:13.674+0530] {dag.py:3239} INFO - Sync 1 DAGs
[2024-12-21T11:59:13.703+0530] {logging_mixin.py:190} INFO - [2024-12-21T11:59:13.702+0530] {dag.py:4180} INFO - Setting next_dagrun for example_display_name to None, run_after=None
[2024-12-21T11:59:13.741+0530] {processor.py:208} INFO - Processing /Users/jayesh/Desktop/Personal Work/Movie_data_pipeline/.venv/lib/python3.9/site-packages/airflow/example_dags/example_display_name.py took 0.418 seconds
[2024-12-21T12:02:36.320+0530] {processor.py:186} INFO - Started process (PID=8212) to work on /Users/jayesh/Desktop/Personal Work/Movie_data_pipeline/.venv/lib/python3.9/site-packages/airflow/example_dags/example_display_name.py
[2024-12-21T12:02:36.325+0530] {processor.py:914} INFO - Processing file /Users/jayesh/Desktop/Personal Work/Movie_data_pipeline/.venv/lib/python3.9/site-packages/airflow/example_dags/example_display_name.py for tasks to queue
[2024-12-21T12:02:36.328+0530] {logging_mixin.py:190} INFO - [2024-12-21T12:02:36.328+0530] {dagbag.py:588} INFO - Filling up the DagBag from /Users/jayesh/Desktop/Personal Work/Movie_data_pipeline/.venv/lib/python3.9/site-packages/airflow/example_dags/example_display_name.py
[2024-12-21T12:02:36.454+0530] {processor.py:925} INFO - DAG(s) 'example_display_name' retrieved from /Users/jayesh/Desktop/Personal Work/Movie_data_pipeline/.venv/lib/python3.9/site-packages/airflow/example_dags/example_display_name.py
[2024-12-21T12:02:36.843+0530] {logging_mixin.py:190} INFO - [2024-12-21T12:02:36.843+0530] {dag.py:3239} INFO - Sync 1 DAGs
[2024-12-21T12:02:36.864+0530] {logging_mixin.py:190} INFO - [2024-12-21T12:02:36.864+0530] {dag.py:4180} INFO - Setting next_dagrun for example_display_name to None, run_after=None
[2024-12-21T12:02:36.894+0530] {processor.py:208} INFO - Processing /Users/jayesh/Desktop/Personal Work/Movie_data_pipeline/.venv/lib/python3.9/site-packages/airflow/example_dags/example_display_name.py took 0.586 seconds
[2024-12-21T12:06:05.653+0530] {processor.py:186} INFO - Started process (PID=8956) to work on /Users/jayesh/Desktop/Personal Work/Movie_data_pipeline/.venv/lib/python3.9/site-packages/airflow/example_dags/example_display_name.py
[2024-12-21T12:06:05.655+0530] {processor.py:914} INFO - Processing file /Users/jayesh/Desktop/Personal Work/Movie_data_pipeline/.venv/lib/python3.9/site-packages/airflow/example_dags/example_display_name.py for tasks to queue
[2024-12-21T12:06:05.657+0530] {logging_mixin.py:190} INFO - [2024-12-21T12:06:05.656+0530] {dagbag.py:588} INFO - Filling up the DagBag from /Users/jayesh/Desktop/Personal Work/Movie_data_pipeline/.venv/lib/python3.9/site-packages/airflow/example_dags/example_display_name.py
[2024-12-21T12:06:05.799+0530] {processor.py:925} INFO - DAG(s) 'example_display_name' retrieved from /Users/jayesh/Desktop/Personal Work/Movie_data_pipeline/.venv/lib/python3.9/site-packages/airflow/example_dags/example_display_name.py
[2024-12-21T12:06:06.038+0530] {logging_mixin.py:190} INFO - [2024-12-21T12:06:06.038+0530] {dag.py:3239} INFO - Sync 1 DAGs
[2024-12-21T12:06:06.065+0530] {logging_mixin.py:190} INFO - [2024-12-21T12:06:06.065+0530] {dag.py:4180} INFO - Setting next_dagrun for example_display_name to None, run_after=None
[2024-12-21T12:06:06.102+0530] {processor.py:208} INFO - Processing /Users/jayesh/Desktop/Personal Work/Movie_data_pipeline/.venv/lib/python3.9/site-packages/airflow/example_dags/example_display_name.py took 0.455 seconds
[2024-12-21T22:32:21.058+0530] {processor.py:186} INFO - Started process (PID=16015) to work on /Users/jayesh/Desktop/Personal Work/Movie_data_pipeline/.venv/lib/python3.9/site-packages/airflow/example_dags/example_display_name.py
[2024-12-21T22:32:21.062+0530] {processor.py:914} INFO - Processing file /Users/jayesh/Desktop/Personal Work/Movie_data_pipeline/.venv/lib/python3.9/site-packages/airflow/example_dags/example_display_name.py for tasks to queue
[2024-12-21T22:32:21.067+0530] {logging_mixin.py:190} INFO - [2024-12-21T22:32:21.066+0530] {dagbag.py:588} INFO - Filling up the DagBag from /Users/jayesh/Desktop/Personal Work/Movie_data_pipeline/.venv/lib/python3.9/site-packages/airflow/example_dags/example_display_name.py
[2024-12-21T22:32:21.088+0530] {processor.py:925} INFO - DAG(s) 'example_display_name' retrieved from /Users/jayesh/Desktop/Personal Work/Movie_data_pipeline/.venv/lib/python3.9/site-packages/airflow/example_dags/example_display_name.py
[2024-12-21T22:32:21.159+0530] {logging_mixin.py:190} INFO - [2024-12-21T22:32:21.158+0530] {dag.py:3239} INFO - Sync 1 DAGs
[2024-12-21T22:32:21.192+0530] {logging_mixin.py:190} INFO - [2024-12-21T22:32:21.191+0530] {dag.py:4180} INFO - Setting next_dagrun for example_display_name to None, run_after=None
[2024-12-21T22:32:21.235+0530] {processor.py:208} INFO - Processing /Users/jayesh/Desktop/Personal Work/Movie_data_pipeline/.venv/lib/python3.9/site-packages/airflow/example_dags/example_display_name.py took 0.189 seconds
[2024-12-21T22:32:56.935+0530] {processor.py:186} INFO - Started process (PID=16258) to work on /Users/jayesh/Desktop/Personal Work/Movie_data_pipeline/.venv/lib/python3.9/site-packages/airflow/example_dags/example_display_name.py
[2024-12-21T22:32:56.942+0530] {processor.py:914} INFO - Processing file /Users/jayesh/Desktop/Personal Work/Movie_data_pipeline/.venv/lib/python3.9/site-packages/airflow/example_dags/example_display_name.py for tasks to queue
[2024-12-21T22:32:56.957+0530] {logging_mixin.py:190} INFO - [2024-12-21T22:32:56.956+0530] {dagbag.py:588} INFO - Filling up the DagBag from /Users/jayesh/Desktop/Personal Work/Movie_data_pipeline/.venv/lib/python3.9/site-packages/airflow/example_dags/example_display_name.py
[2024-12-21T22:32:56.995+0530] {processor.py:925} INFO - DAG(s) 'example_display_name' retrieved from /Users/jayesh/Desktop/Personal Work/Movie_data_pipeline/.venv/lib/python3.9/site-packages/airflow/example_dags/example_display_name.py
[2024-12-21T22:32:57.160+0530] {logging_mixin.py:190} INFO - [2024-12-21T22:32:57.159+0530] {dag.py:3239} INFO - Sync 1 DAGs
[2024-12-21T22:32:57.214+0530] {logging_mixin.py:190} INFO - [2024-12-21T22:32:57.213+0530] {dag.py:4180} INFO - Setting next_dagrun for example_display_name to None, run_after=None
[2024-12-21T22:32:57.399+0530] {processor.py:208} INFO - Processing /Users/jayesh/Desktop/Personal Work/Movie_data_pipeline/.venv/lib/python3.9/site-packages/airflow/example_dags/example_display_name.py took 0.489 seconds
[2024-12-21T22:33:28.878+0530] {processor.py:186} INFO - Started process (PID=16462) to work on /Users/jayesh/Desktop/Personal Work/Movie_data_pipeline/.venv/lib/python3.9/site-packages/airflow/example_dags/example_display_name.py
[2024-12-21T22:33:28.881+0530] {processor.py:914} INFO - Processing file /Users/jayesh/Desktop/Personal Work/Movie_data_pipeline/.venv/lib/python3.9/site-packages/airflow/example_dags/example_display_name.py for tasks to queue
[2024-12-21T22:33:28.888+0530] {logging_mixin.py:190} INFO - [2024-12-21T22:33:28.887+0530] {dagbag.py:588} INFO - Filling up the DagBag from /Users/jayesh/Desktop/Personal Work/Movie_data_pipeline/.venv/lib/python3.9/site-packages/airflow/example_dags/example_display_name.py
[2024-12-21T22:33:28.912+0530] {processor.py:925} INFO - DAG(s) 'example_display_name' retrieved from /Users/jayesh/Desktop/Personal Work/Movie_data_pipeline/.venv/lib/python3.9/site-packages/airflow/example_dags/example_display_name.py
[2024-12-21T22:33:28.992+0530] {logging_mixin.py:190} INFO - [2024-12-21T22:33:28.991+0530] {dag.py:3239} INFO - Sync 1 DAGs
[2024-12-21T22:33:29.016+0530] {logging_mixin.py:190} INFO - [2024-12-21T22:33:29.016+0530] {dag.py:4180} INFO - Setting next_dagrun for example_display_name to None, run_after=None
[2024-12-21T22:33:29.094+0530] {processor.py:208} INFO - Processing /Users/jayesh/Desktop/Personal Work/Movie_data_pipeline/.venv/lib/python3.9/site-packages/airflow/example_dags/example_display_name.py took 0.233 seconds
[2024-12-21T23:53:05.579+0530] {processor.py:186} INFO - Started process (PID=18151) to work on /Users/jayesh/Desktop/Personal Work/Movie_data_pipeline/.venv/lib/python3.9/site-packages/airflow/example_dags/example_display_name.py
[2024-12-21T23:53:05.583+0530] {processor.py:914} INFO - Processing file /Users/jayesh/Desktop/Personal Work/Movie_data_pipeline/.venv/lib/python3.9/site-packages/airflow/example_dags/example_display_name.py for tasks to queue
[2024-12-21T23:53:05.594+0530] {logging_mixin.py:190} INFO - [2024-12-21T23:53:05.593+0530] {dagbag.py:588} INFO - Filling up the DagBag from /Users/jayesh/Desktop/Personal Work/Movie_data_pipeline/.venv/lib/python3.9/site-packages/airflow/example_dags/example_display_name.py
[2024-12-21T23:53:05.619+0530] {processor.py:925} INFO - DAG(s) 'example_display_name' retrieved from /Users/jayesh/Desktop/Personal Work/Movie_data_pipeline/.venv/lib/python3.9/site-packages/airflow/example_dags/example_display_name.py
[2024-12-21T23:53:05.717+0530] {logging_mixin.py:190} INFO - [2024-12-21T23:53:05.716+0530] {dag.py:3239} INFO - Sync 1 DAGs
[2024-12-21T23:53:05.762+0530] {logging_mixin.py:190} INFO - [2024-12-21T23:53:05.761+0530] {dag.py:4180} INFO - Setting next_dagrun for example_display_name to None, run_after=None
[2024-12-21T23:53:05.807+0530] {processor.py:208} INFO - Processing /Users/jayesh/Desktop/Personal Work/Movie_data_pipeline/.venv/lib/python3.9/site-packages/airflow/example_dags/example_display_name.py took 0.247 seconds
[2024-12-21T23:53:37.080+0530] {processor.py:186} INFO - Started process (PID=18350) to work on /Users/jayesh/Desktop/Personal Work/Movie_data_pipeline/.venv/lib/python3.9/site-packages/airflow/example_dags/example_display_name.py
[2024-12-21T23:53:37.083+0530] {processor.py:914} INFO - Processing file /Users/jayesh/Desktop/Personal Work/Movie_data_pipeline/.venv/lib/python3.9/site-packages/airflow/example_dags/example_display_name.py for tasks to queue
[2024-12-21T23:53:37.089+0530] {logging_mixin.py:190} INFO - [2024-12-21T23:53:37.089+0530] {dagbag.py:588} INFO - Filling up the DagBag from /Users/jayesh/Desktop/Personal Work/Movie_data_pipeline/.venv/lib/python3.9/site-packages/airflow/example_dags/example_display_name.py
[2024-12-21T23:53:37.111+0530] {processor.py:925} INFO - DAG(s) 'example_display_name' retrieved from /Users/jayesh/Desktop/Personal Work/Movie_data_pipeline/.venv/lib/python3.9/site-packages/airflow/example_dags/example_display_name.py
[2024-12-21T23:53:37.199+0530] {logging_mixin.py:190} INFO - [2024-12-21T23:53:37.198+0530] {dag.py:3239} INFO - Sync 1 DAGs
[2024-12-21T23:53:37.232+0530] {logging_mixin.py:190} INFO - [2024-12-21T23:53:37.232+0530] {dag.py:4180} INFO - Setting next_dagrun for example_display_name to None, run_after=None
[2024-12-21T23:53:37.277+0530] {processor.py:208} INFO - Processing /Users/jayesh/Desktop/Personal Work/Movie_data_pipeline/.venv/lib/python3.9/site-packages/airflow/example_dags/example_display_name.py took 0.214 seconds
