[2024-12-21T10:23:47.906+0530] {processor.py:186} INFO - Started process (PID=2311) to work on /Users/jayesh/Desktop/Personal Work/Movie_data_pipeline/.venv/lib/python3.9/site-packages/airflow/example_dags/example_short_circuit_decorator.py
[2024-12-21T10:23:47.908+0530] {processor.py:914} INFO - Processing file /Users/jayesh/Desktop/Personal Work/Movie_data_pipeline/.venv/lib/python3.9/site-packages/airflow/example_dags/example_short_circuit_decorator.py for tasks to queue
[2024-12-21T10:23:47.910+0530] {logging_mixin.py:190} INFO - [2024-12-21T10:23:47.910+0530] {dagbag.py:588} INFO - Filling up the DagBag from /Users/jayesh/Desktop/Personal Work/Movie_data_pipeline/.venv/lib/python3.9/site-packages/airflow/example_dags/example_short_circuit_decorator.py
[2024-12-21T10:23:48.015+0530] {processor.py:925} INFO - DAG(s) 'example_short_circuit_decorator' retrieved from /Users/jayesh/Desktop/Personal Work/Movie_data_pipeline/.venv/lib/python3.9/site-packages/airflow/example_dags/example_short_circuit_decorator.py
[2024-12-21T10:23:48.617+0530] {logging_mixin.py:190} INFO - [2024-12-21T10:23:48.617+0530] {dag.py:3239} INFO - Sync 1 DAGs
[2024-12-21T10:23:48.641+0530] {logging_mixin.py:190} INFO - [2024-12-21T10:23:48.641+0530] {dag.py:4180} INFO - Setting next_dagrun for example_short_circuit_decorator to None, run_after=None
[2024-12-21T10:23:48.678+0530] {processor.py:208} INFO - Processing /Users/jayesh/Desktop/Personal Work/Movie_data_pipeline/.venv/lib/python3.9/site-packages/airflow/example_dags/example_short_circuit_decorator.py took 0.783 seconds
[2024-12-21T10:26:05.360+0530] {processor.py:186} INFO - Started process (PID=2629) to work on /Users/jayesh/Desktop/Personal Work/Movie_data_pipeline/.venv/lib/python3.9/site-packages/airflow/example_dags/example_short_circuit_decorator.py
[2024-12-21T10:26:05.362+0530] {processor.py:914} INFO - Processing file /Users/jayesh/Desktop/Personal Work/Movie_data_pipeline/.venv/lib/python3.9/site-packages/airflow/example_dags/example_short_circuit_decorator.py for tasks to queue
[2024-12-21T10:26:05.363+0530] {logging_mixin.py:190} INFO - [2024-12-21T10:26:05.363+0530] {dagbag.py:588} INFO - Filling up the DagBag from /Users/jayesh/Desktop/Personal Work/Movie_data_pipeline/.venv/lib/python3.9/site-packages/airflow/example_dags/example_short_circuit_decorator.py
[2024-12-21T10:26:05.418+0530] {processor.py:925} INFO - DAG(s) 'example_short_circuit_decorator' retrieved from /Users/jayesh/Desktop/Personal Work/Movie_data_pipeline/.venv/lib/python3.9/site-packages/airflow/example_dags/example_short_circuit_decorator.py
[2024-12-21T10:26:05.660+0530] {logging_mixin.py:190} INFO - [2024-12-21T10:26:05.659+0530] {dag.py:3239} INFO - Sync 1 DAGs
[2024-12-21T10:26:05.681+0530] {logging_mixin.py:190} INFO - [2024-12-21T10:26:05.681+0530] {dag.py:4180} INFO - Setting next_dagrun for example_short_circuit_decorator to None, run_after=None
[2024-12-21T10:26:05.709+0530] {processor.py:208} INFO - Processing /Users/jayesh/Desktop/Personal Work/Movie_data_pipeline/.venv/lib/python3.9/site-packages/airflow/example_dags/example_short_circuit_decorator.py took 0.354 seconds
[2024-12-21T10:28:37.852+0530] {processor.py:186} INFO - Started process (PID=3051) to work on /Users/jayesh/Desktop/Personal Work/Movie_data_pipeline/.venv/lib/python3.9/site-packages/airflow/example_dags/example_short_circuit_decorator.py
[2024-12-21T10:28:37.855+0530] {processor.py:914} INFO - Processing file /Users/jayesh/Desktop/Personal Work/Movie_data_pipeline/.venv/lib/python3.9/site-packages/airflow/example_dags/example_short_circuit_decorator.py for tasks to queue
[2024-12-21T10:28:37.859+0530] {logging_mixin.py:190} INFO - [2024-12-21T10:28:37.858+0530] {dagbag.py:588} INFO - Filling up the DagBag from /Users/jayesh/Desktop/Personal Work/Movie_data_pipeline/.venv/lib/python3.9/site-packages/airflow/example_dags/example_short_circuit_decorator.py
[2024-12-21T10:28:37.946+0530] {processor.py:925} INFO - DAG(s) 'example_short_circuit_decorator' retrieved from /Users/jayesh/Desktop/Personal Work/Movie_data_pipeline/.venv/lib/python3.9/site-packages/airflow/example_dags/example_short_circuit_decorator.py
[2024-12-21T10:28:38.335+0530] {logging_mixin.py:190} INFO - [2024-12-21T10:28:38.335+0530] {dag.py:3239} INFO - Sync 1 DAGs
[2024-12-21T10:28:38.384+0530] {logging_mixin.py:190} INFO - [2024-12-21T10:28:38.383+0530] {dag.py:4180} INFO - Setting next_dagrun for example_short_circuit_decorator to None, run_after=None
[2024-12-21T10:28:38.459+0530] {processor.py:208} INFO - Processing /Users/jayesh/Desktop/Personal Work/Movie_data_pipeline/.venv/lib/python3.9/site-packages/airflow/example_dags/example_short_circuit_decorator.py took 0.616 seconds
[2024-12-21T10:48:13.092+0530] {processor.py:186} INFO - Started process (PID=4163) to work on /Users/jayesh/Desktop/Personal Work/Movie_data_pipeline/.venv/lib/python3.9/site-packages/airflow/example_dags/example_short_circuit_decorator.py
[2024-12-21T10:48:13.095+0530] {processor.py:914} INFO - Processing file /Users/jayesh/Desktop/Personal Work/Movie_data_pipeline/.venv/lib/python3.9/site-packages/airflow/example_dags/example_short_circuit_decorator.py for tasks to queue
[2024-12-21T10:48:13.097+0530] {logging_mixin.py:190} INFO - [2024-12-21T10:48:13.097+0530] {dagbag.py:588} INFO - Filling up the DagBag from /Users/jayesh/Desktop/Personal Work/Movie_data_pipeline/.venv/lib/python3.9/site-packages/airflow/example_dags/example_short_circuit_decorator.py
[2024-12-21T10:48:13.174+0530] {processor.py:925} INFO - DAG(s) 'example_short_circuit_decorator' retrieved from /Users/jayesh/Desktop/Personal Work/Movie_data_pipeline/.venv/lib/python3.9/site-packages/airflow/example_dags/example_short_circuit_decorator.py
[2024-12-21T10:48:13.391+0530] {logging_mixin.py:190} INFO - [2024-12-21T10:48:13.390+0530] {dag.py:3239} INFO - Sync 1 DAGs
[2024-12-21T10:48:13.415+0530] {logging_mixin.py:190} INFO - [2024-12-21T10:48:13.415+0530] {dag.py:4180} INFO - Setting next_dagrun for example_short_circuit_decorator to None, run_after=None
[2024-12-21T10:48:13.441+0530] {processor.py:208} INFO - Processing /Users/jayesh/Desktop/Personal Work/Movie_data_pipeline/.venv/lib/python3.9/site-packages/airflow/example_dags/example_short_circuit_decorator.py took 0.354 seconds
[2024-12-21T10:50:31.708+0530] {processor.py:186} INFO - Started process (PID=4603) to work on /Users/jayesh/Desktop/Personal Work/Movie_data_pipeline/.venv/lib/python3.9/site-packages/airflow/example_dags/example_short_circuit_decorator.py
[2024-12-21T10:50:31.710+0530] {processor.py:914} INFO - Processing file /Users/jayesh/Desktop/Personal Work/Movie_data_pipeline/.venv/lib/python3.9/site-packages/airflow/example_dags/example_short_circuit_decorator.py for tasks to queue
[2024-12-21T10:50:31.717+0530] {logging_mixin.py:190} INFO - [2024-12-21T10:50:31.713+0530] {dagbag.py:588} INFO - Filling up the DagBag from /Users/jayesh/Desktop/Personal Work/Movie_data_pipeline/.venv/lib/python3.9/site-packages/airflow/example_dags/example_short_circuit_decorator.py
[2024-12-21T10:50:31.945+0530] {processor.py:925} INFO - DAG(s) 'example_short_circuit_decorator' retrieved from /Users/jayesh/Desktop/Personal Work/Movie_data_pipeline/.venv/lib/python3.9/site-packages/airflow/example_dags/example_short_circuit_decorator.py
[2024-12-21T10:50:32.256+0530] {logging_mixin.py:190} INFO - [2024-12-21T10:50:32.255+0530] {dag.py:3239} INFO - Sync 1 DAGs
[2024-12-21T10:50:32.283+0530] {logging_mixin.py:190} INFO - [2024-12-21T10:50:32.283+0530] {dag.py:4180} INFO - Setting next_dagrun for example_short_circuit_decorator to None, run_after=None
[2024-12-21T10:50:32.318+0530] {processor.py:208} INFO - Processing /Users/jayesh/Desktop/Personal Work/Movie_data_pipeline/.venv/lib/python3.9/site-packages/airflow/example_dags/example_short_circuit_decorator.py took 0.624 seconds
[2024-12-21T10:52:18.032+0530] {processor.py:186} INFO - Started process (PID=4976) to work on /Users/jayesh/Desktop/Personal Work/Movie_data_pipeline/.venv/lib/python3.9/site-packages/airflow/example_dags/example_short_circuit_decorator.py
[2024-12-21T10:52:18.033+0530] {processor.py:914} INFO - Processing file /Users/jayesh/Desktop/Personal Work/Movie_data_pipeline/.venv/lib/python3.9/site-packages/airflow/example_dags/example_short_circuit_decorator.py for tasks to queue
[2024-12-21T10:52:18.036+0530] {logging_mixin.py:190} INFO - [2024-12-21T10:52:18.036+0530] {dagbag.py:588} INFO - Filling up the DagBag from /Users/jayesh/Desktop/Personal Work/Movie_data_pipeline/.venv/lib/python3.9/site-packages/airflow/example_dags/example_short_circuit_decorator.py
[2024-12-21T10:52:18.090+0530] {processor.py:925} INFO - DAG(s) 'example_short_circuit_decorator' retrieved from /Users/jayesh/Desktop/Personal Work/Movie_data_pipeline/.venv/lib/python3.9/site-packages/airflow/example_dags/example_short_circuit_decorator.py
[2024-12-21T10:52:18.386+0530] {logging_mixin.py:190} INFO - [2024-12-21T10:52:18.384+0530] {dag.py:3239} INFO - Sync 1 DAGs
[2024-12-21T10:52:18.407+0530] {logging_mixin.py:190} INFO - [2024-12-21T10:52:18.406+0530] {dag.py:4180} INFO - Setting next_dagrun for example_short_circuit_decorator to None, run_after=None
[2024-12-21T10:52:18.433+0530] {processor.py:208} INFO - Processing /Users/jayesh/Desktop/Personal Work/Movie_data_pipeline/.venv/lib/python3.9/site-packages/airflow/example_dags/example_short_circuit_decorator.py took 0.405 seconds
[2024-12-21T11:55:21.972+0530] {processor.py:186} INFO - Started process (PID=6657) to work on /Users/jayesh/Desktop/Personal Work/Movie_data_pipeline/.venv/lib/python3.9/site-packages/airflow/example_dags/example_short_circuit_decorator.py
[2024-12-21T11:55:21.976+0530] {processor.py:914} INFO - Processing file /Users/jayesh/Desktop/Personal Work/Movie_data_pipeline/.venv/lib/python3.9/site-packages/airflow/example_dags/example_short_circuit_decorator.py for tasks to queue
[2024-12-21T11:55:21.979+0530] {logging_mixin.py:190} INFO - [2024-12-21T11:55:21.978+0530] {dagbag.py:588} INFO - Filling up the DagBag from /Users/jayesh/Desktop/Personal Work/Movie_data_pipeline/.venv/lib/python3.9/site-packages/airflow/example_dags/example_short_circuit_decorator.py
[2024-12-21T11:55:22.048+0530] {processor.py:925} INFO - DAG(s) 'example_short_circuit_decorator' retrieved from /Users/jayesh/Desktop/Personal Work/Movie_data_pipeline/.venv/lib/python3.9/site-packages/airflow/example_dags/example_short_circuit_decorator.py
[2024-12-21T11:55:22.362+0530] {logging_mixin.py:190} INFO - [2024-12-21T11:55:22.361+0530] {dag.py:3239} INFO - Sync 1 DAGs
[2024-12-21T11:55:22.387+0530] {logging_mixin.py:190} INFO - [2024-12-21T11:55:22.387+0530] {dag.py:4180} INFO - Setting next_dagrun for example_short_circuit_decorator to None, run_after=None
[2024-12-21T11:55:22.419+0530] {processor.py:208} INFO - Processing /Users/jayesh/Desktop/Personal Work/Movie_data_pipeline/.venv/lib/python3.9/site-packages/airflow/example_dags/example_short_circuit_decorator.py took 0.455 seconds
[2024-12-21T11:57:30.309+0530] {processor.py:186} INFO - Started process (PID=7114) to work on /Users/jayesh/Desktop/Personal Work/Movie_data_pipeline/.venv/lib/python3.9/site-packages/airflow/example_dags/example_short_circuit_decorator.py
[2024-12-21T11:57:30.311+0530] {processor.py:914} INFO - Processing file /Users/jayesh/Desktop/Personal Work/Movie_data_pipeline/.venv/lib/python3.9/site-packages/airflow/example_dags/example_short_circuit_decorator.py for tasks to queue
[2024-12-21T11:57:30.314+0530] {logging_mixin.py:190} INFO - [2024-12-21T11:57:30.313+0530] {dagbag.py:588} INFO - Filling up the DagBag from /Users/jayesh/Desktop/Personal Work/Movie_data_pipeline/.venv/lib/python3.9/site-packages/airflow/example_dags/example_short_circuit_decorator.py
[2024-12-21T11:57:30.372+0530] {processor.py:925} INFO - DAG(s) 'example_short_circuit_decorator' retrieved from /Users/jayesh/Desktop/Personal Work/Movie_data_pipeline/.venv/lib/python3.9/site-packages/airflow/example_dags/example_short_circuit_decorator.py
[2024-12-21T11:57:30.600+0530] {logging_mixin.py:190} INFO - [2024-12-21T11:57:30.600+0530] {dag.py:3239} INFO - Sync 1 DAGs
[2024-12-21T11:57:30.620+0530] {logging_mixin.py:190} INFO - [2024-12-21T11:57:30.620+0530] {dag.py:4180} INFO - Setting next_dagrun for example_short_circuit_decorator to None, run_after=None
[2024-12-21T11:57:30.648+0530] {processor.py:208} INFO - Processing /Users/jayesh/Desktop/Personal Work/Movie_data_pipeline/.venv/lib/python3.9/site-packages/airflow/example_dags/example_short_circuit_decorator.py took 0.343 seconds
[2024-12-21T11:59:01.721+0530] {processor.py:186} INFO - Started process (PID=7463) to work on /Users/jayesh/Desktop/Personal Work/Movie_data_pipeline/.venv/lib/python3.9/site-packages/airflow/example_dags/example_short_circuit_decorator.py
[2024-12-21T11:59:01.725+0530] {processor.py:914} INFO - Processing file /Users/jayesh/Desktop/Personal Work/Movie_data_pipeline/.venv/lib/python3.9/site-packages/airflow/example_dags/example_short_circuit_decorator.py for tasks to queue
[2024-12-21T11:59:01.728+0530] {logging_mixin.py:190} INFO - [2024-12-21T11:59:01.727+0530] {dagbag.py:588} INFO - Filling up the DagBag from /Users/jayesh/Desktop/Personal Work/Movie_data_pipeline/.venv/lib/python3.9/site-packages/airflow/example_dags/example_short_circuit_decorator.py
[2024-12-21T11:59:01.795+0530] {processor.py:925} INFO - DAG(s) 'example_short_circuit_decorator' retrieved from /Users/jayesh/Desktop/Personal Work/Movie_data_pipeline/.venv/lib/python3.9/site-packages/airflow/example_dags/example_short_circuit_decorator.py
[2024-12-21T11:59:02.101+0530] {logging_mixin.py:190} INFO - [2024-12-21T11:59:02.100+0530] {dag.py:3239} INFO - Sync 1 DAGs
[2024-12-21T11:59:02.121+0530] {logging_mixin.py:190} INFO - [2024-12-21T11:59:02.121+0530] {dag.py:4180} INFO - Setting next_dagrun for example_short_circuit_decorator to None, run_after=None
[2024-12-21T11:59:02.154+0530] {processor.py:208} INFO - Processing /Users/jayesh/Desktop/Personal Work/Movie_data_pipeline/.venv/lib/python3.9/site-packages/airflow/example_dags/example_short_circuit_decorator.py took 0.440 seconds
[2024-12-21T12:00:45.443+0530] {processor.py:186} INFO - Started process (PID=7824) to work on /Users/jayesh/Desktop/Personal Work/Movie_data_pipeline/.venv/lib/python3.9/site-packages/airflow/example_dags/example_short_circuit_decorator.py
[2024-12-21T12:00:45.446+0530] {processor.py:914} INFO - Processing file /Users/jayesh/Desktop/Personal Work/Movie_data_pipeline/.venv/lib/python3.9/site-packages/airflow/example_dags/example_short_circuit_decorator.py for tasks to queue
[2024-12-21T12:00:45.449+0530] {logging_mixin.py:190} INFO - [2024-12-21T12:00:45.448+0530] {dagbag.py:588} INFO - Filling up the DagBag from /Users/jayesh/Desktop/Personal Work/Movie_data_pipeline/.venv/lib/python3.9/site-packages/airflow/example_dags/example_short_circuit_decorator.py
[2024-12-21T12:00:45.511+0530] {processor.py:925} INFO - DAG(s) 'example_short_circuit_decorator' retrieved from /Users/jayesh/Desktop/Personal Work/Movie_data_pipeline/.venv/lib/python3.9/site-packages/airflow/example_dags/example_short_circuit_decorator.py
[2024-12-21T12:00:45.790+0530] {logging_mixin.py:190} INFO - [2024-12-21T12:00:45.789+0530] {dag.py:3239} INFO - Sync 1 DAGs
[2024-12-21T12:00:45.814+0530] {logging_mixin.py:190} INFO - [2024-12-21T12:00:45.814+0530] {dag.py:4180} INFO - Setting next_dagrun for example_short_circuit_decorator to None, run_after=None
[2024-12-21T12:00:45.842+0530] {processor.py:208} INFO - Processing /Users/jayesh/Desktop/Personal Work/Movie_data_pipeline/.venv/lib/python3.9/site-packages/airflow/example_dags/example_short_circuit_decorator.py took 0.408 seconds
[2024-12-21T12:02:26.812+0530] {processor.py:186} INFO - Started process (PID=8175) to work on /Users/jayesh/Desktop/Personal Work/Movie_data_pipeline/.venv/lib/python3.9/site-packages/airflow/example_dags/example_short_circuit_decorator.py
[2024-12-21T12:02:26.815+0530] {processor.py:914} INFO - Processing file /Users/jayesh/Desktop/Personal Work/Movie_data_pipeline/.venv/lib/python3.9/site-packages/airflow/example_dags/example_short_circuit_decorator.py for tasks to queue
[2024-12-21T12:02:26.818+0530] {logging_mixin.py:190} INFO - [2024-12-21T12:02:26.818+0530] {dagbag.py:588} INFO - Filling up the DagBag from /Users/jayesh/Desktop/Personal Work/Movie_data_pipeline/.venv/lib/python3.9/site-packages/airflow/example_dags/example_short_circuit_decorator.py
[2024-12-21T12:02:26.894+0530] {processor.py:925} INFO - DAG(s) 'example_short_circuit_decorator' retrieved from /Users/jayesh/Desktop/Personal Work/Movie_data_pipeline/.venv/lib/python3.9/site-packages/airflow/example_dags/example_short_circuit_decorator.py
[2024-12-21T12:02:27.141+0530] {logging_mixin.py:190} INFO - [2024-12-21T12:02:27.140+0530] {dag.py:3239} INFO - Sync 1 DAGs
[2024-12-21T12:02:27.169+0530] {logging_mixin.py:190} INFO - [2024-12-21T12:02:27.168+0530] {dag.py:4180} INFO - Setting next_dagrun for example_short_circuit_decorator to None, run_after=None
[2024-12-21T12:02:27.202+0530] {processor.py:208} INFO - Processing /Users/jayesh/Desktop/Personal Work/Movie_data_pipeline/.venv/lib/python3.9/site-packages/airflow/example_dags/example_short_circuit_decorator.py took 0.396 seconds
[2024-12-21T12:04:14.560+0530] {processor.py:186} INFO - Started process (PID=8568) to work on /Users/jayesh/Desktop/Personal Work/Movie_data_pipeline/.venv/lib/python3.9/site-packages/airflow/example_dags/example_short_circuit_decorator.py
[2024-12-21T12:04:14.564+0530] {processor.py:914} INFO - Processing file /Users/jayesh/Desktop/Personal Work/Movie_data_pipeline/.venv/lib/python3.9/site-packages/airflow/example_dags/example_short_circuit_decorator.py for tasks to queue
[2024-12-21T12:04:14.568+0530] {logging_mixin.py:190} INFO - [2024-12-21T12:04:14.567+0530] {dagbag.py:588} INFO - Filling up the DagBag from /Users/jayesh/Desktop/Personal Work/Movie_data_pipeline/.venv/lib/python3.9/site-packages/airflow/example_dags/example_short_circuit_decorator.py
[2024-12-21T12:04:14.721+0530] {processor.py:925} INFO - DAG(s) 'example_short_circuit_decorator' retrieved from /Users/jayesh/Desktop/Personal Work/Movie_data_pipeline/.venv/lib/python3.9/site-packages/airflow/example_dags/example_short_circuit_decorator.py
[2024-12-21T12:04:15.284+0530] {logging_mixin.py:190} INFO - [2024-12-21T12:04:15.283+0530] {dag.py:3239} INFO - Sync 1 DAGs
[2024-12-21T12:04:15.316+0530] {logging_mixin.py:190} INFO - [2024-12-21T12:04:15.316+0530] {dag.py:4180} INFO - Setting next_dagrun for example_short_circuit_decorator to None, run_after=None
[2024-12-21T12:04:15.373+0530] {processor.py:208} INFO - Processing /Users/jayesh/Desktop/Personal Work/Movie_data_pipeline/.venv/lib/python3.9/site-packages/airflow/example_dags/example_short_circuit_decorator.py took 0.825 seconds
[2024-12-21T12:05:55.664+0530] {processor.py:186} INFO - Started process (PID=8922) to work on /Users/jayesh/Desktop/Personal Work/Movie_data_pipeline/.venv/lib/python3.9/site-packages/airflow/example_dags/example_short_circuit_decorator.py
[2024-12-21T12:05:55.667+0530] {processor.py:914} INFO - Processing file /Users/jayesh/Desktop/Personal Work/Movie_data_pipeline/.venv/lib/python3.9/site-packages/airflow/example_dags/example_short_circuit_decorator.py for tasks to queue
[2024-12-21T12:05:55.670+0530] {logging_mixin.py:190} INFO - [2024-12-21T12:05:55.670+0530] {dagbag.py:588} INFO - Filling up the DagBag from /Users/jayesh/Desktop/Personal Work/Movie_data_pipeline/.venv/lib/python3.9/site-packages/airflow/example_dags/example_short_circuit_decorator.py
[2024-12-21T12:05:55.731+0530] {processor.py:925} INFO - DAG(s) 'example_short_circuit_decorator' retrieved from /Users/jayesh/Desktop/Personal Work/Movie_data_pipeline/.venv/lib/python3.9/site-packages/airflow/example_dags/example_short_circuit_decorator.py
[2024-12-21T12:05:55.971+0530] {logging_mixin.py:190} INFO - [2024-12-21T12:05:55.970+0530] {dag.py:3239} INFO - Sync 1 DAGs
[2024-12-21T12:05:55.993+0530] {logging_mixin.py:190} INFO - [2024-12-21T12:05:55.992+0530] {dag.py:4180} INFO - Setting next_dagrun for example_short_circuit_decorator to None, run_after=None
[2024-12-21T12:05:56.023+0530] {processor.py:208} INFO - Processing /Users/jayesh/Desktop/Personal Work/Movie_data_pipeline/.venv/lib/python3.9/site-packages/airflow/example_dags/example_short_circuit_decorator.py took 0.364 seconds
[2024-12-21T22:32:15.790+0530] {processor.py:186} INFO - Started process (PID=15945) to work on /Users/jayesh/Desktop/Personal Work/Movie_data_pipeline/.venv/lib/python3.9/site-packages/airflow/example_dags/example_short_circuit_decorator.py
[2024-12-21T22:32:15.795+0530] {processor.py:914} INFO - Processing file /Users/jayesh/Desktop/Personal Work/Movie_data_pipeline/.venv/lib/python3.9/site-packages/airflow/example_dags/example_short_circuit_decorator.py for tasks to queue
[2024-12-21T22:32:15.802+0530] {logging_mixin.py:190} INFO - [2024-12-21T22:32:15.801+0530] {dagbag.py:588} INFO - Filling up the DagBag from /Users/jayesh/Desktop/Personal Work/Movie_data_pipeline/.venv/lib/python3.9/site-packages/airflow/example_dags/example_short_circuit_decorator.py
[2024-12-21T22:32:15.842+0530] {processor.py:925} INFO - DAG(s) 'example_short_circuit_decorator' retrieved from /Users/jayesh/Desktop/Personal Work/Movie_data_pipeline/.venv/lib/python3.9/site-packages/airflow/example_dags/example_short_circuit_decorator.py
[2024-12-21T22:32:16.054+0530] {logging_mixin.py:190} INFO - [2024-12-21T22:32:16.053+0530] {dag.py:3239} INFO - Sync 1 DAGs
[2024-12-21T22:32:16.092+0530] {logging_mixin.py:190} INFO - [2024-12-21T22:32:16.091+0530] {dag.py:4180} INFO - Setting next_dagrun for example_short_circuit_decorator to None, run_after=None
[2024-12-21T22:32:16.144+0530] {processor.py:208} INFO - Processing /Users/jayesh/Desktop/Personal Work/Movie_data_pipeline/.venv/lib/python3.9/site-packages/airflow/example_dags/example_short_circuit_decorator.py took 0.374 seconds
[2024-12-21T22:32:48.424+0530] {processor.py:186} INFO - Started process (PID=16189) to work on /Users/jayesh/Desktop/Personal Work/Movie_data_pipeline/.venv/lib/python3.9/site-packages/airflow/example_dags/example_short_circuit_decorator.py
[2024-12-21T22:32:48.430+0530] {processor.py:914} INFO - Processing file /Users/jayesh/Desktop/Personal Work/Movie_data_pipeline/.venv/lib/python3.9/site-packages/airflow/example_dags/example_short_circuit_decorator.py for tasks to queue
[2024-12-21T22:32:48.438+0530] {logging_mixin.py:190} INFO - [2024-12-21T22:32:48.436+0530] {dagbag.py:588} INFO - Filling up the DagBag from /Users/jayesh/Desktop/Personal Work/Movie_data_pipeline/.venv/lib/python3.9/site-packages/airflow/example_dags/example_short_circuit_decorator.py
[2024-12-21T22:32:48.499+0530] {processor.py:925} INFO - DAG(s) 'example_short_circuit_decorator' retrieved from /Users/jayesh/Desktop/Personal Work/Movie_data_pipeline/.venv/lib/python3.9/site-packages/airflow/example_dags/example_short_circuit_decorator.py
[2024-12-21T22:32:48.811+0530] {logging_mixin.py:190} INFO - [2024-12-21T22:32:48.810+0530] {dag.py:3239} INFO - Sync 1 DAGs
[2024-12-21T22:32:48.934+0530] {logging_mixin.py:190} INFO - [2024-12-21T22:32:48.933+0530] {dag.py:4180} INFO - Setting next_dagrun for example_short_circuit_decorator to None, run_after=None
[2024-12-21T22:32:49.115+0530] {processor.py:208} INFO - Processing /Users/jayesh/Desktop/Personal Work/Movie_data_pipeline/.venv/lib/python3.9/site-packages/airflow/example_dags/example_short_circuit_decorator.py took 0.716 seconds
[2024-12-21T22:33:19.932+0530] {processor.py:186} INFO - Started process (PID=16392) to work on /Users/jayesh/Desktop/Personal Work/Movie_data_pipeline/.venv/lib/python3.9/site-packages/airflow/example_dags/example_short_circuit_decorator.py
[2024-12-21T22:33:19.935+0530] {processor.py:914} INFO - Processing file /Users/jayesh/Desktop/Personal Work/Movie_data_pipeline/.venv/lib/python3.9/site-packages/airflow/example_dags/example_short_circuit_decorator.py for tasks to queue
[2024-12-21T22:33:19.943+0530] {logging_mixin.py:190} INFO - [2024-12-21T22:33:19.940+0530] {dagbag.py:588} INFO - Filling up the DagBag from /Users/jayesh/Desktop/Personal Work/Movie_data_pipeline/.venv/lib/python3.9/site-packages/airflow/example_dags/example_short_circuit_decorator.py
[2024-12-21T22:33:19.970+0530] {processor.py:925} INFO - DAG(s) 'example_short_circuit_decorator' retrieved from /Users/jayesh/Desktop/Personal Work/Movie_data_pipeline/.venv/lib/python3.9/site-packages/airflow/example_dags/example_short_circuit_decorator.py
[2024-12-21T22:33:20.075+0530] {logging_mixin.py:190} INFO - [2024-12-21T22:33:20.075+0530] {dag.py:3239} INFO - Sync 1 DAGs
[2024-12-21T22:33:20.113+0530] {logging_mixin.py:190} INFO - [2024-12-21T22:33:20.112+0530] {dag.py:4180} INFO - Setting next_dagrun for example_short_circuit_decorator to None, run_after=None
[2024-12-21T22:33:20.160+0530] {processor.py:208} INFO - Processing /Users/jayesh/Desktop/Personal Work/Movie_data_pipeline/.venv/lib/python3.9/site-packages/airflow/example_dags/example_short_circuit_decorator.py took 0.247 seconds
[2024-12-21T23:52:56.584+0530] {processor.py:186} INFO - Started process (PID=18064) to work on /Users/jayesh/Desktop/Personal Work/Movie_data_pipeline/.venv/lib/python3.9/site-packages/airflow/example_dags/example_short_circuit_decorator.py
[2024-12-21T23:52:56.590+0530] {processor.py:914} INFO - Processing file /Users/jayesh/Desktop/Personal Work/Movie_data_pipeline/.venv/lib/python3.9/site-packages/airflow/example_dags/example_short_circuit_decorator.py for tasks to queue
[2024-12-21T23:52:56.597+0530] {logging_mixin.py:190} INFO - [2024-12-21T23:52:56.596+0530] {dagbag.py:588} INFO - Filling up the DagBag from /Users/jayesh/Desktop/Personal Work/Movie_data_pipeline/.venv/lib/python3.9/site-packages/airflow/example_dags/example_short_circuit_decorator.py
[2024-12-21T23:52:56.665+0530] {processor.py:925} INFO - DAG(s) 'example_short_circuit_decorator' retrieved from /Users/jayesh/Desktop/Personal Work/Movie_data_pipeline/.venv/lib/python3.9/site-packages/airflow/example_dags/example_short_circuit_decorator.py
[2024-12-21T23:52:56.994+0530] {logging_mixin.py:190} INFO - [2024-12-21T23:52:56.993+0530] {dag.py:3239} INFO - Sync 1 DAGs
[2024-12-21T23:52:57.128+0530] {logging_mixin.py:190} INFO - [2024-12-21T23:52:57.127+0530] {dag.py:4180} INFO - Setting next_dagrun for example_short_circuit_decorator to None, run_after=None
[2024-12-21T23:52:57.262+0530] {processor.py:208} INFO - Processing /Users/jayesh/Desktop/Personal Work/Movie_data_pipeline/.venv/lib/python3.9/site-packages/airflow/example_dags/example_short_circuit_decorator.py took 0.696 seconds
[2024-12-21T23:53:27.443+0530] {processor.py:186} INFO - Started process (PID=18287) to work on /Users/jayesh/Desktop/Personal Work/Movie_data_pipeline/.venv/lib/python3.9/site-packages/airflow/example_dags/example_short_circuit_decorator.py
[2024-12-21T23:53:27.446+0530] {processor.py:914} INFO - Processing file /Users/jayesh/Desktop/Personal Work/Movie_data_pipeline/.venv/lib/python3.9/site-packages/airflow/example_dags/example_short_circuit_decorator.py for tasks to queue
[2024-12-21T23:53:27.452+0530] {logging_mixin.py:190} INFO - [2024-12-21T23:53:27.451+0530] {dagbag.py:588} INFO - Filling up the DagBag from /Users/jayesh/Desktop/Personal Work/Movie_data_pipeline/.venv/lib/python3.9/site-packages/airflow/example_dags/example_short_circuit_decorator.py
[2024-12-21T23:53:27.476+0530] {processor.py:925} INFO - DAG(s) 'example_short_circuit_decorator' retrieved from /Users/jayesh/Desktop/Personal Work/Movie_data_pipeline/.venv/lib/python3.9/site-packages/airflow/example_dags/example_short_circuit_decorator.py
[2024-12-21T23:53:27.554+0530] {logging_mixin.py:190} INFO - [2024-12-21T23:53:27.553+0530] {dag.py:3239} INFO - Sync 1 DAGs
[2024-12-21T23:53:27.586+0530] {logging_mixin.py:190} INFO - [2024-12-21T23:53:27.584+0530] {dag.py:4180} INFO - Setting next_dagrun for example_short_circuit_decorator to None, run_after=None
[2024-12-21T23:53:27.630+0530] {processor.py:208} INFO - Processing /Users/jayesh/Desktop/Personal Work/Movie_data_pipeline/.venv/lib/python3.9/site-packages/airflow/example_dags/example_short_circuit_decorator.py took 0.199 seconds
