[2024-12-21T10:23:38.878+0530] {processor.py:186} INFO - Started process (PID=2275) to work on /Users/jayesh/Desktop/Personal Work/Movie_data_pipeline/.venv/lib/python3.9/site-packages/airflow/example_dags/example_sla_dag.py
[2024-12-21T10:23:38.880+0530] {processor.py:914} INFO - Processing file /Users/jayesh/Desktop/Personal Work/Movie_data_pipeline/.venv/lib/python3.9/site-packages/airflow/example_dags/example_sla_dag.py for tasks to queue
[2024-12-21T10:23:38.881+0530] {logging_mixin.py:190} INFO - [2024-12-21T10:23:38.881+0530] {dagbag.py:588} INFO - Filling up the DagBag from /Users/jayesh/Desktop/Personal Work/Movie_data_pipeline/.venv/lib/python3.9/site-packages/airflow/example_dags/example_sla_dag.py
[2024-12-21T10:23:38.942+0530] {processor.py:925} INFO - DAG(s) 'example_sla_dag' retrieved from /Users/jayesh/Desktop/Personal Work/Movie_data_pipeline/.venv/lib/python3.9/site-packages/airflow/example_dags/example_sla_dag.py
[2024-12-21T10:23:39.257+0530] {logging_mixin.py:190} INFO - [2024-12-21T10:23:39.257+0530] {dag.py:3239} INFO - Sync 1 DAGs
[2024-12-21T10:23:39.494+0530] {logging_mixin.py:190} INFO - [2024-12-21T10:23:39.493+0530] {dag.py:4180} INFO - Setting next_dagrun for example_sla_dag to 2024-12-21 04:50:00+00:00, run_after=2024-12-21 04:52:00+00:00
[2024-12-21T10:23:39.644+0530] {processor.py:208} INFO - Processing /Users/jayesh/Desktop/Personal Work/Movie_data_pipeline/.venv/lib/python3.9/site-packages/airflow/example_dags/example_sla_dag.py took 0.774 seconds
[2024-12-21T10:25:59.079+0530] {processor.py:186} INFO - Started process (PID=2614) to work on /Users/jayesh/Desktop/Personal Work/Movie_data_pipeline/.venv/lib/python3.9/site-packages/airflow/example_dags/example_sla_dag.py
[2024-12-21T10:25:59.081+0530] {processor.py:914} INFO - Processing file /Users/jayesh/Desktop/Personal Work/Movie_data_pipeline/.venv/lib/python3.9/site-packages/airflow/example_dags/example_sla_dag.py for tasks to queue
[2024-12-21T10:25:59.082+0530] {logging_mixin.py:190} INFO - [2024-12-21T10:25:59.082+0530] {dagbag.py:588} INFO - Filling up the DagBag from /Users/jayesh/Desktop/Personal Work/Movie_data_pipeline/.venv/lib/python3.9/site-packages/airflow/example_dags/example_sla_dag.py
[2024-12-21T10:25:59.131+0530] {processor.py:925} INFO - DAG(s) 'example_sla_dag' retrieved from /Users/jayesh/Desktop/Personal Work/Movie_data_pipeline/.venv/lib/python3.9/site-packages/airflow/example_dags/example_sla_dag.py
[2024-12-21T10:25:59.391+0530] {logging_mixin.py:190} INFO - [2024-12-21T10:25:59.390+0530] {dag.py:3239} INFO - Sync 1 DAGs
[2024-12-21T10:25:59.432+0530] {logging_mixin.py:190} INFO - [2024-12-21T10:25:59.432+0530] {dag.py:4180} INFO - Setting next_dagrun for example_sla_dag to 2024-12-21 04:52:00+00:00, run_after=2024-12-21 04:54:00+00:00
[2024-12-21T10:25:59.464+0530] {processor.py:208} INFO - Processing /Users/jayesh/Desktop/Personal Work/Movie_data_pipeline/.venv/lib/python3.9/site-packages/airflow/example_dags/example_sla_dag.py took 0.393 seconds
[2024-12-21T10:27:20.671+0530] {processor.py:186} INFO - Started process (PID=2830) to work on /Users/jayesh/Desktop/Personal Work/Movie_data_pipeline/.venv/lib/python3.9/site-packages/airflow/example_dags/example_sla_dag.py
[2024-12-21T10:27:20.672+0530] {processor.py:914} INFO - Processing file /Users/jayesh/Desktop/Personal Work/Movie_data_pipeline/.venv/lib/python3.9/site-packages/airflow/example_dags/example_sla_dag.py for tasks to queue
[2024-12-21T10:27:20.674+0530] {logging_mixin.py:190} INFO - [2024-12-21T10:27:20.674+0530] {dagbag.py:588} INFO - Filling up the DagBag from /Users/jayesh/Desktop/Personal Work/Movie_data_pipeline/.venv/lib/python3.9/site-packages/airflow/example_dags/example_sla_dag.py
[2024-12-21T10:27:20.725+0530] {processor.py:925} INFO - DAG(s) 'example_sla_dag' retrieved from /Users/jayesh/Desktop/Personal Work/Movie_data_pipeline/.venv/lib/python3.9/site-packages/airflow/example_dags/example_sla_dag.py
[2024-12-21T10:27:21.004+0530] {logging_mixin.py:190} INFO - [2024-12-21T10:27:21.003+0530] {dag.py:3239} INFO - Sync 1 DAGs
[2024-12-21T10:27:21.055+0530] {logging_mixin.py:190} INFO - [2024-12-21T10:27:21.055+0530] {dag.py:4180} INFO - Setting next_dagrun for example_sla_dag to 2024-12-21 04:54:00+00:00, run_after=2024-12-21 04:56:00+00:00
[2024-12-21T10:27:21.089+0530] {processor.py:208} INFO - Processing /Users/jayesh/Desktop/Personal Work/Movie_data_pipeline/.venv/lib/python3.9/site-packages/airflow/example_dags/example_sla_dag.py took 0.422 seconds
[2024-12-21T10:29:56.365+0530] {processor.py:186} INFO - Started process (PID=3268) to work on /Users/jayesh/Desktop/Personal Work/Movie_data_pipeline/.venv/lib/python3.9/site-packages/airflow/example_dags/example_sla_dag.py
[2024-12-21T10:29:56.367+0530] {processor.py:914} INFO - Processing file /Users/jayesh/Desktop/Personal Work/Movie_data_pipeline/.venv/lib/python3.9/site-packages/airflow/example_dags/example_sla_dag.py for tasks to queue
[2024-12-21T10:29:56.371+0530] {logging_mixin.py:190} INFO - [2024-12-21T10:29:56.370+0530] {dagbag.py:588} INFO - Filling up the DagBag from /Users/jayesh/Desktop/Personal Work/Movie_data_pipeline/.venv/lib/python3.9/site-packages/airflow/example_dags/example_sla_dag.py
[2024-12-21T10:29:56.444+0530] {processor.py:925} INFO - DAG(s) 'example_sla_dag' retrieved from /Users/jayesh/Desktop/Personal Work/Movie_data_pipeline/.venv/lib/python3.9/site-packages/airflow/example_dags/example_sla_dag.py
[2024-12-21T10:29:56.711+0530] {logging_mixin.py:190} INFO - [2024-12-21T10:29:56.710+0530] {dag.py:3239} INFO - Sync 1 DAGs
[2024-12-21T10:29:56.754+0530] {logging_mixin.py:190} INFO - [2024-12-21T10:29:56.753+0530] {dag.py:4180} INFO - Setting next_dagrun for example_sla_dag to 2024-12-21 04:56:00+00:00, run_after=2024-12-21 04:58:00+00:00
[2024-12-21T10:29:56.786+0530] {processor.py:208} INFO - Processing /Users/jayesh/Desktop/Personal Work/Movie_data_pipeline/.venv/lib/python3.9/site-packages/airflow/example_dags/example_sla_dag.py took 0.430 seconds
[2024-12-21T10:48:07.289+0530] {processor.py:186} INFO - Started process (PID=4144) to work on /Users/jayesh/Desktop/Personal Work/Movie_data_pipeline/.venv/lib/python3.9/site-packages/airflow/example_dags/example_sla_dag.py
[2024-12-21T10:48:07.292+0530] {processor.py:914} INFO - Processing file /Users/jayesh/Desktop/Personal Work/Movie_data_pipeline/.venv/lib/python3.9/site-packages/airflow/example_dags/example_sla_dag.py for tasks to queue
[2024-12-21T10:48:07.293+0530] {logging_mixin.py:190} INFO - [2024-12-21T10:48:07.293+0530] {dagbag.py:588} INFO - Filling up the DagBag from /Users/jayesh/Desktop/Personal Work/Movie_data_pipeline/.venv/lib/python3.9/site-packages/airflow/example_dags/example_sla_dag.py
[2024-12-21T10:48:07.343+0530] {processor.py:925} INFO - DAG(s) 'example_sla_dag' retrieved from /Users/jayesh/Desktop/Personal Work/Movie_data_pipeline/.venv/lib/python3.9/site-packages/airflow/example_dags/example_sla_dag.py
[2024-12-21T10:48:07.541+0530] {logging_mixin.py:190} INFO - [2024-12-21T10:48:07.541+0530] {dag.py:3239} INFO - Sync 1 DAGs
[2024-12-21T10:48:07.576+0530] {logging_mixin.py:190} INFO - [2024-12-21T10:48:07.576+0530] {dag.py:4180} INFO - Setting next_dagrun for example_sla_dag to 2024-12-21 05:16:00+00:00, run_after=2024-12-21 05:18:00+00:00
[2024-12-21T10:48:07.642+0530] {processor.py:208} INFO - Processing /Users/jayesh/Desktop/Personal Work/Movie_data_pipeline/.venv/lib/python3.9/site-packages/airflow/example_dags/example_sla_dag.py took 0.358 seconds
[2024-12-21T10:50:21.803+0530] {processor.py:186} INFO - Started process (PID=4569) to work on /Users/jayesh/Desktop/Personal Work/Movie_data_pipeline/.venv/lib/python3.9/site-packages/airflow/example_dags/example_sla_dag.py
[2024-12-21T10:50:21.804+0530] {processor.py:914} INFO - Processing file /Users/jayesh/Desktop/Personal Work/Movie_data_pipeline/.venv/lib/python3.9/site-packages/airflow/example_dags/example_sla_dag.py for tasks to queue
[2024-12-21T10:50:21.806+0530] {logging_mixin.py:190} INFO - [2024-12-21T10:50:21.806+0530] {dagbag.py:588} INFO - Filling up the DagBag from /Users/jayesh/Desktop/Personal Work/Movie_data_pipeline/.venv/lib/python3.9/site-packages/airflow/example_dags/example_sla_dag.py
[2024-12-21T10:50:21.866+0530] {processor.py:925} INFO - DAG(s) 'example_sla_dag' retrieved from /Users/jayesh/Desktop/Personal Work/Movie_data_pipeline/.venv/lib/python3.9/site-packages/airflow/example_dags/example_sla_dag.py
[2024-12-21T10:50:22.090+0530] {logging_mixin.py:190} INFO - [2024-12-21T10:50:22.090+0530] {dag.py:3239} INFO - Sync 1 DAGs
[2024-12-21T10:50:22.134+0530] {logging_mixin.py:190} INFO - [2024-12-21T10:50:22.133+0530] {dag.py:4180} INFO - Setting next_dagrun for example_sla_dag to 2024-12-21 05:18:00+00:00, run_after=2024-12-21 05:20:00+00:00
[2024-12-21T10:50:22.185+0530] {processor.py:208} INFO - Processing /Users/jayesh/Desktop/Personal Work/Movie_data_pipeline/.venv/lib/python3.9/site-packages/airflow/example_dags/example_sla_dag.py took 0.389 seconds
[2024-12-21T10:52:09.887+0530] {processor.py:186} INFO - Started process (PID=4949) to work on /Users/jayesh/Desktop/Personal Work/Movie_data_pipeline/.venv/lib/python3.9/site-packages/airflow/example_dags/example_sla_dag.py
[2024-12-21T10:52:09.889+0530] {processor.py:914} INFO - Processing file /Users/jayesh/Desktop/Personal Work/Movie_data_pipeline/.venv/lib/python3.9/site-packages/airflow/example_dags/example_sla_dag.py for tasks to queue
[2024-12-21T10:52:09.891+0530] {logging_mixin.py:190} INFO - [2024-12-21T10:52:09.890+0530] {dagbag.py:588} INFO - Filling up the DagBag from /Users/jayesh/Desktop/Personal Work/Movie_data_pipeline/.venv/lib/python3.9/site-packages/airflow/example_dags/example_sla_dag.py
[2024-12-21T10:52:09.950+0530] {processor.py:925} INFO - DAG(s) 'example_sla_dag' retrieved from /Users/jayesh/Desktop/Personal Work/Movie_data_pipeline/.venv/lib/python3.9/site-packages/airflow/example_dags/example_sla_dag.py
[2024-12-21T10:52:10.221+0530] {logging_mixin.py:190} INFO - [2024-12-21T10:52:10.220+0530] {dag.py:3239} INFO - Sync 1 DAGs
[2024-12-21T10:52:10.258+0530] {logging_mixin.py:190} INFO - [2024-12-21T10:52:10.258+0530] {dag.py:4180} INFO - Setting next_dagrun for example_sla_dag to 2024-12-21 05:20:00+00:00, run_after=2024-12-21 05:22:00+00:00
[2024-12-21T10:52:10.289+0530] {processor.py:208} INFO - Processing /Users/jayesh/Desktop/Personal Work/Movie_data_pipeline/.venv/lib/python3.9/site-packages/airflow/example_dags/example_sla_dag.py took 0.408 seconds
[2024-12-21T10:53:55.031+0530] {processor.py:186} INFO - Started process (PID=5306) to work on /Users/jayesh/Desktop/Personal Work/Movie_data_pipeline/.venv/lib/python3.9/site-packages/airflow/example_dags/example_sla_dag.py
[2024-12-21T10:53:55.043+0530] {processor.py:914} INFO - Processing file /Users/jayesh/Desktop/Personal Work/Movie_data_pipeline/.venv/lib/python3.9/site-packages/airflow/example_dags/example_sla_dag.py for tasks to queue
[2024-12-21T10:53:55.046+0530] {logging_mixin.py:190} INFO - [2024-12-21T10:53:55.046+0530] {dagbag.py:588} INFO - Filling up the DagBag from /Users/jayesh/Desktop/Personal Work/Movie_data_pipeline/.venv/lib/python3.9/site-packages/airflow/example_dags/example_sla_dag.py
[2024-12-21T10:53:55.148+0530] {processor.py:925} INFO - DAG(s) 'example_sla_dag' retrieved from /Users/jayesh/Desktop/Personal Work/Movie_data_pipeline/.venv/lib/python3.9/site-packages/airflow/example_dags/example_sla_dag.py
[2024-12-21T10:53:56.533+0530] {logging_mixin.py:190} INFO - [2024-12-21T10:53:56.532+0530] {dag.py:3239} INFO - Sync 1 DAGs
[2024-12-21T10:53:56.618+0530] {logging_mixin.py:190} INFO - [2024-12-21T10:53:56.612+0530] {dag.py:4180} INFO - Setting next_dagrun for example_sla_dag to 2024-12-21 05:20:00+00:00, run_after=2024-12-21 05:22:00+00:00
[2024-12-21T10:53:57.264+0530] {processor.py:208} INFO - Processing /Users/jayesh/Desktop/Personal Work/Movie_data_pipeline/.venv/lib/python3.9/site-packages/airflow/example_dags/example_sla_dag.py took 2.270 seconds
[2024-12-21T11:55:14.603+0530] {processor.py:186} INFO - Started process (PID=6637) to work on /Users/jayesh/Desktop/Personal Work/Movie_data_pipeline/.venv/lib/python3.9/site-packages/airflow/example_dags/example_sla_dag.py
[2024-12-21T11:55:14.606+0530] {processor.py:914} INFO - Processing file /Users/jayesh/Desktop/Personal Work/Movie_data_pipeline/.venv/lib/python3.9/site-packages/airflow/example_dags/example_sla_dag.py for tasks to queue
[2024-12-21T11:55:14.610+0530] {logging_mixin.py:190} INFO - [2024-12-21T11:55:14.609+0530] {dagbag.py:588} INFO - Filling up the DagBag from /Users/jayesh/Desktop/Personal Work/Movie_data_pipeline/.venv/lib/python3.9/site-packages/airflow/example_dags/example_sla_dag.py
[2024-12-21T11:55:14.676+0530] {processor.py:925} INFO - DAG(s) 'example_sla_dag' retrieved from /Users/jayesh/Desktop/Personal Work/Movie_data_pipeline/.venv/lib/python3.9/site-packages/airflow/example_dags/example_sla_dag.py
[2024-12-21T11:55:15.093+0530] {logging_mixin.py:190} INFO - [2024-12-21T11:55:15.093+0530] {dag.py:3239} INFO - Sync 1 DAGs
[2024-12-21T11:55:15.147+0530] {logging_mixin.py:190} INFO - [2024-12-21T11:55:15.147+0530] {dag.py:4180} INFO - Setting next_dagrun for example_sla_dag to 2024-12-21 06:22:00+00:00, run_after=2024-12-21 06:24:00+00:00
[2024-12-21T11:55:15.215+0530] {processor.py:208} INFO - Processing /Users/jayesh/Desktop/Personal Work/Movie_data_pipeline/.venv/lib/python3.9/site-packages/airflow/example_dags/example_sla_dag.py took 0.619 seconds
[2024-12-21T11:57:21.001+0530] {processor.py:186} INFO - Started process (PID=7084) to work on /Users/jayesh/Desktop/Personal Work/Movie_data_pipeline/.venv/lib/python3.9/site-packages/airflow/example_dags/example_sla_dag.py
[2024-12-21T11:57:21.003+0530] {processor.py:914} INFO - Processing file /Users/jayesh/Desktop/Personal Work/Movie_data_pipeline/.venv/lib/python3.9/site-packages/airflow/example_dags/example_sla_dag.py for tasks to queue
[2024-12-21T11:57:21.006+0530] {logging_mixin.py:190} INFO - [2024-12-21T11:57:21.005+0530] {dagbag.py:588} INFO - Filling up the DagBag from /Users/jayesh/Desktop/Personal Work/Movie_data_pipeline/.venv/lib/python3.9/site-packages/airflow/example_dags/example_sla_dag.py
[2024-12-21T11:57:21.069+0530] {processor.py:925} INFO - DAG(s) 'example_sla_dag' retrieved from /Users/jayesh/Desktop/Personal Work/Movie_data_pipeline/.venv/lib/python3.9/site-packages/airflow/example_dags/example_sla_dag.py
[2024-12-21T11:57:21.569+0530] {logging_mixin.py:190} INFO - [2024-12-21T11:57:21.569+0530] {dag.py:3239} INFO - Sync 1 DAGs
[2024-12-21T11:57:21.667+0530] {logging_mixin.py:190} INFO - [2024-12-21T11:57:21.666+0530] {dag.py:4180} INFO - Setting next_dagrun for example_sla_dag to 2024-12-21 06:24:00+00:00, run_after=2024-12-21 06:26:00+00:00
[2024-12-21T11:57:21.701+0530] {processor.py:208} INFO - Processing /Users/jayesh/Desktop/Personal Work/Movie_data_pipeline/.venv/lib/python3.9/site-packages/airflow/example_dags/example_sla_dag.py took 0.709 seconds
[2024-12-21T11:58:54.219+0530] {processor.py:186} INFO - Started process (PID=7435) to work on /Users/jayesh/Desktop/Personal Work/Movie_data_pipeline/.venv/lib/python3.9/site-packages/airflow/example_dags/example_sla_dag.py
[2024-12-21T11:58:54.222+0530] {processor.py:914} INFO - Processing file /Users/jayesh/Desktop/Personal Work/Movie_data_pipeline/.venv/lib/python3.9/site-packages/airflow/example_dags/example_sla_dag.py for tasks to queue
[2024-12-21T11:58:54.225+0530] {logging_mixin.py:190} INFO - [2024-12-21T11:58:54.225+0530] {dagbag.py:588} INFO - Filling up the DagBag from /Users/jayesh/Desktop/Personal Work/Movie_data_pipeline/.venv/lib/python3.9/site-packages/airflow/example_dags/example_sla_dag.py
[2024-12-21T11:58:54.352+0530] {processor.py:925} INFO - DAG(s) 'example_sla_dag' retrieved from /Users/jayesh/Desktop/Personal Work/Movie_data_pipeline/.venv/lib/python3.9/site-packages/airflow/example_dags/example_sla_dag.py
[2024-12-21T11:58:54.729+0530] {logging_mixin.py:190} INFO - [2024-12-21T11:58:54.728+0530] {dag.py:3239} INFO - Sync 1 DAGs
[2024-12-21T11:58:54.772+0530] {logging_mixin.py:190} INFO - [2024-12-21T11:58:54.771+0530] {dag.py:4180} INFO - Setting next_dagrun for example_sla_dag to 2024-12-21 06:26:00+00:00, run_after=2024-12-21 06:28:00+00:00
[2024-12-21T11:58:54.826+0530] {processor.py:208} INFO - Processing /Users/jayesh/Desktop/Personal Work/Movie_data_pipeline/.venv/lib/python3.9/site-packages/airflow/example_dags/example_sla_dag.py took 0.616 seconds
[2024-12-21T12:00:38.319+0530] {processor.py:186} INFO - Started process (PID=7800) to work on /Users/jayesh/Desktop/Personal Work/Movie_data_pipeline/.venv/lib/python3.9/site-packages/airflow/example_dags/example_sla_dag.py
[2024-12-21T12:00:38.322+0530] {processor.py:914} INFO - Processing file /Users/jayesh/Desktop/Personal Work/Movie_data_pipeline/.venv/lib/python3.9/site-packages/airflow/example_dags/example_sla_dag.py for tasks to queue
[2024-12-21T12:00:38.325+0530] {logging_mixin.py:190} INFO - [2024-12-21T12:00:38.325+0530] {dagbag.py:588} INFO - Filling up the DagBag from /Users/jayesh/Desktop/Personal Work/Movie_data_pipeline/.venv/lib/python3.9/site-packages/airflow/example_dags/example_sla_dag.py
[2024-12-21T12:00:38.381+0530] {processor.py:925} INFO - DAG(s) 'example_sla_dag' retrieved from /Users/jayesh/Desktop/Personal Work/Movie_data_pipeline/.venv/lib/python3.9/site-packages/airflow/example_dags/example_sla_dag.py
[2024-12-21T12:00:38.690+0530] {logging_mixin.py:190} INFO - [2024-12-21T12:00:38.690+0530] {dag.py:3239} INFO - Sync 1 DAGs
[2024-12-21T12:00:38.729+0530] {logging_mixin.py:190} INFO - [2024-12-21T12:00:38.729+0530] {dag.py:4180} INFO - Setting next_dagrun for example_sla_dag to 2024-12-21 06:28:00+00:00, run_after=2024-12-21 06:30:00+00:00
[2024-12-21T12:00:38.796+0530] {processor.py:208} INFO - Processing /Users/jayesh/Desktop/Personal Work/Movie_data_pipeline/.venv/lib/python3.9/site-packages/airflow/example_dags/example_sla_dag.py took 0.486 seconds
[2024-12-21T12:02:17.278+0530] {processor.py:186} INFO - Started process (PID=8142) to work on /Users/jayesh/Desktop/Personal Work/Movie_data_pipeline/.venv/lib/python3.9/site-packages/airflow/example_dags/example_sla_dag.py
[2024-12-21T12:02:17.285+0530] {processor.py:914} INFO - Processing file /Users/jayesh/Desktop/Personal Work/Movie_data_pipeline/.venv/lib/python3.9/site-packages/airflow/example_dags/example_sla_dag.py for tasks to queue
[2024-12-21T12:02:17.290+0530] {logging_mixin.py:190} INFO - [2024-12-21T12:02:17.289+0530] {dagbag.py:588} INFO - Filling up the DagBag from /Users/jayesh/Desktop/Personal Work/Movie_data_pipeline/.venv/lib/python3.9/site-packages/airflow/example_dags/example_sla_dag.py
[2024-12-21T12:02:17.363+0530] {processor.py:925} INFO - DAG(s) 'example_sla_dag' retrieved from /Users/jayesh/Desktop/Personal Work/Movie_data_pipeline/.venv/lib/python3.9/site-packages/airflow/example_dags/example_sla_dag.py
[2024-12-21T12:02:17.720+0530] {logging_mixin.py:190} INFO - [2024-12-21T12:02:17.719+0530] {dag.py:3239} INFO - Sync 1 DAGs
[2024-12-21T12:02:17.775+0530] {logging_mixin.py:190} INFO - [2024-12-21T12:02:17.775+0530] {dag.py:4180} INFO - Setting next_dagrun for example_sla_dag to 2024-12-21 06:30:00+00:00, run_after=2024-12-21 06:32:00+00:00
[2024-12-21T12:02:17.817+0530] {processor.py:208} INFO - Processing /Users/jayesh/Desktop/Personal Work/Movie_data_pipeline/.venv/lib/python3.9/site-packages/airflow/example_dags/example_sla_dag.py took 0.582 seconds
[2024-12-21T12:04:04.861+0530] {processor.py:186} INFO - Started process (PID=8521) to work on /Users/jayesh/Desktop/Personal Work/Movie_data_pipeline/.venv/lib/python3.9/site-packages/airflow/example_dags/example_sla_dag.py
[2024-12-21T12:04:04.869+0530] {processor.py:914} INFO - Processing file /Users/jayesh/Desktop/Personal Work/Movie_data_pipeline/.venv/lib/python3.9/site-packages/airflow/example_dags/example_sla_dag.py for tasks to queue
[2024-12-21T12:04:04.872+0530] {logging_mixin.py:190} INFO - [2024-12-21T12:04:04.871+0530] {dagbag.py:588} INFO - Filling up the DagBag from /Users/jayesh/Desktop/Personal Work/Movie_data_pipeline/.venv/lib/python3.9/site-packages/airflow/example_dags/example_sla_dag.py
[2024-12-21T12:04:04.964+0530] {processor.py:925} INFO - DAG(s) 'example_sla_dag' retrieved from /Users/jayesh/Desktop/Personal Work/Movie_data_pipeline/.venv/lib/python3.9/site-packages/airflow/example_dags/example_sla_dag.py
[2024-12-21T12:04:05.514+0530] {logging_mixin.py:190} INFO - [2024-12-21T12:04:05.513+0530] {dag.py:3239} INFO - Sync 1 DAGs
[2024-12-21T12:04:05.687+0530] {logging_mixin.py:190} INFO - [2024-12-21T12:04:05.687+0530] {dag.py:4180} INFO - Setting next_dagrun for example_sla_dag to 2024-12-21 06:32:00+00:00, run_after=2024-12-21 06:34:00+00:00
[2024-12-21T12:04:05.730+0530] {processor.py:208} INFO - Processing /Users/jayesh/Desktop/Personal Work/Movie_data_pipeline/.venv/lib/python3.9/site-packages/airflow/example_dags/example_sla_dag.py took 0.884 seconds
[2024-12-21T12:05:47.988+0530] {processor.py:186} INFO - Started process (PID=8895) to work on /Users/jayesh/Desktop/Personal Work/Movie_data_pipeline/.venv/lib/python3.9/site-packages/airflow/example_dags/example_sla_dag.py
[2024-12-21T12:05:47.992+0530] {processor.py:914} INFO - Processing file /Users/jayesh/Desktop/Personal Work/Movie_data_pipeline/.venv/lib/python3.9/site-packages/airflow/example_dags/example_sla_dag.py for tasks to queue
[2024-12-21T12:05:47.995+0530] {logging_mixin.py:190} INFO - [2024-12-21T12:05:47.994+0530] {dagbag.py:588} INFO - Filling up the DagBag from /Users/jayesh/Desktop/Personal Work/Movie_data_pipeline/.venv/lib/python3.9/site-packages/airflow/example_dags/example_sla_dag.py
[2024-12-21T12:05:48.118+0530] {processor.py:925} INFO - DAG(s) 'example_sla_dag' retrieved from /Users/jayesh/Desktop/Personal Work/Movie_data_pipeline/.venv/lib/python3.9/site-packages/airflow/example_dags/example_sla_dag.py
[2024-12-21T12:05:48.406+0530] {logging_mixin.py:190} INFO - [2024-12-21T12:05:48.405+0530] {dag.py:3239} INFO - Sync 1 DAGs
[2024-12-21T12:05:48.454+0530] {logging_mixin.py:190} INFO - [2024-12-21T12:05:48.453+0530] {dag.py:4180} INFO - Setting next_dagrun for example_sla_dag to 2024-12-21 06:32:00+00:00, run_after=2024-12-21 06:34:00+00:00
[2024-12-21T12:05:48.528+0530] {processor.py:208} INFO - Processing /Users/jayesh/Desktop/Personal Work/Movie_data_pipeline/.venv/lib/python3.9/site-packages/airflow/example_dags/example_sla_dag.py took 0.548 seconds
[2024-12-21T22:32:14.868+0530] {processor.py:186} INFO - Started process (PID=15934) to work on /Users/jayesh/Desktop/Personal Work/Movie_data_pipeline/.venv/lib/python3.9/site-packages/airflow/example_dags/example_sla_dag.py
[2024-12-21T22:32:14.873+0530] {processor.py:914} INFO - Processing file /Users/jayesh/Desktop/Personal Work/Movie_data_pipeline/.venv/lib/python3.9/site-packages/airflow/example_dags/example_sla_dag.py for tasks to queue
[2024-12-21T22:32:14.880+0530] {logging_mixin.py:190} INFO - [2024-12-21T22:32:14.879+0530] {dagbag.py:588} INFO - Filling up the DagBag from /Users/jayesh/Desktop/Personal Work/Movie_data_pipeline/.venv/lib/python3.9/site-packages/airflow/example_dags/example_sla_dag.py
[2024-12-21T22:32:14.913+0530] {processor.py:925} INFO - DAG(s) 'example_sla_dag' retrieved from /Users/jayesh/Desktop/Personal Work/Movie_data_pipeline/.venv/lib/python3.9/site-packages/airflow/example_dags/example_sla_dag.py
[2024-12-21T22:32:15.060+0530] {logging_mixin.py:190} INFO - [2024-12-21T22:32:15.058+0530] {dag.py:3239} INFO - Sync 1 DAGs
[2024-12-21T22:32:15.194+0530] {logging_mixin.py:190} INFO - [2024-12-21T22:32:15.189+0530] {dag.py:4180} INFO - Setting next_dagrun for example_sla_dag to 2024-12-21 17:00:00+00:00, run_after=2024-12-21 17:02:00+00:00
[2024-12-21T22:32:15.333+0530] {processor.py:208} INFO - Processing /Users/jayesh/Desktop/Personal Work/Movie_data_pipeline/.venv/lib/python3.9/site-packages/airflow/example_dags/example_sla_dag.py took 0.494 seconds
[2024-12-21T22:32:47.154+0530] {processor.py:186} INFO - Started process (PID=16178) to work on /Users/jayesh/Desktop/Personal Work/Movie_data_pipeline/.venv/lib/python3.9/site-packages/airflow/example_dags/example_sla_dag.py
[2024-12-21T22:32:47.163+0530] {processor.py:914} INFO - Processing file /Users/jayesh/Desktop/Personal Work/Movie_data_pipeline/.venv/lib/python3.9/site-packages/airflow/example_dags/example_sla_dag.py for tasks to queue
[2024-12-21T22:32:47.172+0530] {logging_mixin.py:190} INFO - [2024-12-21T22:32:47.170+0530] {dagbag.py:588} INFO - Filling up the DagBag from /Users/jayesh/Desktop/Personal Work/Movie_data_pipeline/.venv/lib/python3.9/site-packages/airflow/example_dags/example_sla_dag.py
[2024-12-21T22:32:47.239+0530] {processor.py:925} INFO - DAG(s) 'example_sla_dag' retrieved from /Users/jayesh/Desktop/Personal Work/Movie_data_pipeline/.venv/lib/python3.9/site-packages/airflow/example_dags/example_sla_dag.py
[2024-12-21T22:32:47.432+0530] {logging_mixin.py:190} INFO - [2024-12-21T22:32:47.430+0530] {dag.py:3239} INFO - Sync 1 DAGs
[2024-12-21T22:32:47.532+0530] {logging_mixin.py:190} INFO - [2024-12-21T22:32:47.531+0530] {dag.py:4180} INFO - Setting next_dagrun for example_sla_dag to 2024-12-21 17:00:00+00:00, run_after=2024-12-21 17:02:00+00:00
[2024-12-21T22:32:47.678+0530] {processor.py:208} INFO - Processing /Users/jayesh/Desktop/Personal Work/Movie_data_pipeline/.venv/lib/python3.9/site-packages/airflow/example_dags/example_sla_dag.py took 0.551 seconds
[2024-12-21T22:33:17.864+0530] {processor.py:186} INFO - Started process (PID=16379) to work on /Users/jayesh/Desktop/Personal Work/Movie_data_pipeline/.venv/lib/python3.9/site-packages/airflow/example_dags/example_sla_dag.py
[2024-12-21T22:33:17.867+0530] {processor.py:914} INFO - Processing file /Users/jayesh/Desktop/Personal Work/Movie_data_pipeline/.venv/lib/python3.9/site-packages/airflow/example_dags/example_sla_dag.py for tasks to queue
[2024-12-21T22:33:17.873+0530] {logging_mixin.py:190} INFO - [2024-12-21T22:33:17.872+0530] {dagbag.py:588} INFO - Filling up the DagBag from /Users/jayesh/Desktop/Personal Work/Movie_data_pipeline/.venv/lib/python3.9/site-packages/airflow/example_dags/example_sla_dag.py
[2024-12-21T22:33:17.901+0530] {processor.py:925} INFO - DAG(s) 'example_sla_dag' retrieved from /Users/jayesh/Desktop/Personal Work/Movie_data_pipeline/.venv/lib/python3.9/site-packages/airflow/example_dags/example_sla_dag.py
[2024-12-21T22:33:17.979+0530] {logging_mixin.py:190} INFO - [2024-12-21T22:33:17.978+0530] {dag.py:3239} INFO - Sync 1 DAGs
[2024-12-21T22:33:18.031+0530] {logging_mixin.py:190} INFO - [2024-12-21T22:33:18.030+0530] {dag.py:4180} INFO - Setting next_dagrun for example_sla_dag to 2024-12-21 17:00:00+00:00, run_after=2024-12-21 17:02:00+00:00
[2024-12-21T22:33:18.107+0530] {processor.py:208} INFO - Processing /Users/jayesh/Desktop/Personal Work/Movie_data_pipeline/.venv/lib/python3.9/site-packages/airflow/example_dags/example_sla_dag.py took 0.257 seconds
[2024-12-21T23:52:55.563+0530] {processor.py:186} INFO - Started process (PID=18045) to work on /Users/jayesh/Desktop/Personal Work/Movie_data_pipeline/.venv/lib/python3.9/site-packages/airflow/example_dags/example_sla_dag.py
[2024-12-21T23:52:55.566+0530] {processor.py:914} INFO - Processing file /Users/jayesh/Desktop/Personal Work/Movie_data_pipeline/.venv/lib/python3.9/site-packages/airflow/example_dags/example_sla_dag.py for tasks to queue
[2024-12-21T23:52:55.575+0530] {logging_mixin.py:190} INFO - [2024-12-21T23:52:55.574+0530] {dagbag.py:588} INFO - Filling up the DagBag from /Users/jayesh/Desktop/Personal Work/Movie_data_pipeline/.venv/lib/python3.9/site-packages/airflow/example_dags/example_sla_dag.py
[2024-12-21T23:52:55.609+0530] {processor.py:925} INFO - DAG(s) 'example_sla_dag' retrieved from /Users/jayesh/Desktop/Personal Work/Movie_data_pipeline/.venv/lib/python3.9/site-packages/airflow/example_dags/example_sla_dag.py
[2024-12-21T23:52:55.876+0530] {logging_mixin.py:190} INFO - [2024-12-21T23:52:55.875+0530] {dag.py:3239} INFO - Sync 1 DAGs
[2024-12-21T23:52:56.087+0530] {logging_mixin.py:190} INFO - [2024-12-21T23:52:56.086+0530] {dag.py:4180} INFO - Setting next_dagrun for example_sla_dag to 2024-12-21 18:20:00+00:00, run_after=2024-12-21 18:22:00+00:00
[2024-12-21T23:52:56.284+0530] {processor.py:208} INFO - Processing /Users/jayesh/Desktop/Personal Work/Movie_data_pipeline/.venv/lib/python3.9/site-packages/airflow/example_dags/example_sla_dag.py took 0.741 seconds
[2024-12-21T23:53:26.555+0530] {processor.py:186} INFO - Started process (PID=18278) to work on /Users/jayesh/Desktop/Personal Work/Movie_data_pipeline/.venv/lib/python3.9/site-packages/airflow/example_dags/example_sla_dag.py
[2024-12-21T23:53:26.560+0530] {processor.py:914} INFO - Processing file /Users/jayesh/Desktop/Personal Work/Movie_data_pipeline/.venv/lib/python3.9/site-packages/airflow/example_dags/example_sla_dag.py for tasks to queue
[2024-12-21T23:53:26.566+0530] {logging_mixin.py:190} INFO - [2024-12-21T23:53:26.565+0530] {dagbag.py:588} INFO - Filling up the DagBag from /Users/jayesh/Desktop/Personal Work/Movie_data_pipeline/.venv/lib/python3.9/site-packages/airflow/example_dags/example_sla_dag.py
[2024-12-21T23:53:26.598+0530] {processor.py:925} INFO - DAG(s) 'example_sla_dag' retrieved from /Users/jayesh/Desktop/Personal Work/Movie_data_pipeline/.venv/lib/python3.9/site-packages/airflow/example_dags/example_sla_dag.py
[2024-12-21T23:53:26.684+0530] {logging_mixin.py:190} INFO - [2024-12-21T23:53:26.683+0530] {dag.py:3239} INFO - Sync 1 DAGs
[2024-12-21T23:53:26.754+0530] {logging_mixin.py:190} INFO - [2024-12-21T23:53:26.753+0530] {dag.py:4180} INFO - Setting next_dagrun for example_sla_dag to 2024-12-21 18:20:00+00:00, run_after=2024-12-21 18:22:00+00:00
[2024-12-21T23:53:26.833+0530] {processor.py:208} INFO - Processing /Users/jayesh/Desktop/Personal Work/Movie_data_pipeline/.venv/lib/python3.9/site-packages/airflow/example_dags/example_sla_dag.py took 0.296 seconds
