[2024-12-21T10:24:35.047+0530] {processor.py:186} INFO - Started process (PID=2408) to work on /Users/jayesh/Desktop/Personal Work/Movie_data_pipeline/.venv/lib/python3.9/site-packages/airflow/example_dags/example_dynamic_task_mapping.py
[2024-12-21T10:24:35.049+0530] {processor.py:914} INFO - Processing file /Users/jayesh/Desktop/Personal Work/Movie_data_pipeline/.venv/lib/python3.9/site-packages/airflow/example_dags/example_dynamic_task_mapping.py for tasks to queue
[2024-12-21T10:24:35.051+0530] {logging_mixin.py:190} INFO - [2024-12-21T10:24:35.051+0530] {dagbag.py:588} INFO - Filling up the DagBag from /Users/jayesh/Desktop/Personal Work/Movie_data_pipeline/.venv/lib/python3.9/site-packages/airflow/example_dags/example_dynamic_task_mapping.py
[2024-12-21T10:24:35.108+0530] {processor.py:925} INFO - DAG(s) 'example_dynamic_task_mapping' retrieved from /Users/jayesh/Desktop/Personal Work/Movie_data_pipeline/.venv/lib/python3.9/site-packages/airflow/example_dags/example_dynamic_task_mapping.py
[2024-12-21T10:24:35.318+0530] {logging_mixin.py:190} INFO - [2024-12-21T10:24:35.317+0530] {dag.py:3239} INFO - Sync 1 DAGs
[2024-12-21T10:24:35.337+0530] {logging_mixin.py:190} INFO - [2024-12-21T10:24:35.337+0530] {dag.py:4180} INFO - Setting next_dagrun for example_dynamic_task_mapping to None, run_after=None
[2024-12-21T10:24:35.367+0530] {processor.py:208} INFO - Processing /Users/jayesh/Desktop/Personal Work/Movie_data_pipeline/.venv/lib/python3.9/site-packages/airflow/example_dags/example_dynamic_task_mapping.py took 0.328 seconds
[2024-12-21T10:27:27.416+0530] {processor.py:186} INFO - Started process (PID=2850) to work on /Users/jayesh/Desktop/Personal Work/Movie_data_pipeline/.venv/lib/python3.9/site-packages/airflow/example_dags/example_dynamic_task_mapping.py
[2024-12-21T10:27:27.418+0530] {processor.py:914} INFO - Processing file /Users/jayesh/Desktop/Personal Work/Movie_data_pipeline/.venv/lib/python3.9/site-packages/airflow/example_dags/example_dynamic_task_mapping.py for tasks to queue
[2024-12-21T10:27:27.422+0530] {logging_mixin.py:190} INFO - [2024-12-21T10:27:27.421+0530] {dagbag.py:588} INFO - Filling up the DagBag from /Users/jayesh/Desktop/Personal Work/Movie_data_pipeline/.venv/lib/python3.9/site-packages/airflow/example_dags/example_dynamic_task_mapping.py
[2024-12-21T10:27:27.499+0530] {processor.py:925} INFO - DAG(s) 'example_dynamic_task_mapping' retrieved from /Users/jayesh/Desktop/Personal Work/Movie_data_pipeline/.venv/lib/python3.9/site-packages/airflow/example_dags/example_dynamic_task_mapping.py
[2024-12-21T10:27:27.827+0530] {logging_mixin.py:190} INFO - [2024-12-21T10:27:27.826+0530] {dag.py:3239} INFO - Sync 1 DAGs
[2024-12-21T10:27:27.851+0530] {logging_mixin.py:190} INFO - [2024-12-21T10:27:27.851+0530] {dag.py:4180} INFO - Setting next_dagrun for example_dynamic_task_mapping to None, run_after=None
[2024-12-21T10:27:27.924+0530] {processor.py:208} INFO - Processing /Users/jayesh/Desktop/Personal Work/Movie_data_pipeline/.venv/lib/python3.9/site-packages/airflow/example_dags/example_dynamic_task_mapping.py took 0.514 seconds
[2024-12-21T10:30:04.371+0530] {processor.py:186} INFO - Started process (PID=3289) to work on /Users/jayesh/Desktop/Personal Work/Movie_data_pipeline/.venv/lib/python3.9/site-packages/airflow/example_dags/example_dynamic_task_mapping.py
[2024-12-21T10:30:04.372+0530] {processor.py:914} INFO - Processing file /Users/jayesh/Desktop/Personal Work/Movie_data_pipeline/.venv/lib/python3.9/site-packages/airflow/example_dags/example_dynamic_task_mapping.py for tasks to queue
[2024-12-21T10:30:04.374+0530] {logging_mixin.py:190} INFO - [2024-12-21T10:30:04.374+0530] {dagbag.py:588} INFO - Filling up the DagBag from /Users/jayesh/Desktop/Personal Work/Movie_data_pipeline/.venv/lib/python3.9/site-packages/airflow/example_dags/example_dynamic_task_mapping.py
[2024-12-21T10:30:04.430+0530] {processor.py:925} INFO - DAG(s) 'example_dynamic_task_mapping' retrieved from /Users/jayesh/Desktop/Personal Work/Movie_data_pipeline/.venv/lib/python3.9/site-packages/airflow/example_dags/example_dynamic_task_mapping.py
[2024-12-21T10:30:04.693+0530] {logging_mixin.py:190} INFO - [2024-12-21T10:30:04.692+0530] {dag.py:3239} INFO - Sync 1 DAGs
[2024-12-21T10:30:04.754+0530] {logging_mixin.py:190} INFO - [2024-12-21T10:30:04.752+0530] {dag.py:4180} INFO - Setting next_dagrun for example_dynamic_task_mapping to None, run_after=None
[2024-12-21T10:30:04.837+0530] {processor.py:208} INFO - Processing /Users/jayesh/Desktop/Personal Work/Movie_data_pipeline/.venv/lib/python3.9/site-packages/airflow/example_dags/example_dynamic_task_mapping.py took 0.472 seconds
[2024-12-21T10:48:53.402+0530] {processor.py:186} INFO - Started process (PID=4272) to work on /Users/jayesh/Desktop/Personal Work/Movie_data_pipeline/.venv/lib/python3.9/site-packages/airflow/example_dags/example_dynamic_task_mapping.py
[2024-12-21T10:48:53.405+0530] {processor.py:914} INFO - Processing file /Users/jayesh/Desktop/Personal Work/Movie_data_pipeline/.venv/lib/python3.9/site-packages/airflow/example_dags/example_dynamic_task_mapping.py for tasks to queue
[2024-12-21T10:48:53.407+0530] {logging_mixin.py:190} INFO - [2024-12-21T10:48:53.407+0530] {dagbag.py:588} INFO - Filling up the DagBag from /Users/jayesh/Desktop/Personal Work/Movie_data_pipeline/.venv/lib/python3.9/site-packages/airflow/example_dags/example_dynamic_task_mapping.py
[2024-12-21T10:48:53.470+0530] {processor.py:925} INFO - DAG(s) 'example_dynamic_task_mapping' retrieved from /Users/jayesh/Desktop/Personal Work/Movie_data_pipeline/.venv/lib/python3.9/site-packages/airflow/example_dags/example_dynamic_task_mapping.py
[2024-12-21T10:48:53.723+0530] {logging_mixin.py:190} INFO - [2024-12-21T10:48:53.722+0530] {dag.py:3239} INFO - Sync 1 DAGs
[2024-12-21T10:48:53.751+0530] {logging_mixin.py:190} INFO - [2024-12-21T10:48:53.751+0530] {dag.py:4180} INFO - Setting next_dagrun for example_dynamic_task_mapping to None, run_after=None
[2024-12-21T10:48:53.785+0530] {processor.py:208} INFO - Processing /Users/jayesh/Desktop/Personal Work/Movie_data_pipeline/.venv/lib/python3.9/site-packages/airflow/example_dags/example_dynamic_task_mapping.py took 0.389 seconds
[2024-12-21T10:51:15.492+0530] {processor.py:186} INFO - Started process (PID=4756) to work on /Users/jayesh/Desktop/Personal Work/Movie_data_pipeline/.venv/lib/python3.9/site-packages/airflow/example_dags/example_dynamic_task_mapping.py
[2024-12-21T10:51:15.495+0530] {processor.py:914} INFO - Processing file /Users/jayesh/Desktop/Personal Work/Movie_data_pipeline/.venv/lib/python3.9/site-packages/airflow/example_dags/example_dynamic_task_mapping.py for tasks to queue
[2024-12-21T10:51:15.497+0530] {logging_mixin.py:190} INFO - [2024-12-21T10:51:15.496+0530] {dagbag.py:588} INFO - Filling up the DagBag from /Users/jayesh/Desktop/Personal Work/Movie_data_pipeline/.venv/lib/python3.9/site-packages/airflow/example_dags/example_dynamic_task_mapping.py
[2024-12-21T10:51:15.572+0530] {processor.py:925} INFO - DAG(s) 'example_dynamic_task_mapping' retrieved from /Users/jayesh/Desktop/Personal Work/Movie_data_pipeline/.venv/lib/python3.9/site-packages/airflow/example_dags/example_dynamic_task_mapping.py
[2024-12-21T10:51:15.852+0530] {logging_mixin.py:190} INFO - [2024-12-21T10:51:15.851+0530] {dag.py:3239} INFO - Sync 1 DAGs
[2024-12-21T10:51:15.873+0530] {logging_mixin.py:190} INFO - [2024-12-21T10:51:15.873+0530] {dag.py:4180} INFO - Setting next_dagrun for example_dynamic_task_mapping to None, run_after=None
[2024-12-21T10:51:15.905+0530] {processor.py:208} INFO - Processing /Users/jayesh/Desktop/Personal Work/Movie_data_pipeline/.venv/lib/python3.9/site-packages/airflow/example_dags/example_dynamic_task_mapping.py took 0.419 seconds
[2024-12-21T11:56:01.280+0530] {processor.py:186} INFO - Started process (PID=6812) to work on /Users/jayesh/Desktop/Personal Work/Movie_data_pipeline/.venv/lib/python3.9/site-packages/airflow/example_dags/example_dynamic_task_mapping.py
[2024-12-21T11:56:01.282+0530] {processor.py:914} INFO - Processing file /Users/jayesh/Desktop/Personal Work/Movie_data_pipeline/.venv/lib/python3.9/site-packages/airflow/example_dags/example_dynamic_task_mapping.py for tasks to queue
[2024-12-21T11:56:01.285+0530] {logging_mixin.py:190} INFO - [2024-12-21T11:56:01.284+0530] {dagbag.py:588} INFO - Filling up the DagBag from /Users/jayesh/Desktop/Personal Work/Movie_data_pipeline/.venv/lib/python3.9/site-packages/airflow/example_dags/example_dynamic_task_mapping.py
[2024-12-21T11:56:01.342+0530] {processor.py:925} INFO - DAG(s) 'example_dynamic_task_mapping' retrieved from /Users/jayesh/Desktop/Personal Work/Movie_data_pipeline/.venv/lib/python3.9/site-packages/airflow/example_dags/example_dynamic_task_mapping.py
[2024-12-21T11:56:01.685+0530] {logging_mixin.py:190} INFO - [2024-12-21T11:56:01.684+0530] {dag.py:3239} INFO - Sync 1 DAGs
[2024-12-21T11:56:01.706+0530] {logging_mixin.py:190} INFO - [2024-12-21T11:56:01.706+0530] {dag.py:4180} INFO - Setting next_dagrun for example_dynamic_task_mapping to None, run_after=None
[2024-12-21T11:56:01.737+0530] {processor.py:208} INFO - Processing /Users/jayesh/Desktop/Personal Work/Movie_data_pipeline/.venv/lib/python3.9/site-packages/airflow/example_dags/example_dynamic_task_mapping.py took 0.464 seconds
[2024-12-21T11:59:11.225+0530] {processor.py:186} INFO - Started process (PID=7492) to work on /Users/jayesh/Desktop/Personal Work/Movie_data_pipeline/.venv/lib/python3.9/site-packages/airflow/example_dags/example_dynamic_task_mapping.py
[2024-12-21T11:59:11.227+0530] {processor.py:914} INFO - Processing file /Users/jayesh/Desktop/Personal Work/Movie_data_pipeline/.venv/lib/python3.9/site-packages/airflow/example_dags/example_dynamic_task_mapping.py for tasks to queue
[2024-12-21T11:59:11.229+0530] {logging_mixin.py:190} INFO - [2024-12-21T11:59:11.228+0530] {dagbag.py:588} INFO - Filling up the DagBag from /Users/jayesh/Desktop/Personal Work/Movie_data_pipeline/.venv/lib/python3.9/site-packages/airflow/example_dags/example_dynamic_task_mapping.py
[2024-12-21T11:59:11.280+0530] {processor.py:925} INFO - DAG(s) 'example_dynamic_task_mapping' retrieved from /Users/jayesh/Desktop/Personal Work/Movie_data_pipeline/.venv/lib/python3.9/site-packages/airflow/example_dags/example_dynamic_task_mapping.py
[2024-12-21T11:59:11.516+0530] {logging_mixin.py:190} INFO - [2024-12-21T11:59:11.514+0530] {dag.py:3239} INFO - Sync 1 DAGs
[2024-12-21T11:59:11.536+0530] {logging_mixin.py:190} INFO - [2024-12-21T11:59:11.535+0530] {dag.py:4180} INFO - Setting next_dagrun for example_dynamic_task_mapping to None, run_after=None
[2024-12-21T11:59:11.577+0530] {processor.py:208} INFO - Processing /Users/jayesh/Desktop/Personal Work/Movie_data_pipeline/.venv/lib/python3.9/site-packages/airflow/example_dags/example_dynamic_task_mapping.py took 0.357 seconds
[2024-12-21T12:02:32.886+0530] {processor.py:186} INFO - Started process (PID=8202) to work on /Users/jayesh/Desktop/Personal Work/Movie_data_pipeline/.venv/lib/python3.9/site-packages/airflow/example_dags/example_dynamic_task_mapping.py
[2024-12-21T12:02:32.889+0530] {processor.py:914} INFO - Processing file /Users/jayesh/Desktop/Personal Work/Movie_data_pipeline/.venv/lib/python3.9/site-packages/airflow/example_dags/example_dynamic_task_mapping.py for tasks to queue
[2024-12-21T12:02:32.891+0530] {logging_mixin.py:190} INFO - [2024-12-21T12:02:32.890+0530] {dagbag.py:588} INFO - Filling up the DagBag from /Users/jayesh/Desktop/Personal Work/Movie_data_pipeline/.venv/lib/python3.9/site-packages/airflow/example_dags/example_dynamic_task_mapping.py
[2024-12-21T12:02:32.943+0530] {processor.py:925} INFO - DAG(s) 'example_dynamic_task_mapping' retrieved from /Users/jayesh/Desktop/Personal Work/Movie_data_pipeline/.venv/lib/python3.9/site-packages/airflow/example_dags/example_dynamic_task_mapping.py
[2024-12-21T12:02:33.236+0530] {logging_mixin.py:190} INFO - [2024-12-21T12:02:33.235+0530] {dag.py:3239} INFO - Sync 1 DAGs
[2024-12-21T12:02:33.267+0530] {logging_mixin.py:190} INFO - [2024-12-21T12:02:33.266+0530] {dag.py:4180} INFO - Setting next_dagrun for example_dynamic_task_mapping to None, run_after=None
[2024-12-21T12:02:33.294+0530] {processor.py:208} INFO - Processing /Users/jayesh/Desktop/Personal Work/Movie_data_pipeline/.venv/lib/python3.9/site-packages/airflow/example_dags/example_dynamic_task_mapping.py took 0.413 seconds
[2024-12-21T12:05:05.880+0530] {processor.py:186} INFO - Started process (PID=8724) to work on /Users/jayesh/Desktop/Personal Work/Movie_data_pipeline/.venv/lib/python3.9/site-packages/airflow/example_dags/example_dynamic_task_mapping.py
[2024-12-21T12:05:05.883+0530] {processor.py:914} INFO - Processing file /Users/jayesh/Desktop/Personal Work/Movie_data_pipeline/.venv/lib/python3.9/site-packages/airflow/example_dags/example_dynamic_task_mapping.py for tasks to queue
[2024-12-21T12:05:05.884+0530] {logging_mixin.py:190} INFO - [2024-12-21T12:05:05.884+0530] {dagbag.py:588} INFO - Filling up the DagBag from /Users/jayesh/Desktop/Personal Work/Movie_data_pipeline/.venv/lib/python3.9/site-packages/airflow/example_dags/example_dynamic_task_mapping.py
[2024-12-21T12:05:05.935+0530] {processor.py:925} INFO - DAG(s) 'example_dynamic_task_mapping' retrieved from /Users/jayesh/Desktop/Personal Work/Movie_data_pipeline/.venv/lib/python3.9/site-packages/airflow/example_dags/example_dynamic_task_mapping.py
[2024-12-21T12:05:06.152+0530] {logging_mixin.py:190} INFO - [2024-12-21T12:05:06.151+0530] {dag.py:3239} INFO - Sync 1 DAGs
[2024-12-21T12:05:06.183+0530] {logging_mixin.py:190} INFO - [2024-12-21T12:05:06.183+0530] {dag.py:4180} INFO - Setting next_dagrun for example_dynamic_task_mapping to None, run_after=None
[2024-12-21T12:05:06.240+0530] {processor.py:208} INFO - Processing /Users/jayesh/Desktop/Personal Work/Movie_data_pipeline/.venv/lib/python3.9/site-packages/airflow/example_dags/example_dynamic_task_mapping.py took 0.367 seconds
[2024-12-21T22:32:20.825+0530] {processor.py:186} INFO - Started process (PID=16010) to work on /Users/jayesh/Desktop/Personal Work/Movie_data_pipeline/.venv/lib/python3.9/site-packages/airflow/example_dags/example_dynamic_task_mapping.py
[2024-12-21T22:32:20.828+0530] {processor.py:914} INFO - Processing file /Users/jayesh/Desktop/Personal Work/Movie_data_pipeline/.venv/lib/python3.9/site-packages/airflow/example_dags/example_dynamic_task_mapping.py for tasks to queue
[2024-12-21T22:32:20.833+0530] {logging_mixin.py:190} INFO - [2024-12-21T22:32:20.832+0530] {dagbag.py:588} INFO - Filling up the DagBag from /Users/jayesh/Desktop/Personal Work/Movie_data_pipeline/.venv/lib/python3.9/site-packages/airflow/example_dags/example_dynamic_task_mapping.py
[2024-12-21T22:32:20.852+0530] {processor.py:925} INFO - DAG(s) 'example_dynamic_task_mapping' retrieved from /Users/jayesh/Desktop/Personal Work/Movie_data_pipeline/.venv/lib/python3.9/site-packages/airflow/example_dags/example_dynamic_task_mapping.py
[2024-12-21T22:32:20.930+0530] {logging_mixin.py:190} INFO - [2024-12-21T22:32:20.929+0530] {dag.py:3239} INFO - Sync 1 DAGs
[2024-12-21T22:32:20.963+0530] {logging_mixin.py:190} INFO - [2024-12-21T22:32:20.963+0530] {dag.py:4180} INFO - Setting next_dagrun for example_dynamic_task_mapping to None, run_after=None
[2024-12-21T22:32:20.996+0530] {processor.py:208} INFO - Processing /Users/jayesh/Desktop/Personal Work/Movie_data_pipeline/.venv/lib/python3.9/site-packages/airflow/example_dags/example_dynamic_task_mapping.py took 0.185 seconds
[2024-12-21T22:32:56.602+0530] {processor.py:186} INFO - Started process (PID=16255) to work on /Users/jayesh/Desktop/Personal Work/Movie_data_pipeline/.venv/lib/python3.9/site-packages/airflow/example_dags/example_dynamic_task_mapping.py
[2024-12-21T22:32:56.611+0530] {processor.py:914} INFO - Processing file /Users/jayesh/Desktop/Personal Work/Movie_data_pipeline/.venv/lib/python3.9/site-packages/airflow/example_dags/example_dynamic_task_mapping.py for tasks to queue
[2024-12-21T22:32:56.618+0530] {logging_mixin.py:190} INFO - [2024-12-21T22:32:56.617+0530] {dagbag.py:588} INFO - Filling up the DagBag from /Users/jayesh/Desktop/Personal Work/Movie_data_pipeline/.venv/lib/python3.9/site-packages/airflow/example_dags/example_dynamic_task_mapping.py
[2024-12-21T22:32:56.657+0530] {processor.py:925} INFO - DAG(s) 'example_dynamic_task_mapping' retrieved from /Users/jayesh/Desktop/Personal Work/Movie_data_pipeline/.venv/lib/python3.9/site-packages/airflow/example_dags/example_dynamic_task_mapping.py
[2024-12-21T22:32:56.854+0530] {logging_mixin.py:190} INFO - [2024-12-21T22:32:56.853+0530] {dag.py:3239} INFO - Sync 1 DAGs
[2024-12-21T22:32:56.911+0530] {logging_mixin.py:190} INFO - [2024-12-21T22:32:56.910+0530] {dag.py:4180} INFO - Setting next_dagrun for example_dynamic_task_mapping to None, run_after=None
[2024-12-21T22:32:57.101+0530] {processor.py:208} INFO - Processing /Users/jayesh/Desktop/Personal Work/Movie_data_pipeline/.venv/lib/python3.9/site-packages/airflow/example_dags/example_dynamic_task_mapping.py took 0.524 seconds
[2024-12-21T22:33:28.609+0530] {processor.py:186} INFO - Started process (PID=16457) to work on /Users/jayesh/Desktop/Personal Work/Movie_data_pipeline/.venv/lib/python3.9/site-packages/airflow/example_dags/example_dynamic_task_mapping.py
[2024-12-21T22:33:28.614+0530] {processor.py:914} INFO - Processing file /Users/jayesh/Desktop/Personal Work/Movie_data_pipeline/.venv/lib/python3.9/site-packages/airflow/example_dags/example_dynamic_task_mapping.py for tasks to queue
[2024-12-21T22:33:28.622+0530] {logging_mixin.py:190} INFO - [2024-12-21T22:33:28.620+0530] {dagbag.py:588} INFO - Filling up the DagBag from /Users/jayesh/Desktop/Personal Work/Movie_data_pipeline/.venv/lib/python3.9/site-packages/airflow/example_dags/example_dynamic_task_mapping.py
[2024-12-21T22:33:28.650+0530] {processor.py:925} INFO - DAG(s) 'example_dynamic_task_mapping' retrieved from /Users/jayesh/Desktop/Personal Work/Movie_data_pipeline/.venv/lib/python3.9/site-packages/airflow/example_dags/example_dynamic_task_mapping.py
[2024-12-21T22:33:28.803+0530] {logging_mixin.py:190} INFO - [2024-12-21T22:33:28.802+0530] {dag.py:3239} INFO - Sync 1 DAGs
[2024-12-21T22:33:28.849+0530] {logging_mixin.py:190} INFO - [2024-12-21T22:33:28.848+0530] {dag.py:4180} INFO - Setting next_dagrun for example_dynamic_task_mapping to None, run_after=None
[2024-12-21T22:33:28.882+0530] {processor.py:208} INFO - Processing /Users/jayesh/Desktop/Personal Work/Movie_data_pipeline/.venv/lib/python3.9/site-packages/airflow/example_dags/example_dynamic_task_mapping.py took 0.306 seconds
[2024-12-21T23:53:05.111+0530] {processor.py:186} INFO - Started process (PID=18143) to work on /Users/jayesh/Desktop/Personal Work/Movie_data_pipeline/.venv/lib/python3.9/site-packages/airflow/example_dags/example_dynamic_task_mapping.py
[2024-12-21T23:53:05.115+0530] {processor.py:914} INFO - Processing file /Users/jayesh/Desktop/Personal Work/Movie_data_pipeline/.venv/lib/python3.9/site-packages/airflow/example_dags/example_dynamic_task_mapping.py for tasks to queue
[2024-12-21T23:53:05.164+0530] {logging_mixin.py:190} INFO - [2024-12-21T23:53:05.130+0530] {dagbag.py:588} INFO - Filling up the DagBag from /Users/jayesh/Desktop/Personal Work/Movie_data_pipeline/.venv/lib/python3.9/site-packages/airflow/example_dags/example_dynamic_task_mapping.py
[2024-12-21T23:53:05.231+0530] {processor.py:925} INFO - DAG(s) 'example_dynamic_task_mapping' retrieved from /Users/jayesh/Desktop/Personal Work/Movie_data_pipeline/.venv/lib/python3.9/site-packages/airflow/example_dags/example_dynamic_task_mapping.py
[2024-12-21T23:53:05.410+0530] {logging_mixin.py:190} INFO - [2024-12-21T23:53:05.409+0530] {dag.py:3239} INFO - Sync 1 DAGs
[2024-12-21T23:53:05.453+0530] {logging_mixin.py:190} INFO - [2024-12-21T23:53:05.450+0530] {dag.py:4180} INFO - Setting next_dagrun for example_dynamic_task_mapping to None, run_after=None
[2024-12-21T23:53:05.504+0530] {processor.py:208} INFO - Processing /Users/jayesh/Desktop/Personal Work/Movie_data_pipeline/.venv/lib/python3.9/site-packages/airflow/example_dags/example_dynamic_task_mapping.py took 0.425 seconds
[2024-12-21T23:53:36.772+0530] {processor.py:186} INFO - Started process (PID=18346) to work on /Users/jayesh/Desktop/Personal Work/Movie_data_pipeline/.venv/lib/python3.9/site-packages/airflow/example_dags/example_dynamic_task_mapping.py
[2024-12-21T23:53:36.776+0530] {processor.py:914} INFO - Processing file /Users/jayesh/Desktop/Personal Work/Movie_data_pipeline/.venv/lib/python3.9/site-packages/airflow/example_dags/example_dynamic_task_mapping.py for tasks to queue
[2024-12-21T23:53:36.784+0530] {logging_mixin.py:190} INFO - [2024-12-21T23:53:36.781+0530] {dagbag.py:588} INFO - Filling up the DagBag from /Users/jayesh/Desktop/Personal Work/Movie_data_pipeline/.venv/lib/python3.9/site-packages/airflow/example_dags/example_dynamic_task_mapping.py
[2024-12-21T23:53:36.827+0530] {processor.py:925} INFO - DAG(s) 'example_dynamic_task_mapping' retrieved from /Users/jayesh/Desktop/Personal Work/Movie_data_pipeline/.venv/lib/python3.9/site-packages/airflow/example_dags/example_dynamic_task_mapping.py
[2024-12-21T23:53:36.920+0530] {logging_mixin.py:190} INFO - [2024-12-21T23:53:36.918+0530] {dag.py:3239} INFO - Sync 1 DAGs
[2024-12-21T23:53:36.953+0530] {logging_mixin.py:190} INFO - [2024-12-21T23:53:36.951+0530] {dag.py:4180} INFO - Setting next_dagrun for example_dynamic_task_mapping to None, run_after=None
[2024-12-21T23:53:36.992+0530] {processor.py:208} INFO - Processing /Users/jayesh/Desktop/Personal Work/Movie_data_pipeline/.venv/lib/python3.9/site-packages/airflow/example_dags/example_dynamic_task_mapping.py took 0.238 seconds
