[2024-12-21T10:24:00.359+0530] {processor.py:186} INFO - Started process (PID=2336) to work on /Users/jayesh/Desktop/Personal Work/Movie_data_pipeline/.venv/lib/python3.9/site-packages/airflow/example_dags/example_python_operator.py
[2024-12-21T10:24:00.361+0530] {processor.py:914} INFO - Processing file /Users/jayesh/Desktop/Personal Work/Movie_data_pipeline/.venv/lib/python3.9/site-packages/airflow/example_dags/example_python_operator.py for tasks to queue
[2024-12-21T10:24:00.363+0530] {logging_mixin.py:190} INFO - [2024-12-21T10:24:00.363+0530] {dagbag.py:588} INFO - Filling up the DagBag from /Users/jayesh/Desktop/Personal Work/Movie_data_pipeline/.venv/lib/python3.9/site-packages/airflow/example_dags/example_python_operator.py
[2024-12-21T10:24:00.404+0530] {logging_mixin.py:190} INFO - [2024-12-21T10:24:00.401+0530] {example_python_operator.py:93} WARNING - The virtalenv_python example task requires virtualenv, please install it.
[2024-12-21T10:24:00.413+0530] {processor.py:925} INFO - DAG(s) 'example_python_operator' retrieved from /Users/jayesh/Desktop/Personal Work/Movie_data_pipeline/.venv/lib/python3.9/site-packages/airflow/example_dags/example_python_operator.py
[2024-12-21T10:24:01.265+0530] {logging_mixin.py:190} INFO - [2024-12-21T10:24:01.264+0530] {dag.py:3239} INFO - Sync 1 DAGs
[2024-12-21T10:24:01.315+0530] {logging_mixin.py:190} INFO - [2024-12-21T10:24:01.315+0530] {dag.py:4180} INFO - Setting next_dagrun for example_python_operator to None, run_after=None
[2024-12-21T10:24:01.365+0530] {processor.py:208} INFO - Processing /Users/jayesh/Desktop/Personal Work/Movie_data_pipeline/.venv/lib/python3.9/site-packages/airflow/example_dags/example_python_operator.py took 1.013 seconds
[2024-12-21T10:26:13.730+0530] {processor.py:186} INFO - Started process (PID=2653) to work on /Users/jayesh/Desktop/Personal Work/Movie_data_pipeline/.venv/lib/python3.9/site-packages/airflow/example_dags/example_python_operator.py
[2024-12-21T10:26:13.731+0530] {processor.py:914} INFO - Processing file /Users/jayesh/Desktop/Personal Work/Movie_data_pipeline/.venv/lib/python3.9/site-packages/airflow/example_dags/example_python_operator.py for tasks to queue
[2024-12-21T10:26:13.734+0530] {logging_mixin.py:190} INFO - [2024-12-21T10:26:13.733+0530] {dagbag.py:588} INFO - Filling up the DagBag from /Users/jayesh/Desktop/Personal Work/Movie_data_pipeline/.venv/lib/python3.9/site-packages/airflow/example_dags/example_python_operator.py
[2024-12-21T10:26:13.765+0530] {logging_mixin.py:190} INFO - [2024-12-21T10:26:13.764+0530] {example_python_operator.py:93} WARNING - The virtalenv_python example task requires virtualenv, please install it.
[2024-12-21T10:26:13.770+0530] {processor.py:925} INFO - DAG(s) 'example_python_operator' retrieved from /Users/jayesh/Desktop/Personal Work/Movie_data_pipeline/.venv/lib/python3.9/site-packages/airflow/example_dags/example_python_operator.py
[2024-12-21T10:26:13.987+0530] {logging_mixin.py:190} INFO - [2024-12-21T10:26:13.986+0530] {dag.py:3239} INFO - Sync 1 DAGs
[2024-12-21T10:26:14.007+0530] {logging_mixin.py:190} INFO - [2024-12-21T10:26:14.006+0530] {dag.py:4180} INFO - Setting next_dagrun for example_python_operator to None, run_after=None
[2024-12-21T10:26:14.032+0530] {processor.py:208} INFO - Processing /Users/jayesh/Desktop/Personal Work/Movie_data_pipeline/.venv/lib/python3.9/site-packages/airflow/example_dags/example_python_operator.py took 0.307 seconds
[2024-12-21T10:28:47.459+0530] {processor.py:186} INFO - Started process (PID=3077) to work on /Users/jayesh/Desktop/Personal Work/Movie_data_pipeline/.venv/lib/python3.9/site-packages/airflow/example_dags/example_python_operator.py
[2024-12-21T10:28:47.460+0530] {processor.py:914} INFO - Processing file /Users/jayesh/Desktop/Personal Work/Movie_data_pipeline/.venv/lib/python3.9/site-packages/airflow/example_dags/example_python_operator.py for tasks to queue
[2024-12-21T10:28:47.462+0530] {logging_mixin.py:190} INFO - [2024-12-21T10:28:47.462+0530] {dagbag.py:588} INFO - Filling up the DagBag from /Users/jayesh/Desktop/Personal Work/Movie_data_pipeline/.venv/lib/python3.9/site-packages/airflow/example_dags/example_python_operator.py
[2024-12-21T10:28:47.510+0530] {logging_mixin.py:190} INFO - [2024-12-21T10:28:47.509+0530] {example_python_operator.py:93} WARNING - The virtalenv_python example task requires virtualenv, please install it.
[2024-12-21T10:28:47.515+0530] {processor.py:925} INFO - DAG(s) 'example_python_operator' retrieved from /Users/jayesh/Desktop/Personal Work/Movie_data_pipeline/.venv/lib/python3.9/site-packages/airflow/example_dags/example_python_operator.py
[2024-12-21T10:28:47.727+0530] {logging_mixin.py:190} INFO - [2024-12-21T10:28:47.726+0530] {dag.py:3239} INFO - Sync 1 DAGs
[2024-12-21T10:28:47.747+0530] {logging_mixin.py:190} INFO - [2024-12-21T10:28:47.747+0530] {dag.py:4180} INFO - Setting next_dagrun for example_python_operator to None, run_after=None
[2024-12-21T10:28:47.773+0530] {processor.py:208} INFO - Processing /Users/jayesh/Desktop/Personal Work/Movie_data_pipeline/.venv/lib/python3.9/site-packages/airflow/example_dags/example_python_operator.py took 0.319 seconds
[2024-12-21T10:48:23.886+0530] {processor.py:186} INFO - Started process (PID=4193) to work on /Users/jayesh/Desktop/Personal Work/Movie_data_pipeline/.venv/lib/python3.9/site-packages/airflow/example_dags/example_python_operator.py
[2024-12-21T10:48:23.888+0530] {processor.py:914} INFO - Processing file /Users/jayesh/Desktop/Personal Work/Movie_data_pipeline/.venv/lib/python3.9/site-packages/airflow/example_dags/example_python_operator.py for tasks to queue
[2024-12-21T10:48:23.890+0530] {logging_mixin.py:190} INFO - [2024-12-21T10:48:23.890+0530] {dagbag.py:588} INFO - Filling up the DagBag from /Users/jayesh/Desktop/Personal Work/Movie_data_pipeline/.venv/lib/python3.9/site-packages/airflow/example_dags/example_python_operator.py
[2024-12-21T10:48:23.922+0530] {logging_mixin.py:190} INFO - [2024-12-21T10:48:23.921+0530] {example_python_operator.py:93} WARNING - The virtalenv_python example task requires virtualenv, please install it.
[2024-12-21T10:48:23.932+0530] {processor.py:925} INFO - DAG(s) 'example_python_operator' retrieved from /Users/jayesh/Desktop/Personal Work/Movie_data_pipeline/.venv/lib/python3.9/site-packages/airflow/example_dags/example_python_operator.py
[2024-12-21T10:48:24.182+0530] {logging_mixin.py:190} INFO - [2024-12-21T10:48:24.181+0530] {dag.py:3239} INFO - Sync 1 DAGs
[2024-12-21T10:48:24.210+0530] {logging_mixin.py:190} INFO - [2024-12-21T10:48:24.209+0530] {dag.py:4180} INFO - Setting next_dagrun for example_python_operator to None, run_after=None
[2024-12-21T10:48:24.240+0530] {processor.py:208} INFO - Processing /Users/jayesh/Desktop/Personal Work/Movie_data_pipeline/.venv/lib/python3.9/site-packages/airflow/example_dags/example_python_operator.py took 0.358 seconds
[2024-12-21T10:50:44.336+0530] {processor.py:186} INFO - Started process (PID=4647) to work on /Users/jayesh/Desktop/Personal Work/Movie_data_pipeline/.venv/lib/python3.9/site-packages/airflow/example_dags/example_python_operator.py
[2024-12-21T10:50:44.337+0530] {processor.py:914} INFO - Processing file /Users/jayesh/Desktop/Personal Work/Movie_data_pipeline/.venv/lib/python3.9/site-packages/airflow/example_dags/example_python_operator.py for tasks to queue
[2024-12-21T10:50:44.339+0530] {logging_mixin.py:190} INFO - [2024-12-21T10:50:44.339+0530] {dagbag.py:588} INFO - Filling up the DagBag from /Users/jayesh/Desktop/Personal Work/Movie_data_pipeline/.venv/lib/python3.9/site-packages/airflow/example_dags/example_python_operator.py
[2024-12-21T10:50:44.392+0530] {logging_mixin.py:190} INFO - [2024-12-21T10:50:44.392+0530] {example_python_operator.py:93} WARNING - The virtalenv_python example task requires virtualenv, please install it.
[2024-12-21T10:50:44.402+0530] {processor.py:925} INFO - DAG(s) 'example_python_operator' retrieved from /Users/jayesh/Desktop/Personal Work/Movie_data_pipeline/.venv/lib/python3.9/site-packages/airflow/example_dags/example_python_operator.py
[2024-12-21T10:50:44.650+0530] {logging_mixin.py:190} INFO - [2024-12-21T10:50:44.648+0530] {dag.py:3239} INFO - Sync 1 DAGs
[2024-12-21T10:50:44.676+0530] {logging_mixin.py:190} INFO - [2024-12-21T10:50:44.675+0530] {dag.py:4180} INFO - Setting next_dagrun for example_python_operator to None, run_after=None
[2024-12-21T10:50:44.710+0530] {processor.py:208} INFO - Processing /Users/jayesh/Desktop/Personal Work/Movie_data_pipeline/.venv/lib/python3.9/site-packages/airflow/example_dags/example_python_operator.py took 0.382 seconds
[2024-12-21T11:55:32.524+0530] {processor.py:186} INFO - Started process (PID=6694) to work on /Users/jayesh/Desktop/Personal Work/Movie_data_pipeline/.venv/lib/python3.9/site-packages/airflow/example_dags/example_python_operator.py
[2024-12-21T11:55:32.528+0530] {processor.py:914} INFO - Processing file /Users/jayesh/Desktop/Personal Work/Movie_data_pipeline/.venv/lib/python3.9/site-packages/airflow/example_dags/example_python_operator.py for tasks to queue
[2024-12-21T11:55:32.532+0530] {logging_mixin.py:190} INFO - [2024-12-21T11:55:32.531+0530] {dagbag.py:588} INFO - Filling up the DagBag from /Users/jayesh/Desktop/Personal Work/Movie_data_pipeline/.venv/lib/python3.9/site-packages/airflow/example_dags/example_python_operator.py
[2024-12-21T11:55:32.582+0530] {logging_mixin.py:190} INFO - [2024-12-21T11:55:32.582+0530] {example_python_operator.py:93} WARNING - The virtalenv_python example task requires virtualenv, please install it.
[2024-12-21T11:55:32.597+0530] {processor.py:925} INFO - DAG(s) 'example_python_operator' retrieved from /Users/jayesh/Desktop/Personal Work/Movie_data_pipeline/.venv/lib/python3.9/site-packages/airflow/example_dags/example_python_operator.py
[2024-12-21T11:55:32.834+0530] {logging_mixin.py:190} INFO - [2024-12-21T11:55:32.833+0530] {dag.py:3239} INFO - Sync 1 DAGs
[2024-12-21T11:55:32.855+0530] {logging_mixin.py:190} INFO - [2024-12-21T11:55:32.854+0530] {dag.py:4180} INFO - Setting next_dagrun for example_python_operator to None, run_after=None
[2024-12-21T11:55:32.883+0530] {processor.py:208} INFO - Processing /Users/jayesh/Desktop/Personal Work/Movie_data_pipeline/.venv/lib/python3.9/site-packages/airflow/example_dags/example_python_operator.py took 0.366 seconds
[2024-12-21T11:57:42.010+0530] {processor.py:186} INFO - Started process (PID=7154) to work on /Users/jayesh/Desktop/Personal Work/Movie_data_pipeline/.venv/lib/python3.9/site-packages/airflow/example_dags/example_python_operator.py
[2024-12-21T11:57:42.014+0530] {processor.py:914} INFO - Processing file /Users/jayesh/Desktop/Personal Work/Movie_data_pipeline/.venv/lib/python3.9/site-packages/airflow/example_dags/example_python_operator.py for tasks to queue
[2024-12-21T11:57:42.017+0530] {logging_mixin.py:190} INFO - [2024-12-21T11:57:42.016+0530] {dagbag.py:588} INFO - Filling up the DagBag from /Users/jayesh/Desktop/Personal Work/Movie_data_pipeline/.venv/lib/python3.9/site-packages/airflow/example_dags/example_python_operator.py
[2024-12-21T11:57:42.060+0530] {logging_mixin.py:190} INFO - [2024-12-21T11:57:42.060+0530] {example_python_operator.py:93} WARNING - The virtalenv_python example task requires virtualenv, please install it.
[2024-12-21T11:57:42.068+0530] {processor.py:925} INFO - DAG(s) 'example_python_operator' retrieved from /Users/jayesh/Desktop/Personal Work/Movie_data_pipeline/.venv/lib/python3.9/site-packages/airflow/example_dags/example_python_operator.py
[2024-12-21T11:57:42.877+0530] {logging_mixin.py:190} INFO - [2024-12-21T11:57:42.875+0530] {dag.py:3239} INFO - Sync 1 DAGs
[2024-12-21T11:57:42.904+0530] {logging_mixin.py:190} INFO - [2024-12-21T11:57:42.904+0530] {dag.py:4180} INFO - Setting next_dagrun for example_python_operator to None, run_after=None
[2024-12-21T11:57:42.945+0530] {processor.py:208} INFO - Processing /Users/jayesh/Desktop/Personal Work/Movie_data_pipeline/.venv/lib/python3.9/site-packages/airflow/example_dags/example_python_operator.py took 0.943 seconds
[2024-12-21T12:00:57.121+0530] {processor.py:186} INFO - Started process (PID=7861) to work on /Users/jayesh/Desktop/Personal Work/Movie_data_pipeline/.venv/lib/python3.9/site-packages/airflow/example_dags/example_python_operator.py
[2024-12-21T12:00:57.124+0530] {processor.py:914} INFO - Processing file /Users/jayesh/Desktop/Personal Work/Movie_data_pipeline/.venv/lib/python3.9/site-packages/airflow/example_dags/example_python_operator.py for tasks to queue
[2024-12-21T12:00:57.125+0530] {logging_mixin.py:190} INFO - [2024-12-21T12:00:57.125+0530] {dagbag.py:588} INFO - Filling up the DagBag from /Users/jayesh/Desktop/Personal Work/Movie_data_pipeline/.venv/lib/python3.9/site-packages/airflow/example_dags/example_python_operator.py
[2024-12-21T12:00:57.175+0530] {logging_mixin.py:190} INFO - [2024-12-21T12:00:57.175+0530] {example_python_operator.py:93} WARNING - The virtalenv_python example task requires virtualenv, please install it.
[2024-12-21T12:00:57.183+0530] {processor.py:925} INFO - DAG(s) 'example_python_operator' retrieved from /Users/jayesh/Desktop/Personal Work/Movie_data_pipeline/.venv/lib/python3.9/site-packages/airflow/example_dags/example_python_operator.py
[2024-12-21T12:00:57.875+0530] {logging_mixin.py:190} INFO - [2024-12-21T12:00:57.875+0530] {dag.py:3239} INFO - Sync 1 DAGs
[2024-12-21T12:00:57.896+0530] {logging_mixin.py:190} INFO - [2024-12-21T12:00:57.896+0530] {dag.py:4180} INFO - Setting next_dagrun for example_python_operator to None, run_after=None
[2024-12-21T12:00:57.926+0530] {processor.py:208} INFO - Processing /Users/jayesh/Desktop/Personal Work/Movie_data_pipeline/.venv/lib/python3.9/site-packages/airflow/example_dags/example_python_operator.py took 0.812 seconds
[2024-12-21T12:04:33.114+0530] {processor.py:186} INFO - Started process (PID=8603) to work on /Users/jayesh/Desktop/Personal Work/Movie_data_pipeline/.venv/lib/python3.9/site-packages/airflow/example_dags/example_python_operator.py
[2024-12-21T12:04:33.119+0530] {processor.py:914} INFO - Processing file /Users/jayesh/Desktop/Personal Work/Movie_data_pipeline/.venv/lib/python3.9/site-packages/airflow/example_dags/example_python_operator.py for tasks to queue
[2024-12-21T12:04:33.128+0530] {logging_mixin.py:190} INFO - [2024-12-21T12:04:33.127+0530] {dagbag.py:588} INFO - Filling up the DagBag from /Users/jayesh/Desktop/Personal Work/Movie_data_pipeline/.venv/lib/python3.9/site-packages/airflow/example_dags/example_python_operator.py
[2024-12-21T12:04:33.265+0530] {logging_mixin.py:190} INFO - [2024-12-21T12:04:33.264+0530] {example_python_operator.py:93} WARNING - The virtalenv_python example task requires virtualenv, please install it.
[2024-12-21T12:04:33.290+0530] {processor.py:925} INFO - DAG(s) 'example_python_operator' retrieved from /Users/jayesh/Desktop/Personal Work/Movie_data_pipeline/.venv/lib/python3.9/site-packages/airflow/example_dags/example_python_operator.py
[2024-12-21T12:04:34.691+0530] {logging_mixin.py:190} INFO - [2024-12-21T12:04:34.690+0530] {dag.py:3239} INFO - Sync 1 DAGs
[2024-12-21T12:04:35.012+0530] {logging_mixin.py:190} INFO - [2024-12-21T12:04:35.011+0530] {dag.py:4180} INFO - Setting next_dagrun for example_python_operator to None, run_after=None
[2024-12-21T12:04:35.152+0530] {processor.py:208} INFO - Processing /Users/jayesh/Desktop/Personal Work/Movie_data_pipeline/.venv/lib/python3.9/site-packages/airflow/example_dags/example_python_operator.py took 2.056 seconds
[2024-12-21T22:32:16.955+0530] {processor.py:186} INFO - Started process (PID=15961) to work on /Users/jayesh/Desktop/Personal Work/Movie_data_pipeline/.venv/lib/python3.9/site-packages/airflow/example_dags/example_python_operator.py
[2024-12-21T22:32:16.959+0530] {processor.py:914} INFO - Processing file /Users/jayesh/Desktop/Personal Work/Movie_data_pipeline/.venv/lib/python3.9/site-packages/airflow/example_dags/example_python_operator.py for tasks to queue
[2024-12-21T22:32:16.966+0530] {logging_mixin.py:190} INFO - [2024-12-21T22:32:16.965+0530] {dagbag.py:588} INFO - Filling up the DagBag from /Users/jayesh/Desktop/Personal Work/Movie_data_pipeline/.venv/lib/python3.9/site-packages/airflow/example_dags/example_python_operator.py
[2024-12-21T22:32:16.990+0530] {logging_mixin.py:190} INFO - [2024-12-21T22:32:16.989+0530] {example_python_operator.py:93} WARNING - The virtalenv_python example task requires virtualenv, please install it.
[2024-12-21T22:32:17.001+0530] {processor.py:925} INFO - DAG(s) 'example_python_operator' retrieved from /Users/jayesh/Desktop/Personal Work/Movie_data_pipeline/.venv/lib/python3.9/site-packages/airflow/example_dags/example_python_operator.py
[2024-12-21T22:32:17.114+0530] {logging_mixin.py:190} INFO - [2024-12-21T22:32:17.113+0530] {dag.py:3239} INFO - Sync 1 DAGs
[2024-12-21T22:32:17.158+0530] {logging_mixin.py:190} INFO - [2024-12-21T22:32:17.157+0530] {dag.py:4180} INFO - Setting next_dagrun for example_python_operator to None, run_after=None
[2024-12-21T22:32:17.203+0530] {processor.py:208} INFO - Processing /Users/jayesh/Desktop/Personal Work/Movie_data_pipeline/.venv/lib/python3.9/site-packages/airflow/example_dags/example_python_operator.py took 0.265 seconds
[2024-12-21T22:32:50.666+0530] {processor.py:186} INFO - Started process (PID=16204) to work on /Users/jayesh/Desktop/Personal Work/Movie_data_pipeline/.venv/lib/python3.9/site-packages/airflow/example_dags/example_python_operator.py
[2024-12-21T22:32:50.670+0530] {processor.py:914} INFO - Processing file /Users/jayesh/Desktop/Personal Work/Movie_data_pipeline/.venv/lib/python3.9/site-packages/airflow/example_dags/example_python_operator.py for tasks to queue
[2024-12-21T22:32:50.679+0530] {logging_mixin.py:190} INFO - [2024-12-21T22:32:50.678+0530] {dagbag.py:588} INFO - Filling up the DagBag from /Users/jayesh/Desktop/Personal Work/Movie_data_pipeline/.venv/lib/python3.9/site-packages/airflow/example_dags/example_python_operator.py
[2024-12-21T22:32:50.704+0530] {logging_mixin.py:190} INFO - [2024-12-21T22:32:50.704+0530] {example_python_operator.py:93} WARNING - The virtalenv_python example task requires virtualenv, please install it.
[2024-12-21T22:32:50.715+0530] {processor.py:925} INFO - DAG(s) 'example_python_operator' retrieved from /Users/jayesh/Desktop/Personal Work/Movie_data_pipeline/.venv/lib/python3.9/site-packages/airflow/example_dags/example_python_operator.py
[2024-12-21T22:32:51.033+0530] {logging_mixin.py:190} INFO - [2024-12-21T22:32:51.032+0530] {dag.py:3239} INFO - Sync 1 DAGs
[2024-12-21T22:32:51.089+0530] {logging_mixin.py:190} INFO - [2024-12-21T22:32:51.088+0530] {dag.py:4180} INFO - Setting next_dagrun for example_python_operator to None, run_after=None
[2024-12-21T22:32:51.209+0530] {processor.py:208} INFO - Processing /Users/jayesh/Desktop/Personal Work/Movie_data_pipeline/.venv/lib/python3.9/site-packages/airflow/example_dags/example_python_operator.py took 0.572 seconds
[2024-12-21T22:33:21.746+0530] {processor.py:186} INFO - Started process (PID=16409) to work on /Users/jayesh/Desktop/Personal Work/Movie_data_pipeline/.venv/lib/python3.9/site-packages/airflow/example_dags/example_python_operator.py
[2024-12-21T22:33:21.749+0530] {processor.py:914} INFO - Processing file /Users/jayesh/Desktop/Personal Work/Movie_data_pipeline/.venv/lib/python3.9/site-packages/airflow/example_dags/example_python_operator.py for tasks to queue
[2024-12-21T22:33:21.755+0530] {logging_mixin.py:190} INFO - [2024-12-21T22:33:21.754+0530] {dagbag.py:588} INFO - Filling up the DagBag from /Users/jayesh/Desktop/Personal Work/Movie_data_pipeline/.venv/lib/python3.9/site-packages/airflow/example_dags/example_python_operator.py
[2024-12-21T22:33:21.780+0530] {logging_mixin.py:190} INFO - [2024-12-21T22:33:21.779+0530] {example_python_operator.py:93} WARNING - The virtalenv_python example task requires virtualenv, please install it.
[2024-12-21T22:33:21.795+0530] {processor.py:925} INFO - DAG(s) 'example_python_operator' retrieved from /Users/jayesh/Desktop/Personal Work/Movie_data_pipeline/.venv/lib/python3.9/site-packages/airflow/example_dags/example_python_operator.py
[2024-12-21T22:33:21.886+0530] {logging_mixin.py:190} INFO - [2024-12-21T22:33:21.885+0530] {dag.py:3239} INFO - Sync 1 DAGs
[2024-12-21T22:33:21.934+0530] {logging_mixin.py:190} INFO - [2024-12-21T22:33:21.933+0530] {dag.py:4180} INFO - Setting next_dagrun for example_python_operator to None, run_after=None
[2024-12-21T22:33:22.026+0530] {processor.py:208} INFO - Processing /Users/jayesh/Desktop/Personal Work/Movie_data_pipeline/.venv/lib/python3.9/site-packages/airflow/example_dags/example_python_operator.py took 0.306 seconds
[2024-12-21T23:52:58.235+0530] {processor.py:186} INFO - Started process (PID=18081) to work on /Users/jayesh/Desktop/Personal Work/Movie_data_pipeline/.venv/lib/python3.9/site-packages/airflow/example_dags/example_python_operator.py
[2024-12-21T23:52:58.238+0530] {processor.py:914} INFO - Processing file /Users/jayesh/Desktop/Personal Work/Movie_data_pipeline/.venv/lib/python3.9/site-packages/airflow/example_dags/example_python_operator.py for tasks to queue
[2024-12-21T23:52:58.245+0530] {logging_mixin.py:190} INFO - [2024-12-21T23:52:58.244+0530] {dagbag.py:588} INFO - Filling up the DagBag from /Users/jayesh/Desktop/Personal Work/Movie_data_pipeline/.venv/lib/python3.9/site-packages/airflow/example_dags/example_python_operator.py
[2024-12-21T23:52:58.270+0530] {logging_mixin.py:190} INFO - [2024-12-21T23:52:58.268+0530] {example_python_operator.py:93} WARNING - The virtalenv_python example task requires virtualenv, please install it.
[2024-12-21T23:52:58.278+0530] {processor.py:925} INFO - DAG(s) 'example_python_operator' retrieved from /Users/jayesh/Desktop/Personal Work/Movie_data_pipeline/.venv/lib/python3.9/site-packages/airflow/example_dags/example_python_operator.py
[2024-12-21T23:52:58.493+0530] {logging_mixin.py:190} INFO - [2024-12-21T23:52:58.492+0530] {dag.py:3239} INFO - Sync 1 DAGs
[2024-12-21T23:52:58.641+0530] {logging_mixin.py:190} INFO - [2024-12-21T23:52:58.640+0530] {dag.py:4180} INFO - Setting next_dagrun for example_python_operator to None, run_after=None
[2024-12-21T23:52:58.763+0530] {processor.py:208} INFO - Processing /Users/jayesh/Desktop/Personal Work/Movie_data_pipeline/.venv/lib/python3.9/site-packages/airflow/example_dags/example_python_operator.py took 0.547 seconds
[2024-12-21T23:53:28.955+0530] {processor.py:186} INFO - Started process (PID=18300) to work on /Users/jayesh/Desktop/Personal Work/Movie_data_pipeline/.venv/lib/python3.9/site-packages/airflow/example_dags/example_python_operator.py
[2024-12-21T23:53:28.958+0530] {processor.py:914} INFO - Processing file /Users/jayesh/Desktop/Personal Work/Movie_data_pipeline/.venv/lib/python3.9/site-packages/airflow/example_dags/example_python_operator.py for tasks to queue
[2024-12-21T23:53:28.963+0530] {logging_mixin.py:190} INFO - [2024-12-21T23:53:28.963+0530] {dagbag.py:588} INFO - Filling up the DagBag from /Users/jayesh/Desktop/Personal Work/Movie_data_pipeline/.venv/lib/python3.9/site-packages/airflow/example_dags/example_python_operator.py
[2024-12-21T23:53:28.994+0530] {logging_mixin.py:190} INFO - [2024-12-21T23:53:28.993+0530] {example_python_operator.py:93} WARNING - The virtalenv_python example task requires virtualenv, please install it.
[2024-12-21T23:53:29.014+0530] {processor.py:925} INFO - DAG(s) 'example_python_operator' retrieved from /Users/jayesh/Desktop/Personal Work/Movie_data_pipeline/.venv/lib/python3.9/site-packages/airflow/example_dags/example_python_operator.py
[2024-12-21T23:53:29.177+0530] {logging_mixin.py:190} INFO - [2024-12-21T23:53:29.173+0530] {dag.py:3239} INFO - Sync 1 DAGs
[2024-12-21T23:53:29.265+0530] {logging_mixin.py:190} INFO - [2024-12-21T23:53:29.264+0530] {dag.py:4180} INFO - Setting next_dagrun for example_python_operator to None, run_after=None
[2024-12-21T23:53:29.345+0530] {processor.py:208} INFO - Processing /Users/jayesh/Desktop/Personal Work/Movie_data_pipeline/.venv/lib/python3.9/site-packages/airflow/example_dags/example_python_operator.py took 0.413 seconds
