[2024-12-21T10:24:55.827+0530] {processor.py:186} INFO - Started process (PID=2460) to work on /Users/jayesh/Desktop/Personal Work/Movie_data_pipeline/.venv/lib/python3.9/site-packages/airflow/example_dags/example_branch_labels.py
[2024-12-21T10:24:55.829+0530] {processor.py:914} INFO - Processing file /Users/jayesh/Desktop/Personal Work/Movie_data_pipeline/.venv/lib/python3.9/site-packages/airflow/example_dags/example_branch_labels.py for tasks to queue
[2024-12-21T10:24:55.831+0530] {logging_mixin.py:190} INFO - [2024-12-21T10:24:55.831+0530] {dagbag.py:588} INFO - Filling up the DagBag from /Users/jayesh/Desktop/Personal Work/Movie_data_pipeline/.venv/lib/python3.9/site-packages/airflow/example_dags/example_branch_labels.py
[2024-12-21T10:24:55.851+0530] {processor.py:925} INFO - DAG(s) 'example_branch_labels' retrieved from /Users/jayesh/Desktop/Personal Work/Movie_data_pipeline/.venv/lib/python3.9/site-packages/airflow/example_dags/example_branch_labels.py
[2024-12-21T10:24:56.106+0530] {logging_mixin.py:190} INFO - [2024-12-21T10:24:56.105+0530] {dag.py:3239} INFO - Sync 1 DAGs
[2024-12-21T10:24:56.261+0530] {logging_mixin.py:190} INFO - [2024-12-21T10:24:56.261+0530] {dag.py:4180} INFO - Setting next_dagrun for example_branch_labels to 2024-12-20 00:00:00+00:00, run_after=2024-12-21 00:00:00+00:00
[2024-12-21T10:24:56.323+0530] {processor.py:208} INFO - Processing /Users/jayesh/Desktop/Personal Work/Movie_data_pipeline/.venv/lib/python3.9/site-packages/airflow/example_dags/example_branch_labels.py took 0.501 seconds
[2024-12-21T10:27:46.567+0530] {processor.py:186} INFO - Started process (PID=2912) to work on /Users/jayesh/Desktop/Personal Work/Movie_data_pipeline/.venv/lib/python3.9/site-packages/airflow/example_dags/example_branch_labels.py
[2024-12-21T10:27:46.569+0530] {processor.py:914} INFO - Processing file /Users/jayesh/Desktop/Personal Work/Movie_data_pipeline/.venv/lib/python3.9/site-packages/airflow/example_dags/example_branch_labels.py for tasks to queue
[2024-12-21T10:27:46.570+0530] {logging_mixin.py:190} INFO - [2024-12-21T10:27:46.570+0530] {dagbag.py:588} INFO - Filling up the DagBag from /Users/jayesh/Desktop/Personal Work/Movie_data_pipeline/.venv/lib/python3.9/site-packages/airflow/example_dags/example_branch_labels.py
[2024-12-21T10:27:46.589+0530] {processor.py:925} INFO - DAG(s) 'example_branch_labels' retrieved from /Users/jayesh/Desktop/Personal Work/Movie_data_pipeline/.venv/lib/python3.9/site-packages/airflow/example_dags/example_branch_labels.py
[2024-12-21T10:27:46.835+0530] {logging_mixin.py:190} INFO - [2024-12-21T10:27:46.834+0530] {dag.py:3239} INFO - Sync 1 DAGs
[2024-12-21T10:27:46.869+0530] {logging_mixin.py:190} INFO - [2024-12-21T10:27:46.868+0530] {dag.py:4180} INFO - Setting next_dagrun for example_branch_labels to 2024-12-20 00:00:00+00:00, run_after=2024-12-21 00:00:00+00:00
[2024-12-21T10:27:46.896+0530] {processor.py:208} INFO - Processing /Users/jayesh/Desktop/Personal Work/Movie_data_pipeline/.venv/lib/python3.9/site-packages/airflow/example_dags/example_branch_labels.py took 0.335 seconds
[2024-12-21T10:30:28.164+0530] {processor.py:186} INFO - Started process (PID=3343) to work on /Users/jayesh/Desktop/Personal Work/Movie_data_pipeline/.venv/lib/python3.9/site-packages/airflow/example_dags/example_branch_labels.py
[2024-12-21T10:30:28.167+0530] {processor.py:914} INFO - Processing file /Users/jayesh/Desktop/Personal Work/Movie_data_pipeline/.venv/lib/python3.9/site-packages/airflow/example_dags/example_branch_labels.py for tasks to queue
[2024-12-21T10:30:28.171+0530] {logging_mixin.py:190} INFO - [2024-12-21T10:30:28.170+0530] {dagbag.py:588} INFO - Filling up the DagBag from /Users/jayesh/Desktop/Personal Work/Movie_data_pipeline/.venv/lib/python3.9/site-packages/airflow/example_dags/example_branch_labels.py
[2024-12-21T10:30:28.194+0530] {processor.py:925} INFO - DAG(s) 'example_branch_labels' retrieved from /Users/jayesh/Desktop/Personal Work/Movie_data_pipeline/.venv/lib/python3.9/site-packages/airflow/example_dags/example_branch_labels.py
[2024-12-21T10:30:28.555+0530] {logging_mixin.py:190} INFO - [2024-12-21T10:30:28.554+0530] {dag.py:3239} INFO - Sync 1 DAGs
[2024-12-21T10:30:28.634+0530] {logging_mixin.py:190} INFO - [2024-12-21T10:30:28.633+0530] {dag.py:4180} INFO - Setting next_dagrun for example_branch_labels to 2024-12-20 00:00:00+00:00, run_after=2024-12-21 00:00:00+00:00
[2024-12-21T10:30:28.693+0530] {processor.py:208} INFO - Processing /Users/jayesh/Desktop/Personal Work/Movie_data_pipeline/.venv/lib/python3.9/site-packages/airflow/example_dags/example_branch_labels.py took 0.535 seconds
[2024-12-21T10:49:19.725+0530] {processor.py:186} INFO - Started process (PID=4345) to work on /Users/jayesh/Desktop/Personal Work/Movie_data_pipeline/.venv/lib/python3.9/site-packages/airflow/example_dags/example_branch_labels.py
[2024-12-21T10:49:19.727+0530] {processor.py:914} INFO - Processing file /Users/jayesh/Desktop/Personal Work/Movie_data_pipeline/.venv/lib/python3.9/site-packages/airflow/example_dags/example_branch_labels.py for tasks to queue
[2024-12-21T10:49:19.730+0530] {logging_mixin.py:190} INFO - [2024-12-21T10:49:19.730+0530] {dagbag.py:588} INFO - Filling up the DagBag from /Users/jayesh/Desktop/Personal Work/Movie_data_pipeline/.venv/lib/python3.9/site-packages/airflow/example_dags/example_branch_labels.py
[2024-12-21T10:49:19.750+0530] {processor.py:925} INFO - DAG(s) 'example_branch_labels' retrieved from /Users/jayesh/Desktop/Personal Work/Movie_data_pipeline/.venv/lib/python3.9/site-packages/airflow/example_dags/example_branch_labels.py
[2024-12-21T10:49:20.051+0530] {logging_mixin.py:190} INFO - [2024-12-21T10:49:20.050+0530] {dag.py:3239} INFO - Sync 1 DAGs
[2024-12-21T10:49:20.102+0530] {logging_mixin.py:190} INFO - [2024-12-21T10:49:20.101+0530] {dag.py:4180} INFO - Setting next_dagrun for example_branch_labels to 2024-12-20 00:00:00+00:00, run_after=2024-12-21 00:00:00+00:00
[2024-12-21T10:49:20.137+0530] {processor.py:208} INFO - Processing /Users/jayesh/Desktop/Personal Work/Movie_data_pipeline/.venv/lib/python3.9/site-packages/airflow/example_dags/example_branch_labels.py took 0.420 seconds
[2024-12-21T10:52:47.593+0530] {processor.py:186} INFO - Started process (PID=5075) to work on /Users/jayesh/Desktop/Personal Work/Movie_data_pipeline/.venv/lib/python3.9/site-packages/airflow/example_dags/example_branch_labels.py
[2024-12-21T10:52:47.594+0530] {processor.py:914} INFO - Processing file /Users/jayesh/Desktop/Personal Work/Movie_data_pipeline/.venv/lib/python3.9/site-packages/airflow/example_dags/example_branch_labels.py for tasks to queue
[2024-12-21T10:52:47.595+0530] {logging_mixin.py:190} INFO - [2024-12-21T10:52:47.595+0530] {dagbag.py:588} INFO - Filling up the DagBag from /Users/jayesh/Desktop/Personal Work/Movie_data_pipeline/.venv/lib/python3.9/site-packages/airflow/example_dags/example_branch_labels.py
[2024-12-21T10:52:47.611+0530] {processor.py:925} INFO - DAG(s) 'example_branch_labels' retrieved from /Users/jayesh/Desktop/Personal Work/Movie_data_pipeline/.venv/lib/python3.9/site-packages/airflow/example_dags/example_branch_labels.py
[2024-12-21T10:52:47.898+0530] {logging_mixin.py:190} INFO - [2024-12-21T10:52:47.898+0530] {dag.py:3239} INFO - Sync 1 DAGs
[2024-12-21T10:52:47.939+0530] {logging_mixin.py:190} INFO - [2024-12-21T10:52:47.939+0530] {dag.py:4180} INFO - Setting next_dagrun for example_branch_labels to 2024-12-20 00:00:00+00:00, run_after=2024-12-21 00:00:00+00:00
[2024-12-21T10:52:47.967+0530] {processor.py:208} INFO - Processing /Users/jayesh/Desktop/Personal Work/Movie_data_pipeline/.venv/lib/python3.9/site-packages/airflow/example_dags/example_branch_labels.py took 0.379 seconds
[2024-12-21T11:56:22.301+0530] {processor.py:186} INFO - Started process (PID=6885) to work on /Users/jayesh/Desktop/Personal Work/Movie_data_pipeline/.venv/lib/python3.9/site-packages/airflow/example_dags/example_branch_labels.py
[2024-12-21T11:56:22.303+0530] {processor.py:914} INFO - Processing file /Users/jayesh/Desktop/Personal Work/Movie_data_pipeline/.venv/lib/python3.9/site-packages/airflow/example_dags/example_branch_labels.py for tasks to queue
[2024-12-21T11:56:22.305+0530] {logging_mixin.py:190} INFO - [2024-12-21T11:56:22.305+0530] {dagbag.py:588} INFO - Filling up the DagBag from /Users/jayesh/Desktop/Personal Work/Movie_data_pipeline/.venv/lib/python3.9/site-packages/airflow/example_dags/example_branch_labels.py
[2024-12-21T11:56:22.328+0530] {processor.py:925} INFO - DAG(s) 'example_branch_labels' retrieved from /Users/jayesh/Desktop/Personal Work/Movie_data_pipeline/.venv/lib/python3.9/site-packages/airflow/example_dags/example_branch_labels.py
[2024-12-21T11:56:22.616+0530] {logging_mixin.py:190} INFO - [2024-12-21T11:56:22.615+0530] {dag.py:3239} INFO - Sync 1 DAGs
[2024-12-21T11:56:22.654+0530] {logging_mixin.py:190} INFO - [2024-12-21T11:56:22.654+0530] {dag.py:4180} INFO - Setting next_dagrun for example_branch_labels to 2024-12-20 00:00:00+00:00, run_after=2024-12-21 00:00:00+00:00
[2024-12-21T11:56:22.731+0530] {processor.py:208} INFO - Processing /Users/jayesh/Desktop/Personal Work/Movie_data_pipeline/.venv/lib/python3.9/site-packages/airflow/example_dags/example_branch_labels.py took 0.438 seconds
[2024-12-21T11:59:33.422+0530] {processor.py:186} INFO - Started process (PID=7572) to work on /Users/jayesh/Desktop/Personal Work/Movie_data_pipeline/.venv/lib/python3.9/site-packages/airflow/example_dags/example_branch_labels.py
[2024-12-21T11:59:33.425+0530] {processor.py:914} INFO - Processing file /Users/jayesh/Desktop/Personal Work/Movie_data_pipeline/.venv/lib/python3.9/site-packages/airflow/example_dags/example_branch_labels.py for tasks to queue
[2024-12-21T11:59:33.428+0530] {logging_mixin.py:190} INFO - [2024-12-21T11:59:33.427+0530] {dagbag.py:588} INFO - Filling up the DagBag from /Users/jayesh/Desktop/Personal Work/Movie_data_pipeline/.venv/lib/python3.9/site-packages/airflow/example_dags/example_branch_labels.py
[2024-12-21T11:59:33.453+0530] {processor.py:925} INFO - DAG(s) 'example_branch_labels' retrieved from /Users/jayesh/Desktop/Personal Work/Movie_data_pipeline/.venv/lib/python3.9/site-packages/airflow/example_dags/example_branch_labels.py
[2024-12-21T11:59:33.721+0530] {logging_mixin.py:190} INFO - [2024-12-21T11:59:33.720+0530] {dag.py:3239} INFO - Sync 1 DAGs
[2024-12-21T11:59:33.763+0530] {logging_mixin.py:190} INFO - [2024-12-21T11:59:33.763+0530] {dag.py:4180} INFO - Setting next_dagrun for example_branch_labels to 2024-12-20 00:00:00+00:00, run_after=2024-12-21 00:00:00+00:00
[2024-12-21T11:59:33.798+0530] {processor.py:208} INFO - Processing /Users/jayesh/Desktop/Personal Work/Movie_data_pipeline/.venv/lib/python3.9/site-packages/airflow/example_dags/example_branch_labels.py took 0.384 seconds
[2024-12-21T12:02:58.371+0530] {processor.py:186} INFO - Started process (PID=8288) to work on /Users/jayesh/Desktop/Personal Work/Movie_data_pipeline/.venv/lib/python3.9/site-packages/airflow/example_dags/example_branch_labels.py
[2024-12-21T12:02:58.375+0530] {processor.py:914} INFO - Processing file /Users/jayesh/Desktop/Personal Work/Movie_data_pipeline/.venv/lib/python3.9/site-packages/airflow/example_dags/example_branch_labels.py for tasks to queue
[2024-12-21T12:02:58.378+0530] {logging_mixin.py:190} INFO - [2024-12-21T12:02:58.377+0530] {dagbag.py:588} INFO - Filling up the DagBag from /Users/jayesh/Desktop/Personal Work/Movie_data_pipeline/.venv/lib/python3.9/site-packages/airflow/example_dags/example_branch_labels.py
[2024-12-21T12:02:58.410+0530] {processor.py:925} INFO - DAG(s) 'example_branch_labels' retrieved from /Users/jayesh/Desktop/Personal Work/Movie_data_pipeline/.venv/lib/python3.9/site-packages/airflow/example_dags/example_branch_labels.py
[2024-12-21T12:02:58.734+0530] {logging_mixin.py:190} INFO - [2024-12-21T12:02:58.734+0530] {dag.py:3239} INFO - Sync 1 DAGs
[2024-12-21T12:02:58.768+0530] {logging_mixin.py:190} INFO - [2024-12-21T12:02:58.768+0530] {dag.py:4180} INFO - Setting next_dagrun for example_branch_labels to 2024-12-20 00:00:00+00:00, run_after=2024-12-21 00:00:00+00:00
[2024-12-21T12:02:58.795+0530] {processor.py:208} INFO - Processing /Users/jayesh/Desktop/Personal Work/Movie_data_pipeline/.venv/lib/python3.9/site-packages/airflow/example_dags/example_branch_labels.py took 0.436 seconds
[2024-12-21T12:06:26.267+0530] {processor.py:186} INFO - Started process (PID=9029) to work on /Users/jayesh/Desktop/Personal Work/Movie_data_pipeline/.venv/lib/python3.9/site-packages/airflow/example_dags/example_branch_labels.py
[2024-12-21T12:06:26.270+0530] {processor.py:914} INFO - Processing file /Users/jayesh/Desktop/Personal Work/Movie_data_pipeline/.venv/lib/python3.9/site-packages/airflow/example_dags/example_branch_labels.py for tasks to queue
[2024-12-21T12:06:26.271+0530] {logging_mixin.py:190} INFO - [2024-12-21T12:06:26.271+0530] {dagbag.py:588} INFO - Filling up the DagBag from /Users/jayesh/Desktop/Personal Work/Movie_data_pipeline/.venv/lib/python3.9/site-packages/airflow/example_dags/example_branch_labels.py
[2024-12-21T12:06:26.287+0530] {processor.py:925} INFO - DAG(s) 'example_branch_labels' retrieved from /Users/jayesh/Desktop/Personal Work/Movie_data_pipeline/.venv/lib/python3.9/site-packages/airflow/example_dags/example_branch_labels.py
[2024-12-21T12:06:26.506+0530] {logging_mixin.py:190} INFO - [2024-12-21T12:06:26.505+0530] {dag.py:3239} INFO - Sync 1 DAGs
[2024-12-21T12:06:26.543+0530] {logging_mixin.py:190} INFO - [2024-12-21T12:06:26.542+0530] {dag.py:4180} INFO - Setting next_dagrun for example_branch_labels to 2024-12-20 00:00:00+00:00, run_after=2024-12-21 00:00:00+00:00
[2024-12-21T12:06:26.571+0530] {processor.py:208} INFO - Processing /Users/jayesh/Desktop/Personal Work/Movie_data_pipeline/.venv/lib/python3.9/site-packages/airflow/example_dags/example_branch_labels.py took 0.309 seconds
[2024-12-21T22:32:24.252+0530] {processor.py:186} INFO - Started process (PID=16046) to work on /Users/jayesh/Desktop/Personal Work/Movie_data_pipeline/.venv/lib/python3.9/site-packages/airflow/example_dags/example_branch_labels.py
[2024-12-21T22:32:24.256+0530] {processor.py:914} INFO - Processing file /Users/jayesh/Desktop/Personal Work/Movie_data_pipeline/.venv/lib/python3.9/site-packages/airflow/example_dags/example_branch_labels.py for tasks to queue
[2024-12-21T22:32:24.264+0530] {logging_mixin.py:190} INFO - [2024-12-21T22:32:24.260+0530] {dagbag.py:588} INFO - Filling up the DagBag from /Users/jayesh/Desktop/Personal Work/Movie_data_pipeline/.venv/lib/python3.9/site-packages/airflow/example_dags/example_branch_labels.py
[2024-12-21T22:32:24.292+0530] {processor.py:925} INFO - DAG(s) 'example_branch_labels' retrieved from /Users/jayesh/Desktop/Personal Work/Movie_data_pipeline/.venv/lib/python3.9/site-packages/airflow/example_dags/example_branch_labels.py
[2024-12-21T22:32:24.376+0530] {logging_mixin.py:190} INFO - [2024-12-21T22:32:24.375+0530] {dag.py:3239} INFO - Sync 1 DAGs
[2024-12-21T22:32:24.421+0530] {logging_mixin.py:190} INFO - [2024-12-21T22:32:24.421+0530] {dag.py:4180} INFO - Setting next_dagrun for example_branch_labels to 2024-12-20 00:00:00+00:00, run_after=2024-12-21 00:00:00+00:00
[2024-12-21T22:32:24.449+0530] {processor.py:208} INFO - Processing /Users/jayesh/Desktop/Personal Work/Movie_data_pipeline/.venv/lib/python3.9/site-packages/airflow/example_dags/example_branch_labels.py took 0.215 seconds
[2024-12-21T22:33:01.398+0530] {processor.py:186} INFO - Started process (PID=16287) to work on /Users/jayesh/Desktop/Personal Work/Movie_data_pipeline/.venv/lib/python3.9/site-packages/airflow/example_dags/example_branch_labels.py
[2024-12-21T22:33:01.402+0530] {processor.py:914} INFO - Processing file /Users/jayesh/Desktop/Personal Work/Movie_data_pipeline/.venv/lib/python3.9/site-packages/airflow/example_dags/example_branch_labels.py for tasks to queue
[2024-12-21T22:33:01.409+0530] {logging_mixin.py:190} INFO - [2024-12-21T22:33:01.407+0530] {dagbag.py:588} INFO - Filling up the DagBag from /Users/jayesh/Desktop/Personal Work/Movie_data_pipeline/.venv/lib/python3.9/site-packages/airflow/example_dags/example_branch_labels.py
[2024-12-21T22:33:01.435+0530] {processor.py:925} INFO - DAG(s) 'example_branch_labels' retrieved from /Users/jayesh/Desktop/Personal Work/Movie_data_pipeline/.venv/lib/python3.9/site-packages/airflow/example_dags/example_branch_labels.py
[2024-12-21T22:33:01.520+0530] {logging_mixin.py:190} INFO - [2024-12-21T22:33:01.519+0530] {dag.py:3239} INFO - Sync 1 DAGs
[2024-12-21T22:33:01.593+0530] {logging_mixin.py:190} INFO - [2024-12-21T22:33:01.591+0530] {dag.py:4180} INFO - Setting next_dagrun for example_branch_labels to 2024-12-20 00:00:00+00:00, run_after=2024-12-21 00:00:00+00:00
[2024-12-21T22:33:01.634+0530] {processor.py:208} INFO - Processing /Users/jayesh/Desktop/Personal Work/Movie_data_pipeline/.venv/lib/python3.9/site-packages/airflow/example_dags/example_branch_labels.py took 0.257 seconds
[2024-12-21T22:33:32.615+0530] {processor.py:186} INFO - Started process (PID=16492) to work on /Users/jayesh/Desktop/Personal Work/Movie_data_pipeline/.venv/lib/python3.9/site-packages/airflow/example_dags/example_branch_labels.py
[2024-12-21T22:33:32.619+0530] {processor.py:914} INFO - Processing file /Users/jayesh/Desktop/Personal Work/Movie_data_pipeline/.venv/lib/python3.9/site-packages/airflow/example_dags/example_branch_labels.py for tasks to queue
[2024-12-21T22:33:32.626+0530] {logging_mixin.py:190} INFO - [2024-12-21T22:33:32.625+0530] {dagbag.py:588} INFO - Filling up the DagBag from /Users/jayesh/Desktop/Personal Work/Movie_data_pipeline/.venv/lib/python3.9/site-packages/airflow/example_dags/example_branch_labels.py
[2024-12-21T22:33:32.648+0530] {processor.py:925} INFO - DAG(s) 'example_branch_labels' retrieved from /Users/jayesh/Desktop/Personal Work/Movie_data_pipeline/.venv/lib/python3.9/site-packages/airflow/example_dags/example_branch_labels.py
[2024-12-21T22:33:32.718+0530] {logging_mixin.py:190} INFO - [2024-12-21T22:33:32.718+0530] {dag.py:3239} INFO - Sync 1 DAGs
[2024-12-21T22:33:32.763+0530] {logging_mixin.py:190} INFO - [2024-12-21T22:33:32.763+0530] {dag.py:4180} INFO - Setting next_dagrun for example_branch_labels to 2024-12-20 00:00:00+00:00, run_after=2024-12-21 00:00:00+00:00
[2024-12-21T22:33:32.792+0530] {processor.py:208} INFO - Processing /Users/jayesh/Desktop/Personal Work/Movie_data_pipeline/.venv/lib/python3.9/site-packages/airflow/example_dags/example_branch_labels.py took 0.191 seconds
[2024-12-21T23:53:08.933+0530] {processor.py:186} INFO - Started process (PID=18182) to work on /Users/jayesh/Desktop/Personal Work/Movie_data_pipeline/.venv/lib/python3.9/site-packages/airflow/example_dags/example_branch_labels.py
[2024-12-21T23:53:08.939+0530] {processor.py:914} INFO - Processing file /Users/jayesh/Desktop/Personal Work/Movie_data_pipeline/.venv/lib/python3.9/site-packages/airflow/example_dags/example_branch_labels.py for tasks to queue
[2024-12-21T23:53:08.955+0530] {logging_mixin.py:190} INFO - [2024-12-21T23:53:08.954+0530] {dagbag.py:588} INFO - Filling up the DagBag from /Users/jayesh/Desktop/Personal Work/Movie_data_pipeline/.venv/lib/python3.9/site-packages/airflow/example_dags/example_branch_labels.py
[2024-12-21T23:53:08.991+0530] {processor.py:925} INFO - DAG(s) 'example_branch_labels' retrieved from /Users/jayesh/Desktop/Personal Work/Movie_data_pipeline/.venv/lib/python3.9/site-packages/airflow/example_dags/example_branch_labels.py
[2024-12-21T23:53:09.074+0530] {logging_mixin.py:190} INFO - [2024-12-21T23:53:09.073+0530] {dag.py:3239} INFO - Sync 1 DAGs
[2024-12-21T23:53:09.141+0530] {logging_mixin.py:190} INFO - [2024-12-21T23:53:09.140+0530] {dag.py:4180} INFO - Setting next_dagrun for example_branch_labels to 2024-12-20 00:00:00+00:00, run_after=2024-12-21 00:00:00+00:00
[2024-12-21T23:53:09.182+0530] {processor.py:208} INFO - Processing /Users/jayesh/Desktop/Personal Work/Movie_data_pipeline/.venv/lib/python3.9/site-packages/airflow/example_dags/example_branch_labels.py took 0.267 seconds
[2024-12-21T23:53:40.793+0530] {processor.py:186} INFO - Started process (PID=18380) to work on /Users/jayesh/Desktop/Personal Work/Movie_data_pipeline/.venv/lib/python3.9/site-packages/airflow/example_dags/example_branch_labels.py
[2024-12-21T23:53:40.797+0530] {processor.py:914} INFO - Processing file /Users/jayesh/Desktop/Personal Work/Movie_data_pipeline/.venv/lib/python3.9/site-packages/airflow/example_dags/example_branch_labels.py for tasks to queue
[2024-12-21T23:53:40.804+0530] {logging_mixin.py:190} INFO - [2024-12-21T23:53:40.802+0530] {dagbag.py:588} INFO - Filling up the DagBag from /Users/jayesh/Desktop/Personal Work/Movie_data_pipeline/.venv/lib/python3.9/site-packages/airflow/example_dags/example_branch_labels.py
[2024-12-21T23:53:40.845+0530] {processor.py:925} INFO - DAG(s) 'example_branch_labels' retrieved from /Users/jayesh/Desktop/Personal Work/Movie_data_pipeline/.venv/lib/python3.9/site-packages/airflow/example_dags/example_branch_labels.py
[2024-12-21T23:53:40.956+0530] {logging_mixin.py:190} INFO - [2024-12-21T23:53:40.955+0530] {dag.py:3239} INFO - Sync 1 DAGs
[2024-12-21T23:53:41.046+0530] {logging_mixin.py:190} INFO - [2024-12-21T23:53:41.045+0530] {dag.py:4180} INFO - Setting next_dagrun for example_branch_labels to 2024-12-20 00:00:00+00:00, run_after=2024-12-21 00:00:00+00:00
[2024-12-21T23:53:41.095+0530] {processor.py:208} INFO - Processing /Users/jayesh/Desktop/Personal Work/Movie_data_pipeline/.venv/lib/python3.9/site-packages/airflow/example_dags/example_branch_labels.py took 0.331 seconds
