[2024-12-21T10:25:03.666+0530] {processor.py:186} INFO - Started process (PID=2478) to work on /Users/jayesh/Desktop/Personal Work/Movie_data_pipeline/.venv/lib/python3.9/site-packages/airflow/example_dags/example_bash_operator.py
[2024-12-21T10:25:03.669+0530] {processor.py:914} INFO - Processing file /Users/jayesh/Desktop/Personal Work/Movie_data_pipeline/.venv/lib/python3.9/site-packages/airflow/example_dags/example_bash_operator.py for tasks to queue
[2024-12-21T10:25:03.672+0530] {logging_mixin.py:190} INFO - [2024-12-21T10:25:03.671+0530] {dagbag.py:588} INFO - Filling up the DagBag from /Users/jayesh/Desktop/Personal Work/Movie_data_pipeline/.venv/lib/python3.9/site-packages/airflow/example_dags/example_bash_operator.py
[2024-12-21T10:25:03.693+0530] {processor.py:925} INFO - DAG(s) 'example_bash_operator' retrieved from /Users/jayesh/Desktop/Personal Work/Movie_data_pipeline/.venv/lib/python3.9/site-packages/airflow/example_dags/example_bash_operator.py
[2024-12-21T10:25:04.357+0530] {logging_mixin.py:190} INFO - [2024-12-21T10:25:04.357+0530] {dag.py:3239} INFO - Sync 1 DAGs
[2024-12-21T10:25:04.439+0530] {logging_mixin.py:190} INFO - [2024-12-21T10:25:04.438+0530] {dag.py:4180} INFO - Setting next_dagrun for example_bash_operator to 2024-12-20 00:00:00+00:00, run_after=2024-12-21 00:00:00+00:00
[2024-12-21T10:25:04.642+0530] {processor.py:208} INFO - Processing /Users/jayesh/Desktop/Personal Work/Movie_data_pipeline/.venv/lib/python3.9/site-packages/airflow/example_dags/example_bash_operator.py took 0.984 seconds
[2024-12-21T10:27:50.370+0530] {processor.py:186} INFO - Started process (PID=2922) to work on /Users/jayesh/Desktop/Personal Work/Movie_data_pipeline/.venv/lib/python3.9/site-packages/airflow/example_dags/example_bash_operator.py
[2024-12-21T10:27:50.371+0530] {processor.py:914} INFO - Processing file /Users/jayesh/Desktop/Personal Work/Movie_data_pipeline/.venv/lib/python3.9/site-packages/airflow/example_dags/example_bash_operator.py for tasks to queue
[2024-12-21T10:27:50.373+0530] {logging_mixin.py:190} INFO - [2024-12-21T10:27:50.373+0530] {dagbag.py:588} INFO - Filling up the DagBag from /Users/jayesh/Desktop/Personal Work/Movie_data_pipeline/.venv/lib/python3.9/site-packages/airflow/example_dags/example_bash_operator.py
[2024-12-21T10:27:50.394+0530] {processor.py:925} INFO - DAG(s) 'example_bash_operator' retrieved from /Users/jayesh/Desktop/Personal Work/Movie_data_pipeline/.venv/lib/python3.9/site-packages/airflow/example_dags/example_bash_operator.py
[2024-12-21T10:27:50.660+0530] {logging_mixin.py:190} INFO - [2024-12-21T10:27:50.660+0530] {dag.py:3239} INFO - Sync 1 DAGs
[2024-12-21T10:27:50.704+0530] {logging_mixin.py:190} INFO - [2024-12-21T10:27:50.704+0530] {dag.py:4180} INFO - Setting next_dagrun for example_bash_operator to 2024-12-20 00:00:00+00:00, run_after=2024-12-21 00:00:00+00:00
[2024-12-21T10:27:50.733+0530] {processor.py:208} INFO - Processing /Users/jayesh/Desktop/Personal Work/Movie_data_pipeline/.venv/lib/python3.9/site-packages/airflow/example_dags/example_bash_operator.py took 0.368 seconds
[2024-12-21T10:30:37.575+0530] {processor.py:186} INFO - Started process (PID=3364) to work on /Users/jayesh/Desktop/Personal Work/Movie_data_pipeline/.venv/lib/python3.9/site-packages/airflow/example_dags/example_bash_operator.py
[2024-12-21T10:30:37.576+0530] {processor.py:914} INFO - Processing file /Users/jayesh/Desktop/Personal Work/Movie_data_pipeline/.venv/lib/python3.9/site-packages/airflow/example_dags/example_bash_operator.py for tasks to queue
[2024-12-21T10:30:37.580+0530] {logging_mixin.py:190} INFO - [2024-12-21T10:30:37.580+0530] {dagbag.py:588} INFO - Filling up the DagBag from /Users/jayesh/Desktop/Personal Work/Movie_data_pipeline/.venv/lib/python3.9/site-packages/airflow/example_dags/example_bash_operator.py
[2024-12-21T10:30:37.601+0530] {processor.py:925} INFO - DAG(s) 'example_bash_operator' retrieved from /Users/jayesh/Desktop/Personal Work/Movie_data_pipeline/.venv/lib/python3.9/site-packages/airflow/example_dags/example_bash_operator.py
[2024-12-21T10:30:37.851+0530] {logging_mixin.py:190} INFO - [2024-12-21T10:30:37.850+0530] {dag.py:3239} INFO - Sync 1 DAGs
[2024-12-21T10:30:37.886+0530] {logging_mixin.py:190} INFO - [2024-12-21T10:30:37.886+0530] {dag.py:4180} INFO - Setting next_dagrun for example_bash_operator to 2024-12-20 00:00:00+00:00, run_after=2024-12-21 00:00:00+00:00
[2024-12-21T10:30:37.918+0530] {processor.py:208} INFO - Processing /Users/jayesh/Desktop/Personal Work/Movie_data_pipeline/.venv/lib/python3.9/site-packages/airflow/example_dags/example_bash_operator.py took 0.349 seconds
[2024-12-21T10:49:27.333+0530] {processor.py:186} INFO - Started process (PID=4369) to work on /Users/jayesh/Desktop/Personal Work/Movie_data_pipeline/.venv/lib/python3.9/site-packages/airflow/example_dags/example_bash_operator.py
[2024-12-21T10:49:27.336+0530] {processor.py:914} INFO - Processing file /Users/jayesh/Desktop/Personal Work/Movie_data_pipeline/.venv/lib/python3.9/site-packages/airflow/example_dags/example_bash_operator.py for tasks to queue
[2024-12-21T10:49:27.337+0530] {logging_mixin.py:190} INFO - [2024-12-21T10:49:27.337+0530] {dagbag.py:588} INFO - Filling up the DagBag from /Users/jayesh/Desktop/Personal Work/Movie_data_pipeline/.venv/lib/python3.9/site-packages/airflow/example_dags/example_bash_operator.py
[2024-12-21T10:49:27.360+0530] {processor.py:925} INFO - DAG(s) 'example_bash_operator' retrieved from /Users/jayesh/Desktop/Personal Work/Movie_data_pipeline/.venv/lib/python3.9/site-packages/airflow/example_dags/example_bash_operator.py
[2024-12-21T10:49:27.623+0530] {logging_mixin.py:190} INFO - [2024-12-21T10:49:27.622+0530] {dag.py:3239} INFO - Sync 1 DAGs
[2024-12-21T10:49:27.660+0530] {logging_mixin.py:190} INFO - [2024-12-21T10:49:27.660+0530] {dag.py:4180} INFO - Setting next_dagrun for example_bash_operator to 2024-12-20 00:00:00+00:00, run_after=2024-12-21 00:00:00+00:00
[2024-12-21T10:49:27.744+0530] {processor.py:208} INFO - Processing /Users/jayesh/Desktop/Personal Work/Movie_data_pipeline/.venv/lib/python3.9/site-packages/airflow/example_dags/example_bash_operator.py took 0.417 seconds
[2024-12-21T10:52:54.599+0530] {processor.py:186} INFO - Started process (PID=5098) to work on /Users/jayesh/Desktop/Personal Work/Movie_data_pipeline/.venv/lib/python3.9/site-packages/airflow/example_dags/example_bash_operator.py
[2024-12-21T10:52:54.601+0530] {processor.py:914} INFO - Processing file /Users/jayesh/Desktop/Personal Work/Movie_data_pipeline/.venv/lib/python3.9/site-packages/airflow/example_dags/example_bash_operator.py for tasks to queue
[2024-12-21T10:52:54.605+0530] {logging_mixin.py:190} INFO - [2024-12-21T10:52:54.605+0530] {dagbag.py:588} INFO - Filling up the DagBag from /Users/jayesh/Desktop/Personal Work/Movie_data_pipeline/.venv/lib/python3.9/site-packages/airflow/example_dags/example_bash_operator.py
[2024-12-21T10:52:54.635+0530] {processor.py:925} INFO - DAG(s) 'example_bash_operator' retrieved from /Users/jayesh/Desktop/Personal Work/Movie_data_pipeline/.venv/lib/python3.9/site-packages/airflow/example_dags/example_bash_operator.py
[2024-12-21T10:52:54.936+0530] {logging_mixin.py:190} INFO - [2024-12-21T10:52:54.935+0530] {dag.py:3239} INFO - Sync 1 DAGs
[2024-12-21T10:52:54.970+0530] {logging_mixin.py:190} INFO - [2024-12-21T10:52:54.970+0530] {dag.py:4180} INFO - Setting next_dagrun for example_bash_operator to 2024-12-20 00:00:00+00:00, run_after=2024-12-21 00:00:00+00:00
[2024-12-21T10:52:54.998+0530] {processor.py:208} INFO - Processing /Users/jayesh/Desktop/Personal Work/Movie_data_pipeline/.venv/lib/python3.9/site-packages/airflow/example_dags/example_bash_operator.py took 0.405 seconds
[2024-12-21T11:56:31.238+0530] {processor.py:186} INFO - Started process (PID=6917) to work on /Users/jayesh/Desktop/Personal Work/Movie_data_pipeline/.venv/lib/python3.9/site-packages/airflow/example_dags/example_bash_operator.py
[2024-12-21T11:56:31.240+0530] {processor.py:914} INFO - Processing file /Users/jayesh/Desktop/Personal Work/Movie_data_pipeline/.venv/lib/python3.9/site-packages/airflow/example_dags/example_bash_operator.py for tasks to queue
[2024-12-21T11:56:31.242+0530] {logging_mixin.py:190} INFO - [2024-12-21T11:56:31.242+0530] {dagbag.py:588} INFO - Filling up the DagBag from /Users/jayesh/Desktop/Personal Work/Movie_data_pipeline/.venv/lib/python3.9/site-packages/airflow/example_dags/example_bash_operator.py
[2024-12-21T11:56:31.267+0530] {processor.py:925} INFO - DAG(s) 'example_bash_operator' retrieved from /Users/jayesh/Desktop/Personal Work/Movie_data_pipeline/.venv/lib/python3.9/site-packages/airflow/example_dags/example_bash_operator.py
[2024-12-21T11:56:31.569+0530] {logging_mixin.py:190} INFO - [2024-12-21T11:56:31.568+0530] {dag.py:3239} INFO - Sync 1 DAGs
[2024-12-21T11:56:31.621+0530] {logging_mixin.py:190} INFO - [2024-12-21T11:56:31.620+0530] {dag.py:4180} INFO - Setting next_dagrun for example_bash_operator to 2024-12-20 00:00:00+00:00, run_after=2024-12-21 00:00:00+00:00
[2024-12-21T11:56:31.653+0530] {processor.py:208} INFO - Processing /Users/jayesh/Desktop/Personal Work/Movie_data_pipeline/.venv/lib/python3.9/site-packages/airflow/example_dags/example_bash_operator.py took 0.420 seconds
[2024-12-21T11:59:39.015+0530] {processor.py:186} INFO - Started process (PID=7593) to work on /Users/jayesh/Desktop/Personal Work/Movie_data_pipeline/.venv/lib/python3.9/site-packages/airflow/example_dags/example_bash_operator.py
[2024-12-21T11:59:39.019+0530] {processor.py:914} INFO - Processing file /Users/jayesh/Desktop/Personal Work/Movie_data_pipeline/.venv/lib/python3.9/site-packages/airflow/example_dags/example_bash_operator.py for tasks to queue
[2024-12-21T11:59:39.021+0530] {logging_mixin.py:190} INFO - [2024-12-21T11:59:39.020+0530] {dagbag.py:588} INFO - Filling up the DagBag from /Users/jayesh/Desktop/Personal Work/Movie_data_pipeline/.venv/lib/python3.9/site-packages/airflow/example_dags/example_bash_operator.py
[2024-12-21T11:59:39.047+0530] {processor.py:925} INFO - DAG(s) 'example_bash_operator' retrieved from /Users/jayesh/Desktop/Personal Work/Movie_data_pipeline/.venv/lib/python3.9/site-packages/airflow/example_dags/example_bash_operator.py
[2024-12-21T11:59:39.351+0530] {logging_mixin.py:190} INFO - [2024-12-21T11:59:39.351+0530] {dag.py:3239} INFO - Sync 1 DAGs
[2024-12-21T11:59:39.398+0530] {logging_mixin.py:190} INFO - [2024-12-21T11:59:39.398+0530] {dag.py:4180} INFO - Setting next_dagrun for example_bash_operator to 2024-12-20 00:00:00+00:00, run_after=2024-12-21 00:00:00+00:00
[2024-12-21T11:59:39.456+0530] {processor.py:208} INFO - Processing /Users/jayesh/Desktop/Personal Work/Movie_data_pipeline/.venv/lib/python3.9/site-packages/airflow/example_dags/example_bash_operator.py took 0.446 seconds
[2024-12-21T12:03:05.698+0530] {processor.py:186} INFO - Started process (PID=8309) to work on /Users/jayesh/Desktop/Personal Work/Movie_data_pipeline/.venv/lib/python3.9/site-packages/airflow/example_dags/example_bash_operator.py
[2024-12-21T12:03:05.703+0530] {processor.py:914} INFO - Processing file /Users/jayesh/Desktop/Personal Work/Movie_data_pipeline/.venv/lib/python3.9/site-packages/airflow/example_dags/example_bash_operator.py for tasks to queue
[2024-12-21T12:03:05.704+0530] {logging_mixin.py:190} INFO - [2024-12-21T12:03:05.704+0530] {dagbag.py:588} INFO - Filling up the DagBag from /Users/jayesh/Desktop/Personal Work/Movie_data_pipeline/.venv/lib/python3.9/site-packages/airflow/example_dags/example_bash_operator.py
[2024-12-21T12:03:05.729+0530] {processor.py:925} INFO - DAG(s) 'example_bash_operator' retrieved from /Users/jayesh/Desktop/Personal Work/Movie_data_pipeline/.venv/lib/python3.9/site-packages/airflow/example_dags/example_bash_operator.py
[2024-12-21T12:03:06.014+0530] {logging_mixin.py:190} INFO - [2024-12-21T12:03:06.014+0530] {dag.py:3239} INFO - Sync 1 DAGs
[2024-12-21T12:03:06.054+0530] {logging_mixin.py:190} INFO - [2024-12-21T12:03:06.053+0530] {dag.py:4180} INFO - Setting next_dagrun for example_bash_operator to 2024-12-20 00:00:00+00:00, run_after=2024-12-21 00:00:00+00:00
[2024-12-21T12:03:06.087+0530] {processor.py:208} INFO - Processing /Users/jayesh/Desktop/Personal Work/Movie_data_pipeline/.venv/lib/python3.9/site-packages/airflow/example_dags/example_bash_operator.py took 0.396 seconds
[2024-12-21T12:06:30.351+0530] {processor.py:186} INFO - Started process (PID=9048) to work on /Users/jayesh/Desktop/Personal Work/Movie_data_pipeline/.venv/lib/python3.9/site-packages/airflow/example_dags/example_bash_operator.py
[2024-12-21T12:06:30.354+0530] {processor.py:914} INFO - Processing file /Users/jayesh/Desktop/Personal Work/Movie_data_pipeline/.venv/lib/python3.9/site-packages/airflow/example_dags/example_bash_operator.py for tasks to queue
[2024-12-21T12:06:30.356+0530] {logging_mixin.py:190} INFO - [2024-12-21T12:06:30.355+0530] {dagbag.py:588} INFO - Filling up the DagBag from /Users/jayesh/Desktop/Personal Work/Movie_data_pipeline/.venv/lib/python3.9/site-packages/airflow/example_dags/example_bash_operator.py
[2024-12-21T12:06:30.377+0530] {processor.py:925} INFO - DAG(s) 'example_bash_operator' retrieved from /Users/jayesh/Desktop/Personal Work/Movie_data_pipeline/.venv/lib/python3.9/site-packages/airflow/example_dags/example_bash_operator.py
[2024-12-21T12:06:30.624+0530] {logging_mixin.py:190} INFO - [2024-12-21T12:06:30.624+0530] {dag.py:3239} INFO - Sync 1 DAGs
[2024-12-21T12:06:30.660+0530] {logging_mixin.py:190} INFO - [2024-12-21T12:06:30.660+0530] {dag.py:4180} INFO - Setting next_dagrun for example_bash_operator to 2024-12-20 00:00:00+00:00, run_after=2024-12-21 00:00:00+00:00
[2024-12-21T12:06:30.692+0530] {processor.py:208} INFO - Processing /Users/jayesh/Desktop/Personal Work/Movie_data_pipeline/.venv/lib/python3.9/site-packages/airflow/example_dags/example_bash_operator.py took 0.349 seconds
[2024-12-21T22:32:24.792+0530] {processor.py:186} INFO - Started process (PID=16055) to work on /Users/jayesh/Desktop/Personal Work/Movie_data_pipeline/.venv/lib/python3.9/site-packages/airflow/example_dags/example_bash_operator.py
[2024-12-21T22:32:24.796+0530] {processor.py:914} INFO - Processing file /Users/jayesh/Desktop/Personal Work/Movie_data_pipeline/.venv/lib/python3.9/site-packages/airflow/example_dags/example_bash_operator.py for tasks to queue
[2024-12-21T22:32:24.802+0530] {logging_mixin.py:190} INFO - [2024-12-21T22:32:24.801+0530] {dagbag.py:588} INFO - Filling up the DagBag from /Users/jayesh/Desktop/Personal Work/Movie_data_pipeline/.venv/lib/python3.9/site-packages/airflow/example_dags/example_bash_operator.py
[2024-12-21T22:32:24.830+0530] {processor.py:925} INFO - DAG(s) 'example_bash_operator' retrieved from /Users/jayesh/Desktop/Personal Work/Movie_data_pipeline/.venv/lib/python3.9/site-packages/airflow/example_dags/example_bash_operator.py
[2024-12-21T22:32:24.920+0530] {logging_mixin.py:190} INFO - [2024-12-21T22:32:24.919+0530] {dag.py:3239} INFO - Sync 1 DAGs
[2024-12-21T22:32:24.973+0530] {logging_mixin.py:190} INFO - [2024-12-21T22:32:24.972+0530] {dag.py:4180} INFO - Setting next_dagrun for example_bash_operator to 2024-12-20 00:00:00+00:00, run_after=2024-12-21 00:00:00+00:00
[2024-12-21T22:32:25.007+0530] {processor.py:208} INFO - Processing /Users/jayesh/Desktop/Personal Work/Movie_data_pipeline/.venv/lib/python3.9/site-packages/airflow/example_dags/example_bash_operator.py took 0.230 seconds
[2024-12-21T22:33:01.814+0530] {processor.py:186} INFO - Started process (PID=16294) to work on /Users/jayesh/Desktop/Personal Work/Movie_data_pipeline/.venv/lib/python3.9/site-packages/airflow/example_dags/example_bash_operator.py
[2024-12-21T22:33:01.817+0530] {processor.py:914} INFO - Processing file /Users/jayesh/Desktop/Personal Work/Movie_data_pipeline/.venv/lib/python3.9/site-packages/airflow/example_dags/example_bash_operator.py for tasks to queue
[2024-12-21T22:33:01.824+0530] {logging_mixin.py:190} INFO - [2024-12-21T22:33:01.821+0530] {dagbag.py:588} INFO - Filling up the DagBag from /Users/jayesh/Desktop/Personal Work/Movie_data_pipeline/.venv/lib/python3.9/site-packages/airflow/example_dags/example_bash_operator.py
[2024-12-21T22:33:01.865+0530] {processor.py:925} INFO - DAG(s) 'example_bash_operator' retrieved from /Users/jayesh/Desktop/Personal Work/Movie_data_pipeline/.venv/lib/python3.9/site-packages/airflow/example_dags/example_bash_operator.py
[2024-12-21T22:33:01.968+0530] {logging_mixin.py:190} INFO - [2024-12-21T22:33:01.967+0530] {dag.py:3239} INFO - Sync 1 DAGs
[2024-12-21T22:33:02.033+0530] {logging_mixin.py:190} INFO - [2024-12-21T22:33:02.032+0530] {dag.py:4180} INFO - Setting next_dagrun for example_bash_operator to 2024-12-20 00:00:00+00:00, run_after=2024-12-21 00:00:00+00:00
[2024-12-21T22:33:02.098+0530] {processor.py:208} INFO - Processing /Users/jayesh/Desktop/Personal Work/Movie_data_pipeline/.venv/lib/python3.9/site-packages/airflow/example_dags/example_bash_operator.py took 0.310 seconds
[2024-12-21T22:33:33.099+0530] {processor.py:186} INFO - Started process (PID=16499) to work on /Users/jayesh/Desktop/Personal Work/Movie_data_pipeline/.venv/lib/python3.9/site-packages/airflow/example_dags/example_bash_operator.py
[2024-12-21T22:33:33.102+0530] {processor.py:914} INFO - Processing file /Users/jayesh/Desktop/Personal Work/Movie_data_pipeline/.venv/lib/python3.9/site-packages/airflow/example_dags/example_bash_operator.py for tasks to queue
[2024-12-21T22:33:33.107+0530] {logging_mixin.py:190} INFO - [2024-12-21T22:33:33.106+0530] {dagbag.py:588} INFO - Filling up the DagBag from /Users/jayesh/Desktop/Personal Work/Movie_data_pipeline/.venv/lib/python3.9/site-packages/airflow/example_dags/example_bash_operator.py
[2024-12-21T22:33:33.144+0530] {processor.py:925} INFO - DAG(s) 'example_bash_operator' retrieved from /Users/jayesh/Desktop/Personal Work/Movie_data_pipeline/.venv/lib/python3.9/site-packages/airflow/example_dags/example_bash_operator.py
[2024-12-21T22:33:33.247+0530] {logging_mixin.py:190} INFO - [2024-12-21T22:33:33.247+0530] {dag.py:3239} INFO - Sync 1 DAGs
[2024-12-21T22:33:33.292+0530] {logging_mixin.py:190} INFO - [2024-12-21T22:33:33.290+0530] {dag.py:4180} INFO - Setting next_dagrun for example_bash_operator to 2024-12-20 00:00:00+00:00, run_after=2024-12-21 00:00:00+00:00
[2024-12-21T22:33:33.325+0530] {processor.py:208} INFO - Processing /Users/jayesh/Desktop/Personal Work/Movie_data_pipeline/.venv/lib/python3.9/site-packages/airflow/example_dags/example_bash_operator.py took 0.242 seconds
[2024-12-21T23:53:09.451+0530] {processor.py:186} INFO - Started process (PID=18193) to work on /Users/jayesh/Desktop/Personal Work/Movie_data_pipeline/.venv/lib/python3.9/site-packages/airflow/example_dags/example_bash_operator.py
[2024-12-21T23:53:09.455+0530] {processor.py:914} INFO - Processing file /Users/jayesh/Desktop/Personal Work/Movie_data_pipeline/.venv/lib/python3.9/site-packages/airflow/example_dags/example_bash_operator.py for tasks to queue
[2024-12-21T23:53:09.461+0530] {logging_mixin.py:190} INFO - [2024-12-21T23:53:09.460+0530] {dagbag.py:588} INFO - Filling up the DagBag from /Users/jayesh/Desktop/Personal Work/Movie_data_pipeline/.venv/lib/python3.9/site-packages/airflow/example_dags/example_bash_operator.py
[2024-12-21T23:53:09.495+0530] {processor.py:925} INFO - DAG(s) 'example_bash_operator' retrieved from /Users/jayesh/Desktop/Personal Work/Movie_data_pipeline/.venv/lib/python3.9/site-packages/airflow/example_dags/example_bash_operator.py
[2024-12-21T23:53:09.603+0530] {logging_mixin.py:190} INFO - [2024-12-21T23:53:09.603+0530] {dag.py:3239} INFO - Sync 1 DAGs
[2024-12-21T23:53:09.658+0530] {logging_mixin.py:190} INFO - [2024-12-21T23:53:09.657+0530] {dag.py:4180} INFO - Setting next_dagrun for example_bash_operator to 2024-12-20 00:00:00+00:00, run_after=2024-12-21 00:00:00+00:00
[2024-12-21T23:53:09.732+0530] {processor.py:208} INFO - Processing /Users/jayesh/Desktop/Personal Work/Movie_data_pipeline/.venv/lib/python3.9/site-packages/airflow/example_dags/example_bash_operator.py took 0.296 seconds
[2024-12-21T23:53:41.316+0530] {processor.py:186} INFO - Started process (PID=18388) to work on /Users/jayesh/Desktop/Personal Work/Movie_data_pipeline/.venv/lib/python3.9/site-packages/airflow/example_dags/example_bash_operator.py
[2024-12-21T23:53:41.319+0530] {processor.py:914} INFO - Processing file /Users/jayesh/Desktop/Personal Work/Movie_data_pipeline/.venv/lib/python3.9/site-packages/airflow/example_dags/example_bash_operator.py for tasks to queue
[2024-12-21T23:53:41.329+0530] {logging_mixin.py:190} INFO - [2024-12-21T23:53:41.327+0530] {dagbag.py:588} INFO - Filling up the DagBag from /Users/jayesh/Desktop/Personal Work/Movie_data_pipeline/.venv/lib/python3.9/site-packages/airflow/example_dags/example_bash_operator.py
[2024-12-21T23:53:41.367+0530] {processor.py:925} INFO - DAG(s) 'example_bash_operator' retrieved from /Users/jayesh/Desktop/Personal Work/Movie_data_pipeline/.venv/lib/python3.9/site-packages/airflow/example_dags/example_bash_operator.py
[2024-12-21T23:53:41.515+0530] {logging_mixin.py:190} INFO - [2024-12-21T23:53:41.514+0530] {dag.py:3239} INFO - Sync 1 DAGs
[2024-12-21T23:53:41.595+0530] {logging_mixin.py:190} INFO - [2024-12-21T23:53:41.594+0530] {dag.py:4180} INFO - Setting next_dagrun for example_bash_operator to 2024-12-20 00:00:00+00:00, run_after=2024-12-21 00:00:00+00:00
[2024-12-21T23:53:41.656+0530] {processor.py:208} INFO - Processing /Users/jayesh/Desktop/Personal Work/Movie_data_pipeline/.venv/lib/python3.9/site-packages/airflow/example_dags/example_bash_operator.py took 0.359 seconds
