[2024-12-21T10:24:44.760+0530] {processor.py:186} INFO - Started process (PID=2429) to work on /Users/jayesh/Desktop/Personal Work/Movie_data_pipeline/.venv/lib/python3.9/site-packages/airflow/example_dags/example_dataset_alias.py
[2024-12-21T10:24:44.762+0530] {processor.py:914} INFO - Processing file /Users/jayesh/Desktop/Personal Work/Movie_data_pipeline/.venv/lib/python3.9/site-packages/airflow/example_dags/example_dataset_alias.py for tasks to queue
[2024-12-21T10:24:44.764+0530] {logging_mixin.py:190} INFO - [2024-12-21T10:24:44.764+0530] {dagbag.py:588} INFO - Filling up the DagBag from /Users/jayesh/Desktop/Personal Work/Movie_data_pipeline/.venv/lib/python3.9/site-packages/airflow/example_dags/example_dataset_alias.py
[2024-12-21T10:24:45.881+0530] {processor.py:925} INFO - DAG(s) 'dataset_alias_example_alias_consumer', 'dataset_s3_bucket_producer', 'dataset_alias_example_alias_producer', 'dataset_s3_bucket_consumer' retrieved from /Users/jayesh/Desktop/Personal Work/Movie_data_pipeline/.venv/lib/python3.9/site-packages/airflow/example_dags/example_dataset_alias.py
[2024-12-21T10:24:45.926+0530] {logging_mixin.py:190} INFO - [2024-12-21T10:24:45.926+0530] {dag.py:3239} INFO - Sync 4 DAGs
[2024-12-21T10:24:45.963+0530] {logging_mixin.py:190} INFO - [2024-12-21T10:24:45.963+0530] {dag.py:4180} INFO - Setting next_dagrun for dataset_alias_example_alias_consumer to None, run_after=None
[2024-12-21T10:24:45.967+0530] {logging_mixin.py:190} INFO - [2024-12-21T10:24:45.966+0530] {dag.py:4180} INFO - Setting next_dagrun for dataset_alias_example_alias_producer to None, run_after=None
[2024-12-21T10:24:45.970+0530] {logging_mixin.py:190} INFO - [2024-12-21T10:24:45.969+0530] {dag.py:4180} INFO - Setting next_dagrun for dataset_s3_bucket_consumer to None, run_after=None
[2024-12-21T10:24:45.972+0530] {logging_mixin.py:190} INFO - [2024-12-21T10:24:45.972+0530] {dag.py:4180} INFO - Setting next_dagrun for dataset_s3_bucket_producer to None, run_after=None
[2024-12-21T10:24:46.012+0530] {processor.py:208} INFO - Processing /Users/jayesh/Desktop/Personal Work/Movie_data_pipeline/.venv/lib/python3.9/site-packages/airflow/example_dags/example_dataset_alias.py took 1.257 seconds
[2024-12-21T10:27:35.670+0530] {processor.py:186} INFO - Started process (PID=2870) to work on /Users/jayesh/Desktop/Personal Work/Movie_data_pipeline/.venv/lib/python3.9/site-packages/airflow/example_dags/example_dataset_alias.py
[2024-12-21T10:27:35.672+0530] {processor.py:914} INFO - Processing file /Users/jayesh/Desktop/Personal Work/Movie_data_pipeline/.venv/lib/python3.9/site-packages/airflow/example_dags/example_dataset_alias.py for tasks to queue
[2024-12-21T10:27:35.674+0530] {logging_mixin.py:190} INFO - [2024-12-21T10:27:35.673+0530] {dagbag.py:588} INFO - Filling up the DagBag from /Users/jayesh/Desktop/Personal Work/Movie_data_pipeline/.venv/lib/python3.9/site-packages/airflow/example_dags/example_dataset_alias.py
[2024-12-21T10:27:36.537+0530] {processor.py:925} INFO - DAG(s) 'dataset_alias_example_alias_producer', 'dataset_s3_bucket_consumer', 'dataset_s3_bucket_producer', 'dataset_alias_example_alias_consumer' retrieved from /Users/jayesh/Desktop/Personal Work/Movie_data_pipeline/.venv/lib/python3.9/site-packages/airflow/example_dags/example_dataset_alias.py
[2024-12-21T10:27:36.573+0530] {logging_mixin.py:190} INFO - [2024-12-21T10:27:36.572+0530] {dag.py:3239} INFO - Sync 4 DAGs
[2024-12-21T10:27:36.608+0530] {logging_mixin.py:190} INFO - [2024-12-21T10:27:36.607+0530] {dag.py:4180} INFO - Setting next_dagrun for dataset_alias_example_alias_consumer to None, run_after=None
[2024-12-21T10:27:36.613+0530] {logging_mixin.py:190} INFO - [2024-12-21T10:27:36.612+0530] {dag.py:4180} INFO - Setting next_dagrun for dataset_alias_example_alias_producer to None, run_after=None
[2024-12-21T10:27:36.615+0530] {logging_mixin.py:190} INFO - [2024-12-21T10:27:36.614+0530] {dag.py:4180} INFO - Setting next_dagrun for dataset_s3_bucket_consumer to None, run_after=None
[2024-12-21T10:27:36.618+0530] {logging_mixin.py:190} INFO - [2024-12-21T10:27:36.617+0530] {dag.py:4180} INFO - Setting next_dagrun for dataset_s3_bucket_producer to None, run_after=None
[2024-12-21T10:27:36.652+0530] {processor.py:208} INFO - Processing /Users/jayesh/Desktop/Personal Work/Movie_data_pipeline/.venv/lib/python3.9/site-packages/airflow/example_dags/example_dataset_alias.py took 0.988 seconds
[2024-12-21T10:30:13.750+0530] {processor.py:186} INFO - Started process (PID=3311) to work on /Users/jayesh/Desktop/Personal Work/Movie_data_pipeline/.venv/lib/python3.9/site-packages/airflow/example_dags/example_dataset_alias.py
[2024-12-21T10:30:13.751+0530] {processor.py:914} INFO - Processing file /Users/jayesh/Desktop/Personal Work/Movie_data_pipeline/.venv/lib/python3.9/site-packages/airflow/example_dags/example_dataset_alias.py for tasks to queue
[2024-12-21T10:30:13.755+0530] {logging_mixin.py:190} INFO - [2024-12-21T10:30:13.754+0530] {dagbag.py:588} INFO - Filling up the DagBag from /Users/jayesh/Desktop/Personal Work/Movie_data_pipeline/.venv/lib/python3.9/site-packages/airflow/example_dags/example_dataset_alias.py
[2024-12-21T10:30:15.067+0530] {processor.py:925} INFO - DAG(s) 'dataset_s3_bucket_consumer', 'dataset_s3_bucket_producer', 'dataset_alias_example_alias_consumer', 'dataset_alias_example_alias_producer' retrieved from /Users/jayesh/Desktop/Personal Work/Movie_data_pipeline/.venv/lib/python3.9/site-packages/airflow/example_dags/example_dataset_alias.py
[2024-12-21T10:30:15.125+0530] {logging_mixin.py:190} INFO - [2024-12-21T10:30:15.125+0530] {dag.py:3239} INFO - Sync 4 DAGs
[2024-12-21T10:30:15.208+0530] {logging_mixin.py:190} INFO - [2024-12-21T10:30:15.208+0530] {dag.py:4180} INFO - Setting next_dagrun for dataset_alias_example_alias_consumer to None, run_after=None
[2024-12-21T10:30:15.218+0530] {logging_mixin.py:190} INFO - [2024-12-21T10:30:15.218+0530] {dag.py:4180} INFO - Setting next_dagrun for dataset_alias_example_alias_producer to None, run_after=None
[2024-12-21T10:30:15.222+0530] {logging_mixin.py:190} INFO - [2024-12-21T10:30:15.222+0530] {dag.py:4180} INFO - Setting next_dagrun for dataset_s3_bucket_consumer to None, run_after=None
[2024-12-21T10:30:15.226+0530] {logging_mixin.py:190} INFO - [2024-12-21T10:30:15.226+0530] {dag.py:4180} INFO - Setting next_dagrun for dataset_s3_bucket_producer to None, run_after=None
[2024-12-21T10:30:15.282+0530] {processor.py:208} INFO - Processing /Users/jayesh/Desktop/Personal Work/Movie_data_pipeline/.venv/lib/python3.9/site-packages/airflow/example_dags/example_dataset_alias.py took 1.540 seconds
[2024-12-21T10:49:03.628+0530] {processor.py:186} INFO - Started process (PID=4297) to work on /Users/jayesh/Desktop/Personal Work/Movie_data_pipeline/.venv/lib/python3.9/site-packages/airflow/example_dags/example_dataset_alias.py
[2024-12-21T10:49:03.635+0530] {processor.py:914} INFO - Processing file /Users/jayesh/Desktop/Personal Work/Movie_data_pipeline/.venv/lib/python3.9/site-packages/airflow/example_dags/example_dataset_alias.py for tasks to queue
[2024-12-21T10:49:03.637+0530] {logging_mixin.py:190} INFO - [2024-12-21T10:49:03.637+0530] {dagbag.py:588} INFO - Filling up the DagBag from /Users/jayesh/Desktop/Personal Work/Movie_data_pipeline/.venv/lib/python3.9/site-packages/airflow/example_dags/example_dataset_alias.py
[2024-12-21T10:49:04.857+0530] {processor.py:925} INFO - DAG(s) 'dataset_s3_bucket_producer', 'dataset_alias_example_alias_producer', 'dataset_s3_bucket_consumer', 'dataset_alias_example_alias_consumer' retrieved from /Users/jayesh/Desktop/Personal Work/Movie_data_pipeline/.venv/lib/python3.9/site-packages/airflow/example_dags/example_dataset_alias.py
[2024-12-21T10:49:04.901+0530] {logging_mixin.py:190} INFO - [2024-12-21T10:49:04.900+0530] {dag.py:3239} INFO - Sync 4 DAGs
[2024-12-21T10:49:04.940+0530] {logging_mixin.py:190} INFO - [2024-12-21T10:49:04.940+0530] {dag.py:4180} INFO - Setting next_dagrun for dataset_alias_example_alias_consumer to None, run_after=None
[2024-12-21T10:49:04.944+0530] {logging_mixin.py:190} INFO - [2024-12-21T10:49:04.943+0530] {dag.py:4180} INFO - Setting next_dagrun for dataset_alias_example_alias_producer to None, run_after=None
[2024-12-21T10:49:04.947+0530] {logging_mixin.py:190} INFO - [2024-12-21T10:49:04.947+0530] {dag.py:4180} INFO - Setting next_dagrun for dataset_s3_bucket_consumer to None, run_after=None
[2024-12-21T10:49:04.951+0530] {logging_mixin.py:190} INFO - [2024-12-21T10:49:04.950+0530] {dag.py:4180} INFO - Setting next_dagrun for dataset_s3_bucket_producer to None, run_after=None
[2024-12-21T10:49:04.989+0530] {processor.py:208} INFO - Processing /Users/jayesh/Desktop/Personal Work/Movie_data_pipeline/.venv/lib/python3.9/site-packages/airflow/example_dags/example_dataset_alias.py took 1.369 seconds
[2024-12-21T10:52:33.174+0530] {processor.py:186} INFO - Started process (PID=5026) to work on /Users/jayesh/Desktop/Personal Work/Movie_data_pipeline/.venv/lib/python3.9/site-packages/airflow/example_dags/example_dataset_alias.py
[2024-12-21T10:52:33.175+0530] {processor.py:914} INFO - Processing file /Users/jayesh/Desktop/Personal Work/Movie_data_pipeline/.venv/lib/python3.9/site-packages/airflow/example_dags/example_dataset_alias.py for tasks to queue
[2024-12-21T10:52:33.177+0530] {logging_mixin.py:190} INFO - [2024-12-21T10:52:33.176+0530] {dagbag.py:588} INFO - Filling up the DagBag from /Users/jayesh/Desktop/Personal Work/Movie_data_pipeline/.venv/lib/python3.9/site-packages/airflow/example_dags/example_dataset_alias.py
[2024-12-21T10:52:34.335+0530] {processor.py:925} INFO - DAG(s) 'dataset_alias_example_alias_producer', 'dataset_alias_example_alias_consumer', 'dataset_s3_bucket_consumer', 'dataset_s3_bucket_producer' retrieved from /Users/jayesh/Desktop/Personal Work/Movie_data_pipeline/.venv/lib/python3.9/site-packages/airflow/example_dags/example_dataset_alias.py
[2024-12-21T10:52:34.385+0530] {logging_mixin.py:190} INFO - [2024-12-21T10:52:34.384+0530] {dag.py:3239} INFO - Sync 4 DAGs
[2024-12-21T10:52:34.426+0530] {logging_mixin.py:190} INFO - [2024-12-21T10:52:34.425+0530] {dag.py:4180} INFO - Setting next_dagrun for dataset_alias_example_alias_consumer to None, run_after=None
[2024-12-21T10:52:34.434+0530] {logging_mixin.py:190} INFO - [2024-12-21T10:52:34.434+0530] {dag.py:4180} INFO - Setting next_dagrun for dataset_alias_example_alias_producer to None, run_after=None
[2024-12-21T10:52:34.440+0530] {logging_mixin.py:190} INFO - [2024-12-21T10:52:34.439+0530] {dag.py:4180} INFO - Setting next_dagrun for dataset_s3_bucket_consumer to None, run_after=None
[2024-12-21T10:52:34.445+0530] {logging_mixin.py:190} INFO - [2024-12-21T10:52:34.445+0530] {dag.py:4180} INFO - Setting next_dagrun for dataset_s3_bucket_producer to None, run_after=None
[2024-12-21T10:52:34.492+0530] {processor.py:208} INFO - Processing /Users/jayesh/Desktop/Personal Work/Movie_data_pipeline/.venv/lib/python3.9/site-packages/airflow/example_dags/example_dataset_alias.py took 1.324 seconds
[2024-12-21T11:56:09.562+0530] {processor.py:186} INFO - Started process (PID=6844) to work on /Users/jayesh/Desktop/Personal Work/Movie_data_pipeline/.venv/lib/python3.9/site-packages/airflow/example_dags/example_dataset_alias.py
[2024-12-21T11:56:09.564+0530] {processor.py:914} INFO - Processing file /Users/jayesh/Desktop/Personal Work/Movie_data_pipeline/.venv/lib/python3.9/site-packages/airflow/example_dags/example_dataset_alias.py for tasks to queue
[2024-12-21T11:56:09.566+0530] {logging_mixin.py:190} INFO - [2024-12-21T11:56:09.565+0530] {dagbag.py:588} INFO - Filling up the DagBag from /Users/jayesh/Desktop/Personal Work/Movie_data_pipeline/.venv/lib/python3.9/site-packages/airflow/example_dags/example_dataset_alias.py
[2024-12-21T11:56:10.463+0530] {processor.py:925} INFO - DAG(s) 'dataset_alias_example_alias_consumer', 'dataset_s3_bucket_producer', 'dataset_s3_bucket_consumer', 'dataset_alias_example_alias_producer' retrieved from /Users/jayesh/Desktop/Personal Work/Movie_data_pipeline/.venv/lib/python3.9/site-packages/airflow/example_dags/example_dataset_alias.py
[2024-12-21T11:56:10.500+0530] {logging_mixin.py:190} INFO - [2024-12-21T11:56:10.499+0530] {dag.py:3239} INFO - Sync 4 DAGs
[2024-12-21T11:56:10.533+0530] {logging_mixin.py:190} INFO - [2024-12-21T11:56:10.533+0530] {dag.py:4180} INFO - Setting next_dagrun for dataset_alias_example_alias_consumer to None, run_after=None
[2024-12-21T11:56:10.536+0530] {logging_mixin.py:190} INFO - [2024-12-21T11:56:10.536+0530] {dag.py:4180} INFO - Setting next_dagrun for dataset_alias_example_alias_producer to None, run_after=None
[2024-12-21T11:56:10.538+0530] {logging_mixin.py:190} INFO - [2024-12-21T11:56:10.538+0530] {dag.py:4180} INFO - Setting next_dagrun for dataset_s3_bucket_consumer to None, run_after=None
[2024-12-21T11:56:10.541+0530] {logging_mixin.py:190} INFO - [2024-12-21T11:56:10.540+0530] {dag.py:4180} INFO - Setting next_dagrun for dataset_s3_bucket_producer to None, run_after=None
[2024-12-21T11:56:10.575+0530] {processor.py:208} INFO - Processing /Users/jayesh/Desktop/Personal Work/Movie_data_pipeline/.venv/lib/python3.9/site-packages/airflow/example_dags/example_dataset_alias.py took 1.020 seconds
[2024-12-21T11:59:21.040+0530] {processor.py:186} INFO - Started process (PID=7526) to work on /Users/jayesh/Desktop/Personal Work/Movie_data_pipeline/.venv/lib/python3.9/site-packages/airflow/example_dags/example_dataset_alias.py
[2024-12-21T11:59:21.045+0530] {processor.py:914} INFO - Processing file /Users/jayesh/Desktop/Personal Work/Movie_data_pipeline/.venv/lib/python3.9/site-packages/airflow/example_dags/example_dataset_alias.py for tasks to queue
[2024-12-21T11:59:21.048+0530] {logging_mixin.py:190} INFO - [2024-12-21T11:59:21.047+0530] {dagbag.py:588} INFO - Filling up the DagBag from /Users/jayesh/Desktop/Personal Work/Movie_data_pipeline/.venv/lib/python3.9/site-packages/airflow/example_dags/example_dataset_alias.py
[2024-12-21T11:59:22.010+0530] {processor.py:925} INFO - DAG(s) 'dataset_s3_bucket_consumer', 'dataset_alias_example_alias_producer', 'dataset_alias_example_alias_consumer', 'dataset_s3_bucket_producer' retrieved from /Users/jayesh/Desktop/Personal Work/Movie_data_pipeline/.venv/lib/python3.9/site-packages/airflow/example_dags/example_dataset_alias.py
[2024-12-21T11:59:22.056+0530] {logging_mixin.py:190} INFO - [2024-12-21T11:59:22.055+0530] {dag.py:3239} INFO - Sync 4 DAGs
[2024-12-21T11:59:22.101+0530] {logging_mixin.py:190} INFO - [2024-12-21T11:59:22.101+0530] {dag.py:4180} INFO - Setting next_dagrun for dataset_alias_example_alias_consumer to None, run_after=None
[2024-12-21T11:59:22.109+0530] {logging_mixin.py:190} INFO - [2024-12-21T11:59:22.109+0530] {dag.py:4180} INFO - Setting next_dagrun for dataset_alias_example_alias_producer to None, run_after=None
[2024-12-21T11:59:22.112+0530] {logging_mixin.py:190} INFO - [2024-12-21T11:59:22.111+0530] {dag.py:4180} INFO - Setting next_dagrun for dataset_s3_bucket_consumer to None, run_after=None
[2024-12-21T11:59:22.114+0530] {logging_mixin.py:190} INFO - [2024-12-21T11:59:22.114+0530] {dag.py:4180} INFO - Setting next_dagrun for dataset_s3_bucket_producer to None, run_after=None
[2024-12-21T11:59:22.165+0530] {processor.py:208} INFO - Processing /Users/jayesh/Desktop/Personal Work/Movie_data_pipeline/.venv/lib/python3.9/site-packages/airflow/example_dags/example_dataset_alias.py took 1.137 seconds
[2024-12-21T12:02:44.027+0530] {processor.py:186} INFO - Started process (PID=8239) to work on /Users/jayesh/Desktop/Personal Work/Movie_data_pipeline/.venv/lib/python3.9/site-packages/airflow/example_dags/example_dataset_alias.py
[2024-12-21T12:02:44.030+0530] {processor.py:914} INFO - Processing file /Users/jayesh/Desktop/Personal Work/Movie_data_pipeline/.venv/lib/python3.9/site-packages/airflow/example_dags/example_dataset_alias.py for tasks to queue
[2024-12-21T12:02:44.032+0530] {logging_mixin.py:190} INFO - [2024-12-21T12:02:44.032+0530] {dagbag.py:588} INFO - Filling up the DagBag from /Users/jayesh/Desktop/Personal Work/Movie_data_pipeline/.venv/lib/python3.9/site-packages/airflow/example_dags/example_dataset_alias.py
[2024-12-21T12:02:45.509+0530] {processor.py:925} INFO - DAG(s) 'dataset_alias_example_alias_producer', 'dataset_alias_example_alias_consumer', 'dataset_s3_bucket_consumer', 'dataset_s3_bucket_producer' retrieved from /Users/jayesh/Desktop/Personal Work/Movie_data_pipeline/.venv/lib/python3.9/site-packages/airflow/example_dags/example_dataset_alias.py
[2024-12-21T12:02:45.573+0530] {logging_mixin.py:190} INFO - [2024-12-21T12:02:45.571+0530] {dag.py:3239} INFO - Sync 4 DAGs
[2024-12-21T12:02:45.617+0530] {logging_mixin.py:190} INFO - [2024-12-21T12:02:45.617+0530] {dag.py:4180} INFO - Setting next_dagrun for dataset_alias_example_alias_consumer to None, run_after=None
[2024-12-21T12:02:45.621+0530] {logging_mixin.py:190} INFO - [2024-12-21T12:02:45.621+0530] {dag.py:4180} INFO - Setting next_dagrun for dataset_alias_example_alias_producer to None, run_after=None
[2024-12-21T12:02:45.625+0530] {logging_mixin.py:190} INFO - [2024-12-21T12:02:45.625+0530] {dag.py:4180} INFO - Setting next_dagrun for dataset_s3_bucket_consumer to None, run_after=None
[2024-12-21T12:02:45.628+0530] {logging_mixin.py:190} INFO - [2024-12-21T12:02:45.628+0530] {dag.py:4180} INFO - Setting next_dagrun for dataset_s3_bucket_producer to None, run_after=None
[2024-12-21T12:02:45.718+0530] {processor.py:208} INFO - Processing /Users/jayesh/Desktop/Personal Work/Movie_data_pipeline/.venv/lib/python3.9/site-packages/airflow/example_dags/example_dataset_alias.py took 1.697 seconds
[2024-12-21T12:06:13.600+0530] {processor.py:186} INFO - Started process (PID=8988) to work on /Users/jayesh/Desktop/Personal Work/Movie_data_pipeline/.venv/lib/python3.9/site-packages/airflow/example_dags/example_dataset_alias.py
[2024-12-21T12:06:13.605+0530] {processor.py:914} INFO - Processing file /Users/jayesh/Desktop/Personal Work/Movie_data_pipeline/.venv/lib/python3.9/site-packages/airflow/example_dags/example_dataset_alias.py for tasks to queue
[2024-12-21T12:06:13.608+0530] {logging_mixin.py:190} INFO - [2024-12-21T12:06:13.608+0530] {dagbag.py:588} INFO - Filling up the DagBag from /Users/jayesh/Desktop/Personal Work/Movie_data_pipeline/.venv/lib/python3.9/site-packages/airflow/example_dags/example_dataset_alias.py
[2024-12-21T12:06:14.772+0530] {processor.py:925} INFO - DAG(s) 'dataset_s3_bucket_consumer', 'dataset_alias_example_alias_consumer', 'dataset_s3_bucket_producer', 'dataset_alias_example_alias_producer' retrieved from /Users/jayesh/Desktop/Personal Work/Movie_data_pipeline/.venv/lib/python3.9/site-packages/airflow/example_dags/example_dataset_alias.py
[2024-12-21T12:06:14.841+0530] {logging_mixin.py:190} INFO - [2024-12-21T12:06:14.840+0530] {dag.py:3239} INFO - Sync 4 DAGs
[2024-12-21T12:06:14.890+0530] {logging_mixin.py:190} INFO - [2024-12-21T12:06:14.889+0530] {dag.py:4180} INFO - Setting next_dagrun for dataset_alias_example_alias_consumer to None, run_after=None
[2024-12-21T12:06:14.898+0530] {logging_mixin.py:190} INFO - [2024-12-21T12:06:14.897+0530] {dag.py:4180} INFO - Setting next_dagrun for dataset_alias_example_alias_producer to None, run_after=None
[2024-12-21T12:06:14.900+0530] {logging_mixin.py:190} INFO - [2024-12-21T12:06:14.900+0530] {dag.py:4180} INFO - Setting next_dagrun for dataset_s3_bucket_consumer to None, run_after=None
[2024-12-21T12:06:14.902+0530] {logging_mixin.py:190} INFO - [2024-12-21T12:06:14.902+0530] {dag.py:4180} INFO - Setting next_dagrun for dataset_s3_bucket_producer to None, run_after=None
[2024-12-21T12:06:14.987+0530] {processor.py:208} INFO - Processing /Users/jayesh/Desktop/Personal Work/Movie_data_pipeline/.venv/lib/python3.9/site-packages/airflow/example_dags/example_dataset_alias.py took 1.398 seconds
[2024-12-21T22:32:22.743+0530] {processor.py:186} INFO - Started process (PID=16028) to work on /Users/jayesh/Desktop/Personal Work/Movie_data_pipeline/.venv/lib/python3.9/site-packages/airflow/example_dags/example_dataset_alias.py
[2024-12-21T22:32:22.747+0530] {processor.py:914} INFO - Processing file /Users/jayesh/Desktop/Personal Work/Movie_data_pipeline/.venv/lib/python3.9/site-packages/airflow/example_dags/example_dataset_alias.py for tasks to queue
[2024-12-21T22:32:22.759+0530] {logging_mixin.py:190} INFO - [2024-12-21T22:32:22.757+0530] {dagbag.py:588} INFO - Filling up the DagBag from /Users/jayesh/Desktop/Personal Work/Movie_data_pipeline/.venv/lib/python3.9/site-packages/airflow/example_dags/example_dataset_alias.py
[2024-12-21T22:32:23.735+0530] {processor.py:925} INFO - DAG(s) 'dataset_s3_bucket_consumer', 'dataset_s3_bucket_producer', 'dataset_alias_example_alias_producer', 'dataset_alias_example_alias_consumer' retrieved from /Users/jayesh/Desktop/Personal Work/Movie_data_pipeline/.venv/lib/python3.9/site-packages/airflow/example_dags/example_dataset_alias.py
[2024-12-21T22:32:23.784+0530] {logging_mixin.py:190} INFO - [2024-12-21T22:32:23.783+0530] {dag.py:3239} INFO - Sync 4 DAGs
[2024-12-21T22:32:23.823+0530] {logging_mixin.py:190} INFO - [2024-12-21T22:32:23.823+0530] {dag.py:4180} INFO - Setting next_dagrun for dataset_alias_example_alias_consumer to None, run_after=None
[2024-12-21T22:32:23.829+0530] {logging_mixin.py:190} INFO - [2024-12-21T22:32:23.829+0530] {dag.py:4180} INFO - Setting next_dagrun for dataset_alias_example_alias_producer to None, run_after=None
[2024-12-21T22:32:23.832+0530] {logging_mixin.py:190} INFO - [2024-12-21T22:32:23.831+0530] {dag.py:4180} INFO - Setting next_dagrun for dataset_s3_bucket_consumer to None, run_after=None
[2024-12-21T22:32:23.835+0530] {logging_mixin.py:190} INFO - [2024-12-21T22:32:23.834+0530] {dag.py:4180} INFO - Setting next_dagrun for dataset_s3_bucket_producer to None, run_after=None
[2024-12-21T22:32:23.908+0530] {processor.py:208} INFO - Processing /Users/jayesh/Desktop/Personal Work/Movie_data_pipeline/.venv/lib/python3.9/site-packages/airflow/example_dags/example_dataset_alias.py took 1.191 seconds
[2024-12-21T22:32:59.157+0530] {processor.py:186} INFO - Started process (PID=16267) to work on /Users/jayesh/Desktop/Personal Work/Movie_data_pipeline/.venv/lib/python3.9/site-packages/airflow/example_dags/example_dataset_alias.py
[2024-12-21T22:32:59.160+0530] {processor.py:914} INFO - Processing file /Users/jayesh/Desktop/Personal Work/Movie_data_pipeline/.venv/lib/python3.9/site-packages/airflow/example_dags/example_dataset_alias.py for tasks to queue
[2024-12-21T22:32:59.166+0530] {logging_mixin.py:190} INFO - [2024-12-21T22:32:59.165+0530] {dagbag.py:588} INFO - Filling up the DagBag from /Users/jayesh/Desktop/Personal Work/Movie_data_pipeline/.venv/lib/python3.9/site-packages/airflow/example_dags/example_dataset_alias.py
[2024-12-21T22:33:00.771+0530] {processor.py:925} INFO - DAG(s) 'dataset_s3_bucket_producer', 'dataset_s3_bucket_consumer', 'dataset_alias_example_alias_consumer', 'dataset_alias_example_alias_producer' retrieved from /Users/jayesh/Desktop/Personal Work/Movie_data_pipeline/.venv/lib/python3.9/site-packages/airflow/example_dags/example_dataset_alias.py
[2024-12-21T22:33:00.838+0530] {logging_mixin.py:190} INFO - [2024-12-21T22:33:00.837+0530] {dag.py:3239} INFO - Sync 4 DAGs
[2024-12-21T22:33:00.897+0530] {logging_mixin.py:190} INFO - [2024-12-21T22:33:00.896+0530] {dag.py:4180} INFO - Setting next_dagrun for dataset_alias_example_alias_consumer to None, run_after=None
[2024-12-21T22:33:00.903+0530] {logging_mixin.py:190} INFO - [2024-12-21T22:33:00.902+0530] {dag.py:4180} INFO - Setting next_dagrun for dataset_alias_example_alias_producer to None, run_after=None
[2024-12-21T22:33:00.906+0530] {logging_mixin.py:190} INFO - [2024-12-21T22:33:00.905+0530] {dag.py:4180} INFO - Setting next_dagrun for dataset_s3_bucket_consumer to None, run_after=None
[2024-12-21T22:33:00.912+0530] {logging_mixin.py:190} INFO - [2024-12-21T22:33:00.912+0530] {dag.py:4180} INFO - Setting next_dagrun for dataset_s3_bucket_producer to None, run_after=None
[2024-12-21T22:33:00.967+0530] {processor.py:208} INFO - Processing /Users/jayesh/Desktop/Personal Work/Movie_data_pipeline/.venv/lib/python3.9/site-packages/airflow/example_dags/example_dataset_alias.py took 1.829 seconds
[2024-12-21T22:33:31.185+0530] {processor.py:186} INFO - Started process (PID=16477) to work on /Users/jayesh/Desktop/Personal Work/Movie_data_pipeline/.venv/lib/python3.9/site-packages/airflow/example_dags/example_dataset_alias.py
[2024-12-21T22:33:31.188+0530] {processor.py:914} INFO - Processing file /Users/jayesh/Desktop/Personal Work/Movie_data_pipeline/.venv/lib/python3.9/site-packages/airflow/example_dags/example_dataset_alias.py for tasks to queue
[2024-12-21T22:33:31.194+0530] {logging_mixin.py:190} INFO - [2024-12-21T22:33:31.193+0530] {dagbag.py:588} INFO - Filling up the DagBag from /Users/jayesh/Desktop/Personal Work/Movie_data_pipeline/.venv/lib/python3.9/site-packages/airflow/example_dags/example_dataset_alias.py
[2024-12-21T22:33:32.147+0530] {processor.py:925} INFO - DAG(s) 'dataset_alias_example_alias_consumer', 'dataset_s3_bucket_producer', 'dataset_alias_example_alias_producer', 'dataset_s3_bucket_consumer' retrieved from /Users/jayesh/Desktop/Personal Work/Movie_data_pipeline/.venv/lib/python3.9/site-packages/airflow/example_dags/example_dataset_alias.py
[2024-12-21T22:33:32.187+0530] {logging_mixin.py:190} INFO - [2024-12-21T22:33:32.186+0530] {dag.py:3239} INFO - Sync 4 DAGs
[2024-12-21T22:33:32.228+0530] {logging_mixin.py:190} INFO - [2024-12-21T22:33:32.227+0530] {dag.py:4180} INFO - Setting next_dagrun for dataset_alias_example_alias_consumer to None, run_after=None
[2024-12-21T22:33:32.233+0530] {logging_mixin.py:190} INFO - [2024-12-21T22:33:32.232+0530] {dag.py:4180} INFO - Setting next_dagrun for dataset_alias_example_alias_producer to None, run_after=None
[2024-12-21T22:33:32.236+0530] {logging_mixin.py:190} INFO - [2024-12-21T22:33:32.236+0530] {dag.py:4180} INFO - Setting next_dagrun for dataset_s3_bucket_consumer to None, run_after=None
[2024-12-21T22:33:32.239+0530] {logging_mixin.py:190} INFO - [2024-12-21T22:33:32.238+0530] {dag.py:4180} INFO - Setting next_dagrun for dataset_s3_bucket_producer to None, run_after=None
[2024-12-21T22:33:32.532+0530] {processor.py:208} INFO - Processing /Users/jayesh/Desktop/Personal Work/Movie_data_pipeline/.venv/lib/python3.9/site-packages/airflow/example_dags/example_dataset_alias.py took 1.361 seconds
[2024-12-21T23:53:07.307+0530] {processor.py:186} INFO - Started process (PID=18164) to work on /Users/jayesh/Desktop/Personal Work/Movie_data_pipeline/.venv/lib/python3.9/site-packages/airflow/example_dags/example_dataset_alias.py
[2024-12-21T23:53:07.311+0530] {processor.py:914} INFO - Processing file /Users/jayesh/Desktop/Personal Work/Movie_data_pipeline/.venv/lib/python3.9/site-packages/airflow/example_dags/example_dataset_alias.py for tasks to queue
[2024-12-21T23:53:07.319+0530] {logging_mixin.py:190} INFO - [2024-12-21T23:53:07.316+0530] {dagbag.py:588} INFO - Filling up the DagBag from /Users/jayesh/Desktop/Personal Work/Movie_data_pipeline/.venv/lib/python3.9/site-packages/airflow/example_dags/example_dataset_alias.py
[2024-12-21T23:53:08.201+0530] {processor.py:925} INFO - DAG(s) 'dataset_s3_bucket_consumer', 'dataset_alias_example_alias_producer', 'dataset_s3_bucket_producer', 'dataset_alias_example_alias_consumer' retrieved from /Users/jayesh/Desktop/Personal Work/Movie_data_pipeline/.venv/lib/python3.9/site-packages/airflow/example_dags/example_dataset_alias.py
[2024-12-21T23:53:08.246+0530] {logging_mixin.py:190} INFO - [2024-12-21T23:53:08.244+0530] {dag.py:3239} INFO - Sync 4 DAGs
[2024-12-21T23:53:08.297+0530] {logging_mixin.py:190} INFO - [2024-12-21T23:53:08.296+0530] {dag.py:4180} INFO - Setting next_dagrun for dataset_alias_example_alias_consumer to None, run_after=None
[2024-12-21T23:53:08.303+0530] {logging_mixin.py:190} INFO - [2024-12-21T23:53:08.302+0530] {dag.py:4180} INFO - Setting next_dagrun for dataset_alias_example_alias_producer to None, run_after=None
[2024-12-21T23:53:08.305+0530] {logging_mixin.py:190} INFO - [2024-12-21T23:53:08.305+0530] {dag.py:4180} INFO - Setting next_dagrun for dataset_s3_bucket_consumer to None, run_after=None
[2024-12-21T23:53:08.309+0530] {logging_mixin.py:190} INFO - [2024-12-21T23:53:08.308+0530] {dag.py:4180} INFO - Setting next_dagrun for dataset_s3_bucket_producer to None, run_after=None
[2024-12-21T23:53:08.390+0530] {processor.py:208} INFO - Processing /Users/jayesh/Desktop/Personal Work/Movie_data_pipeline/.venv/lib/python3.9/site-packages/airflow/example_dags/example_dataset_alias.py took 1.097 seconds
[2024-12-21T23:53:38.939+0530] {processor.py:186} INFO - Started process (PID=18359) to work on /Users/jayesh/Desktop/Personal Work/Movie_data_pipeline/.venv/lib/python3.9/site-packages/airflow/example_dags/example_dataset_alias.py
[2024-12-21T23:53:38.942+0530] {processor.py:914} INFO - Processing file /Users/jayesh/Desktop/Personal Work/Movie_data_pipeline/.venv/lib/python3.9/site-packages/airflow/example_dags/example_dataset_alias.py for tasks to queue
[2024-12-21T23:53:38.946+0530] {logging_mixin.py:190} INFO - [2024-12-21T23:53:38.945+0530] {dagbag.py:588} INFO - Filling up the DagBag from /Users/jayesh/Desktop/Personal Work/Movie_data_pipeline/.venv/lib/python3.9/site-packages/airflow/example_dags/example_dataset_alias.py
[2024-12-21T23:53:40.043+0530] {processor.py:925} INFO - DAG(s) 'dataset_alias_example_alias_consumer', 'dataset_s3_bucket_consumer', 'dataset_s3_bucket_producer', 'dataset_alias_example_alias_producer' retrieved from /Users/jayesh/Desktop/Personal Work/Movie_data_pipeline/.venv/lib/python3.9/site-packages/airflow/example_dags/example_dataset_alias.py
[2024-12-21T23:53:40.086+0530] {logging_mixin.py:190} INFO - [2024-12-21T23:53:40.086+0530] {dag.py:3239} INFO - Sync 4 DAGs
[2024-12-21T23:53:40.145+0530] {logging_mixin.py:190} INFO - [2024-12-21T23:53:40.144+0530] {dag.py:4180} INFO - Setting next_dagrun for dataset_alias_example_alias_consumer to None, run_after=None
[2024-12-21T23:53:40.155+0530] {logging_mixin.py:190} INFO - [2024-12-21T23:53:40.154+0530] {dag.py:4180} INFO - Setting next_dagrun for dataset_alias_example_alias_producer to None, run_after=None
[2024-12-21T23:53:40.159+0530] {logging_mixin.py:190} INFO - [2024-12-21T23:53:40.159+0530] {dag.py:4180} INFO - Setting next_dagrun for dataset_s3_bucket_consumer to None, run_after=None
[2024-12-21T23:53:40.162+0530] {logging_mixin.py:190} INFO - [2024-12-21T23:53:40.162+0530] {dag.py:4180} INFO - Setting next_dagrun for dataset_s3_bucket_producer to None, run_after=None
[2024-12-21T23:53:40.210+0530] {processor.py:208} INFO - Processing /Users/jayesh/Desktop/Personal Work/Movie_data_pipeline/.venv/lib/python3.9/site-packages/airflow/example_dags/example_dataset_alias.py took 1.289 seconds
