[2024-12-21T10:23:32.542+0530] {processor.py:186} INFO - Started process (PID=2256) to work on /Users/jayesh/Desktop/Personal Work/Movie_data_pipeline/.venv/lib/python3.9/site-packages/airflow/example_dags/example_task_group_decorator.py
[2024-12-21T10:23:32.546+0530] {processor.py:914} INFO - Processing file /Users/jayesh/Desktop/Personal Work/Movie_data_pipeline/.venv/lib/python3.9/site-packages/airflow/example_dags/example_task_group_decorator.py for tasks to queue
[2024-12-21T10:23:32.548+0530] {logging_mixin.py:190} INFO - [2024-12-21T10:23:32.548+0530] {dagbag.py:588} INFO - Filling up the DagBag from /Users/jayesh/Desktop/Personal Work/Movie_data_pipeline/.venv/lib/python3.9/site-packages/airflow/example_dags/example_task_group_decorator.py
[2024-12-21T10:23:32.631+0530] {processor.py:925} INFO - DAG(s) 'example_task_group_decorator' retrieved from /Users/jayesh/Desktop/Personal Work/Movie_data_pipeline/.venv/lib/python3.9/site-packages/airflow/example_dags/example_task_group_decorator.py
[2024-12-21T10:23:32.906+0530] {logging_mixin.py:190} INFO - [2024-12-21T10:23:32.906+0530] {dag.py:3239} INFO - Sync 1 DAGs
[2024-12-21T10:23:32.928+0530] {logging_mixin.py:190} INFO - [2024-12-21T10:23:32.928+0530] {dag.py:4180} INFO - Setting next_dagrun for example_task_group_decorator to None, run_after=None
[2024-12-21T10:23:32.963+0530] {processor.py:208} INFO - Processing /Users/jayesh/Desktop/Personal Work/Movie_data_pipeline/.venv/lib/python3.9/site-packages/airflow/example_dags/example_task_group_decorator.py took 0.430 seconds
[2024-12-21T10:25:53.462+0530] {processor.py:186} INFO - Started process (PID=2600) to work on /Users/jayesh/Desktop/Personal Work/Movie_data_pipeline/.venv/lib/python3.9/site-packages/airflow/example_dags/example_task_group_decorator.py
[2024-12-21T10:25:53.464+0530] {processor.py:914} INFO - Processing file /Users/jayesh/Desktop/Personal Work/Movie_data_pipeline/.venv/lib/python3.9/site-packages/airflow/example_dags/example_task_group_decorator.py for tasks to queue
[2024-12-21T10:25:53.465+0530] {logging_mixin.py:190} INFO - [2024-12-21T10:25:53.465+0530] {dagbag.py:588} INFO - Filling up the DagBag from /Users/jayesh/Desktop/Personal Work/Movie_data_pipeline/.venv/lib/python3.9/site-packages/airflow/example_dags/example_task_group_decorator.py
[2024-12-21T10:25:53.547+0530] {processor.py:925} INFO - DAG(s) 'example_task_group_decorator' retrieved from /Users/jayesh/Desktop/Personal Work/Movie_data_pipeline/.venv/lib/python3.9/site-packages/airflow/example_dags/example_task_group_decorator.py
[2024-12-21T10:25:53.815+0530] {logging_mixin.py:190} INFO - [2024-12-21T10:25:53.814+0530] {dag.py:3239} INFO - Sync 1 DAGs
[2024-12-21T10:25:53.837+0530] {logging_mixin.py:190} INFO - [2024-12-21T10:25:53.837+0530] {dag.py:4180} INFO - Setting next_dagrun for example_task_group_decorator to None, run_after=None
[2024-12-21T10:25:53.874+0530] {processor.py:208} INFO - Processing /Users/jayesh/Desktop/Personal Work/Movie_data_pipeline/.venv/lib/python3.9/site-packages/airflow/example_dags/example_task_group_decorator.py took 0.417 seconds
[2024-12-21T10:27:15.461+0530] {processor.py:186} INFO - Started process (PID=2819) to work on /Users/jayesh/Desktop/Personal Work/Movie_data_pipeline/.venv/lib/python3.9/site-packages/airflow/example_dags/example_task_group_decorator.py
[2024-12-21T10:27:15.462+0530] {processor.py:914} INFO - Processing file /Users/jayesh/Desktop/Personal Work/Movie_data_pipeline/.venv/lib/python3.9/site-packages/airflow/example_dags/example_task_group_decorator.py for tasks to queue
[2024-12-21T10:27:15.463+0530] {logging_mixin.py:190} INFO - [2024-12-21T10:27:15.463+0530] {dagbag.py:588} INFO - Filling up the DagBag from /Users/jayesh/Desktop/Personal Work/Movie_data_pipeline/.venv/lib/python3.9/site-packages/airflow/example_dags/example_task_group_decorator.py
[2024-12-21T10:27:15.526+0530] {processor.py:925} INFO - DAG(s) 'example_task_group_decorator' retrieved from /Users/jayesh/Desktop/Personal Work/Movie_data_pipeline/.venv/lib/python3.9/site-packages/airflow/example_dags/example_task_group_decorator.py
[2024-12-21T10:27:15.796+0530] {logging_mixin.py:190} INFO - [2024-12-21T10:27:15.795+0530] {dag.py:3239} INFO - Sync 1 DAGs
[2024-12-21T10:27:15.818+0530] {logging_mixin.py:190} INFO - [2024-12-21T10:27:15.818+0530] {dag.py:4180} INFO - Setting next_dagrun for example_task_group_decorator to None, run_after=None
[2024-12-21T10:27:15.846+0530] {processor.py:208} INFO - Processing /Users/jayesh/Desktop/Personal Work/Movie_data_pipeline/.venv/lib/python3.9/site-packages/airflow/example_dags/example_task_group_decorator.py took 0.390 seconds
[2024-12-21T10:28:29.086+0530] {processor.py:186} INFO - Started process (PID=3021) to work on /Users/jayesh/Desktop/Personal Work/Movie_data_pipeline/.venv/lib/python3.9/site-packages/airflow/example_dags/example_task_group_decorator.py
[2024-12-21T10:28:29.088+0530] {processor.py:914} INFO - Processing file /Users/jayesh/Desktop/Personal Work/Movie_data_pipeline/.venv/lib/python3.9/site-packages/airflow/example_dags/example_task_group_decorator.py for tasks to queue
[2024-12-21T10:28:29.092+0530] {logging_mixin.py:190} INFO - [2024-12-21T10:28:29.091+0530] {dagbag.py:588} INFO - Filling up the DagBag from /Users/jayesh/Desktop/Personal Work/Movie_data_pipeline/.venv/lib/python3.9/site-packages/airflow/example_dags/example_task_group_decorator.py
[2024-12-21T10:28:29.162+0530] {processor.py:925} INFO - DAG(s) 'example_task_group_decorator' retrieved from /Users/jayesh/Desktop/Personal Work/Movie_data_pipeline/.venv/lib/python3.9/site-packages/airflow/example_dags/example_task_group_decorator.py
[2024-12-21T10:28:29.443+0530] {logging_mixin.py:190} INFO - [2024-12-21T10:28:29.442+0530] {dag.py:3239} INFO - Sync 1 DAGs
[2024-12-21T10:28:29.462+0530] {logging_mixin.py:190} INFO - [2024-12-21T10:28:29.462+0530] {dag.py:4180} INFO - Setting next_dagrun for example_task_group_decorator to None, run_after=None
[2024-12-21T10:28:29.495+0530] {processor.py:208} INFO - Processing /Users/jayesh/Desktop/Personal Work/Movie_data_pipeline/.venv/lib/python3.9/site-packages/airflow/example_dags/example_task_group_decorator.py took 0.417 seconds
[2024-12-21T10:29:50.621+0530] {processor.py:186} INFO - Started process (PID=3257) to work on /Users/jayesh/Desktop/Personal Work/Movie_data_pipeline/.venv/lib/python3.9/site-packages/airflow/example_dags/example_task_group_decorator.py
[2024-12-21T10:29:50.622+0530] {processor.py:914} INFO - Processing file /Users/jayesh/Desktop/Personal Work/Movie_data_pipeline/.venv/lib/python3.9/site-packages/airflow/example_dags/example_task_group_decorator.py for tasks to queue
[2024-12-21T10:29:50.624+0530] {logging_mixin.py:190} INFO - [2024-12-21T10:29:50.624+0530] {dagbag.py:588} INFO - Filling up the DagBag from /Users/jayesh/Desktop/Personal Work/Movie_data_pipeline/.venv/lib/python3.9/site-packages/airflow/example_dags/example_task_group_decorator.py
[2024-12-21T10:29:50.700+0530] {processor.py:925} INFO - DAG(s) 'example_task_group_decorator' retrieved from /Users/jayesh/Desktop/Personal Work/Movie_data_pipeline/.venv/lib/python3.9/site-packages/airflow/example_dags/example_task_group_decorator.py
[2024-12-21T10:29:50.937+0530] {logging_mixin.py:190} INFO - [2024-12-21T10:29:50.936+0530] {dag.py:3239} INFO - Sync 1 DAGs
[2024-12-21T10:29:50.964+0530] {logging_mixin.py:190} INFO - [2024-12-21T10:29:50.964+0530] {dag.py:4180} INFO - Setting next_dagrun for example_task_group_decorator to None, run_after=None
[2024-12-21T10:29:50.993+0530] {processor.py:208} INFO - Processing /Users/jayesh/Desktop/Personal Work/Movie_data_pipeline/.venv/lib/python3.9/site-packages/airflow/example_dags/example_task_group_decorator.py took 0.377 seconds
[2024-12-21T10:48:01.510+0530] {processor.py:186} INFO - Started process (PID=4111) to work on /Users/jayesh/Desktop/Personal Work/Movie_data_pipeline/.venv/lib/python3.9/site-packages/airflow/example_dags/example_task_group_decorator.py
[2024-12-21T10:48:01.513+0530] {processor.py:914} INFO - Processing file /Users/jayesh/Desktop/Personal Work/Movie_data_pipeline/.venv/lib/python3.9/site-packages/airflow/example_dags/example_task_group_decorator.py for tasks to queue
[2024-12-21T10:48:01.515+0530] {logging_mixin.py:190} INFO - [2024-12-21T10:48:01.515+0530] {dagbag.py:588} INFO - Filling up the DagBag from /Users/jayesh/Desktop/Personal Work/Movie_data_pipeline/.venv/lib/python3.9/site-packages/airflow/example_dags/example_task_group_decorator.py
[2024-12-21T10:48:01.588+0530] {processor.py:925} INFO - DAG(s) 'example_task_group_decorator' retrieved from /Users/jayesh/Desktop/Personal Work/Movie_data_pipeline/.venv/lib/python3.9/site-packages/airflow/example_dags/example_task_group_decorator.py
[2024-12-21T10:48:01.837+0530] {logging_mixin.py:190} INFO - [2024-12-21T10:48:01.837+0530] {dag.py:3239} INFO - Sync 1 DAGs
[2024-12-21T10:48:01.865+0530] {logging_mixin.py:190} INFO - [2024-12-21T10:48:01.865+0530] {dag.py:4180} INFO - Setting next_dagrun for example_task_group_decorator to None, run_after=None
[2024-12-21T10:48:01.938+0530] {processor.py:208} INFO - Processing /Users/jayesh/Desktop/Personal Work/Movie_data_pipeline/.venv/lib/python3.9/site-packages/airflow/example_dags/example_task_group_decorator.py took 0.437 seconds
[2024-12-21T10:50:15.163+0530] {processor.py:186} INFO - Started process (PID=4552) to work on /Users/jayesh/Desktop/Personal Work/Movie_data_pipeline/.venv/lib/python3.9/site-packages/airflow/example_dags/example_task_group_decorator.py
[2024-12-21T10:50:15.166+0530] {processor.py:914} INFO - Processing file /Users/jayesh/Desktop/Personal Work/Movie_data_pipeline/.venv/lib/python3.9/site-packages/airflow/example_dags/example_task_group_decorator.py for tasks to queue
[2024-12-21T10:50:15.167+0530] {logging_mixin.py:190} INFO - [2024-12-21T10:50:15.167+0530] {dagbag.py:588} INFO - Filling up the DagBag from /Users/jayesh/Desktop/Personal Work/Movie_data_pipeline/.venv/lib/python3.9/site-packages/airflow/example_dags/example_task_group_decorator.py
[2024-12-21T10:50:15.245+0530] {processor.py:925} INFO - DAG(s) 'example_task_group_decorator' retrieved from /Users/jayesh/Desktop/Personal Work/Movie_data_pipeline/.venv/lib/python3.9/site-packages/airflow/example_dags/example_task_group_decorator.py
[2024-12-21T10:50:15.652+0530] {logging_mixin.py:190} INFO - [2024-12-21T10:50:15.650+0530] {dag.py:3239} INFO - Sync 1 DAGs
[2024-12-21T10:50:15.716+0530] {logging_mixin.py:190} INFO - [2024-12-21T10:50:15.715+0530] {dag.py:4180} INFO - Setting next_dagrun for example_task_group_decorator to None, run_after=None
[2024-12-21T10:50:15.777+0530] {processor.py:208} INFO - Processing /Users/jayesh/Desktop/Personal Work/Movie_data_pipeline/.venv/lib/python3.9/site-packages/airflow/example_dags/example_task_group_decorator.py took 0.619 seconds
[2024-12-21T10:52:03.097+0530] {processor.py:186} INFO - Started process (PID=4926) to work on /Users/jayesh/Desktop/Personal Work/Movie_data_pipeline/.venv/lib/python3.9/site-packages/airflow/example_dags/example_task_group_decorator.py
[2024-12-21T10:52:03.100+0530] {processor.py:914} INFO - Processing file /Users/jayesh/Desktop/Personal Work/Movie_data_pipeline/.venv/lib/python3.9/site-packages/airflow/example_dags/example_task_group_decorator.py for tasks to queue
[2024-12-21T10:52:03.106+0530] {logging_mixin.py:190} INFO - [2024-12-21T10:52:03.105+0530] {dagbag.py:588} INFO - Filling up the DagBag from /Users/jayesh/Desktop/Personal Work/Movie_data_pipeline/.venv/lib/python3.9/site-packages/airflow/example_dags/example_task_group_decorator.py
[2024-12-21T10:52:03.322+0530] {processor.py:925} INFO - DAG(s) 'example_task_group_decorator' retrieved from /Users/jayesh/Desktop/Personal Work/Movie_data_pipeline/.venv/lib/python3.9/site-packages/airflow/example_dags/example_task_group_decorator.py
[2024-12-21T10:52:03.591+0530] {logging_mixin.py:190} INFO - [2024-12-21T10:52:03.590+0530] {dag.py:3239} INFO - Sync 1 DAGs
[2024-12-21T10:52:03.615+0530] {logging_mixin.py:190} INFO - [2024-12-21T10:52:03.614+0530] {dag.py:4180} INFO - Setting next_dagrun for example_task_group_decorator to None, run_after=None
[2024-12-21T10:52:03.648+0530] {processor.py:208} INFO - Processing /Users/jayesh/Desktop/Personal Work/Movie_data_pipeline/.venv/lib/python3.9/site-packages/airflow/example_dags/example_task_group_decorator.py took 0.570 seconds
[2024-12-21T10:53:41.532+0530] {processor.py:186} INFO - Started process (PID=5270) to work on /Users/jayesh/Desktop/Personal Work/Movie_data_pipeline/.venv/lib/python3.9/site-packages/airflow/example_dags/example_task_group_decorator.py
[2024-12-21T10:53:41.533+0530] {processor.py:914} INFO - Processing file /Users/jayesh/Desktop/Personal Work/Movie_data_pipeline/.venv/lib/python3.9/site-packages/airflow/example_dags/example_task_group_decorator.py for tasks to queue
[2024-12-21T10:53:41.536+0530] {logging_mixin.py:190} INFO - [2024-12-21T10:53:41.535+0530] {dagbag.py:588} INFO - Filling up the DagBag from /Users/jayesh/Desktop/Personal Work/Movie_data_pipeline/.venv/lib/python3.9/site-packages/airflow/example_dags/example_task_group_decorator.py
[2024-12-21T10:53:41.674+0530] {processor.py:925} INFO - DAG(s) 'example_task_group_decorator' retrieved from /Users/jayesh/Desktop/Personal Work/Movie_data_pipeline/.venv/lib/python3.9/site-packages/airflow/example_dags/example_task_group_decorator.py
[2024-12-21T10:53:43.233+0530] {logging_mixin.py:190} INFO - [2024-12-21T10:53:43.232+0530] {dag.py:3239} INFO - Sync 1 DAGs
[2024-12-21T10:53:43.409+0530] {logging_mixin.py:190} INFO - [2024-12-21T10:53:43.409+0530] {dag.py:4180} INFO - Setting next_dagrun for example_task_group_decorator to None, run_after=None
[2024-12-21T10:53:43.813+0530] {processor.py:208} INFO - Processing /Users/jayesh/Desktop/Personal Work/Movie_data_pipeline/.venv/lib/python3.9/site-packages/airflow/example_dags/example_task_group_decorator.py took 2.297 seconds
[2024-12-21T11:55:08.726+0530] {processor.py:186} INFO - Started process (PID=6617) to work on /Users/jayesh/Desktop/Personal Work/Movie_data_pipeline/.venv/lib/python3.9/site-packages/airflow/example_dags/example_task_group_decorator.py
[2024-12-21T11:55:08.729+0530] {processor.py:914} INFO - Processing file /Users/jayesh/Desktop/Personal Work/Movie_data_pipeline/.venv/lib/python3.9/site-packages/airflow/example_dags/example_task_group_decorator.py for tasks to queue
[2024-12-21T11:55:08.731+0530] {logging_mixin.py:190} INFO - [2024-12-21T11:55:08.731+0530] {dagbag.py:588} INFO - Filling up the DagBag from /Users/jayesh/Desktop/Personal Work/Movie_data_pipeline/.venv/lib/python3.9/site-packages/airflow/example_dags/example_task_group_decorator.py
[2024-12-21T11:55:08.833+0530] {processor.py:925} INFO - DAG(s) 'example_task_group_decorator' retrieved from /Users/jayesh/Desktop/Personal Work/Movie_data_pipeline/.venv/lib/python3.9/site-packages/airflow/example_dags/example_task_group_decorator.py
[2024-12-21T11:55:09.057+0530] {logging_mixin.py:190} INFO - [2024-12-21T11:55:09.057+0530] {dag.py:3239} INFO - Sync 1 DAGs
[2024-12-21T11:55:09.079+0530] {logging_mixin.py:190} INFO - [2024-12-21T11:55:09.078+0530] {dag.py:4180} INFO - Setting next_dagrun for example_task_group_decorator to None, run_after=None
[2024-12-21T11:55:09.106+0530] {processor.py:208} INFO - Processing /Users/jayesh/Desktop/Personal Work/Movie_data_pipeline/.venv/lib/python3.9/site-packages/airflow/example_dags/example_task_group_decorator.py took 0.387 seconds
[2024-12-21T11:57:14.797+0530] {processor.py:186} INFO - Started process (PID=7067) to work on /Users/jayesh/Desktop/Personal Work/Movie_data_pipeline/.venv/lib/python3.9/site-packages/airflow/example_dags/example_task_group_decorator.py
[2024-12-21T11:57:14.799+0530] {processor.py:914} INFO - Processing file /Users/jayesh/Desktop/Personal Work/Movie_data_pipeline/.venv/lib/python3.9/site-packages/airflow/example_dags/example_task_group_decorator.py for tasks to queue
[2024-12-21T11:57:14.800+0530] {logging_mixin.py:190} INFO - [2024-12-21T11:57:14.800+0530] {dagbag.py:588} INFO - Filling up the DagBag from /Users/jayesh/Desktop/Personal Work/Movie_data_pipeline/.venv/lib/python3.9/site-packages/airflow/example_dags/example_task_group_decorator.py
[2024-12-21T11:57:14.866+0530] {processor.py:925} INFO - DAG(s) 'example_task_group_decorator' retrieved from /Users/jayesh/Desktop/Personal Work/Movie_data_pipeline/.venv/lib/python3.9/site-packages/airflow/example_dags/example_task_group_decorator.py
[2024-12-21T11:57:15.169+0530] {logging_mixin.py:190} INFO - [2024-12-21T11:57:15.168+0530] {dag.py:3239} INFO - Sync 1 DAGs
[2024-12-21T11:57:15.192+0530] {logging_mixin.py:190} INFO - [2024-12-21T11:57:15.192+0530] {dag.py:4180} INFO - Setting next_dagrun for example_task_group_decorator to None, run_after=None
[2024-12-21T11:57:15.223+0530] {processor.py:208} INFO - Processing /Users/jayesh/Desktop/Personal Work/Movie_data_pipeline/.venv/lib/python3.9/site-packages/airflow/example_dags/example_task_group_decorator.py took 0.432 seconds
[2024-12-21T11:58:49.414+0530] {processor.py:186} INFO - Started process (PID=7418) to work on /Users/jayesh/Desktop/Personal Work/Movie_data_pipeline/.venv/lib/python3.9/site-packages/airflow/example_dags/example_task_group_decorator.py
[2024-12-21T11:58:49.417+0530] {processor.py:914} INFO - Processing file /Users/jayesh/Desktop/Personal Work/Movie_data_pipeline/.venv/lib/python3.9/site-packages/airflow/example_dags/example_task_group_decorator.py for tasks to queue
[2024-12-21T11:58:49.419+0530] {logging_mixin.py:190} INFO - [2024-12-21T11:58:49.419+0530] {dagbag.py:588} INFO - Filling up the DagBag from /Users/jayesh/Desktop/Personal Work/Movie_data_pipeline/.venv/lib/python3.9/site-packages/airflow/example_dags/example_task_group_decorator.py
[2024-12-21T11:58:49.491+0530] {processor.py:925} INFO - DAG(s) 'example_task_group_decorator' retrieved from /Users/jayesh/Desktop/Personal Work/Movie_data_pipeline/.venv/lib/python3.9/site-packages/airflow/example_dags/example_task_group_decorator.py
[2024-12-21T11:58:49.762+0530] {logging_mixin.py:190} INFO - [2024-12-21T11:58:49.762+0530] {dag.py:3239} INFO - Sync 1 DAGs
[2024-12-21T11:58:49.789+0530] {logging_mixin.py:190} INFO - [2024-12-21T11:58:49.789+0530] {dag.py:4180} INFO - Setting next_dagrun for example_task_group_decorator to None, run_after=None
[2024-12-21T11:58:49.826+0530] {processor.py:208} INFO - Processing /Users/jayesh/Desktop/Personal Work/Movie_data_pipeline/.venv/lib/python3.9/site-packages/airflow/example_dags/example_task_group_decorator.py took 0.417 seconds
[2024-12-21T12:00:32.396+0530] {processor.py:186} INFO - Started process (PID=7777) to work on /Users/jayesh/Desktop/Personal Work/Movie_data_pipeline/.venv/lib/python3.9/site-packages/airflow/example_dags/example_task_group_decorator.py
[2024-12-21T12:00:32.399+0530] {processor.py:914} INFO - Processing file /Users/jayesh/Desktop/Personal Work/Movie_data_pipeline/.venv/lib/python3.9/site-packages/airflow/example_dags/example_task_group_decorator.py for tasks to queue
[2024-12-21T12:00:32.420+0530] {logging_mixin.py:190} INFO - [2024-12-21T12:00:32.417+0530] {dagbag.py:588} INFO - Filling up the DagBag from /Users/jayesh/Desktop/Personal Work/Movie_data_pipeline/.venv/lib/python3.9/site-packages/airflow/example_dags/example_task_group_decorator.py
[2024-12-21T12:00:32.496+0530] {processor.py:925} INFO - DAG(s) 'example_task_group_decorator' retrieved from /Users/jayesh/Desktop/Personal Work/Movie_data_pipeline/.venv/lib/python3.9/site-packages/airflow/example_dags/example_task_group_decorator.py
[2024-12-21T12:00:32.727+0530] {logging_mixin.py:190} INFO - [2024-12-21T12:00:32.726+0530] {dag.py:3239} INFO - Sync 1 DAGs
[2024-12-21T12:00:32.747+0530] {logging_mixin.py:190} INFO - [2024-12-21T12:00:32.746+0530] {dag.py:4180} INFO - Setting next_dagrun for example_task_group_decorator to None, run_after=None
[2024-12-21T12:00:32.775+0530] {processor.py:208} INFO - Processing /Users/jayesh/Desktop/Personal Work/Movie_data_pipeline/.venv/lib/python3.9/site-packages/airflow/example_dags/example_task_group_decorator.py took 0.384 seconds
[2024-12-21T12:02:09.692+0530] {processor.py:186} INFO - Started process (PID=8124) to work on /Users/jayesh/Desktop/Personal Work/Movie_data_pipeline/.venv/lib/python3.9/site-packages/airflow/example_dags/example_task_group_decorator.py
[2024-12-21T12:02:09.696+0530] {processor.py:914} INFO - Processing file /Users/jayesh/Desktop/Personal Work/Movie_data_pipeline/.venv/lib/python3.9/site-packages/airflow/example_dags/example_task_group_decorator.py for tasks to queue
[2024-12-21T12:02:09.699+0530] {logging_mixin.py:190} INFO - [2024-12-21T12:02:09.698+0530] {dagbag.py:588} INFO - Filling up the DagBag from /Users/jayesh/Desktop/Personal Work/Movie_data_pipeline/.venv/lib/python3.9/site-packages/airflow/example_dags/example_task_group_decorator.py
[2024-12-21T12:02:09.830+0530] {processor.py:925} INFO - DAG(s) 'example_task_group_decorator' retrieved from /Users/jayesh/Desktop/Personal Work/Movie_data_pipeline/.venv/lib/python3.9/site-packages/airflow/example_dags/example_task_group_decorator.py
[2024-12-21T12:02:10.083+0530] {logging_mixin.py:190} INFO - [2024-12-21T12:02:10.082+0530] {dag.py:3239} INFO - Sync 1 DAGs
[2024-12-21T12:02:10.102+0530] {logging_mixin.py:190} INFO - [2024-12-21T12:02:10.102+0530] {dag.py:4180} INFO - Setting next_dagrun for example_task_group_decorator to None, run_after=None
[2024-12-21T12:02:10.132+0530] {processor.py:208} INFO - Processing /Users/jayesh/Desktop/Personal Work/Movie_data_pipeline/.venv/lib/python3.9/site-packages/airflow/example_dags/example_task_group_decorator.py took 0.454 seconds
[2024-12-21T12:03:53.791+0530] {processor.py:186} INFO - Started process (PID=8492) to work on /Users/jayesh/Desktop/Personal Work/Movie_data_pipeline/.venv/lib/python3.9/site-packages/airflow/example_dags/example_task_group_decorator.py
[2024-12-21T12:03:53.795+0530] {processor.py:914} INFO - Processing file /Users/jayesh/Desktop/Personal Work/Movie_data_pipeline/.venv/lib/python3.9/site-packages/airflow/example_dags/example_task_group_decorator.py for tasks to queue
[2024-12-21T12:03:53.798+0530] {logging_mixin.py:190} INFO - [2024-12-21T12:03:53.797+0530] {dagbag.py:588} INFO - Filling up the DagBag from /Users/jayesh/Desktop/Personal Work/Movie_data_pipeline/.venv/lib/python3.9/site-packages/airflow/example_dags/example_task_group_decorator.py
[2024-12-21T12:03:53.880+0530] {processor.py:925} INFO - DAG(s) 'example_task_group_decorator' retrieved from /Users/jayesh/Desktop/Personal Work/Movie_data_pipeline/.venv/lib/python3.9/site-packages/airflow/example_dags/example_task_group_decorator.py
[2024-12-21T12:03:54.202+0530] {logging_mixin.py:190} INFO - [2024-12-21T12:03:54.202+0530] {dag.py:3239} INFO - Sync 1 DAGs
[2024-12-21T12:03:54.230+0530] {logging_mixin.py:190} INFO - [2024-12-21T12:03:54.230+0530] {dag.py:4180} INFO - Setting next_dagrun for example_task_group_decorator to None, run_after=None
[2024-12-21T12:03:54.268+0530] {processor.py:208} INFO - Processing /Users/jayesh/Desktop/Personal Work/Movie_data_pipeline/.venv/lib/python3.9/site-packages/airflow/example_dags/example_task_group_decorator.py took 0.486 seconds
[2024-12-21T12:05:42.555+0530] {processor.py:186} INFO - Started process (PID=8864) to work on /Users/jayesh/Desktop/Personal Work/Movie_data_pipeline/.venv/lib/python3.9/site-packages/airflow/example_dags/example_task_group_decorator.py
[2024-12-21T12:05:42.559+0530] {processor.py:914} INFO - Processing file /Users/jayesh/Desktop/Personal Work/Movie_data_pipeline/.venv/lib/python3.9/site-packages/airflow/example_dags/example_task_group_decorator.py for tasks to queue
[2024-12-21T12:05:42.560+0530] {logging_mixin.py:190} INFO - [2024-12-21T12:05:42.560+0530] {dagbag.py:588} INFO - Filling up the DagBag from /Users/jayesh/Desktop/Personal Work/Movie_data_pipeline/.venv/lib/python3.9/site-packages/airflow/example_dags/example_task_group_decorator.py
[2024-12-21T12:05:42.629+0530] {processor.py:925} INFO - DAG(s) 'example_task_group_decorator' retrieved from /Users/jayesh/Desktop/Personal Work/Movie_data_pipeline/.venv/lib/python3.9/site-packages/airflow/example_dags/example_task_group_decorator.py
[2024-12-21T12:05:42.867+0530] {logging_mixin.py:190} INFO - [2024-12-21T12:05:42.866+0530] {dag.py:3239} INFO - Sync 1 DAGs
[2024-12-21T12:05:42.888+0530] {logging_mixin.py:190} INFO - [2024-12-21T12:05:42.888+0530] {dag.py:4180} INFO - Setting next_dagrun for example_task_group_decorator to None, run_after=None
[2024-12-21T12:05:42.921+0530] {processor.py:208} INFO - Processing /Users/jayesh/Desktop/Personal Work/Movie_data_pipeline/.venv/lib/python3.9/site-packages/airflow/example_dags/example_task_group_decorator.py took 0.370 seconds
[2024-12-21T22:32:13.672+0530] {processor.py:186} INFO - Started process (PID=15921) to work on /Users/jayesh/Desktop/Personal Work/Movie_data_pipeline/.venv/lib/python3.9/site-packages/airflow/example_dags/example_task_group_decorator.py
[2024-12-21T22:32:13.676+0530] {processor.py:914} INFO - Processing file /Users/jayesh/Desktop/Personal Work/Movie_data_pipeline/.venv/lib/python3.9/site-packages/airflow/example_dags/example_task_group_decorator.py for tasks to queue
[2024-12-21T22:32:13.687+0530] {logging_mixin.py:190} INFO - [2024-12-21T22:32:13.684+0530] {dagbag.py:588} INFO - Filling up the DagBag from /Users/jayesh/Desktop/Personal Work/Movie_data_pipeline/.venv/lib/python3.9/site-packages/airflow/example_dags/example_task_group_decorator.py
[2024-12-21T22:32:13.753+0530] {processor.py:925} INFO - DAG(s) 'example_task_group_decorator' retrieved from /Users/jayesh/Desktop/Personal Work/Movie_data_pipeline/.venv/lib/python3.9/site-packages/airflow/example_dags/example_task_group_decorator.py
[2024-12-21T22:32:13.917+0530] {logging_mixin.py:190} INFO - [2024-12-21T22:32:13.916+0530] {dag.py:3239} INFO - Sync 1 DAGs
[2024-12-21T22:32:14.277+0530] {logging_mixin.py:190} INFO - [2024-12-21T22:32:14.276+0530] {dag.py:4180} INFO - Setting next_dagrun for example_task_group_decorator to None, run_after=None
[2024-12-21T22:32:14.341+0530] {processor.py:208} INFO - Processing /Users/jayesh/Desktop/Personal Work/Movie_data_pipeline/.venv/lib/python3.9/site-packages/airflow/example_dags/example_task_group_decorator.py took 0.692 seconds
[2024-12-21T22:32:46.278+0530] {processor.py:186} INFO - Started process (PID=16170) to work on /Users/jayesh/Desktop/Personal Work/Movie_data_pipeline/.venv/lib/python3.9/site-packages/airflow/example_dags/example_task_group_decorator.py
[2024-12-21T22:32:46.283+0530] {processor.py:914} INFO - Processing file /Users/jayesh/Desktop/Personal Work/Movie_data_pipeline/.venv/lib/python3.9/site-packages/airflow/example_dags/example_task_group_decorator.py for tasks to queue
[2024-12-21T22:32:46.293+0530] {logging_mixin.py:190} INFO - [2024-12-21T22:32:46.289+0530] {dagbag.py:588} INFO - Filling up the DagBag from /Users/jayesh/Desktop/Personal Work/Movie_data_pipeline/.venv/lib/python3.9/site-packages/airflow/example_dags/example_task_group_decorator.py
[2024-12-21T22:32:46.448+0530] {processor.py:925} INFO - DAG(s) 'example_task_group_decorator' retrieved from /Users/jayesh/Desktop/Personal Work/Movie_data_pipeline/.venv/lib/python3.9/site-packages/airflow/example_dags/example_task_group_decorator.py
[2024-12-21T22:32:46.715+0530] {logging_mixin.py:190} INFO - [2024-12-21T22:32:46.714+0530] {dag.py:3239} INFO - Sync 1 DAGs
[2024-12-21T22:32:46.767+0530] {logging_mixin.py:190} INFO - [2024-12-21T22:32:46.766+0530] {dag.py:4180} INFO - Setting next_dagrun for example_task_group_decorator to None, run_after=None
[2024-12-21T22:32:46.846+0530] {processor.py:208} INFO - Processing /Users/jayesh/Desktop/Personal Work/Movie_data_pipeline/.venv/lib/python3.9/site-packages/airflow/example_dags/example_task_group_decorator.py took 0.593 seconds
[2024-12-21T22:33:17.597+0530] {processor.py:186} INFO - Started process (PID=16372) to work on /Users/jayesh/Desktop/Personal Work/Movie_data_pipeline/.venv/lib/python3.9/site-packages/airflow/example_dags/example_task_group_decorator.py
[2024-12-21T22:33:17.600+0530] {processor.py:914} INFO - Processing file /Users/jayesh/Desktop/Personal Work/Movie_data_pipeline/.venv/lib/python3.9/site-packages/airflow/example_dags/example_task_group_decorator.py for tasks to queue
[2024-12-21T22:33:17.605+0530] {logging_mixin.py:190} INFO - [2024-12-21T22:33:17.604+0530] {dagbag.py:588} INFO - Filling up the DagBag from /Users/jayesh/Desktop/Personal Work/Movie_data_pipeline/.venv/lib/python3.9/site-packages/airflow/example_dags/example_task_group_decorator.py
[2024-12-21T22:33:17.641+0530] {processor.py:925} INFO - DAG(s) 'example_task_group_decorator' retrieved from /Users/jayesh/Desktop/Personal Work/Movie_data_pipeline/.venv/lib/python3.9/site-packages/airflow/example_dags/example_task_group_decorator.py
[2024-12-21T22:33:17.733+0530] {logging_mixin.py:190} INFO - [2024-12-21T22:33:17.732+0530] {dag.py:3239} INFO - Sync 1 DAGs
[2024-12-21T22:33:17.761+0530] {logging_mixin.py:190} INFO - [2024-12-21T22:33:17.760+0530] {dag.py:4180} INFO - Setting next_dagrun for example_task_group_decorator to None, run_after=None
[2024-12-21T22:33:17.796+0530] {processor.py:208} INFO - Processing /Users/jayesh/Desktop/Personal Work/Movie_data_pipeline/.venv/lib/python3.9/site-packages/airflow/example_dags/example_task_group_decorator.py took 0.215 seconds
[2024-12-21T23:52:54.313+0530] {processor.py:186} INFO - Started process (PID=18031) to work on /Users/jayesh/Desktop/Personal Work/Movie_data_pipeline/.venv/lib/python3.9/site-packages/airflow/example_dags/example_task_group_decorator.py
[2024-12-21T23:52:54.317+0530] {processor.py:914} INFO - Processing file /Users/jayesh/Desktop/Personal Work/Movie_data_pipeline/.venv/lib/python3.9/site-packages/airflow/example_dags/example_task_group_decorator.py for tasks to queue
[2024-12-21T23:52:54.326+0530] {logging_mixin.py:190} INFO - [2024-12-21T23:52:54.325+0530] {dagbag.py:588} INFO - Filling up the DagBag from /Users/jayesh/Desktop/Personal Work/Movie_data_pipeline/.venv/lib/python3.9/site-packages/airflow/example_dags/example_task_group_decorator.py
[2024-12-21T23:52:54.477+0530] {processor.py:925} INFO - DAG(s) 'example_task_group_decorator' retrieved from /Users/jayesh/Desktop/Personal Work/Movie_data_pipeline/.venv/lib/python3.9/site-packages/airflow/example_dags/example_task_group_decorator.py
[2024-12-21T23:52:54.726+0530] {logging_mixin.py:190} INFO - [2024-12-21T23:52:54.725+0530] {dag.py:3239} INFO - Sync 1 DAGs
[2024-12-21T23:52:54.786+0530] {logging_mixin.py:190} INFO - [2024-12-21T23:52:54.785+0530] {dag.py:4180} INFO - Setting next_dagrun for example_task_group_decorator to None, run_after=None
[2024-12-21T23:52:54.891+0530] {processor.py:208} INFO - Processing /Users/jayesh/Desktop/Personal Work/Movie_data_pipeline/.venv/lib/python3.9/site-packages/airflow/example_dags/example_task_group_decorator.py took 0.597 seconds
[2024-12-21T23:53:25.091+0530] {processor.py:186} INFO - Started process (PID=18269) to work on /Users/jayesh/Desktop/Personal Work/Movie_data_pipeline/.venv/lib/python3.9/site-packages/airflow/example_dags/example_task_group_decorator.py
[2024-12-21T23:53:25.094+0530] {processor.py:914} INFO - Processing file /Users/jayesh/Desktop/Personal Work/Movie_data_pipeline/.venv/lib/python3.9/site-packages/airflow/example_dags/example_task_group_decorator.py for tasks to queue
[2024-12-21T23:53:25.100+0530] {logging_mixin.py:190} INFO - [2024-12-21T23:53:25.099+0530] {dagbag.py:588} INFO - Filling up the DagBag from /Users/jayesh/Desktop/Personal Work/Movie_data_pipeline/.venv/lib/python3.9/site-packages/airflow/example_dags/example_task_group_decorator.py
[2024-12-21T23:53:25.146+0530] {processor.py:925} INFO - DAG(s) 'example_task_group_decorator' retrieved from /Users/jayesh/Desktop/Personal Work/Movie_data_pipeline/.venv/lib/python3.9/site-packages/airflow/example_dags/example_task_group_decorator.py
[2024-12-21T23:53:25.249+0530] {logging_mixin.py:190} INFO - [2024-12-21T23:53:25.248+0530] {dag.py:3239} INFO - Sync 1 DAGs
[2024-12-21T23:53:25.291+0530] {logging_mixin.py:190} INFO - [2024-12-21T23:53:25.290+0530] {dag.py:4180} INFO - Setting next_dagrun for example_task_group_decorator to None, run_after=None
[2024-12-21T23:53:25.330+0530] {processor.py:208} INFO - Processing /Users/jayesh/Desktop/Personal Work/Movie_data_pipeline/.venv/lib/python3.9/site-packages/airflow/example_dags/example_task_group_decorator.py took 0.254 seconds
