[2024-12-21T10:24:14.298+0530] {processor.py:186} INFO - Started process (PID=2367) to work on /Users/jayesh/Desktop/Personal Work/Movie_data_pipeline/.venv/lib/python3.9/site-packages/airflow/example_dags/example_nested_branch_dag.py
[2024-12-21T10:24:14.299+0530] {processor.py:914} INFO - Processing file /Users/jayesh/Desktop/Personal Work/Movie_data_pipeline/.venv/lib/python3.9/site-packages/airflow/example_dags/example_nested_branch_dag.py for tasks to queue
[2024-12-21T10:24:14.301+0530] {logging_mixin.py:190} INFO - [2024-12-21T10:24:14.300+0530] {dagbag.py:588} INFO - Filling up the DagBag from /Users/jayesh/Desktop/Personal Work/Movie_data_pipeline/.venv/lib/python3.9/site-packages/airflow/example_dags/example_nested_branch_dag.py
[2024-12-21T10:24:14.367+0530] {processor.py:925} INFO - DAG(s) 'example_nested_branch_dag' retrieved from /Users/jayesh/Desktop/Personal Work/Movie_data_pipeline/.venv/lib/python3.9/site-packages/airflow/example_dags/example_nested_branch_dag.py
[2024-12-21T10:24:14.768+0530] {logging_mixin.py:190} INFO - [2024-12-21T10:24:14.768+0530] {dag.py:3239} INFO - Sync 1 DAGs
[2024-12-21T10:24:14.817+0530] {logging_mixin.py:190} INFO - [2024-12-21T10:24:14.817+0530] {dag.py:4180} INFO - Setting next_dagrun for example_nested_branch_dag to 2024-12-20 00:00:00+00:00, run_after=2024-12-21 00:00:00+00:00
[2024-12-21T10:24:14.924+0530] {processor.py:208} INFO - Processing /Users/jayesh/Desktop/Personal Work/Movie_data_pipeline/.venv/lib/python3.9/site-packages/airflow/example_dags/example_nested_branch_dag.py took 0.631 seconds
[2024-12-21T10:26:23.540+0530] {processor.py:186} INFO - Started process (PID=2682) to work on /Users/jayesh/Desktop/Personal Work/Movie_data_pipeline/.venv/lib/python3.9/site-packages/airflow/example_dags/example_nested_branch_dag.py
[2024-12-21T10:26:23.543+0530] {processor.py:914} INFO - Processing file /Users/jayesh/Desktop/Personal Work/Movie_data_pipeline/.venv/lib/python3.9/site-packages/airflow/example_dags/example_nested_branch_dag.py for tasks to queue
[2024-12-21T10:26:23.544+0530] {logging_mixin.py:190} INFO - [2024-12-21T10:26:23.544+0530] {dagbag.py:588} INFO - Filling up the DagBag from /Users/jayesh/Desktop/Personal Work/Movie_data_pipeline/.venv/lib/python3.9/site-packages/airflow/example_dags/example_nested_branch_dag.py
[2024-12-21T10:26:23.602+0530] {processor.py:925} INFO - DAG(s) 'example_nested_branch_dag' retrieved from /Users/jayesh/Desktop/Personal Work/Movie_data_pipeline/.venv/lib/python3.9/site-packages/airflow/example_dags/example_nested_branch_dag.py
[2024-12-21T10:26:23.882+0530] {logging_mixin.py:190} INFO - [2024-12-21T10:26:23.882+0530] {dag.py:3239} INFO - Sync 1 DAGs
[2024-12-21T10:26:23.929+0530] {logging_mixin.py:190} INFO - [2024-12-21T10:26:23.928+0530] {dag.py:4180} INFO - Setting next_dagrun for example_nested_branch_dag to 2024-12-20 00:00:00+00:00, run_after=2024-12-21 00:00:00+00:00
[2024-12-21T10:26:23.967+0530] {processor.py:208} INFO - Processing /Users/jayesh/Desktop/Personal Work/Movie_data_pipeline/.venv/lib/python3.9/site-packages/airflow/example_dags/example_nested_branch_dag.py took 0.432 seconds
[2024-12-21T10:28:57.831+0530] {processor.py:186} INFO - Started process (PID=3106) to work on /Users/jayesh/Desktop/Personal Work/Movie_data_pipeline/.venv/lib/python3.9/site-packages/airflow/example_dags/example_nested_branch_dag.py
[2024-12-21T10:28:57.833+0530] {processor.py:914} INFO - Processing file /Users/jayesh/Desktop/Personal Work/Movie_data_pipeline/.venv/lib/python3.9/site-packages/airflow/example_dags/example_nested_branch_dag.py for tasks to queue
[2024-12-21T10:28:57.834+0530] {logging_mixin.py:190} INFO - [2024-12-21T10:28:57.834+0530] {dagbag.py:588} INFO - Filling up the DagBag from /Users/jayesh/Desktop/Personal Work/Movie_data_pipeline/.venv/lib/python3.9/site-packages/airflow/example_dags/example_nested_branch_dag.py
[2024-12-21T10:28:57.890+0530] {processor.py:925} INFO - DAG(s) 'example_nested_branch_dag' retrieved from /Users/jayesh/Desktop/Personal Work/Movie_data_pipeline/.venv/lib/python3.9/site-packages/airflow/example_dags/example_nested_branch_dag.py
[2024-12-21T10:28:58.114+0530] {logging_mixin.py:190} INFO - [2024-12-21T10:28:58.114+0530] {dag.py:3239} INFO - Sync 1 DAGs
[2024-12-21T10:28:58.149+0530] {logging_mixin.py:190} INFO - [2024-12-21T10:28:58.148+0530] {dag.py:4180} INFO - Setting next_dagrun for example_nested_branch_dag to 2024-12-20 00:00:00+00:00, run_after=2024-12-21 00:00:00+00:00
[2024-12-21T10:28:58.174+0530] {processor.py:208} INFO - Processing /Users/jayesh/Desktop/Personal Work/Movie_data_pipeline/.venv/lib/python3.9/site-packages/airflow/example_dags/example_nested_branch_dag.py took 0.348 seconds
[2024-12-21T10:48:34.026+0530] {processor.py:186} INFO - Started process (PID=4227) to work on /Users/jayesh/Desktop/Personal Work/Movie_data_pipeline/.venv/lib/python3.9/site-packages/airflow/example_dags/example_nested_branch_dag.py
[2024-12-21T10:48:34.028+0530] {processor.py:914} INFO - Processing file /Users/jayesh/Desktop/Personal Work/Movie_data_pipeline/.venv/lib/python3.9/site-packages/airflow/example_dags/example_nested_branch_dag.py for tasks to queue
[2024-12-21T10:48:34.029+0530] {logging_mixin.py:190} INFO - [2024-12-21T10:48:34.029+0530] {dagbag.py:588} INFO - Filling up the DagBag from /Users/jayesh/Desktop/Personal Work/Movie_data_pipeline/.venv/lib/python3.9/site-packages/airflow/example_dags/example_nested_branch_dag.py
[2024-12-21T10:48:34.084+0530] {processor.py:925} INFO - DAG(s) 'example_nested_branch_dag' retrieved from /Users/jayesh/Desktop/Personal Work/Movie_data_pipeline/.venv/lib/python3.9/site-packages/airflow/example_dags/example_nested_branch_dag.py
[2024-12-21T10:48:34.302+0530] {logging_mixin.py:190} INFO - [2024-12-21T10:48:34.301+0530] {dag.py:3239} INFO - Sync 1 DAGs
[2024-12-21T10:48:34.337+0530] {logging_mixin.py:190} INFO - [2024-12-21T10:48:34.336+0530] {dag.py:4180} INFO - Setting next_dagrun for example_nested_branch_dag to 2024-12-20 00:00:00+00:00, run_after=2024-12-21 00:00:00+00:00
[2024-12-21T10:48:34.448+0530] {processor.py:208} INFO - Processing /Users/jayesh/Desktop/Personal Work/Movie_data_pipeline/.venv/lib/python3.9/site-packages/airflow/example_dags/example_nested_branch_dag.py took 0.427 seconds
[2024-12-21T10:50:56.521+0530] {processor.py:186} INFO - Started process (PID=4696) to work on /Users/jayesh/Desktop/Personal Work/Movie_data_pipeline/.venv/lib/python3.9/site-packages/airflow/example_dags/example_nested_branch_dag.py
[2024-12-21T10:50:56.523+0530] {processor.py:914} INFO - Processing file /Users/jayesh/Desktop/Personal Work/Movie_data_pipeline/.venv/lib/python3.9/site-packages/airflow/example_dags/example_nested_branch_dag.py for tasks to queue
[2024-12-21T10:50:56.526+0530] {logging_mixin.py:190} INFO - [2024-12-21T10:50:56.525+0530] {dagbag.py:588} INFO - Filling up the DagBag from /Users/jayesh/Desktop/Personal Work/Movie_data_pipeline/.venv/lib/python3.9/site-packages/airflow/example_dags/example_nested_branch_dag.py
[2024-12-21T10:50:56.585+0530] {processor.py:925} INFO - DAG(s) 'example_nested_branch_dag' retrieved from /Users/jayesh/Desktop/Personal Work/Movie_data_pipeline/.venv/lib/python3.9/site-packages/airflow/example_dags/example_nested_branch_dag.py
[2024-12-21T10:50:56.847+0530] {logging_mixin.py:190} INFO - [2024-12-21T10:50:56.847+0530] {dag.py:3239} INFO - Sync 1 DAGs
[2024-12-21T10:50:56.890+0530] {logging_mixin.py:190} INFO - [2024-12-21T10:50:56.889+0530] {dag.py:4180} INFO - Setting next_dagrun for example_nested_branch_dag to 2024-12-20 00:00:00+00:00, run_after=2024-12-21 00:00:00+00:00
[2024-12-21T10:50:56.945+0530] {processor.py:208} INFO - Processing /Users/jayesh/Desktop/Personal Work/Movie_data_pipeline/.venv/lib/python3.9/site-packages/airflow/example_dags/example_nested_branch_dag.py took 0.433 seconds
[2024-12-21T11:55:44.813+0530] {processor.py:186} INFO - Started process (PID=6743) to work on /Users/jayesh/Desktop/Personal Work/Movie_data_pipeline/.venv/lib/python3.9/site-packages/airflow/example_dags/example_nested_branch_dag.py
[2024-12-21T11:55:44.816+0530] {processor.py:914} INFO - Processing file /Users/jayesh/Desktop/Personal Work/Movie_data_pipeline/.venv/lib/python3.9/site-packages/airflow/example_dags/example_nested_branch_dag.py for tasks to queue
[2024-12-21T11:55:44.818+0530] {logging_mixin.py:190} INFO - [2024-12-21T11:55:44.818+0530] {dagbag.py:588} INFO - Filling up the DagBag from /Users/jayesh/Desktop/Personal Work/Movie_data_pipeline/.venv/lib/python3.9/site-packages/airflow/example_dags/example_nested_branch_dag.py
[2024-12-21T11:55:44.890+0530] {processor.py:925} INFO - DAG(s) 'example_nested_branch_dag' retrieved from /Users/jayesh/Desktop/Personal Work/Movie_data_pipeline/.venv/lib/python3.9/site-packages/airflow/example_dags/example_nested_branch_dag.py
[2024-12-21T11:55:45.194+0530] {logging_mixin.py:190} INFO - [2024-12-21T11:55:45.194+0530] {dag.py:3239} INFO - Sync 1 DAGs
[2024-12-21T11:55:45.233+0530] {logging_mixin.py:190} INFO - [2024-12-21T11:55:45.233+0530] {dag.py:4180} INFO - Setting next_dagrun for example_nested_branch_dag to 2024-12-20 00:00:00+00:00, run_after=2024-12-21 00:00:00+00:00
[2024-12-21T11:55:45.262+0530] {processor.py:208} INFO - Processing /Users/jayesh/Desktop/Personal Work/Movie_data_pipeline/.venv/lib/python3.9/site-packages/airflow/example_dags/example_nested_branch_dag.py took 0.455 seconds
[2024-12-21T11:57:56.739+0530] {processor.py:186} INFO - Started process (PID=7220) to work on /Users/jayesh/Desktop/Personal Work/Movie_data_pipeline/.venv/lib/python3.9/site-packages/airflow/example_dags/example_nested_branch_dag.py
[2024-12-21T11:57:56.741+0530] {processor.py:914} INFO - Processing file /Users/jayesh/Desktop/Personal Work/Movie_data_pipeline/.venv/lib/python3.9/site-packages/airflow/example_dags/example_nested_branch_dag.py for tasks to queue
[2024-12-21T11:57:56.743+0530] {logging_mixin.py:190} INFO - [2024-12-21T11:57:56.743+0530] {dagbag.py:588} INFO - Filling up the DagBag from /Users/jayesh/Desktop/Personal Work/Movie_data_pipeline/.venv/lib/python3.9/site-packages/airflow/example_dags/example_nested_branch_dag.py
[2024-12-21T11:57:56.805+0530] {processor.py:925} INFO - DAG(s) 'example_nested_branch_dag' retrieved from /Users/jayesh/Desktop/Personal Work/Movie_data_pipeline/.venv/lib/python3.9/site-packages/airflow/example_dags/example_nested_branch_dag.py
[2024-12-21T11:57:57.072+0530] {logging_mixin.py:190} INFO - [2024-12-21T11:57:57.071+0530] {dag.py:3239} INFO - Sync 1 DAGs
[2024-12-21T11:57:57.114+0530] {logging_mixin.py:190} INFO - [2024-12-21T11:57:57.112+0530] {dag.py:4180} INFO - Setting next_dagrun for example_nested_branch_dag to 2024-12-20 00:00:00+00:00, run_after=2024-12-21 00:00:00+00:00
[2024-12-21T11:57:57.152+0530] {processor.py:208} INFO - Processing /Users/jayesh/Desktop/Personal Work/Movie_data_pipeline/.venv/lib/python3.9/site-packages/airflow/example_dags/example_nested_branch_dag.py took 0.419 seconds
[2024-12-21T12:01:09.200+0530] {processor.py:186} INFO - Started process (PID=7907) to work on /Users/jayesh/Desktop/Personal Work/Movie_data_pipeline/.venv/lib/python3.9/site-packages/airflow/example_dags/example_nested_branch_dag.py
[2024-12-21T12:01:09.204+0530] {processor.py:914} INFO - Processing file /Users/jayesh/Desktop/Personal Work/Movie_data_pipeline/.venv/lib/python3.9/site-packages/airflow/example_dags/example_nested_branch_dag.py for tasks to queue
[2024-12-21T12:01:09.206+0530] {logging_mixin.py:190} INFO - [2024-12-21T12:01:09.206+0530] {dagbag.py:588} INFO - Filling up the DagBag from /Users/jayesh/Desktop/Personal Work/Movie_data_pipeline/.venv/lib/python3.9/site-packages/airflow/example_dags/example_nested_branch_dag.py
[2024-12-21T12:01:09.266+0530] {processor.py:925} INFO - DAG(s) 'example_nested_branch_dag' retrieved from /Users/jayesh/Desktop/Personal Work/Movie_data_pipeline/.venv/lib/python3.9/site-packages/airflow/example_dags/example_nested_branch_dag.py
[2024-12-21T12:01:09.710+0530] {logging_mixin.py:190} INFO - [2024-12-21T12:01:09.710+0530] {dag.py:3239} INFO - Sync 1 DAGs
[2024-12-21T12:01:09.768+0530] {logging_mixin.py:190} INFO - [2024-12-21T12:01:09.767+0530] {dag.py:4180} INFO - Setting next_dagrun for example_nested_branch_dag to 2024-12-20 00:00:00+00:00, run_after=2024-12-21 00:00:00+00:00
[2024-12-21T12:01:09.808+0530] {processor.py:208} INFO - Processing /Users/jayesh/Desktop/Personal Work/Movie_data_pipeline/.venv/lib/python3.9/site-packages/airflow/example_dags/example_nested_branch_dag.py took 0.618 seconds
[2024-12-21T12:04:47.041+0530] {processor.py:186} INFO - Started process (PID=8663) to work on /Users/jayesh/Desktop/Personal Work/Movie_data_pipeline/.venv/lib/python3.9/site-packages/airflow/example_dags/example_nested_branch_dag.py
[2024-12-21T12:04:47.045+0530] {processor.py:914} INFO - Processing file /Users/jayesh/Desktop/Personal Work/Movie_data_pipeline/.venv/lib/python3.9/site-packages/airflow/example_dags/example_nested_branch_dag.py for tasks to queue
[2024-12-21T12:04:47.047+0530] {logging_mixin.py:190} INFO - [2024-12-21T12:04:47.046+0530] {dagbag.py:588} INFO - Filling up the DagBag from /Users/jayesh/Desktop/Personal Work/Movie_data_pipeline/.venv/lib/python3.9/site-packages/airflow/example_dags/example_nested_branch_dag.py
[2024-12-21T12:04:47.136+0530] {processor.py:925} INFO - DAG(s) 'example_nested_branch_dag' retrieved from /Users/jayesh/Desktop/Personal Work/Movie_data_pipeline/.venv/lib/python3.9/site-packages/airflow/example_dags/example_nested_branch_dag.py
[2024-12-21T12:04:47.421+0530] {logging_mixin.py:190} INFO - [2024-12-21T12:04:47.420+0530] {dag.py:3239} INFO - Sync 1 DAGs
[2024-12-21T12:04:47.457+0530] {logging_mixin.py:190} INFO - [2024-12-21T12:04:47.456+0530] {dag.py:4180} INFO - Setting next_dagrun for example_nested_branch_dag to 2024-12-20 00:00:00+00:00, run_after=2024-12-21 00:00:00+00:00
[2024-12-21T12:04:47.484+0530] {processor.py:208} INFO - Processing /Users/jayesh/Desktop/Personal Work/Movie_data_pipeline/.venv/lib/python3.9/site-packages/airflow/example_dags/example_nested_branch_dag.py took 0.451 seconds
[2024-12-21T22:32:18.533+0530] {processor.py:186} INFO - Started process (PID=15984) to work on /Users/jayesh/Desktop/Personal Work/Movie_data_pipeline/.venv/lib/python3.9/site-packages/airflow/example_dags/example_nested_branch_dag.py
[2024-12-21T22:32:18.537+0530] {processor.py:914} INFO - Processing file /Users/jayesh/Desktop/Personal Work/Movie_data_pipeline/.venv/lib/python3.9/site-packages/airflow/example_dags/example_nested_branch_dag.py for tasks to queue
[2024-12-21T22:32:18.548+0530] {logging_mixin.py:190} INFO - [2024-12-21T22:32:18.546+0530] {dagbag.py:588} INFO - Filling up the DagBag from /Users/jayesh/Desktop/Personal Work/Movie_data_pipeline/.venv/lib/python3.9/site-packages/airflow/example_dags/example_nested_branch_dag.py
[2024-12-21T22:32:18.593+0530] {processor.py:925} INFO - DAG(s) 'example_nested_branch_dag' retrieved from /Users/jayesh/Desktop/Personal Work/Movie_data_pipeline/.venv/lib/python3.9/site-packages/airflow/example_dags/example_nested_branch_dag.py
[2024-12-21T22:32:18.780+0530] {logging_mixin.py:190} INFO - [2024-12-21T22:32:18.779+0530] {dag.py:3239} INFO - Sync 1 DAGs
[2024-12-21T22:32:18.877+0530] {logging_mixin.py:190} INFO - [2024-12-21T22:32:18.877+0530] {dag.py:4180} INFO - Setting next_dagrun for example_nested_branch_dag to 2024-12-20 00:00:00+00:00, run_after=2024-12-21 00:00:00+00:00
[2024-12-21T22:32:18.990+0530] {processor.py:208} INFO - Processing /Users/jayesh/Desktop/Personal Work/Movie_data_pipeline/.venv/lib/python3.9/site-packages/airflow/example_dags/example_nested_branch_dag.py took 0.481 seconds
[2024-12-21T22:32:52.702+0530] {processor.py:186} INFO - Started process (PID=16224) to work on /Users/jayesh/Desktop/Personal Work/Movie_data_pipeline/.venv/lib/python3.9/site-packages/airflow/example_dags/example_nested_branch_dag.py
[2024-12-21T22:32:52.707+0530] {processor.py:914} INFO - Processing file /Users/jayesh/Desktop/Personal Work/Movie_data_pipeline/.venv/lib/python3.9/site-packages/airflow/example_dags/example_nested_branch_dag.py for tasks to queue
[2024-12-21T22:32:52.722+0530] {logging_mixin.py:190} INFO - [2024-12-21T22:32:52.720+0530] {dagbag.py:588} INFO - Filling up the DagBag from /Users/jayesh/Desktop/Personal Work/Movie_data_pipeline/.venv/lib/python3.9/site-packages/airflow/example_dags/example_nested_branch_dag.py
[2024-12-21T22:32:52.789+0530] {processor.py:925} INFO - DAG(s) 'example_nested_branch_dag' retrieved from /Users/jayesh/Desktop/Personal Work/Movie_data_pipeline/.venv/lib/python3.9/site-packages/airflow/example_dags/example_nested_branch_dag.py
[2024-12-21T22:32:53.062+0530] {logging_mixin.py:190} INFO - [2024-12-21T22:32:53.061+0530] {dag.py:3239} INFO - Sync 1 DAGs
[2024-12-21T22:32:53.152+0530] {logging_mixin.py:190} INFO - [2024-12-21T22:32:53.152+0530] {dag.py:4180} INFO - Setting next_dagrun for example_nested_branch_dag to 2024-12-20 00:00:00+00:00, run_after=2024-12-21 00:00:00+00:00
[2024-12-21T22:32:53.232+0530] {processor.py:208} INFO - Processing /Users/jayesh/Desktop/Personal Work/Movie_data_pipeline/.venv/lib/python3.9/site-packages/airflow/example_dags/example_nested_branch_dag.py took 0.668 seconds
[2024-12-21T22:33:23.722+0530] {processor.py:186} INFO - Started process (PID=16426) to work on /Users/jayesh/Desktop/Personal Work/Movie_data_pipeline/.venv/lib/python3.9/site-packages/airflow/example_dags/example_nested_branch_dag.py
[2024-12-21T22:33:23.725+0530] {processor.py:914} INFO - Processing file /Users/jayesh/Desktop/Personal Work/Movie_data_pipeline/.venv/lib/python3.9/site-packages/airflow/example_dags/example_nested_branch_dag.py for tasks to queue
[2024-12-21T22:33:23.731+0530] {logging_mixin.py:190} INFO - [2024-12-21T22:33:23.729+0530] {dagbag.py:588} INFO - Filling up the DagBag from /Users/jayesh/Desktop/Personal Work/Movie_data_pipeline/.venv/lib/python3.9/site-packages/airflow/example_dags/example_nested_branch_dag.py
[2024-12-21T22:33:23.756+0530] {processor.py:925} INFO - DAG(s) 'example_nested_branch_dag' retrieved from /Users/jayesh/Desktop/Personal Work/Movie_data_pipeline/.venv/lib/python3.9/site-packages/airflow/example_dags/example_nested_branch_dag.py
[2024-12-21T22:33:23.835+0530] {logging_mixin.py:190} INFO - [2024-12-21T22:33:23.834+0530] {dag.py:3239} INFO - Sync 1 DAGs
[2024-12-21T22:33:23.881+0530] {logging_mixin.py:190} INFO - [2024-12-21T22:33:23.880+0530] {dag.py:4180} INFO - Setting next_dagrun for example_nested_branch_dag to 2024-12-20 00:00:00+00:00, run_after=2024-12-21 00:00:00+00:00
[2024-12-21T22:33:23.910+0530] {processor.py:208} INFO - Processing /Users/jayesh/Desktop/Personal Work/Movie_data_pipeline/.venv/lib/python3.9/site-packages/airflow/example_dags/example_nested_branch_dag.py took 0.199 seconds
[2024-12-21T23:53:01.325+0530] {processor.py:186} INFO - Started process (PID=18107) to work on /Users/jayesh/Desktop/Personal Work/Movie_data_pipeline/.venv/lib/python3.9/site-packages/airflow/example_dags/example_nested_branch_dag.py
[2024-12-21T23:53:01.330+0530] {processor.py:914} INFO - Processing file /Users/jayesh/Desktop/Personal Work/Movie_data_pipeline/.venv/lib/python3.9/site-packages/airflow/example_dags/example_nested_branch_dag.py for tasks to queue
[2024-12-21T23:53:01.339+0530] {logging_mixin.py:190} INFO - [2024-12-21T23:53:01.337+0530] {dagbag.py:588} INFO - Filling up the DagBag from /Users/jayesh/Desktop/Personal Work/Movie_data_pipeline/.venv/lib/python3.9/site-packages/airflow/example_dags/example_nested_branch_dag.py
[2024-12-21T23:53:01.401+0530] {processor.py:925} INFO - DAG(s) 'example_nested_branch_dag' retrieved from /Users/jayesh/Desktop/Personal Work/Movie_data_pipeline/.venv/lib/python3.9/site-packages/airflow/example_dags/example_nested_branch_dag.py
[2024-12-21T23:53:01.637+0530] {logging_mixin.py:190} INFO - [2024-12-21T23:53:01.636+0530] {dag.py:3239} INFO - Sync 1 DAGs
[2024-12-21T23:53:01.867+0530] {logging_mixin.py:190} INFO - [2024-12-21T23:53:01.865+0530] {dag.py:4180} INFO - Setting next_dagrun for example_nested_branch_dag to 2024-12-20 00:00:00+00:00, run_after=2024-12-21 00:00:00+00:00
[2024-12-21T23:53:02.053+0530] {processor.py:208} INFO - Processing /Users/jayesh/Desktop/Personal Work/Movie_data_pipeline/.venv/lib/python3.9/site-packages/airflow/example_dags/example_nested_branch_dag.py took 0.751 seconds
[2024-12-21T23:53:32.144+0530] {processor.py:186} INFO - Started process (PID=18320) to work on /Users/jayesh/Desktop/Personal Work/Movie_data_pipeline/.venv/lib/python3.9/site-packages/airflow/example_dags/example_nested_branch_dag.py
[2024-12-21T23:53:32.147+0530] {processor.py:914} INFO - Processing file /Users/jayesh/Desktop/Personal Work/Movie_data_pipeline/.venv/lib/python3.9/site-packages/airflow/example_dags/example_nested_branch_dag.py for tasks to queue
[2024-12-21T23:53:32.158+0530] {logging_mixin.py:190} INFO - [2024-12-21T23:53:32.156+0530] {dagbag.py:588} INFO - Filling up the DagBag from /Users/jayesh/Desktop/Personal Work/Movie_data_pipeline/.venv/lib/python3.9/site-packages/airflow/example_dags/example_nested_branch_dag.py
[2024-12-21T23:53:32.193+0530] {processor.py:925} INFO - DAG(s) 'example_nested_branch_dag' retrieved from /Users/jayesh/Desktop/Personal Work/Movie_data_pipeline/.venv/lib/python3.9/site-packages/airflow/example_dags/example_nested_branch_dag.py
[2024-12-21T23:53:32.280+0530] {logging_mixin.py:190} INFO - [2024-12-21T23:53:32.279+0530] {dag.py:3239} INFO - Sync 1 DAGs
[2024-12-21T23:53:32.342+0530] {logging_mixin.py:190} INFO - [2024-12-21T23:53:32.341+0530] {dag.py:4180} INFO - Setting next_dagrun for example_nested_branch_dag to 2024-12-20 00:00:00+00:00, run_after=2024-12-21 00:00:00+00:00
[2024-12-21T23:53:32.386+0530] {processor.py:208} INFO - Processing /Users/jayesh/Desktop/Personal Work/Movie_data_pipeline/.venv/lib/python3.9/site-packages/airflow/example_dags/example_nested_branch_dag.py took 0.262 seconds
