[2024-12-21T10:23:29.651+0530] {processor.py:186} INFO - Started process (PID=2246) to work on /Users/jayesh/Desktop/Personal Work/Movie_data_pipeline/.venv/lib/python3.9/site-packages/airflow/example_dags/example_time_delta_sensor_async.py
[2024-12-21T10:23:29.655+0530] {processor.py:914} INFO - Processing file /Users/jayesh/Desktop/Personal Work/Movie_data_pipeline/.venv/lib/python3.9/site-packages/airflow/example_dags/example_time_delta_sensor_async.py for tasks to queue
[2024-12-21T10:23:29.656+0530] {logging_mixin.py:190} INFO - [2024-12-21T10:23:29.656+0530] {dagbag.py:588} INFO - Filling up the DagBag from /Users/jayesh/Desktop/Personal Work/Movie_data_pipeline/.venv/lib/python3.9/site-packages/airflow/example_dags/example_time_delta_sensor_async.py
[2024-12-21T10:23:29.667+0530] {processor.py:925} INFO - DAG(s) 'example_time_delta_sensor_async' retrieved from /Users/jayesh/Desktop/Personal Work/Movie_data_pipeline/.venv/lib/python3.9/site-packages/airflow/example_dags/example_time_delta_sensor_async.py
[2024-12-21T10:23:31.131+0530] {logging_mixin.py:190} INFO - [2024-12-21T10:23:31.130+0530] {dag.py:3239} INFO - Sync 1 DAGs
[2024-12-21T10:23:31.161+0530] {logging_mixin.py:190} INFO - [2024-12-21T10:23:31.160+0530] {dag.py:4180} INFO - Setting next_dagrun for example_time_delta_sensor_async to None, run_after=None
[2024-12-21T10:23:31.195+0530] {processor.py:208} INFO - Processing /Users/jayesh/Desktop/Personal Work/Movie_data_pipeline/.venv/lib/python3.9/site-packages/airflow/example_dags/example_time_delta_sensor_async.py took 1.553 seconds
[2024-12-21T10:25:50.760+0530] {processor.py:186} INFO - Started process (PID=2593) to work on /Users/jayesh/Desktop/Personal Work/Movie_data_pipeline/.venv/lib/python3.9/site-packages/airflow/example_dags/example_time_delta_sensor_async.py
[2024-12-21T10:25:50.761+0530] {processor.py:914} INFO - Processing file /Users/jayesh/Desktop/Personal Work/Movie_data_pipeline/.venv/lib/python3.9/site-packages/airflow/example_dags/example_time_delta_sensor_async.py for tasks to queue
[2024-12-21T10:25:50.762+0530] {logging_mixin.py:190} INFO - [2024-12-21T10:25:50.762+0530] {dagbag.py:588} INFO - Filling up the DagBag from /Users/jayesh/Desktop/Personal Work/Movie_data_pipeline/.venv/lib/python3.9/site-packages/airflow/example_dags/example_time_delta_sensor_async.py
[2024-12-21T10:25:50.777+0530] {processor.py:925} INFO - DAG(s) 'example_time_delta_sensor_async' retrieved from /Users/jayesh/Desktop/Personal Work/Movie_data_pipeline/.venv/lib/python3.9/site-packages/airflow/example_dags/example_time_delta_sensor_async.py
[2024-12-21T10:25:51.925+0530] {logging_mixin.py:190} INFO - [2024-12-21T10:25:51.924+0530] {dag.py:3239} INFO - Sync 1 DAGs
[2024-12-21T10:25:51.948+0530] {logging_mixin.py:190} INFO - [2024-12-21T10:25:51.948+0530] {dag.py:4180} INFO - Setting next_dagrun for example_time_delta_sensor_async to None, run_after=None
[2024-12-21T10:25:51.983+0530] {processor.py:208} INFO - Processing /Users/jayesh/Desktop/Personal Work/Movie_data_pipeline/.venv/lib/python3.9/site-packages/airflow/example_dags/example_time_delta_sensor_async.py took 1.230 seconds
[2024-12-21T10:27:12.377+0530] {processor.py:186} INFO - Started process (PID=2812) to work on /Users/jayesh/Desktop/Personal Work/Movie_data_pipeline/.venv/lib/python3.9/site-packages/airflow/example_dags/example_time_delta_sensor_async.py
[2024-12-21T10:27:12.379+0530] {processor.py:914} INFO - Processing file /Users/jayesh/Desktop/Personal Work/Movie_data_pipeline/.venv/lib/python3.9/site-packages/airflow/example_dags/example_time_delta_sensor_async.py for tasks to queue
[2024-12-21T10:27:12.381+0530] {logging_mixin.py:190} INFO - [2024-12-21T10:27:12.381+0530] {dagbag.py:588} INFO - Filling up the DagBag from /Users/jayesh/Desktop/Personal Work/Movie_data_pipeline/.venv/lib/python3.9/site-packages/airflow/example_dags/example_time_delta_sensor_async.py
[2024-12-21T10:27:12.395+0530] {processor.py:925} INFO - DAG(s) 'example_time_delta_sensor_async' retrieved from /Users/jayesh/Desktop/Personal Work/Movie_data_pipeline/.venv/lib/python3.9/site-packages/airflow/example_dags/example_time_delta_sensor_async.py
[2024-12-21T10:27:13.733+0530] {logging_mixin.py:190} INFO - [2024-12-21T10:27:13.732+0530] {dag.py:3239} INFO - Sync 1 DAGs
[2024-12-21T10:27:13.759+0530] {logging_mixin.py:190} INFO - [2024-12-21T10:27:13.758+0530] {dag.py:4180} INFO - Setting next_dagrun for example_time_delta_sensor_async to None, run_after=None
[2024-12-21T10:27:13.788+0530] {processor.py:208} INFO - Processing /Users/jayesh/Desktop/Personal Work/Movie_data_pipeline/.venv/lib/python3.9/site-packages/airflow/example_dags/example_time_delta_sensor_async.py took 1.417 seconds
[2024-12-21T10:28:26.425+0530] {processor.py:186} INFO - Started process (PID=3017) to work on /Users/jayesh/Desktop/Personal Work/Movie_data_pipeline/.venv/lib/python3.9/site-packages/airflow/example_dags/example_time_delta_sensor_async.py
[2024-12-21T10:28:26.426+0530] {processor.py:914} INFO - Processing file /Users/jayesh/Desktop/Personal Work/Movie_data_pipeline/.venv/lib/python3.9/site-packages/airflow/example_dags/example_time_delta_sensor_async.py for tasks to queue
[2024-12-21T10:28:26.428+0530] {logging_mixin.py:190} INFO - [2024-12-21T10:28:26.427+0530] {dagbag.py:588} INFO - Filling up the DagBag from /Users/jayesh/Desktop/Personal Work/Movie_data_pipeline/.venv/lib/python3.9/site-packages/airflow/example_dags/example_time_delta_sensor_async.py
[2024-12-21T10:28:26.439+0530] {processor.py:925} INFO - DAG(s) 'example_time_delta_sensor_async' retrieved from /Users/jayesh/Desktop/Personal Work/Movie_data_pipeline/.venv/lib/python3.9/site-packages/airflow/example_dags/example_time_delta_sensor_async.py
[2024-12-21T10:28:27.720+0530] {logging_mixin.py:190} INFO - [2024-12-21T10:28:27.720+0530] {dag.py:3239} INFO - Sync 1 DAGs
[2024-12-21T10:28:27.792+0530] {logging_mixin.py:190} INFO - [2024-12-21T10:28:27.792+0530] {dag.py:4180} INFO - Setting next_dagrun for example_time_delta_sensor_async to None, run_after=None
[2024-12-21T10:28:27.829+0530] {processor.py:208} INFO - Processing /Users/jayesh/Desktop/Personal Work/Movie_data_pipeline/.venv/lib/python3.9/site-packages/airflow/example_dags/example_time_delta_sensor_async.py took 1.409 seconds
[2024-12-21T10:29:46.414+0530] {processor.py:186} INFO - Started process (PID=3248) to work on /Users/jayesh/Desktop/Personal Work/Movie_data_pipeline/.venv/lib/python3.9/site-packages/airflow/example_dags/example_time_delta_sensor_async.py
[2024-12-21T10:29:46.416+0530] {processor.py:914} INFO - Processing file /Users/jayesh/Desktop/Personal Work/Movie_data_pipeline/.venv/lib/python3.9/site-packages/airflow/example_dags/example_time_delta_sensor_async.py for tasks to queue
[2024-12-21T10:29:46.417+0530] {logging_mixin.py:190} INFO - [2024-12-21T10:29:46.417+0530] {dagbag.py:588} INFO - Filling up the DagBag from /Users/jayesh/Desktop/Personal Work/Movie_data_pipeline/.venv/lib/python3.9/site-packages/airflow/example_dags/example_time_delta_sensor_async.py
[2024-12-21T10:29:46.433+0530] {processor.py:925} INFO - DAG(s) 'example_time_delta_sensor_async' retrieved from /Users/jayesh/Desktop/Personal Work/Movie_data_pipeline/.venv/lib/python3.9/site-packages/airflow/example_dags/example_time_delta_sensor_async.py
[2024-12-21T10:29:47.716+0530] {logging_mixin.py:190} INFO - [2024-12-21T10:29:47.715+0530] {dag.py:3239} INFO - Sync 1 DAGs
[2024-12-21T10:29:47.737+0530] {logging_mixin.py:190} INFO - [2024-12-21T10:29:47.737+0530] {dag.py:4180} INFO - Setting next_dagrun for example_time_delta_sensor_async to None, run_after=None
[2024-12-21T10:29:47.766+0530] {processor.py:208} INFO - Processing /Users/jayesh/Desktop/Personal Work/Movie_data_pipeline/.venv/lib/python3.9/site-packages/airflow/example_dags/example_time_delta_sensor_async.py took 1.358 seconds
[2024-12-21T10:47:56.407+0530] {processor.py:186} INFO - Started process (PID=4100) to work on /Users/jayesh/Desktop/Personal Work/Movie_data_pipeline/.venv/lib/python3.9/site-packages/airflow/example_dags/example_time_delta_sensor_async.py
[2024-12-21T10:47:56.411+0530] {processor.py:914} INFO - Processing file /Users/jayesh/Desktop/Personal Work/Movie_data_pipeline/.venv/lib/python3.9/site-packages/airflow/example_dags/example_time_delta_sensor_async.py for tasks to queue
[2024-12-21T10:47:56.416+0530] {logging_mixin.py:190} INFO - [2024-12-21T10:47:56.416+0530] {dagbag.py:588} INFO - Filling up the DagBag from /Users/jayesh/Desktop/Personal Work/Movie_data_pipeline/.venv/lib/python3.9/site-packages/airflow/example_dags/example_time_delta_sensor_async.py
[2024-12-21T10:47:56.438+0530] {processor.py:925} INFO - DAG(s) 'example_time_delta_sensor_async' retrieved from /Users/jayesh/Desktop/Personal Work/Movie_data_pipeline/.venv/lib/python3.9/site-packages/airflow/example_dags/example_time_delta_sensor_async.py
[2024-12-21T10:47:59.734+0530] {logging_mixin.py:190} INFO - [2024-12-21T10:47:59.734+0530] {dag.py:3239} INFO - Sync 1 DAGs
[2024-12-21T10:47:59.757+0530] {logging_mixin.py:190} INFO - [2024-12-21T10:47:59.756+0530] {dag.py:4180} INFO - Setting next_dagrun for example_time_delta_sensor_async to None, run_after=None
[2024-12-21T10:47:59.788+0530] {processor.py:208} INFO - Processing /Users/jayesh/Desktop/Personal Work/Movie_data_pipeline/.venv/lib/python3.9/site-packages/airflow/example_dags/example_time_delta_sensor_async.py took 3.396 seconds
[2024-12-21T10:50:11.724+0530] {processor.py:186} INFO - Started process (PID=4538) to work on /Users/jayesh/Desktop/Personal Work/Movie_data_pipeline/.venv/lib/python3.9/site-packages/airflow/example_dags/example_time_delta_sensor_async.py
[2024-12-21T10:50:11.726+0530] {processor.py:914} INFO - Processing file /Users/jayesh/Desktop/Personal Work/Movie_data_pipeline/.venv/lib/python3.9/site-packages/airflow/example_dags/example_time_delta_sensor_async.py for tasks to queue
[2024-12-21T10:50:11.727+0530] {logging_mixin.py:190} INFO - [2024-12-21T10:50:11.727+0530] {dagbag.py:588} INFO - Filling up the DagBag from /Users/jayesh/Desktop/Personal Work/Movie_data_pipeline/.venv/lib/python3.9/site-packages/airflow/example_dags/example_time_delta_sensor_async.py
[2024-12-21T10:50:11.741+0530] {processor.py:925} INFO - DAG(s) 'example_time_delta_sensor_async' retrieved from /Users/jayesh/Desktop/Personal Work/Movie_data_pipeline/.venv/lib/python3.9/site-packages/airflow/example_dags/example_time_delta_sensor_async.py
[2024-12-21T10:50:13.039+0530] {logging_mixin.py:190} INFO - [2024-12-21T10:50:13.039+0530] {dag.py:3239} INFO - Sync 1 DAGs
[2024-12-21T10:50:13.059+0530] {logging_mixin.py:190} INFO - [2024-12-21T10:50:13.059+0530] {dag.py:4180} INFO - Setting next_dagrun for example_time_delta_sensor_async to None, run_after=None
[2024-12-21T10:50:13.086+0530] {processor.py:208} INFO - Processing /Users/jayesh/Desktop/Personal Work/Movie_data_pipeline/.venv/lib/python3.9/site-packages/airflow/example_dags/example_time_delta_sensor_async.py took 1.368 seconds
[2024-12-21T10:51:59.206+0530] {processor.py:186} INFO - Started process (PID=4917) to work on /Users/jayesh/Desktop/Personal Work/Movie_data_pipeline/.venv/lib/python3.9/site-packages/airflow/example_dags/example_time_delta_sensor_async.py
[2024-12-21T10:51:59.207+0530] {processor.py:914} INFO - Processing file /Users/jayesh/Desktop/Personal Work/Movie_data_pipeline/.venv/lib/python3.9/site-packages/airflow/example_dags/example_time_delta_sensor_async.py for tasks to queue
[2024-12-21T10:51:59.209+0530] {logging_mixin.py:190} INFO - [2024-12-21T10:51:59.209+0530] {dagbag.py:588} INFO - Filling up the DagBag from /Users/jayesh/Desktop/Personal Work/Movie_data_pipeline/.venv/lib/python3.9/site-packages/airflow/example_dags/example_time_delta_sensor_async.py
[2024-12-21T10:51:59.242+0530] {processor.py:925} INFO - DAG(s) 'example_time_delta_sensor_async' retrieved from /Users/jayesh/Desktop/Personal Work/Movie_data_pipeline/.venv/lib/python3.9/site-packages/airflow/example_dags/example_time_delta_sensor_async.py
[2024-12-21T10:52:00.863+0530] {logging_mixin.py:190} INFO - [2024-12-21T10:52:00.862+0530] {dag.py:3239} INFO - Sync 1 DAGs
[2024-12-21T10:52:00.882+0530] {logging_mixin.py:190} INFO - [2024-12-21T10:52:00.882+0530] {dag.py:4180} INFO - Setting next_dagrun for example_time_delta_sensor_async to None, run_after=None
[2024-12-21T10:52:00.910+0530] {processor.py:208} INFO - Processing /Users/jayesh/Desktop/Personal Work/Movie_data_pipeline/.venv/lib/python3.9/site-packages/airflow/example_dags/example_time_delta_sensor_async.py took 1.712 seconds
[2024-12-21T10:53:34.242+0530] {processor.py:186} INFO - Started process (PID=5258) to work on /Users/jayesh/Desktop/Personal Work/Movie_data_pipeline/.venv/lib/python3.9/site-packages/airflow/example_dags/example_time_delta_sensor_async.py
[2024-12-21T10:53:34.243+0530] {processor.py:914} INFO - Processing file /Users/jayesh/Desktop/Personal Work/Movie_data_pipeline/.venv/lib/python3.9/site-packages/airflow/example_dags/example_time_delta_sensor_async.py for tasks to queue
[2024-12-21T10:53:34.245+0530] {logging_mixin.py:190} INFO - [2024-12-21T10:53:34.245+0530] {dagbag.py:588} INFO - Filling up the DagBag from /Users/jayesh/Desktop/Personal Work/Movie_data_pipeline/.venv/lib/python3.9/site-packages/airflow/example_dags/example_time_delta_sensor_async.py
[2024-12-21T10:53:34.259+0530] {processor.py:925} INFO - DAG(s) 'example_time_delta_sensor_async' retrieved from /Users/jayesh/Desktop/Personal Work/Movie_data_pipeline/.venv/lib/python3.9/site-packages/airflow/example_dags/example_time_delta_sensor_async.py
[2024-12-21T10:53:36.944+0530] {logging_mixin.py:190} INFO - [2024-12-21T10:53:36.936+0530] {dag.py:3239} INFO - Sync 1 DAGs
[2024-12-21T10:53:37.086+0530] {logging_mixin.py:190} INFO - [2024-12-21T10:53:37.085+0530] {dag.py:4180} INFO - Setting next_dagrun for example_time_delta_sensor_async to None, run_after=None
[2024-12-21T10:53:37.219+0530] {processor.py:208} INFO - Processing /Users/jayesh/Desktop/Personal Work/Movie_data_pipeline/.venv/lib/python3.9/site-packages/airflow/example_dags/example_time_delta_sensor_async.py took 2.989 seconds
[2024-12-21T11:55:06.207+0530] {processor.py:186} INFO - Started process (PID=6604) to work on /Users/jayesh/Desktop/Personal Work/Movie_data_pipeline/.venv/lib/python3.9/site-packages/airflow/example_dags/example_time_delta_sensor_async.py
[2024-12-21T11:55:06.209+0530] {processor.py:914} INFO - Processing file /Users/jayesh/Desktop/Personal Work/Movie_data_pipeline/.venv/lib/python3.9/site-packages/airflow/example_dags/example_time_delta_sensor_async.py for tasks to queue
[2024-12-21T11:55:06.211+0530] {logging_mixin.py:190} INFO - [2024-12-21T11:55:06.211+0530] {dagbag.py:588} INFO - Filling up the DagBag from /Users/jayesh/Desktop/Personal Work/Movie_data_pipeline/.venv/lib/python3.9/site-packages/airflow/example_dags/example_time_delta_sensor_async.py
[2024-12-21T11:55:06.224+0530] {processor.py:925} INFO - DAG(s) 'example_time_delta_sensor_async' retrieved from /Users/jayesh/Desktop/Personal Work/Movie_data_pipeline/.venv/lib/python3.9/site-packages/airflow/example_dags/example_time_delta_sensor_async.py
[2024-12-21T11:55:07.471+0530] {logging_mixin.py:190} INFO - [2024-12-21T11:55:07.471+0530] {dag.py:3239} INFO - Sync 1 DAGs
[2024-12-21T11:55:07.493+0530] {logging_mixin.py:190} INFO - [2024-12-21T11:55:07.493+0530] {dag.py:4180} INFO - Setting next_dagrun for example_time_delta_sensor_async to None, run_after=None
[2024-12-21T11:55:07.520+0530] {processor.py:208} INFO - Processing /Users/jayesh/Desktop/Personal Work/Movie_data_pipeline/.venv/lib/python3.9/site-packages/airflow/example_dags/example_time_delta_sensor_async.py took 1.318 seconds
[2024-12-21T11:57:10.622+0530] {processor.py:186} INFO - Started process (PID=7051) to work on /Users/jayesh/Desktop/Personal Work/Movie_data_pipeline/.venv/lib/python3.9/site-packages/airflow/example_dags/example_time_delta_sensor_async.py
[2024-12-21T11:57:10.624+0530] {processor.py:914} INFO - Processing file /Users/jayesh/Desktop/Personal Work/Movie_data_pipeline/.venv/lib/python3.9/site-packages/airflow/example_dags/example_time_delta_sensor_async.py for tasks to queue
[2024-12-21T11:57:10.625+0530] {logging_mixin.py:190} INFO - [2024-12-21T11:57:10.625+0530] {dagbag.py:588} INFO - Filling up the DagBag from /Users/jayesh/Desktop/Personal Work/Movie_data_pipeline/.venv/lib/python3.9/site-packages/airflow/example_dags/example_time_delta_sensor_async.py
[2024-12-21T11:57:10.639+0530] {processor.py:925} INFO - DAG(s) 'example_time_delta_sensor_async' retrieved from /Users/jayesh/Desktop/Personal Work/Movie_data_pipeline/.venv/lib/python3.9/site-packages/airflow/example_dags/example_time_delta_sensor_async.py
[2024-12-21T11:57:12.115+0530] {logging_mixin.py:190} INFO - [2024-12-21T11:57:12.114+0530] {dag.py:3239} INFO - Sync 1 DAGs
[2024-12-21T11:57:12.135+0530] {logging_mixin.py:190} INFO - [2024-12-21T11:57:12.134+0530] {dag.py:4180} INFO - Setting next_dagrun for example_time_delta_sensor_async to None, run_after=None
[2024-12-21T11:57:12.165+0530] {processor.py:208} INFO - Processing /Users/jayesh/Desktop/Personal Work/Movie_data_pipeline/.venv/lib/python3.9/site-packages/airflow/example_dags/example_time_delta_sensor_async.py took 1.548 seconds
[2024-12-21T11:58:45.835+0530] {processor.py:186} INFO - Started process (PID=7401) to work on /Users/jayesh/Desktop/Personal Work/Movie_data_pipeline/.venv/lib/python3.9/site-packages/airflow/example_dags/example_time_delta_sensor_async.py
[2024-12-21T11:58:45.837+0530] {processor.py:914} INFO - Processing file /Users/jayesh/Desktop/Personal Work/Movie_data_pipeline/.venv/lib/python3.9/site-packages/airflow/example_dags/example_time_delta_sensor_async.py for tasks to queue
[2024-12-21T11:58:45.839+0530] {logging_mixin.py:190} INFO - [2024-12-21T11:58:45.839+0530] {dagbag.py:588} INFO - Filling up the DagBag from /Users/jayesh/Desktop/Personal Work/Movie_data_pipeline/.venv/lib/python3.9/site-packages/airflow/example_dags/example_time_delta_sensor_async.py
[2024-12-21T11:58:45.857+0530] {processor.py:925} INFO - DAG(s) 'example_time_delta_sensor_async' retrieved from /Users/jayesh/Desktop/Personal Work/Movie_data_pipeline/.venv/lib/python3.9/site-packages/airflow/example_dags/example_time_delta_sensor_async.py
[2024-12-21T11:58:47.049+0530] {logging_mixin.py:190} INFO - [2024-12-21T11:58:47.049+0530] {dag.py:3239} INFO - Sync 1 DAGs
[2024-12-21T11:58:47.069+0530] {logging_mixin.py:190} INFO - [2024-12-21T11:58:47.069+0530] {dag.py:4180} INFO - Setting next_dagrun for example_time_delta_sensor_async to None, run_after=None
[2024-12-21T11:58:47.096+0530] {processor.py:208} INFO - Processing /Users/jayesh/Desktop/Personal Work/Movie_data_pipeline/.venv/lib/python3.9/site-packages/airflow/example_dags/example_time_delta_sensor_async.py took 1.268 seconds
[2024-12-21T12:00:29.489+0530] {processor.py:186} INFO - Started process (PID=7771) to work on /Users/jayesh/Desktop/Personal Work/Movie_data_pipeline/.venv/lib/python3.9/site-packages/airflow/example_dags/example_time_delta_sensor_async.py
[2024-12-21T12:00:29.491+0530] {processor.py:914} INFO - Processing file /Users/jayesh/Desktop/Personal Work/Movie_data_pipeline/.venv/lib/python3.9/site-packages/airflow/example_dags/example_time_delta_sensor_async.py for tasks to queue
[2024-12-21T12:00:29.493+0530] {logging_mixin.py:190} INFO - [2024-12-21T12:00:29.493+0530] {dagbag.py:588} INFO - Filling up the DagBag from /Users/jayesh/Desktop/Personal Work/Movie_data_pipeline/.venv/lib/python3.9/site-packages/airflow/example_dags/example_time_delta_sensor_async.py
[2024-12-21T12:00:29.509+0530] {processor.py:925} INFO - DAG(s) 'example_time_delta_sensor_async' retrieved from /Users/jayesh/Desktop/Personal Work/Movie_data_pipeline/.venv/lib/python3.9/site-packages/airflow/example_dags/example_time_delta_sensor_async.py
[2024-12-21T12:00:31.023+0530] {logging_mixin.py:190} INFO - [2024-12-21T12:00:31.022+0530] {dag.py:3239} INFO - Sync 1 DAGs
[2024-12-21T12:00:31.059+0530] {logging_mixin.py:190} INFO - [2024-12-21T12:00:31.058+0530] {dag.py:4180} INFO - Setting next_dagrun for example_time_delta_sensor_async to None, run_after=None
[2024-12-21T12:00:31.091+0530] {processor.py:208} INFO - Processing /Users/jayesh/Desktop/Personal Work/Movie_data_pipeline/.venv/lib/python3.9/site-packages/airflow/example_dags/example_time_delta_sensor_async.py took 1.608 seconds
[2024-12-21T12:02:05.484+0530] {processor.py:186} INFO - Started process (PID=8107) to work on /Users/jayesh/Desktop/Personal Work/Movie_data_pipeline/.venv/lib/python3.9/site-packages/airflow/example_dags/example_time_delta_sensor_async.py
[2024-12-21T12:02:05.488+0530] {processor.py:914} INFO - Processing file /Users/jayesh/Desktop/Personal Work/Movie_data_pipeline/.venv/lib/python3.9/site-packages/airflow/example_dags/example_time_delta_sensor_async.py for tasks to queue
[2024-12-21T12:02:05.491+0530] {logging_mixin.py:190} INFO - [2024-12-21T12:02:05.491+0530] {dagbag.py:588} INFO - Filling up the DagBag from /Users/jayesh/Desktop/Personal Work/Movie_data_pipeline/.venv/lib/python3.9/site-packages/airflow/example_dags/example_time_delta_sensor_async.py
[2024-12-21T12:02:05.517+0530] {processor.py:925} INFO - DAG(s) 'example_time_delta_sensor_async' retrieved from /Users/jayesh/Desktop/Personal Work/Movie_data_pipeline/.venv/lib/python3.9/site-packages/airflow/example_dags/example_time_delta_sensor_async.py
[2024-12-21T12:02:07.415+0530] {logging_mixin.py:190} INFO - [2024-12-21T12:02:07.415+0530] {dag.py:3239} INFO - Sync 1 DAGs
[2024-12-21T12:02:07.440+0530] {logging_mixin.py:190} INFO - [2024-12-21T12:02:07.440+0530] {dag.py:4180} INFO - Setting next_dagrun for example_time_delta_sensor_async to None, run_after=None
[2024-12-21T12:02:07.469+0530] {processor.py:208} INFO - Processing /Users/jayesh/Desktop/Personal Work/Movie_data_pipeline/.venv/lib/python3.9/site-packages/airflow/example_dags/example_time_delta_sensor_async.py took 1.995 seconds
[2024-12-21T12:03:51.299+0530] {processor.py:186} INFO - Started process (PID=8482) to work on /Users/jayesh/Desktop/Personal Work/Movie_data_pipeline/.venv/lib/python3.9/site-packages/airflow/example_dags/example_time_delta_sensor_async.py
[2024-12-21T12:03:51.302+0530] {processor.py:914} INFO - Processing file /Users/jayesh/Desktop/Personal Work/Movie_data_pipeline/.venv/lib/python3.9/site-packages/airflow/example_dags/example_time_delta_sensor_async.py for tasks to queue
[2024-12-21T12:03:51.303+0530] {logging_mixin.py:190} INFO - [2024-12-21T12:03:51.303+0530] {dagbag.py:588} INFO - Filling up the DagBag from /Users/jayesh/Desktop/Personal Work/Movie_data_pipeline/.venv/lib/python3.9/site-packages/airflow/example_dags/example_time_delta_sensor_async.py
[2024-12-21T12:03:51.323+0530] {processor.py:925} INFO - DAG(s) 'example_time_delta_sensor_async' retrieved from /Users/jayesh/Desktop/Personal Work/Movie_data_pipeline/.venv/lib/python3.9/site-packages/airflow/example_dags/example_time_delta_sensor_async.py
[2024-12-21T12:03:52.709+0530] {logging_mixin.py:190} INFO - [2024-12-21T12:03:52.709+0530] {dag.py:3239} INFO - Sync 1 DAGs
[2024-12-21T12:03:52.744+0530] {logging_mixin.py:190} INFO - [2024-12-21T12:03:52.744+0530] {dag.py:4180} INFO - Setting next_dagrun for example_time_delta_sensor_async to None, run_after=None
[2024-12-21T12:03:52.782+0530] {processor.py:208} INFO - Processing /Users/jayesh/Desktop/Personal Work/Movie_data_pipeline/.venv/lib/python3.9/site-packages/airflow/example_dags/example_time_delta_sensor_async.py took 1.488 seconds
[2024-12-21T12:05:39.505+0530] {processor.py:186} INFO - Started process (PID=8855) to work on /Users/jayesh/Desktop/Personal Work/Movie_data_pipeline/.venv/lib/python3.9/site-packages/airflow/example_dags/example_time_delta_sensor_async.py
[2024-12-21T12:05:39.507+0530] {processor.py:914} INFO - Processing file /Users/jayesh/Desktop/Personal Work/Movie_data_pipeline/.venv/lib/python3.9/site-packages/airflow/example_dags/example_time_delta_sensor_async.py for tasks to queue
[2024-12-21T12:05:39.509+0530] {logging_mixin.py:190} INFO - [2024-12-21T12:05:39.508+0530] {dagbag.py:588} INFO - Filling up the DagBag from /Users/jayesh/Desktop/Personal Work/Movie_data_pipeline/.venv/lib/python3.9/site-packages/airflow/example_dags/example_time_delta_sensor_async.py
[2024-12-21T12:05:39.524+0530] {processor.py:925} INFO - DAG(s) 'example_time_delta_sensor_async' retrieved from /Users/jayesh/Desktop/Personal Work/Movie_data_pipeline/.venv/lib/python3.9/site-packages/airflow/example_dags/example_time_delta_sensor_async.py
[2024-12-21T12:05:41.029+0530] {logging_mixin.py:190} INFO - [2024-12-21T12:05:41.029+0530] {dag.py:3239} INFO - Sync 1 DAGs
[2024-12-21T12:05:41.048+0530] {logging_mixin.py:190} INFO - [2024-12-21T12:05:41.048+0530] {dag.py:4180} INFO - Setting next_dagrun for example_time_delta_sensor_async to None, run_after=None
[2024-12-21T12:05:41.076+0530] {processor.py:208} INFO - Processing /Users/jayesh/Desktop/Personal Work/Movie_data_pipeline/.venv/lib/python3.9/site-packages/airflow/example_dags/example_time_delta_sensor_async.py took 1.576 seconds
[2024-12-21T22:32:13.369+0530] {processor.py:186} INFO - Started process (PID=15914) to work on /Users/jayesh/Desktop/Personal Work/Movie_data_pipeline/.venv/lib/python3.9/site-packages/airflow/example_dags/example_time_delta_sensor_async.py
[2024-12-21T22:32:13.374+0530] {processor.py:914} INFO - Processing file /Users/jayesh/Desktop/Personal Work/Movie_data_pipeline/.venv/lib/python3.9/site-packages/airflow/example_dags/example_time_delta_sensor_async.py for tasks to queue
[2024-12-21T22:32:13.381+0530] {logging_mixin.py:190} INFO - [2024-12-21T22:32:13.380+0530] {dagbag.py:588} INFO - Filling up the DagBag from /Users/jayesh/Desktop/Personal Work/Movie_data_pipeline/.venv/lib/python3.9/site-packages/airflow/example_dags/example_time_delta_sensor_async.py
[2024-12-21T22:32:13.403+0530] {processor.py:925} INFO - DAG(s) 'example_time_delta_sensor_async' retrieved from /Users/jayesh/Desktop/Personal Work/Movie_data_pipeline/.venv/lib/python3.9/site-packages/airflow/example_dags/example_time_delta_sensor_async.py
[2024-12-21T22:32:13.512+0530] {logging_mixin.py:190} INFO - [2024-12-21T22:32:13.511+0530] {dag.py:3239} INFO - Sync 1 DAGs
[2024-12-21T22:32:13.556+0530] {logging_mixin.py:190} INFO - [2024-12-21T22:32:13.555+0530] {dag.py:4180} INFO - Setting next_dagrun for example_time_delta_sensor_async to None, run_after=None
[2024-12-21T22:32:13.605+0530] {processor.py:208} INFO - Processing /Users/jayesh/Desktop/Personal Work/Movie_data_pipeline/.venv/lib/python3.9/site-packages/airflow/example_dags/example_time_delta_sensor_async.py took 0.257 seconds
[2024-12-21T22:32:45.975+0530] {processor.py:186} INFO - Started process (PID=16167) to work on /Users/jayesh/Desktop/Personal Work/Movie_data_pipeline/.venv/lib/python3.9/site-packages/airflow/example_dags/example_time_delta_sensor_async.py
[2024-12-21T22:32:45.980+0530] {processor.py:914} INFO - Processing file /Users/jayesh/Desktop/Personal Work/Movie_data_pipeline/.venv/lib/python3.9/site-packages/airflow/example_dags/example_time_delta_sensor_async.py for tasks to queue
[2024-12-21T22:32:45.993+0530] {logging_mixin.py:190} INFO - [2024-12-21T22:32:45.992+0530] {dagbag.py:588} INFO - Filling up the DagBag from /Users/jayesh/Desktop/Personal Work/Movie_data_pipeline/.venv/lib/python3.9/site-packages/airflow/example_dags/example_time_delta_sensor_async.py
[2024-12-21T22:32:46.019+0530] {processor.py:925} INFO - DAG(s) 'example_time_delta_sensor_async' retrieved from /Users/jayesh/Desktop/Personal Work/Movie_data_pipeline/.venv/lib/python3.9/site-packages/airflow/example_dags/example_time_delta_sensor_async.py
[2024-12-21T22:32:46.238+0530] {logging_mixin.py:190} INFO - [2024-12-21T22:32:46.237+0530] {dag.py:3239} INFO - Sync 1 DAGs
[2024-12-21T22:32:46.296+0530] {logging_mixin.py:190} INFO - [2024-12-21T22:32:46.295+0530] {dag.py:4180} INFO - Setting next_dagrun for example_time_delta_sensor_async to None, run_after=None
[2024-12-21T22:32:46.475+0530] {processor.py:208} INFO - Processing /Users/jayesh/Desktop/Personal Work/Movie_data_pipeline/.venv/lib/python3.9/site-packages/airflow/example_dags/example_time_delta_sensor_async.py took 0.543 seconds
[2024-12-21T22:33:16.568+0530] {processor.py:186} INFO - Started process (PID=16368) to work on /Users/jayesh/Desktop/Personal Work/Movie_data_pipeline/.venv/lib/python3.9/site-packages/airflow/example_dags/example_time_delta_sensor_async.py
[2024-12-21T22:33:16.570+0530] {processor.py:914} INFO - Processing file /Users/jayesh/Desktop/Personal Work/Movie_data_pipeline/.venv/lib/python3.9/site-packages/airflow/example_dags/example_time_delta_sensor_async.py for tasks to queue
[2024-12-21T22:33:16.575+0530] {logging_mixin.py:190} INFO - [2024-12-21T22:33:16.574+0530] {dagbag.py:588} INFO - Filling up the DagBag from /Users/jayesh/Desktop/Personal Work/Movie_data_pipeline/.venv/lib/python3.9/site-packages/airflow/example_dags/example_time_delta_sensor_async.py
[2024-12-21T22:33:16.591+0530] {processor.py:925} INFO - DAG(s) 'example_time_delta_sensor_async' retrieved from /Users/jayesh/Desktop/Personal Work/Movie_data_pipeline/.venv/lib/python3.9/site-packages/airflow/example_dags/example_time_delta_sensor_async.py
[2024-12-21T22:33:16.662+0530] {logging_mixin.py:190} INFO - [2024-12-21T22:33:16.661+0530] {dag.py:3239} INFO - Sync 1 DAGs
[2024-12-21T22:33:16.688+0530] {logging_mixin.py:190} INFO - [2024-12-21T22:33:16.687+0530] {dag.py:4180} INFO - Setting next_dagrun for example_time_delta_sensor_async to None, run_after=None
[2024-12-21T22:33:16.766+0530] {processor.py:208} INFO - Processing /Users/jayesh/Desktop/Personal Work/Movie_data_pipeline/.venv/lib/python3.9/site-packages/airflow/example_dags/example_time_delta_sensor_async.py took 0.210 seconds
[2024-12-21T22:33:47.054+0530] {processor.py:186} INFO - Started process (PID=16569) to work on /Users/jayesh/Desktop/Personal Work/Movie_data_pipeline/.venv/lib/python3.9/site-packages/airflow/example_dags/example_time_delta_sensor_async.py
[2024-12-21T22:33:47.058+0530] {processor.py:914} INFO - Processing file /Users/jayesh/Desktop/Personal Work/Movie_data_pipeline/.venv/lib/python3.9/site-packages/airflow/example_dags/example_time_delta_sensor_async.py for tasks to queue
[2024-12-21T22:33:47.064+0530] {logging_mixin.py:190} INFO - [2024-12-21T22:33:47.063+0530] {dagbag.py:588} INFO - Filling up the DagBag from /Users/jayesh/Desktop/Personal Work/Movie_data_pipeline/.venv/lib/python3.9/site-packages/airflow/example_dags/example_time_delta_sensor_async.py
[2024-12-21T22:33:47.087+0530] {processor.py:925} INFO - DAG(s) 'example_time_delta_sensor_async' retrieved from /Users/jayesh/Desktop/Personal Work/Movie_data_pipeline/.venv/lib/python3.9/site-packages/airflow/example_dags/example_time_delta_sensor_async.py
[2024-12-21T22:33:48.256+0530] {logging_mixin.py:190} INFO - [2024-12-21T22:33:48.255+0530] {process_utils.py:266} INFO - Waiting up to 5 seconds for processes to exit...
[2024-12-21T23:52:53.872+0530] {processor.py:186} INFO - Started process (PID=18027) to work on /Users/jayesh/Desktop/Personal Work/Movie_data_pipeline/.venv/lib/python3.9/site-packages/airflow/example_dags/example_time_delta_sensor_async.py
[2024-12-21T23:52:53.876+0530] {processor.py:914} INFO - Processing file /Users/jayesh/Desktop/Personal Work/Movie_data_pipeline/.venv/lib/python3.9/site-packages/airflow/example_dags/example_time_delta_sensor_async.py for tasks to queue
[2024-12-21T23:52:53.885+0530] {logging_mixin.py:190} INFO - [2024-12-21T23:52:53.883+0530] {dagbag.py:588} INFO - Filling up the DagBag from /Users/jayesh/Desktop/Personal Work/Movie_data_pipeline/.venv/lib/python3.9/site-packages/airflow/example_dags/example_time_delta_sensor_async.py
[2024-12-21T23:52:53.914+0530] {processor.py:925} INFO - DAG(s) 'example_time_delta_sensor_async' retrieved from /Users/jayesh/Desktop/Personal Work/Movie_data_pipeline/.venv/lib/python3.9/site-packages/airflow/example_dags/example_time_delta_sensor_async.py
[2024-12-21T23:52:54.034+0530] {logging_mixin.py:190} INFO - [2024-12-21T23:52:54.033+0530] {dag.py:3239} INFO - Sync 1 DAGs
[2024-12-21T23:52:54.130+0530] {logging_mixin.py:190} INFO - [2024-12-21T23:52:54.129+0530] {dag.py:4180} INFO - Setting next_dagrun for example_time_delta_sensor_async to None, run_after=None
[2024-12-21T23:52:54.245+0530] {processor.py:208} INFO - Processing /Users/jayesh/Desktop/Personal Work/Movie_data_pipeline/.venv/lib/python3.9/site-packages/airflow/example_dags/example_time_delta_sensor_async.py took 0.394 seconds
[2024-12-21T23:53:24.717+0530] {processor.py:186} INFO - Started process (PID=18262) to work on /Users/jayesh/Desktop/Personal Work/Movie_data_pipeline/.venv/lib/python3.9/site-packages/airflow/example_dags/example_time_delta_sensor_async.py
[2024-12-21T23:53:24.726+0530] {processor.py:914} INFO - Processing file /Users/jayesh/Desktop/Personal Work/Movie_data_pipeline/.venv/lib/python3.9/site-packages/airflow/example_dags/example_time_delta_sensor_async.py for tasks to queue
[2024-12-21T23:53:24.733+0530] {logging_mixin.py:190} INFO - [2024-12-21T23:53:24.731+0530] {dagbag.py:588} INFO - Filling up the DagBag from /Users/jayesh/Desktop/Personal Work/Movie_data_pipeline/.venv/lib/python3.9/site-packages/airflow/example_dags/example_time_delta_sensor_async.py
[2024-12-21T23:53:24.764+0530] {processor.py:925} INFO - DAG(s) 'example_time_delta_sensor_async' retrieved from /Users/jayesh/Desktop/Personal Work/Movie_data_pipeline/.venv/lib/python3.9/site-packages/airflow/example_dags/example_time_delta_sensor_async.py
[2024-12-21T23:53:24.889+0530] {logging_mixin.py:190} INFO - [2024-12-21T23:53:24.888+0530] {dag.py:3239} INFO - Sync 1 DAGs
[2024-12-21T23:53:24.932+0530] {logging_mixin.py:190} INFO - [2024-12-21T23:53:24.931+0530] {dag.py:4180} INFO - Setting next_dagrun for example_time_delta_sensor_async to None, run_after=None
[2024-12-21T23:53:25.036+0530] {processor.py:208} INFO - Processing /Users/jayesh/Desktop/Personal Work/Movie_data_pipeline/.venv/lib/python3.9/site-packages/airflow/example_dags/example_time_delta_sensor_async.py took 0.343 seconds
