[2024-12-21T10:24:24.064+0530] {processor.py:186} INFO - Started process (PID=2387) to work on /Users/jayesh/Desktop/Personal Work/Movie_data_pipeline/.venv/lib/python3.9/site-packages/airflow/example_dags/example_latest_only.py
[2024-12-21T10:24:24.066+0530] {processor.py:914} INFO - Processing file /Users/jayesh/Desktop/Personal Work/Movie_data_pipeline/.venv/lib/python3.9/site-packages/airflow/example_dags/example_latest_only.py for tasks to queue
[2024-12-21T10:24:24.069+0530] {logging_mixin.py:190} INFO - [2024-12-21T10:24:24.067+0530] {dagbag.py:588} INFO - Filling up the DagBag from /Users/jayesh/Desktop/Personal Work/Movie_data_pipeline/.venv/lib/python3.9/site-packages/airflow/example_dags/example_latest_only.py
[2024-12-21T10:24:24.081+0530] {processor.py:925} INFO - DAG(s) 'latest_only' retrieved from /Users/jayesh/Desktop/Personal Work/Movie_data_pipeline/.venv/lib/python3.9/site-packages/airflow/example_dags/example_latest_only.py
[2024-12-21T10:24:24.333+0530] {logging_mixin.py:190} INFO - [2024-12-21T10:24:24.332+0530] {dag.py:3239} INFO - Sync 1 DAGs
[2024-12-21T10:24:24.365+0530] {logging_mixin.py:190} INFO - [2024-12-21T10:24:24.365+0530] {dag.py:4180} INFO - Setting next_dagrun for latest_only to 2024-12-21 00:00:00+00:00, run_after=2024-12-21 04:00:00+00:00
[2024-12-21T10:24:24.397+0530] {processor.py:208} INFO - Processing /Users/jayesh/Desktop/Personal Work/Movie_data_pipeline/.venv/lib/python3.9/site-packages/airflow/example_dags/example_latest_only.py took 0.345 seconds
[2024-12-21T10:26:30.423+0530] {processor.py:186} INFO - Started process (PID=2699) to work on /Users/jayesh/Desktop/Personal Work/Movie_data_pipeline/.venv/lib/python3.9/site-packages/airflow/example_dags/example_latest_only.py
[2024-12-21T10:26:30.424+0530] {processor.py:914} INFO - Processing file /Users/jayesh/Desktop/Personal Work/Movie_data_pipeline/.venv/lib/python3.9/site-packages/airflow/example_dags/example_latest_only.py for tasks to queue
[2024-12-21T10:26:30.429+0530] {logging_mixin.py:190} INFO - [2024-12-21T10:26:30.428+0530] {dagbag.py:588} INFO - Filling up the DagBag from /Users/jayesh/Desktop/Personal Work/Movie_data_pipeline/.venv/lib/python3.9/site-packages/airflow/example_dags/example_latest_only.py
[2024-12-21T10:26:30.441+0530] {processor.py:925} INFO - DAG(s) 'latest_only' retrieved from /Users/jayesh/Desktop/Personal Work/Movie_data_pipeline/.venv/lib/python3.9/site-packages/airflow/example_dags/example_latest_only.py
[2024-12-21T10:26:31.268+0530] {logging_mixin.py:190} INFO - [2024-12-21T10:26:31.268+0530] {dag.py:3239} INFO - Sync 1 DAGs
[2024-12-21T10:26:31.392+0530] {logging_mixin.py:190} INFO - [2024-12-21T10:26:31.392+0530] {dag.py:4180} INFO - Setting next_dagrun for latest_only to 2024-12-21 00:00:00+00:00, run_after=2024-12-21 04:00:00+00:00
[2024-12-21T10:26:31.439+0530] {processor.py:208} INFO - Processing /Users/jayesh/Desktop/Personal Work/Movie_data_pipeline/.venv/lib/python3.9/site-packages/airflow/example_dags/example_latest_only.py took 1.021 seconds
[2024-12-21T10:29:04.153+0530] {processor.py:186} INFO - Started process (PID=3123) to work on /Users/jayesh/Desktop/Personal Work/Movie_data_pipeline/.venv/lib/python3.9/site-packages/airflow/example_dags/example_latest_only.py
[2024-12-21T10:29:04.155+0530] {processor.py:914} INFO - Processing file /Users/jayesh/Desktop/Personal Work/Movie_data_pipeline/.venv/lib/python3.9/site-packages/airflow/example_dags/example_latest_only.py for tasks to queue
[2024-12-21T10:29:04.157+0530] {logging_mixin.py:190} INFO - [2024-12-21T10:29:04.157+0530] {dagbag.py:588} INFO - Filling up the DagBag from /Users/jayesh/Desktop/Personal Work/Movie_data_pipeline/.venv/lib/python3.9/site-packages/airflow/example_dags/example_latest_only.py
[2024-12-21T10:29:04.170+0530] {processor.py:925} INFO - DAG(s) 'latest_only' retrieved from /Users/jayesh/Desktop/Personal Work/Movie_data_pipeline/.venv/lib/python3.9/site-packages/airflow/example_dags/example_latest_only.py
[2024-12-21T10:29:04.410+0530] {logging_mixin.py:190} INFO - [2024-12-21T10:29:04.409+0530] {dag.py:3239} INFO - Sync 1 DAGs
[2024-12-21T10:29:04.447+0530] {logging_mixin.py:190} INFO - [2024-12-21T10:29:04.446+0530] {dag.py:4180} INFO - Setting next_dagrun for latest_only to 2024-12-21 00:00:00+00:00, run_after=2024-12-21 04:00:00+00:00
[2024-12-21T10:29:04.482+0530] {processor.py:208} INFO - Processing /Users/jayesh/Desktop/Personal Work/Movie_data_pipeline/.venv/lib/python3.9/site-packages/airflow/example_dags/example_latest_only.py took 0.334 seconds
[2024-12-21T10:48:40.826+0530] {processor.py:186} INFO - Started process (PID=4245) to work on /Users/jayesh/Desktop/Personal Work/Movie_data_pipeline/.venv/lib/python3.9/site-packages/airflow/example_dags/example_latest_only.py
[2024-12-21T10:48:40.829+0530] {processor.py:914} INFO - Processing file /Users/jayesh/Desktop/Personal Work/Movie_data_pipeline/.venv/lib/python3.9/site-packages/airflow/example_dags/example_latest_only.py for tasks to queue
[2024-12-21T10:48:40.832+0530] {logging_mixin.py:190} INFO - [2024-12-21T10:48:40.832+0530] {dagbag.py:588} INFO - Filling up the DagBag from /Users/jayesh/Desktop/Personal Work/Movie_data_pipeline/.venv/lib/python3.9/site-packages/airflow/example_dags/example_latest_only.py
[2024-12-21T10:48:40.844+0530] {processor.py:925} INFO - DAG(s) 'latest_only' retrieved from /Users/jayesh/Desktop/Personal Work/Movie_data_pipeline/.venv/lib/python3.9/site-packages/airflow/example_dags/example_latest_only.py
[2024-12-21T10:48:41.048+0530] {logging_mixin.py:190} INFO - [2024-12-21T10:48:41.047+0530] {dag.py:3239} INFO - Sync 1 DAGs
[2024-12-21T10:48:41.079+0530] {logging_mixin.py:190} INFO - [2024-12-21T10:48:41.078+0530] {dag.py:4180} INFO - Setting next_dagrun for latest_only to 2024-12-21 00:00:00+00:00, run_after=2024-12-21 04:00:00+00:00
[2024-12-21T10:48:41.122+0530] {processor.py:208} INFO - Processing /Users/jayesh/Desktop/Personal Work/Movie_data_pipeline/.venv/lib/python3.9/site-packages/airflow/example_dags/example_latest_only.py took 0.304 seconds
[2024-12-21T10:51:04.990+0530] {processor.py:186} INFO - Started process (PID=4722) to work on /Users/jayesh/Desktop/Personal Work/Movie_data_pipeline/.venv/lib/python3.9/site-packages/airflow/example_dags/example_latest_only.py
[2024-12-21T10:51:04.992+0530] {processor.py:914} INFO - Processing file /Users/jayesh/Desktop/Personal Work/Movie_data_pipeline/.venv/lib/python3.9/site-packages/airflow/example_dags/example_latest_only.py for tasks to queue
[2024-12-21T10:51:04.994+0530] {logging_mixin.py:190} INFO - [2024-12-21T10:51:04.994+0530] {dagbag.py:588} INFO - Filling up the DagBag from /Users/jayesh/Desktop/Personal Work/Movie_data_pipeline/.venv/lib/python3.9/site-packages/airflow/example_dags/example_latest_only.py
[2024-12-21T10:51:05.007+0530] {processor.py:925} INFO - DAG(s) 'latest_only' retrieved from /Users/jayesh/Desktop/Personal Work/Movie_data_pipeline/.venv/lib/python3.9/site-packages/airflow/example_dags/example_latest_only.py
[2024-12-21T10:51:05.272+0530] {logging_mixin.py:190} INFO - [2024-12-21T10:51:05.272+0530] {dag.py:3239} INFO - Sync 1 DAGs
[2024-12-21T10:51:05.312+0530] {logging_mixin.py:190} INFO - [2024-12-21T10:51:05.311+0530] {dag.py:4180} INFO - Setting next_dagrun for latest_only to 2024-12-21 00:00:00+00:00, run_after=2024-12-21 04:00:00+00:00
[2024-12-21T10:51:05.348+0530] {processor.py:208} INFO - Processing /Users/jayesh/Desktop/Personal Work/Movie_data_pipeline/.venv/lib/python3.9/site-packages/airflow/example_dags/example_latest_only.py took 0.362 seconds
[2024-12-21T11:55:52.584+0530] {processor.py:186} INFO - Started process (PID=6780) to work on /Users/jayesh/Desktop/Personal Work/Movie_data_pipeline/.venv/lib/python3.9/site-packages/airflow/example_dags/example_latest_only.py
[2024-12-21T11:55:52.587+0530] {processor.py:914} INFO - Processing file /Users/jayesh/Desktop/Personal Work/Movie_data_pipeline/.venv/lib/python3.9/site-packages/airflow/example_dags/example_latest_only.py for tasks to queue
[2024-12-21T11:55:52.590+0530] {logging_mixin.py:190} INFO - [2024-12-21T11:55:52.590+0530] {dagbag.py:588} INFO - Filling up the DagBag from /Users/jayesh/Desktop/Personal Work/Movie_data_pipeline/.venv/lib/python3.9/site-packages/airflow/example_dags/example_latest_only.py
[2024-12-21T11:55:52.607+0530] {processor.py:925} INFO - DAG(s) 'latest_only' retrieved from /Users/jayesh/Desktop/Personal Work/Movie_data_pipeline/.venv/lib/python3.9/site-packages/airflow/example_dags/example_latest_only.py
[2024-12-21T11:55:52.902+0530] {logging_mixin.py:190} INFO - [2024-12-21T11:55:52.901+0530] {dag.py:3239} INFO - Sync 1 DAGs
[2024-12-21T11:55:52.949+0530] {logging_mixin.py:190} INFO - [2024-12-21T11:55:52.949+0530] {dag.py:4180} INFO - Setting next_dagrun for latest_only to 2024-12-21 00:00:00+00:00, run_after=2024-12-21 04:00:00+00:00
[2024-12-21T11:55:52.982+0530] {processor.py:208} INFO - Processing /Users/jayesh/Desktop/Personal Work/Movie_data_pipeline/.venv/lib/python3.9/site-packages/airflow/example_dags/example_latest_only.py took 0.404 seconds
[2024-12-21T11:58:04.570+0530] {processor.py:186} INFO - Started process (PID=7250) to work on /Users/jayesh/Desktop/Personal Work/Movie_data_pipeline/.venv/lib/python3.9/site-packages/airflow/example_dags/example_latest_only.py
[2024-12-21T11:58:04.577+0530] {processor.py:914} INFO - Processing file /Users/jayesh/Desktop/Personal Work/Movie_data_pipeline/.venv/lib/python3.9/site-packages/airflow/example_dags/example_latest_only.py for tasks to queue
[2024-12-21T11:58:04.586+0530] {logging_mixin.py:190} INFO - [2024-12-21T11:58:04.579+0530] {dagbag.py:588} INFO - Filling up the DagBag from /Users/jayesh/Desktop/Personal Work/Movie_data_pipeline/.venv/lib/python3.9/site-packages/airflow/example_dags/example_latest_only.py
[2024-12-21T11:58:04.618+0530] {processor.py:925} INFO - DAG(s) 'latest_only' retrieved from /Users/jayesh/Desktop/Personal Work/Movie_data_pipeline/.venv/lib/python3.9/site-packages/airflow/example_dags/example_latest_only.py
[2024-12-21T11:58:04.836+0530] {logging_mixin.py:190} INFO - [2024-12-21T11:58:04.835+0530] {dag.py:3239} INFO - Sync 1 DAGs
[2024-12-21T11:58:04.870+0530] {logging_mixin.py:190} INFO - [2024-12-21T11:58:04.870+0530] {dag.py:4180} INFO - Setting next_dagrun for latest_only to 2024-12-21 00:00:00+00:00, run_after=2024-12-21 04:00:00+00:00
[2024-12-21T11:58:04.898+0530] {processor.py:208} INFO - Processing /Users/jayesh/Desktop/Personal Work/Movie_data_pipeline/.venv/lib/python3.9/site-packages/airflow/example_dags/example_latest_only.py took 0.338 seconds
[2024-12-21T12:01:18.038+0530] {processor.py:186} INFO - Started process (PID=7939) to work on /Users/jayesh/Desktop/Personal Work/Movie_data_pipeline/.venv/lib/python3.9/site-packages/airflow/example_dags/example_latest_only.py
[2024-12-21T12:01:18.041+0530] {processor.py:914} INFO - Processing file /Users/jayesh/Desktop/Personal Work/Movie_data_pipeline/.venv/lib/python3.9/site-packages/airflow/example_dags/example_latest_only.py for tasks to queue
[2024-12-21T12:01:18.042+0530] {logging_mixin.py:190} INFO - [2024-12-21T12:01:18.042+0530] {dagbag.py:588} INFO - Filling up the DagBag from /Users/jayesh/Desktop/Personal Work/Movie_data_pipeline/.venv/lib/python3.9/site-packages/airflow/example_dags/example_latest_only.py
[2024-12-21T12:01:18.056+0530] {processor.py:925} INFO - DAG(s) 'latest_only' retrieved from /Users/jayesh/Desktop/Personal Work/Movie_data_pipeline/.venv/lib/python3.9/site-packages/airflow/example_dags/example_latest_only.py
[2024-12-21T12:01:18.307+0530] {logging_mixin.py:190} INFO - [2024-12-21T12:01:18.306+0530] {dag.py:3239} INFO - Sync 1 DAGs
[2024-12-21T12:01:18.354+0530] {logging_mixin.py:190} INFO - [2024-12-21T12:01:18.354+0530] {dag.py:4180} INFO - Setting next_dagrun for latest_only to 2024-12-21 00:00:00+00:00, run_after=2024-12-21 04:00:00+00:00
[2024-12-21T12:01:18.430+0530] {processor.py:208} INFO - Processing /Users/jayesh/Desktop/Personal Work/Movie_data_pipeline/.venv/lib/python3.9/site-packages/airflow/example_dags/example_latest_only.py took 0.398 seconds
[2024-12-21T12:04:55.529+0530] {processor.py:186} INFO - Started process (PID=8690) to work on /Users/jayesh/Desktop/Personal Work/Movie_data_pipeline/.venv/lib/python3.9/site-packages/airflow/example_dags/example_latest_only.py
[2024-12-21T12:04:55.531+0530] {processor.py:914} INFO - Processing file /Users/jayesh/Desktop/Personal Work/Movie_data_pipeline/.venv/lib/python3.9/site-packages/airflow/example_dags/example_latest_only.py for tasks to queue
[2024-12-21T12:04:55.533+0530] {logging_mixin.py:190} INFO - [2024-12-21T12:04:55.533+0530] {dagbag.py:588} INFO - Filling up the DagBag from /Users/jayesh/Desktop/Personal Work/Movie_data_pipeline/.venv/lib/python3.9/site-packages/airflow/example_dags/example_latest_only.py
[2024-12-21T12:04:55.546+0530] {processor.py:925} INFO - DAG(s) 'latest_only' retrieved from /Users/jayesh/Desktop/Personal Work/Movie_data_pipeline/.venv/lib/python3.9/site-packages/airflow/example_dags/example_latest_only.py
[2024-12-21T12:04:55.781+0530] {logging_mixin.py:190} INFO - [2024-12-21T12:04:55.781+0530] {dag.py:3239} INFO - Sync 1 DAGs
[2024-12-21T12:04:55.813+0530] {logging_mixin.py:190} INFO - [2024-12-21T12:04:55.813+0530] {dag.py:4180} INFO - Setting next_dagrun for latest_only to 2024-12-21 00:00:00+00:00, run_after=2024-12-21 04:00:00+00:00
[2024-12-21T12:04:55.849+0530] {processor.py:208} INFO - Processing /Users/jayesh/Desktop/Personal Work/Movie_data_pipeline/.venv/lib/python3.9/site-packages/airflow/example_dags/example_latest_only.py took 0.327 seconds
[2024-12-21T22:32:19.540+0530] {processor.py:186} INFO - Started process (PID=15993) to work on /Users/jayesh/Desktop/Personal Work/Movie_data_pipeline/.venv/lib/python3.9/site-packages/airflow/example_dags/example_latest_only.py
[2024-12-21T22:32:19.543+0530] {processor.py:914} INFO - Processing file /Users/jayesh/Desktop/Personal Work/Movie_data_pipeline/.venv/lib/python3.9/site-packages/airflow/example_dags/example_latest_only.py for tasks to queue
[2024-12-21T22:32:19.549+0530] {logging_mixin.py:190} INFO - [2024-12-21T22:32:19.548+0530] {dagbag.py:588} INFO - Filling up the DagBag from /Users/jayesh/Desktop/Personal Work/Movie_data_pipeline/.venv/lib/python3.9/site-packages/airflow/example_dags/example_latest_only.py
[2024-12-21T22:32:19.565+0530] {processor.py:925} INFO - DAG(s) 'latest_only' retrieved from /Users/jayesh/Desktop/Personal Work/Movie_data_pipeline/.venv/lib/python3.9/site-packages/airflow/example_dags/example_latest_only.py
[2024-12-21T22:32:19.635+0530] {logging_mixin.py:190} INFO - [2024-12-21T22:32:19.635+0530] {dag.py:3239} INFO - Sync 1 DAGs
[2024-12-21T22:32:19.682+0530] {logging_mixin.py:190} INFO - [2024-12-21T22:32:19.681+0530] {dag.py:4180} INFO - Setting next_dagrun for latest_only to 2024-12-21 12:00:00+00:00, run_after=2024-12-21 16:00:00+00:00
[2024-12-21T22:32:19.755+0530] {processor.py:208} INFO - Processing /Users/jayesh/Desktop/Personal Work/Movie_data_pipeline/.venv/lib/python3.9/site-packages/airflow/example_dags/example_latest_only.py took 0.228 seconds
[2024-12-21T22:32:53.944+0530] {processor.py:186} INFO - Started process (PID=16235) to work on /Users/jayesh/Desktop/Personal Work/Movie_data_pipeline/.venv/lib/python3.9/site-packages/airflow/example_dags/example_latest_only.py
[2024-12-21T22:32:53.946+0530] {processor.py:914} INFO - Processing file /Users/jayesh/Desktop/Personal Work/Movie_data_pipeline/.venv/lib/python3.9/site-packages/airflow/example_dags/example_latest_only.py for tasks to queue
[2024-12-21T22:32:53.952+0530] {logging_mixin.py:190} INFO - [2024-12-21T22:32:53.951+0530] {dagbag.py:588} INFO - Filling up the DagBag from /Users/jayesh/Desktop/Personal Work/Movie_data_pipeline/.venv/lib/python3.9/site-packages/airflow/example_dags/example_latest_only.py
[2024-12-21T22:32:53.976+0530] {processor.py:925} INFO - DAG(s) 'latest_only' retrieved from /Users/jayesh/Desktop/Personal Work/Movie_data_pipeline/.venv/lib/python3.9/site-packages/airflow/example_dags/example_latest_only.py
[2024-12-21T22:32:54.078+0530] {logging_mixin.py:190} INFO - [2024-12-21T22:32:54.077+0530] {dag.py:3239} INFO - Sync 1 DAGs
[2024-12-21T22:32:54.123+0530] {logging_mixin.py:190} INFO - [2024-12-21T22:32:54.122+0530] {dag.py:4180} INFO - Setting next_dagrun for latest_only to 2024-12-21 12:00:00+00:00, run_after=2024-12-21 16:00:00+00:00
[2024-12-21T22:32:54.240+0530] {processor.py:208} INFO - Processing /Users/jayesh/Desktop/Personal Work/Movie_data_pipeline/.venv/lib/python3.9/site-packages/airflow/example_dags/example_latest_only.py took 0.319 seconds
[2024-12-21T22:33:25.138+0530] {processor.py:186} INFO - Started process (PID=16435) to work on /Users/jayesh/Desktop/Personal Work/Movie_data_pipeline/.venv/lib/python3.9/site-packages/airflow/example_dags/example_latest_only.py
[2024-12-21T22:33:25.143+0530] {processor.py:914} INFO - Processing file /Users/jayesh/Desktop/Personal Work/Movie_data_pipeline/.venv/lib/python3.9/site-packages/airflow/example_dags/example_latest_only.py for tasks to queue
[2024-12-21T22:33:25.150+0530] {logging_mixin.py:190} INFO - [2024-12-21T22:33:25.149+0530] {dagbag.py:588} INFO - Filling up the DagBag from /Users/jayesh/Desktop/Personal Work/Movie_data_pipeline/.venv/lib/python3.9/site-packages/airflow/example_dags/example_latest_only.py
[2024-12-21T22:33:25.173+0530] {processor.py:925} INFO - DAG(s) 'latest_only' retrieved from /Users/jayesh/Desktop/Personal Work/Movie_data_pipeline/.venv/lib/python3.9/site-packages/airflow/example_dags/example_latest_only.py
[2024-12-21T22:33:25.277+0530] {logging_mixin.py:190} INFO - [2024-12-21T22:33:25.276+0530] {dag.py:3239} INFO - Sync 1 DAGs
[2024-12-21T22:33:25.338+0530] {logging_mixin.py:190} INFO - [2024-12-21T22:33:25.336+0530] {dag.py:4180} INFO - Setting next_dagrun for latest_only to 2024-12-21 12:00:00+00:00, run_after=2024-12-21 16:00:00+00:00
[2024-12-21T22:33:25.369+0530] {processor.py:208} INFO - Processing /Users/jayesh/Desktop/Personal Work/Movie_data_pipeline/.venv/lib/python3.9/site-packages/airflow/example_dags/example_latest_only.py took 0.250 seconds
[2024-12-21T23:53:03.530+0530] {processor.py:186} INFO - Started process (PID=18121) to work on /Users/jayesh/Desktop/Personal Work/Movie_data_pipeline/.venv/lib/python3.9/site-packages/airflow/example_dags/example_latest_only.py
[2024-12-21T23:53:03.539+0530] {processor.py:914} INFO - Processing file /Users/jayesh/Desktop/Personal Work/Movie_data_pipeline/.venv/lib/python3.9/site-packages/airflow/example_dags/example_latest_only.py for tasks to queue
[2024-12-21T23:53:03.549+0530] {logging_mixin.py:190} INFO - [2024-12-21T23:53:03.547+0530] {dagbag.py:588} INFO - Filling up the DagBag from /Users/jayesh/Desktop/Personal Work/Movie_data_pipeline/.venv/lib/python3.9/site-packages/airflow/example_dags/example_latest_only.py
[2024-12-21T23:53:03.579+0530] {processor.py:925} INFO - DAG(s) 'latest_only' retrieved from /Users/jayesh/Desktop/Personal Work/Movie_data_pipeline/.venv/lib/python3.9/site-packages/airflow/example_dags/example_latest_only.py
[2024-12-21T23:53:03.697+0530] {logging_mixin.py:190} INFO - [2024-12-21T23:53:03.695+0530] {dag.py:3239} INFO - Sync 1 DAGs
[2024-12-21T23:53:03.779+0530] {logging_mixin.py:190} INFO - [2024-12-21T23:53:03.778+0530] {dag.py:4180} INFO - Setting next_dagrun for latest_only to 2024-12-21 12:00:00+00:00, run_after=2024-12-21 16:00:00+00:00
[2024-12-21T23:53:03.828+0530] {processor.py:208} INFO - Processing /Users/jayesh/Desktop/Personal Work/Movie_data_pipeline/.venv/lib/python3.9/site-packages/airflow/example_dags/example_latest_only.py took 0.351 seconds
[2024-12-21T23:53:34.531+0530] {processor.py:186} INFO - Started process (PID=18330) to work on /Users/jayesh/Desktop/Personal Work/Movie_data_pipeline/.venv/lib/python3.9/site-packages/airflow/example_dags/example_latest_only.py
[2024-12-21T23:53:34.535+0530] {processor.py:914} INFO - Processing file /Users/jayesh/Desktop/Personal Work/Movie_data_pipeline/.venv/lib/python3.9/site-packages/airflow/example_dags/example_latest_only.py for tasks to queue
[2024-12-21T23:53:34.540+0530] {logging_mixin.py:190} INFO - [2024-12-21T23:53:34.540+0530] {dagbag.py:588} INFO - Filling up the DagBag from /Users/jayesh/Desktop/Personal Work/Movie_data_pipeline/.venv/lib/python3.9/site-packages/airflow/example_dags/example_latest_only.py
[2024-12-21T23:53:34.561+0530] {processor.py:925} INFO - DAG(s) 'latest_only' retrieved from /Users/jayesh/Desktop/Personal Work/Movie_data_pipeline/.venv/lib/python3.9/site-packages/airflow/example_dags/example_latest_only.py
[2024-12-21T23:53:35.335+0530] {logging_mixin.py:190} INFO - [2024-12-21T23:53:35.333+0530] {dag.py:3239} INFO - Sync 1 DAGs
[2024-12-21T23:53:35.444+0530] {logging_mixin.py:190} INFO - [2024-12-21T23:53:35.443+0530] {dag.py:4180} INFO - Setting next_dagrun for latest_only to 2024-12-21 12:00:00+00:00, run_after=2024-12-21 16:00:00+00:00
[2024-12-21T23:53:35.537+0530] {processor.py:208} INFO - Processing /Users/jayesh/Desktop/Personal Work/Movie_data_pipeline/.venv/lib/python3.9/site-packages/airflow/example_dags/example_latest_only.py took 1.042 seconds
