[2024-12-21T10:23:35.017+0530] {processor.py:186} INFO - Started process (PID=2261) to work on /Users/jayesh/Desktop/Personal Work/Movie_data_pipeline/.venv/lib/python3.9/site-packages/airflow/example_dags/example_task_group.py
[2024-12-21T10:23:35.018+0530] {processor.py:914} INFO - Processing file /Users/jayesh/Desktop/Personal Work/Movie_data_pipeline/.venv/lib/python3.9/site-packages/airflow/example_dags/example_task_group.py for tasks to queue
[2024-12-21T10:23:35.022+0530] {logging_mixin.py:190} INFO - [2024-12-21T10:23:35.022+0530] {dagbag.py:588} INFO - Filling up the DagBag from /Users/jayesh/Desktop/Personal Work/Movie_data_pipeline/.venv/lib/python3.9/site-packages/airflow/example_dags/example_task_group.py
[2024-12-21T10:23:35.039+0530] {processor.py:925} INFO - DAG(s) 'example_task_group' retrieved from /Users/jayesh/Desktop/Personal Work/Movie_data_pipeline/.venv/lib/python3.9/site-packages/airflow/example_dags/example_task_group.py
[2024-12-21T10:23:35.290+0530] {logging_mixin.py:190} INFO - [2024-12-21T10:23:35.290+0530] {dag.py:3239} INFO - Sync 1 DAGs
[2024-12-21T10:23:35.322+0530] {logging_mixin.py:190} INFO - [2024-12-21T10:23:35.321+0530] {dag.py:4180} INFO - Setting next_dagrun for example_task_group to None, run_after=None
[2024-12-21T10:23:35.350+0530] {processor.py:208} INFO - Processing /Users/jayesh/Desktop/Personal Work/Movie_data_pipeline/.venv/lib/python3.9/site-packages/airflow/example_dags/example_task_group.py took 0.340 seconds
[2024-12-21T10:25:55.427+0530] {processor.py:186} INFO - Started process (PID=2603) to work on /Users/jayesh/Desktop/Personal Work/Movie_data_pipeline/.venv/lib/python3.9/site-packages/airflow/example_dags/example_task_group.py
[2024-12-21T10:25:55.429+0530] {processor.py:914} INFO - Processing file /Users/jayesh/Desktop/Personal Work/Movie_data_pipeline/.venv/lib/python3.9/site-packages/airflow/example_dags/example_task_group.py for tasks to queue
[2024-12-21T10:25:55.430+0530] {logging_mixin.py:190} INFO - [2024-12-21T10:25:55.430+0530] {dagbag.py:588} INFO - Filling up the DagBag from /Users/jayesh/Desktop/Personal Work/Movie_data_pipeline/.venv/lib/python3.9/site-packages/airflow/example_dags/example_task_group.py
[2024-12-21T10:25:55.446+0530] {processor.py:925} INFO - DAG(s) 'example_task_group' retrieved from /Users/jayesh/Desktop/Personal Work/Movie_data_pipeline/.venv/lib/python3.9/site-packages/airflow/example_dags/example_task_group.py
[2024-12-21T10:25:55.705+0530] {logging_mixin.py:190} INFO - [2024-12-21T10:25:55.704+0530] {dag.py:3239} INFO - Sync 1 DAGs
[2024-12-21T10:25:55.731+0530] {logging_mixin.py:190} INFO - [2024-12-21T10:25:55.731+0530] {dag.py:4180} INFO - Setting next_dagrun for example_task_group to None, run_after=None
[2024-12-21T10:25:55.765+0530] {processor.py:208} INFO - Processing /Users/jayesh/Desktop/Personal Work/Movie_data_pipeline/.venv/lib/python3.9/site-packages/airflow/example_dags/example_task_group.py took 0.343 seconds
[2024-12-21T10:27:17.093+0530] {processor.py:186} INFO - Started process (PID=2822) to work on /Users/jayesh/Desktop/Personal Work/Movie_data_pipeline/.venv/lib/python3.9/site-packages/airflow/example_dags/example_task_group.py
[2024-12-21T10:27:17.096+0530] {processor.py:914} INFO - Processing file /Users/jayesh/Desktop/Personal Work/Movie_data_pipeline/.venv/lib/python3.9/site-packages/airflow/example_dags/example_task_group.py for tasks to queue
[2024-12-21T10:27:17.098+0530] {logging_mixin.py:190} INFO - [2024-12-21T10:27:17.097+0530] {dagbag.py:588} INFO - Filling up the DagBag from /Users/jayesh/Desktop/Personal Work/Movie_data_pipeline/.venv/lib/python3.9/site-packages/airflow/example_dags/example_task_group.py
[2024-12-21T10:27:17.112+0530] {processor.py:925} INFO - DAG(s) 'example_task_group' retrieved from /Users/jayesh/Desktop/Personal Work/Movie_data_pipeline/.venv/lib/python3.9/site-packages/airflow/example_dags/example_task_group.py
[2024-12-21T10:27:17.381+0530] {logging_mixin.py:190} INFO - [2024-12-21T10:27:17.381+0530] {dag.py:3239} INFO - Sync 1 DAGs
[2024-12-21T10:27:17.411+0530] {logging_mixin.py:190} INFO - [2024-12-21T10:27:17.411+0530] {dag.py:4180} INFO - Setting next_dagrun for example_task_group to None, run_after=None
[2024-12-21T10:27:17.452+0530] {processor.py:208} INFO - Processing /Users/jayesh/Desktop/Personal Work/Movie_data_pipeline/.venv/lib/python3.9/site-packages/airflow/example_dags/example_task_group.py took 0.363 seconds
[2024-12-21T10:28:31.459+0530] {processor.py:186} INFO - Started process (PID=3035) to work on /Users/jayesh/Desktop/Personal Work/Movie_data_pipeline/.venv/lib/python3.9/site-packages/airflow/example_dags/example_task_group.py
[2024-12-21T10:28:31.461+0530] {processor.py:914} INFO - Processing file /Users/jayesh/Desktop/Personal Work/Movie_data_pipeline/.venv/lib/python3.9/site-packages/airflow/example_dags/example_task_group.py for tasks to queue
[2024-12-21T10:28:31.463+0530] {logging_mixin.py:190} INFO - [2024-12-21T10:28:31.462+0530] {dagbag.py:588} INFO - Filling up the DagBag from /Users/jayesh/Desktop/Personal Work/Movie_data_pipeline/.venv/lib/python3.9/site-packages/airflow/example_dags/example_task_group.py
[2024-12-21T10:28:31.479+0530] {processor.py:925} INFO - DAG(s) 'example_task_group' retrieved from /Users/jayesh/Desktop/Personal Work/Movie_data_pipeline/.venv/lib/python3.9/site-packages/airflow/example_dags/example_task_group.py
[2024-12-21T10:28:31.687+0530] {logging_mixin.py:190} INFO - [2024-12-21T10:28:31.686+0530] {dag.py:3239} INFO - Sync 1 DAGs
[2024-12-21T10:28:31.704+0530] {logging_mixin.py:190} INFO - [2024-12-21T10:28:31.704+0530] {dag.py:4180} INFO - Setting next_dagrun for example_task_group to None, run_after=None
[2024-12-21T10:28:31.730+0530] {processor.py:208} INFO - Processing /Users/jayesh/Desktop/Personal Work/Movie_data_pipeline/.venv/lib/python3.9/site-packages/airflow/example_dags/example_task_group.py took 0.280 seconds
[2024-12-21T10:29:52.293+0530] {processor.py:186} INFO - Started process (PID=3258) to work on /Users/jayesh/Desktop/Personal Work/Movie_data_pipeline/.venv/lib/python3.9/site-packages/airflow/example_dags/example_task_group.py
[2024-12-21T10:29:52.299+0530] {processor.py:914} INFO - Processing file /Users/jayesh/Desktop/Personal Work/Movie_data_pipeline/.venv/lib/python3.9/site-packages/airflow/example_dags/example_task_group.py for tasks to queue
[2024-12-21T10:29:52.302+0530] {logging_mixin.py:190} INFO - [2024-12-21T10:29:52.301+0530] {dagbag.py:588} INFO - Filling up the DagBag from /Users/jayesh/Desktop/Personal Work/Movie_data_pipeline/.venv/lib/python3.9/site-packages/airflow/example_dags/example_task_group.py
[2024-12-21T10:29:52.326+0530] {processor.py:925} INFO - DAG(s) 'example_task_group' retrieved from /Users/jayesh/Desktop/Personal Work/Movie_data_pipeline/.venv/lib/python3.9/site-packages/airflow/example_dags/example_task_group.py
[2024-12-21T10:29:52.610+0530] {logging_mixin.py:190} INFO - [2024-12-21T10:29:52.610+0530] {dag.py:3239} INFO - Sync 1 DAGs
[2024-12-21T10:29:52.639+0530] {logging_mixin.py:190} INFO - [2024-12-21T10:29:52.639+0530] {dag.py:4180} INFO - Setting next_dagrun for example_task_group to None, run_after=None
[2024-12-21T10:29:52.672+0530] {processor.py:208} INFO - Processing /Users/jayesh/Desktop/Personal Work/Movie_data_pipeline/.venv/lib/python3.9/site-packages/airflow/example_dags/example_task_group.py took 0.388 seconds
[2024-12-21T10:48:03.887+0530] {processor.py:186} INFO - Started process (PID=4130) to work on /Users/jayesh/Desktop/Personal Work/Movie_data_pipeline/.venv/lib/python3.9/site-packages/airflow/example_dags/example_task_group.py
[2024-12-21T10:48:03.889+0530] {processor.py:914} INFO - Processing file /Users/jayesh/Desktop/Personal Work/Movie_data_pipeline/.venv/lib/python3.9/site-packages/airflow/example_dags/example_task_group.py for tasks to queue
[2024-12-21T10:48:03.891+0530] {logging_mixin.py:190} INFO - [2024-12-21T10:48:03.891+0530] {dagbag.py:588} INFO - Filling up the DagBag from /Users/jayesh/Desktop/Personal Work/Movie_data_pipeline/.venv/lib/python3.9/site-packages/airflow/example_dags/example_task_group.py
[2024-12-21T10:48:03.915+0530] {processor.py:925} INFO - DAG(s) 'example_task_group' retrieved from /Users/jayesh/Desktop/Personal Work/Movie_data_pipeline/.venv/lib/python3.9/site-packages/airflow/example_dags/example_task_group.py
[2024-12-21T10:48:04.242+0530] {logging_mixin.py:190} INFO - [2024-12-21T10:48:04.242+0530] {dag.py:3239} INFO - Sync 1 DAGs
[2024-12-21T10:48:04.274+0530] {logging_mixin.py:190} INFO - [2024-12-21T10:48:04.273+0530] {dag.py:4180} INFO - Setting next_dagrun for example_task_group to None, run_after=None
[2024-12-21T10:48:04.317+0530] {processor.py:208} INFO - Processing /Users/jayesh/Desktop/Personal Work/Movie_data_pipeline/.venv/lib/python3.9/site-packages/airflow/example_dags/example_task_group.py took 0.436 seconds
[2024-12-21T10:50:17.372+0530] {processor.py:186} INFO - Started process (PID=4555) to work on /Users/jayesh/Desktop/Personal Work/Movie_data_pipeline/.venv/lib/python3.9/site-packages/airflow/example_dags/example_task_group.py
[2024-12-21T10:50:17.373+0530] {processor.py:914} INFO - Processing file /Users/jayesh/Desktop/Personal Work/Movie_data_pipeline/.venv/lib/python3.9/site-packages/airflow/example_dags/example_task_group.py for tasks to queue
[2024-12-21T10:50:17.375+0530] {logging_mixin.py:190} INFO - [2024-12-21T10:50:17.375+0530] {dagbag.py:588} INFO - Filling up the DagBag from /Users/jayesh/Desktop/Personal Work/Movie_data_pipeline/.venv/lib/python3.9/site-packages/airflow/example_dags/example_task_group.py
[2024-12-21T10:50:17.390+0530] {processor.py:925} INFO - DAG(s) 'example_task_group' retrieved from /Users/jayesh/Desktop/Personal Work/Movie_data_pipeline/.venv/lib/python3.9/site-packages/airflow/example_dags/example_task_group.py
[2024-12-21T10:50:17.628+0530] {logging_mixin.py:190} INFO - [2024-12-21T10:50:17.627+0530] {dag.py:3239} INFO - Sync 1 DAGs
[2024-12-21T10:50:17.654+0530] {logging_mixin.py:190} INFO - [2024-12-21T10:50:17.653+0530] {dag.py:4180} INFO - Setting next_dagrun for example_task_group to None, run_after=None
[2024-12-21T10:50:17.688+0530] {processor.py:208} INFO - Processing /Users/jayesh/Desktop/Personal Work/Movie_data_pipeline/.venv/lib/python3.9/site-packages/airflow/example_dags/example_task_group.py took 0.321 seconds
[2024-12-21T10:52:04.978+0530] {processor.py:186} INFO - Started process (PID=4933) to work on /Users/jayesh/Desktop/Personal Work/Movie_data_pipeline/.venv/lib/python3.9/site-packages/airflow/example_dags/example_task_group.py
[2024-12-21T10:52:04.980+0530] {processor.py:914} INFO - Processing file /Users/jayesh/Desktop/Personal Work/Movie_data_pipeline/.venv/lib/python3.9/site-packages/airflow/example_dags/example_task_group.py for tasks to queue
[2024-12-21T10:52:04.983+0530] {logging_mixin.py:190} INFO - [2024-12-21T10:52:04.982+0530] {dagbag.py:588} INFO - Filling up the DagBag from /Users/jayesh/Desktop/Personal Work/Movie_data_pipeline/.venv/lib/python3.9/site-packages/airflow/example_dags/example_task_group.py
[2024-12-21T10:52:05.001+0530] {processor.py:925} INFO - DAG(s) 'example_task_group' retrieved from /Users/jayesh/Desktop/Personal Work/Movie_data_pipeline/.venv/lib/python3.9/site-packages/airflow/example_dags/example_task_group.py
[2024-12-21T10:52:05.357+0530] {logging_mixin.py:190} INFO - [2024-12-21T10:52:05.356+0530] {dag.py:3239} INFO - Sync 1 DAGs
[2024-12-21T10:52:05.378+0530] {logging_mixin.py:190} INFO - [2024-12-21T10:52:05.377+0530] {dag.py:4180} INFO - Setting next_dagrun for example_task_group to None, run_after=None
[2024-12-21T10:52:05.409+0530] {processor.py:208} INFO - Processing /Users/jayesh/Desktop/Personal Work/Movie_data_pipeline/.venv/lib/python3.9/site-packages/airflow/example_dags/example_task_group.py took 0.437 seconds
[2024-12-21T10:53:47.183+0530] {processor.py:186} INFO - Started process (PID=5277) to work on /Users/jayesh/Desktop/Personal Work/Movie_data_pipeline/.venv/lib/python3.9/site-packages/airflow/example_dags/example_task_group.py
[2024-12-21T10:53:47.186+0530] {processor.py:914} INFO - Processing file /Users/jayesh/Desktop/Personal Work/Movie_data_pipeline/.venv/lib/python3.9/site-packages/airflow/example_dags/example_task_group.py for tasks to queue
[2024-12-21T10:53:47.192+0530] {logging_mixin.py:190} INFO - [2024-12-21T10:53:47.191+0530] {dagbag.py:588} INFO - Filling up the DagBag from /Users/jayesh/Desktop/Personal Work/Movie_data_pipeline/.venv/lib/python3.9/site-packages/airflow/example_dags/example_task_group.py
[2024-12-21T10:53:47.225+0530] {processor.py:925} INFO - DAG(s) 'example_task_group' retrieved from /Users/jayesh/Desktop/Personal Work/Movie_data_pipeline/.venv/lib/python3.9/site-packages/airflow/example_dags/example_task_group.py
[2024-12-21T10:53:48.131+0530] {logging_mixin.py:190} INFO - [2024-12-21T10:53:48.130+0530] {dag.py:3239} INFO - Sync 1 DAGs
[2024-12-21T10:53:48.176+0530] {logging_mixin.py:190} INFO - [2024-12-21T10:53:48.168+0530] {dag.py:4180} INFO - Setting next_dagrun for example_task_group to None, run_after=None
[2024-12-21T10:53:48.265+0530] {processor.py:208} INFO - Processing /Users/jayesh/Desktop/Personal Work/Movie_data_pipeline/.venv/lib/python3.9/site-packages/airflow/example_dags/example_task_group.py took 1.098 seconds
[2024-12-21T11:55:10.838+0530] {processor.py:186} INFO - Started process (PID=6620) to work on /Users/jayesh/Desktop/Personal Work/Movie_data_pipeline/.venv/lib/python3.9/site-packages/airflow/example_dags/example_task_group.py
[2024-12-21T11:55:10.840+0530] {processor.py:914} INFO - Processing file /Users/jayesh/Desktop/Personal Work/Movie_data_pipeline/.venv/lib/python3.9/site-packages/airflow/example_dags/example_task_group.py for tasks to queue
[2024-12-21T11:55:10.844+0530] {logging_mixin.py:190} INFO - [2024-12-21T11:55:10.844+0530] {dagbag.py:588} INFO - Filling up the DagBag from /Users/jayesh/Desktop/Personal Work/Movie_data_pipeline/.venv/lib/python3.9/site-packages/airflow/example_dags/example_task_group.py
[2024-12-21T11:55:10.869+0530] {processor.py:925} INFO - DAG(s) 'example_task_group' retrieved from /Users/jayesh/Desktop/Personal Work/Movie_data_pipeline/.venv/lib/python3.9/site-packages/airflow/example_dags/example_task_group.py
[2024-12-21T11:55:11.353+0530] {logging_mixin.py:190} INFO - [2024-12-21T11:55:11.353+0530] {dag.py:3239} INFO - Sync 1 DAGs
[2024-12-21T11:55:11.373+0530] {logging_mixin.py:190} INFO - [2024-12-21T11:55:11.373+0530] {dag.py:4180} INFO - Setting next_dagrun for example_task_group to None, run_after=None
[2024-12-21T11:55:11.405+0530] {processor.py:208} INFO - Processing /Users/jayesh/Desktop/Personal Work/Movie_data_pipeline/.venv/lib/python3.9/site-packages/airflow/example_dags/example_task_group.py took 0.572 seconds
[2024-12-21T11:57:16.311+0530] {processor.py:186} INFO - Started process (PID=7068) to work on /Users/jayesh/Desktop/Personal Work/Movie_data_pipeline/.venv/lib/python3.9/site-packages/airflow/example_dags/example_task_group.py
[2024-12-21T11:57:16.315+0530] {processor.py:914} INFO - Processing file /Users/jayesh/Desktop/Personal Work/Movie_data_pipeline/.venv/lib/python3.9/site-packages/airflow/example_dags/example_task_group.py for tasks to queue
[2024-12-21T11:57:16.317+0530] {logging_mixin.py:190} INFO - [2024-12-21T11:57:16.316+0530] {dagbag.py:588} INFO - Filling up the DagBag from /Users/jayesh/Desktop/Personal Work/Movie_data_pipeline/.venv/lib/python3.9/site-packages/airflow/example_dags/example_task_group.py
[2024-12-21T11:57:16.337+0530] {processor.py:925} INFO - DAG(s) 'example_task_group' retrieved from /Users/jayesh/Desktop/Personal Work/Movie_data_pipeline/.venv/lib/python3.9/site-packages/airflow/example_dags/example_task_group.py
[2024-12-21T11:57:16.633+0530] {logging_mixin.py:190} INFO - [2024-12-21T11:57:16.633+0530] {dag.py:3239} INFO - Sync 1 DAGs
[2024-12-21T11:57:16.661+0530] {logging_mixin.py:190} INFO - [2024-12-21T11:57:16.661+0530] {dag.py:4180} INFO - Setting next_dagrun for example_task_group to None, run_after=None
[2024-12-21T11:57:16.691+0530] {processor.py:208} INFO - Processing /Users/jayesh/Desktop/Personal Work/Movie_data_pipeline/.venv/lib/python3.9/site-packages/airflow/example_dags/example_task_group.py took 0.387 seconds
[2024-12-21T11:58:50.455+0530] {processor.py:186} INFO - Started process (PID=7419) to work on /Users/jayesh/Desktop/Personal Work/Movie_data_pipeline/.venv/lib/python3.9/site-packages/airflow/example_dags/example_task_group.py
[2024-12-21T11:58:50.458+0530] {processor.py:914} INFO - Processing file /Users/jayesh/Desktop/Personal Work/Movie_data_pipeline/.venv/lib/python3.9/site-packages/airflow/example_dags/example_task_group.py for tasks to queue
[2024-12-21T11:58:50.460+0530] {logging_mixin.py:190} INFO - [2024-12-21T11:58:50.459+0530] {dagbag.py:588} INFO - Filling up the DagBag from /Users/jayesh/Desktop/Personal Work/Movie_data_pipeline/.venv/lib/python3.9/site-packages/airflow/example_dags/example_task_group.py
[2024-12-21T11:58:50.477+0530] {processor.py:925} INFO - DAG(s) 'example_task_group' retrieved from /Users/jayesh/Desktop/Personal Work/Movie_data_pipeline/.venv/lib/python3.9/site-packages/airflow/example_dags/example_task_group.py
[2024-12-21T11:58:50.701+0530] {logging_mixin.py:190} INFO - [2024-12-21T11:58:50.701+0530] {dag.py:3239} INFO - Sync 1 DAGs
[2024-12-21T11:58:50.721+0530] {logging_mixin.py:190} INFO - [2024-12-21T11:58:50.720+0530] {dag.py:4180} INFO - Setting next_dagrun for example_task_group to None, run_after=None
[2024-12-21T11:58:50.760+0530] {processor.py:208} INFO - Processing /Users/jayesh/Desktop/Personal Work/Movie_data_pipeline/.venv/lib/python3.9/site-packages/airflow/example_dags/example_task_group.py took 0.309 seconds
[2024-12-21T12:00:34.590+0530] {processor.py:186} INFO - Started process (PID=7787) to work on /Users/jayesh/Desktop/Personal Work/Movie_data_pipeline/.venv/lib/python3.9/site-packages/airflow/example_dags/example_task_group.py
[2024-12-21T12:00:34.593+0530] {processor.py:914} INFO - Processing file /Users/jayesh/Desktop/Personal Work/Movie_data_pipeline/.venv/lib/python3.9/site-packages/airflow/example_dags/example_task_group.py for tasks to queue
[2024-12-21T12:00:34.595+0530] {logging_mixin.py:190} INFO - [2024-12-21T12:00:34.595+0530] {dagbag.py:588} INFO - Filling up the DagBag from /Users/jayesh/Desktop/Personal Work/Movie_data_pipeline/.venv/lib/python3.9/site-packages/airflow/example_dags/example_task_group.py
[2024-12-21T12:00:34.613+0530] {processor.py:925} INFO - DAG(s) 'example_task_group' retrieved from /Users/jayesh/Desktop/Personal Work/Movie_data_pipeline/.venv/lib/python3.9/site-packages/airflow/example_dags/example_task_group.py
[2024-12-21T12:00:34.936+0530] {logging_mixin.py:190} INFO - [2024-12-21T12:00:34.936+0530] {dag.py:3239} INFO - Sync 1 DAGs
[2024-12-21T12:00:34.957+0530] {logging_mixin.py:190} INFO - [2024-12-21T12:00:34.956+0530] {dag.py:4180} INFO - Setting next_dagrun for example_task_group to None, run_after=None
[2024-12-21T12:00:34.987+0530] {processor.py:208} INFO - Processing /Users/jayesh/Desktop/Personal Work/Movie_data_pipeline/.venv/lib/python3.9/site-packages/airflow/example_dags/example_task_group.py took 0.406 seconds
[2024-12-21T12:02:11.310+0530] {processor.py:186} INFO - Started process (PID=8129) to work on /Users/jayesh/Desktop/Personal Work/Movie_data_pipeline/.venv/lib/python3.9/site-packages/airflow/example_dags/example_task_group.py
[2024-12-21T12:02:11.315+0530] {processor.py:914} INFO - Processing file /Users/jayesh/Desktop/Personal Work/Movie_data_pipeline/.venv/lib/python3.9/site-packages/airflow/example_dags/example_task_group.py for tasks to queue
[2024-12-21T12:02:11.317+0530] {logging_mixin.py:190} INFO - [2024-12-21T12:02:11.316+0530] {dagbag.py:588} INFO - Filling up the DagBag from /Users/jayesh/Desktop/Personal Work/Movie_data_pipeline/.venv/lib/python3.9/site-packages/airflow/example_dags/example_task_group.py
[2024-12-21T12:02:11.334+0530] {processor.py:925} INFO - DAG(s) 'example_task_group' retrieved from /Users/jayesh/Desktop/Personal Work/Movie_data_pipeline/.venv/lib/python3.9/site-packages/airflow/example_dags/example_task_group.py
[2024-12-21T12:02:11.618+0530] {logging_mixin.py:190} INFO - [2024-12-21T12:02:11.618+0530] {dag.py:3239} INFO - Sync 1 DAGs
[2024-12-21T12:02:11.641+0530] {logging_mixin.py:190} INFO - [2024-12-21T12:02:11.640+0530] {dag.py:4180} INFO - Setting next_dagrun for example_task_group to None, run_after=None
[2024-12-21T12:02:11.682+0530] {processor.py:208} INFO - Processing /Users/jayesh/Desktop/Personal Work/Movie_data_pipeline/.venv/lib/python3.9/site-packages/airflow/example_dags/example_task_group.py took 0.380 seconds
[2024-12-21T12:03:58.131+0530] {processor.py:186} INFO - Started process (PID=8501) to work on /Users/jayesh/Desktop/Personal Work/Movie_data_pipeline/.venv/lib/python3.9/site-packages/airflow/example_dags/example_task_group.py
[2024-12-21T12:03:58.135+0530] {processor.py:914} INFO - Processing file /Users/jayesh/Desktop/Personal Work/Movie_data_pipeline/.venv/lib/python3.9/site-packages/airflow/example_dags/example_task_group.py for tasks to queue
[2024-12-21T12:03:58.139+0530] {logging_mixin.py:190} INFO - [2024-12-21T12:03:58.139+0530] {dagbag.py:588} INFO - Filling up the DagBag from /Users/jayesh/Desktop/Personal Work/Movie_data_pipeline/.venv/lib/python3.9/site-packages/airflow/example_dags/example_task_group.py
[2024-12-21T12:03:58.183+0530] {processor.py:925} INFO - DAG(s) 'example_task_group' retrieved from /Users/jayesh/Desktop/Personal Work/Movie_data_pipeline/.venv/lib/python3.9/site-packages/airflow/example_dags/example_task_group.py
[2024-12-21T12:03:58.586+0530] {logging_mixin.py:190} INFO - [2024-12-21T12:03:58.586+0530] {dag.py:3239} INFO - Sync 1 DAGs
[2024-12-21T12:03:58.669+0530] {logging_mixin.py:190} INFO - [2024-12-21T12:03:58.667+0530] {dag.py:4180} INFO - Setting next_dagrun for example_task_group to None, run_after=None
[2024-12-21T12:03:58.755+0530] {processor.py:208} INFO - Processing /Users/jayesh/Desktop/Personal Work/Movie_data_pipeline/.venv/lib/python3.9/site-packages/airflow/example_dags/example_task_group.py took 0.644 seconds
[2024-12-21T12:05:44.179+0530] {processor.py:186} INFO - Started process (PID=8871) to work on /Users/jayesh/Desktop/Personal Work/Movie_data_pipeline/.venv/lib/python3.9/site-packages/airflow/example_dags/example_task_group.py
[2024-12-21T12:05:44.181+0530] {processor.py:914} INFO - Processing file /Users/jayesh/Desktop/Personal Work/Movie_data_pipeline/.venv/lib/python3.9/site-packages/airflow/example_dags/example_task_group.py for tasks to queue
[2024-12-21T12:05:44.184+0530] {logging_mixin.py:190} INFO - [2024-12-21T12:05:44.183+0530] {dagbag.py:588} INFO - Filling up the DagBag from /Users/jayesh/Desktop/Personal Work/Movie_data_pipeline/.venv/lib/python3.9/site-packages/airflow/example_dags/example_task_group.py
[2024-12-21T12:05:44.199+0530] {processor.py:925} INFO - DAG(s) 'example_task_group' retrieved from /Users/jayesh/Desktop/Personal Work/Movie_data_pipeline/.venv/lib/python3.9/site-packages/airflow/example_dags/example_task_group.py
[2024-12-21T12:05:44.427+0530] {logging_mixin.py:190} INFO - [2024-12-21T12:05:44.427+0530] {dag.py:3239} INFO - Sync 1 DAGs
[2024-12-21T12:05:44.448+0530] {logging_mixin.py:190} INFO - [2024-12-21T12:05:44.447+0530] {dag.py:4180} INFO - Setting next_dagrun for example_task_group to None, run_after=None
[2024-12-21T12:05:44.478+0530] {processor.py:208} INFO - Processing /Users/jayesh/Desktop/Personal Work/Movie_data_pipeline/.venv/lib/python3.9/site-packages/airflow/example_dags/example_task_group.py took 0.305 seconds
[2024-12-21T22:32:13.828+0530] {processor.py:186} INFO - Started process (PID=15924) to work on /Users/jayesh/Desktop/Personal Work/Movie_data_pipeline/.venv/lib/python3.9/site-packages/airflow/example_dags/example_task_group.py
[2024-12-21T22:32:13.833+0530] {processor.py:914} INFO - Processing file /Users/jayesh/Desktop/Personal Work/Movie_data_pipeline/.venv/lib/python3.9/site-packages/airflow/example_dags/example_task_group.py for tasks to queue
[2024-12-21T22:32:13.841+0530] {logging_mixin.py:190} INFO - [2024-12-21T22:32:13.840+0530] {dagbag.py:588} INFO - Filling up the DagBag from /Users/jayesh/Desktop/Personal Work/Movie_data_pipeline/.venv/lib/python3.9/site-packages/airflow/example_dags/example_task_group.py
[2024-12-21T22:32:13.871+0530] {processor.py:925} INFO - DAG(s) 'example_task_group' retrieved from /Users/jayesh/Desktop/Personal Work/Movie_data_pipeline/.venv/lib/python3.9/site-packages/airflow/example_dags/example_task_group.py
[2024-12-21T22:32:14.353+0530] {logging_mixin.py:190} INFO - [2024-12-21T22:32:14.350+0530] {dag.py:3239} INFO - Sync 1 DAGs
[2024-12-21T22:32:14.432+0530] {logging_mixin.py:190} INFO - [2024-12-21T22:32:14.431+0530] {dag.py:4180} INFO - Setting next_dagrun for example_task_group to None, run_after=None
[2024-12-21T22:32:14.757+0530] {processor.py:208} INFO - Processing /Users/jayesh/Desktop/Personal Work/Movie_data_pipeline/.venv/lib/python3.9/site-packages/airflow/example_dags/example_task_group.py took 0.950 seconds
[2024-12-21T22:32:46.603+0530] {processor.py:186} INFO - Started process (PID=16173) to work on /Users/jayesh/Desktop/Personal Work/Movie_data_pipeline/.venv/lib/python3.9/site-packages/airflow/example_dags/example_task_group.py
[2024-12-21T22:32:46.610+0530] {processor.py:914} INFO - Processing file /Users/jayesh/Desktop/Personal Work/Movie_data_pipeline/.venv/lib/python3.9/site-packages/airflow/example_dags/example_task_group.py for tasks to queue
[2024-12-21T22:32:46.619+0530] {logging_mixin.py:190} INFO - [2024-12-21T22:32:46.618+0530] {dagbag.py:588} INFO - Filling up the DagBag from /Users/jayesh/Desktop/Personal Work/Movie_data_pipeline/.venv/lib/python3.9/site-packages/airflow/example_dags/example_task_group.py
[2024-12-21T22:32:46.666+0530] {processor.py:925} INFO - DAG(s) 'example_task_group' retrieved from /Users/jayesh/Desktop/Personal Work/Movie_data_pipeline/.venv/lib/python3.9/site-packages/airflow/example_dags/example_task_group.py
[2024-12-21T22:32:46.849+0530] {logging_mixin.py:190} INFO - [2024-12-21T22:32:46.848+0530] {dag.py:3239} INFO - Sync 1 DAGs
[2024-12-21T22:32:46.920+0530] {logging_mixin.py:190} INFO - [2024-12-21T22:32:46.918+0530] {dag.py:4180} INFO - Setting next_dagrun for example_task_group to None, run_after=None
[2024-12-21T22:32:47.013+0530] {processor.py:208} INFO - Processing /Users/jayesh/Desktop/Personal Work/Movie_data_pipeline/.venv/lib/python3.9/site-packages/airflow/example_dags/example_task_group.py took 0.444 seconds
[2024-12-21T22:33:17.606+0530] {processor.py:186} INFO - Started process (PID=16373) to work on /Users/jayesh/Desktop/Personal Work/Movie_data_pipeline/.venv/lib/python3.9/site-packages/airflow/example_dags/example_task_group.py
[2024-12-21T22:33:17.610+0530] {processor.py:914} INFO - Processing file /Users/jayesh/Desktop/Personal Work/Movie_data_pipeline/.venv/lib/python3.9/site-packages/airflow/example_dags/example_task_group.py for tasks to queue
[2024-12-21T22:33:17.614+0530] {logging_mixin.py:190} INFO - [2024-12-21T22:33:17.614+0530] {dagbag.py:588} INFO - Filling up the DagBag from /Users/jayesh/Desktop/Personal Work/Movie_data_pipeline/.venv/lib/python3.9/site-packages/airflow/example_dags/example_task_group.py
[2024-12-21T22:33:17.636+0530] {processor.py:925} INFO - DAG(s) 'example_task_group' retrieved from /Users/jayesh/Desktop/Personal Work/Movie_data_pipeline/.venv/lib/python3.9/site-packages/airflow/example_dags/example_task_group.py
[2024-12-21T22:33:17.720+0530] {logging_mixin.py:190} INFO - [2024-12-21T22:33:17.719+0530] {dag.py:3239} INFO - Sync 1 DAGs
[2024-12-21T22:33:17.746+0530] {logging_mixin.py:190} INFO - [2024-12-21T22:33:17.746+0530] {dag.py:4180} INFO - Setting next_dagrun for example_task_group to None, run_after=None
[2024-12-21T22:33:17.780+0530] {processor.py:208} INFO - Processing /Users/jayesh/Desktop/Personal Work/Movie_data_pipeline/.venv/lib/python3.9/site-packages/airflow/example_dags/example_task_group.py took 0.188 seconds
[2024-12-21T23:52:54.923+0530] {processor.py:186} INFO - Started process (PID=18036) to work on /Users/jayesh/Desktop/Personal Work/Movie_data_pipeline/.venv/lib/python3.9/site-packages/airflow/example_dags/example_task_group.py
[2024-12-21T23:52:54.926+0530] {processor.py:914} INFO - Processing file /Users/jayesh/Desktop/Personal Work/Movie_data_pipeline/.venv/lib/python3.9/site-packages/airflow/example_dags/example_task_group.py for tasks to queue
[2024-12-21T23:52:54.937+0530] {logging_mixin.py:190} INFO - [2024-12-21T23:52:54.936+0530] {dagbag.py:588} INFO - Filling up the DagBag from /Users/jayesh/Desktop/Personal Work/Movie_data_pipeline/.venv/lib/python3.9/site-packages/airflow/example_dags/example_task_group.py
[2024-12-21T23:52:54.965+0530] {processor.py:925} INFO - DAG(s) 'example_task_group' retrieved from /Users/jayesh/Desktop/Personal Work/Movie_data_pipeline/.venv/lib/python3.9/site-packages/airflow/example_dags/example_task_group.py
[2024-12-21T23:52:55.144+0530] {logging_mixin.py:190} INFO - [2024-12-21T23:52:55.143+0530] {dag.py:3239} INFO - Sync 1 DAGs
[2024-12-21T23:52:55.356+0530] {logging_mixin.py:190} INFO - [2024-12-21T23:52:55.354+0530] {dag.py:4180} INFO - Setting next_dagrun for example_task_group to None, run_after=None
[2024-12-21T23:52:55.457+0530] {processor.py:208} INFO - Processing /Users/jayesh/Desktop/Personal Work/Movie_data_pipeline/.venv/lib/python3.9/site-packages/airflow/example_dags/example_task_group.py took 0.554 seconds
[2024-12-21T23:53:26.127+0530] {processor.py:186} INFO - Started process (PID=18272) to work on /Users/jayesh/Desktop/Personal Work/Movie_data_pipeline/.venv/lib/python3.9/site-packages/airflow/example_dags/example_task_group.py
[2024-12-21T23:53:26.131+0530] {processor.py:914} INFO - Processing file /Users/jayesh/Desktop/Personal Work/Movie_data_pipeline/.venv/lib/python3.9/site-packages/airflow/example_dags/example_task_group.py for tasks to queue
[2024-12-21T23:53:26.138+0530] {logging_mixin.py:190} INFO - [2024-12-21T23:53:26.137+0530] {dagbag.py:588} INFO - Filling up the DagBag from /Users/jayesh/Desktop/Personal Work/Movie_data_pipeline/.venv/lib/python3.9/site-packages/airflow/example_dags/example_task_group.py
[2024-12-21T23:53:26.178+0530] {processor.py:925} INFO - DAG(s) 'example_task_group' retrieved from /Users/jayesh/Desktop/Personal Work/Movie_data_pipeline/.venv/lib/python3.9/site-packages/airflow/example_dags/example_task_group.py
[2024-12-21T23:53:26.282+0530] {logging_mixin.py:190} INFO - [2024-12-21T23:53:26.279+0530] {dag.py:3239} INFO - Sync 1 DAGs
[2024-12-21T23:53:26.327+0530] {logging_mixin.py:190} INFO - [2024-12-21T23:53:26.321+0530] {dag.py:4180} INFO - Setting next_dagrun for example_task_group to None, run_after=None
[2024-12-21T23:53:26.370+0530] {processor.py:208} INFO - Processing /Users/jayesh/Desktop/Personal Work/Movie_data_pipeline/.venv/lib/python3.9/site-packages/airflow/example_dags/example_task_group.py took 0.265 seconds
