[2024-12-21T10:24:10.024+0530] {processor.py:186} INFO - Started process (PID=2357) to work on /Users/jayesh/Desktop/Personal Work/Movie_data_pipeline/.venv/lib/python3.9/site-packages/airflow/example_dags/example_params_trigger_ui.py
[2024-12-21T10:24:10.026+0530] {processor.py:914} INFO - Processing file /Users/jayesh/Desktop/Personal Work/Movie_data_pipeline/.venv/lib/python3.9/site-packages/airflow/example_dags/example_params_trigger_ui.py for tasks to queue
[2024-12-21T10:24:10.028+0530] {logging_mixin.py:190} INFO - [2024-12-21T10:24:10.027+0530] {dagbag.py:588} INFO - Filling up the DagBag from /Users/jayesh/Desktop/Personal Work/Movie_data_pipeline/.venv/lib/python3.9/site-packages/airflow/example_dags/example_params_trigger_ui.py
[2024-12-21T10:24:10.081+0530] {processor.py:925} INFO - DAG(s) 'example_params_trigger_ui' retrieved from /Users/jayesh/Desktop/Personal Work/Movie_data_pipeline/.venv/lib/python3.9/site-packages/airflow/example_dags/example_params_trigger_ui.py
[2024-12-21T10:24:10.432+0530] {logging_mixin.py:190} INFO - [2024-12-21T10:24:10.431+0530] {dag.py:3239} INFO - Sync 1 DAGs
[2024-12-21T10:24:10.466+0530] {logging_mixin.py:190} INFO - [2024-12-21T10:24:10.466+0530] {dag.py:4180} INFO - Setting next_dagrun for example_params_trigger_ui to None, run_after=None
[2024-12-21T10:24:10.597+0530] {processor.py:208} INFO - Processing /Users/jayesh/Desktop/Personal Work/Movie_data_pipeline/.venv/lib/python3.9/site-packages/airflow/example_dags/example_params_trigger_ui.py took 0.578 seconds
[2024-12-21T10:26:20.177+0530] {processor.py:186} INFO - Started process (PID=2671) to work on /Users/jayesh/Desktop/Personal Work/Movie_data_pipeline/.venv/lib/python3.9/site-packages/airflow/example_dags/example_params_trigger_ui.py
[2024-12-21T10:26:20.178+0530] {processor.py:914} INFO - Processing file /Users/jayesh/Desktop/Personal Work/Movie_data_pipeline/.venv/lib/python3.9/site-packages/airflow/example_dags/example_params_trigger_ui.py for tasks to queue
[2024-12-21T10:26:20.180+0530] {logging_mixin.py:190} INFO - [2024-12-21T10:26:20.179+0530] {dagbag.py:588} INFO - Filling up the DagBag from /Users/jayesh/Desktop/Personal Work/Movie_data_pipeline/.venv/lib/python3.9/site-packages/airflow/example_dags/example_params_trigger_ui.py
[2024-12-21T10:26:20.230+0530] {processor.py:925} INFO - DAG(s) 'example_params_trigger_ui' retrieved from /Users/jayesh/Desktop/Personal Work/Movie_data_pipeline/.venv/lib/python3.9/site-packages/airflow/example_dags/example_params_trigger_ui.py
[2024-12-21T10:26:20.518+0530] {logging_mixin.py:190} INFO - [2024-12-21T10:26:20.517+0530] {dag.py:3239} INFO - Sync 1 DAGs
[2024-12-21T10:26:20.536+0530] {logging_mixin.py:190} INFO - [2024-12-21T10:26:20.535+0530] {dag.py:4180} INFO - Setting next_dagrun for example_params_trigger_ui to None, run_after=None
[2024-12-21T10:26:20.561+0530] {processor.py:208} INFO - Processing /Users/jayesh/Desktop/Personal Work/Movie_data_pipeline/.venv/lib/python3.9/site-packages/airflow/example_dags/example_params_trigger_ui.py took 0.389 seconds
[2024-12-21T10:28:54.310+0530] {processor.py:186} INFO - Started process (PID=3095) to work on /Users/jayesh/Desktop/Personal Work/Movie_data_pipeline/.venv/lib/python3.9/site-packages/airflow/example_dags/example_params_trigger_ui.py
[2024-12-21T10:28:54.312+0530] {processor.py:914} INFO - Processing file /Users/jayesh/Desktop/Personal Work/Movie_data_pipeline/.venv/lib/python3.9/site-packages/airflow/example_dags/example_params_trigger_ui.py for tasks to queue
[2024-12-21T10:28:54.314+0530] {logging_mixin.py:190} INFO - [2024-12-21T10:28:54.313+0530] {dagbag.py:588} INFO - Filling up the DagBag from /Users/jayesh/Desktop/Personal Work/Movie_data_pipeline/.venv/lib/python3.9/site-packages/airflow/example_dags/example_params_trigger_ui.py
[2024-12-21T10:28:54.370+0530] {processor.py:925} INFO - DAG(s) 'example_params_trigger_ui' retrieved from /Users/jayesh/Desktop/Personal Work/Movie_data_pipeline/.venv/lib/python3.9/site-packages/airflow/example_dags/example_params_trigger_ui.py
[2024-12-21T10:28:54.615+0530] {logging_mixin.py:190} INFO - [2024-12-21T10:28:54.614+0530] {dag.py:3239} INFO - Sync 1 DAGs
[2024-12-21T10:28:54.649+0530] {logging_mixin.py:190} INFO - [2024-12-21T10:28:54.649+0530] {dag.py:4180} INFO - Setting next_dagrun for example_params_trigger_ui to None, run_after=None
[2024-12-21T10:28:54.675+0530] {processor.py:208} INFO - Processing /Users/jayesh/Desktop/Personal Work/Movie_data_pipeline/.venv/lib/python3.9/site-packages/airflow/example_dags/example_params_trigger_ui.py took 0.370 seconds
[2024-12-21T10:48:30.701+0530] {processor.py:186} INFO - Started process (PID=4217) to work on /Users/jayesh/Desktop/Personal Work/Movie_data_pipeline/.venv/lib/python3.9/site-packages/airflow/example_dags/example_params_trigger_ui.py
[2024-12-21T10:48:30.705+0530] {processor.py:914} INFO - Processing file /Users/jayesh/Desktop/Personal Work/Movie_data_pipeline/.venv/lib/python3.9/site-packages/airflow/example_dags/example_params_trigger_ui.py for tasks to queue
[2024-12-21T10:48:30.708+0530] {logging_mixin.py:190} INFO - [2024-12-21T10:48:30.707+0530] {dagbag.py:588} INFO - Filling up the DagBag from /Users/jayesh/Desktop/Personal Work/Movie_data_pipeline/.venv/lib/python3.9/site-packages/airflow/example_dags/example_params_trigger_ui.py
[2024-12-21T10:48:30.764+0530] {processor.py:925} INFO - DAG(s) 'example_params_trigger_ui' retrieved from /Users/jayesh/Desktop/Personal Work/Movie_data_pipeline/.venv/lib/python3.9/site-packages/airflow/example_dags/example_params_trigger_ui.py
[2024-12-21T10:48:31.003+0530] {logging_mixin.py:190} INFO - [2024-12-21T10:48:31.002+0530] {dag.py:3239} INFO - Sync 1 DAGs
[2024-12-21T10:48:31.021+0530] {logging_mixin.py:190} INFO - [2024-12-21T10:48:31.021+0530] {dag.py:4180} INFO - Setting next_dagrun for example_params_trigger_ui to None, run_after=None
[2024-12-21T10:48:31.049+0530] {processor.py:208} INFO - Processing /Users/jayesh/Desktop/Personal Work/Movie_data_pipeline/.venv/lib/python3.9/site-packages/airflow/example_dags/example_params_trigger_ui.py took 0.357 seconds
[2024-12-21T10:50:52.357+0530] {processor.py:186} INFO - Started process (PID=4680) to work on /Users/jayesh/Desktop/Personal Work/Movie_data_pipeline/.venv/lib/python3.9/site-packages/airflow/example_dags/example_params_trigger_ui.py
[2024-12-21T10:50:52.359+0530] {processor.py:914} INFO - Processing file /Users/jayesh/Desktop/Personal Work/Movie_data_pipeline/.venv/lib/python3.9/site-packages/airflow/example_dags/example_params_trigger_ui.py for tasks to queue
[2024-12-21T10:50:52.361+0530] {logging_mixin.py:190} INFO - [2024-12-21T10:50:52.360+0530] {dagbag.py:588} INFO - Filling up the DagBag from /Users/jayesh/Desktop/Personal Work/Movie_data_pipeline/.venv/lib/python3.9/site-packages/airflow/example_dags/example_params_trigger_ui.py
[2024-12-21T10:50:52.459+0530] {processor.py:925} INFO - DAG(s) 'example_params_trigger_ui' retrieved from /Users/jayesh/Desktop/Personal Work/Movie_data_pipeline/.venv/lib/python3.9/site-packages/airflow/example_dags/example_params_trigger_ui.py
[2024-12-21T10:50:52.740+0530] {logging_mixin.py:190} INFO - [2024-12-21T10:50:52.740+0530] {dag.py:3239} INFO - Sync 1 DAGs
[2024-12-21T10:50:52.763+0530] {logging_mixin.py:190} INFO - [2024-12-21T10:50:52.763+0530] {dag.py:4180} INFO - Setting next_dagrun for example_params_trigger_ui to None, run_after=None
[2024-12-21T10:50:52.793+0530] {processor.py:208} INFO - Processing /Users/jayesh/Desktop/Personal Work/Movie_data_pipeline/.venv/lib/python3.9/site-packages/airflow/example_dags/example_params_trigger_ui.py took 0.441 seconds
[2024-12-21T11:55:40.808+0530] {processor.py:186} INFO - Started process (PID=6727) to work on /Users/jayesh/Desktop/Personal Work/Movie_data_pipeline/.venv/lib/python3.9/site-packages/airflow/example_dags/example_params_trigger_ui.py
[2024-12-21T11:55:40.811+0530] {processor.py:914} INFO - Processing file /Users/jayesh/Desktop/Personal Work/Movie_data_pipeline/.venv/lib/python3.9/site-packages/airflow/example_dags/example_params_trigger_ui.py for tasks to queue
[2024-12-21T11:55:40.813+0530] {logging_mixin.py:190} INFO - [2024-12-21T11:55:40.813+0530] {dagbag.py:588} INFO - Filling up the DagBag from /Users/jayesh/Desktop/Personal Work/Movie_data_pipeline/.venv/lib/python3.9/site-packages/airflow/example_dags/example_params_trigger_ui.py
[2024-12-21T11:55:40.873+0530] {processor.py:925} INFO - DAG(s) 'example_params_trigger_ui' retrieved from /Users/jayesh/Desktop/Personal Work/Movie_data_pipeline/.venv/lib/python3.9/site-packages/airflow/example_dags/example_params_trigger_ui.py
[2024-12-21T11:55:41.299+0530] {logging_mixin.py:190} INFO - [2024-12-21T11:55:41.299+0530] {dag.py:3239} INFO - Sync 1 DAGs
[2024-12-21T11:55:41.324+0530] {logging_mixin.py:190} INFO - [2024-12-21T11:55:41.324+0530] {dag.py:4180} INFO - Setting next_dagrun for example_params_trigger_ui to None, run_after=None
[2024-12-21T11:55:41.359+0530] {processor.py:208} INFO - Processing /Users/jayesh/Desktop/Personal Work/Movie_data_pipeline/.venv/lib/python3.9/site-packages/airflow/example_dags/example_params_trigger_ui.py took 0.556 seconds
[2024-12-21T11:57:52.624+0530] {processor.py:186} INFO - Started process (PID=7203) to work on /Users/jayesh/Desktop/Personal Work/Movie_data_pipeline/.venv/lib/python3.9/site-packages/airflow/example_dags/example_params_trigger_ui.py
[2024-12-21T11:57:52.626+0530] {processor.py:914} INFO - Processing file /Users/jayesh/Desktop/Personal Work/Movie_data_pipeline/.venv/lib/python3.9/site-packages/airflow/example_dags/example_params_trigger_ui.py for tasks to queue
[2024-12-21T11:57:52.628+0530] {logging_mixin.py:190} INFO - [2024-12-21T11:57:52.627+0530] {dagbag.py:588} INFO - Filling up the DagBag from /Users/jayesh/Desktop/Personal Work/Movie_data_pipeline/.venv/lib/python3.9/site-packages/airflow/example_dags/example_params_trigger_ui.py
[2024-12-21T11:57:52.691+0530] {processor.py:925} INFO - DAG(s) 'example_params_trigger_ui' retrieved from /Users/jayesh/Desktop/Personal Work/Movie_data_pipeline/.venv/lib/python3.9/site-packages/airflow/example_dags/example_params_trigger_ui.py
[2024-12-21T11:57:53.096+0530] {logging_mixin.py:190} INFO - [2024-12-21T11:57:53.095+0530] {dag.py:3239} INFO - Sync 1 DAGs
[2024-12-21T11:57:53.119+0530] {logging_mixin.py:190} INFO - [2024-12-21T11:57:53.119+0530] {dag.py:4180} INFO - Setting next_dagrun for example_params_trigger_ui to None, run_after=None
[2024-12-21T11:57:53.151+0530] {processor.py:208} INFO - Processing /Users/jayesh/Desktop/Personal Work/Movie_data_pipeline/.venv/lib/python3.9/site-packages/airflow/example_dags/example_params_trigger_ui.py took 0.532 seconds
[2024-12-21T12:01:04.977+0530] {processor.py:186} INFO - Started process (PID=7895) to work on /Users/jayesh/Desktop/Personal Work/Movie_data_pipeline/.venv/lib/python3.9/site-packages/airflow/example_dags/example_params_trigger_ui.py
[2024-12-21T12:01:04.981+0530] {processor.py:914} INFO - Processing file /Users/jayesh/Desktop/Personal Work/Movie_data_pipeline/.venv/lib/python3.9/site-packages/airflow/example_dags/example_params_trigger_ui.py for tasks to queue
[2024-12-21T12:01:04.984+0530] {logging_mixin.py:190} INFO - [2024-12-21T12:01:04.983+0530] {dagbag.py:588} INFO - Filling up the DagBag from /Users/jayesh/Desktop/Personal Work/Movie_data_pipeline/.venv/lib/python3.9/site-packages/airflow/example_dags/example_params_trigger_ui.py
[2024-12-21T12:01:05.051+0530] {processor.py:925} INFO - DAG(s) 'example_params_trigger_ui' retrieved from /Users/jayesh/Desktop/Personal Work/Movie_data_pipeline/.venv/lib/python3.9/site-packages/airflow/example_dags/example_params_trigger_ui.py
[2024-12-21T12:01:05.342+0530] {logging_mixin.py:190} INFO - [2024-12-21T12:01:05.341+0530] {dag.py:3239} INFO - Sync 1 DAGs
[2024-12-21T12:01:05.361+0530] {logging_mixin.py:190} INFO - [2024-12-21T12:01:05.361+0530] {dag.py:4180} INFO - Setting next_dagrun for example_params_trigger_ui to None, run_after=None
[2024-12-21T12:01:05.388+0530] {processor.py:208} INFO - Processing /Users/jayesh/Desktop/Personal Work/Movie_data_pipeline/.venv/lib/python3.9/site-packages/airflow/example_dags/example_params_trigger_ui.py took 0.416 seconds
[2024-12-21T12:04:43.200+0530] {processor.py:186} INFO - Started process (PID=8649) to work on /Users/jayesh/Desktop/Personal Work/Movie_data_pipeline/.venv/lib/python3.9/site-packages/airflow/example_dags/example_params_trigger_ui.py
[2024-12-21T12:04:43.203+0530] {processor.py:914} INFO - Processing file /Users/jayesh/Desktop/Personal Work/Movie_data_pipeline/.venv/lib/python3.9/site-packages/airflow/example_dags/example_params_trigger_ui.py for tasks to queue
[2024-12-21T12:04:43.205+0530] {logging_mixin.py:190} INFO - [2024-12-21T12:04:43.205+0530] {dagbag.py:588} INFO - Filling up the DagBag from /Users/jayesh/Desktop/Personal Work/Movie_data_pipeline/.venv/lib/python3.9/site-packages/airflow/example_dags/example_params_trigger_ui.py
[2024-12-21T12:04:43.259+0530] {processor.py:925} INFO - DAG(s) 'example_params_trigger_ui' retrieved from /Users/jayesh/Desktop/Personal Work/Movie_data_pipeline/.venv/lib/python3.9/site-packages/airflow/example_dags/example_params_trigger_ui.py
[2024-12-21T12:04:43.523+0530] {logging_mixin.py:190} INFO - [2024-12-21T12:04:43.522+0530] {dag.py:3239} INFO - Sync 1 DAGs
[2024-12-21T12:04:43.552+0530] {logging_mixin.py:190} INFO - [2024-12-21T12:04:43.552+0530] {dag.py:4180} INFO - Setting next_dagrun for example_params_trigger_ui to None, run_after=None
[2024-12-21T12:04:43.584+0530] {processor.py:208} INFO - Processing /Users/jayesh/Desktop/Personal Work/Movie_data_pipeline/.venv/lib/python3.9/site-packages/airflow/example_dags/example_params_trigger_ui.py took 0.389 seconds
[2024-12-21T22:32:17.905+0530] {processor.py:186} INFO - Started process (PID=15980) to work on /Users/jayesh/Desktop/Personal Work/Movie_data_pipeline/.venv/lib/python3.9/site-packages/airflow/example_dags/example_params_trigger_ui.py
[2024-12-21T22:32:17.909+0530] {processor.py:914} INFO - Processing file /Users/jayesh/Desktop/Personal Work/Movie_data_pipeline/.venv/lib/python3.9/site-packages/airflow/example_dags/example_params_trigger_ui.py for tasks to queue
[2024-12-21T22:32:17.916+0530] {logging_mixin.py:190} INFO - [2024-12-21T22:32:17.915+0530] {dagbag.py:588} INFO - Filling up the DagBag from /Users/jayesh/Desktop/Personal Work/Movie_data_pipeline/.venv/lib/python3.9/site-packages/airflow/example_dags/example_params_trigger_ui.py
[2024-12-21T22:32:17.956+0530] {processor.py:925} INFO - DAG(s) 'example_params_trigger_ui' retrieved from /Users/jayesh/Desktop/Personal Work/Movie_data_pipeline/.venv/lib/python3.9/site-packages/airflow/example_dags/example_params_trigger_ui.py
[2024-12-21T22:32:18.253+0530] {logging_mixin.py:190} INFO - [2024-12-21T22:32:18.252+0530] {dag.py:3239} INFO - Sync 1 DAGs
[2024-12-21T22:32:18.344+0530] {logging_mixin.py:190} INFO - [2024-12-21T22:32:18.343+0530] {dag.py:4180} INFO - Setting next_dagrun for example_params_trigger_ui to None, run_after=None
[2024-12-21T22:32:18.430+0530] {processor.py:208} INFO - Processing /Users/jayesh/Desktop/Personal Work/Movie_data_pipeline/.venv/lib/python3.9/site-packages/airflow/example_dags/example_params_trigger_ui.py took 0.547 seconds
[2024-12-21T22:32:51.919+0530] {processor.py:186} INFO - Started process (PID=16220) to work on /Users/jayesh/Desktop/Personal Work/Movie_data_pipeline/.venv/lib/python3.9/site-packages/airflow/example_dags/example_params_trigger_ui.py
[2024-12-21T22:32:51.925+0530] {processor.py:914} INFO - Processing file /Users/jayesh/Desktop/Personal Work/Movie_data_pipeline/.venv/lib/python3.9/site-packages/airflow/example_dags/example_params_trigger_ui.py for tasks to queue
[2024-12-21T22:32:51.935+0530] {logging_mixin.py:190} INFO - [2024-12-21T22:32:51.933+0530] {dagbag.py:588} INFO - Filling up the DagBag from /Users/jayesh/Desktop/Personal Work/Movie_data_pipeline/.venv/lib/python3.9/site-packages/airflow/example_dags/example_params_trigger_ui.py
[2024-12-21T22:32:52.014+0530] {processor.py:925} INFO - DAG(s) 'example_params_trigger_ui' retrieved from /Users/jayesh/Desktop/Personal Work/Movie_data_pipeline/.venv/lib/python3.9/site-packages/airflow/example_dags/example_params_trigger_ui.py
[2024-12-21T22:32:52.566+0530] {logging_mixin.py:190} INFO - [2024-12-21T22:32:52.565+0530] {dag.py:3239} INFO - Sync 1 DAGs
[2024-12-21T22:32:52.769+0530] {logging_mixin.py:190} INFO - [2024-12-21T22:32:52.763+0530] {dag.py:4180} INFO - Setting next_dagrun for example_params_trigger_ui to None, run_after=None
[2024-12-21T22:32:52.849+0530] {processor.py:208} INFO - Processing /Users/jayesh/Desktop/Personal Work/Movie_data_pipeline/.venv/lib/python3.9/site-packages/airflow/example_dags/example_params_trigger_ui.py took 0.958 seconds
[2024-12-21T22:33:23.383+0530] {processor.py:186} INFO - Started process (PID=16421) to work on /Users/jayesh/Desktop/Personal Work/Movie_data_pipeline/.venv/lib/python3.9/site-packages/airflow/example_dags/example_params_trigger_ui.py
[2024-12-21T22:33:23.386+0530] {processor.py:914} INFO - Processing file /Users/jayesh/Desktop/Personal Work/Movie_data_pipeline/.venv/lib/python3.9/site-packages/airflow/example_dags/example_params_trigger_ui.py for tasks to queue
[2024-12-21T22:33:23.392+0530] {logging_mixin.py:190} INFO - [2024-12-21T22:33:23.390+0530] {dagbag.py:588} INFO - Filling up the DagBag from /Users/jayesh/Desktop/Personal Work/Movie_data_pipeline/.venv/lib/python3.9/site-packages/airflow/example_dags/example_params_trigger_ui.py
[2024-12-21T22:33:23.417+0530] {processor.py:925} INFO - DAG(s) 'example_params_trigger_ui' retrieved from /Users/jayesh/Desktop/Personal Work/Movie_data_pipeline/.venv/lib/python3.9/site-packages/airflow/example_dags/example_params_trigger_ui.py
[2024-12-21T22:33:23.597+0530] {logging_mixin.py:190} INFO - [2024-12-21T22:33:23.597+0530] {dag.py:3239} INFO - Sync 1 DAGs
[2024-12-21T22:33:23.625+0530] {logging_mixin.py:190} INFO - [2024-12-21T22:33:23.624+0530] {dag.py:4180} INFO - Setting next_dagrun for example_params_trigger_ui to None, run_after=None
[2024-12-21T22:33:23.664+0530] {processor.py:208} INFO - Processing /Users/jayesh/Desktop/Personal Work/Movie_data_pipeline/.venv/lib/python3.9/site-packages/airflow/example_dags/example_params_trigger_ui.py took 0.296 seconds
[2024-12-21T23:52:59.497+0530] {processor.py:186} INFO - Started process (PID=18093) to work on /Users/jayesh/Desktop/Personal Work/Movie_data_pipeline/.venv/lib/python3.9/site-packages/airflow/example_dags/example_params_trigger_ui.py
[2024-12-21T23:52:59.501+0530] {processor.py:914} INFO - Processing file /Users/jayesh/Desktop/Personal Work/Movie_data_pipeline/.venv/lib/python3.9/site-packages/airflow/example_dags/example_params_trigger_ui.py for tasks to queue
[2024-12-21T23:52:59.509+0530] {logging_mixin.py:190} INFO - [2024-12-21T23:52:59.507+0530] {dagbag.py:588} INFO - Filling up the DagBag from /Users/jayesh/Desktop/Personal Work/Movie_data_pipeline/.venv/lib/python3.9/site-packages/airflow/example_dags/example_params_trigger_ui.py
[2024-12-21T23:52:59.543+0530] {processor.py:925} INFO - DAG(s) 'example_params_trigger_ui' retrieved from /Users/jayesh/Desktop/Personal Work/Movie_data_pipeline/.venv/lib/python3.9/site-packages/airflow/example_dags/example_params_trigger_ui.py
[2024-12-21T23:53:00.493+0530] {logging_mixin.py:190} INFO - [2024-12-21T23:53:00.492+0530] {dag.py:3239} INFO - Sync 1 DAGs
[2024-12-21T23:53:00.544+0530] {logging_mixin.py:190} INFO - [2024-12-21T23:53:00.543+0530] {dag.py:4180} INFO - Setting next_dagrun for example_params_trigger_ui to None, run_after=None
[2024-12-21T23:53:01.060+0530] {processor.py:208} INFO - Processing /Users/jayesh/Desktop/Personal Work/Movie_data_pipeline/.venv/lib/python3.9/site-packages/airflow/example_dags/example_params_trigger_ui.py took 1.582 seconds
[2024-12-21T23:53:31.619+0530] {processor.py:186} INFO - Started process (PID=18315) to work on /Users/jayesh/Desktop/Personal Work/Movie_data_pipeline/.venv/lib/python3.9/site-packages/airflow/example_dags/example_params_trigger_ui.py
[2024-12-21T23:53:31.627+0530] {processor.py:914} INFO - Processing file /Users/jayesh/Desktop/Personal Work/Movie_data_pipeline/.venv/lib/python3.9/site-packages/airflow/example_dags/example_params_trigger_ui.py for tasks to queue
[2024-12-21T23:53:31.645+0530] {logging_mixin.py:190} INFO - [2024-12-21T23:53:31.644+0530] {dagbag.py:588} INFO - Filling up the DagBag from /Users/jayesh/Desktop/Personal Work/Movie_data_pipeline/.venv/lib/python3.9/site-packages/airflow/example_dags/example_params_trigger_ui.py
[2024-12-21T23:53:31.698+0530] {processor.py:925} INFO - DAG(s) 'example_params_trigger_ui' retrieved from /Users/jayesh/Desktop/Personal Work/Movie_data_pipeline/.venv/lib/python3.9/site-packages/airflow/example_dags/example_params_trigger_ui.py
[2024-12-21T23:53:31.927+0530] {logging_mixin.py:190} INFO - [2024-12-21T23:53:31.926+0530] {dag.py:3239} INFO - Sync 1 DAGs
[2024-12-21T23:53:31.989+0530] {logging_mixin.py:190} INFO - [2024-12-21T23:53:31.984+0530] {dag.py:4180} INFO - Setting next_dagrun for example_params_trigger_ui to None, run_after=None
[2024-12-21T23:53:32.062+0530] {processor.py:208} INFO - Processing /Users/jayesh/Desktop/Personal Work/Movie_data_pipeline/.venv/lib/python3.9/site-packages/airflow/example_dags/example_params_trigger_ui.py took 0.479 seconds
