[2024-12-21T10:24:49.236+0530] {processor.py:186} INFO - Started process (PID=2440) to work on /Users/jayesh/Desktop/Personal Work/Movie_data_pipeline/.venv/lib/python3.9/site-packages/airflow/example_dags/example_complex.py
[2024-12-21T10:24:49.237+0530] {processor.py:914} INFO - Processing file /Users/jayesh/Desktop/Personal Work/Movie_data_pipeline/.venv/lib/python3.9/site-packages/airflow/example_dags/example_complex.py for tasks to queue
[2024-12-21T10:24:49.239+0530] {logging_mixin.py:190} INFO - [2024-12-21T10:24:49.239+0530] {dagbag.py:588} INFO - Filling up the DagBag from /Users/jayesh/Desktop/Personal Work/Movie_data_pipeline/.venv/lib/python3.9/site-packages/airflow/example_dags/example_complex.py
[2024-12-21T10:24:49.259+0530] {processor.py:925} INFO - DAG(s) 'example_complex' retrieved from /Users/jayesh/Desktop/Personal Work/Movie_data_pipeline/.venv/lib/python3.9/site-packages/airflow/example_dags/example_complex.py
[2024-12-21T10:24:49.487+0530] {logging_mixin.py:190} INFO - [2024-12-21T10:24:49.487+0530] {dag.py:3239} INFO - Sync 1 DAGs
[2024-12-21T10:24:49.506+0530] {logging_mixin.py:190} INFO - [2024-12-21T10:24:49.505+0530] {dag.py:4180} INFO - Setting next_dagrun for example_complex to None, run_after=None
[2024-12-21T10:24:49.534+0530] {processor.py:208} INFO - Processing /Users/jayesh/Desktop/Personal Work/Movie_data_pipeline/.venv/lib/python3.9/site-packages/airflow/example_dags/example_complex.py took 0.302 seconds
[2024-12-21T10:27:39.948+0530] {processor.py:186} INFO - Started process (PID=2880) to work on /Users/jayesh/Desktop/Personal Work/Movie_data_pipeline/.venv/lib/python3.9/site-packages/airflow/example_dags/example_complex.py
[2024-12-21T10:27:39.949+0530] {processor.py:914} INFO - Processing file /Users/jayesh/Desktop/Personal Work/Movie_data_pipeline/.venv/lib/python3.9/site-packages/airflow/example_dags/example_complex.py for tasks to queue
[2024-12-21T10:27:39.951+0530] {logging_mixin.py:190} INFO - [2024-12-21T10:27:39.950+0530] {dagbag.py:588} INFO - Filling up the DagBag from /Users/jayesh/Desktop/Personal Work/Movie_data_pipeline/.venv/lib/python3.9/site-packages/airflow/example_dags/example_complex.py
[2024-12-21T10:27:39.971+0530] {processor.py:925} INFO - DAG(s) 'example_complex' retrieved from /Users/jayesh/Desktop/Personal Work/Movie_data_pipeline/.venv/lib/python3.9/site-packages/airflow/example_dags/example_complex.py
[2024-12-21T10:27:40.202+0530] {logging_mixin.py:190} INFO - [2024-12-21T10:27:40.202+0530] {dag.py:3239} INFO - Sync 1 DAGs
[2024-12-21T10:27:40.224+0530] {logging_mixin.py:190} INFO - [2024-12-21T10:27:40.224+0530] {dag.py:4180} INFO - Setting next_dagrun for example_complex to None, run_after=None
[2024-12-21T10:27:40.258+0530] {processor.py:208} INFO - Processing /Users/jayesh/Desktop/Personal Work/Movie_data_pipeline/.venv/lib/python3.9/site-packages/airflow/example_dags/example_complex.py took 0.315 seconds
[2024-12-21T10:30:19.687+0530] {processor.py:186} INFO - Started process (PID=3321) to work on /Users/jayesh/Desktop/Personal Work/Movie_data_pipeline/.venv/lib/python3.9/site-packages/airflow/example_dags/example_complex.py
[2024-12-21T10:30:19.688+0530] {processor.py:914} INFO - Processing file /Users/jayesh/Desktop/Personal Work/Movie_data_pipeline/.venv/lib/python3.9/site-packages/airflow/example_dags/example_complex.py for tasks to queue
[2024-12-21T10:30:19.690+0530] {logging_mixin.py:190} INFO - [2024-12-21T10:30:19.689+0530] {dagbag.py:588} INFO - Filling up the DagBag from /Users/jayesh/Desktop/Personal Work/Movie_data_pipeline/.venv/lib/python3.9/site-packages/airflow/example_dags/example_complex.py
[2024-12-21T10:30:19.713+0530] {processor.py:925} INFO - DAG(s) 'example_complex' retrieved from /Users/jayesh/Desktop/Personal Work/Movie_data_pipeline/.venv/lib/python3.9/site-packages/airflow/example_dags/example_complex.py
[2024-12-21T10:30:20.235+0530] {logging_mixin.py:190} INFO - [2024-12-21T10:30:20.235+0530] {dag.py:3239} INFO - Sync 1 DAGs
[2024-12-21T10:30:20.260+0530] {logging_mixin.py:190} INFO - [2024-12-21T10:30:20.260+0530] {dag.py:4180} INFO - Setting next_dagrun for example_complex to None, run_after=None
[2024-12-21T10:30:20.308+0530] {processor.py:208} INFO - Processing /Users/jayesh/Desktop/Personal Work/Movie_data_pipeline/.venv/lib/python3.9/site-packages/airflow/example_dags/example_complex.py took 0.627 seconds
[2024-12-21T10:49:10.435+0530] {processor.py:186} INFO - Started process (PID=4311) to work on /Users/jayesh/Desktop/Personal Work/Movie_data_pipeline/.venv/lib/python3.9/site-packages/airflow/example_dags/example_complex.py
[2024-12-21T10:49:10.437+0530] {processor.py:914} INFO - Processing file /Users/jayesh/Desktop/Personal Work/Movie_data_pipeline/.venv/lib/python3.9/site-packages/airflow/example_dags/example_complex.py for tasks to queue
[2024-12-21T10:49:10.439+0530] {logging_mixin.py:190} INFO - [2024-12-21T10:49:10.439+0530] {dagbag.py:588} INFO - Filling up the DagBag from /Users/jayesh/Desktop/Personal Work/Movie_data_pipeline/.venv/lib/python3.9/site-packages/airflow/example_dags/example_complex.py
[2024-12-21T10:49:10.481+0530] {processor.py:925} INFO - DAG(s) 'example_complex' retrieved from /Users/jayesh/Desktop/Personal Work/Movie_data_pipeline/.venv/lib/python3.9/site-packages/airflow/example_dags/example_complex.py
[2024-12-21T10:49:10.832+0530] {logging_mixin.py:190} INFO - [2024-12-21T10:49:10.832+0530] {dag.py:3239} INFO - Sync 1 DAGs
[2024-12-21T10:49:10.856+0530] {logging_mixin.py:190} INFO - [2024-12-21T10:49:10.856+0530] {dag.py:4180} INFO - Setting next_dagrun for example_complex to None, run_after=None
[2024-12-21T10:49:10.890+0530] {processor.py:208} INFO - Processing /Users/jayesh/Desktop/Personal Work/Movie_data_pipeline/.venv/lib/python3.9/site-packages/airflow/example_dags/example_complex.py took 0.464 seconds
[2024-12-21T10:52:38.759+0530] {processor.py:186} INFO - Started process (PID=5043) to work on /Users/jayesh/Desktop/Personal Work/Movie_data_pipeline/.venv/lib/python3.9/site-packages/airflow/example_dags/example_complex.py
[2024-12-21T10:52:38.760+0530] {processor.py:914} INFO - Processing file /Users/jayesh/Desktop/Personal Work/Movie_data_pipeline/.venv/lib/python3.9/site-packages/airflow/example_dags/example_complex.py for tasks to queue
[2024-12-21T10:52:38.762+0530] {logging_mixin.py:190} INFO - [2024-12-21T10:52:38.762+0530] {dagbag.py:588} INFO - Filling up the DagBag from /Users/jayesh/Desktop/Personal Work/Movie_data_pipeline/.venv/lib/python3.9/site-packages/airflow/example_dags/example_complex.py
[2024-12-21T10:52:38.782+0530] {processor.py:925} INFO - DAG(s) 'example_complex' retrieved from /Users/jayesh/Desktop/Personal Work/Movie_data_pipeline/.venv/lib/python3.9/site-packages/airflow/example_dags/example_complex.py
[2024-12-21T10:52:39.036+0530] {logging_mixin.py:190} INFO - [2024-12-21T10:52:39.034+0530] {dag.py:3239} INFO - Sync 1 DAGs
[2024-12-21T10:52:39.057+0530] {logging_mixin.py:190} INFO - [2024-12-21T10:52:39.056+0530] {dag.py:4180} INFO - Setting next_dagrun for example_complex to None, run_after=None
[2024-12-21T10:52:39.084+0530] {processor.py:208} INFO - Processing /Users/jayesh/Desktop/Personal Work/Movie_data_pipeline/.venv/lib/python3.9/site-packages/airflow/example_dags/example_complex.py took 0.330 seconds
[2024-12-21T11:56:13.922+0530] {processor.py:186} INFO - Started process (PID=6857) to work on /Users/jayesh/Desktop/Personal Work/Movie_data_pipeline/.venv/lib/python3.9/site-packages/airflow/example_dags/example_complex.py
[2024-12-21T11:56:13.925+0530] {processor.py:914} INFO - Processing file /Users/jayesh/Desktop/Personal Work/Movie_data_pipeline/.venv/lib/python3.9/site-packages/airflow/example_dags/example_complex.py for tasks to queue
[2024-12-21T11:56:13.928+0530] {logging_mixin.py:190} INFO - [2024-12-21T11:56:13.928+0530] {dagbag.py:588} INFO - Filling up the DagBag from /Users/jayesh/Desktop/Personal Work/Movie_data_pipeline/.venv/lib/python3.9/site-packages/airflow/example_dags/example_complex.py
[2024-12-21T11:56:13.952+0530] {processor.py:925} INFO - DAG(s) 'example_complex' retrieved from /Users/jayesh/Desktop/Personal Work/Movie_data_pipeline/.venv/lib/python3.9/site-packages/airflow/example_dags/example_complex.py
[2024-12-21T11:56:14.269+0530] {logging_mixin.py:190} INFO - [2024-12-21T11:56:14.268+0530] {dag.py:3239} INFO - Sync 1 DAGs
[2024-12-21T11:56:14.290+0530] {logging_mixin.py:190} INFO - [2024-12-21T11:56:14.290+0530] {dag.py:4180} INFO - Setting next_dagrun for example_complex to None, run_after=None
[2024-12-21T11:56:14.321+0530] {processor.py:208} INFO - Processing /Users/jayesh/Desktop/Personal Work/Movie_data_pipeline/.venv/lib/python3.9/site-packages/airflow/example_dags/example_complex.py took 0.404 seconds
[2024-12-21T11:59:25.818+0530] {processor.py:186} INFO - Started process (PID=7543) to work on /Users/jayesh/Desktop/Personal Work/Movie_data_pipeline/.venv/lib/python3.9/site-packages/airflow/example_dags/example_complex.py
[2024-12-21T11:59:25.820+0530] {processor.py:914} INFO - Processing file /Users/jayesh/Desktop/Personal Work/Movie_data_pipeline/.venv/lib/python3.9/site-packages/airflow/example_dags/example_complex.py for tasks to queue
[2024-12-21T11:59:25.822+0530] {logging_mixin.py:190} INFO - [2024-12-21T11:59:25.821+0530] {dagbag.py:588} INFO - Filling up the DagBag from /Users/jayesh/Desktop/Personal Work/Movie_data_pipeline/.venv/lib/python3.9/site-packages/airflow/example_dags/example_complex.py
[2024-12-21T11:59:25.845+0530] {processor.py:925} INFO - DAG(s) 'example_complex' retrieved from /Users/jayesh/Desktop/Personal Work/Movie_data_pipeline/.venv/lib/python3.9/site-packages/airflow/example_dags/example_complex.py
[2024-12-21T11:59:26.153+0530] {logging_mixin.py:190} INFO - [2024-12-21T11:59:26.153+0530] {dag.py:3239} INFO - Sync 1 DAGs
[2024-12-21T11:59:26.174+0530] {logging_mixin.py:190} INFO - [2024-12-21T11:59:26.174+0530] {dag.py:4180} INFO - Setting next_dagrun for example_complex to None, run_after=None
[2024-12-21T11:59:26.205+0530] {processor.py:208} INFO - Processing /Users/jayesh/Desktop/Personal Work/Movie_data_pipeline/.venv/lib/python3.9/site-packages/airflow/example_dags/example_complex.py took 0.393 seconds
[2024-12-21T12:02:49.666+0530] {processor.py:186} INFO - Started process (PID=8256) to work on /Users/jayesh/Desktop/Personal Work/Movie_data_pipeline/.venv/lib/python3.9/site-packages/airflow/example_dags/example_complex.py
[2024-12-21T12:02:49.670+0530] {processor.py:914} INFO - Processing file /Users/jayesh/Desktop/Personal Work/Movie_data_pipeline/.venv/lib/python3.9/site-packages/airflow/example_dags/example_complex.py for tasks to queue
[2024-12-21T12:02:49.673+0530] {logging_mixin.py:190} INFO - [2024-12-21T12:02:49.673+0530] {dagbag.py:588} INFO - Filling up the DagBag from /Users/jayesh/Desktop/Personal Work/Movie_data_pipeline/.venv/lib/python3.9/site-packages/airflow/example_dags/example_complex.py
[2024-12-21T12:02:49.713+0530] {processor.py:925} INFO - DAG(s) 'example_complex' retrieved from /Users/jayesh/Desktop/Personal Work/Movie_data_pipeline/.venv/lib/python3.9/site-packages/airflow/example_dags/example_complex.py
[2024-12-21T12:02:49.995+0530] {logging_mixin.py:190} INFO - [2024-12-21T12:02:49.995+0530] {dag.py:3239} INFO - Sync 1 DAGs
[2024-12-21T12:02:50.025+0530] {logging_mixin.py:190} INFO - [2024-12-21T12:02:50.025+0530] {dag.py:4180} INFO - Setting next_dagrun for example_complex to None, run_after=None
[2024-12-21T12:02:50.053+0530] {processor.py:208} INFO - Processing /Users/jayesh/Desktop/Personal Work/Movie_data_pipeline/.venv/lib/python3.9/site-packages/airflow/example_dags/example_complex.py took 0.397 seconds
[2024-12-21T12:06:18.683+0530] {processor.py:186} INFO - Started process (PID=9001) to work on /Users/jayesh/Desktop/Personal Work/Movie_data_pipeline/.venv/lib/python3.9/site-packages/airflow/example_dags/example_complex.py
[2024-12-21T12:06:18.685+0530] {processor.py:914} INFO - Processing file /Users/jayesh/Desktop/Personal Work/Movie_data_pipeline/.venv/lib/python3.9/site-packages/airflow/example_dags/example_complex.py for tasks to queue
[2024-12-21T12:06:18.687+0530] {logging_mixin.py:190} INFO - [2024-12-21T12:06:18.687+0530] {dagbag.py:588} INFO - Filling up the DagBag from /Users/jayesh/Desktop/Personal Work/Movie_data_pipeline/.venv/lib/python3.9/site-packages/airflow/example_dags/example_complex.py
[2024-12-21T12:06:18.713+0530] {processor.py:925} INFO - DAG(s) 'example_complex' retrieved from /Users/jayesh/Desktop/Personal Work/Movie_data_pipeline/.venv/lib/python3.9/site-packages/airflow/example_dags/example_complex.py
[2024-12-21T12:06:19.007+0530] {logging_mixin.py:190} INFO - [2024-12-21T12:06:19.007+0530] {dag.py:3239} INFO - Sync 1 DAGs
[2024-12-21T12:06:19.048+0530] {logging_mixin.py:190} INFO - [2024-12-21T12:06:19.048+0530] {dag.py:4180} INFO - Setting next_dagrun for example_complex to None, run_after=None
[2024-12-21T12:06:19.091+0530] {processor.py:208} INFO - Processing /Users/jayesh/Desktop/Personal Work/Movie_data_pipeline/.venv/lib/python3.9/site-packages/airflow/example_dags/example_complex.py took 0.416 seconds
[2024-12-21T22:32:23.558+0530] {processor.py:186} INFO - Started process (PID=16032) to work on /Users/jayesh/Desktop/Personal Work/Movie_data_pipeline/.venv/lib/python3.9/site-packages/airflow/example_dags/example_complex.py
[2024-12-21T22:32:23.562+0530] {processor.py:914} INFO - Processing file /Users/jayesh/Desktop/Personal Work/Movie_data_pipeline/.venv/lib/python3.9/site-packages/airflow/example_dags/example_complex.py for tasks to queue
[2024-12-21T22:32:23.568+0530] {logging_mixin.py:190} INFO - [2024-12-21T22:32:23.567+0530] {dagbag.py:588} INFO - Filling up the DagBag from /Users/jayesh/Desktop/Personal Work/Movie_data_pipeline/.venv/lib/python3.9/site-packages/airflow/example_dags/example_complex.py
[2024-12-21T22:32:23.597+0530] {processor.py:925} INFO - DAG(s) 'example_complex' retrieved from /Users/jayesh/Desktop/Personal Work/Movie_data_pipeline/.venv/lib/python3.9/site-packages/airflow/example_dags/example_complex.py
[2024-12-21T22:32:23.686+0530] {logging_mixin.py:190} INFO - [2024-12-21T22:32:23.684+0530] {dag.py:3239} INFO - Sync 1 DAGs
[2024-12-21T22:32:23.718+0530] {logging_mixin.py:190} INFO - [2024-12-21T22:32:23.718+0530] {dag.py:4180} INFO - Setting next_dagrun for example_complex to None, run_after=None
[2024-12-21T22:32:23.753+0530] {processor.py:208} INFO - Processing /Users/jayesh/Desktop/Personal Work/Movie_data_pipeline/.venv/lib/python3.9/site-packages/airflow/example_dags/example_complex.py took 0.209 seconds
[2024-12-21T22:33:00.516+0530] {processor.py:186} INFO - Started process (PID=16271) to work on /Users/jayesh/Desktop/Personal Work/Movie_data_pipeline/.venv/lib/python3.9/site-packages/airflow/example_dags/example_complex.py
[2024-12-21T22:33:00.521+0530] {processor.py:914} INFO - Processing file /Users/jayesh/Desktop/Personal Work/Movie_data_pipeline/.venv/lib/python3.9/site-packages/airflow/example_dags/example_complex.py for tasks to queue
[2024-12-21T22:33:00.530+0530] {logging_mixin.py:190} INFO - [2024-12-21T22:33:00.528+0530] {dagbag.py:588} INFO - Filling up the DagBag from /Users/jayesh/Desktop/Personal Work/Movie_data_pipeline/.venv/lib/python3.9/site-packages/airflow/example_dags/example_complex.py
[2024-12-21T22:33:00.577+0530] {processor.py:925} INFO - DAG(s) 'example_complex' retrieved from /Users/jayesh/Desktop/Personal Work/Movie_data_pipeline/.venv/lib/python3.9/site-packages/airflow/example_dags/example_complex.py
[2024-12-21T22:33:00.855+0530] {logging_mixin.py:190} INFO - [2024-12-21T22:33:00.854+0530] {dag.py:3239} INFO - Sync 1 DAGs
[2024-12-21T22:33:00.899+0530] {logging_mixin.py:190} INFO - [2024-12-21T22:33:00.898+0530] {dag.py:4180} INFO - Setting next_dagrun for example_complex to None, run_after=None
[2024-12-21T22:33:00.947+0530] {processor.py:208} INFO - Processing /Users/jayesh/Desktop/Personal Work/Movie_data_pipeline/.venv/lib/python3.9/site-packages/airflow/example_dags/example_complex.py took 0.452 seconds
[2024-12-21T22:33:31.509+0530] {processor.py:186} INFO - Started process (PID=16478) to work on /Users/jayesh/Desktop/Personal Work/Movie_data_pipeline/.venv/lib/python3.9/site-packages/airflow/example_dags/example_complex.py
[2024-12-21T22:33:31.512+0530] {processor.py:914} INFO - Processing file /Users/jayesh/Desktop/Personal Work/Movie_data_pipeline/.venv/lib/python3.9/site-packages/airflow/example_dags/example_complex.py for tasks to queue
[2024-12-21T22:33:31.517+0530] {logging_mixin.py:190} INFO - [2024-12-21T22:33:31.516+0530] {dagbag.py:588} INFO - Filling up the DagBag from /Users/jayesh/Desktop/Personal Work/Movie_data_pipeline/.venv/lib/python3.9/site-packages/airflow/example_dags/example_complex.py
[2024-12-21T22:33:31.553+0530] {processor.py:925} INFO - DAG(s) 'example_complex' retrieved from /Users/jayesh/Desktop/Personal Work/Movie_data_pipeline/.venv/lib/python3.9/site-packages/airflow/example_dags/example_complex.py
[2024-12-21T22:33:31.654+0530] {logging_mixin.py:190} INFO - [2024-12-21T22:33:31.653+0530] {dag.py:3239} INFO - Sync 1 DAGs
[2024-12-21T22:33:31.696+0530] {logging_mixin.py:190} INFO - [2024-12-21T22:33:31.695+0530] {dag.py:4180} INFO - Setting next_dagrun for example_complex to None, run_after=None
[2024-12-21T22:33:31.741+0530] {processor.py:208} INFO - Processing /Users/jayesh/Desktop/Personal Work/Movie_data_pipeline/.venv/lib/python3.9/site-packages/airflow/example_dags/example_complex.py took 0.246 seconds
[2024-12-21T23:53:08.355+0530] {processor.py:186} INFO - Started process (PID=18172) to work on /Users/jayesh/Desktop/Personal Work/Movie_data_pipeline/.venv/lib/python3.9/site-packages/airflow/example_dags/example_complex.py
[2024-12-21T23:53:08.359+0530] {processor.py:914} INFO - Processing file /Users/jayesh/Desktop/Personal Work/Movie_data_pipeline/.venv/lib/python3.9/site-packages/airflow/example_dags/example_complex.py for tasks to queue
[2024-12-21T23:53:08.368+0530] {logging_mixin.py:190} INFO - [2024-12-21T23:53:08.365+0530] {dagbag.py:588} INFO - Filling up the DagBag from /Users/jayesh/Desktop/Personal Work/Movie_data_pipeline/.venv/lib/python3.9/site-packages/airflow/example_dags/example_complex.py
[2024-12-21T23:53:08.403+0530] {processor.py:925} INFO - DAG(s) 'example_complex' retrieved from /Users/jayesh/Desktop/Personal Work/Movie_data_pipeline/.venv/lib/python3.9/site-packages/airflow/example_dags/example_complex.py
[2024-12-21T23:53:08.510+0530] {logging_mixin.py:190} INFO - [2024-12-21T23:53:08.509+0530] {dag.py:3239} INFO - Sync 1 DAGs
[2024-12-21T23:53:08.543+0530] {logging_mixin.py:190} INFO - [2024-12-21T23:53:08.542+0530] {dag.py:4180} INFO - Setting next_dagrun for example_complex to None, run_after=None
[2024-12-21T23:53:08.579+0530] {processor.py:208} INFO - Processing /Users/jayesh/Desktop/Personal Work/Movie_data_pipeline/.venv/lib/python3.9/site-packages/airflow/example_dags/example_complex.py took 0.236 seconds
[2024-12-21T23:53:40.293+0530] {processor.py:186} INFO - Started process (PID=18369) to work on /Users/jayesh/Desktop/Personal Work/Movie_data_pipeline/.venv/lib/python3.9/site-packages/airflow/example_dags/example_complex.py
[2024-12-21T23:53:40.296+0530] {processor.py:914} INFO - Processing file /Users/jayesh/Desktop/Personal Work/Movie_data_pipeline/.venv/lib/python3.9/site-packages/airflow/example_dags/example_complex.py for tasks to queue
[2024-12-21T23:53:40.302+0530] {logging_mixin.py:190} INFO - [2024-12-21T23:53:40.301+0530] {dagbag.py:588} INFO - Filling up the DagBag from /Users/jayesh/Desktop/Personal Work/Movie_data_pipeline/.venv/lib/python3.9/site-packages/airflow/example_dags/example_complex.py
[2024-12-21T23:53:40.345+0530] {processor.py:925} INFO - DAG(s) 'example_complex' retrieved from /Users/jayesh/Desktop/Personal Work/Movie_data_pipeline/.venv/lib/python3.9/site-packages/airflow/example_dags/example_complex.py
[2024-12-21T23:53:40.448+0530] {logging_mixin.py:190} INFO - [2024-12-21T23:53:40.447+0530] {dag.py:3239} INFO - Sync 1 DAGs
[2024-12-21T23:53:40.483+0530] {logging_mixin.py:190} INFO - [2024-12-21T23:53:40.482+0530] {dag.py:4180} INFO - Setting next_dagrun for example_complex to None, run_after=None
[2024-12-21T23:53:40.519+0530] {processor.py:208} INFO - Processing /Users/jayesh/Desktop/Personal Work/Movie_data_pipeline/.venv/lib/python3.9/site-packages/airflow/example_dags/example_complex.py took 0.240 seconds
