[2024-12-21T10:24:47.562+0530] {processor.py:186} INFO - Started process (PID=2437) to work on /Users/jayesh/Desktop/Personal Work/Movie_data_pipeline/.venv/lib/python3.9/site-packages/airflow/example_dags/example_dag_decorator.py
[2024-12-21T10:24:47.564+0530] {processor.py:914} INFO - Processing file /Users/jayesh/Desktop/Personal Work/Movie_data_pipeline/.venv/lib/python3.9/site-packages/airflow/example_dags/example_dag_decorator.py for tasks to queue
[2024-12-21T10:24:47.565+0530] {logging_mixin.py:190} INFO - [2024-12-21T10:24:47.565+0530] {dagbag.py:588} INFO - Filling up the DagBag from /Users/jayesh/Desktop/Personal Work/Movie_data_pipeline/.venv/lib/python3.9/site-packages/airflow/example_dags/example_dag_decorator.py
[2024-12-21T10:24:48.223+0530] {processor.py:925} INFO - DAG(s) 'example_dag_decorator' retrieved from /Users/jayesh/Desktop/Personal Work/Movie_data_pipeline/.venv/lib/python3.9/site-packages/airflow/example_dags/example_dag_decorator.py
[2024-12-21T10:24:48.632+0530] {logging_mixin.py:190} INFO - [2024-12-21T10:24:48.632+0530] {dag.py:3239} INFO - Sync 1 DAGs
[2024-12-21T10:24:48.653+0530] {logging_mixin.py:190} INFO - [2024-12-21T10:24:48.653+0530] {dag.py:4180} INFO - Setting next_dagrun for example_dag_decorator to None, run_after=None
[2024-12-21T10:24:48.772+0530] {processor.py:208} INFO - Processing /Users/jayesh/Desktop/Personal Work/Movie_data_pipeline/.venv/lib/python3.9/site-packages/airflow/example_dags/example_dag_decorator.py took 1.214 seconds
[2024-12-21T10:27:35.983+0530] {processor.py:186} INFO - Started process (PID=2871) to work on /Users/jayesh/Desktop/Personal Work/Movie_data_pipeline/.venv/lib/python3.9/site-packages/airflow/example_dags/example_dag_decorator.py
[2024-12-21T10:27:35.984+0530] {processor.py:914} INFO - Processing file /Users/jayesh/Desktop/Personal Work/Movie_data_pipeline/.venv/lib/python3.9/site-packages/airflow/example_dags/example_dag_decorator.py for tasks to queue
[2024-12-21T10:27:35.986+0530] {logging_mixin.py:190} INFO - [2024-12-21T10:27:35.985+0530] {dagbag.py:588} INFO - Filling up the DagBag from /Users/jayesh/Desktop/Personal Work/Movie_data_pipeline/.venv/lib/python3.9/site-packages/airflow/example_dags/example_dag_decorator.py
[2024-12-21T10:27:36.261+0530] {processor.py:925} INFO - DAG(s) 'example_dag_decorator' retrieved from /Users/jayesh/Desktop/Personal Work/Movie_data_pipeline/.venv/lib/python3.9/site-packages/airflow/example_dags/example_dag_decorator.py
[2024-12-21T10:27:36.676+0530] {logging_mixin.py:190} INFO - [2024-12-21T10:27:36.675+0530] {dag.py:3239} INFO - Sync 1 DAGs
[2024-12-21T10:27:36.696+0530] {logging_mixin.py:190} INFO - [2024-12-21T10:27:36.696+0530] {dag.py:4180} INFO - Setting next_dagrun for example_dag_decorator to None, run_after=None
[2024-12-21T10:27:36.820+0530] {processor.py:208} INFO - Processing /Users/jayesh/Desktop/Personal Work/Movie_data_pipeline/.venv/lib/python3.9/site-packages/airflow/example_dags/example_dag_decorator.py took 0.842 seconds
[2024-12-21T10:30:18.447+0530] {processor.py:186} INFO - Started process (PID=3318) to work on /Users/jayesh/Desktop/Personal Work/Movie_data_pipeline/.venv/lib/python3.9/site-packages/airflow/example_dags/example_dag_decorator.py
[2024-12-21T10:30:18.449+0530] {processor.py:914} INFO - Processing file /Users/jayesh/Desktop/Personal Work/Movie_data_pipeline/.venv/lib/python3.9/site-packages/airflow/example_dags/example_dag_decorator.py for tasks to queue
[2024-12-21T10:30:18.451+0530] {logging_mixin.py:190} INFO - [2024-12-21T10:30:18.450+0530] {dagbag.py:588} INFO - Filling up the DagBag from /Users/jayesh/Desktop/Personal Work/Movie_data_pipeline/.venv/lib/python3.9/site-packages/airflow/example_dags/example_dag_decorator.py
[2024-12-21T10:30:18.831+0530] {processor.py:925} INFO - DAG(s) 'example_dag_decorator' retrieved from /Users/jayesh/Desktop/Personal Work/Movie_data_pipeline/.venv/lib/python3.9/site-packages/airflow/example_dags/example_dag_decorator.py
[2024-12-21T10:30:19.276+0530] {logging_mixin.py:190} INFO - [2024-12-21T10:30:19.276+0530] {dag.py:3239} INFO - Sync 1 DAGs
[2024-12-21T10:30:19.309+0530] {logging_mixin.py:190} INFO - [2024-12-21T10:30:19.308+0530] {dag.py:4180} INFO - Setting next_dagrun for example_dag_decorator to None, run_after=None
[2024-12-21T10:30:19.474+0530] {processor.py:208} INFO - Processing /Users/jayesh/Desktop/Personal Work/Movie_data_pipeline/.venv/lib/python3.9/site-packages/airflow/example_dags/example_dag_decorator.py took 1.039 seconds
[2024-12-21T10:49:06.885+0530] {processor.py:186} INFO - Started process (PID=4306) to work on /Users/jayesh/Desktop/Personal Work/Movie_data_pipeline/.venv/lib/python3.9/site-packages/airflow/example_dags/example_dag_decorator.py
[2024-12-21T10:49:06.891+0530] {processor.py:914} INFO - Processing file /Users/jayesh/Desktop/Personal Work/Movie_data_pipeline/.venv/lib/python3.9/site-packages/airflow/example_dags/example_dag_decorator.py for tasks to queue
[2024-12-21T10:49:06.894+0530] {logging_mixin.py:190} INFO - [2024-12-21T10:49:06.893+0530] {dagbag.py:588} INFO - Filling up the DagBag from /Users/jayesh/Desktop/Personal Work/Movie_data_pipeline/.venv/lib/python3.9/site-packages/airflow/example_dags/example_dag_decorator.py
[2024-12-21T10:49:07.530+0530] {processor.py:925} INFO - DAG(s) 'example_dag_decorator' retrieved from /Users/jayesh/Desktop/Personal Work/Movie_data_pipeline/.venv/lib/python3.9/site-packages/airflow/example_dags/example_dag_decorator.py
[2024-12-21T10:49:08.539+0530] {logging_mixin.py:190} INFO - [2024-12-21T10:49:08.538+0530] {dag.py:3239} INFO - Sync 1 DAGs
[2024-12-21T10:49:08.588+0530] {logging_mixin.py:190} INFO - [2024-12-21T10:49:08.587+0530] {dag.py:4180} INFO - Setting next_dagrun for example_dag_decorator to None, run_after=None
[2024-12-21T10:49:09.354+0530] {processor.py:208} INFO - Processing /Users/jayesh/Desktop/Personal Work/Movie_data_pipeline/.venv/lib/python3.9/site-packages/airflow/example_dags/example_dag_decorator.py took 2.478 seconds
[2024-12-21T10:52:35.515+0530] {processor.py:186} INFO - Started process (PID=5037) to work on /Users/jayesh/Desktop/Personal Work/Movie_data_pipeline/.venv/lib/python3.9/site-packages/airflow/example_dags/example_dag_decorator.py
[2024-12-21T10:52:35.516+0530] {processor.py:914} INFO - Processing file /Users/jayesh/Desktop/Personal Work/Movie_data_pipeline/.venv/lib/python3.9/site-packages/airflow/example_dags/example_dag_decorator.py for tasks to queue
[2024-12-21T10:52:35.518+0530] {logging_mixin.py:190} INFO - [2024-12-21T10:52:35.517+0530] {dagbag.py:588} INFO - Filling up the DagBag from /Users/jayesh/Desktop/Personal Work/Movie_data_pipeline/.venv/lib/python3.9/site-packages/airflow/example_dags/example_dag_decorator.py
[2024-12-21T10:52:35.857+0530] {processor.py:925} INFO - DAG(s) 'example_dag_decorator' retrieved from /Users/jayesh/Desktop/Personal Work/Movie_data_pipeline/.venv/lib/python3.9/site-packages/airflow/example_dags/example_dag_decorator.py
[2024-12-21T10:52:36.395+0530] {logging_mixin.py:190} INFO - [2024-12-21T10:52:36.394+0530] {dag.py:3239} INFO - Sync 1 DAGs
[2024-12-21T10:52:36.429+0530] {logging_mixin.py:190} INFO - [2024-12-21T10:52:36.429+0530] {dag.py:4180} INFO - Setting next_dagrun for example_dag_decorator to None, run_after=None
[2024-12-21T10:52:36.579+0530] {processor.py:208} INFO - Processing /Users/jayesh/Desktop/Personal Work/Movie_data_pipeline/.venv/lib/python3.9/site-packages/airflow/example_dags/example_dag_decorator.py took 1.069 seconds
[2024-12-21T11:56:12.742+0530] {processor.py:186} INFO - Started process (PID=6852) to work on /Users/jayesh/Desktop/Personal Work/Movie_data_pipeline/.venv/lib/python3.9/site-packages/airflow/example_dags/example_dag_decorator.py
[2024-12-21T11:56:12.746+0530] {processor.py:914} INFO - Processing file /Users/jayesh/Desktop/Personal Work/Movie_data_pipeline/.venv/lib/python3.9/site-packages/airflow/example_dags/example_dag_decorator.py for tasks to queue
[2024-12-21T11:56:12.748+0530] {logging_mixin.py:190} INFO - [2024-12-21T11:56:12.747+0530] {dagbag.py:588} INFO - Filling up the DagBag from /Users/jayesh/Desktop/Personal Work/Movie_data_pipeline/.venv/lib/python3.9/site-packages/airflow/example_dags/example_dag_decorator.py
[2024-12-21T11:56:13.252+0530] {processor.py:925} INFO - DAG(s) 'example_dag_decorator' retrieved from /Users/jayesh/Desktop/Personal Work/Movie_data_pipeline/.venv/lib/python3.9/site-packages/airflow/example_dags/example_dag_decorator.py
[2024-12-21T11:56:13.845+0530] {logging_mixin.py:190} INFO - [2024-12-21T11:56:13.845+0530] {dag.py:3239} INFO - Sync 1 DAGs
[2024-12-21T11:56:13.864+0530] {logging_mixin.py:190} INFO - [2024-12-21T11:56:13.863+0530] {dag.py:4180} INFO - Setting next_dagrun for example_dag_decorator to None, run_after=None
[2024-12-21T11:56:13.980+0530] {processor.py:208} INFO - Processing /Users/jayesh/Desktop/Personal Work/Movie_data_pipeline/.venv/lib/python3.9/site-packages/airflow/example_dags/example_dag_decorator.py took 1.243 seconds
[2024-12-21T11:59:22.329+0530] {processor.py:186} INFO - Started process (PID=7529) to work on /Users/jayesh/Desktop/Personal Work/Movie_data_pipeline/.venv/lib/python3.9/site-packages/airflow/example_dags/example_dag_decorator.py
[2024-12-21T11:59:22.331+0530] {processor.py:914} INFO - Processing file /Users/jayesh/Desktop/Personal Work/Movie_data_pipeline/.venv/lib/python3.9/site-packages/airflow/example_dags/example_dag_decorator.py for tasks to queue
[2024-12-21T11:59:22.334+0530] {logging_mixin.py:190} INFO - [2024-12-21T11:59:22.334+0530] {dagbag.py:588} INFO - Filling up the DagBag from /Users/jayesh/Desktop/Personal Work/Movie_data_pipeline/.venv/lib/python3.9/site-packages/airflow/example_dags/example_dag_decorator.py
[2024-12-21T11:59:23.022+0530] {processor.py:925} INFO - DAG(s) 'example_dag_decorator' retrieved from /Users/jayesh/Desktop/Personal Work/Movie_data_pipeline/.venv/lib/python3.9/site-packages/airflow/example_dags/example_dag_decorator.py
[2024-12-21T11:59:23.533+0530] {logging_mixin.py:190} INFO - [2024-12-21T11:59:23.533+0530] {dag.py:3239} INFO - Sync 1 DAGs
[2024-12-21T11:59:23.552+0530] {logging_mixin.py:190} INFO - [2024-12-21T11:59:23.552+0530] {dag.py:4180} INFO - Setting next_dagrun for example_dag_decorator to None, run_after=None
[2024-12-21T11:59:23.671+0530] {processor.py:208} INFO - Processing /Users/jayesh/Desktop/Personal Work/Movie_data_pipeline/.venv/lib/python3.9/site-packages/airflow/example_dags/example_dag_decorator.py took 1.348 seconds
[2024-12-21T12:02:47.033+0530] {processor.py:186} INFO - Started process (PID=8243) to work on /Users/jayesh/Desktop/Personal Work/Movie_data_pipeline/.venv/lib/python3.9/site-packages/airflow/example_dags/example_dag_decorator.py
[2024-12-21T12:02:47.036+0530] {processor.py:914} INFO - Processing file /Users/jayesh/Desktop/Personal Work/Movie_data_pipeline/.venv/lib/python3.9/site-packages/airflow/example_dags/example_dag_decorator.py for tasks to queue
[2024-12-21T12:02:47.040+0530] {logging_mixin.py:190} INFO - [2024-12-21T12:02:47.039+0530] {dagbag.py:588} INFO - Filling up the DagBag from /Users/jayesh/Desktop/Personal Work/Movie_data_pipeline/.venv/lib/python3.9/site-packages/airflow/example_dags/example_dag_decorator.py
[2024-12-21T12:02:47.551+0530] {processor.py:925} INFO - DAG(s) 'example_dag_decorator' retrieved from /Users/jayesh/Desktop/Personal Work/Movie_data_pipeline/.venv/lib/python3.9/site-packages/airflow/example_dags/example_dag_decorator.py
[2024-12-21T12:02:48.211+0530] {logging_mixin.py:190} INFO - [2024-12-21T12:02:48.211+0530] {dag.py:3239} INFO - Sync 1 DAGs
[2024-12-21T12:02:48.235+0530] {logging_mixin.py:190} INFO - [2024-12-21T12:02:48.235+0530] {dag.py:4180} INFO - Setting next_dagrun for example_dag_decorator to None, run_after=None
[2024-12-21T12:02:48.384+0530] {processor.py:208} INFO - Processing /Users/jayesh/Desktop/Personal Work/Movie_data_pipeline/.venv/lib/python3.9/site-packages/airflow/example_dags/example_dag_decorator.py took 1.359 seconds
[2024-12-21T12:06:14.409+0530] {processor.py:186} INFO - Started process (PID=8990) to work on /Users/jayesh/Desktop/Personal Work/Movie_data_pipeline/.venv/lib/python3.9/site-packages/airflow/example_dags/example_dag_decorator.py
[2024-12-21T12:06:14.415+0530] {processor.py:914} INFO - Processing file /Users/jayesh/Desktop/Personal Work/Movie_data_pipeline/.venv/lib/python3.9/site-packages/airflow/example_dags/example_dag_decorator.py for tasks to queue
[2024-12-21T12:06:14.416+0530] {logging_mixin.py:190} INFO - [2024-12-21T12:06:14.416+0530] {dagbag.py:588} INFO - Filling up the DagBag from /Users/jayesh/Desktop/Personal Work/Movie_data_pipeline/.venv/lib/python3.9/site-packages/airflow/example_dags/example_dag_decorator.py
[2024-12-21T12:06:15.251+0530] {processor.py:925} INFO - DAG(s) 'example_dag_decorator' retrieved from /Users/jayesh/Desktop/Personal Work/Movie_data_pipeline/.venv/lib/python3.9/site-packages/airflow/example_dags/example_dag_decorator.py
[2024-12-21T12:06:15.842+0530] {logging_mixin.py:190} INFO - [2024-12-21T12:06:15.841+0530] {dag.py:3239} INFO - Sync 1 DAGs
[2024-12-21T12:06:15.861+0530] {logging_mixin.py:190} INFO - [2024-12-21T12:06:15.861+0530] {dag.py:4180} INFO - Setting next_dagrun for example_dag_decorator to None, run_after=None
[2024-12-21T12:06:16.005+0530] {processor.py:208} INFO - Processing /Users/jayesh/Desktop/Personal Work/Movie_data_pipeline/.venv/lib/python3.9/site-packages/airflow/example_dags/example_dag_decorator.py took 1.602 seconds
[2024-12-21T22:32:22.939+0530] {processor.py:186} INFO - Started process (PID=16029) to work on /Users/jayesh/Desktop/Personal Work/Movie_data_pipeline/.venv/lib/python3.9/site-packages/airflow/example_dags/example_dag_decorator.py
[2024-12-21T22:32:22.943+0530] {processor.py:914} INFO - Processing file /Users/jayesh/Desktop/Personal Work/Movie_data_pipeline/.venv/lib/python3.9/site-packages/airflow/example_dags/example_dag_decorator.py for tasks to queue
[2024-12-21T22:32:22.952+0530] {logging_mixin.py:190} INFO - [2024-12-21T22:32:22.951+0530] {dagbag.py:588} INFO - Filling up the DagBag from /Users/jayesh/Desktop/Personal Work/Movie_data_pipeline/.venv/lib/python3.9/site-packages/airflow/example_dags/example_dag_decorator.py
[2024-12-21T22:32:22.992+0530] {processor.py:925} INFO - DAG(s) 'example_dag_decorator' retrieved from /Users/jayesh/Desktop/Personal Work/Movie_data_pipeline/.venv/lib/python3.9/site-packages/airflow/example_dags/example_dag_decorator.py
[2024-12-21T22:32:23.439+0530] {logging_mixin.py:190} INFO - [2024-12-21T22:32:23.438+0530] {dag.py:3239} INFO - Sync 1 DAGs
[2024-12-21T22:32:23.459+0530] {logging_mixin.py:190} INFO - [2024-12-21T22:32:23.458+0530] {dag.py:4180} INFO - Setting next_dagrun for example_dag_decorator to None, run_after=None
[2024-12-21T22:32:23.487+0530] {processor.py:208} INFO - Processing /Users/jayesh/Desktop/Personal Work/Movie_data_pipeline/.venv/lib/python3.9/site-packages/airflow/example_dags/example_dag_decorator.py took 0.569 seconds
[2024-12-21T22:32:59.334+0530] {processor.py:186} INFO - Started process (PID=16268) to work on /Users/jayesh/Desktop/Personal Work/Movie_data_pipeline/.venv/lib/python3.9/site-packages/airflow/example_dags/example_dag_decorator.py
[2024-12-21T22:32:59.338+0530] {processor.py:914} INFO - Processing file /Users/jayesh/Desktop/Personal Work/Movie_data_pipeline/.venv/lib/python3.9/site-packages/airflow/example_dags/example_dag_decorator.py for tasks to queue
[2024-12-21T22:32:59.349+0530] {logging_mixin.py:190} INFO - [2024-12-21T22:32:59.348+0530] {dagbag.py:588} INFO - Filling up the DagBag from /Users/jayesh/Desktop/Personal Work/Movie_data_pipeline/.venv/lib/python3.9/site-packages/airflow/example_dags/example_dag_decorator.py
[2024-12-21T22:32:59.400+0530] {processor.py:925} INFO - DAG(s) 'example_dag_decorator' retrieved from /Users/jayesh/Desktop/Personal Work/Movie_data_pipeline/.venv/lib/python3.9/site-packages/airflow/example_dags/example_dag_decorator.py
[2024-12-21T22:33:00.263+0530] {logging_mixin.py:190} INFO - [2024-12-21T22:33:00.262+0530] {dag.py:3239} INFO - Sync 1 DAGs
[2024-12-21T22:33:00.335+0530] {logging_mixin.py:190} INFO - [2024-12-21T22:33:00.334+0530] {dag.py:4180} INFO - Setting next_dagrun for example_dag_decorator to None, run_after=None
[2024-12-21T22:33:00.419+0530] {processor.py:208} INFO - Processing /Users/jayesh/Desktop/Personal Work/Movie_data_pipeline/.venv/lib/python3.9/site-packages/airflow/example_dags/example_dag_decorator.py took 1.108 seconds
[2024-12-21T22:33:30.895+0530] {processor.py:186} INFO - Started process (PID=16474) to work on /Users/jayesh/Desktop/Personal Work/Movie_data_pipeline/.venv/lib/python3.9/site-packages/airflow/example_dags/example_dag_decorator.py
[2024-12-21T22:33:30.898+0530] {processor.py:914} INFO - Processing file /Users/jayesh/Desktop/Personal Work/Movie_data_pipeline/.venv/lib/python3.9/site-packages/airflow/example_dags/example_dag_decorator.py for tasks to queue
[2024-12-21T22:33:30.903+0530] {logging_mixin.py:190} INFO - [2024-12-21T22:33:30.902+0530] {dagbag.py:588} INFO - Filling up the DagBag from /Users/jayesh/Desktop/Personal Work/Movie_data_pipeline/.venv/lib/python3.9/site-packages/airflow/example_dags/example_dag_decorator.py
[2024-12-21T22:33:30.927+0530] {processor.py:925} INFO - DAG(s) 'example_dag_decorator' retrieved from /Users/jayesh/Desktop/Personal Work/Movie_data_pipeline/.venv/lib/python3.9/site-packages/airflow/example_dags/example_dag_decorator.py
[2024-12-21T22:33:31.331+0530] {logging_mixin.py:190} INFO - [2024-12-21T22:33:31.330+0530] {dag.py:3239} INFO - Sync 1 DAGs
[2024-12-21T22:33:31.366+0530] {logging_mixin.py:190} INFO - [2024-12-21T22:33:31.365+0530] {dag.py:4180} INFO - Setting next_dagrun for example_dag_decorator to None, run_after=None
[2024-12-21T22:33:31.443+0530] {processor.py:208} INFO - Processing /Users/jayesh/Desktop/Personal Work/Movie_data_pipeline/.venv/lib/python3.9/site-packages/airflow/example_dags/example_dag_decorator.py took 0.560 seconds
[2024-12-21T23:53:07.782+0530] {processor.py:186} INFO - Started process (PID=18167) to work on /Users/jayesh/Desktop/Personal Work/Movie_data_pipeline/.venv/lib/python3.9/site-packages/airflow/example_dags/example_dag_decorator.py
[2024-12-21T23:53:07.786+0530] {processor.py:914} INFO - Processing file /Users/jayesh/Desktop/Personal Work/Movie_data_pipeline/.venv/lib/python3.9/site-packages/airflow/example_dags/example_dag_decorator.py for tasks to queue
[2024-12-21T23:53:07.791+0530] {logging_mixin.py:190} INFO - [2024-12-21T23:53:07.790+0530] {dagbag.py:588} INFO - Filling up the DagBag from /Users/jayesh/Desktop/Personal Work/Movie_data_pipeline/.venv/lib/python3.9/site-packages/airflow/example_dags/example_dag_decorator.py
[2024-12-21T23:53:07.821+0530] {processor.py:925} INFO - DAG(s) 'example_dag_decorator' retrieved from /Users/jayesh/Desktop/Personal Work/Movie_data_pipeline/.venv/lib/python3.9/site-packages/airflow/example_dags/example_dag_decorator.py
[2024-12-21T23:53:08.219+0530] {logging_mixin.py:190} INFO - [2024-12-21T23:53:08.218+0530] {dag.py:3239} INFO - Sync 1 DAGs
[2024-12-21T23:53:08.249+0530] {logging_mixin.py:190} INFO - [2024-12-21T23:53:08.248+0530] {dag.py:4180} INFO - Setting next_dagrun for example_dag_decorator to None, run_after=None
[2024-12-21T23:53:08.291+0530] {processor.py:208} INFO - Processing /Users/jayesh/Desktop/Personal Work/Movie_data_pipeline/.venv/lib/python3.9/site-packages/airflow/example_dags/example_dag_decorator.py took 0.527 seconds
[2024-12-21T23:53:39.676+0530] {processor.py:186} INFO - Started process (PID=18362) to work on /Users/jayesh/Desktop/Personal Work/Movie_data_pipeline/.venv/lib/python3.9/site-packages/airflow/example_dags/example_dag_decorator.py
[2024-12-21T23:53:39.679+0530] {processor.py:914} INFO - Processing file /Users/jayesh/Desktop/Personal Work/Movie_data_pipeline/.venv/lib/python3.9/site-packages/airflow/example_dags/example_dag_decorator.py for tasks to queue
[2024-12-21T23:53:39.685+0530] {logging_mixin.py:190} INFO - [2024-12-21T23:53:39.684+0530] {dagbag.py:588} INFO - Filling up the DagBag from /Users/jayesh/Desktop/Personal Work/Movie_data_pipeline/.venv/lib/python3.9/site-packages/airflow/example_dags/example_dag_decorator.py
[2024-12-21T23:53:39.719+0530] {processor.py:925} INFO - DAG(s) 'example_dag_decorator' retrieved from /Users/jayesh/Desktop/Personal Work/Movie_data_pipeline/.venv/lib/python3.9/site-packages/airflow/example_dags/example_dag_decorator.py
[2024-12-21T23:53:40.199+0530] {logging_mixin.py:190} INFO - [2024-12-21T23:53:40.198+0530] {dag.py:3239} INFO - Sync 1 DAGs
[2024-12-21T23:53:40.229+0530] {logging_mixin.py:190} INFO - [2024-12-21T23:53:40.228+0530] {dag.py:4180} INFO - Setting next_dagrun for example_dag_decorator to None, run_after=None
[2024-12-21T23:53:40.303+0530] {processor.py:208} INFO - Processing /Users/jayesh/Desktop/Personal Work/Movie_data_pipeline/.venv/lib/python3.9/site-packages/airflow/example_dags/example_dag_decorator.py took 0.648 seconds
