[2024-12-21T10:23:36.648+0530] {processor.py:186} INFO - Started process (PID=2267) to work on /Users/jayesh/Desktop/Personal Work/Movie_data_pipeline/.venv/lib/python3.9/site-packages/airflow/example_dags/example_subdag_operator.py
[2024-12-21T10:23:36.649+0530] {processor.py:914} INFO - Processing file /Users/jayesh/Desktop/Personal Work/Movie_data_pipeline/.venv/lib/python3.9/site-packages/airflow/example_dags/example_subdag_operator.py for tasks to queue
[2024-12-21T10:23:36.651+0530] {logging_mixin.py:190} INFO - [2024-12-21T10:23:36.651+0530] {dagbag.py:588} INFO - Filling up the DagBag from /Users/jayesh/Desktop/Personal Work/Movie_data_pipeline/.venv/lib/python3.9/site-packages/airflow/example_dags/example_subdag_operator.py
[2024-12-21T10:23:36.877+0530] {processor.py:925} INFO - DAG(s) 'example_subdag_operator.section-1', 'example_subdag_operator.section-2', 'example_subdag_operator' retrieved from /Users/jayesh/Desktop/Personal Work/Movie_data_pipeline/.venv/lib/python3.9/site-packages/airflow/example_dags/example_subdag_operator.py
[2024-12-21T10:23:37.890+0530] {logging_mixin.py:190} INFO - [2024-12-21T10:23:37.890+0530] {dag.py:3239} INFO - Sync 3 DAGs
[2024-12-21T10:23:37.929+0530] {logging_mixin.py:190} INFO - [2024-12-21T10:23:37.929+0530] {dag.py:4180} INFO - Setting next_dagrun for example_subdag_operator to 2022-01-01 00:00:00+00:00, run_after=2022-01-01 00:00:00+00:00
[2024-12-21T10:23:37.934+0530] {logging_mixin.py:190} INFO - [2024-12-21T10:23:37.933+0530] {dag.py:4180} INFO - Setting next_dagrun for example_subdag_operator.section-1 to None, run_after=None
[2024-12-21T10:23:37.937+0530] {logging_mixin.py:190} INFO - [2024-12-21T10:23:37.937+0530] {dag.py:4180} INFO - Setting next_dagrun for example_subdag_operator.section-2 to None, run_after=None
[2024-12-21T10:23:37.947+0530] {logging_mixin.py:190} INFO - [2024-12-21T10:23:37.947+0530] {dag.py:3239} INFO - Sync 2 DAGs
[2024-12-21T10:23:37.956+0530] {logging_mixin.py:190} INFO - [2024-12-21T10:23:37.956+0530] {dag.py:4180} INFO - Setting next_dagrun for example_subdag_operator.section-1 to None, run_after=None
[2024-12-21T10:23:37.957+0530] {logging_mixin.py:190} INFO - [2024-12-21T10:23:37.957+0530] {dag.py:4180} INFO - Setting next_dagrun for example_subdag_operator.section-2 to None, run_after=None
[2024-12-21T10:23:37.974+0530] {processor.py:208} INFO - Processing /Users/jayesh/Desktop/Personal Work/Movie_data_pipeline/.venv/lib/python3.9/site-packages/airflow/example_dags/example_subdag_operator.py took 1.331 seconds
[2024-12-21T10:25:57.214+0530] {processor.py:186} INFO - Started process (PID=2609) to work on /Users/jayesh/Desktop/Personal Work/Movie_data_pipeline/.venv/lib/python3.9/site-packages/airflow/example_dags/example_subdag_operator.py
[2024-12-21T10:25:57.217+0530] {processor.py:914} INFO - Processing file /Users/jayesh/Desktop/Personal Work/Movie_data_pipeline/.venv/lib/python3.9/site-packages/airflow/example_dags/example_subdag_operator.py for tasks to queue
[2024-12-21T10:25:57.218+0530] {logging_mixin.py:190} INFO - [2024-12-21T10:25:57.218+0530] {dagbag.py:588} INFO - Filling up the DagBag from /Users/jayesh/Desktop/Personal Work/Movie_data_pipeline/.venv/lib/python3.9/site-packages/airflow/example_dags/example_subdag_operator.py
[2024-12-21T10:25:57.447+0530] {processor.py:925} INFO - DAG(s) 'example_subdag_operator.section-1', 'example_subdag_operator.section-2', 'example_subdag_operator' retrieved from /Users/jayesh/Desktop/Personal Work/Movie_data_pipeline/.venv/lib/python3.9/site-packages/airflow/example_dags/example_subdag_operator.py
[2024-12-21T10:25:58.487+0530] {logging_mixin.py:190} INFO - [2024-12-21T10:25:58.486+0530] {dag.py:3239} INFO - Sync 3 DAGs
[2024-12-21T10:25:58.543+0530] {logging_mixin.py:190} INFO - [2024-12-21T10:25:58.542+0530] {dag.py:4180} INFO - Setting next_dagrun for example_subdag_operator to 2022-01-01 00:00:00+00:00, run_after=2022-01-01 00:00:00+00:00
[2024-12-21T10:25:58.549+0530] {logging_mixin.py:190} INFO - [2024-12-21T10:25:58.549+0530] {dag.py:4180} INFO - Setting next_dagrun for example_subdag_operator.section-1 to None, run_after=None
[2024-12-21T10:25:58.554+0530] {logging_mixin.py:190} INFO - [2024-12-21T10:25:58.553+0530] {dag.py:4180} INFO - Setting next_dagrun for example_subdag_operator.section-2 to None, run_after=None
[2024-12-21T10:25:58.566+0530] {logging_mixin.py:190} INFO - [2024-12-21T10:25:58.566+0530] {dag.py:3239} INFO - Sync 2 DAGs
[2024-12-21T10:25:58.579+0530] {logging_mixin.py:190} INFO - [2024-12-21T10:25:58.579+0530] {dag.py:4180} INFO - Setting next_dagrun for example_subdag_operator.section-1 to None, run_after=None
[2024-12-21T10:25:58.580+0530] {logging_mixin.py:190} INFO - [2024-12-21T10:25:58.580+0530] {dag.py:4180} INFO - Setting next_dagrun for example_subdag_operator.section-2 to None, run_after=None
[2024-12-21T10:25:58.599+0530] {processor.py:208} INFO - Processing /Users/jayesh/Desktop/Personal Work/Movie_data_pipeline/.venv/lib/python3.9/site-packages/airflow/example_dags/example_subdag_operator.py took 1.399 seconds
[2024-12-21T10:27:19.128+0530] {processor.py:186} INFO - Started process (PID=2826) to work on /Users/jayesh/Desktop/Personal Work/Movie_data_pipeline/.venv/lib/python3.9/site-packages/airflow/example_dags/example_subdag_operator.py
[2024-12-21T10:27:19.130+0530] {processor.py:914} INFO - Processing file /Users/jayesh/Desktop/Personal Work/Movie_data_pipeline/.venv/lib/python3.9/site-packages/airflow/example_dags/example_subdag_operator.py for tasks to queue
[2024-12-21T10:27:19.131+0530] {logging_mixin.py:190} INFO - [2024-12-21T10:27:19.131+0530] {dagbag.py:588} INFO - Filling up the DagBag from /Users/jayesh/Desktop/Personal Work/Movie_data_pipeline/.venv/lib/python3.9/site-packages/airflow/example_dags/example_subdag_operator.py
[2024-12-21T10:27:19.378+0530] {processor.py:925} INFO - DAG(s) 'example_subdag_operator.section-1', 'example_subdag_operator.section-2', 'example_subdag_operator' retrieved from /Users/jayesh/Desktop/Personal Work/Movie_data_pipeline/.venv/lib/python3.9/site-packages/airflow/example_dags/example_subdag_operator.py
[2024-12-21T10:27:20.344+0530] {logging_mixin.py:190} INFO - [2024-12-21T10:27:20.343+0530] {dag.py:3239} INFO - Sync 3 DAGs
[2024-12-21T10:27:20.385+0530] {logging_mixin.py:190} INFO - [2024-12-21T10:27:20.384+0530] {dag.py:4180} INFO - Setting next_dagrun for example_subdag_operator to 2022-01-01 00:00:00+00:00, run_after=2022-01-01 00:00:00+00:00
[2024-12-21T10:27:20.392+0530] {logging_mixin.py:190} INFO - [2024-12-21T10:27:20.391+0530] {dag.py:4180} INFO - Setting next_dagrun for example_subdag_operator.section-1 to None, run_after=None
[2024-12-21T10:27:20.394+0530] {logging_mixin.py:190} INFO - [2024-12-21T10:27:20.394+0530] {dag.py:4180} INFO - Setting next_dagrun for example_subdag_operator.section-2 to None, run_after=None
[2024-12-21T10:27:20.405+0530] {logging_mixin.py:190} INFO - [2024-12-21T10:27:20.405+0530] {dag.py:3239} INFO - Sync 2 DAGs
[2024-12-21T10:27:20.417+0530] {logging_mixin.py:190} INFO - [2024-12-21T10:27:20.416+0530] {dag.py:4180} INFO - Setting next_dagrun for example_subdag_operator.section-1 to None, run_after=None
[2024-12-21T10:27:20.418+0530] {logging_mixin.py:190} INFO - [2024-12-21T10:27:20.417+0530] {dag.py:4180} INFO - Setting next_dagrun for example_subdag_operator.section-2 to None, run_after=None
[2024-12-21T10:27:20.441+0530] {processor.py:208} INFO - Processing /Users/jayesh/Desktop/Personal Work/Movie_data_pipeline/.venv/lib/python3.9/site-packages/airflow/example_dags/example_subdag_operator.py took 1.318 seconds
[2024-12-21T10:28:32.825+0530] {processor.py:186} INFO - Started process (PID=3040) to work on /Users/jayesh/Desktop/Personal Work/Movie_data_pipeline/.venv/lib/python3.9/site-packages/airflow/example_dags/example_subdag_operator.py
[2024-12-21T10:28:32.829+0530] {processor.py:914} INFO - Processing file /Users/jayesh/Desktop/Personal Work/Movie_data_pipeline/.venv/lib/python3.9/site-packages/airflow/example_dags/example_subdag_operator.py for tasks to queue
[2024-12-21T10:28:32.831+0530] {logging_mixin.py:190} INFO - [2024-12-21T10:28:32.831+0530] {dagbag.py:588} INFO - Filling up the DagBag from /Users/jayesh/Desktop/Personal Work/Movie_data_pipeline/.venv/lib/python3.9/site-packages/airflow/example_dags/example_subdag_operator.py
[2024-12-21T10:28:33.067+0530] {processor.py:925} INFO - DAG(s) 'example_subdag_operator.section-1', 'example_subdag_operator.section-2', 'example_subdag_operator' retrieved from /Users/jayesh/Desktop/Personal Work/Movie_data_pipeline/.venv/lib/python3.9/site-packages/airflow/example_dags/example_subdag_operator.py
[2024-12-21T10:28:34.048+0530] {logging_mixin.py:190} INFO - [2024-12-21T10:28:34.047+0530] {dag.py:3239} INFO - Sync 3 DAGs
[2024-12-21T10:28:34.086+0530] {logging_mixin.py:190} INFO - [2024-12-21T10:28:34.086+0530] {dag.py:4180} INFO - Setting next_dagrun for example_subdag_operator to 2022-01-01 00:00:00+00:00, run_after=2022-01-01 00:00:00+00:00
[2024-12-21T10:28:34.092+0530] {logging_mixin.py:190} INFO - [2024-12-21T10:28:34.091+0530] {dag.py:4180} INFO - Setting next_dagrun for example_subdag_operator.section-1 to None, run_after=None
[2024-12-21T10:28:34.094+0530] {logging_mixin.py:190} INFO - [2024-12-21T10:28:34.093+0530] {dag.py:4180} INFO - Setting next_dagrun for example_subdag_operator.section-2 to None, run_after=None
[2024-12-21T10:28:34.104+0530] {logging_mixin.py:190} INFO - [2024-12-21T10:28:34.104+0530] {dag.py:3239} INFO - Sync 2 DAGs
[2024-12-21T10:28:34.114+0530] {logging_mixin.py:190} INFO - [2024-12-21T10:28:34.113+0530] {dag.py:4180} INFO - Setting next_dagrun for example_subdag_operator.section-1 to None, run_after=None
[2024-12-21T10:28:34.115+0530] {logging_mixin.py:190} INFO - [2024-12-21T10:28:34.114+0530] {dag.py:4180} INFO - Setting next_dagrun for example_subdag_operator.section-2 to None, run_after=None
[2024-12-21T10:28:34.132+0530] {processor.py:208} INFO - Processing /Users/jayesh/Desktop/Personal Work/Movie_data_pipeline/.venv/lib/python3.9/site-packages/airflow/example_dags/example_subdag_operator.py took 1.317 seconds
[2024-12-21T10:29:54.816+0530] {processor.py:186} INFO - Started process (PID=3264) to work on /Users/jayesh/Desktop/Personal Work/Movie_data_pipeline/.venv/lib/python3.9/site-packages/airflow/example_dags/example_subdag_operator.py
[2024-12-21T10:29:54.817+0530] {processor.py:914} INFO - Processing file /Users/jayesh/Desktop/Personal Work/Movie_data_pipeline/.venv/lib/python3.9/site-packages/airflow/example_dags/example_subdag_operator.py for tasks to queue
[2024-12-21T10:29:54.819+0530] {logging_mixin.py:190} INFO - [2024-12-21T10:29:54.818+0530] {dagbag.py:588} INFO - Filling up the DagBag from /Users/jayesh/Desktop/Personal Work/Movie_data_pipeline/.venv/lib/python3.9/site-packages/airflow/example_dags/example_subdag_operator.py
[2024-12-21T10:29:55.315+0530] {processor.py:925} INFO - DAG(s) 'example_subdag_operator.section-1', 'example_subdag_operator.section-2', 'example_subdag_operator' retrieved from /Users/jayesh/Desktop/Personal Work/Movie_data_pipeline/.venv/lib/python3.9/site-packages/airflow/example_dags/example_subdag_operator.py
[2024-12-21T10:29:56.415+0530] {logging_mixin.py:190} INFO - [2024-12-21T10:29:56.415+0530] {dag.py:3239} INFO - Sync 3 DAGs
[2024-12-21T10:29:56.463+0530] {logging_mixin.py:190} INFO - [2024-12-21T10:29:56.463+0530] {dag.py:4180} INFO - Setting next_dagrun for example_subdag_operator to 2022-01-01 00:00:00+00:00, run_after=2022-01-01 00:00:00+00:00
[2024-12-21T10:29:56.470+0530] {logging_mixin.py:190} INFO - [2024-12-21T10:29:56.469+0530] {dag.py:4180} INFO - Setting next_dagrun for example_subdag_operator.section-1 to None, run_after=None
[2024-12-21T10:29:56.472+0530] {logging_mixin.py:190} INFO - [2024-12-21T10:29:56.472+0530] {dag.py:4180} INFO - Setting next_dagrun for example_subdag_operator.section-2 to None, run_after=None
[2024-12-21T10:29:56.484+0530] {logging_mixin.py:190} INFO - [2024-12-21T10:29:56.484+0530] {dag.py:3239} INFO - Sync 2 DAGs
[2024-12-21T10:29:56.497+0530] {logging_mixin.py:190} INFO - [2024-12-21T10:29:56.496+0530] {dag.py:4180} INFO - Setting next_dagrun for example_subdag_operator.section-1 to None, run_after=None
[2024-12-21T10:29:56.498+0530] {logging_mixin.py:190} INFO - [2024-12-21T10:29:56.498+0530] {dag.py:4180} INFO - Setting next_dagrun for example_subdag_operator.section-2 to None, run_after=None
[2024-12-21T10:29:56.517+0530] {processor.py:208} INFO - Processing /Users/jayesh/Desktop/Personal Work/Movie_data_pipeline/.venv/lib/python3.9/site-packages/airflow/example_dags/example_subdag_operator.py took 1.708 seconds
[2024-12-21T10:48:05.606+0530] {processor.py:186} INFO - Started process (PID=4138) to work on /Users/jayesh/Desktop/Personal Work/Movie_data_pipeline/.venv/lib/python3.9/site-packages/airflow/example_dags/example_subdag_operator.py
[2024-12-21T10:48:05.609+0530] {processor.py:914} INFO - Processing file /Users/jayesh/Desktop/Personal Work/Movie_data_pipeline/.venv/lib/python3.9/site-packages/airflow/example_dags/example_subdag_operator.py for tasks to queue
[2024-12-21T10:48:05.611+0530] {logging_mixin.py:190} INFO - [2024-12-21T10:48:05.610+0530] {dagbag.py:588} INFO - Filling up the DagBag from /Users/jayesh/Desktop/Personal Work/Movie_data_pipeline/.venv/lib/python3.9/site-packages/airflow/example_dags/example_subdag_operator.py
[2024-12-21T10:48:05.848+0530] {processor.py:925} INFO - DAG(s) 'example_subdag_operator.section-1', 'example_subdag_operator.section-2', 'example_subdag_operator' retrieved from /Users/jayesh/Desktop/Personal Work/Movie_data_pipeline/.venv/lib/python3.9/site-packages/airflow/example_dags/example_subdag_operator.py
[2024-12-21T10:48:06.727+0530] {logging_mixin.py:190} INFO - [2024-12-21T10:48:06.726+0530] {dag.py:3239} INFO - Sync 3 DAGs
[2024-12-21T10:48:06.762+0530] {logging_mixin.py:190} INFO - [2024-12-21T10:48:06.761+0530] {dag.py:4180} INFO - Setting next_dagrun for example_subdag_operator to 2022-01-01 00:00:00+00:00, run_after=2022-01-01 00:00:00+00:00
[2024-12-21T10:48:06.766+0530] {logging_mixin.py:190} INFO - [2024-12-21T10:48:06.766+0530] {dag.py:4180} INFO - Setting next_dagrun for example_subdag_operator.section-1 to None, run_after=None
[2024-12-21T10:48:06.769+0530] {logging_mixin.py:190} INFO - [2024-12-21T10:48:06.768+0530] {dag.py:4180} INFO - Setting next_dagrun for example_subdag_operator.section-2 to None, run_after=None
[2024-12-21T10:48:06.778+0530] {logging_mixin.py:190} INFO - [2024-12-21T10:48:06.778+0530] {dag.py:3239} INFO - Sync 2 DAGs
[2024-12-21T10:48:06.786+0530] {logging_mixin.py:190} INFO - [2024-12-21T10:48:06.786+0530] {dag.py:4180} INFO - Setting next_dagrun for example_subdag_operator.section-1 to None, run_after=None
[2024-12-21T10:48:06.787+0530] {logging_mixin.py:190} INFO - [2024-12-21T10:48:06.786+0530] {dag.py:4180} INFO - Setting next_dagrun for example_subdag_operator.section-2 to None, run_after=None
[2024-12-21T10:48:06.802+0530] {processor.py:208} INFO - Processing /Users/jayesh/Desktop/Personal Work/Movie_data_pipeline/.venv/lib/python3.9/site-packages/airflow/example_dags/example_subdag_operator.py took 1.201 seconds
[2024-12-21T10:50:20.008+0530] {processor.py:186} INFO - Started process (PID=4565) to work on /Users/jayesh/Desktop/Personal Work/Movie_data_pipeline/.venv/lib/python3.9/site-packages/airflow/example_dags/example_subdag_operator.py
[2024-12-21T10:50:20.010+0530] {processor.py:914} INFO - Processing file /Users/jayesh/Desktop/Personal Work/Movie_data_pipeline/.venv/lib/python3.9/site-packages/airflow/example_dags/example_subdag_operator.py for tasks to queue
[2024-12-21T10:50:20.012+0530] {logging_mixin.py:190} INFO - [2024-12-21T10:50:20.011+0530] {dagbag.py:588} INFO - Filling up the DagBag from /Users/jayesh/Desktop/Personal Work/Movie_data_pipeline/.venv/lib/python3.9/site-packages/airflow/example_dags/example_subdag_operator.py
[2024-12-21T10:50:20.322+0530] {processor.py:925} INFO - DAG(s) 'example_subdag_operator.section-1', 'example_subdag_operator.section-2', 'example_subdag_operator' retrieved from /Users/jayesh/Desktop/Personal Work/Movie_data_pipeline/.venv/lib/python3.9/site-packages/airflow/example_dags/example_subdag_operator.py
[2024-12-21T10:50:21.685+0530] {logging_mixin.py:190} INFO - [2024-12-21T10:50:21.684+0530] {dag.py:3239} INFO - Sync 3 DAGs
[2024-12-21T10:50:21.740+0530] {logging_mixin.py:190} INFO - [2024-12-21T10:50:21.739+0530] {dag.py:4180} INFO - Setting next_dagrun for example_subdag_operator to 2022-01-01 00:00:00+00:00, run_after=2022-01-01 00:00:00+00:00
[2024-12-21T10:50:21.746+0530] {logging_mixin.py:190} INFO - [2024-12-21T10:50:21.745+0530] {dag.py:4180} INFO - Setting next_dagrun for example_subdag_operator.section-1 to None, run_after=None
[2024-12-21T10:50:21.749+0530] {logging_mixin.py:190} INFO - [2024-12-21T10:50:21.748+0530] {dag.py:4180} INFO - Setting next_dagrun for example_subdag_operator.section-2 to None, run_after=None
[2024-12-21T10:50:21.762+0530] {logging_mixin.py:190} INFO - [2024-12-21T10:50:21.761+0530] {dag.py:3239} INFO - Sync 2 DAGs
[2024-12-21T10:50:21.771+0530] {logging_mixin.py:190} INFO - [2024-12-21T10:50:21.771+0530] {dag.py:4180} INFO - Setting next_dagrun for example_subdag_operator.section-1 to None, run_after=None
[2024-12-21T10:50:21.772+0530] {logging_mixin.py:190} INFO - [2024-12-21T10:50:21.771+0530] {dag.py:4180} INFO - Setting next_dagrun for example_subdag_operator.section-2 to None, run_after=None
[2024-12-21T10:50:21.789+0530] {processor.py:208} INFO - Processing /Users/jayesh/Desktop/Personal Work/Movie_data_pipeline/.venv/lib/python3.9/site-packages/airflow/example_dags/example_subdag_operator.py took 1.787 seconds
[2024-12-21T10:52:07.882+0530] {processor.py:186} INFO - Started process (PID=4939) to work on /Users/jayesh/Desktop/Personal Work/Movie_data_pipeline/.venv/lib/python3.9/site-packages/airflow/example_dags/example_subdag_operator.py
[2024-12-21T10:52:07.884+0530] {processor.py:914} INFO - Processing file /Users/jayesh/Desktop/Personal Work/Movie_data_pipeline/.venv/lib/python3.9/site-packages/airflow/example_dags/example_subdag_operator.py for tasks to queue
[2024-12-21T10:52:07.887+0530] {logging_mixin.py:190} INFO - [2024-12-21T10:52:07.887+0530] {dagbag.py:588} INFO - Filling up the DagBag from /Users/jayesh/Desktop/Personal Work/Movie_data_pipeline/.venv/lib/python3.9/site-packages/airflow/example_dags/example_subdag_operator.py
[2024-12-21T10:52:08.212+0530] {processor.py:925} INFO - DAG(s) 'example_subdag_operator.section-1', 'example_subdag_operator.section-2', 'example_subdag_operator' retrieved from /Users/jayesh/Desktop/Personal Work/Movie_data_pipeline/.venv/lib/python3.9/site-packages/airflow/example_dags/example_subdag_operator.py
[2024-12-21T10:52:09.548+0530] {logging_mixin.py:190} INFO - [2024-12-21T10:52:09.546+0530] {dag.py:3239} INFO - Sync 3 DAGs
[2024-12-21T10:52:09.653+0530] {logging_mixin.py:190} INFO - [2024-12-21T10:52:09.652+0530] {dag.py:4180} INFO - Setting next_dagrun for example_subdag_operator to 2022-01-01 00:00:00+00:00, run_after=2022-01-01 00:00:00+00:00
[2024-12-21T10:52:09.661+0530] {logging_mixin.py:190} INFO - [2024-12-21T10:52:09.661+0530] {dag.py:4180} INFO - Setting next_dagrun for example_subdag_operator.section-1 to None, run_after=None
[2024-12-21T10:52:09.664+0530] {logging_mixin.py:190} INFO - [2024-12-21T10:52:09.663+0530] {dag.py:4180} INFO - Setting next_dagrun for example_subdag_operator.section-2 to None, run_after=None
[2024-12-21T10:52:09.676+0530] {logging_mixin.py:190} INFO - [2024-12-21T10:52:09.676+0530] {dag.py:3239} INFO - Sync 2 DAGs
[2024-12-21T10:52:09.687+0530] {logging_mixin.py:190} INFO - [2024-12-21T10:52:09.687+0530] {dag.py:4180} INFO - Setting next_dagrun for example_subdag_operator.section-1 to None, run_after=None
[2024-12-21T10:52:09.688+0530] {logging_mixin.py:190} INFO - [2024-12-21T10:52:09.688+0530] {dag.py:4180} INFO - Setting next_dagrun for example_subdag_operator.section-2 to None, run_after=None
[2024-12-21T10:52:09.706+0530] {processor.py:208} INFO - Processing /Users/jayesh/Desktop/Personal Work/Movie_data_pipeline/.venv/lib/python3.9/site-packages/airflow/example_dags/example_subdag_operator.py took 1.838 seconds
[2024-12-21T10:53:52.232+0530] {processor.py:186} INFO - Started process (PID=5298) to work on /Users/jayesh/Desktop/Personal Work/Movie_data_pipeline/.venv/lib/python3.9/site-packages/airflow/example_dags/example_subdag_operator.py
[2024-12-21T10:53:52.233+0530] {processor.py:914} INFO - Processing file /Users/jayesh/Desktop/Personal Work/Movie_data_pipeline/.venv/lib/python3.9/site-packages/airflow/example_dags/example_subdag_operator.py for tasks to queue
[2024-12-21T10:53:52.235+0530] {logging_mixin.py:190} INFO - [2024-12-21T10:53:52.235+0530] {dagbag.py:588} INFO - Filling up the DagBag from /Users/jayesh/Desktop/Personal Work/Movie_data_pipeline/.venv/lib/python3.9/site-packages/airflow/example_dags/example_subdag_operator.py
[2024-12-21T10:53:53.164+0530] {processor.py:925} INFO - DAG(s) 'example_subdag_operator.section-1', 'example_subdag_operator.section-2', 'example_subdag_operator' retrieved from /Users/jayesh/Desktop/Personal Work/Movie_data_pipeline/.venv/lib/python3.9/site-packages/airflow/example_dags/example_subdag_operator.py
[2024-12-21T10:53:54.860+0530] {logging_mixin.py:190} INFO - [2024-12-21T10:53:54.859+0530] {dag.py:3239} INFO - Sync 3 DAGs
[2024-12-21T10:53:54.925+0530] {logging_mixin.py:190} INFO - [2024-12-21T10:53:54.924+0530] {dag.py:4180} INFO - Setting next_dagrun for example_subdag_operator to 2022-01-01 00:00:00+00:00, run_after=2022-01-01 00:00:00+00:00
[2024-12-21T10:53:54.933+0530] {logging_mixin.py:190} INFO - [2024-12-21T10:53:54.933+0530] {dag.py:4180} INFO - Setting next_dagrun for example_subdag_operator.section-1 to None, run_after=None
[2024-12-21T10:53:54.935+0530] {logging_mixin.py:190} INFO - [2024-12-21T10:53:54.935+0530] {dag.py:4180} INFO - Setting next_dagrun for example_subdag_operator.section-2 to None, run_after=None
[2024-12-21T10:53:54.959+0530] {logging_mixin.py:190} INFO - [2024-12-21T10:53:54.958+0530] {dag.py:3239} INFO - Sync 2 DAGs
[2024-12-21T10:53:55.044+0530] {logging_mixin.py:190} INFO - [2024-12-21T10:53:55.044+0530] {dag.py:4180} INFO - Setting next_dagrun for example_subdag_operator.section-1 to None, run_after=None
[2024-12-21T10:53:55.048+0530] {logging_mixin.py:190} INFO - [2024-12-21T10:53:55.045+0530] {dag.py:4180} INFO - Setting next_dagrun for example_subdag_operator.section-2 to None, run_after=None
[2024-12-21T10:53:55.085+0530] {processor.py:208} INFO - Processing /Users/jayesh/Desktop/Personal Work/Movie_data_pipeline/.venv/lib/python3.9/site-packages/airflow/example_dags/example_subdag_operator.py took 2.858 seconds
[2024-12-21T11:55:12.596+0530] {processor.py:186} INFO - Started process (PID=6627) to work on /Users/jayesh/Desktop/Personal Work/Movie_data_pipeline/.venv/lib/python3.9/site-packages/airflow/example_dags/example_subdag_operator.py
[2024-12-21T11:55:12.599+0530] {processor.py:914} INFO - Processing file /Users/jayesh/Desktop/Personal Work/Movie_data_pipeline/.venv/lib/python3.9/site-packages/airflow/example_dags/example_subdag_operator.py for tasks to queue
[2024-12-21T11:55:12.601+0530] {logging_mixin.py:190} INFO - [2024-12-21T11:55:12.601+0530] {dagbag.py:588} INFO - Filling up the DagBag from /Users/jayesh/Desktop/Personal Work/Movie_data_pipeline/.venv/lib/python3.9/site-packages/airflow/example_dags/example_subdag_operator.py
[2024-12-21T11:55:12.836+0530] {processor.py:925} INFO - DAG(s) 'example_subdag_operator.section-1', 'example_subdag_operator.section-2', 'example_subdag_operator' retrieved from /Users/jayesh/Desktop/Personal Work/Movie_data_pipeline/.venv/lib/python3.9/site-packages/airflow/example_dags/example_subdag_operator.py
[2024-12-21T11:55:13.803+0530] {logging_mixin.py:190} INFO - [2024-12-21T11:55:13.802+0530] {dag.py:3239} INFO - Sync 3 DAGs
[2024-12-21T11:55:13.835+0530] {logging_mixin.py:190} INFO - [2024-12-21T11:55:13.835+0530] {dag.py:4180} INFO - Setting next_dagrun for example_subdag_operator to 2022-01-01 00:00:00+00:00, run_after=2022-01-01 00:00:00+00:00
[2024-12-21T11:55:13.840+0530] {logging_mixin.py:190} INFO - [2024-12-21T11:55:13.840+0530] {dag.py:4180} INFO - Setting next_dagrun for example_subdag_operator.section-1 to None, run_after=None
[2024-12-21T11:55:13.843+0530] {logging_mixin.py:190} INFO - [2024-12-21T11:55:13.843+0530] {dag.py:4180} INFO - Setting next_dagrun for example_subdag_operator.section-2 to None, run_after=None
[2024-12-21T11:55:13.853+0530] {logging_mixin.py:190} INFO - [2024-12-21T11:55:13.853+0530] {dag.py:3239} INFO - Sync 2 DAGs
[2024-12-21T11:55:13.865+0530] {logging_mixin.py:190} INFO - [2024-12-21T11:55:13.864+0530] {dag.py:4180} INFO - Setting next_dagrun for example_subdag_operator.section-1 to None, run_after=None
[2024-12-21T11:55:13.865+0530] {logging_mixin.py:190} INFO - [2024-12-21T11:55:13.865+0530] {dag.py:4180} INFO - Setting next_dagrun for example_subdag_operator.section-2 to None, run_after=None
[2024-12-21T11:55:13.887+0530] {processor.py:208} INFO - Processing /Users/jayesh/Desktop/Personal Work/Movie_data_pipeline/.venv/lib/python3.9/site-packages/airflow/example_dags/example_subdag_operator.py took 1.298 seconds
[2024-12-21T11:57:19.267+0530] {processor.py:186} INFO - Started process (PID=7078) to work on /Users/jayesh/Desktop/Personal Work/Movie_data_pipeline/.venv/lib/python3.9/site-packages/airflow/example_dags/example_subdag_operator.py
[2024-12-21T11:57:19.268+0530] {processor.py:914} INFO - Processing file /Users/jayesh/Desktop/Personal Work/Movie_data_pipeline/.venv/lib/python3.9/site-packages/airflow/example_dags/example_subdag_operator.py for tasks to queue
[2024-12-21T11:57:19.272+0530] {logging_mixin.py:190} INFO - [2024-12-21T11:57:19.271+0530] {dagbag.py:588} INFO - Filling up the DagBag from /Users/jayesh/Desktop/Personal Work/Movie_data_pipeline/.venv/lib/python3.9/site-packages/airflow/example_dags/example_subdag_operator.py
[2024-12-21T11:57:19.647+0530] {processor.py:925} INFO - DAG(s) 'example_subdag_operator.section-1', 'example_subdag_operator.section-2', 'example_subdag_operator' retrieved from /Users/jayesh/Desktop/Personal Work/Movie_data_pipeline/.venv/lib/python3.9/site-packages/airflow/example_dags/example_subdag_operator.py
[2024-12-21T11:57:21.051+0530] {logging_mixin.py:190} INFO - [2024-12-21T11:57:21.051+0530] {dag.py:3239} INFO - Sync 3 DAGs
[2024-12-21T11:57:21.089+0530] {logging_mixin.py:190} INFO - [2024-12-21T11:57:21.088+0530] {dag.py:4180} INFO - Setting next_dagrun for example_subdag_operator to 2022-01-01 00:00:00+00:00, run_after=2022-01-01 00:00:00+00:00
[2024-12-21T11:57:21.097+0530] {logging_mixin.py:190} INFO - [2024-12-21T11:57:21.095+0530] {dag.py:4180} INFO - Setting next_dagrun for example_subdag_operator.section-1 to None, run_after=None
[2024-12-21T11:57:21.101+0530] {logging_mixin.py:190} INFO - [2024-12-21T11:57:21.101+0530] {dag.py:4180} INFO - Setting next_dagrun for example_subdag_operator.section-2 to None, run_after=None
[2024-12-21T11:57:21.116+0530] {logging_mixin.py:190} INFO - [2024-12-21T11:57:21.116+0530] {dag.py:3239} INFO - Sync 2 DAGs
[2024-12-21T11:57:21.126+0530] {logging_mixin.py:190} INFO - [2024-12-21T11:57:21.126+0530] {dag.py:4180} INFO - Setting next_dagrun for example_subdag_operator.section-1 to None, run_after=None
[2024-12-21T11:57:21.127+0530] {logging_mixin.py:190} INFO - [2024-12-21T11:57:21.127+0530] {dag.py:4180} INFO - Setting next_dagrun for example_subdag_operator.section-2 to None, run_after=None
[2024-12-21T11:57:21.149+0530] {processor.py:208} INFO - Processing /Users/jayesh/Desktop/Personal Work/Movie_data_pipeline/.venv/lib/python3.9/site-packages/airflow/example_dags/example_subdag_operator.py took 1.890 seconds
[2024-12-21T11:58:52.954+0530] {processor.py:186} INFO - Started process (PID=7429) to work on /Users/jayesh/Desktop/Personal Work/Movie_data_pipeline/.venv/lib/python3.9/site-packages/airflow/example_dags/example_subdag_operator.py
[2024-12-21T11:58:52.959+0530] {processor.py:914} INFO - Processing file /Users/jayesh/Desktop/Personal Work/Movie_data_pipeline/.venv/lib/python3.9/site-packages/airflow/example_dags/example_subdag_operator.py for tasks to queue
[2024-12-21T11:58:52.961+0530] {logging_mixin.py:190} INFO - [2024-12-21T11:58:52.961+0530] {dagbag.py:588} INFO - Filling up the DagBag from /Users/jayesh/Desktop/Personal Work/Movie_data_pipeline/.venv/lib/python3.9/site-packages/airflow/example_dags/example_subdag_operator.py
[2024-12-21T11:58:53.238+0530] {processor.py:925} INFO - DAG(s) 'example_subdag_operator.section-1', 'example_subdag_operator.section-2', 'example_subdag_operator' retrieved from /Users/jayesh/Desktop/Personal Work/Movie_data_pipeline/.venv/lib/python3.9/site-packages/airflow/example_dags/example_subdag_operator.py
[2024-12-21T11:58:54.699+0530] {logging_mixin.py:190} INFO - [2024-12-21T11:58:54.698+0530] {dag.py:3239} INFO - Sync 3 DAGs
[2024-12-21T11:58:54.735+0530] {logging_mixin.py:190} INFO - [2024-12-21T11:58:54.735+0530] {dag.py:4180} INFO - Setting next_dagrun for example_subdag_operator to 2022-01-01 00:00:00+00:00, run_after=2022-01-01 00:00:00+00:00
[2024-12-21T11:58:54.740+0530] {logging_mixin.py:190} INFO - [2024-12-21T11:58:54.739+0530] {dag.py:4180} INFO - Setting next_dagrun for example_subdag_operator.section-1 to None, run_after=None
[2024-12-21T11:58:54.743+0530] {logging_mixin.py:190} INFO - [2024-12-21T11:58:54.742+0530] {dag.py:4180} INFO - Setting next_dagrun for example_subdag_operator.section-2 to None, run_after=None
[2024-12-21T11:58:54.754+0530] {logging_mixin.py:190} INFO - [2024-12-21T11:58:54.754+0530] {dag.py:3239} INFO - Sync 2 DAGs
[2024-12-21T11:58:54.762+0530] {logging_mixin.py:190} INFO - [2024-12-21T11:58:54.762+0530] {dag.py:4180} INFO - Setting next_dagrun for example_subdag_operator.section-1 to None, run_after=None
[2024-12-21T11:58:54.763+0530] {logging_mixin.py:190} INFO - [2024-12-21T11:58:54.763+0530] {dag.py:4180} INFO - Setting next_dagrun for example_subdag_operator.section-2 to None, run_after=None
[2024-12-21T11:58:54.824+0530] {processor.py:208} INFO - Processing /Users/jayesh/Desktop/Personal Work/Movie_data_pipeline/.venv/lib/python3.9/site-packages/airflow/example_dags/example_subdag_operator.py took 1.881 seconds
[2024-12-21T12:00:36.265+0530] {processor.py:186} INFO - Started process (PID=7792) to work on /Users/jayesh/Desktop/Personal Work/Movie_data_pipeline/.venv/lib/python3.9/site-packages/airflow/example_dags/example_subdag_operator.py
[2024-12-21T12:00:36.267+0530] {processor.py:914} INFO - Processing file /Users/jayesh/Desktop/Personal Work/Movie_data_pipeline/.venv/lib/python3.9/site-packages/airflow/example_dags/example_subdag_operator.py for tasks to queue
[2024-12-21T12:00:36.270+0530] {logging_mixin.py:190} INFO - [2024-12-21T12:00:36.270+0530] {dagbag.py:588} INFO - Filling up the DagBag from /Users/jayesh/Desktop/Personal Work/Movie_data_pipeline/.venv/lib/python3.9/site-packages/airflow/example_dags/example_subdag_operator.py
[2024-12-21T12:00:36.544+0530] {processor.py:925} INFO - DAG(s) 'example_subdag_operator.section-1', 'example_subdag_operator.section-2', 'example_subdag_operator' retrieved from /Users/jayesh/Desktop/Personal Work/Movie_data_pipeline/.venv/lib/python3.9/site-packages/airflow/example_dags/example_subdag_operator.py
[2024-12-21T12:00:37.539+0530] {logging_mixin.py:190} INFO - [2024-12-21T12:00:37.538+0530] {dag.py:3239} INFO - Sync 3 DAGs
[2024-12-21T12:00:37.571+0530] {logging_mixin.py:190} INFO - [2024-12-21T12:00:37.571+0530] {dag.py:4180} INFO - Setting next_dagrun for example_subdag_operator to 2022-01-01 00:00:00+00:00, run_after=2022-01-01 00:00:00+00:00
[2024-12-21T12:00:37.576+0530] {logging_mixin.py:190} INFO - [2024-12-21T12:00:37.575+0530] {dag.py:4180} INFO - Setting next_dagrun for example_subdag_operator.section-1 to None, run_after=None
[2024-12-21T12:00:37.578+0530] {logging_mixin.py:190} INFO - [2024-12-21T12:00:37.578+0530] {dag.py:4180} INFO - Setting next_dagrun for example_subdag_operator.section-2 to None, run_after=None
[2024-12-21T12:00:37.588+0530] {logging_mixin.py:190} INFO - [2024-12-21T12:00:37.588+0530] {dag.py:3239} INFO - Sync 2 DAGs
[2024-12-21T12:00:37.596+0530] {logging_mixin.py:190} INFO - [2024-12-21T12:00:37.596+0530] {dag.py:4180} INFO - Setting next_dagrun for example_subdag_operator.section-1 to None, run_after=None
[2024-12-21T12:00:37.597+0530] {logging_mixin.py:190} INFO - [2024-12-21T12:00:37.597+0530] {dag.py:4180} INFO - Setting next_dagrun for example_subdag_operator.section-2 to None, run_after=None
[2024-12-21T12:00:37.614+0530] {processor.py:208} INFO - Processing /Users/jayesh/Desktop/Personal Work/Movie_data_pipeline/.venv/lib/python3.9/site-packages/airflow/example_dags/example_subdag_operator.py took 1.356 seconds
[2024-12-21T12:02:14.885+0530] {processor.py:186} INFO - Started process (PID=8138) to work on /Users/jayesh/Desktop/Personal Work/Movie_data_pipeline/.venv/lib/python3.9/site-packages/airflow/example_dags/example_subdag_operator.py
[2024-12-21T12:02:14.888+0530] {processor.py:914} INFO - Processing file /Users/jayesh/Desktop/Personal Work/Movie_data_pipeline/.venv/lib/python3.9/site-packages/airflow/example_dags/example_subdag_operator.py for tasks to queue
[2024-12-21T12:02:14.891+0530] {logging_mixin.py:190} INFO - [2024-12-21T12:02:14.890+0530] {dagbag.py:588} INFO - Filling up the DagBag from /Users/jayesh/Desktop/Personal Work/Movie_data_pipeline/.venv/lib/python3.9/site-packages/airflow/example_dags/example_subdag_operator.py
[2024-12-21T12:02:15.202+0530] {processor.py:925} INFO - DAG(s) 'example_subdag_operator.section-1', 'example_subdag_operator.section-2', 'example_subdag_operator' retrieved from /Users/jayesh/Desktop/Personal Work/Movie_data_pipeline/.venv/lib/python3.9/site-packages/airflow/example_dags/example_subdag_operator.py
[2024-12-21T12:02:17.126+0530] {logging_mixin.py:190} INFO - [2024-12-21T12:02:17.125+0530] {dag.py:3239} INFO - Sync 3 DAGs
[2024-12-21T12:02:17.211+0530] {logging_mixin.py:190} INFO - [2024-12-21T12:02:17.211+0530] {dag.py:4180} INFO - Setting next_dagrun for example_subdag_operator to 2022-01-01 00:00:00+00:00, run_after=2022-01-01 00:00:00+00:00
[2024-12-21T12:02:17.224+0530] {logging_mixin.py:190} INFO - [2024-12-21T12:02:17.223+0530] {dag.py:4180} INFO - Setting next_dagrun for example_subdag_operator.section-1 to None, run_after=None
[2024-12-21T12:02:17.226+0530] {logging_mixin.py:190} INFO - [2024-12-21T12:02:17.226+0530] {dag.py:4180} INFO - Setting next_dagrun for example_subdag_operator.section-2 to None, run_after=None
[2024-12-21T12:02:17.286+0530] {logging_mixin.py:190} INFO - [2024-12-21T12:02:17.285+0530] {dag.py:3239} INFO - Sync 2 DAGs
[2024-12-21T12:02:17.301+0530] {logging_mixin.py:190} INFO - [2024-12-21T12:02:17.301+0530] {dag.py:4180} INFO - Setting next_dagrun for example_subdag_operator.section-1 to None, run_after=None
[2024-12-21T12:02:17.302+0530] {logging_mixin.py:190} INFO - [2024-12-21T12:02:17.302+0530] {dag.py:4180} INFO - Setting next_dagrun for example_subdag_operator.section-2 to None, run_after=None
[2024-12-21T12:02:17.369+0530] {processor.py:208} INFO - Processing /Users/jayesh/Desktop/Personal Work/Movie_data_pipeline/.venv/lib/python3.9/site-packages/airflow/example_dags/example_subdag_operator.py took 2.489 seconds
[2024-12-21T12:03:59.670+0530] {processor.py:186} INFO - Started process (PID=8507) to work on /Users/jayesh/Desktop/Personal Work/Movie_data_pipeline/.venv/lib/python3.9/site-packages/airflow/example_dags/example_subdag_operator.py
[2024-12-21T12:03:59.675+0530] {processor.py:914} INFO - Processing file /Users/jayesh/Desktop/Personal Work/Movie_data_pipeline/.venv/lib/python3.9/site-packages/airflow/example_dags/example_subdag_operator.py for tasks to queue
[2024-12-21T12:03:59.678+0530] {logging_mixin.py:190} INFO - [2024-12-21T12:03:59.677+0530] {dagbag.py:588} INFO - Filling up the DagBag from /Users/jayesh/Desktop/Personal Work/Movie_data_pipeline/.venv/lib/python3.9/site-packages/airflow/example_dags/example_subdag_operator.py
[2024-12-21T12:04:00.333+0530] {processor.py:925} INFO - DAG(s) 'example_subdag_operator.section-1', 'example_subdag_operator.section-2', 'example_subdag_operator' retrieved from /Users/jayesh/Desktop/Personal Work/Movie_data_pipeline/.venv/lib/python3.9/site-packages/airflow/example_dags/example_subdag_operator.py
[2024-12-21T12:04:02.180+0530] {logging_mixin.py:190} INFO - [2024-12-21T12:04:02.179+0530] {dag.py:3239} INFO - Sync 3 DAGs
[2024-12-21T12:04:02.245+0530] {logging_mixin.py:190} INFO - [2024-12-21T12:04:02.244+0530] {dag.py:4180} INFO - Setting next_dagrun for example_subdag_operator to 2022-01-01 00:00:00+00:00, run_after=2022-01-01 00:00:00+00:00
[2024-12-21T12:04:02.251+0530] {logging_mixin.py:190} INFO - [2024-12-21T12:04:02.251+0530] {dag.py:4180} INFO - Setting next_dagrun for example_subdag_operator.section-1 to None, run_after=None
[2024-12-21T12:04:02.253+0530] {logging_mixin.py:190} INFO - [2024-12-21T12:04:02.253+0530] {dag.py:4180} INFO - Setting next_dagrun for example_subdag_operator.section-2 to None, run_after=None
[2024-12-21T12:04:02.277+0530] {logging_mixin.py:190} INFO - [2024-12-21T12:04:02.277+0530] {dag.py:3239} INFO - Sync 2 DAGs
[2024-12-21T12:04:02.287+0530] {logging_mixin.py:190} INFO - [2024-12-21T12:04:02.287+0530] {dag.py:4180} INFO - Setting next_dagrun for example_subdag_operator.section-1 to None, run_after=None
[2024-12-21T12:04:02.288+0530] {logging_mixin.py:190} INFO - [2024-12-21T12:04:02.288+0530] {dag.py:4180} INFO - Setting next_dagrun for example_subdag_operator.section-2 to None, run_after=None
[2024-12-21T12:04:02.311+0530] {processor.py:208} INFO - Processing /Users/jayesh/Desktop/Personal Work/Movie_data_pipeline/.venv/lib/python3.9/site-packages/airflow/example_dags/example_subdag_operator.py took 2.650 seconds
[2024-12-21T12:05:46.348+0530] {processor.py:186} INFO - Started process (PID=8886) to work on /Users/jayesh/Desktop/Personal Work/Movie_data_pipeline/.venv/lib/python3.9/site-packages/airflow/example_dags/example_subdag_operator.py
[2024-12-21T12:05:46.350+0530] {processor.py:914} INFO - Processing file /Users/jayesh/Desktop/Personal Work/Movie_data_pipeline/.venv/lib/python3.9/site-packages/airflow/example_dags/example_subdag_operator.py for tasks to queue
[2024-12-21T12:05:46.352+0530] {logging_mixin.py:190} INFO - [2024-12-21T12:05:46.352+0530] {dagbag.py:588} INFO - Filling up the DagBag from /Users/jayesh/Desktop/Personal Work/Movie_data_pipeline/.venv/lib/python3.9/site-packages/airflow/example_dags/example_subdag_operator.py
[2024-12-21T12:05:46.596+0530] {processor.py:925} INFO - DAG(s) 'example_subdag_operator.section-1', 'example_subdag_operator.section-2', 'example_subdag_operator' retrieved from /Users/jayesh/Desktop/Personal Work/Movie_data_pipeline/.venv/lib/python3.9/site-packages/airflow/example_dags/example_subdag_operator.py
[2024-12-21T12:05:47.532+0530] {logging_mixin.py:190} INFO - [2024-12-21T12:05:47.531+0530] {dag.py:3239} INFO - Sync 3 DAGs
[2024-12-21T12:05:47.599+0530] {logging_mixin.py:190} INFO - [2024-12-21T12:05:47.598+0530] {dag.py:4180} INFO - Setting next_dagrun for example_subdag_operator to 2022-01-01 00:00:00+00:00, run_after=2022-01-01 00:00:00+00:00
[2024-12-21T12:05:47.613+0530] {logging_mixin.py:190} INFO - [2024-12-21T12:05:47.613+0530] {dag.py:4180} INFO - Setting next_dagrun for example_subdag_operator.section-1 to None, run_after=None
[2024-12-21T12:05:47.616+0530] {logging_mixin.py:190} INFO - [2024-12-21T12:05:47.616+0530] {dag.py:4180} INFO - Setting next_dagrun for example_subdag_operator.section-2 to None, run_after=None
[2024-12-21T12:05:47.634+0530] {logging_mixin.py:190} INFO - [2024-12-21T12:05:47.633+0530] {dag.py:3239} INFO - Sync 2 DAGs
[2024-12-21T12:05:47.654+0530] {logging_mixin.py:190} INFO - [2024-12-21T12:05:47.653+0530] {dag.py:4180} INFO - Setting next_dagrun for example_subdag_operator.section-1 to None, run_after=None
[2024-12-21T12:05:47.654+0530] {logging_mixin.py:190} INFO - [2024-12-21T12:05:47.654+0530] {dag.py:4180} INFO - Setting next_dagrun for example_subdag_operator.section-2 to None, run_after=None
[2024-12-21T12:05:47.682+0530] {processor.py:208} INFO - Processing /Users/jayesh/Desktop/Personal Work/Movie_data_pipeline/.venv/lib/python3.9/site-packages/airflow/example_dags/example_subdag_operator.py took 1.339 seconds
[2024-12-21T22:32:14.456+0530] {processor.py:186} INFO - Started process (PID=15928) to work on /Users/jayesh/Desktop/Personal Work/Movie_data_pipeline/.venv/lib/python3.9/site-packages/airflow/example_dags/example_subdag_operator.py
[2024-12-21T22:32:14.459+0530] {processor.py:914} INFO - Processing file /Users/jayesh/Desktop/Personal Work/Movie_data_pipeline/.venv/lib/python3.9/site-packages/airflow/example_dags/example_subdag_operator.py for tasks to queue
[2024-12-21T22:32:14.467+0530] {logging_mixin.py:190} INFO - [2024-12-21T22:32:14.466+0530] {dagbag.py:588} INFO - Filling up the DagBag from /Users/jayesh/Desktop/Personal Work/Movie_data_pipeline/.venv/lib/python3.9/site-packages/airflow/example_dags/example_subdag_operator.py
[2024-12-21T22:32:14.783+0530] {processor.py:925} INFO - DAG(s) 'example_subdag_operator.section-1', 'example_subdag_operator.section-2', 'example_subdag_operator' retrieved from /Users/jayesh/Desktop/Personal Work/Movie_data_pipeline/.venv/lib/python3.9/site-packages/airflow/example_dags/example_subdag_operator.py
[2024-12-21T22:32:14.846+0530] {logging_mixin.py:190} INFO - [2024-12-21T22:32:14.844+0530] {dag.py:3239} INFO - Sync 3 DAGs
[2024-12-21T22:32:14.958+0530] {logging_mixin.py:190} INFO - [2024-12-21T22:32:14.957+0530] {dag.py:4180} INFO - Setting next_dagrun for example_subdag_operator to 2022-01-01 00:00:00+00:00, run_after=2022-01-01 00:00:00+00:00
[2024-12-21T22:32:14.967+0530] {logging_mixin.py:190} INFO - [2024-12-21T22:32:14.966+0530] {dag.py:4180} INFO - Setting next_dagrun for example_subdag_operator.section-1 to None, run_after=None
[2024-12-21T22:32:14.974+0530] {logging_mixin.py:190} INFO - [2024-12-21T22:32:14.973+0530] {dag.py:4180} INFO - Setting next_dagrun for example_subdag_operator.section-2 to None, run_after=None
[2024-12-21T22:32:15.000+0530] {logging_mixin.py:190} INFO - [2024-12-21T22:32:15.000+0530] {dag.py:3239} INFO - Sync 2 DAGs
[2024-12-21T22:32:15.044+0530] {logging_mixin.py:190} INFO - [2024-12-21T22:32:15.039+0530] {dag.py:4180} INFO - Setting next_dagrun for example_subdag_operator.section-1 to None, run_after=None
[2024-12-21T22:32:15.049+0530] {logging_mixin.py:190} INFO - [2024-12-21T22:32:15.048+0530] {dag.py:4180} INFO - Setting next_dagrun for example_subdag_operator.section-2 to None, run_after=None
[2024-12-21T22:32:15.204+0530] {processor.py:208} INFO - Processing /Users/jayesh/Desktop/Personal Work/Movie_data_pipeline/.venv/lib/python3.9/site-packages/airflow/example_dags/example_subdag_operator.py took 0.769 seconds
[2024-12-21T22:32:46.998+0530] {processor.py:186} INFO - Started process (PID=16176) to work on /Users/jayesh/Desktop/Personal Work/Movie_data_pipeline/.venv/lib/python3.9/site-packages/airflow/example_dags/example_subdag_operator.py
[2024-12-21T22:32:47.003+0530] {processor.py:914} INFO - Processing file /Users/jayesh/Desktop/Personal Work/Movie_data_pipeline/.venv/lib/python3.9/site-packages/airflow/example_dags/example_subdag_operator.py for tasks to queue
[2024-12-21T22:32:47.017+0530] {logging_mixin.py:190} INFO - [2024-12-21T22:32:47.015+0530] {dagbag.py:588} INFO - Filling up the DagBag from /Users/jayesh/Desktop/Personal Work/Movie_data_pipeline/.venv/lib/python3.9/site-packages/airflow/example_dags/example_subdag_operator.py
[2024-12-21T22:32:47.269+0530] {processor.py:925} INFO - DAG(s) 'example_subdag_operator.section-1', 'example_subdag_operator.section-2', 'example_subdag_operator' retrieved from /Users/jayesh/Desktop/Personal Work/Movie_data_pipeline/.venv/lib/python3.9/site-packages/airflow/example_dags/example_subdag_operator.py
[2024-12-21T22:32:47.331+0530] {logging_mixin.py:190} INFO - [2024-12-21T22:32:47.330+0530] {dag.py:3239} INFO - Sync 3 DAGs
[2024-12-21T22:32:47.451+0530] {logging_mixin.py:190} INFO - [2024-12-21T22:32:47.450+0530] {dag.py:4180} INFO - Setting next_dagrun for example_subdag_operator to 2022-01-01 00:00:00+00:00, run_after=2022-01-01 00:00:00+00:00
[2024-12-21T22:32:47.466+0530] {logging_mixin.py:190} INFO - [2024-12-21T22:32:47.465+0530] {dag.py:4180} INFO - Setting next_dagrun for example_subdag_operator.section-1 to None, run_after=None
[2024-12-21T22:32:47.487+0530] {logging_mixin.py:190} INFO - [2024-12-21T22:32:47.486+0530] {dag.py:4180} INFO - Setting next_dagrun for example_subdag_operator.section-2 to None, run_after=None
[2024-12-21T22:32:47.517+0530] {logging_mixin.py:190} INFO - [2024-12-21T22:32:47.517+0530] {dag.py:3239} INFO - Sync 2 DAGs
[2024-12-21T22:32:47.550+0530] {logging_mixin.py:190} INFO - [2024-12-21T22:32:47.550+0530] {dag.py:4180} INFO - Setting next_dagrun for example_subdag_operator.section-1 to None, run_after=None
[2024-12-21T22:32:47.554+0530] {logging_mixin.py:190} INFO - [2024-12-21T22:32:47.552+0530] {dag.py:4180} INFO - Setting next_dagrun for example_subdag_operator.section-2 to None, run_after=None
[2024-12-21T22:32:47.645+0530] {processor.py:208} INFO - Processing /Users/jayesh/Desktop/Personal Work/Movie_data_pipeline/.venv/lib/python3.9/site-packages/airflow/example_dags/example_subdag_operator.py took 0.677 seconds
[2024-12-21T22:33:17.855+0530] {processor.py:186} INFO - Started process (PID=16378) to work on /Users/jayesh/Desktop/Personal Work/Movie_data_pipeline/.venv/lib/python3.9/site-packages/airflow/example_dags/example_subdag_operator.py
[2024-12-21T22:33:17.859+0530] {processor.py:914} INFO - Processing file /Users/jayesh/Desktop/Personal Work/Movie_data_pipeline/.venv/lib/python3.9/site-packages/airflow/example_dags/example_subdag_operator.py for tasks to queue
[2024-12-21T22:33:17.864+0530] {logging_mixin.py:190} INFO - [2024-12-21T22:33:17.863+0530] {dagbag.py:588} INFO - Filling up the DagBag from /Users/jayesh/Desktop/Personal Work/Movie_data_pipeline/.venv/lib/python3.9/site-packages/airflow/example_dags/example_subdag_operator.py
[2024-12-21T22:33:17.964+0530] {processor.py:925} INFO - DAG(s) 'example_subdag_operator.section-1', 'example_subdag_operator.section-2', 'example_subdag_operator' retrieved from /Users/jayesh/Desktop/Personal Work/Movie_data_pipeline/.venv/lib/python3.9/site-packages/airflow/example_dags/example_subdag_operator.py
[2024-12-21T22:33:17.995+0530] {logging_mixin.py:190} INFO - [2024-12-21T22:33:17.994+0530] {dag.py:3239} INFO - Sync 3 DAGs
[2024-12-21T22:33:18.036+0530] {logging_mixin.py:190} INFO - [2024-12-21T22:33:18.035+0530] {dag.py:4180} INFO - Setting next_dagrun for example_subdag_operator to 2022-01-01 00:00:00+00:00, run_after=2022-01-01 00:00:00+00:00
[2024-12-21T22:33:18.043+0530] {logging_mixin.py:190} INFO - [2024-12-21T22:33:18.043+0530] {dag.py:4180} INFO - Setting next_dagrun for example_subdag_operator.section-1 to None, run_after=None
[2024-12-21T22:33:18.046+0530] {logging_mixin.py:190} INFO - [2024-12-21T22:33:18.045+0530] {dag.py:4180} INFO - Setting next_dagrun for example_subdag_operator.section-2 to None, run_after=None
[2024-12-21T22:33:18.058+0530] {logging_mixin.py:190} INFO - [2024-12-21T22:33:18.058+0530] {dag.py:3239} INFO - Sync 2 DAGs
[2024-12-21T22:33:18.067+0530] {logging_mixin.py:190} INFO - [2024-12-21T22:33:18.067+0530] {dag.py:4180} INFO - Setting next_dagrun for example_subdag_operator.section-1 to None, run_after=None
[2024-12-21T22:33:18.068+0530] {logging_mixin.py:190} INFO - [2024-12-21T22:33:18.068+0530] {dag.py:4180} INFO - Setting next_dagrun for example_subdag_operator.section-2 to None, run_after=None
[2024-12-21T22:33:18.105+0530] {processor.py:208} INFO - Processing /Users/jayesh/Desktop/Personal Work/Movie_data_pipeline/.venv/lib/python3.9/site-packages/airflow/example_dags/example_subdag_operator.py took 0.266 seconds
[2024-12-21T23:52:54.976+0530] {processor.py:186} INFO - Started process (PID=18037) to work on /Users/jayesh/Desktop/Personal Work/Movie_data_pipeline/.venv/lib/python3.9/site-packages/airflow/example_dags/example_subdag_operator.py
[2024-12-21T23:52:54.980+0530] {processor.py:914} INFO - Processing file /Users/jayesh/Desktop/Personal Work/Movie_data_pipeline/.venv/lib/python3.9/site-packages/airflow/example_dags/example_subdag_operator.py for tasks to queue
[2024-12-21T23:52:54.991+0530] {logging_mixin.py:190} INFO - [2024-12-21T23:52:54.989+0530] {dagbag.py:588} INFO - Filling up the DagBag from /Users/jayesh/Desktop/Personal Work/Movie_data_pipeline/.venv/lib/python3.9/site-packages/airflow/example_dags/example_subdag_operator.py
[2024-12-21T23:52:55.158+0530] {processor.py:925} INFO - DAG(s) 'example_subdag_operator.section-1', 'example_subdag_operator.section-2', 'example_subdag_operator' retrieved from /Users/jayesh/Desktop/Personal Work/Movie_data_pipeline/.venv/lib/python3.9/site-packages/airflow/example_dags/example_subdag_operator.py
[2024-12-21T23:52:55.384+0530] {logging_mixin.py:190} INFO - [2024-12-21T23:52:55.382+0530] {dag.py:3239} INFO - Sync 3 DAGs
[2024-12-21T23:52:55.591+0530] {logging_mixin.py:190} INFO - [2024-12-21T23:52:55.588+0530] {dag.py:4180} INFO - Setting next_dagrun for example_subdag_operator to 2022-01-01 00:00:00+00:00, run_after=2022-01-01 00:00:00+00:00
[2024-12-21T23:52:55.603+0530] {logging_mixin.py:190} INFO - [2024-12-21T23:52:55.602+0530] {dag.py:4180} INFO - Setting next_dagrun for example_subdag_operator.section-1 to None, run_after=None
[2024-12-21T23:52:55.608+0530] {logging_mixin.py:190} INFO - [2024-12-21T23:52:55.607+0530] {dag.py:4180} INFO - Setting next_dagrun for example_subdag_operator.section-2 to None, run_after=None
[2024-12-21T23:52:55.634+0530] {logging_mixin.py:190} INFO - [2024-12-21T23:52:55.633+0530] {dag.py:3239} INFO - Sync 2 DAGs
[2024-12-21T23:52:55.654+0530] {logging_mixin.py:190} INFO - [2024-12-21T23:52:55.653+0530] {dag.py:4180} INFO - Setting next_dagrun for example_subdag_operator.section-1 to None, run_after=None
[2024-12-21T23:52:55.656+0530] {logging_mixin.py:190} INFO - [2024-12-21T23:52:55.655+0530] {dag.py:4180} INFO - Setting next_dagrun for example_subdag_operator.section-2 to None, run_after=None
[2024-12-21T23:52:55.824+0530] {processor.py:208} INFO - Processing /Users/jayesh/Desktop/Personal Work/Movie_data_pipeline/.venv/lib/python3.9/site-packages/airflow/example_dags/example_subdag_operator.py took 0.867 seconds
[2024-12-21T23:53:26.135+0530] {processor.py:186} INFO - Started process (PID=18273) to work on /Users/jayesh/Desktop/Personal Work/Movie_data_pipeline/.venv/lib/python3.9/site-packages/airflow/example_dags/example_subdag_operator.py
[2024-12-21T23:53:26.142+0530] {processor.py:914} INFO - Processing file /Users/jayesh/Desktop/Personal Work/Movie_data_pipeline/.venv/lib/python3.9/site-packages/airflow/example_dags/example_subdag_operator.py for tasks to queue
[2024-12-21T23:53:26.154+0530] {logging_mixin.py:190} INFO - [2024-12-21T23:53:26.149+0530] {dagbag.py:588} INFO - Filling up the DagBag from /Users/jayesh/Desktop/Personal Work/Movie_data_pipeline/.venv/lib/python3.9/site-packages/airflow/example_dags/example_subdag_operator.py
[2024-12-21T23:53:26.285+0530] {processor.py:925} INFO - DAG(s) 'example_subdag_operator.section-1', 'example_subdag_operator.section-2', 'example_subdag_operator' retrieved from /Users/jayesh/Desktop/Personal Work/Movie_data_pipeline/.venv/lib/python3.9/site-packages/airflow/example_dags/example_subdag_operator.py
[2024-12-21T23:53:26.330+0530] {logging_mixin.py:190} INFO - [2024-12-21T23:53:26.329+0530] {dag.py:3239} INFO - Sync 3 DAGs
[2024-12-21T23:53:26.390+0530] {logging_mixin.py:190} INFO - [2024-12-21T23:53:26.389+0530] {dag.py:4180} INFO - Setting next_dagrun for example_subdag_operator to 2022-01-01 00:00:00+00:00, run_after=2022-01-01 00:00:00+00:00
[2024-12-21T23:53:26.398+0530] {logging_mixin.py:190} INFO - [2024-12-21T23:53:26.398+0530] {dag.py:4180} INFO - Setting next_dagrun for example_subdag_operator.section-1 to None, run_after=None
[2024-12-21T23:53:26.402+0530] {logging_mixin.py:190} INFO - [2024-12-21T23:53:26.401+0530] {dag.py:4180} INFO - Setting next_dagrun for example_subdag_operator.section-2 to None, run_after=None
[2024-12-21T23:53:26.420+0530] {logging_mixin.py:190} INFO - [2024-12-21T23:53:26.419+0530] {dag.py:3239} INFO - Sync 2 DAGs
[2024-12-21T23:53:26.433+0530] {logging_mixin.py:190} INFO - [2024-12-21T23:53:26.433+0530] {dag.py:4180} INFO - Setting next_dagrun for example_subdag_operator.section-1 to None, run_after=None
[2024-12-21T23:53:26.435+0530] {logging_mixin.py:190} INFO - [2024-12-21T23:53:26.434+0530] {dag.py:4180} INFO - Setting next_dagrun for example_subdag_operator.section-2 to None, run_after=None
[2024-12-21T23:53:26.490+0530] {processor.py:208} INFO - Processing /Users/jayesh/Desktop/Personal Work/Movie_data_pipeline/.venv/lib/python3.9/site-packages/airflow/example_dags/example_subdag_operator.py took 0.376 seconds
