[2024-12-21T10:24:59.766+0530] {processor.py:186} INFO - Started process (PID=2466) to work on /Users/jayesh/Desktop/Personal Work/Movie_data_pipeline/.venv/lib/python3.9/site-packages/airflow/example_dags/example_branch_day_of_week_operator.py
[2024-12-21T10:24:59.767+0530] {processor.py:914} INFO - Processing file /Users/jayesh/Desktop/Personal Work/Movie_data_pipeline/.venv/lib/python3.9/site-packages/airflow/example_dags/example_branch_day_of_week_operator.py for tasks to queue
[2024-12-21T10:24:59.772+0530] {logging_mixin.py:190} INFO - [2024-12-21T10:24:59.772+0530] {dagbag.py:588} INFO - Filling up the DagBag from /Users/jayesh/Desktop/Personal Work/Movie_data_pipeline/.venv/lib/python3.9/site-packages/airflow/example_dags/example_branch_day_of_week_operator.py
[2024-12-21T10:24:59.795+0530] {processor.py:925} INFO - DAG(s) 'example_weekday_branch_operator' retrieved from /Users/jayesh/Desktop/Personal Work/Movie_data_pipeline/.venv/lib/python3.9/site-packages/airflow/example_dags/example_branch_day_of_week_operator.py
[2024-12-21T10:25:00.119+0530] {logging_mixin.py:190} INFO - [2024-12-21T10:25:00.119+0530] {dag.py:3239} INFO - Sync 1 DAGs
[2024-12-21T10:25:00.162+0530] {logging_mixin.py:190} INFO - [2024-12-21T10:25:00.162+0530] {dag.py:4180} INFO - Setting next_dagrun for example_weekday_branch_operator to 2024-12-20 00:00:00+00:00, run_after=2024-12-21 00:00:00+00:00
[2024-12-21T10:25:00.237+0530] {processor.py:208} INFO - Processing /Users/jayesh/Desktop/Personal Work/Movie_data_pipeline/.venv/lib/python3.9/site-packages/airflow/example_dags/example_branch_day_of_week_operator.py took 0.478 seconds
[2024-12-21T10:27:46.787+0530] {processor.py:186} INFO - Started process (PID=2913) to work on /Users/jayesh/Desktop/Personal Work/Movie_data_pipeline/.venv/lib/python3.9/site-packages/airflow/example_dags/example_branch_day_of_week_operator.py
[2024-12-21T10:27:46.788+0530] {processor.py:914} INFO - Processing file /Users/jayesh/Desktop/Personal Work/Movie_data_pipeline/.venv/lib/python3.9/site-packages/airflow/example_dags/example_branch_day_of_week_operator.py for tasks to queue
[2024-12-21T10:27:46.790+0530] {logging_mixin.py:190} INFO - [2024-12-21T10:27:46.790+0530] {dagbag.py:588} INFO - Filling up the DagBag from /Users/jayesh/Desktop/Personal Work/Movie_data_pipeline/.venv/lib/python3.9/site-packages/airflow/example_dags/example_branch_day_of_week_operator.py
[2024-12-21T10:27:46.805+0530] {processor.py:925} INFO - DAG(s) 'example_weekday_branch_operator' retrieved from /Users/jayesh/Desktop/Personal Work/Movie_data_pipeline/.venv/lib/python3.9/site-packages/airflow/example_dags/example_branch_day_of_week_operator.py
[2024-12-21T10:27:47.014+0530] {logging_mixin.py:190} INFO - [2024-12-21T10:27:47.014+0530] {dag.py:3239} INFO - Sync 1 DAGs
[2024-12-21T10:27:47.049+0530] {logging_mixin.py:190} INFO - [2024-12-21T10:27:47.049+0530] {dag.py:4180} INFO - Setting next_dagrun for example_weekday_branch_operator to 2024-12-20 00:00:00+00:00, run_after=2024-12-21 00:00:00+00:00
[2024-12-21T10:27:47.077+0530] {processor.py:208} INFO - Processing /Users/jayesh/Desktop/Personal Work/Movie_data_pipeline/.venv/lib/python3.9/site-packages/airflow/example_dags/example_branch_day_of_week_operator.py took 0.295 seconds
[2024-12-21T10:30:32.792+0530] {processor.py:186} INFO - Started process (PID=3352) to work on /Users/jayesh/Desktop/Personal Work/Movie_data_pipeline/.venv/lib/python3.9/site-packages/airflow/example_dags/example_branch_day_of_week_operator.py
[2024-12-21T10:30:32.793+0530] {processor.py:914} INFO - Processing file /Users/jayesh/Desktop/Personal Work/Movie_data_pipeline/.venv/lib/python3.9/site-packages/airflow/example_dags/example_branch_day_of_week_operator.py for tasks to queue
[2024-12-21T10:30:32.797+0530] {logging_mixin.py:190} INFO - [2024-12-21T10:30:32.797+0530] {dagbag.py:588} INFO - Filling up the DagBag from /Users/jayesh/Desktop/Personal Work/Movie_data_pipeline/.venv/lib/python3.9/site-packages/airflow/example_dags/example_branch_day_of_week_operator.py
[2024-12-21T10:30:32.813+0530] {processor.py:925} INFO - DAG(s) 'example_weekday_branch_operator' retrieved from /Users/jayesh/Desktop/Personal Work/Movie_data_pipeline/.venv/lib/python3.9/site-packages/airflow/example_dags/example_branch_day_of_week_operator.py
[2024-12-21T10:30:33.224+0530] {logging_mixin.py:190} INFO - [2024-12-21T10:30:33.223+0530] {dag.py:3239} INFO - Sync 1 DAGs
[2024-12-21T10:30:33.291+0530] {logging_mixin.py:190} INFO - [2024-12-21T10:30:33.291+0530] {dag.py:4180} INFO - Setting next_dagrun for example_weekday_branch_operator to 2024-12-20 00:00:00+00:00, run_after=2024-12-21 00:00:00+00:00
[2024-12-21T10:30:33.344+0530] {processor.py:208} INFO - Processing /Users/jayesh/Desktop/Personal Work/Movie_data_pipeline/.venv/lib/python3.9/site-packages/airflow/example_dags/example_branch_day_of_week_operator.py took 0.560 seconds
[2024-12-21T10:49:23.092+0530] {processor.py:186} INFO - Started process (PID=4357) to work on /Users/jayesh/Desktop/Personal Work/Movie_data_pipeline/.venv/lib/python3.9/site-packages/airflow/example_dags/example_branch_day_of_week_operator.py
[2024-12-21T10:49:23.096+0530] {processor.py:914} INFO - Processing file /Users/jayesh/Desktop/Personal Work/Movie_data_pipeline/.venv/lib/python3.9/site-packages/airflow/example_dags/example_branch_day_of_week_operator.py for tasks to queue
[2024-12-21T10:49:23.099+0530] {logging_mixin.py:190} INFO - [2024-12-21T10:49:23.099+0530] {dagbag.py:588} INFO - Filling up the DagBag from /Users/jayesh/Desktop/Personal Work/Movie_data_pipeline/.venv/lib/python3.9/site-packages/airflow/example_dags/example_branch_day_of_week_operator.py
[2024-12-21T10:49:23.126+0530] {processor.py:925} INFO - DAG(s) 'example_weekday_branch_operator' retrieved from /Users/jayesh/Desktop/Personal Work/Movie_data_pipeline/.venv/lib/python3.9/site-packages/airflow/example_dags/example_branch_day_of_week_operator.py
[2024-12-21T10:49:23.500+0530] {logging_mixin.py:190} INFO - [2024-12-21T10:49:23.500+0530] {dag.py:3239} INFO - Sync 1 DAGs
[2024-12-21T10:49:23.554+0530] {logging_mixin.py:190} INFO - [2024-12-21T10:49:23.553+0530] {dag.py:4180} INFO - Setting next_dagrun for example_weekday_branch_operator to 2024-12-20 00:00:00+00:00, run_after=2024-12-21 00:00:00+00:00
[2024-12-21T10:49:23.595+0530] {processor.py:208} INFO - Processing /Users/jayesh/Desktop/Personal Work/Movie_data_pipeline/.venv/lib/python3.9/site-packages/airflow/example_dags/example_branch_day_of_week_operator.py took 0.511 seconds
[2024-12-21T10:52:50.387+0530] {processor.py:186} INFO - Started process (PID=5086) to work on /Users/jayesh/Desktop/Personal Work/Movie_data_pipeline/.venv/lib/python3.9/site-packages/airflow/example_dags/example_branch_day_of_week_operator.py
[2024-12-21T10:52:50.390+0530] {processor.py:914} INFO - Processing file /Users/jayesh/Desktop/Personal Work/Movie_data_pipeline/.venv/lib/python3.9/site-packages/airflow/example_dags/example_branch_day_of_week_operator.py for tasks to queue
[2024-12-21T10:52:50.393+0530] {logging_mixin.py:190} INFO - [2024-12-21T10:52:50.393+0530] {dagbag.py:588} INFO - Filling up the DagBag from /Users/jayesh/Desktop/Personal Work/Movie_data_pipeline/.venv/lib/python3.9/site-packages/airflow/example_dags/example_branch_day_of_week_operator.py
[2024-12-21T10:52:50.416+0530] {processor.py:925} INFO - DAG(s) 'example_weekday_branch_operator' retrieved from /Users/jayesh/Desktop/Personal Work/Movie_data_pipeline/.venv/lib/python3.9/site-packages/airflow/example_dags/example_branch_day_of_week_operator.py
[2024-12-21T10:52:50.731+0530] {logging_mixin.py:190} INFO - [2024-12-21T10:52:50.731+0530] {dag.py:3239} INFO - Sync 1 DAGs
[2024-12-21T10:52:50.765+0530] {logging_mixin.py:190} INFO - [2024-12-21T10:52:50.765+0530] {dag.py:4180} INFO - Setting next_dagrun for example_weekday_branch_operator to 2024-12-20 00:00:00+00:00, run_after=2024-12-21 00:00:00+00:00
[2024-12-21T10:52:50.796+0530] {processor.py:208} INFO - Processing /Users/jayesh/Desktop/Personal Work/Movie_data_pipeline/.venv/lib/python3.9/site-packages/airflow/example_dags/example_branch_day_of_week_operator.py took 0.416 seconds
[2024-12-21T11:56:26.147+0530] {processor.py:186} INFO - Started process (PID=6901) to work on /Users/jayesh/Desktop/Personal Work/Movie_data_pipeline/.venv/lib/python3.9/site-packages/airflow/example_dags/example_branch_day_of_week_operator.py
[2024-12-21T11:56:26.149+0530] {processor.py:914} INFO - Processing file /Users/jayesh/Desktop/Personal Work/Movie_data_pipeline/.venv/lib/python3.9/site-packages/airflow/example_dags/example_branch_day_of_week_operator.py for tasks to queue
[2024-12-21T11:56:26.152+0530] {logging_mixin.py:190} INFO - [2024-12-21T11:56:26.151+0530] {dagbag.py:588} INFO - Filling up the DagBag from /Users/jayesh/Desktop/Personal Work/Movie_data_pipeline/.venv/lib/python3.9/site-packages/airflow/example_dags/example_branch_day_of_week_operator.py
[2024-12-21T11:56:26.170+0530] {processor.py:925} INFO - DAG(s) 'example_weekday_branch_operator' retrieved from /Users/jayesh/Desktop/Personal Work/Movie_data_pipeline/.venv/lib/python3.9/site-packages/airflow/example_dags/example_branch_day_of_week_operator.py
[2024-12-21T11:56:26.456+0530] {logging_mixin.py:190} INFO - [2024-12-21T11:56:26.455+0530] {dag.py:3239} INFO - Sync 1 DAGs
[2024-12-21T11:56:26.499+0530] {logging_mixin.py:190} INFO - [2024-12-21T11:56:26.499+0530] {dag.py:4180} INFO - Setting next_dagrun for example_weekday_branch_operator to 2024-12-20 00:00:00+00:00, run_after=2024-12-21 00:00:00+00:00
[2024-12-21T11:56:26.538+0530] {processor.py:208} INFO - Processing /Users/jayesh/Desktop/Personal Work/Movie_data_pipeline/.venv/lib/python3.9/site-packages/airflow/example_dags/example_branch_day_of_week_operator.py took 0.398 seconds
[2024-12-21T11:59:35.132+0530] {processor.py:186} INFO - Started process (PID=7578) to work on /Users/jayesh/Desktop/Personal Work/Movie_data_pipeline/.venv/lib/python3.9/site-packages/airflow/example_dags/example_branch_day_of_week_operator.py
[2024-12-21T11:59:35.136+0530] {processor.py:914} INFO - Processing file /Users/jayesh/Desktop/Personal Work/Movie_data_pipeline/.venv/lib/python3.9/site-packages/airflow/example_dags/example_branch_day_of_week_operator.py for tasks to queue
[2024-12-21T11:59:35.138+0530] {logging_mixin.py:190} INFO - [2024-12-21T11:59:35.138+0530] {dagbag.py:588} INFO - Filling up the DagBag from /Users/jayesh/Desktop/Personal Work/Movie_data_pipeline/.venv/lib/python3.9/site-packages/airflow/example_dags/example_branch_day_of_week_operator.py
[2024-12-21T11:59:35.157+0530] {processor.py:925} INFO - DAG(s) 'example_weekday_branch_operator' retrieved from /Users/jayesh/Desktop/Personal Work/Movie_data_pipeline/.venv/lib/python3.9/site-packages/airflow/example_dags/example_branch_day_of_week_operator.py
[2024-12-21T11:59:35.427+0530] {logging_mixin.py:190} INFO - [2024-12-21T11:59:35.424+0530] {dag.py:3239} INFO - Sync 1 DAGs
[2024-12-21T11:59:35.475+0530] {logging_mixin.py:190} INFO - [2024-12-21T11:59:35.474+0530] {dag.py:4180} INFO - Setting next_dagrun for example_weekday_branch_operator to 2024-12-20 00:00:00+00:00, run_after=2024-12-21 00:00:00+00:00
[2024-12-21T11:59:35.519+0530] {processor.py:208} INFO - Processing /Users/jayesh/Desktop/Personal Work/Movie_data_pipeline/.venv/lib/python3.9/site-packages/airflow/example_dags/example_branch_day_of_week_operator.py took 0.393 seconds
[2024-12-21T12:03:01.203+0530] {processor.py:186} INFO - Started process (PID=8293) to work on /Users/jayesh/Desktop/Personal Work/Movie_data_pipeline/.venv/lib/python3.9/site-packages/airflow/example_dags/example_branch_day_of_week_operator.py
[2024-12-21T12:03:01.206+0530] {processor.py:914} INFO - Processing file /Users/jayesh/Desktop/Personal Work/Movie_data_pipeline/.venv/lib/python3.9/site-packages/airflow/example_dags/example_branch_day_of_week_operator.py for tasks to queue
[2024-12-21T12:03:01.208+0530] {logging_mixin.py:190} INFO - [2024-12-21T12:03:01.208+0530] {dagbag.py:588} INFO - Filling up the DagBag from /Users/jayesh/Desktop/Personal Work/Movie_data_pipeline/.venv/lib/python3.9/site-packages/airflow/example_dags/example_branch_day_of_week_operator.py
[2024-12-21T12:03:01.238+0530] {processor.py:925} INFO - DAG(s) 'example_weekday_branch_operator' retrieved from /Users/jayesh/Desktop/Personal Work/Movie_data_pipeline/.venv/lib/python3.9/site-packages/airflow/example_dags/example_branch_day_of_week_operator.py
[2024-12-21T12:03:01.507+0530] {logging_mixin.py:190} INFO - [2024-12-21T12:03:01.505+0530] {dag.py:3239} INFO - Sync 1 DAGs
[2024-12-21T12:03:01.545+0530] {logging_mixin.py:190} INFO - [2024-12-21T12:03:01.545+0530] {dag.py:4180} INFO - Setting next_dagrun for example_weekday_branch_operator to 2024-12-20 00:00:00+00:00, run_after=2024-12-21 00:00:00+00:00
[2024-12-21T12:03:01.577+0530] {processor.py:208} INFO - Processing /Users/jayesh/Desktop/Personal Work/Movie_data_pipeline/.venv/lib/python3.9/site-packages/airflow/example_dags/example_branch_day_of_week_operator.py took 0.380 seconds
[2024-12-21T12:06:27.004+0530] {processor.py:186} INFO - Started process (PID=9034) to work on /Users/jayesh/Desktop/Personal Work/Movie_data_pipeline/.venv/lib/python3.9/site-packages/airflow/example_dags/example_branch_day_of_week_operator.py
[2024-12-21T12:06:27.007+0530] {processor.py:914} INFO - Processing file /Users/jayesh/Desktop/Personal Work/Movie_data_pipeline/.venv/lib/python3.9/site-packages/airflow/example_dags/example_branch_day_of_week_operator.py for tasks to queue
[2024-12-21T12:06:27.008+0530] {logging_mixin.py:190} INFO - [2024-12-21T12:06:27.008+0530] {dagbag.py:588} INFO - Filling up the DagBag from /Users/jayesh/Desktop/Personal Work/Movie_data_pipeline/.venv/lib/python3.9/site-packages/airflow/example_dags/example_branch_day_of_week_operator.py
[2024-12-21T12:06:27.034+0530] {processor.py:925} INFO - DAG(s) 'example_weekday_branch_operator' retrieved from /Users/jayesh/Desktop/Personal Work/Movie_data_pipeline/.venv/lib/python3.9/site-packages/airflow/example_dags/example_branch_day_of_week_operator.py
[2024-12-21T12:06:27.252+0530] {logging_mixin.py:190} INFO - [2024-12-21T12:06:27.251+0530] {dag.py:3239} INFO - Sync 1 DAGs
[2024-12-21T12:06:27.285+0530] {logging_mixin.py:190} INFO - [2024-12-21T12:06:27.284+0530] {dag.py:4180} INFO - Setting next_dagrun for example_weekday_branch_operator to 2024-12-20 00:00:00+00:00, run_after=2024-12-21 00:00:00+00:00
[2024-12-21T12:06:27.313+0530] {processor.py:208} INFO - Processing /Users/jayesh/Desktop/Personal Work/Movie_data_pipeline/.venv/lib/python3.9/site-packages/airflow/example_dags/example_branch_day_of_week_operator.py took 0.315 seconds
[2024-12-21T22:32:24.268+0530] {processor.py:186} INFO - Started process (PID=16047) to work on /Users/jayesh/Desktop/Personal Work/Movie_data_pipeline/.venv/lib/python3.9/site-packages/airflow/example_dags/example_branch_day_of_week_operator.py
[2024-12-21T22:32:24.272+0530] {processor.py:914} INFO - Processing file /Users/jayesh/Desktop/Personal Work/Movie_data_pipeline/.venv/lib/python3.9/site-packages/airflow/example_dags/example_branch_day_of_week_operator.py for tasks to queue
[2024-12-21T22:32:24.280+0530] {logging_mixin.py:190} INFO - [2024-12-21T22:32:24.279+0530] {dagbag.py:588} INFO - Filling up the DagBag from /Users/jayesh/Desktop/Personal Work/Movie_data_pipeline/.venv/lib/python3.9/site-packages/airflow/example_dags/example_branch_day_of_week_operator.py
[2024-12-21T22:32:24.313+0530] {processor.py:925} INFO - DAG(s) 'example_weekday_branch_operator' retrieved from /Users/jayesh/Desktop/Personal Work/Movie_data_pipeline/.venv/lib/python3.9/site-packages/airflow/example_dags/example_branch_day_of_week_operator.py
[2024-12-21T22:32:24.393+0530] {logging_mixin.py:190} INFO - [2024-12-21T22:32:24.393+0530] {dag.py:3239} INFO - Sync 1 DAGs
[2024-12-21T22:32:24.433+0530] {logging_mixin.py:190} INFO - [2024-12-21T22:32:24.433+0530] {dag.py:4180} INFO - Setting next_dagrun for example_weekday_branch_operator to 2024-12-20 00:00:00+00:00, run_after=2024-12-21 00:00:00+00:00
[2024-12-21T22:32:24.465+0530] {processor.py:208} INFO - Processing /Users/jayesh/Desktop/Personal Work/Movie_data_pipeline/.venv/lib/python3.9/site-packages/airflow/example_dags/example_branch_day_of_week_operator.py took 0.214 seconds
[2024-12-21T22:33:01.430+0530] {processor.py:186} INFO - Started process (PID=16288) to work on /Users/jayesh/Desktop/Personal Work/Movie_data_pipeline/.venv/lib/python3.9/site-packages/airflow/example_dags/example_branch_day_of_week_operator.py
[2024-12-21T22:33:01.434+0530] {processor.py:914} INFO - Processing file /Users/jayesh/Desktop/Personal Work/Movie_data_pipeline/.venv/lib/python3.9/site-packages/airflow/example_dags/example_branch_day_of_week_operator.py for tasks to queue
[2024-12-21T22:33:01.442+0530] {logging_mixin.py:190} INFO - [2024-12-21T22:33:01.441+0530] {dagbag.py:588} INFO - Filling up the DagBag from /Users/jayesh/Desktop/Personal Work/Movie_data_pipeline/.venv/lib/python3.9/site-packages/airflow/example_dags/example_branch_day_of_week_operator.py
[2024-12-21T22:33:01.469+0530] {processor.py:925} INFO - DAG(s) 'example_weekday_branch_operator' retrieved from /Users/jayesh/Desktop/Personal Work/Movie_data_pipeline/.venv/lib/python3.9/site-packages/airflow/example_dags/example_branch_day_of_week_operator.py
[2024-12-21T22:33:01.564+0530] {logging_mixin.py:190} INFO - [2024-12-21T22:33:01.563+0530] {dag.py:3239} INFO - Sync 1 DAGs
[2024-12-21T22:33:01.633+0530] {logging_mixin.py:190} INFO - [2024-12-21T22:33:01.631+0530] {dag.py:4180} INFO - Setting next_dagrun for example_weekday_branch_operator to 2024-12-20 00:00:00+00:00, run_after=2024-12-21 00:00:00+00:00
[2024-12-21T22:33:01.717+0530] {processor.py:208} INFO - Processing /Users/jayesh/Desktop/Personal Work/Movie_data_pipeline/.venv/lib/python3.9/site-packages/airflow/example_dags/example_branch_day_of_week_operator.py took 0.304 seconds
[2024-12-21T22:33:32.846+0530] {processor.py:186} INFO - Started process (PID=16495) to work on /Users/jayesh/Desktop/Personal Work/Movie_data_pipeline/.venv/lib/python3.9/site-packages/airflow/example_dags/example_branch_day_of_week_operator.py
[2024-12-21T22:33:32.849+0530] {processor.py:914} INFO - Processing file /Users/jayesh/Desktop/Personal Work/Movie_data_pipeline/.venv/lib/python3.9/site-packages/airflow/example_dags/example_branch_day_of_week_operator.py for tasks to queue
[2024-12-21T22:33:32.854+0530] {logging_mixin.py:190} INFO - [2024-12-21T22:33:32.853+0530] {dagbag.py:588} INFO - Filling up the DagBag from /Users/jayesh/Desktop/Personal Work/Movie_data_pipeline/.venv/lib/python3.9/site-packages/airflow/example_dags/example_branch_day_of_week_operator.py
[2024-12-21T22:33:32.877+0530] {processor.py:925} INFO - DAG(s) 'example_weekday_branch_operator' retrieved from /Users/jayesh/Desktop/Personal Work/Movie_data_pipeline/.venv/lib/python3.9/site-packages/airflow/example_dags/example_branch_day_of_week_operator.py
[2024-12-21T22:33:32.952+0530] {logging_mixin.py:190} INFO - [2024-12-21T22:33:32.952+0530] {dag.py:3239} INFO - Sync 1 DAGs
[2024-12-21T22:33:32.996+0530] {logging_mixin.py:190} INFO - [2024-12-21T22:33:32.996+0530] {dag.py:4180} INFO - Setting next_dagrun for example_weekday_branch_operator to 2024-12-20 00:00:00+00:00, run_after=2024-12-21 00:00:00+00:00
[2024-12-21T22:33:33.025+0530] {processor.py:208} INFO - Processing /Users/jayesh/Desktop/Personal Work/Movie_data_pipeline/.venv/lib/python3.9/site-packages/airflow/example_dags/example_branch_day_of_week_operator.py took 0.191 seconds
[2024-12-21T23:53:09.065+0530] {processor.py:186} INFO - Started process (PID=18187) to work on /Users/jayesh/Desktop/Personal Work/Movie_data_pipeline/.venv/lib/python3.9/site-packages/airflow/example_dags/example_branch_day_of_week_operator.py
[2024-12-21T23:53:09.069+0530] {processor.py:914} INFO - Processing file /Users/jayesh/Desktop/Personal Work/Movie_data_pipeline/.venv/lib/python3.9/site-packages/airflow/example_dags/example_branch_day_of_week_operator.py for tasks to queue
[2024-12-21T23:53:09.077+0530] {logging_mixin.py:190} INFO - [2024-12-21T23:53:09.076+0530] {dagbag.py:588} INFO - Filling up the DagBag from /Users/jayesh/Desktop/Personal Work/Movie_data_pipeline/.venv/lib/python3.9/site-packages/airflow/example_dags/example_branch_day_of_week_operator.py
[2024-12-21T23:53:09.107+0530] {processor.py:925} INFO - DAG(s) 'example_weekday_branch_operator' retrieved from /Users/jayesh/Desktop/Personal Work/Movie_data_pipeline/.venv/lib/python3.9/site-packages/airflow/example_dags/example_branch_day_of_week_operator.py
[2024-12-21T23:53:09.209+0530] {logging_mixin.py:190} INFO - [2024-12-21T23:53:09.208+0530] {dag.py:3239} INFO - Sync 1 DAGs
[2024-12-21T23:53:09.263+0530] {logging_mixin.py:190} INFO - [2024-12-21T23:53:09.262+0530] {dag.py:4180} INFO - Setting next_dagrun for example_weekday_branch_operator to 2024-12-20 00:00:00+00:00, run_after=2024-12-21 00:00:00+00:00
[2024-12-21T23:53:09.378+0530] {processor.py:208} INFO - Processing /Users/jayesh/Desktop/Personal Work/Movie_data_pipeline/.venv/lib/python3.9/site-packages/airflow/example_dags/example_branch_day_of_week_operator.py took 0.329 seconds
[2024-12-21T23:53:40.910+0530] {processor.py:186} INFO - Started process (PID=18382) to work on /Users/jayesh/Desktop/Personal Work/Movie_data_pipeline/.venv/lib/python3.9/site-packages/airflow/example_dags/example_branch_day_of_week_operator.py
[2024-12-21T23:53:40.913+0530] {processor.py:914} INFO - Processing file /Users/jayesh/Desktop/Personal Work/Movie_data_pipeline/.venv/lib/python3.9/site-packages/airflow/example_dags/example_branch_day_of_week_operator.py for tasks to queue
[2024-12-21T23:53:40.920+0530] {logging_mixin.py:190} INFO - [2024-12-21T23:53:40.919+0530] {dagbag.py:588} INFO - Filling up the DagBag from /Users/jayesh/Desktop/Personal Work/Movie_data_pipeline/.venv/lib/python3.9/site-packages/airflow/example_dags/example_branch_day_of_week_operator.py
[2024-12-21T23:53:40.953+0530] {processor.py:925} INFO - DAG(s) 'example_weekday_branch_operator' retrieved from /Users/jayesh/Desktop/Personal Work/Movie_data_pipeline/.venv/lib/python3.9/site-packages/airflow/example_dags/example_branch_day_of_week_operator.py
[2024-12-21T23:53:41.082+0530] {logging_mixin.py:190} INFO - [2024-12-21T23:53:41.081+0530] {dag.py:3239} INFO - Sync 1 DAGs
[2024-12-21T23:53:41.154+0530] {logging_mixin.py:190} INFO - [2024-12-21T23:53:41.153+0530] {dag.py:4180} INFO - Setting next_dagrun for example_weekday_branch_operator to 2024-12-20 00:00:00+00:00, run_after=2024-12-21 00:00:00+00:00
[2024-12-21T23:53:41.207+0530] {processor.py:208} INFO - Processing /Users/jayesh/Desktop/Personal Work/Movie_data_pipeline/.venv/lib/python3.9/site-packages/airflow/example_dags/example_branch_day_of_week_operator.py took 0.323 seconds
