[2024-12-21T10:23:54.345+0530] {processor.py:186} INFO - Started process (PID=2325) to work on /Users/jayesh/Desktop/Personal Work/Movie_data_pipeline/.venv/lib/python3.9/site-packages/airflow/example_dags/example_sensors.py
[2024-12-21T10:23:54.348+0530] {processor.py:914} INFO - Processing file /Users/jayesh/Desktop/Personal Work/Movie_data_pipeline/.venv/lib/python3.9/site-packages/airflow/example_dags/example_sensors.py for tasks to queue
[2024-12-21T10:23:54.351+0530] {logging_mixin.py:190} INFO - [2024-12-21T10:23:54.350+0530] {dagbag.py:588} INFO - Filling up the DagBag from /Users/jayesh/Desktop/Personal Work/Movie_data_pipeline/.venv/lib/python3.9/site-packages/airflow/example_dags/example_sensors.py
[2024-12-21T10:23:54.440+0530] {processor.py:925} INFO - DAG(s) 'example_sensors' retrieved from /Users/jayesh/Desktop/Personal Work/Movie_data_pipeline/.venv/lib/python3.9/site-packages/airflow/example_dags/example_sensors.py
[2024-12-21T10:23:56.000+0530] {logging_mixin.py:190} INFO - [2024-12-21T10:23:56.000+0530] {dag.py:3239} INFO - Sync 1 DAGs
[2024-12-21T10:23:56.028+0530] {logging_mixin.py:190} INFO - [2024-12-21T10:23:56.027+0530] {dag.py:4180} INFO - Setting next_dagrun for example_sensors to None, run_after=None
[2024-12-21T10:23:56.076+0530] {processor.py:208} INFO - Processing /Users/jayesh/Desktop/Personal Work/Movie_data_pipeline/.venv/lib/python3.9/site-packages/airflow/example_dags/example_sensors.py took 1.738 seconds
[2024-12-21T10:26:09.358+0530] {processor.py:186} INFO - Started process (PID=2643) to work on /Users/jayesh/Desktop/Personal Work/Movie_data_pipeline/.venv/lib/python3.9/site-packages/airflow/example_dags/example_sensors.py
[2024-12-21T10:26:09.360+0530] {processor.py:914} INFO - Processing file /Users/jayesh/Desktop/Personal Work/Movie_data_pipeline/.venv/lib/python3.9/site-packages/airflow/example_dags/example_sensors.py for tasks to queue
[2024-12-21T10:26:09.361+0530] {logging_mixin.py:190} INFO - [2024-12-21T10:26:09.361+0530] {dagbag.py:588} INFO - Filling up the DagBag from /Users/jayesh/Desktop/Personal Work/Movie_data_pipeline/.venv/lib/python3.9/site-packages/airflow/example_dags/example_sensors.py
[2024-12-21T10:26:09.382+0530] {processor.py:925} INFO - DAG(s) 'example_sensors' retrieved from /Users/jayesh/Desktop/Personal Work/Movie_data_pipeline/.venv/lib/python3.9/site-packages/airflow/example_dags/example_sensors.py
[2024-12-21T10:26:10.446+0530] {logging_mixin.py:190} INFO - [2024-12-21T10:26:10.446+0530] {dag.py:3239} INFO - Sync 1 DAGs
[2024-12-21T10:26:10.464+0530] {logging_mixin.py:190} INFO - [2024-12-21T10:26:10.464+0530] {dag.py:4180} INFO - Setting next_dagrun for example_sensors to None, run_after=None
[2024-12-21T10:26:10.506+0530] {processor.py:208} INFO - Processing /Users/jayesh/Desktop/Personal Work/Movie_data_pipeline/.venv/lib/python3.9/site-packages/airflow/example_dags/example_sensors.py took 1.153 seconds
[2024-12-21T10:28:42.764+0530] {processor.py:186} INFO - Started process (PID=3065) to work on /Users/jayesh/Desktop/Personal Work/Movie_data_pipeline/.venv/lib/python3.9/site-packages/airflow/example_dags/example_sensors.py
[2024-12-21T10:28:42.766+0530] {processor.py:914} INFO - Processing file /Users/jayesh/Desktop/Personal Work/Movie_data_pipeline/.venv/lib/python3.9/site-packages/airflow/example_dags/example_sensors.py for tasks to queue
[2024-12-21T10:28:42.769+0530] {logging_mixin.py:190} INFO - [2024-12-21T10:28:42.768+0530] {dagbag.py:588} INFO - Filling up the DagBag from /Users/jayesh/Desktop/Personal Work/Movie_data_pipeline/.venv/lib/python3.9/site-packages/airflow/example_dags/example_sensors.py
[2024-12-21T10:28:42.799+0530] {processor.py:925} INFO - DAG(s) 'example_sensors' retrieved from /Users/jayesh/Desktop/Personal Work/Movie_data_pipeline/.venv/lib/python3.9/site-packages/airflow/example_dags/example_sensors.py
[2024-12-21T10:28:43.972+0530] {logging_mixin.py:190} INFO - [2024-12-21T10:28:43.971+0530] {dag.py:3239} INFO - Sync 1 DAGs
[2024-12-21T10:28:43.990+0530] {logging_mixin.py:190} INFO - [2024-12-21T10:28:43.990+0530] {dag.py:4180} INFO - Setting next_dagrun for example_sensors to None, run_after=None
[2024-12-21T10:28:44.016+0530] {processor.py:208} INFO - Processing /Users/jayesh/Desktop/Personal Work/Movie_data_pipeline/.venv/lib/python3.9/site-packages/airflow/example_dags/example_sensors.py took 1.257 seconds
[2024-12-21T10:48:19.094+0530] {processor.py:186} INFO - Started process (PID=4177) to work on /Users/jayesh/Desktop/Personal Work/Movie_data_pipeline/.venv/lib/python3.9/site-packages/airflow/example_dags/example_sensors.py
[2024-12-21T10:48:19.097+0530] {processor.py:914} INFO - Processing file /Users/jayesh/Desktop/Personal Work/Movie_data_pipeline/.venv/lib/python3.9/site-packages/airflow/example_dags/example_sensors.py for tasks to queue
[2024-12-21T10:48:19.098+0530] {logging_mixin.py:190} INFO - [2024-12-21T10:48:19.098+0530] {dagbag.py:588} INFO - Filling up the DagBag from /Users/jayesh/Desktop/Personal Work/Movie_data_pipeline/.venv/lib/python3.9/site-packages/airflow/example_dags/example_sensors.py
[2024-12-21T10:48:19.119+0530] {processor.py:925} INFO - DAG(s) 'example_sensors' retrieved from /Users/jayesh/Desktop/Personal Work/Movie_data_pipeline/.venv/lib/python3.9/site-packages/airflow/example_dags/example_sensors.py
[2024-12-21T10:48:20.183+0530] {logging_mixin.py:190} INFO - [2024-12-21T10:48:20.182+0530] {dag.py:3239} INFO - Sync 1 DAGs
[2024-12-21T10:48:20.210+0530] {logging_mixin.py:190} INFO - [2024-12-21T10:48:20.210+0530] {dag.py:4180} INFO - Setting next_dagrun for example_sensors to None, run_after=None
[2024-12-21T10:48:20.236+0530] {processor.py:208} INFO - Processing /Users/jayesh/Desktop/Personal Work/Movie_data_pipeline/.venv/lib/python3.9/site-packages/airflow/example_dags/example_sensors.py took 1.147 seconds
[2024-12-21T10:50:37.834+0530] {processor.py:186} INFO - Started process (PID=4624) to work on /Users/jayesh/Desktop/Personal Work/Movie_data_pipeline/.venv/lib/python3.9/site-packages/airflow/example_dags/example_sensors.py
[2024-12-21T10:50:37.836+0530] {processor.py:914} INFO - Processing file /Users/jayesh/Desktop/Personal Work/Movie_data_pipeline/.venv/lib/python3.9/site-packages/airflow/example_dags/example_sensors.py for tasks to queue
[2024-12-21T10:50:37.839+0530] {logging_mixin.py:190} INFO - [2024-12-21T10:50:37.838+0530] {dagbag.py:588} INFO - Filling up the DagBag from /Users/jayesh/Desktop/Personal Work/Movie_data_pipeline/.venv/lib/python3.9/site-packages/airflow/example_dags/example_sensors.py
[2024-12-21T10:50:37.866+0530] {processor.py:925} INFO - DAG(s) 'example_sensors' retrieved from /Users/jayesh/Desktop/Personal Work/Movie_data_pipeline/.venv/lib/python3.9/site-packages/airflow/example_dags/example_sensors.py
[2024-12-21T10:50:39.953+0530] {logging_mixin.py:190} INFO - [2024-12-21T10:50:39.952+0530] {dag.py:3239} INFO - Sync 1 DAGs
[2024-12-21T10:50:39.995+0530] {logging_mixin.py:190} INFO - [2024-12-21T10:50:39.994+0530] {dag.py:4180} INFO - Setting next_dagrun for example_sensors to None, run_after=None
[2024-12-21T10:50:40.028+0530] {processor.py:208} INFO - Processing /Users/jayesh/Desktop/Personal Work/Movie_data_pipeline/.venv/lib/python3.9/site-packages/airflow/example_dags/example_sensors.py took 2.201 seconds
[2024-12-21T10:52:23.503+0530] {processor.py:186} INFO - Started process (PID=4994) to work on /Users/jayesh/Desktop/Personal Work/Movie_data_pipeline/.venv/lib/python3.9/site-packages/airflow/example_dags/example_sensors.py
[2024-12-21T10:52:23.504+0530] {processor.py:914} INFO - Processing file /Users/jayesh/Desktop/Personal Work/Movie_data_pipeline/.venv/lib/python3.9/site-packages/airflow/example_dags/example_sensors.py for tasks to queue
[2024-12-21T10:52:23.506+0530] {logging_mixin.py:190} INFO - [2024-12-21T10:52:23.506+0530] {dagbag.py:588} INFO - Filling up the DagBag from /Users/jayesh/Desktop/Personal Work/Movie_data_pipeline/.venv/lib/python3.9/site-packages/airflow/example_dags/example_sensors.py
[2024-12-21T10:52:23.531+0530] {processor.py:925} INFO - DAG(s) 'example_sensors' retrieved from /Users/jayesh/Desktop/Personal Work/Movie_data_pipeline/.venv/lib/python3.9/site-packages/airflow/example_dags/example_sensors.py
[2024-12-21T10:52:25.021+0530] {logging_mixin.py:190} INFO - [2024-12-21T10:52:25.021+0530] {dag.py:3239} INFO - Sync 1 DAGs
[2024-12-21T10:52:25.044+0530] {logging_mixin.py:190} INFO - [2024-12-21T10:52:25.044+0530] {dag.py:4180} INFO - Setting next_dagrun for example_sensors to None, run_after=None
[2024-12-21T10:52:25.072+0530] {processor.py:208} INFO - Processing /Users/jayesh/Desktop/Personal Work/Movie_data_pipeline/.venv/lib/python3.9/site-packages/airflow/example_dags/example_sensors.py took 1.576 seconds
[2024-12-21T11:55:27.197+0530] {processor.py:186} INFO - Started process (PID=6678) to work on /Users/jayesh/Desktop/Personal Work/Movie_data_pipeline/.venv/lib/python3.9/site-packages/airflow/example_dags/example_sensors.py
[2024-12-21T11:55:27.200+0530] {processor.py:914} INFO - Processing file /Users/jayesh/Desktop/Personal Work/Movie_data_pipeline/.venv/lib/python3.9/site-packages/airflow/example_dags/example_sensors.py for tasks to queue
[2024-12-21T11:55:27.203+0530] {logging_mixin.py:190} INFO - [2024-12-21T11:55:27.202+0530] {dagbag.py:588} INFO - Filling up the DagBag from /Users/jayesh/Desktop/Personal Work/Movie_data_pipeline/.venv/lib/python3.9/site-packages/airflow/example_dags/example_sensors.py
[2024-12-21T11:55:27.234+0530] {processor.py:925} INFO - DAG(s) 'example_sensors' retrieved from /Users/jayesh/Desktop/Personal Work/Movie_data_pipeline/.venv/lib/python3.9/site-packages/airflow/example_dags/example_sensors.py
[2024-12-21T11:55:28.724+0530] {logging_mixin.py:190} INFO - [2024-12-21T11:55:28.724+0530] {dag.py:3239} INFO - Sync 1 DAGs
[2024-12-21T11:55:28.745+0530] {logging_mixin.py:190} INFO - [2024-12-21T11:55:28.745+0530] {dag.py:4180} INFO - Setting next_dagrun for example_sensors to None, run_after=None
[2024-12-21T11:55:28.771+0530] {processor.py:208} INFO - Processing /Users/jayesh/Desktop/Personal Work/Movie_data_pipeline/.venv/lib/python3.9/site-packages/airflow/example_dags/example_sensors.py took 1.583 seconds
[2024-12-21T11:57:35.066+0530] {processor.py:186} INFO - Started process (PID=7137) to work on /Users/jayesh/Desktop/Personal Work/Movie_data_pipeline/.venv/lib/python3.9/site-packages/airflow/example_dags/example_sensors.py
[2024-12-21T11:57:35.067+0530] {processor.py:914} INFO - Processing file /Users/jayesh/Desktop/Personal Work/Movie_data_pipeline/.venv/lib/python3.9/site-packages/airflow/example_dags/example_sensors.py for tasks to queue
[2024-12-21T11:57:35.070+0530] {logging_mixin.py:190} INFO - [2024-12-21T11:57:35.069+0530] {dagbag.py:588} INFO - Filling up the DagBag from /Users/jayesh/Desktop/Personal Work/Movie_data_pipeline/.venv/lib/python3.9/site-packages/airflow/example_dags/example_sensors.py
[2024-12-21T11:57:35.093+0530] {processor.py:925} INFO - DAG(s) 'example_sensors' retrieved from /Users/jayesh/Desktop/Personal Work/Movie_data_pipeline/.venv/lib/python3.9/site-packages/airflow/example_dags/example_sensors.py
[2024-12-21T11:57:36.964+0530] {logging_mixin.py:190} INFO - [2024-12-21T11:57:36.962+0530] {dag.py:3239} INFO - Sync 1 DAGs
[2024-12-21T11:57:36.984+0530] {logging_mixin.py:190} INFO - [2024-12-21T11:57:36.983+0530] {dag.py:4180} INFO - Setting next_dagrun for example_sensors to None, run_after=None
[2024-12-21T11:57:37.010+0530] {processor.py:208} INFO - Processing /Users/jayesh/Desktop/Personal Work/Movie_data_pipeline/.venv/lib/python3.9/site-packages/airflow/example_dags/example_sensors.py took 1.952 seconds
[2024-12-21T12:00:51.042+0530] {processor.py:186} INFO - Started process (PID=7845) to work on /Users/jayesh/Desktop/Personal Work/Movie_data_pipeline/.venv/lib/python3.9/site-packages/airflow/example_dags/example_sensors.py
[2024-12-21T12:00:51.044+0530] {processor.py:914} INFO - Processing file /Users/jayesh/Desktop/Personal Work/Movie_data_pipeline/.venv/lib/python3.9/site-packages/airflow/example_dags/example_sensors.py for tasks to queue
[2024-12-21T12:00:51.047+0530] {logging_mixin.py:190} INFO - [2024-12-21T12:00:51.046+0530] {dagbag.py:588} INFO - Filling up the DagBag from /Users/jayesh/Desktop/Personal Work/Movie_data_pipeline/.venv/lib/python3.9/site-packages/airflow/example_dags/example_sensors.py
[2024-12-21T12:00:51.078+0530] {processor.py:925} INFO - DAG(s) 'example_sensors' retrieved from /Users/jayesh/Desktop/Personal Work/Movie_data_pipeline/.venv/lib/python3.9/site-packages/airflow/example_dags/example_sensors.py
[2024-12-21T12:00:52.582+0530] {logging_mixin.py:190} INFO - [2024-12-21T12:00:52.579+0530] {dag.py:3239} INFO - Sync 1 DAGs
[2024-12-21T12:00:52.624+0530] {logging_mixin.py:190} INFO - [2024-12-21T12:00:52.623+0530] {dag.py:4180} INFO - Setting next_dagrun for example_sensors to None, run_after=None
[2024-12-21T12:00:52.670+0530] {processor.py:208} INFO - Processing /Users/jayesh/Desktop/Personal Work/Movie_data_pipeline/.venv/lib/python3.9/site-packages/airflow/example_dags/example_sensors.py took 1.633 seconds
[2024-12-21T12:04:20.944+0530] {processor.py:186} INFO - Started process (PID=8586) to work on /Users/jayesh/Desktop/Personal Work/Movie_data_pipeline/.venv/lib/python3.9/site-packages/airflow/example_dags/example_sensors.py
[2024-12-21T12:04:20.946+0530] {processor.py:914} INFO - Processing file /Users/jayesh/Desktop/Personal Work/Movie_data_pipeline/.venv/lib/python3.9/site-packages/airflow/example_dags/example_sensors.py for tasks to queue
[2024-12-21T12:04:20.948+0530] {logging_mixin.py:190} INFO - [2024-12-21T12:04:20.947+0530] {dagbag.py:588} INFO - Filling up the DagBag from /Users/jayesh/Desktop/Personal Work/Movie_data_pipeline/.venv/lib/python3.9/site-packages/airflow/example_dags/example_sensors.py
[2024-12-21T12:04:20.984+0530] {processor.py:925} INFO - DAG(s) 'example_sensors' retrieved from /Users/jayesh/Desktop/Personal Work/Movie_data_pipeline/.venv/lib/python3.9/site-packages/airflow/example_dags/example_sensors.py
[2024-12-21T12:04:22.968+0530] {logging_mixin.py:190} INFO - [2024-12-21T12:04:22.967+0530] {dag.py:3239} INFO - Sync 1 DAGs
[2024-12-21T12:04:22.995+0530] {logging_mixin.py:190} INFO - [2024-12-21T12:04:22.995+0530] {dag.py:4180} INFO - Setting next_dagrun for example_sensors to None, run_after=None
[2024-12-21T12:04:23.031+0530] {processor.py:208} INFO - Processing /Users/jayesh/Desktop/Personal Work/Movie_data_pipeline/.venv/lib/python3.9/site-packages/airflow/example_dags/example_sensors.py took 2.093 seconds
[2024-12-21T12:06:00.280+0530] {processor.py:186} INFO - Started process (PID=8940) to work on /Users/jayesh/Desktop/Personal Work/Movie_data_pipeline/.venv/lib/python3.9/site-packages/airflow/example_dags/example_sensors.py
[2024-12-21T12:06:00.283+0530] {processor.py:914} INFO - Processing file /Users/jayesh/Desktop/Personal Work/Movie_data_pipeline/.venv/lib/python3.9/site-packages/airflow/example_dags/example_sensors.py for tasks to queue
[2024-12-21T12:06:00.285+0530] {logging_mixin.py:190} INFO - [2024-12-21T12:06:00.285+0530] {dagbag.py:588} INFO - Filling up the DagBag from /Users/jayesh/Desktop/Personal Work/Movie_data_pipeline/.venv/lib/python3.9/site-packages/airflow/example_dags/example_sensors.py
[2024-12-21T12:06:00.323+0530] {processor.py:925} INFO - DAG(s) 'example_sensors' retrieved from /Users/jayesh/Desktop/Personal Work/Movie_data_pipeline/.venv/lib/python3.9/site-packages/airflow/example_dags/example_sensors.py
[2024-12-21T12:06:01.895+0530] {logging_mixin.py:190} INFO - [2024-12-21T12:06:01.894+0530] {dag.py:3239} INFO - Sync 1 DAGs
[2024-12-21T12:06:01.920+0530] {logging_mixin.py:190} INFO - [2024-12-21T12:06:01.919+0530] {dag.py:4180} INFO - Setting next_dagrun for example_sensors to None, run_after=None
[2024-12-21T12:06:01.953+0530] {processor.py:208} INFO - Processing /Users/jayesh/Desktop/Personal Work/Movie_data_pipeline/.venv/lib/python3.9/site-packages/airflow/example_dags/example_sensors.py took 1.680 seconds
[2024-12-21T22:32:16.536+0530] {processor.py:186} INFO - Started process (PID=15954) to work on /Users/jayesh/Desktop/Personal Work/Movie_data_pipeline/.venv/lib/python3.9/site-packages/airflow/example_dags/example_sensors.py
[2024-12-21T22:32:16.540+0530] {processor.py:914} INFO - Processing file /Users/jayesh/Desktop/Personal Work/Movie_data_pipeline/.venv/lib/python3.9/site-packages/airflow/example_dags/example_sensors.py for tasks to queue
[2024-12-21T22:32:16.547+0530] {logging_mixin.py:190} INFO - [2024-12-21T22:32:16.546+0530] {dagbag.py:588} INFO - Filling up the DagBag from /Users/jayesh/Desktop/Personal Work/Movie_data_pipeline/.venv/lib/python3.9/site-packages/airflow/example_dags/example_sensors.py
[2024-12-21T22:32:16.582+0530] {processor.py:925} INFO - DAG(s) 'example_sensors' retrieved from /Users/jayesh/Desktop/Personal Work/Movie_data_pipeline/.venv/lib/python3.9/site-packages/airflow/example_dags/example_sensors.py
[2024-12-21T22:32:16.728+0530] {logging_mixin.py:190} INFO - [2024-12-21T22:32:16.727+0530] {dag.py:3239} INFO - Sync 1 DAGs
[2024-12-21T22:32:16.831+0530] {logging_mixin.py:190} INFO - [2024-12-21T22:32:16.830+0530] {dag.py:4180} INFO - Setting next_dagrun for example_sensors to None, run_after=None
[2024-12-21T22:32:16.898+0530] {processor.py:208} INFO - Processing /Users/jayesh/Desktop/Personal Work/Movie_data_pipeline/.venv/lib/python3.9/site-packages/airflow/example_dags/example_sensors.py took 0.385 seconds
[2024-12-21T22:32:50.117+0530] {processor.py:186} INFO - Started process (PID=16200) to work on /Users/jayesh/Desktop/Personal Work/Movie_data_pipeline/.venv/lib/python3.9/site-packages/airflow/example_dags/example_sensors.py
[2024-12-21T22:32:50.120+0530] {processor.py:914} INFO - Processing file /Users/jayesh/Desktop/Personal Work/Movie_data_pipeline/.venv/lib/python3.9/site-packages/airflow/example_dags/example_sensors.py for tasks to queue
[2024-12-21T22:32:50.134+0530] {logging_mixin.py:190} INFO - [2024-12-21T22:32:50.133+0530] {dagbag.py:588} INFO - Filling up the DagBag from /Users/jayesh/Desktop/Personal Work/Movie_data_pipeline/.venv/lib/python3.9/site-packages/airflow/example_dags/example_sensors.py
[2024-12-21T22:32:50.169+0530] {processor.py:925} INFO - DAG(s) 'example_sensors' retrieved from /Users/jayesh/Desktop/Personal Work/Movie_data_pipeline/.venv/lib/python3.9/site-packages/airflow/example_dags/example_sensors.py
[2024-12-21T22:32:50.353+0530] {logging_mixin.py:190} INFO - [2024-12-21T22:32:50.352+0530] {dag.py:3239} INFO - Sync 1 DAGs
[2024-12-21T22:32:50.399+0530] {logging_mixin.py:190} INFO - [2024-12-21T22:32:50.399+0530] {dag.py:4180} INFO - Setting next_dagrun for example_sensors to None, run_after=None
[2024-12-21T22:32:50.515+0530] {processor.py:208} INFO - Processing /Users/jayesh/Desktop/Personal Work/Movie_data_pipeline/.venv/lib/python3.9/site-packages/airflow/example_dags/example_sensors.py took 0.416 seconds
[2024-12-21T22:33:20.697+0530] {processor.py:186} INFO - Started process (PID=16403) to work on /Users/jayesh/Desktop/Personal Work/Movie_data_pipeline/.venv/lib/python3.9/site-packages/airflow/example_dags/example_sensors.py
[2024-12-21T22:33:20.701+0530] {processor.py:914} INFO - Processing file /Users/jayesh/Desktop/Personal Work/Movie_data_pipeline/.venv/lib/python3.9/site-packages/airflow/example_dags/example_sensors.py for tasks to queue
[2024-12-21T22:33:20.706+0530] {logging_mixin.py:190} INFO - [2024-12-21T22:33:20.704+0530] {dagbag.py:588} INFO - Filling up the DagBag from /Users/jayesh/Desktop/Personal Work/Movie_data_pipeline/.venv/lib/python3.9/site-packages/airflow/example_dags/example_sensors.py
[2024-12-21T22:33:20.731+0530] {processor.py:925} INFO - DAG(s) 'example_sensors' retrieved from /Users/jayesh/Desktop/Personal Work/Movie_data_pipeline/.venv/lib/python3.9/site-packages/airflow/example_dags/example_sensors.py
[2024-12-21T22:33:20.813+0530] {logging_mixin.py:190} INFO - [2024-12-21T22:33:20.812+0530] {dag.py:3239} INFO - Sync 1 DAGs
[2024-12-21T22:33:20.842+0530] {logging_mixin.py:190} INFO - [2024-12-21T22:33:20.840+0530] {dag.py:4180} INFO - Setting next_dagrun for example_sensors to None, run_after=None
[2024-12-21T22:33:20.872+0530] {processor.py:208} INFO - Processing /Users/jayesh/Desktop/Personal Work/Movie_data_pipeline/.venv/lib/python3.9/site-packages/airflow/example_dags/example_sensors.py took 0.189 seconds
[2024-12-21T23:52:57.596+0530] {processor.py:186} INFO - Started process (PID=18075) to work on /Users/jayesh/Desktop/Personal Work/Movie_data_pipeline/.venv/lib/python3.9/site-packages/airflow/example_dags/example_sensors.py
[2024-12-21T23:52:57.601+0530] {processor.py:914} INFO - Processing file /Users/jayesh/Desktop/Personal Work/Movie_data_pipeline/.venv/lib/python3.9/site-packages/airflow/example_dags/example_sensors.py for tasks to queue
[2024-12-21T23:52:57.608+0530] {logging_mixin.py:190} INFO - [2024-12-21T23:52:57.606+0530] {dagbag.py:588} INFO - Filling up the DagBag from /Users/jayesh/Desktop/Personal Work/Movie_data_pipeline/.venv/lib/python3.9/site-packages/airflow/example_dags/example_sensors.py
[2024-12-21T23:52:57.661+0530] {processor.py:925} INFO - DAG(s) 'example_sensors' retrieved from /Users/jayesh/Desktop/Personal Work/Movie_data_pipeline/.venv/lib/python3.9/site-packages/airflow/example_dags/example_sensors.py
[2024-12-21T23:52:57.932+0530] {logging_mixin.py:190} INFO - [2024-12-21T23:52:57.931+0530] {dag.py:3239} INFO - Sync 1 DAGs
[2024-12-21T23:52:58.090+0530] {logging_mixin.py:190} INFO - [2024-12-21T23:52:58.089+0530] {dag.py:4180} INFO - Setting next_dagrun for example_sensors to None, run_after=None
[2024-12-21T23:52:58.144+0530] {processor.py:208} INFO - Processing /Users/jayesh/Desktop/Personal Work/Movie_data_pipeline/.venv/lib/python3.9/site-packages/airflow/example_dags/example_sensors.py took 0.567 seconds
[2024-12-21T23:53:28.427+0530] {processor.py:186} INFO - Started process (PID=18296) to work on /Users/jayesh/Desktop/Personal Work/Movie_data_pipeline/.venv/lib/python3.9/site-packages/airflow/example_dags/example_sensors.py
[2024-12-21T23:53:28.431+0530] {processor.py:914} INFO - Processing file /Users/jayesh/Desktop/Personal Work/Movie_data_pipeline/.venv/lib/python3.9/site-packages/airflow/example_dags/example_sensors.py for tasks to queue
[2024-12-21T23:53:28.508+0530] {logging_mixin.py:190} INFO - [2024-12-21T23:53:28.506+0530] {dagbag.py:588} INFO - Filling up the DagBag from /Users/jayesh/Desktop/Personal Work/Movie_data_pipeline/.venv/lib/python3.9/site-packages/airflow/example_dags/example_sensors.py
[2024-12-21T23:53:28.579+0530] {processor.py:925} INFO - DAG(s) 'example_sensors' retrieved from /Users/jayesh/Desktop/Personal Work/Movie_data_pipeline/.venv/lib/python3.9/site-packages/airflow/example_dags/example_sensors.py
[2024-12-21T23:53:28.753+0530] {logging_mixin.py:190} INFO - [2024-12-21T23:53:28.752+0530] {dag.py:3239} INFO - Sync 1 DAGs
[2024-12-21T23:53:28.793+0530] {logging_mixin.py:190} INFO - [2024-12-21T23:53:28.792+0530] {dag.py:4180} INFO - Setting next_dagrun for example_sensors to None, run_after=None
[2024-12-21T23:53:28.851+0530] {processor.py:208} INFO - Processing /Users/jayesh/Desktop/Personal Work/Movie_data_pipeline/.venv/lib/python3.9/site-packages/airflow/example_dags/example_sensors.py took 0.474 seconds
