[2024-12-21T10:23:13.913+0530] {processor.py:186} INFO - Started process (PID=2178) to work on /Users/jayesh/Desktop/Personal Work/Movie_data_pipeline/.venv/lib/python3.9/site-packages/airflow/example_dags/tutorial_dag.py
[2024-12-21T10:23:13.915+0530] {processor.py:914} INFO - Processing file /Users/jayesh/Desktop/Personal Work/Movie_data_pipeline/.venv/lib/python3.9/site-packages/airflow/example_dags/tutorial_dag.py for tasks to queue
[2024-12-21T10:23:13.917+0530] {logging_mixin.py:190} INFO - [2024-12-21T10:23:13.916+0530] {dagbag.py:588} INFO - Filling up the DagBag from /Users/jayesh/Desktop/Personal Work/Movie_data_pipeline/.venv/lib/python3.9/site-packages/airflow/example_dags/tutorial_dag.py
[2024-12-21T10:23:13.967+0530] {processor.py:925} INFO - DAG(s) 'tutorial_dag' retrieved from /Users/jayesh/Desktop/Personal Work/Movie_data_pipeline/.venv/lib/python3.9/site-packages/airflow/example_dags/tutorial_dag.py
[2024-12-21T10:23:14.285+0530] {logging_mixin.py:190} INFO - [2024-12-21T10:23:14.284+0530] {dag.py:3239} INFO - Sync 1 DAGs
[2024-12-21T10:23:14.315+0530] {logging_mixin.py:190} INFO - [2024-12-21T10:23:14.314+0530] {dag.py:4180} INFO - Setting next_dagrun for tutorial_dag to None, run_after=None
[2024-12-21T10:23:14.351+0530] {processor.py:208} INFO - Processing /Users/jayesh/Desktop/Personal Work/Movie_data_pipeline/.venv/lib/python3.9/site-packages/airflow/example_dags/tutorial_dag.py took 0.443 seconds
[2024-12-21T10:25:38.691+0530] {processor.py:186} INFO - Started process (PID=2552) to work on /Users/jayesh/Desktop/Personal Work/Movie_data_pipeline/.venv/lib/python3.9/site-packages/airflow/example_dags/tutorial_dag.py
[2024-12-21T10:25:38.694+0530] {processor.py:914} INFO - Processing file /Users/jayesh/Desktop/Personal Work/Movie_data_pipeline/.venv/lib/python3.9/site-packages/airflow/example_dags/tutorial_dag.py for tasks to queue
[2024-12-21T10:25:38.697+0530] {logging_mixin.py:190} INFO - [2024-12-21T10:25:38.697+0530] {dagbag.py:588} INFO - Filling up the DagBag from /Users/jayesh/Desktop/Personal Work/Movie_data_pipeline/.venv/lib/python3.9/site-packages/airflow/example_dags/tutorial_dag.py
[2024-12-21T10:25:38.734+0530] {processor.py:925} INFO - DAG(s) 'tutorial_dag' retrieved from /Users/jayesh/Desktop/Personal Work/Movie_data_pipeline/.venv/lib/python3.9/site-packages/airflow/example_dags/tutorial_dag.py
[2024-12-21T10:25:39.001+0530] {logging_mixin.py:190} INFO - [2024-12-21T10:25:39.000+0530] {dag.py:3239} INFO - Sync 1 DAGs
[2024-12-21T10:25:39.024+0530] {logging_mixin.py:190} INFO - [2024-12-21T10:25:39.023+0530] {dag.py:4180} INFO - Setting next_dagrun for tutorial_dag to None, run_after=None
[2024-12-21T10:25:39.059+0530] {processor.py:208} INFO - Processing /Users/jayesh/Desktop/Personal Work/Movie_data_pipeline/.venv/lib/python3.9/site-packages/airflow/example_dags/tutorial_dag.py took 0.376 seconds
[2024-12-21T10:27:00.842+0530] {processor.py:186} INFO - Started process (PID=2780) to work on /Users/jayesh/Desktop/Personal Work/Movie_data_pipeline/.venv/lib/python3.9/site-packages/airflow/example_dags/tutorial_dag.py
[2024-12-21T10:27:00.844+0530] {processor.py:914} INFO - Processing file /Users/jayesh/Desktop/Personal Work/Movie_data_pipeline/.venv/lib/python3.9/site-packages/airflow/example_dags/tutorial_dag.py for tasks to queue
[2024-12-21T10:27:00.845+0530] {logging_mixin.py:190} INFO - [2024-12-21T10:27:00.845+0530] {dagbag.py:588} INFO - Filling up the DagBag from /Users/jayesh/Desktop/Personal Work/Movie_data_pipeline/.venv/lib/python3.9/site-packages/airflow/example_dags/tutorial_dag.py
[2024-12-21T10:27:00.881+0530] {processor.py:925} INFO - DAG(s) 'tutorial_dag' retrieved from /Users/jayesh/Desktop/Personal Work/Movie_data_pipeline/.venv/lib/python3.9/site-packages/airflow/example_dags/tutorial_dag.py
[2024-12-21T10:27:01.109+0530] {logging_mixin.py:190} INFO - [2024-12-21T10:27:01.108+0530] {dag.py:3239} INFO - Sync 1 DAGs
[2024-12-21T10:27:01.132+0530] {logging_mixin.py:190} INFO - [2024-12-21T10:27:01.132+0530] {dag.py:4180} INFO - Setting next_dagrun for tutorial_dag to None, run_after=None
[2024-12-21T10:27:01.198+0530] {processor.py:208} INFO - Processing /Users/jayesh/Desktop/Personal Work/Movie_data_pipeline/.venv/lib/python3.9/site-packages/airflow/example_dags/tutorial_dag.py took 0.361 seconds
[2024-12-21T10:28:13.415+0530] {processor.py:186} INFO - Started process (PID=2982) to work on /Users/jayesh/Desktop/Personal Work/Movie_data_pipeline/.venv/lib/python3.9/site-packages/airflow/example_dags/tutorial_dag.py
[2024-12-21T10:28:13.417+0530] {processor.py:914} INFO - Processing file /Users/jayesh/Desktop/Personal Work/Movie_data_pipeline/.venv/lib/python3.9/site-packages/airflow/example_dags/tutorial_dag.py for tasks to queue
[2024-12-21T10:28:13.418+0530] {logging_mixin.py:190} INFO - [2024-12-21T10:28:13.418+0530] {dagbag.py:588} INFO - Filling up the DagBag from /Users/jayesh/Desktop/Personal Work/Movie_data_pipeline/.venv/lib/python3.9/site-packages/airflow/example_dags/tutorial_dag.py
[2024-12-21T10:28:13.456+0530] {processor.py:925} INFO - DAG(s) 'tutorial_dag' retrieved from /Users/jayesh/Desktop/Personal Work/Movie_data_pipeline/.venv/lib/python3.9/site-packages/airflow/example_dags/tutorial_dag.py
[2024-12-21T10:28:13.687+0530] {logging_mixin.py:190} INFO - [2024-12-21T10:28:13.687+0530] {dag.py:3239} INFO - Sync 1 DAGs
[2024-12-21T10:28:13.714+0530] {logging_mixin.py:190} INFO - [2024-12-21T10:28:13.713+0530] {dag.py:4180} INFO - Setting next_dagrun for tutorial_dag to None, run_after=None
[2024-12-21T10:28:13.743+0530] {processor.py:208} INFO - Processing /Users/jayesh/Desktop/Personal Work/Movie_data_pipeline/.venv/lib/python3.9/site-packages/airflow/example_dags/tutorial_dag.py took 0.334 seconds
[2024-12-21T10:29:30.559+0530] {processor.py:186} INFO - Started process (PID=3191) to work on /Users/jayesh/Desktop/Personal Work/Movie_data_pipeline/.venv/lib/python3.9/site-packages/airflow/example_dags/tutorial_dag.py
[2024-12-21T10:29:30.560+0530] {processor.py:914} INFO - Processing file /Users/jayesh/Desktop/Personal Work/Movie_data_pipeline/.venv/lib/python3.9/site-packages/airflow/example_dags/tutorial_dag.py for tasks to queue
[2024-12-21T10:29:30.563+0530] {logging_mixin.py:190} INFO - [2024-12-21T10:29:30.562+0530] {dagbag.py:588} INFO - Filling up the DagBag from /Users/jayesh/Desktop/Personal Work/Movie_data_pipeline/.venv/lib/python3.9/site-packages/airflow/example_dags/tutorial_dag.py
[2024-12-21T10:29:30.608+0530] {processor.py:925} INFO - DAG(s) 'tutorial_dag' retrieved from /Users/jayesh/Desktop/Personal Work/Movie_data_pipeline/.venv/lib/python3.9/site-packages/airflow/example_dags/tutorial_dag.py
[2024-12-21T10:29:30.946+0530] {logging_mixin.py:190} INFO - [2024-12-21T10:29:30.946+0530] {dag.py:3239} INFO - Sync 1 DAGs
[2024-12-21T10:29:30.969+0530] {logging_mixin.py:190} INFO - [2024-12-21T10:29:30.969+0530] {dag.py:4180} INFO - Setting next_dagrun for tutorial_dag to None, run_after=None
[2024-12-21T10:29:31.000+0530] {processor.py:208} INFO - Processing /Users/jayesh/Desktop/Personal Work/Movie_data_pipeline/.venv/lib/python3.9/site-packages/airflow/example_dags/tutorial_dag.py took 0.449 seconds
[2024-12-21T10:31:06.450+0530] {processor.py:186} INFO - Started process (PID=3427) to work on /Users/jayesh/Desktop/Personal Work/Movie_data_pipeline/.venv/lib/python3.9/site-packages/airflow/example_dags/tutorial_dag.py
[2024-12-21T10:31:06.453+0530] {processor.py:914} INFO - Processing file /Users/jayesh/Desktop/Personal Work/Movie_data_pipeline/.venv/lib/python3.9/site-packages/airflow/example_dags/tutorial_dag.py for tasks to queue
[2024-12-21T10:31:06.455+0530] {logging_mixin.py:190} INFO - [2024-12-21T10:31:06.455+0530] {dagbag.py:588} INFO - Filling up the DagBag from /Users/jayesh/Desktop/Personal Work/Movie_data_pipeline/.venv/lib/python3.9/site-packages/airflow/example_dags/tutorial_dag.py
[2024-12-21T10:31:06.501+0530] {processor.py:925} INFO - DAG(s) 'tutorial_dag' retrieved from /Users/jayesh/Desktop/Personal Work/Movie_data_pipeline/.venv/lib/python3.9/site-packages/airflow/example_dags/tutorial_dag.py
[2024-12-21T10:31:06.907+0530] {logging_mixin.py:190} INFO - [2024-12-21T10:31:06.907+0530] {dag.py:3239} INFO - Sync 1 DAGs
[2024-12-21T10:31:06.943+0530] {logging_mixin.py:190} INFO - [2024-12-21T10:31:06.942+0530] {dag.py:4180} INFO - Setting next_dagrun for tutorial_dag to None, run_after=None
[2024-12-21T10:31:06.984+0530] {processor.py:208} INFO - Processing /Users/jayesh/Desktop/Personal Work/Movie_data_pipeline/.venv/lib/python3.9/site-packages/airflow/example_dags/tutorial_dag.py took 0.543 seconds
[2024-12-21T10:47:38.028+0530] {processor.py:186} INFO - Started process (PID=4038) to work on /Users/jayesh/Desktop/Personal Work/Movie_data_pipeline/.venv/lib/python3.9/site-packages/airflow/example_dags/tutorial_dag.py
[2024-12-21T10:47:38.031+0530] {processor.py:914} INFO - Processing file /Users/jayesh/Desktop/Personal Work/Movie_data_pipeline/.venv/lib/python3.9/site-packages/airflow/example_dags/tutorial_dag.py for tasks to queue
[2024-12-21T10:47:38.032+0530] {logging_mixin.py:190} INFO - [2024-12-21T10:47:38.032+0530] {dagbag.py:588} INFO - Filling up the DagBag from /Users/jayesh/Desktop/Personal Work/Movie_data_pipeline/.venv/lib/python3.9/site-packages/airflow/example_dags/tutorial_dag.py
[2024-12-21T10:47:38.062+0530] {processor.py:925} INFO - DAG(s) 'tutorial_dag' retrieved from /Users/jayesh/Desktop/Personal Work/Movie_data_pipeline/.venv/lib/python3.9/site-packages/airflow/example_dags/tutorial_dag.py
[2024-12-21T10:47:38.246+0530] {logging_mixin.py:190} INFO - [2024-12-21T10:47:38.246+0530] {dag.py:3239} INFO - Sync 1 DAGs
[2024-12-21T10:47:38.265+0530] {logging_mixin.py:190} INFO - [2024-12-21T10:47:38.265+0530] {dag.py:4180} INFO - Setting next_dagrun for tutorial_dag to None, run_after=None
[2024-12-21T10:47:38.290+0530] {processor.py:208} INFO - Processing /Users/jayesh/Desktop/Personal Work/Movie_data_pipeline/.venv/lib/python3.9/site-packages/airflow/example_dags/tutorial_dag.py took 0.267 seconds
[2024-12-21T10:49:57.019+0530] {processor.py:186} INFO - Started process (PID=4487) to work on /Users/jayesh/Desktop/Personal Work/Movie_data_pipeline/.venv/lib/python3.9/site-packages/airflow/example_dags/tutorial_dag.py
[2024-12-21T10:49:57.020+0530] {processor.py:914} INFO - Processing file /Users/jayesh/Desktop/Personal Work/Movie_data_pipeline/.venv/lib/python3.9/site-packages/airflow/example_dags/tutorial_dag.py for tasks to queue
[2024-12-21T10:49:57.023+0530] {logging_mixin.py:190} INFO - [2024-12-21T10:49:57.022+0530] {dagbag.py:588} INFO - Filling up the DagBag from /Users/jayesh/Desktop/Personal Work/Movie_data_pipeline/.venv/lib/python3.9/site-packages/airflow/example_dags/tutorial_dag.py
[2024-12-21T10:49:57.063+0530] {processor.py:925} INFO - DAG(s) 'tutorial_dag' retrieved from /Users/jayesh/Desktop/Personal Work/Movie_data_pipeline/.venv/lib/python3.9/site-packages/airflow/example_dags/tutorial_dag.py
[2024-12-21T10:49:57.326+0530] {logging_mixin.py:190} INFO - [2024-12-21T10:49:57.326+0530] {dag.py:3239} INFO - Sync 1 DAGs
[2024-12-21T10:49:57.352+0530] {logging_mixin.py:190} INFO - [2024-12-21T10:49:57.351+0530] {dag.py:4180} INFO - Setting next_dagrun for tutorial_dag to None, run_after=None
[2024-12-21T10:49:57.387+0530] {processor.py:208} INFO - Processing /Users/jayesh/Desktop/Personal Work/Movie_data_pipeline/.venv/lib/python3.9/site-packages/airflow/example_dags/tutorial_dag.py took 0.375 seconds
[2024-12-21T10:51:45.613+0530] {processor.py:186} INFO - Started process (PID=4866) to work on /Users/jayesh/Desktop/Personal Work/Movie_data_pipeline/.venv/lib/python3.9/site-packages/airflow/example_dags/tutorial_dag.py
[2024-12-21T10:51:45.615+0530] {processor.py:914} INFO - Processing file /Users/jayesh/Desktop/Personal Work/Movie_data_pipeline/.venv/lib/python3.9/site-packages/airflow/example_dags/tutorial_dag.py for tasks to queue
[2024-12-21T10:51:45.619+0530] {logging_mixin.py:190} INFO - [2024-12-21T10:51:45.618+0530] {dagbag.py:588} INFO - Filling up the DagBag from /Users/jayesh/Desktop/Personal Work/Movie_data_pipeline/.venv/lib/python3.9/site-packages/airflow/example_dags/tutorial_dag.py
[2024-12-21T10:51:45.680+0530] {processor.py:925} INFO - DAG(s) 'tutorial_dag' retrieved from /Users/jayesh/Desktop/Personal Work/Movie_data_pipeline/.venv/lib/python3.9/site-packages/airflow/example_dags/tutorial_dag.py
[2024-12-21T10:51:45.958+0530] {logging_mixin.py:190} INFO - [2024-12-21T10:51:45.956+0530] {dag.py:3239} INFO - Sync 1 DAGs
[2024-12-21T10:51:45.985+0530] {logging_mixin.py:190} INFO - [2024-12-21T10:51:45.985+0530] {dag.py:4180} INFO - Setting next_dagrun for tutorial_dag to None, run_after=None
[2024-12-21T10:51:46.013+0530] {processor.py:208} INFO - Processing /Users/jayesh/Desktop/Personal Work/Movie_data_pipeline/.venv/lib/python3.9/site-packages/airflow/example_dags/tutorial_dag.py took 0.406 seconds
[2024-12-21T10:53:18.912+0530] {processor.py:186} INFO - Started process (PID=5191) to work on /Users/jayesh/Desktop/Personal Work/Movie_data_pipeline/.venv/lib/python3.9/site-packages/airflow/example_dags/tutorial_dag.py
[2024-12-21T10:53:18.914+0530] {processor.py:914} INFO - Processing file /Users/jayesh/Desktop/Personal Work/Movie_data_pipeline/.venv/lib/python3.9/site-packages/airflow/example_dags/tutorial_dag.py for tasks to queue
[2024-12-21T10:53:18.915+0530] {logging_mixin.py:190} INFO - [2024-12-21T10:53:18.915+0530] {dagbag.py:588} INFO - Filling up the DagBag from /Users/jayesh/Desktop/Personal Work/Movie_data_pipeline/.venv/lib/python3.9/site-packages/airflow/example_dags/tutorial_dag.py
[2024-12-21T10:53:18.950+0530] {processor.py:925} INFO - DAG(s) 'tutorial_dag' retrieved from /Users/jayesh/Desktop/Personal Work/Movie_data_pipeline/.venv/lib/python3.9/site-packages/airflow/example_dags/tutorial_dag.py
[2024-12-21T10:53:19.169+0530] {logging_mixin.py:190} INFO - [2024-12-21T10:53:19.168+0530] {dag.py:3239} INFO - Sync 1 DAGs
[2024-12-21T10:53:19.192+0530] {logging_mixin.py:190} INFO - [2024-12-21T10:53:19.192+0530] {dag.py:4180} INFO - Setting next_dagrun for tutorial_dag to None, run_after=None
[2024-12-21T10:53:19.223+0530] {processor.py:208} INFO - Processing /Users/jayesh/Desktop/Personal Work/Movie_data_pipeline/.venv/lib/python3.9/site-packages/airflow/example_dags/tutorial_dag.py took 0.315 seconds
[2024-12-21T11:54:50.763+0530] {processor.py:186} INFO - Started process (PID=6551) to work on /Users/jayesh/Desktop/Personal Work/Movie_data_pipeline/.venv/lib/python3.9/site-packages/airflow/example_dags/tutorial_dag.py
[2024-12-21T11:54:50.766+0530] {processor.py:914} INFO - Processing file /Users/jayesh/Desktop/Personal Work/Movie_data_pipeline/.venv/lib/python3.9/site-packages/airflow/example_dags/tutorial_dag.py for tasks to queue
[2024-12-21T11:54:50.768+0530] {logging_mixin.py:190} INFO - [2024-12-21T11:54:50.768+0530] {dagbag.py:588} INFO - Filling up the DagBag from /Users/jayesh/Desktop/Personal Work/Movie_data_pipeline/.venv/lib/python3.9/site-packages/airflow/example_dags/tutorial_dag.py
[2024-12-21T11:54:50.815+0530] {processor.py:925} INFO - DAG(s) 'tutorial_dag' retrieved from /Users/jayesh/Desktop/Personal Work/Movie_data_pipeline/.venv/lib/python3.9/site-packages/airflow/example_dags/tutorial_dag.py
[2024-12-21T11:54:51.117+0530] {logging_mixin.py:190} INFO - [2024-12-21T11:54:51.117+0530] {dag.py:3239} INFO - Sync 1 DAGs
[2024-12-21T11:54:51.139+0530] {logging_mixin.py:190} INFO - [2024-12-21T11:54:51.139+0530] {dag.py:4180} INFO - Setting next_dagrun for tutorial_dag to None, run_after=None
[2024-12-21T11:54:51.169+0530] {processor.py:208} INFO - Processing /Users/jayesh/Desktop/Personal Work/Movie_data_pipeline/.venv/lib/python3.9/site-packages/airflow/example_dags/tutorial_dag.py took 0.413 seconds
[2024-12-21T11:56:56.751+0530] {processor.py:186} INFO - Started process (PID=7002) to work on /Users/jayesh/Desktop/Personal Work/Movie_data_pipeline/.venv/lib/python3.9/site-packages/airflow/example_dags/tutorial_dag.py
[2024-12-21T11:56:56.754+0530] {processor.py:914} INFO - Processing file /Users/jayesh/Desktop/Personal Work/Movie_data_pipeline/.venv/lib/python3.9/site-packages/airflow/example_dags/tutorial_dag.py for tasks to queue
[2024-12-21T11:56:56.757+0530] {logging_mixin.py:190} INFO - [2024-12-21T11:56:56.756+0530] {dagbag.py:588} INFO - Filling up the DagBag from /Users/jayesh/Desktop/Personal Work/Movie_data_pipeline/.venv/lib/python3.9/site-packages/airflow/example_dags/tutorial_dag.py
[2024-12-21T11:56:56.840+0530] {processor.py:925} INFO - DAG(s) 'tutorial_dag' retrieved from /Users/jayesh/Desktop/Personal Work/Movie_data_pipeline/.venv/lib/python3.9/site-packages/airflow/example_dags/tutorial_dag.py
[2024-12-21T11:56:57.100+0530] {logging_mixin.py:190} INFO - [2024-12-21T11:56:57.100+0530] {dag.py:3239} INFO - Sync 1 DAGs
[2024-12-21T11:56:57.121+0530] {logging_mixin.py:190} INFO - [2024-12-21T11:56:57.121+0530] {dag.py:4180} INFO - Setting next_dagrun for tutorial_dag to None, run_after=None
[2024-12-21T11:56:57.151+0530] {processor.py:208} INFO - Processing /Users/jayesh/Desktop/Personal Work/Movie_data_pipeline/.venv/lib/python3.9/site-packages/airflow/example_dags/tutorial_dag.py took 0.407 seconds
[2024-12-21T11:58:32.686+0530] {processor.py:186} INFO - Started process (PID=7353) to work on /Users/jayesh/Desktop/Personal Work/Movie_data_pipeline/.venv/lib/python3.9/site-packages/airflow/example_dags/tutorial_dag.py
[2024-12-21T11:58:32.690+0530] {processor.py:914} INFO - Processing file /Users/jayesh/Desktop/Personal Work/Movie_data_pipeline/.venv/lib/python3.9/site-packages/airflow/example_dags/tutorial_dag.py for tasks to queue
[2024-12-21T11:58:32.693+0530] {logging_mixin.py:190} INFO - [2024-12-21T11:58:32.692+0530] {dagbag.py:588} INFO - Filling up the DagBag from /Users/jayesh/Desktop/Personal Work/Movie_data_pipeline/.venv/lib/python3.9/site-packages/airflow/example_dags/tutorial_dag.py
[2024-12-21T11:58:32.751+0530] {processor.py:925} INFO - DAG(s) 'tutorial_dag' retrieved from /Users/jayesh/Desktop/Personal Work/Movie_data_pipeline/.venv/lib/python3.9/site-packages/airflow/example_dags/tutorial_dag.py
[2024-12-21T11:58:33.034+0530] {logging_mixin.py:190} INFO - [2024-12-21T11:58:33.033+0530] {dag.py:3239} INFO - Sync 1 DAGs
[2024-12-21T11:58:33.077+0530] {logging_mixin.py:190} INFO - [2024-12-21T11:58:33.076+0530] {dag.py:4180} INFO - Setting next_dagrun for tutorial_dag to None, run_after=None
[2024-12-21T11:58:33.141+0530] {processor.py:208} INFO - Processing /Users/jayesh/Desktop/Personal Work/Movie_data_pipeline/.venv/lib/python3.9/site-packages/airflow/example_dags/tutorial_dag.py took 0.467 seconds
[2024-12-21T12:00:14.223+0530] {processor.py:186} INFO - Started process (PID=7715) to work on /Users/jayesh/Desktop/Personal Work/Movie_data_pipeline/.venv/lib/python3.9/site-packages/airflow/example_dags/tutorial_dag.py
[2024-12-21T12:00:14.225+0530] {processor.py:914} INFO - Processing file /Users/jayesh/Desktop/Personal Work/Movie_data_pipeline/.venv/lib/python3.9/site-packages/airflow/example_dags/tutorial_dag.py for tasks to queue
[2024-12-21T12:00:14.227+0530] {logging_mixin.py:190} INFO - [2024-12-21T12:00:14.227+0530] {dagbag.py:588} INFO - Filling up the DagBag from /Users/jayesh/Desktop/Personal Work/Movie_data_pipeline/.venv/lib/python3.9/site-packages/airflow/example_dags/tutorial_dag.py
[2024-12-21T12:00:14.262+0530] {processor.py:925} INFO - DAG(s) 'tutorial_dag' retrieved from /Users/jayesh/Desktop/Personal Work/Movie_data_pipeline/.venv/lib/python3.9/site-packages/airflow/example_dags/tutorial_dag.py
[2024-12-21T12:00:14.671+0530] {logging_mixin.py:190} INFO - [2024-12-21T12:00:14.670+0530] {dag.py:3239} INFO - Sync 1 DAGs
[2024-12-21T12:00:14.747+0530] {logging_mixin.py:190} INFO - [2024-12-21T12:00:14.746+0530] {dag.py:4180} INFO - Setting next_dagrun for tutorial_dag to None, run_after=None
[2024-12-21T12:00:14.792+0530] {processor.py:208} INFO - Processing /Users/jayesh/Desktop/Personal Work/Movie_data_pipeline/.venv/lib/python3.9/site-packages/airflow/example_dags/tutorial_dag.py took 0.575 seconds
[2024-12-21T12:01:49.699+0530] {processor.py:186} INFO - Started process (PID=8057) to work on /Users/jayesh/Desktop/Personal Work/Movie_data_pipeline/.venv/lib/python3.9/site-packages/airflow/example_dags/tutorial_dag.py
[2024-12-21T12:01:49.703+0530] {processor.py:914} INFO - Processing file /Users/jayesh/Desktop/Personal Work/Movie_data_pipeline/.venv/lib/python3.9/site-packages/airflow/example_dags/tutorial_dag.py for tasks to queue
[2024-12-21T12:01:49.707+0530] {logging_mixin.py:190} INFO - [2024-12-21T12:01:49.706+0530] {dagbag.py:588} INFO - Filling up the DagBag from /Users/jayesh/Desktop/Personal Work/Movie_data_pipeline/.venv/lib/python3.9/site-packages/airflow/example_dags/tutorial_dag.py
[2024-12-21T12:01:49.741+0530] {processor.py:925} INFO - DAG(s) 'tutorial_dag' retrieved from /Users/jayesh/Desktop/Personal Work/Movie_data_pipeline/.venv/lib/python3.9/site-packages/airflow/example_dags/tutorial_dag.py
[2024-12-21T12:01:49.953+0530] {logging_mixin.py:190} INFO - [2024-12-21T12:01:49.952+0530] {dag.py:3239} INFO - Sync 1 DAGs
[2024-12-21T12:01:49.978+0530] {logging_mixin.py:190} INFO - [2024-12-21T12:01:49.977+0530] {dag.py:4180} INFO - Setting next_dagrun for tutorial_dag to None, run_after=None
[2024-12-21T12:01:50.015+0530] {processor.py:208} INFO - Processing /Users/jayesh/Desktop/Personal Work/Movie_data_pipeline/.venv/lib/python3.9/site-packages/airflow/example_dags/tutorial_dag.py took 0.325 seconds
[2024-12-21T12:03:34.319+0530] {processor.py:186} INFO - Started process (PID=8419) to work on /Users/jayesh/Desktop/Personal Work/Movie_data_pipeline/.venv/lib/python3.9/site-packages/airflow/example_dags/tutorial_dag.py
[2024-12-21T12:03:34.324+0530] {processor.py:914} INFO - Processing file /Users/jayesh/Desktop/Personal Work/Movie_data_pipeline/.venv/lib/python3.9/site-packages/airflow/example_dags/tutorial_dag.py for tasks to queue
[2024-12-21T12:03:34.327+0530] {logging_mixin.py:190} INFO - [2024-12-21T12:03:34.326+0530] {dagbag.py:588} INFO - Filling up the DagBag from /Users/jayesh/Desktop/Personal Work/Movie_data_pipeline/.venv/lib/python3.9/site-packages/airflow/example_dags/tutorial_dag.py
[2024-12-21T12:03:34.365+0530] {processor.py:925} INFO - DAG(s) 'tutorial_dag' retrieved from /Users/jayesh/Desktop/Personal Work/Movie_data_pipeline/.venv/lib/python3.9/site-packages/airflow/example_dags/tutorial_dag.py
[2024-12-21T12:03:34.603+0530] {logging_mixin.py:190} INFO - [2024-12-21T12:03:34.603+0530] {dag.py:3239} INFO - Sync 1 DAGs
[2024-12-21T12:03:34.630+0530] {logging_mixin.py:190} INFO - [2024-12-21T12:03:34.630+0530] {dag.py:4180} INFO - Setting next_dagrun for tutorial_dag to None, run_after=None
[2024-12-21T12:03:34.671+0530] {processor.py:208} INFO - Processing /Users/jayesh/Desktop/Personal Work/Movie_data_pipeline/.venv/lib/python3.9/site-packages/airflow/example_dags/tutorial_dag.py took 0.359 seconds
[2024-12-21T12:05:27.494+0530] {processor.py:186} INFO - Started process (PID=8807) to work on /Users/jayesh/Desktop/Personal Work/Movie_data_pipeline/.venv/lib/python3.9/site-packages/airflow/example_dags/tutorial_dag.py
[2024-12-21T12:05:27.497+0530] {processor.py:914} INFO - Processing file /Users/jayesh/Desktop/Personal Work/Movie_data_pipeline/.venv/lib/python3.9/site-packages/airflow/example_dags/tutorial_dag.py for tasks to queue
[2024-12-21T12:05:27.498+0530] {logging_mixin.py:190} INFO - [2024-12-21T12:05:27.498+0530] {dagbag.py:588} INFO - Filling up the DagBag from /Users/jayesh/Desktop/Personal Work/Movie_data_pipeline/.venv/lib/python3.9/site-packages/airflow/example_dags/tutorial_dag.py
[2024-12-21T12:05:27.532+0530] {processor.py:925} INFO - DAG(s) 'tutorial_dag' retrieved from /Users/jayesh/Desktop/Personal Work/Movie_data_pipeline/.venv/lib/python3.9/site-packages/airflow/example_dags/tutorial_dag.py
[2024-12-21T12:05:27.783+0530] {logging_mixin.py:190} INFO - [2024-12-21T12:05:27.782+0530] {dag.py:3239} INFO - Sync 1 DAGs
[2024-12-21T12:05:27.804+0530] {logging_mixin.py:190} INFO - [2024-12-21T12:05:27.804+0530] {dag.py:4180} INFO - Setting next_dagrun for tutorial_dag to None, run_after=None
[2024-12-21T12:05:27.832+0530] {processor.py:208} INFO - Processing /Users/jayesh/Desktop/Personal Work/Movie_data_pipeline/.venv/lib/python3.9/site-packages/airflow/example_dags/tutorial_dag.py took 0.343 seconds
[2024-12-21T22:32:11.397+0530] {processor.py:186} INFO - Started process (PID=15889) to work on /Users/jayesh/Desktop/Personal Work/Movie_data_pipeline/.venv/lib/python3.9/site-packages/airflow/example_dags/tutorial_dag.py
[2024-12-21T22:32:11.401+0530] {processor.py:914} INFO - Processing file /Users/jayesh/Desktop/Personal Work/Movie_data_pipeline/.venv/lib/python3.9/site-packages/airflow/example_dags/tutorial_dag.py for tasks to queue
[2024-12-21T22:32:11.409+0530] {logging_mixin.py:190} INFO - [2024-12-21T22:32:11.408+0530] {dagbag.py:588} INFO - Filling up the DagBag from /Users/jayesh/Desktop/Personal Work/Movie_data_pipeline/.venv/lib/python3.9/site-packages/airflow/example_dags/tutorial_dag.py
[2024-12-21T22:32:11.436+0530] {processor.py:925} INFO - DAG(s) 'tutorial_dag' retrieved from /Users/jayesh/Desktop/Personal Work/Movie_data_pipeline/.venv/lib/python3.9/site-packages/airflow/example_dags/tutorial_dag.py
[2024-12-21T22:32:11.614+0530] {logging_mixin.py:190} INFO - [2024-12-21T22:32:11.613+0530] {dag.py:3239} INFO - Sync 1 DAGs
[2024-12-21T22:32:11.689+0530] {logging_mixin.py:190} INFO - [2024-12-21T22:32:11.687+0530] {dag.py:4180} INFO - Setting next_dagrun for tutorial_dag to None, run_after=None
[2024-12-21T22:32:11.790+0530] {processor.py:208} INFO - Processing /Users/jayesh/Desktop/Personal Work/Movie_data_pipeline/.venv/lib/python3.9/site-packages/airflow/example_dags/tutorial_dag.py took 0.413 seconds
[2024-12-21T22:32:43.529+0530] {processor.py:186} INFO - Started process (PID=16130) to work on /Users/jayesh/Desktop/Personal Work/Movie_data_pipeline/.venv/lib/python3.9/site-packages/airflow/example_dags/tutorial_dag.py
[2024-12-21T22:32:43.547+0530] {processor.py:914} INFO - Processing file /Users/jayesh/Desktop/Personal Work/Movie_data_pipeline/.venv/lib/python3.9/site-packages/airflow/example_dags/tutorial_dag.py for tasks to queue
[2024-12-21T22:32:43.561+0530] {logging_mixin.py:190} INFO - [2024-12-21T22:32:43.559+0530] {dagbag.py:588} INFO - Filling up the DagBag from /Users/jayesh/Desktop/Personal Work/Movie_data_pipeline/.venv/lib/python3.9/site-packages/airflow/example_dags/tutorial_dag.py
[2024-12-21T22:32:43.607+0530] {processor.py:925} INFO - DAG(s) 'tutorial_dag' retrieved from /Users/jayesh/Desktop/Personal Work/Movie_data_pipeline/.venv/lib/python3.9/site-packages/airflow/example_dags/tutorial_dag.py
[2024-12-21T22:32:44.017+0530] {logging_mixin.py:190} INFO - [2024-12-21T22:32:44.016+0530] {dag.py:3239} INFO - Sync 1 DAGs
[2024-12-21T22:32:44.088+0530] {logging_mixin.py:190} INFO - [2024-12-21T22:32:44.087+0530] {dag.py:4180} INFO - Setting next_dagrun for tutorial_dag to None, run_after=None
[2024-12-21T22:32:44.169+0530] {processor.py:208} INFO - Processing /Users/jayesh/Desktop/Personal Work/Movie_data_pipeline/.venv/lib/python3.9/site-packages/airflow/example_dags/tutorial_dag.py took 0.688 seconds
[2024-12-21T22:33:14.952+0530] {processor.py:186} INFO - Started process (PID=16345) to work on /Users/jayesh/Desktop/Personal Work/Movie_data_pipeline/.venv/lib/python3.9/site-packages/airflow/example_dags/tutorial_dag.py
[2024-12-21T22:33:14.958+0530] {processor.py:914} INFO - Processing file /Users/jayesh/Desktop/Personal Work/Movie_data_pipeline/.venv/lib/python3.9/site-packages/airflow/example_dags/tutorial_dag.py for tasks to queue
[2024-12-21T22:33:14.968+0530] {logging_mixin.py:190} INFO - [2024-12-21T22:33:14.967+0530] {dagbag.py:588} INFO - Filling up the DagBag from /Users/jayesh/Desktop/Personal Work/Movie_data_pipeline/.venv/lib/python3.9/site-packages/airflow/example_dags/tutorial_dag.py
[2024-12-21T22:33:14.994+0530] {processor.py:925} INFO - DAG(s) 'tutorial_dag' retrieved from /Users/jayesh/Desktop/Personal Work/Movie_data_pipeline/.venv/lib/python3.9/site-packages/airflow/example_dags/tutorial_dag.py
[2024-12-21T22:33:15.103+0530] {logging_mixin.py:190} INFO - [2024-12-21T22:33:15.102+0530] {dag.py:3239} INFO - Sync 1 DAGs
[2024-12-21T22:33:15.135+0530] {logging_mixin.py:190} INFO - [2024-12-21T22:33:15.134+0530] {dag.py:4180} INFO - Setting next_dagrun for tutorial_dag to None, run_after=None
[2024-12-21T22:33:15.216+0530] {processor.py:208} INFO - Processing /Users/jayesh/Desktop/Personal Work/Movie_data_pipeline/.venv/lib/python3.9/site-packages/airflow/example_dags/tutorial_dag.py took 0.290 seconds
[2024-12-21T22:33:45.850+0530] {processor.py:186} INFO - Started process (PID=16548) to work on /Users/jayesh/Desktop/Personal Work/Movie_data_pipeline/.venv/lib/python3.9/site-packages/airflow/example_dags/tutorial_dag.py
[2024-12-21T22:33:45.853+0530] {processor.py:914} INFO - Processing file /Users/jayesh/Desktop/Personal Work/Movie_data_pipeline/.venv/lib/python3.9/site-packages/airflow/example_dags/tutorial_dag.py for tasks to queue
[2024-12-21T22:33:45.859+0530] {logging_mixin.py:190} INFO - [2024-12-21T22:33:45.857+0530] {dagbag.py:588} INFO - Filling up the DagBag from /Users/jayesh/Desktop/Personal Work/Movie_data_pipeline/.venv/lib/python3.9/site-packages/airflow/example_dags/tutorial_dag.py
[2024-12-21T22:33:45.877+0530] {processor.py:925} INFO - DAG(s) 'tutorial_dag' retrieved from /Users/jayesh/Desktop/Personal Work/Movie_data_pipeline/.venv/lib/python3.9/site-packages/airflow/example_dags/tutorial_dag.py
[2024-12-21T22:33:45.942+0530] {logging_mixin.py:190} INFO - [2024-12-21T22:33:45.940+0530] {dag.py:3239} INFO - Sync 1 DAGs
[2024-12-21T22:33:45.970+0530] {logging_mixin.py:190} INFO - [2024-12-21T22:33:45.970+0530] {dag.py:4180} INFO - Setting next_dagrun for tutorial_dag to None, run_after=None
[2024-12-21T22:33:46.001+0530] {processor.py:208} INFO - Processing /Users/jayesh/Desktop/Personal Work/Movie_data_pipeline/.venv/lib/python3.9/site-packages/airflow/example_dags/tutorial_dag.py took 0.165 seconds
[2024-12-21T23:52:51.443+0530] {processor.py:186} INFO - Started process (PID=17998) to work on /Users/jayesh/Desktop/Personal Work/Movie_data_pipeline/.venv/lib/python3.9/site-packages/airflow/example_dags/tutorial_dag.py
[2024-12-21T23:52:51.446+0530] {processor.py:914} INFO - Processing file /Users/jayesh/Desktop/Personal Work/Movie_data_pipeline/.venv/lib/python3.9/site-packages/airflow/example_dags/tutorial_dag.py for tasks to queue
[2024-12-21T23:52:51.456+0530] {logging_mixin.py:190} INFO - [2024-12-21T23:52:51.455+0530] {dagbag.py:588} INFO - Filling up the DagBag from /Users/jayesh/Desktop/Personal Work/Movie_data_pipeline/.venv/lib/python3.9/site-packages/airflow/example_dags/tutorial_dag.py
[2024-12-21T23:52:51.671+0530] {processor.py:925} INFO - DAG(s) 'tutorial_dag' retrieved from /Users/jayesh/Desktop/Personal Work/Movie_data_pipeline/.venv/lib/python3.9/site-packages/airflow/example_dags/tutorial_dag.py
[2024-12-21T23:52:52.361+0530] {logging_mixin.py:190} INFO - [2024-12-21T23:52:52.360+0530] {dag.py:3239} INFO - Sync 1 DAGs
[2024-12-21T23:52:52.452+0530] {logging_mixin.py:190} INFO - [2024-12-21T23:52:52.451+0530] {dag.py:4180} INFO - Setting next_dagrun for tutorial_dag to None, run_after=None
[2024-12-21T23:52:52.511+0530] {processor.py:208} INFO - Processing /Users/jayesh/Desktop/Personal Work/Movie_data_pipeline/.venv/lib/python3.9/site-packages/airflow/example_dags/tutorial_dag.py took 1.081 seconds
[2024-12-21T23:53:23.312+0530] {processor.py:186} INFO - Started process (PID=18243) to work on /Users/jayesh/Desktop/Personal Work/Movie_data_pipeline/.venv/lib/python3.9/site-packages/airflow/example_dags/tutorial_dag.py
[2024-12-21T23:53:23.315+0530] {processor.py:914} INFO - Processing file /Users/jayesh/Desktop/Personal Work/Movie_data_pipeline/.venv/lib/python3.9/site-packages/airflow/example_dags/tutorial_dag.py for tasks to queue
[2024-12-21T23:53:23.327+0530] {logging_mixin.py:190} INFO - [2024-12-21T23:53:23.325+0530] {dagbag.py:588} INFO - Filling up the DagBag from /Users/jayesh/Desktop/Personal Work/Movie_data_pipeline/.venv/lib/python3.9/site-packages/airflow/example_dags/tutorial_dag.py
[2024-12-21T23:53:23.378+0530] {processor.py:925} INFO - DAG(s) 'tutorial_dag' retrieved from /Users/jayesh/Desktop/Personal Work/Movie_data_pipeline/.venv/lib/python3.9/site-packages/airflow/example_dags/tutorial_dag.py
[2024-12-21T23:53:23.559+0530] {logging_mixin.py:190} INFO - [2024-12-21T23:53:23.558+0530] {dag.py:3239} INFO - Sync 1 DAGs
[2024-12-21T23:53:23.612+0530] {logging_mixin.py:190} INFO - [2024-12-21T23:53:23.611+0530] {dag.py:4180} INFO - Setting next_dagrun for tutorial_dag to None, run_after=None
[2024-12-21T23:53:23.674+0530] {processor.py:208} INFO - Processing /Users/jayesh/Desktop/Personal Work/Movie_data_pipeline/.venv/lib/python3.9/site-packages/airflow/example_dags/tutorial_dag.py took 0.393 seconds
