[2024-12-21T10:23:04.398+0530] {processor.py:186} INFO - Started process (PID=2129) to work on /Users/jayesh/Desktop/Personal Work/Movie_data_pipeline/.venv/lib/python3.9/site-packages/airflow/example_dags/tutorial_taskflow_templates.py
[2024-12-21T10:23:04.402+0530] {processor.py:914} INFO - Processing file /Users/jayesh/Desktop/Personal Work/Movie_data_pipeline/.venv/lib/python3.9/site-packages/airflow/example_dags/tutorial_taskflow_templates.py for tasks to queue
[2024-12-21T10:23:04.409+0530] {logging_mixin.py:190} INFO - [2024-12-21T10:23:04.408+0530] {dagbag.py:588} INFO - Filling up the DagBag from /Users/jayesh/Desktop/Personal Work/Movie_data_pipeline/.venv/lib/python3.9/site-packages/airflow/example_dags/tutorial_taskflow_templates.py
[2024-12-21T10:23:04.535+0530] {processor.py:925} INFO - DAG(s) 'tutorial_taskflow_templates' retrieved from /Users/jayesh/Desktop/Personal Work/Movie_data_pipeline/.venv/lib/python3.9/site-packages/airflow/example_dags/tutorial_taskflow_templates.py
[2024-12-21T10:23:04.927+0530] {logging_mixin.py:190} INFO - [2024-12-21T10:23:04.927+0530] {dag.py:3239} INFO - Sync 1 DAGs
[2024-12-21T10:23:04.994+0530] {logging_mixin.py:190} INFO - [2024-12-21T10:23:04.993+0530] {dag.py:4180} INFO - Setting next_dagrun for tutorial_taskflow_templates to 2024-12-20 00:00:00+00:00, run_after=2024-12-21 00:00:00+00:00
[2024-12-21T10:23:05.067+0530] {processor.py:208} INFO - Processing /Users/jayesh/Desktop/Personal Work/Movie_data_pipeline/.venv/lib/python3.9/site-packages/airflow/example_dags/tutorial_taskflow_templates.py took 0.682 seconds
[2024-12-21T10:25:30.777+0530] {processor.py:186} INFO - Started process (PID=2531) to work on /Users/jayesh/Desktop/Personal Work/Movie_data_pipeline/.venv/lib/python3.9/site-packages/airflow/example_dags/tutorial_taskflow_templates.py
[2024-12-21T10:25:30.778+0530] {processor.py:914} INFO - Processing file /Users/jayesh/Desktop/Personal Work/Movie_data_pipeline/.venv/lib/python3.9/site-packages/airflow/example_dags/tutorial_taskflow_templates.py for tasks to queue
[2024-12-21T10:25:30.780+0530] {logging_mixin.py:190} INFO - [2024-12-21T10:25:30.780+0530] {dagbag.py:588} INFO - Filling up the DagBag from /Users/jayesh/Desktop/Personal Work/Movie_data_pipeline/.venv/lib/python3.9/site-packages/airflow/example_dags/tutorial_taskflow_templates.py
[2024-12-21T10:25:30.849+0530] {processor.py:925} INFO - DAG(s) 'tutorial_taskflow_templates' retrieved from /Users/jayesh/Desktop/Personal Work/Movie_data_pipeline/.venv/lib/python3.9/site-packages/airflow/example_dags/tutorial_taskflow_templates.py
[2024-12-21T10:25:31.102+0530] {logging_mixin.py:190} INFO - [2024-12-21T10:25:31.102+0530] {dag.py:3239} INFO - Sync 1 DAGs
[2024-12-21T10:25:31.141+0530] {logging_mixin.py:190} INFO - [2024-12-21T10:25:31.141+0530] {dag.py:4180} INFO - Setting next_dagrun for tutorial_taskflow_templates to 2024-12-20 00:00:00+00:00, run_after=2024-12-21 00:00:00+00:00
[2024-12-21T10:25:31.174+0530] {processor.py:208} INFO - Processing /Users/jayesh/Desktop/Personal Work/Movie_data_pipeline/.venv/lib/python3.9/site-packages/airflow/example_dags/tutorial_taskflow_templates.py took 0.405 seconds
[2024-12-21T10:26:53.847+0530] {processor.py:186} INFO - Started process (PID=2761) to work on /Users/jayesh/Desktop/Personal Work/Movie_data_pipeline/.venv/lib/python3.9/site-packages/airflow/example_dags/tutorial_taskflow_templates.py
[2024-12-21T10:26:53.848+0530] {processor.py:914} INFO - Processing file /Users/jayesh/Desktop/Personal Work/Movie_data_pipeline/.venv/lib/python3.9/site-packages/airflow/example_dags/tutorial_taskflow_templates.py for tasks to queue
[2024-12-21T10:26:53.850+0530] {logging_mixin.py:190} INFO - [2024-12-21T10:26:53.849+0530] {dagbag.py:588} INFO - Filling up the DagBag from /Users/jayesh/Desktop/Personal Work/Movie_data_pipeline/.venv/lib/python3.9/site-packages/airflow/example_dags/tutorial_taskflow_templates.py
[2024-12-21T10:26:53.911+0530] {processor.py:925} INFO - DAG(s) 'tutorial_taskflow_templates' retrieved from /Users/jayesh/Desktop/Personal Work/Movie_data_pipeline/.venv/lib/python3.9/site-packages/airflow/example_dags/tutorial_taskflow_templates.py
[2024-12-21T10:26:54.183+0530] {logging_mixin.py:190} INFO - [2024-12-21T10:26:54.182+0530] {dag.py:3239} INFO - Sync 1 DAGs
[2024-12-21T10:26:54.228+0530] {logging_mixin.py:190} INFO - [2024-12-21T10:26:54.227+0530] {dag.py:4180} INFO - Setting next_dagrun for tutorial_taskflow_templates to 2024-12-20 00:00:00+00:00, run_after=2024-12-21 00:00:00+00:00
[2024-12-21T10:26:54.261+0530] {processor.py:208} INFO - Processing /Users/jayesh/Desktop/Personal Work/Movie_data_pipeline/.venv/lib/python3.9/site-packages/airflow/example_dags/tutorial_taskflow_templates.py took 0.419 seconds
[2024-12-21T10:28:05.939+0530] {processor.py:186} INFO - Started process (PID=2961) to work on /Users/jayesh/Desktop/Personal Work/Movie_data_pipeline/.venv/lib/python3.9/site-packages/airflow/example_dags/tutorial_taskflow_templates.py
[2024-12-21T10:28:05.941+0530] {processor.py:914} INFO - Processing file /Users/jayesh/Desktop/Personal Work/Movie_data_pipeline/.venv/lib/python3.9/site-packages/airflow/example_dags/tutorial_taskflow_templates.py for tasks to queue
[2024-12-21T10:28:05.943+0530] {logging_mixin.py:190} INFO - [2024-12-21T10:28:05.943+0530] {dagbag.py:588} INFO - Filling up the DagBag from /Users/jayesh/Desktop/Personal Work/Movie_data_pipeline/.venv/lib/python3.9/site-packages/airflow/example_dags/tutorial_taskflow_templates.py
[2024-12-21T10:28:06.045+0530] {processor.py:925} INFO - DAG(s) 'tutorial_taskflow_templates' retrieved from /Users/jayesh/Desktop/Personal Work/Movie_data_pipeline/.venv/lib/python3.9/site-packages/airflow/example_dags/tutorial_taskflow_templates.py
[2024-12-21T10:28:06.418+0530] {logging_mixin.py:190} INFO - [2024-12-21T10:28:06.418+0530] {dag.py:3239} INFO - Sync 1 DAGs
[2024-12-21T10:28:06.458+0530] {logging_mixin.py:190} INFO - [2024-12-21T10:28:06.457+0530] {dag.py:4180} INFO - Setting next_dagrun for tutorial_taskflow_templates to 2024-12-20 00:00:00+00:00, run_after=2024-12-21 00:00:00+00:00
[2024-12-21T10:28:06.492+0530] {processor.py:208} INFO - Processing /Users/jayesh/Desktop/Personal Work/Movie_data_pipeline/.venv/lib/python3.9/site-packages/airflow/example_dags/tutorial_taskflow_templates.py took 0.564 seconds
[2024-12-21T10:29:22.856+0530] {processor.py:186} INFO - Started process (PID=3171) to work on /Users/jayesh/Desktop/Personal Work/Movie_data_pipeline/.venv/lib/python3.9/site-packages/airflow/example_dags/tutorial_taskflow_templates.py
[2024-12-21T10:29:22.857+0530] {processor.py:914} INFO - Processing file /Users/jayesh/Desktop/Personal Work/Movie_data_pipeline/.venv/lib/python3.9/site-packages/airflow/example_dags/tutorial_taskflow_templates.py for tasks to queue
[2024-12-21T10:29:22.859+0530] {logging_mixin.py:190} INFO - [2024-12-21T10:29:22.859+0530] {dagbag.py:588} INFO - Filling up the DagBag from /Users/jayesh/Desktop/Personal Work/Movie_data_pipeline/.venv/lib/python3.9/site-packages/airflow/example_dags/tutorial_taskflow_templates.py
[2024-12-21T10:29:22.946+0530] {processor.py:925} INFO - DAG(s) 'tutorial_taskflow_templates' retrieved from /Users/jayesh/Desktop/Personal Work/Movie_data_pipeline/.venv/lib/python3.9/site-packages/airflow/example_dags/tutorial_taskflow_templates.py
[2024-12-21T10:29:23.200+0530] {logging_mixin.py:190} INFO - [2024-12-21T10:29:23.200+0530] {dag.py:3239} INFO - Sync 1 DAGs
[2024-12-21T10:29:23.238+0530] {logging_mixin.py:190} INFO - [2024-12-21T10:29:23.237+0530] {dag.py:4180} INFO - Setting next_dagrun for tutorial_taskflow_templates to 2024-12-20 00:00:00+00:00, run_after=2024-12-21 00:00:00+00:00
[2024-12-21T10:29:23.271+0530] {processor.py:208} INFO - Processing /Users/jayesh/Desktop/Personal Work/Movie_data_pipeline/.venv/lib/python3.9/site-packages/airflow/example_dags/tutorial_taskflow_templates.py took 0.421 seconds
[2024-12-21T10:30:54.946+0530] {processor.py:186} INFO - Started process (PID=3401) to work on /Users/jayesh/Desktop/Personal Work/Movie_data_pipeline/.venv/lib/python3.9/site-packages/airflow/example_dags/tutorial_taskflow_templates.py
[2024-12-21T10:30:54.948+0530] {processor.py:914} INFO - Processing file /Users/jayesh/Desktop/Personal Work/Movie_data_pipeline/.venv/lib/python3.9/site-packages/airflow/example_dags/tutorial_taskflow_templates.py for tasks to queue
[2024-12-21T10:30:54.949+0530] {logging_mixin.py:190} INFO - [2024-12-21T10:30:54.949+0530] {dagbag.py:588} INFO - Filling up the DagBag from /Users/jayesh/Desktop/Personal Work/Movie_data_pipeline/.venv/lib/python3.9/site-packages/airflow/example_dags/tutorial_taskflow_templates.py
[2024-12-21T10:30:55.018+0530] {processor.py:925} INFO - DAG(s) 'tutorial_taskflow_templates' retrieved from /Users/jayesh/Desktop/Personal Work/Movie_data_pipeline/.venv/lib/python3.9/site-packages/airflow/example_dags/tutorial_taskflow_templates.py
[2024-12-21T10:30:55.308+0530] {logging_mixin.py:190} INFO - [2024-12-21T10:30:55.307+0530] {dag.py:3239} INFO - Sync 1 DAGs
[2024-12-21T10:30:55.356+0530] {logging_mixin.py:190} INFO - [2024-12-21T10:30:55.356+0530] {dag.py:4180} INFO - Setting next_dagrun for tutorial_taskflow_templates to 2024-12-20 00:00:00+00:00, run_after=2024-12-21 00:00:00+00:00
[2024-12-21T10:30:55.395+0530] {processor.py:208} INFO - Processing /Users/jayesh/Desktop/Personal Work/Movie_data_pipeline/.venv/lib/python3.9/site-packages/airflow/example_dags/tutorial_taskflow_templates.py took 0.457 seconds
[2024-12-21T10:47:31.668+0530] {processor.py:186} INFO - Started process (PID=4018) to work on /Users/jayesh/Desktop/Personal Work/Movie_data_pipeline/.venv/lib/python3.9/site-packages/airflow/example_dags/tutorial_taskflow_templates.py
[2024-12-21T10:47:31.670+0530] {processor.py:914} INFO - Processing file /Users/jayesh/Desktop/Personal Work/Movie_data_pipeline/.venv/lib/python3.9/site-packages/airflow/example_dags/tutorial_taskflow_templates.py for tasks to queue
[2024-12-21T10:47:31.672+0530] {logging_mixin.py:190} INFO - [2024-12-21T10:47:31.671+0530] {dagbag.py:588} INFO - Filling up the DagBag from /Users/jayesh/Desktop/Personal Work/Movie_data_pipeline/.venv/lib/python3.9/site-packages/airflow/example_dags/tutorial_taskflow_templates.py
[2024-12-21T10:47:31.727+0530] {processor.py:925} INFO - DAG(s) 'tutorial_taskflow_templates' retrieved from /Users/jayesh/Desktop/Personal Work/Movie_data_pipeline/.venv/lib/python3.9/site-packages/airflow/example_dags/tutorial_taskflow_templates.py
[2024-12-21T10:47:31.954+0530] {logging_mixin.py:190} INFO - [2024-12-21T10:47:31.954+0530] {dag.py:3239} INFO - Sync 1 DAGs
[2024-12-21T10:47:31.986+0530] {logging_mixin.py:190} INFO - [2024-12-21T10:47:31.986+0530] {dag.py:4180} INFO - Setting next_dagrun for tutorial_taskflow_templates to 2024-12-20 00:00:00+00:00, run_after=2024-12-21 00:00:00+00:00
[2024-12-21T10:47:32.014+0530] {processor.py:208} INFO - Processing /Users/jayesh/Desktop/Personal Work/Movie_data_pipeline/.venv/lib/python3.9/site-packages/airflow/example_dags/tutorial_taskflow_templates.py took 0.351 seconds
[2024-12-21T10:49:46.432+0530] {processor.py:186} INFO - Started process (PID=4447) to work on /Users/jayesh/Desktop/Personal Work/Movie_data_pipeline/.venv/lib/python3.9/site-packages/airflow/example_dags/tutorial_taskflow_templates.py
[2024-12-21T10:49:46.436+0530] {processor.py:914} INFO - Processing file /Users/jayesh/Desktop/Personal Work/Movie_data_pipeline/.venv/lib/python3.9/site-packages/airflow/example_dags/tutorial_taskflow_templates.py for tasks to queue
[2024-12-21T10:49:46.439+0530] {logging_mixin.py:190} INFO - [2024-12-21T10:49:46.439+0530] {dagbag.py:588} INFO - Filling up the DagBag from /Users/jayesh/Desktop/Personal Work/Movie_data_pipeline/.venv/lib/python3.9/site-packages/airflow/example_dags/tutorial_taskflow_templates.py
[2024-12-21T10:49:46.558+0530] {processor.py:925} INFO - DAG(s) 'tutorial_taskflow_templates' retrieved from /Users/jayesh/Desktop/Personal Work/Movie_data_pipeline/.venv/lib/python3.9/site-packages/airflow/example_dags/tutorial_taskflow_templates.py
[2024-12-21T10:49:46.877+0530] {logging_mixin.py:190} INFO - [2024-12-21T10:49:46.877+0530] {dag.py:3239} INFO - Sync 1 DAGs
[2024-12-21T10:49:46.932+0530] {logging_mixin.py:190} INFO - [2024-12-21T10:49:46.932+0530] {dag.py:4180} INFO - Setting next_dagrun for tutorial_taskflow_templates to 2024-12-20 00:00:00+00:00, run_after=2024-12-21 00:00:00+00:00
[2024-12-21T10:49:46.968+0530] {processor.py:208} INFO - Processing /Users/jayesh/Desktop/Personal Work/Movie_data_pipeline/.venv/lib/python3.9/site-packages/airflow/example_dags/tutorial_taskflow_templates.py took 0.545 seconds
[2024-12-21T10:51:35.865+0530] {processor.py:186} INFO - Started process (PID=4826) to work on /Users/jayesh/Desktop/Personal Work/Movie_data_pipeline/.venv/lib/python3.9/site-packages/airflow/example_dags/tutorial_taskflow_templates.py
[2024-12-21T10:51:35.867+0530] {processor.py:914} INFO - Processing file /Users/jayesh/Desktop/Personal Work/Movie_data_pipeline/.venv/lib/python3.9/site-packages/airflow/example_dags/tutorial_taskflow_templates.py for tasks to queue
[2024-12-21T10:51:35.870+0530] {logging_mixin.py:190} INFO - [2024-12-21T10:51:35.869+0530] {dagbag.py:588} INFO - Filling up the DagBag from /Users/jayesh/Desktop/Personal Work/Movie_data_pipeline/.venv/lib/python3.9/site-packages/airflow/example_dags/tutorial_taskflow_templates.py
[2024-12-21T10:51:35.953+0530] {processor.py:925} INFO - DAG(s) 'tutorial_taskflow_templates' retrieved from /Users/jayesh/Desktop/Personal Work/Movie_data_pipeline/.venv/lib/python3.9/site-packages/airflow/example_dags/tutorial_taskflow_templates.py
[2024-12-21T10:51:36.257+0530] {logging_mixin.py:190} INFO - [2024-12-21T10:51:36.256+0530] {dag.py:3239} INFO - Sync 1 DAGs
[2024-12-21T10:51:36.296+0530] {logging_mixin.py:190} INFO - [2024-12-21T10:51:36.295+0530] {dag.py:4180} INFO - Setting next_dagrun for tutorial_taskflow_templates to 2024-12-20 00:00:00+00:00, run_after=2024-12-21 00:00:00+00:00
[2024-12-21T10:51:36.327+0530] {processor.py:208} INFO - Processing /Users/jayesh/Desktop/Personal Work/Movie_data_pipeline/.venv/lib/python3.9/site-packages/airflow/example_dags/tutorial_taskflow_templates.py took 0.468 seconds
[2024-12-21T10:53:10.944+0530] {processor.py:186} INFO - Started process (PID=5163) to work on /Users/jayesh/Desktop/Personal Work/Movie_data_pipeline/.venv/lib/python3.9/site-packages/airflow/example_dags/tutorial_taskflow_templates.py
[2024-12-21T10:53:10.946+0530] {processor.py:914} INFO - Processing file /Users/jayesh/Desktop/Personal Work/Movie_data_pipeline/.venv/lib/python3.9/site-packages/airflow/example_dags/tutorial_taskflow_templates.py for tasks to queue
[2024-12-21T10:53:10.947+0530] {logging_mixin.py:190} INFO - [2024-12-21T10:53:10.947+0530] {dagbag.py:588} INFO - Filling up the DagBag from /Users/jayesh/Desktop/Personal Work/Movie_data_pipeline/.venv/lib/python3.9/site-packages/airflow/example_dags/tutorial_taskflow_templates.py
[2024-12-21T10:53:11.011+0530] {processor.py:925} INFO - DAG(s) 'tutorial_taskflow_templates' retrieved from /Users/jayesh/Desktop/Personal Work/Movie_data_pipeline/.venv/lib/python3.9/site-packages/airflow/example_dags/tutorial_taskflow_templates.py
[2024-12-21T10:53:11.262+0530] {logging_mixin.py:190} INFO - [2024-12-21T10:53:11.262+0530] {dag.py:3239} INFO - Sync 1 DAGs
[2024-12-21T10:53:11.298+0530] {logging_mixin.py:190} INFO - [2024-12-21T10:53:11.298+0530] {dag.py:4180} INFO - Setting next_dagrun for tutorial_taskflow_templates to 2024-12-20 00:00:00+00:00, run_after=2024-12-21 00:00:00+00:00
[2024-12-21T10:53:11.328+0530] {processor.py:208} INFO - Processing /Users/jayesh/Desktop/Personal Work/Movie_data_pipeline/.venv/lib/python3.9/site-packages/airflow/example_dags/tutorial_taskflow_templates.py took 0.390 seconds
[2024-12-21T11:54:38.725+0530] {processor.py:186} INFO - Started process (PID=6495) to work on /Users/jayesh/Desktop/Personal Work/Movie_data_pipeline/.venv/lib/python3.9/site-packages/airflow/example_dags/tutorial_taskflow_templates.py
[2024-12-21T11:54:38.734+0530] {processor.py:914} INFO - Processing file /Users/jayesh/Desktop/Personal Work/Movie_data_pipeline/.venv/lib/python3.9/site-packages/airflow/example_dags/tutorial_taskflow_templates.py for tasks to queue
[2024-12-21T11:54:38.737+0530] {logging_mixin.py:190} INFO - [2024-12-21T11:54:38.736+0530] {dagbag.py:588} INFO - Filling up the DagBag from /Users/jayesh/Desktop/Personal Work/Movie_data_pipeline/.venv/lib/python3.9/site-packages/airflow/example_dags/tutorial_taskflow_templates.py
[2024-12-21T11:54:38.992+0530] {processor.py:925} INFO - DAG(s) 'tutorial_taskflow_templates' retrieved from /Users/jayesh/Desktop/Personal Work/Movie_data_pipeline/.venv/lib/python3.9/site-packages/airflow/example_dags/tutorial_taskflow_templates.py
[2024-12-21T11:54:39.704+0530] {logging_mixin.py:190} INFO - [2024-12-21T11:54:39.703+0530] {dag.py:3239} INFO - Sync 1 DAGs
[2024-12-21T11:54:39.832+0530] {logging_mixin.py:190} INFO - [2024-12-21T11:54:39.832+0530] {dag.py:4180} INFO - Setting next_dagrun for tutorial_taskflow_templates to 2024-12-20 00:00:00+00:00, run_after=2024-12-21 00:00:00+00:00
[2024-12-21T11:54:39.888+0530] {processor.py:208} INFO - Processing /Users/jayesh/Desktop/Personal Work/Movie_data_pipeline/.venv/lib/python3.9/site-packages/airflow/example_dags/tutorial_taskflow_templates.py took 1.192 seconds
[2024-12-21T11:56:48.643+0530] {processor.py:186} INFO - Started process (PID=6974) to work on /Users/jayesh/Desktop/Personal Work/Movie_data_pipeline/.venv/lib/python3.9/site-packages/airflow/example_dags/tutorial_taskflow_templates.py
[2024-12-21T11:56:48.647+0530] {processor.py:914} INFO - Processing file /Users/jayesh/Desktop/Personal Work/Movie_data_pipeline/.venv/lib/python3.9/site-packages/airflow/example_dags/tutorial_taskflow_templates.py for tasks to queue
[2024-12-21T11:56:48.650+0530] {logging_mixin.py:190} INFO - [2024-12-21T11:56:48.649+0530] {dagbag.py:588} INFO - Filling up the DagBag from /Users/jayesh/Desktop/Personal Work/Movie_data_pipeline/.venv/lib/python3.9/site-packages/airflow/example_dags/tutorial_taskflow_templates.py
[2024-12-21T11:56:48.713+0530] {processor.py:925} INFO - DAG(s) 'tutorial_taskflow_templates' retrieved from /Users/jayesh/Desktop/Personal Work/Movie_data_pipeline/.venv/lib/python3.9/site-packages/airflow/example_dags/tutorial_taskflow_templates.py
[2024-12-21T11:56:48.969+0530] {logging_mixin.py:190} INFO - [2024-12-21T11:56:48.968+0530] {dag.py:3239} INFO - Sync 1 DAGs
[2024-12-21T11:56:49.025+0530] {logging_mixin.py:190} INFO - [2024-12-21T11:56:49.024+0530] {dag.py:4180} INFO - Setting next_dagrun for tutorial_taskflow_templates to 2024-12-20 00:00:00+00:00, run_after=2024-12-21 00:00:00+00:00
[2024-12-21T11:56:49.063+0530] {processor.py:208} INFO - Processing /Users/jayesh/Desktop/Personal Work/Movie_data_pipeline/.venv/lib/python3.9/site-packages/airflow/example_dags/tutorial_taskflow_templates.py took 0.425 seconds
[2024-12-21T11:58:24.009+0530] {processor.py:186} INFO - Started process (PID=7313) to work on /Users/jayesh/Desktop/Personal Work/Movie_data_pipeline/.venv/lib/python3.9/site-packages/airflow/example_dags/tutorial_taskflow_templates.py
[2024-12-21T11:58:24.011+0530] {processor.py:914} INFO - Processing file /Users/jayesh/Desktop/Personal Work/Movie_data_pipeline/.venv/lib/python3.9/site-packages/airflow/example_dags/tutorial_taskflow_templates.py for tasks to queue
[2024-12-21T11:58:24.013+0530] {logging_mixin.py:190} INFO - [2024-12-21T11:58:24.013+0530] {dagbag.py:588} INFO - Filling up the DagBag from /Users/jayesh/Desktop/Personal Work/Movie_data_pipeline/.venv/lib/python3.9/site-packages/airflow/example_dags/tutorial_taskflow_templates.py
[2024-12-21T11:58:24.075+0530] {processor.py:925} INFO - DAG(s) 'tutorial_taskflow_templates' retrieved from /Users/jayesh/Desktop/Personal Work/Movie_data_pipeline/.venv/lib/python3.9/site-packages/airflow/example_dags/tutorial_taskflow_templates.py
[2024-12-21T11:58:24.320+0530] {logging_mixin.py:190} INFO - [2024-12-21T11:58:24.319+0530] {dag.py:3239} INFO - Sync 1 DAGs
[2024-12-21T11:58:24.356+0530] {logging_mixin.py:190} INFO - [2024-12-21T11:58:24.356+0530] {dag.py:4180} INFO - Setting next_dagrun for tutorial_taskflow_templates to 2024-12-20 00:00:00+00:00, run_after=2024-12-21 00:00:00+00:00
[2024-12-21T11:58:24.386+0530] {processor.py:208} INFO - Processing /Users/jayesh/Desktop/Personal Work/Movie_data_pipeline/.venv/lib/python3.9/site-packages/airflow/example_dags/tutorial_taskflow_templates.py took 0.382 seconds
[2024-12-21T11:59:57.639+0530] {processor.py:186} INFO - Started process (PID=7669) to work on /Users/jayesh/Desktop/Personal Work/Movie_data_pipeline/.venv/lib/python3.9/site-packages/airflow/example_dags/tutorial_taskflow_templates.py
[2024-12-21T11:59:57.642+0530] {processor.py:914} INFO - Processing file /Users/jayesh/Desktop/Personal Work/Movie_data_pipeline/.venv/lib/python3.9/site-packages/airflow/example_dags/tutorial_taskflow_templates.py for tasks to queue
[2024-12-21T11:59:57.643+0530] {logging_mixin.py:190} INFO - [2024-12-21T11:59:57.643+0530] {dagbag.py:588} INFO - Filling up the DagBag from /Users/jayesh/Desktop/Personal Work/Movie_data_pipeline/.venv/lib/python3.9/site-packages/airflow/example_dags/tutorial_taskflow_templates.py
[2024-12-21T11:59:57.724+0530] {processor.py:925} INFO - DAG(s) 'tutorial_taskflow_templates' retrieved from /Users/jayesh/Desktop/Personal Work/Movie_data_pipeline/.venv/lib/python3.9/site-packages/airflow/example_dags/tutorial_taskflow_templates.py
[2024-12-21T11:59:57.953+0530] {logging_mixin.py:190} INFO - [2024-12-21T11:59:57.953+0530] {dag.py:3239} INFO - Sync 1 DAGs
[2024-12-21T11:59:57.988+0530] {logging_mixin.py:190} INFO - [2024-12-21T11:59:57.987+0530] {dag.py:4180} INFO - Setting next_dagrun for tutorial_taskflow_templates to 2024-12-20 00:00:00+00:00, run_after=2024-12-21 00:00:00+00:00
[2024-12-21T11:59:58.013+0530] {processor.py:208} INFO - Processing /Users/jayesh/Desktop/Personal Work/Movie_data_pipeline/.venv/lib/python3.9/site-packages/airflow/example_dags/tutorial_taskflow_templates.py took 0.379 seconds
[2024-12-21T12:01:41.148+0530] {processor.py:186} INFO - Started process (PID=8015) to work on /Users/jayesh/Desktop/Personal Work/Movie_data_pipeline/.venv/lib/python3.9/site-packages/airflow/example_dags/tutorial_taskflow_templates.py
[2024-12-21T12:01:41.156+0530] {processor.py:914} INFO - Processing file /Users/jayesh/Desktop/Personal Work/Movie_data_pipeline/.venv/lib/python3.9/site-packages/airflow/example_dags/tutorial_taskflow_templates.py for tasks to queue
[2024-12-21T12:01:41.159+0530] {logging_mixin.py:190} INFO - [2024-12-21T12:01:41.158+0530] {dagbag.py:588} INFO - Filling up the DagBag from /Users/jayesh/Desktop/Personal Work/Movie_data_pipeline/.venv/lib/python3.9/site-packages/airflow/example_dags/tutorial_taskflow_templates.py
[2024-12-21T12:01:41.268+0530] {processor.py:925} INFO - DAG(s) 'tutorial_taskflow_templates' retrieved from /Users/jayesh/Desktop/Personal Work/Movie_data_pipeline/.venv/lib/python3.9/site-packages/airflow/example_dags/tutorial_taskflow_templates.py
[2024-12-21T12:01:41.634+0530] {logging_mixin.py:190} INFO - [2024-12-21T12:01:41.632+0530] {dag.py:3239} INFO - Sync 1 DAGs
[2024-12-21T12:01:41.685+0530] {logging_mixin.py:190} INFO - [2024-12-21T12:01:41.685+0530] {dag.py:4180} INFO - Setting next_dagrun for tutorial_taskflow_templates to 2024-12-20 00:00:00+00:00, run_after=2024-12-21 00:00:00+00:00
[2024-12-21T12:01:41.724+0530] {processor.py:208} INFO - Processing /Users/jayesh/Desktop/Personal Work/Movie_data_pipeline/.venv/lib/python3.9/site-packages/airflow/example_dags/tutorial_taskflow_templates.py took 0.584 seconds
[2024-12-21T12:03:24.306+0530] {processor.py:186} INFO - Started process (PID=8379) to work on /Users/jayesh/Desktop/Personal Work/Movie_data_pipeline/.venv/lib/python3.9/site-packages/airflow/example_dags/tutorial_taskflow_templates.py
[2024-12-21T12:03:24.310+0530] {processor.py:914} INFO - Processing file /Users/jayesh/Desktop/Personal Work/Movie_data_pipeline/.venv/lib/python3.9/site-packages/airflow/example_dags/tutorial_taskflow_templates.py for tasks to queue
[2024-12-21T12:03:24.312+0530] {logging_mixin.py:190} INFO - [2024-12-21T12:03:24.312+0530] {dagbag.py:588} INFO - Filling up the DagBag from /Users/jayesh/Desktop/Personal Work/Movie_data_pipeline/.venv/lib/python3.9/site-packages/airflow/example_dags/tutorial_taskflow_templates.py
[2024-12-21T12:03:24.397+0530] {processor.py:925} INFO - DAG(s) 'tutorial_taskflow_templates' retrieved from /Users/jayesh/Desktop/Personal Work/Movie_data_pipeline/.venv/lib/python3.9/site-packages/airflow/example_dags/tutorial_taskflow_templates.py
[2024-12-21T12:03:24.714+0530] {logging_mixin.py:190} INFO - [2024-12-21T12:03:24.714+0530] {dag.py:3239} INFO - Sync 1 DAGs
[2024-12-21T12:03:24.755+0530] {logging_mixin.py:190} INFO - [2024-12-21T12:03:24.755+0530] {dag.py:4180} INFO - Setting next_dagrun for tutorial_taskflow_templates to 2024-12-20 00:00:00+00:00, run_after=2024-12-21 00:00:00+00:00
[2024-12-21T12:03:24.787+0530] {processor.py:208} INFO - Processing /Users/jayesh/Desktop/Personal Work/Movie_data_pipeline/.venv/lib/python3.9/site-packages/airflow/example_dags/tutorial_taskflow_templates.py took 0.491 seconds
[2024-12-21T12:05:20.091+0530] {processor.py:186} INFO - Started process (PID=8778) to work on /Users/jayesh/Desktop/Personal Work/Movie_data_pipeline/.venv/lib/python3.9/site-packages/airflow/example_dags/tutorial_taskflow_templates.py
[2024-12-21T12:05:20.094+0530] {processor.py:914} INFO - Processing file /Users/jayesh/Desktop/Personal Work/Movie_data_pipeline/.venv/lib/python3.9/site-packages/airflow/example_dags/tutorial_taskflow_templates.py for tasks to queue
[2024-12-21T12:05:20.096+0530] {logging_mixin.py:190} INFO - [2024-12-21T12:05:20.095+0530] {dagbag.py:588} INFO - Filling up the DagBag from /Users/jayesh/Desktop/Personal Work/Movie_data_pipeline/.venv/lib/python3.9/site-packages/airflow/example_dags/tutorial_taskflow_templates.py
[2024-12-21T12:05:20.159+0530] {processor.py:925} INFO - DAG(s) 'tutorial_taskflow_templates' retrieved from /Users/jayesh/Desktop/Personal Work/Movie_data_pipeline/.venv/lib/python3.9/site-packages/airflow/example_dags/tutorial_taskflow_templates.py
[2024-12-21T12:05:20.398+0530] {logging_mixin.py:190} INFO - [2024-12-21T12:05:20.397+0530] {dag.py:3239} INFO - Sync 1 DAGs
[2024-12-21T12:05:20.449+0530] {logging_mixin.py:190} INFO - [2024-12-21T12:05:20.449+0530] {dag.py:4180} INFO - Setting next_dagrun for tutorial_taskflow_templates to 2024-12-20 00:00:00+00:00, run_after=2024-12-21 00:00:00+00:00
[2024-12-21T12:05:20.480+0530] {processor.py:208} INFO - Processing /Users/jayesh/Desktop/Personal Work/Movie_data_pipeline/.venv/lib/python3.9/site-packages/airflow/example_dags/tutorial_taskflow_templates.py took 0.394 seconds
[2024-12-21T12:06:48.583+0530] {processor.py:186} INFO - Started process (PID=9110) to work on /Users/jayesh/Desktop/Personal Work/Movie_data_pipeline/.venv/lib/python3.9/site-packages/airflow/example_dags/tutorial_taskflow_templates.py
[2024-12-21T12:06:48.586+0530] {processor.py:914} INFO - Processing file /Users/jayesh/Desktop/Personal Work/Movie_data_pipeline/.venv/lib/python3.9/site-packages/airflow/example_dags/tutorial_taskflow_templates.py for tasks to queue
[2024-12-21T12:06:48.590+0530] {logging_mixin.py:190} INFO - [2024-12-21T12:06:48.589+0530] {dagbag.py:588} INFO - Filling up the DagBag from /Users/jayesh/Desktop/Personal Work/Movie_data_pipeline/.venv/lib/python3.9/site-packages/airflow/example_dags/tutorial_taskflow_templates.py
[2024-12-21T12:06:48.690+0530] {processor.py:925} INFO - DAG(s) 'tutorial_taskflow_templates' retrieved from /Users/jayesh/Desktop/Personal Work/Movie_data_pipeline/.venv/lib/python3.9/site-packages/airflow/example_dags/tutorial_taskflow_templates.py
[2024-12-21T12:06:49.218+0530] {logging_mixin.py:190} INFO - [2024-12-21T12:06:49.217+0530] {dag.py:3239} INFO - Sync 1 DAGs
[2024-12-21T12:06:49.266+0530] {logging_mixin.py:190} INFO - [2024-12-21T12:06:49.265+0530] {dag.py:4180} INFO - Setting next_dagrun for tutorial_taskflow_templates to 2024-12-20 00:00:00+00:00, run_after=2024-12-21 00:00:00+00:00
[2024-12-21T12:06:49.303+0530] {processor.py:208} INFO - Processing /Users/jayesh/Desktop/Personal Work/Movie_data_pipeline/.venv/lib/python3.9/site-packages/airflow/example_dags/tutorial_taskflow_templates.py took 0.732 seconds
[2024-12-21T22:32:10.581+0530] {processor.py:186} INFO - Started process (PID=15877) to work on /Users/jayesh/Desktop/Personal Work/Movie_data_pipeline/.venv/lib/python3.9/site-packages/airflow/example_dags/tutorial_taskflow_templates.py
[2024-12-21T22:32:10.585+0530] {processor.py:914} INFO - Processing file /Users/jayesh/Desktop/Personal Work/Movie_data_pipeline/.venv/lib/python3.9/site-packages/airflow/example_dags/tutorial_taskflow_templates.py for tasks to queue
[2024-12-21T22:32:10.592+0530] {logging_mixin.py:190} INFO - [2024-12-21T22:32:10.590+0530] {dagbag.py:588} INFO - Filling up the DagBag from /Users/jayesh/Desktop/Personal Work/Movie_data_pipeline/.venv/lib/python3.9/site-packages/airflow/example_dags/tutorial_taskflow_templates.py
[2024-12-21T22:32:10.634+0530] {processor.py:925} INFO - DAG(s) 'tutorial_taskflow_templates' retrieved from /Users/jayesh/Desktop/Personal Work/Movie_data_pipeline/.venv/lib/python3.9/site-packages/airflow/example_dags/tutorial_taskflow_templates.py
[2024-12-21T22:32:10.747+0530] {logging_mixin.py:190} INFO - [2024-12-21T22:32:10.746+0530] {dag.py:3239} INFO - Sync 1 DAGs
[2024-12-21T22:32:10.811+0530] {logging_mixin.py:190} INFO - [2024-12-21T22:32:10.810+0530] {dag.py:4180} INFO - Setting next_dagrun for tutorial_taskflow_templates to 2024-12-20 00:00:00+00:00, run_after=2024-12-21 00:00:00+00:00
[2024-12-21T22:32:10.855+0530] {processor.py:208} INFO - Processing /Users/jayesh/Desktop/Personal Work/Movie_data_pipeline/.venv/lib/python3.9/site-packages/airflow/example_dags/tutorial_taskflow_templates.py took 0.292 seconds
[2024-12-21T22:32:42.111+0530] {processor.py:186} INFO - Started process (PID=16116) to work on /Users/jayesh/Desktop/Personal Work/Movie_data_pipeline/.venv/lib/python3.9/site-packages/airflow/example_dags/tutorial_taskflow_templates.py
[2024-12-21T22:32:42.117+0530] {processor.py:914} INFO - Processing file /Users/jayesh/Desktop/Personal Work/Movie_data_pipeline/.venv/lib/python3.9/site-packages/airflow/example_dags/tutorial_taskflow_templates.py for tasks to queue
[2024-12-21T22:32:42.130+0530] {logging_mixin.py:190} INFO - [2024-12-21T22:32:42.126+0530] {dagbag.py:588} INFO - Filling up the DagBag from /Users/jayesh/Desktop/Personal Work/Movie_data_pipeline/.venv/lib/python3.9/site-packages/airflow/example_dags/tutorial_taskflow_templates.py
[2024-12-21T22:32:42.260+0530] {processor.py:925} INFO - DAG(s) 'tutorial_taskflow_templates' retrieved from /Users/jayesh/Desktop/Personal Work/Movie_data_pipeline/.venv/lib/python3.9/site-packages/airflow/example_dags/tutorial_taskflow_templates.py
[2024-12-21T22:32:42.778+0530] {logging_mixin.py:190} INFO - [2024-12-21T22:32:42.777+0530] {dag.py:3239} INFO - Sync 1 DAGs
[2024-12-21T22:32:42.953+0530] {logging_mixin.py:190} INFO - [2024-12-21T22:32:42.952+0530] {dag.py:4180} INFO - Setting next_dagrun for tutorial_taskflow_templates to 2024-12-20 00:00:00+00:00, run_after=2024-12-21 00:00:00+00:00
[2024-12-21T22:32:43.100+0530] {processor.py:208} INFO - Processing /Users/jayesh/Desktop/Personal Work/Movie_data_pipeline/.venv/lib/python3.9/site-packages/airflow/example_dags/tutorial_taskflow_templates.py took 1.014 seconds
[2024-12-21T22:33:13.523+0530] {processor.py:186} INFO - Started process (PID=16333) to work on /Users/jayesh/Desktop/Personal Work/Movie_data_pipeline/.venv/lib/python3.9/site-packages/airflow/example_dags/tutorial_taskflow_templates.py
[2024-12-21T22:33:13.530+0530] {processor.py:914} INFO - Processing file /Users/jayesh/Desktop/Personal Work/Movie_data_pipeline/.venv/lib/python3.9/site-packages/airflow/example_dags/tutorial_taskflow_templates.py for tasks to queue
[2024-12-21T22:33:13.641+0530] {logging_mixin.py:190} INFO - [2024-12-21T22:33:13.639+0530] {dagbag.py:588} INFO - Filling up the DagBag from /Users/jayesh/Desktop/Personal Work/Movie_data_pipeline/.venv/lib/python3.9/site-packages/airflow/example_dags/tutorial_taskflow_templates.py
[2024-12-21T22:33:13.686+0530] {processor.py:925} INFO - DAG(s) 'tutorial_taskflow_templates' retrieved from /Users/jayesh/Desktop/Personal Work/Movie_data_pipeline/.venv/lib/python3.9/site-packages/airflow/example_dags/tutorial_taskflow_templates.py
[2024-12-21T22:33:14.060+0530] {logging_mixin.py:190} INFO - [2024-12-21T22:33:14.060+0530] {dag.py:3239} INFO - Sync 1 DAGs
[2024-12-21T22:33:14.114+0530] {logging_mixin.py:190} INFO - [2024-12-21T22:33:14.114+0530] {dag.py:4180} INFO - Setting next_dagrun for tutorial_taskflow_templates to 2024-12-20 00:00:00+00:00, run_after=2024-12-21 00:00:00+00:00
[2024-12-21T22:33:14.210+0530] {processor.py:208} INFO - Processing /Users/jayesh/Desktop/Personal Work/Movie_data_pipeline/.venv/lib/python3.9/site-packages/airflow/example_dags/tutorial_taskflow_templates.py took 0.772 seconds
[2024-12-21T22:33:45.168+0530] {processor.py:186} INFO - Started process (PID=16535) to work on /Users/jayesh/Desktop/Personal Work/Movie_data_pipeline/.venv/lib/python3.9/site-packages/airflow/example_dags/tutorial_taskflow_templates.py
[2024-12-21T22:33:45.171+0530] {processor.py:914} INFO - Processing file /Users/jayesh/Desktop/Personal Work/Movie_data_pipeline/.venv/lib/python3.9/site-packages/airflow/example_dags/tutorial_taskflow_templates.py for tasks to queue
[2024-12-21T22:33:45.177+0530] {logging_mixin.py:190} INFO - [2024-12-21T22:33:45.177+0530] {dagbag.py:588} INFO - Filling up the DagBag from /Users/jayesh/Desktop/Personal Work/Movie_data_pipeline/.venv/lib/python3.9/site-packages/airflow/example_dags/tutorial_taskflow_templates.py
[2024-12-21T22:33:45.207+0530] {processor.py:925} INFO - DAG(s) 'tutorial_taskflow_templates' retrieved from /Users/jayesh/Desktop/Personal Work/Movie_data_pipeline/.venv/lib/python3.9/site-packages/airflow/example_dags/tutorial_taskflow_templates.py
[2024-12-21T22:33:45.278+0530] {logging_mixin.py:190} INFO - [2024-12-21T22:33:45.278+0530] {dag.py:3239} INFO - Sync 1 DAGs
[2024-12-21T22:33:45.319+0530] {logging_mixin.py:190} INFO - [2024-12-21T22:33:45.318+0530] {dag.py:4180} INFO - Setting next_dagrun for tutorial_taskflow_templates to 2024-12-20 00:00:00+00:00, run_after=2024-12-21 00:00:00+00:00
[2024-12-21T22:33:45.388+0530] {processor.py:208} INFO - Processing /Users/jayesh/Desktop/Personal Work/Movie_data_pipeline/.venv/lib/python3.9/site-packages/airflow/example_dags/tutorial_taskflow_templates.py took 0.234 seconds
[2024-12-21T23:52:50.027+0530] {processor.py:186} INFO - Started process (PID=17984) to work on /Users/jayesh/Desktop/Personal Work/Movie_data_pipeline/.venv/lib/python3.9/site-packages/airflow/example_dags/tutorial_taskflow_templates.py
[2024-12-21T23:52:50.031+0530] {processor.py:914} INFO - Processing file /Users/jayesh/Desktop/Personal Work/Movie_data_pipeline/.venv/lib/python3.9/site-packages/airflow/example_dags/tutorial_taskflow_templates.py for tasks to queue
[2024-12-21T23:52:50.038+0530] {logging_mixin.py:190} INFO - [2024-12-21T23:52:50.037+0530] {dagbag.py:588} INFO - Filling up the DagBag from /Users/jayesh/Desktop/Personal Work/Movie_data_pipeline/.venv/lib/python3.9/site-packages/airflow/example_dags/tutorial_taskflow_templates.py
[2024-12-21T23:52:50.127+0530] {processor.py:925} INFO - DAG(s) 'tutorial_taskflow_templates' retrieved from /Users/jayesh/Desktop/Personal Work/Movie_data_pipeline/.venv/lib/python3.9/site-packages/airflow/example_dags/tutorial_taskflow_templates.py
[2024-12-21T23:52:50.432+0530] {logging_mixin.py:190} INFO - [2024-12-21T23:52:50.431+0530] {dag.py:3239} INFO - Sync 1 DAGs
[2024-12-21T23:52:50.710+0530] {logging_mixin.py:190} INFO - [2024-12-21T23:52:50.709+0530] {dag.py:4180} INFO - Setting next_dagrun for tutorial_taskflow_templates to 2024-12-20 00:00:00+00:00, run_after=2024-12-21 00:00:00+00:00
[2024-12-21T23:52:50.947+0530] {processor.py:208} INFO - Processing /Users/jayesh/Desktop/Personal Work/Movie_data_pipeline/.venv/lib/python3.9/site-packages/airflow/example_dags/tutorial_taskflow_templates.py took 0.939 seconds
[2024-12-21T23:53:21.137+0530] {processor.py:186} INFO - Started process (PID=18228) to work on /Users/jayesh/Desktop/Personal Work/Movie_data_pipeline/.venv/lib/python3.9/site-packages/airflow/example_dags/tutorial_taskflow_templates.py
[2024-12-21T23:53:21.139+0530] {processor.py:914} INFO - Processing file /Users/jayesh/Desktop/Personal Work/Movie_data_pipeline/.venv/lib/python3.9/site-packages/airflow/example_dags/tutorial_taskflow_templates.py for tasks to queue
[2024-12-21T23:53:21.144+0530] {logging_mixin.py:190} INFO - [2024-12-21T23:53:21.143+0530] {dagbag.py:588} INFO - Filling up the DagBag from /Users/jayesh/Desktop/Personal Work/Movie_data_pipeline/.venv/lib/python3.9/site-packages/airflow/example_dags/tutorial_taskflow_templates.py
[2024-12-21T23:53:21.187+0530] {processor.py:925} INFO - DAG(s) 'tutorial_taskflow_templates' retrieved from /Users/jayesh/Desktop/Personal Work/Movie_data_pipeline/.venv/lib/python3.9/site-packages/airflow/example_dags/tutorial_taskflow_templates.py
[2024-12-21T23:53:21.299+0530] {logging_mixin.py:190} INFO - [2024-12-21T23:53:21.295+0530] {dag.py:3239} INFO - Sync 1 DAGs
[2024-12-21T23:53:21.378+0530] {logging_mixin.py:190} INFO - [2024-12-21T23:53:21.377+0530] {dag.py:4180} INFO - Setting next_dagrun for tutorial_taskflow_templates to 2024-12-20 00:00:00+00:00, run_after=2024-12-21 00:00:00+00:00
[2024-12-21T23:53:21.471+0530] {processor.py:208} INFO - Processing /Users/jayesh/Desktop/Personal Work/Movie_data_pipeline/.venv/lib/python3.9/site-packages/airflow/example_dags/tutorial_taskflow_templates.py took 0.356 seconds
[2024-12-21T23:53:52.372+0530] {processor.py:186} INFO - Started process (PID=18426) to work on /Users/jayesh/Desktop/Personal Work/Movie_data_pipeline/.venv/lib/python3.9/site-packages/airflow/example_dags/tutorial_taskflow_templates.py
[2024-12-21T23:53:52.475+0530] {processor.py:914} INFO - Processing file /Users/jayesh/Desktop/Personal Work/Movie_data_pipeline/.venv/lib/python3.9/site-packages/airflow/example_dags/tutorial_taskflow_templates.py for tasks to queue
[2024-12-21T23:53:52.486+0530] {logging_mixin.py:190} INFO - [2024-12-21T23:53:52.484+0530] {dagbag.py:588} INFO - Filling up the DagBag from /Users/jayesh/Desktop/Personal Work/Movie_data_pipeline/.venv/lib/python3.9/site-packages/airflow/example_dags/tutorial_taskflow_templates.py
[2024-12-21T23:53:56.221+0530] {logging_mixin.py:190} INFO - [2024-12-21T23:53:56.220+0530] {process_utils.py:266} INFO - Waiting up to 5 seconds for processes to exit...
