[2024-12-21T10:23:10.030+0530] {processor.py:186} INFO - Started process (PID=2160) to work on /Users/jayesh/Desktop/Personal Work/Movie_data_pipeline/.venv/lib/python3.9/site-packages/airflow/example_dags/tutorial_objectstorage.py
[2024-12-21T10:23:10.032+0530] {processor.py:914} INFO - Processing file /Users/jayesh/Desktop/Personal Work/Movie_data_pipeline/.venv/lib/python3.9/site-packages/airflow/example_dags/tutorial_objectstorage.py for tasks to queue
[2024-12-21T10:23:10.034+0530] {logging_mixin.py:190} INFO - [2024-12-21T10:23:10.033+0530] {dagbag.py:588} INFO - Filling up the DagBag from /Users/jayesh/Desktop/Personal Work/Movie_data_pipeline/.venv/lib/python3.9/site-packages/airflow/example_dags/tutorial_objectstorage.py
[2024-12-21T10:23:10.146+0530] {processor.py:925} INFO - DAG(s) 'tutorial_objectstorage' retrieved from /Users/jayesh/Desktop/Personal Work/Movie_data_pipeline/.venv/lib/python3.9/site-packages/airflow/example_dags/tutorial_objectstorage.py
[2024-12-21T10:23:10.509+0530] {logging_mixin.py:190} INFO - [2024-12-21T10:23:10.509+0530] {dag.py:3239} INFO - Sync 1 DAGs
[2024-12-21T10:23:10.530+0530] {logging_mixin.py:190} INFO - [2024-12-21T10:23:10.529+0530] {dag.py:4180} INFO - Setting next_dagrun for tutorial_objectstorage to None, run_after=None
[2024-12-21T10:23:10.563+0530] {processor.py:208} INFO - Processing /Users/jayesh/Desktop/Personal Work/Movie_data_pipeline/.venv/lib/python3.9/site-packages/airflow/example_dags/tutorial_objectstorage.py took 0.539 seconds
[2024-12-21T10:25:35.129+0530] {processor.py:186} INFO - Started process (PID=2543) to work on /Users/jayesh/Desktop/Personal Work/Movie_data_pipeline/.venv/lib/python3.9/site-packages/airflow/example_dags/tutorial_objectstorage.py
[2024-12-21T10:25:35.130+0530] {processor.py:914} INFO - Processing file /Users/jayesh/Desktop/Personal Work/Movie_data_pipeline/.venv/lib/python3.9/site-packages/airflow/example_dags/tutorial_objectstorage.py for tasks to queue
[2024-12-21T10:25:35.132+0530] {logging_mixin.py:190} INFO - [2024-12-21T10:25:35.131+0530] {dagbag.py:588} INFO - Filling up the DagBag from /Users/jayesh/Desktop/Personal Work/Movie_data_pipeline/.venv/lib/python3.9/site-packages/airflow/example_dags/tutorial_objectstorage.py
[2024-12-21T10:25:35.191+0530] {processor.py:925} INFO - DAG(s) 'tutorial_objectstorage' retrieved from /Users/jayesh/Desktop/Personal Work/Movie_data_pipeline/.venv/lib/python3.9/site-packages/airflow/example_dags/tutorial_objectstorage.py
[2024-12-21T10:25:35.459+0530] {logging_mixin.py:190} INFO - [2024-12-21T10:25:35.459+0530] {dag.py:3239} INFO - Sync 1 DAGs
[2024-12-21T10:25:35.485+0530] {logging_mixin.py:190} INFO - [2024-12-21T10:25:35.485+0530] {dag.py:4180} INFO - Setting next_dagrun for tutorial_objectstorage to None, run_after=None
[2024-12-21T10:25:35.519+0530] {processor.py:208} INFO - Processing /Users/jayesh/Desktop/Personal Work/Movie_data_pipeline/.venv/lib/python3.9/site-packages/airflow/example_dags/tutorial_objectstorage.py took 0.396 seconds
[2024-12-21T10:26:57.804+0530] {processor.py:186} INFO - Started process (PID=2773) to work on /Users/jayesh/Desktop/Personal Work/Movie_data_pipeline/.venv/lib/python3.9/site-packages/airflow/example_dags/tutorial_objectstorage.py
[2024-12-21T10:26:57.805+0530] {processor.py:914} INFO - Processing file /Users/jayesh/Desktop/Personal Work/Movie_data_pipeline/.venv/lib/python3.9/site-packages/airflow/example_dags/tutorial_objectstorage.py for tasks to queue
[2024-12-21T10:26:57.807+0530] {logging_mixin.py:190} INFO - [2024-12-21T10:26:57.807+0530] {dagbag.py:588} INFO - Filling up the DagBag from /Users/jayesh/Desktop/Personal Work/Movie_data_pipeline/.venv/lib/python3.9/site-packages/airflow/example_dags/tutorial_objectstorage.py
[2024-12-21T10:26:57.862+0530] {processor.py:925} INFO - DAG(s) 'tutorial_objectstorage' retrieved from /Users/jayesh/Desktop/Personal Work/Movie_data_pipeline/.venv/lib/python3.9/site-packages/airflow/example_dags/tutorial_objectstorage.py
[2024-12-21T10:26:58.093+0530] {logging_mixin.py:190} INFO - [2024-12-21T10:26:58.092+0530] {dag.py:3239} INFO - Sync 1 DAGs
[2024-12-21T10:26:58.111+0530] {logging_mixin.py:190} INFO - [2024-12-21T10:26:58.110+0530] {dag.py:4180} INFO - Setting next_dagrun for tutorial_objectstorage to None, run_after=None
[2024-12-21T10:26:58.137+0530] {processor.py:208} INFO - Processing /Users/jayesh/Desktop/Personal Work/Movie_data_pipeline/.venv/lib/python3.9/site-packages/airflow/example_dags/tutorial_objectstorage.py took 0.338 seconds
[2024-12-21T10:28:11.951+0530] {processor.py:186} INFO - Started process (PID=2978) to work on /Users/jayesh/Desktop/Personal Work/Movie_data_pipeline/.venv/lib/python3.9/site-packages/airflow/example_dags/tutorial_objectstorage.py
[2024-12-21T10:28:11.953+0530] {processor.py:914} INFO - Processing file /Users/jayesh/Desktop/Personal Work/Movie_data_pipeline/.venv/lib/python3.9/site-packages/airflow/example_dags/tutorial_objectstorage.py for tasks to queue
[2024-12-21T10:28:11.956+0530] {logging_mixin.py:190} INFO - [2024-12-21T10:28:11.956+0530] {dagbag.py:588} INFO - Filling up the DagBag from /Users/jayesh/Desktop/Personal Work/Movie_data_pipeline/.venv/lib/python3.9/site-packages/airflow/example_dags/tutorial_objectstorage.py
[2024-12-21T10:28:12.030+0530] {processor.py:925} INFO - DAG(s) 'tutorial_objectstorage' retrieved from /Users/jayesh/Desktop/Personal Work/Movie_data_pipeline/.venv/lib/python3.9/site-packages/airflow/example_dags/tutorial_objectstorage.py
[2024-12-21T10:28:12.261+0530] {logging_mixin.py:190} INFO - [2024-12-21T10:28:12.260+0530] {dag.py:3239} INFO - Sync 1 DAGs
[2024-12-21T10:28:12.280+0530] {logging_mixin.py:190} INFO - [2024-12-21T10:28:12.280+0530] {dag.py:4180} INFO - Setting next_dagrun for tutorial_objectstorage to None, run_after=None
[2024-12-21T10:28:12.311+0530] {processor.py:208} INFO - Processing /Users/jayesh/Desktop/Personal Work/Movie_data_pipeline/.venv/lib/python3.9/site-packages/airflow/example_dags/tutorial_objectstorage.py took 0.371 seconds
[2024-12-21T10:29:27.205+0530] {processor.py:186} INFO - Started process (PID=3184) to work on /Users/jayesh/Desktop/Personal Work/Movie_data_pipeline/.venv/lib/python3.9/site-packages/airflow/example_dags/tutorial_objectstorage.py
[2024-12-21T10:29:27.207+0530] {processor.py:914} INFO - Processing file /Users/jayesh/Desktop/Personal Work/Movie_data_pipeline/.venv/lib/python3.9/site-packages/airflow/example_dags/tutorial_objectstorage.py for tasks to queue
[2024-12-21T10:29:27.208+0530] {logging_mixin.py:190} INFO - [2024-12-21T10:29:27.208+0530] {dagbag.py:588} INFO - Filling up the DagBag from /Users/jayesh/Desktop/Personal Work/Movie_data_pipeline/.venv/lib/python3.9/site-packages/airflow/example_dags/tutorial_objectstorage.py
[2024-12-21T10:29:27.260+0530] {processor.py:925} INFO - DAG(s) 'tutorial_objectstorage' retrieved from /Users/jayesh/Desktop/Personal Work/Movie_data_pipeline/.venv/lib/python3.9/site-packages/airflow/example_dags/tutorial_objectstorage.py
[2024-12-21T10:29:27.470+0530] {logging_mixin.py:190} INFO - [2024-12-21T10:29:27.470+0530] {dag.py:3239} INFO - Sync 1 DAGs
[2024-12-21T10:29:27.498+0530] {logging_mixin.py:190} INFO - [2024-12-21T10:29:27.497+0530] {dag.py:4180} INFO - Setting next_dagrun for tutorial_objectstorage to None, run_after=None
[2024-12-21T10:29:27.522+0530] {processor.py:208} INFO - Processing /Users/jayesh/Desktop/Personal Work/Movie_data_pipeline/.venv/lib/python3.9/site-packages/airflow/example_dags/tutorial_objectstorage.py took 0.322 seconds
[2024-12-21T10:31:01.836+0530] {processor.py:186} INFO - Started process (PID=3416) to work on /Users/jayesh/Desktop/Personal Work/Movie_data_pipeline/.venv/lib/python3.9/site-packages/airflow/example_dags/tutorial_objectstorage.py
[2024-12-21T10:31:01.838+0530] {processor.py:914} INFO - Processing file /Users/jayesh/Desktop/Personal Work/Movie_data_pipeline/.venv/lib/python3.9/site-packages/airflow/example_dags/tutorial_objectstorage.py for tasks to queue
[2024-12-21T10:31:01.840+0530] {logging_mixin.py:190} INFO - [2024-12-21T10:31:01.840+0530] {dagbag.py:588} INFO - Filling up the DagBag from /Users/jayesh/Desktop/Personal Work/Movie_data_pipeline/.venv/lib/python3.9/site-packages/airflow/example_dags/tutorial_objectstorage.py
[2024-12-21T10:31:01.903+0530] {processor.py:925} INFO - DAG(s) 'tutorial_objectstorage' retrieved from /Users/jayesh/Desktop/Personal Work/Movie_data_pipeline/.venv/lib/python3.9/site-packages/airflow/example_dags/tutorial_objectstorage.py
[2024-12-21T10:31:02.238+0530] {logging_mixin.py:190} INFO - [2024-12-21T10:31:02.237+0530] {dag.py:3239} INFO - Sync 1 DAGs
[2024-12-21T10:31:02.262+0530] {logging_mixin.py:190} INFO - [2024-12-21T10:31:02.260+0530] {dag.py:4180} INFO - Setting next_dagrun for tutorial_objectstorage to None, run_after=None
[2024-12-21T10:31:02.303+0530] {processor.py:208} INFO - Processing /Users/jayesh/Desktop/Personal Work/Movie_data_pipeline/.venv/lib/python3.9/site-packages/airflow/example_dags/tutorial_objectstorage.py took 0.478 seconds
[2024-12-21T10:47:35.639+0530] {processor.py:186} INFO - Started process (PID=4031) to work on /Users/jayesh/Desktop/Personal Work/Movie_data_pipeline/.venv/lib/python3.9/site-packages/airflow/example_dags/tutorial_objectstorage.py
[2024-12-21T10:47:35.641+0530] {processor.py:914} INFO - Processing file /Users/jayesh/Desktop/Personal Work/Movie_data_pipeline/.venv/lib/python3.9/site-packages/airflow/example_dags/tutorial_objectstorage.py for tasks to queue
[2024-12-21T10:47:35.642+0530] {logging_mixin.py:190} INFO - [2024-12-21T10:47:35.642+0530] {dagbag.py:588} INFO - Filling up the DagBag from /Users/jayesh/Desktop/Personal Work/Movie_data_pipeline/.venv/lib/python3.9/site-packages/airflow/example_dags/tutorial_objectstorage.py
[2024-12-21T10:47:35.689+0530] {processor.py:925} INFO - DAG(s) 'tutorial_objectstorage' retrieved from /Users/jayesh/Desktop/Personal Work/Movie_data_pipeline/.venv/lib/python3.9/site-packages/airflow/example_dags/tutorial_objectstorage.py
[2024-12-21T10:47:35.876+0530] {logging_mixin.py:190} INFO - [2024-12-21T10:47:35.875+0530] {dag.py:3239} INFO - Sync 1 DAGs
[2024-12-21T10:47:35.895+0530] {logging_mixin.py:190} INFO - [2024-12-21T10:47:35.895+0530] {dag.py:4180} INFO - Setting next_dagrun for tutorial_objectstorage to None, run_after=None
[2024-12-21T10:47:35.920+0530] {processor.py:208} INFO - Processing /Users/jayesh/Desktop/Personal Work/Movie_data_pipeline/.venv/lib/python3.9/site-packages/airflow/example_dags/tutorial_objectstorage.py took 0.287 seconds
[2024-12-21T10:49:52.494+0530] {processor.py:186} INFO - Started process (PID=4465) to work on /Users/jayesh/Desktop/Personal Work/Movie_data_pipeline/.venv/lib/python3.9/site-packages/airflow/example_dags/tutorial_objectstorage.py
[2024-12-21T10:49:52.496+0530] {processor.py:914} INFO - Processing file /Users/jayesh/Desktop/Personal Work/Movie_data_pipeline/.venv/lib/python3.9/site-packages/airflow/example_dags/tutorial_objectstorage.py for tasks to queue
[2024-12-21T10:49:52.508+0530] {logging_mixin.py:190} INFO - [2024-12-21T10:49:52.507+0530] {dagbag.py:588} INFO - Filling up the DagBag from /Users/jayesh/Desktop/Personal Work/Movie_data_pipeline/.venv/lib/python3.9/site-packages/airflow/example_dags/tutorial_objectstorage.py
[2024-12-21T10:49:52.792+0530] {processor.py:925} INFO - DAG(s) 'tutorial_objectstorage' retrieved from /Users/jayesh/Desktop/Personal Work/Movie_data_pipeline/.venv/lib/python3.9/site-packages/airflow/example_dags/tutorial_objectstorage.py
[2024-12-21T10:49:53.187+0530] {logging_mixin.py:190} INFO - [2024-12-21T10:49:53.186+0530] {dag.py:3239} INFO - Sync 1 DAGs
[2024-12-21T10:49:53.212+0530] {logging_mixin.py:190} INFO - [2024-12-21T10:49:53.211+0530] {dag.py:4180} INFO - Setting next_dagrun for tutorial_objectstorage to None, run_after=None
[2024-12-21T10:49:53.252+0530] {processor.py:208} INFO - Processing /Users/jayesh/Desktop/Personal Work/Movie_data_pipeline/.venv/lib/python3.9/site-packages/airflow/example_dags/tutorial_objectstorage.py took 0.782 seconds
[2024-12-21T10:51:41.714+0530] {processor.py:186} INFO - Started process (PID=4840) to work on /Users/jayesh/Desktop/Personal Work/Movie_data_pipeline/.venv/lib/python3.9/site-packages/airflow/example_dags/tutorial_objectstorage.py
[2024-12-21T10:51:41.715+0530] {processor.py:914} INFO - Processing file /Users/jayesh/Desktop/Personal Work/Movie_data_pipeline/.venv/lib/python3.9/site-packages/airflow/example_dags/tutorial_objectstorage.py for tasks to queue
[2024-12-21T10:51:41.718+0530] {logging_mixin.py:190} INFO - [2024-12-21T10:51:41.718+0530] {dagbag.py:588} INFO - Filling up the DagBag from /Users/jayesh/Desktop/Personal Work/Movie_data_pipeline/.venv/lib/python3.9/site-packages/airflow/example_dags/tutorial_objectstorage.py
[2024-12-21T10:51:41.774+0530] {processor.py:925} INFO - DAG(s) 'tutorial_objectstorage' retrieved from /Users/jayesh/Desktop/Personal Work/Movie_data_pipeline/.venv/lib/python3.9/site-packages/airflow/example_dags/tutorial_objectstorage.py
[2024-12-21T10:51:42.055+0530] {logging_mixin.py:190} INFO - [2024-12-21T10:51:42.055+0530] {dag.py:3239} INFO - Sync 1 DAGs
[2024-12-21T10:51:42.077+0530] {logging_mixin.py:190} INFO - [2024-12-21T10:51:42.076+0530] {dag.py:4180} INFO - Setting next_dagrun for tutorial_objectstorage to None, run_after=None
[2024-12-21T10:51:42.112+0530] {processor.py:208} INFO - Processing /Users/jayesh/Desktop/Personal Work/Movie_data_pipeline/.venv/lib/python3.9/site-packages/airflow/example_dags/tutorial_objectstorage.py took 0.404 seconds
[2024-12-21T10:53:15.026+0530] {processor.py:186} INFO - Started process (PID=5176) to work on /Users/jayesh/Desktop/Personal Work/Movie_data_pipeline/.venv/lib/python3.9/site-packages/airflow/example_dags/tutorial_objectstorage.py
[2024-12-21T10:53:15.027+0530] {processor.py:914} INFO - Processing file /Users/jayesh/Desktop/Personal Work/Movie_data_pipeline/.venv/lib/python3.9/site-packages/airflow/example_dags/tutorial_objectstorage.py for tasks to queue
[2024-12-21T10:53:15.029+0530] {logging_mixin.py:190} INFO - [2024-12-21T10:53:15.029+0530] {dagbag.py:588} INFO - Filling up the DagBag from /Users/jayesh/Desktop/Personal Work/Movie_data_pipeline/.venv/lib/python3.9/site-packages/airflow/example_dags/tutorial_objectstorage.py
[2024-12-21T10:53:15.084+0530] {processor.py:925} INFO - DAG(s) 'tutorial_objectstorage' retrieved from /Users/jayesh/Desktop/Personal Work/Movie_data_pipeline/.venv/lib/python3.9/site-packages/airflow/example_dags/tutorial_objectstorage.py
[2024-12-21T10:53:15.428+0530] {logging_mixin.py:190} INFO - [2024-12-21T10:53:15.428+0530] {dag.py:3239} INFO - Sync 1 DAGs
[2024-12-21T10:53:15.450+0530] {logging_mixin.py:190} INFO - [2024-12-21T10:53:15.450+0530] {dag.py:4180} INFO - Setting next_dagrun for tutorial_objectstorage to None, run_after=None
[2024-12-21T10:53:15.482+0530] {processor.py:208} INFO - Processing /Users/jayesh/Desktop/Personal Work/Movie_data_pipeline/.venv/lib/python3.9/site-packages/airflow/example_dags/tutorial_objectstorage.py took 0.463 seconds
[2024-12-21T11:54:46.278+0530] {processor.py:186} INFO - Started process (PID=6535) to work on /Users/jayesh/Desktop/Personal Work/Movie_data_pipeline/.venv/lib/python3.9/site-packages/airflow/example_dags/tutorial_objectstorage.py
[2024-12-21T11:54:46.281+0530] {processor.py:914} INFO - Processing file /Users/jayesh/Desktop/Personal Work/Movie_data_pipeline/.venv/lib/python3.9/site-packages/airflow/example_dags/tutorial_objectstorage.py for tasks to queue
[2024-12-21T11:54:46.283+0530] {logging_mixin.py:190} INFO - [2024-12-21T11:54:46.282+0530] {dagbag.py:588} INFO - Filling up the DagBag from /Users/jayesh/Desktop/Personal Work/Movie_data_pipeline/.venv/lib/python3.9/site-packages/airflow/example_dags/tutorial_objectstorage.py
[2024-12-21T11:54:46.337+0530] {processor.py:925} INFO - DAG(s) 'tutorial_objectstorage' retrieved from /Users/jayesh/Desktop/Personal Work/Movie_data_pipeline/.venv/lib/python3.9/site-packages/airflow/example_dags/tutorial_objectstorage.py
[2024-12-21T11:54:46.573+0530] {logging_mixin.py:190} INFO - [2024-12-21T11:54:46.572+0530] {dag.py:3239} INFO - Sync 1 DAGs
[2024-12-21T11:54:46.597+0530] {logging_mixin.py:190} INFO - [2024-12-21T11:54:46.597+0530] {dag.py:4180} INFO - Setting next_dagrun for tutorial_objectstorage to None, run_after=None
[2024-12-21T11:54:46.633+0530] {processor.py:208} INFO - Processing /Users/jayesh/Desktop/Personal Work/Movie_data_pipeline/.venv/lib/python3.9/site-packages/airflow/example_dags/tutorial_objectstorage.py took 0.362 seconds
[2024-12-21T11:56:53.374+0530] {processor.py:186} INFO - Started process (PID=6995) to work on /Users/jayesh/Desktop/Personal Work/Movie_data_pipeline/.venv/lib/python3.9/site-packages/airflow/example_dags/tutorial_objectstorage.py
[2024-12-21T11:56:53.376+0530] {processor.py:914} INFO - Processing file /Users/jayesh/Desktop/Personal Work/Movie_data_pipeline/.venv/lib/python3.9/site-packages/airflow/example_dags/tutorial_objectstorage.py for tasks to queue
[2024-12-21T11:56:53.379+0530] {logging_mixin.py:190} INFO - [2024-12-21T11:56:53.379+0530] {dagbag.py:588} INFO - Filling up the DagBag from /Users/jayesh/Desktop/Personal Work/Movie_data_pipeline/.venv/lib/python3.9/site-packages/airflow/example_dags/tutorial_objectstorage.py
[2024-12-21T11:56:53.430+0530] {processor.py:925} INFO - DAG(s) 'tutorial_objectstorage' retrieved from /Users/jayesh/Desktop/Personal Work/Movie_data_pipeline/.venv/lib/python3.9/site-packages/airflow/example_dags/tutorial_objectstorage.py
[2024-12-21T11:56:53.683+0530] {logging_mixin.py:190} INFO - [2024-12-21T11:56:53.682+0530] {dag.py:3239} INFO - Sync 1 DAGs
[2024-12-21T11:56:53.702+0530] {logging_mixin.py:190} INFO - [2024-12-21T11:56:53.702+0530] {dag.py:4180} INFO - Setting next_dagrun for tutorial_objectstorage to None, run_after=None
[2024-12-21T11:56:53.730+0530] {processor.py:208} INFO - Processing /Users/jayesh/Desktop/Personal Work/Movie_data_pipeline/.venv/lib/python3.9/site-packages/airflow/example_dags/tutorial_objectstorage.py took 0.363 seconds
[2024-12-21T11:58:29.937+0530] {processor.py:186} INFO - Started process (PID=7335) to work on /Users/jayesh/Desktop/Personal Work/Movie_data_pipeline/.venv/lib/python3.9/site-packages/airflow/example_dags/tutorial_objectstorage.py
[2024-12-21T11:58:29.940+0530] {processor.py:914} INFO - Processing file /Users/jayesh/Desktop/Personal Work/Movie_data_pipeline/.venv/lib/python3.9/site-packages/airflow/example_dags/tutorial_objectstorage.py for tasks to queue
[2024-12-21T11:58:29.942+0530] {logging_mixin.py:190} INFO - [2024-12-21T11:58:29.942+0530] {dagbag.py:588} INFO - Filling up the DagBag from /Users/jayesh/Desktop/Personal Work/Movie_data_pipeline/.venv/lib/python3.9/site-packages/airflow/example_dags/tutorial_objectstorage.py
[2024-12-21T11:58:30.001+0530] {processor.py:925} INFO - DAG(s) 'tutorial_objectstorage' retrieved from /Users/jayesh/Desktop/Personal Work/Movie_data_pipeline/.venv/lib/python3.9/site-packages/airflow/example_dags/tutorial_objectstorage.py
[2024-12-21T11:58:30.329+0530] {logging_mixin.py:190} INFO - [2024-12-21T11:58:30.329+0530] {dag.py:3239} INFO - Sync 1 DAGs
[2024-12-21T11:58:30.367+0530] {logging_mixin.py:190} INFO - [2024-12-21T11:58:30.367+0530] {dag.py:4180} INFO - Setting next_dagrun for tutorial_objectstorage to None, run_after=None
[2024-12-21T11:58:30.425+0530] {processor.py:208} INFO - Processing /Users/jayesh/Desktop/Personal Work/Movie_data_pipeline/.venv/lib/python3.9/site-packages/airflow/example_dags/tutorial_objectstorage.py took 0.494 seconds
[2024-12-21T12:00:08.278+0530] {processor.py:186} INFO - Started process (PID=7690) to work on /Users/jayesh/Desktop/Personal Work/Movie_data_pipeline/.venv/lib/python3.9/site-packages/airflow/example_dags/tutorial_objectstorage.py
[2024-12-21T12:00:08.280+0530] {processor.py:914} INFO - Processing file /Users/jayesh/Desktop/Personal Work/Movie_data_pipeline/.venv/lib/python3.9/site-packages/airflow/example_dags/tutorial_objectstorage.py for tasks to queue
[2024-12-21T12:00:08.283+0530] {logging_mixin.py:190} INFO - [2024-12-21T12:00:08.283+0530] {dagbag.py:588} INFO - Filling up the DagBag from /Users/jayesh/Desktop/Personal Work/Movie_data_pipeline/.venv/lib/python3.9/site-packages/airflow/example_dags/tutorial_objectstorage.py
[2024-12-21T12:00:08.446+0530] {processor.py:925} INFO - DAG(s) 'tutorial_objectstorage' retrieved from /Users/jayesh/Desktop/Personal Work/Movie_data_pipeline/.venv/lib/python3.9/site-packages/airflow/example_dags/tutorial_objectstorage.py
[2024-12-21T12:00:09.409+0530] {logging_mixin.py:190} INFO - [2024-12-21T12:00:09.400+0530] {dag.py:3239} INFO - Sync 1 DAGs
[2024-12-21T12:00:09.872+0530] {logging_mixin.py:190} INFO - [2024-12-21T12:00:09.872+0530] {dag.py:4180} INFO - Setting next_dagrun for tutorial_objectstorage to None, run_after=None
[2024-12-21T12:00:09.947+0530] {processor.py:208} INFO - Processing /Users/jayesh/Desktop/Personal Work/Movie_data_pipeline/.venv/lib/python3.9/site-packages/airflow/example_dags/tutorial_objectstorage.py took 1.675 seconds
[2024-12-21T12:01:46.056+0530] {processor.py:186} INFO - Started process (PID=8045) to work on /Users/jayesh/Desktop/Personal Work/Movie_data_pipeline/.venv/lib/python3.9/site-packages/airflow/example_dags/tutorial_objectstorage.py
[2024-12-21T12:01:46.059+0530] {processor.py:914} INFO - Processing file /Users/jayesh/Desktop/Personal Work/Movie_data_pipeline/.venv/lib/python3.9/site-packages/airflow/example_dags/tutorial_objectstorage.py for tasks to queue
[2024-12-21T12:01:46.062+0530] {logging_mixin.py:190} INFO - [2024-12-21T12:01:46.061+0530] {dagbag.py:588} INFO - Filling up the DagBag from /Users/jayesh/Desktop/Personal Work/Movie_data_pipeline/.venv/lib/python3.9/site-packages/airflow/example_dags/tutorial_objectstorage.py
[2024-12-21T12:01:46.126+0530] {processor.py:925} INFO - DAG(s) 'tutorial_objectstorage' retrieved from /Users/jayesh/Desktop/Personal Work/Movie_data_pipeline/.venv/lib/python3.9/site-packages/airflow/example_dags/tutorial_objectstorage.py
[2024-12-21T12:01:46.361+0530] {logging_mixin.py:190} INFO - [2024-12-21T12:01:46.360+0530] {dag.py:3239} INFO - Sync 1 DAGs
[2024-12-21T12:01:46.380+0530] {logging_mixin.py:190} INFO - [2024-12-21T12:01:46.380+0530] {dag.py:4180} INFO - Setting next_dagrun for tutorial_objectstorage to None, run_after=None
[2024-12-21T12:01:46.408+0530] {processor.py:208} INFO - Processing /Users/jayesh/Desktop/Personal Work/Movie_data_pipeline/.venv/lib/python3.9/site-packages/airflow/example_dags/tutorial_objectstorage.py took 0.360 seconds
[2024-12-21T12:03:29.799+0530] {processor.py:186} INFO - Started process (PID=8404) to work on /Users/jayesh/Desktop/Personal Work/Movie_data_pipeline/.venv/lib/python3.9/site-packages/airflow/example_dags/tutorial_objectstorage.py
[2024-12-21T12:03:29.802+0530] {processor.py:914} INFO - Processing file /Users/jayesh/Desktop/Personal Work/Movie_data_pipeline/.venv/lib/python3.9/site-packages/airflow/example_dags/tutorial_objectstorage.py for tasks to queue
[2024-12-21T12:03:29.805+0530] {logging_mixin.py:190} INFO - [2024-12-21T12:03:29.804+0530] {dagbag.py:588} INFO - Filling up the DagBag from /Users/jayesh/Desktop/Personal Work/Movie_data_pipeline/.venv/lib/python3.9/site-packages/airflow/example_dags/tutorial_objectstorage.py
[2024-12-21T12:03:29.869+0530] {processor.py:925} INFO - DAG(s) 'tutorial_objectstorage' retrieved from /Users/jayesh/Desktop/Personal Work/Movie_data_pipeline/.venv/lib/python3.9/site-packages/airflow/example_dags/tutorial_objectstorage.py
[2024-12-21T12:03:30.211+0530] {logging_mixin.py:190} INFO - [2024-12-21T12:03:30.210+0530] {dag.py:3239} INFO - Sync 1 DAGs
[2024-12-21T12:03:30.266+0530] {logging_mixin.py:190} INFO - [2024-12-21T12:03:30.265+0530] {dag.py:4180} INFO - Setting next_dagrun for tutorial_objectstorage to None, run_after=None
[2024-12-21T12:03:30.300+0530] {processor.py:208} INFO - Processing /Users/jayesh/Desktop/Personal Work/Movie_data_pipeline/.venv/lib/python3.9/site-packages/airflow/example_dags/tutorial_objectstorage.py took 0.508 seconds
[2024-12-21T12:05:24.276+0530] {processor.py:186} INFO - Started process (PID=8798) to work on /Users/jayesh/Desktop/Personal Work/Movie_data_pipeline/.venv/lib/python3.9/site-packages/airflow/example_dags/tutorial_objectstorage.py
[2024-12-21T12:05:24.279+0530] {processor.py:914} INFO - Processing file /Users/jayesh/Desktop/Personal Work/Movie_data_pipeline/.venv/lib/python3.9/site-packages/airflow/example_dags/tutorial_objectstorage.py for tasks to queue
[2024-12-21T12:05:24.281+0530] {logging_mixin.py:190} INFO - [2024-12-21T12:05:24.281+0530] {dagbag.py:588} INFO - Filling up the DagBag from /Users/jayesh/Desktop/Personal Work/Movie_data_pipeline/.venv/lib/python3.9/site-packages/airflow/example_dags/tutorial_objectstorage.py
[2024-12-21T12:05:24.336+0530] {processor.py:925} INFO - DAG(s) 'tutorial_objectstorage' retrieved from /Users/jayesh/Desktop/Personal Work/Movie_data_pipeline/.venv/lib/python3.9/site-packages/airflow/example_dags/tutorial_objectstorage.py
[2024-12-21T12:05:24.687+0530] {logging_mixin.py:190} INFO - [2024-12-21T12:05:24.686+0530] {dag.py:3239} INFO - Sync 1 DAGs
[2024-12-21T12:05:24.718+0530] {logging_mixin.py:190} INFO - [2024-12-21T12:05:24.717+0530] {dag.py:4180} INFO - Setting next_dagrun for tutorial_objectstorage to None, run_after=None
[2024-12-21T12:05:24.757+0530] {processor.py:208} INFO - Processing /Users/jayesh/Desktop/Personal Work/Movie_data_pipeline/.venv/lib/python3.9/site-packages/airflow/example_dags/tutorial_objectstorage.py took 0.488 seconds
[2024-12-21T22:32:11.158+0530] {processor.py:186} INFO - Started process (PID=15886) to work on /Users/jayesh/Desktop/Personal Work/Movie_data_pipeline/.venv/lib/python3.9/site-packages/airflow/example_dags/tutorial_objectstorage.py
[2024-12-21T22:32:11.163+0530] {processor.py:914} INFO - Processing file /Users/jayesh/Desktop/Personal Work/Movie_data_pipeline/.venv/lib/python3.9/site-packages/airflow/example_dags/tutorial_objectstorage.py for tasks to queue
[2024-12-21T22:32:11.174+0530] {logging_mixin.py:190} INFO - [2024-12-21T22:32:11.171+0530] {dagbag.py:588} INFO - Filling up the DagBag from /Users/jayesh/Desktop/Personal Work/Movie_data_pipeline/.venv/lib/python3.9/site-packages/airflow/example_dags/tutorial_objectstorage.py
[2024-12-21T22:32:11.210+0530] {processor.py:925} INFO - DAG(s) 'tutorial_objectstorage' retrieved from /Users/jayesh/Desktop/Personal Work/Movie_data_pipeline/.venv/lib/python3.9/site-packages/airflow/example_dags/tutorial_objectstorage.py
[2024-12-21T22:32:11.349+0530] {logging_mixin.py:190} INFO - [2024-12-21T22:32:11.348+0530] {dag.py:3239} INFO - Sync 1 DAGs
[2024-12-21T22:32:11.413+0530] {logging_mixin.py:190} INFO - [2024-12-21T22:32:11.412+0530] {dag.py:4180} INFO - Setting next_dagrun for tutorial_objectstorage to None, run_after=None
[2024-12-21T22:32:11.502+0530] {processor.py:208} INFO - Processing /Users/jayesh/Desktop/Personal Work/Movie_data_pipeline/.venv/lib/python3.9/site-packages/airflow/example_dags/tutorial_objectstorage.py took 0.365 seconds
[2024-12-21T22:32:43.232+0530] {processor.py:186} INFO - Started process (PID=16127) to work on /Users/jayesh/Desktop/Personal Work/Movie_data_pipeline/.venv/lib/python3.9/site-packages/airflow/example_dags/tutorial_objectstorage.py
[2024-12-21T22:32:43.238+0530] {processor.py:914} INFO - Processing file /Users/jayesh/Desktop/Personal Work/Movie_data_pipeline/.venv/lib/python3.9/site-packages/airflow/example_dags/tutorial_objectstorage.py for tasks to queue
[2024-12-21T22:32:43.248+0530] {logging_mixin.py:190} INFO - [2024-12-21T22:32:43.246+0530] {dagbag.py:588} INFO - Filling up the DagBag from /Users/jayesh/Desktop/Personal Work/Movie_data_pipeline/.venv/lib/python3.9/site-packages/airflow/example_dags/tutorial_objectstorage.py
[2024-12-21T22:32:43.305+0530] {processor.py:925} INFO - DAG(s) 'tutorial_objectstorage' retrieved from /Users/jayesh/Desktop/Personal Work/Movie_data_pipeline/.venv/lib/python3.9/site-packages/airflow/example_dags/tutorial_objectstorage.py
[2024-12-21T22:32:43.505+0530] {logging_mixin.py:190} INFO - [2024-12-21T22:32:43.504+0530] {dag.py:3239} INFO - Sync 1 DAGs
[2024-12-21T22:32:43.719+0530] {logging_mixin.py:190} INFO - [2024-12-21T22:32:43.711+0530] {dag.py:4180} INFO - Setting next_dagrun for tutorial_objectstorage to None, run_after=None
[2024-12-21T22:32:43.784+0530] {processor.py:208} INFO - Processing /Users/jayesh/Desktop/Personal Work/Movie_data_pipeline/.venv/lib/python3.9/site-packages/airflow/example_dags/tutorial_objectstorage.py took 0.574 seconds
[2024-12-21T22:33:14.630+0530] {processor.py:186} INFO - Started process (PID=16341) to work on /Users/jayesh/Desktop/Personal Work/Movie_data_pipeline/.venv/lib/python3.9/site-packages/airflow/example_dags/tutorial_objectstorage.py
[2024-12-21T22:33:14.636+0530] {processor.py:914} INFO - Processing file /Users/jayesh/Desktop/Personal Work/Movie_data_pipeline/.venv/lib/python3.9/site-packages/airflow/example_dags/tutorial_objectstorage.py for tasks to queue
[2024-12-21T22:33:14.644+0530] {logging_mixin.py:190} INFO - [2024-12-21T22:33:14.643+0530] {dagbag.py:588} INFO - Filling up the DagBag from /Users/jayesh/Desktop/Personal Work/Movie_data_pipeline/.venv/lib/python3.9/site-packages/airflow/example_dags/tutorial_objectstorage.py
[2024-12-21T22:33:14.667+0530] {processor.py:925} INFO - DAG(s) 'tutorial_objectstorage' retrieved from /Users/jayesh/Desktop/Personal Work/Movie_data_pipeline/.venv/lib/python3.9/site-packages/airflow/example_dags/tutorial_objectstorage.py
[2024-12-21T22:33:14.768+0530] {logging_mixin.py:190} INFO - [2024-12-21T22:33:14.768+0530] {dag.py:3239} INFO - Sync 1 DAGs
[2024-12-21T22:33:14.816+0530] {logging_mixin.py:190} INFO - [2024-12-21T22:33:14.815+0530] {dag.py:4180} INFO - Setting next_dagrun for tutorial_objectstorage to None, run_after=None
[2024-12-21T22:33:14.856+0530] {processor.py:208} INFO - Processing /Users/jayesh/Desktop/Personal Work/Movie_data_pipeline/.venv/lib/python3.9/site-packages/airflow/example_dags/tutorial_objectstorage.py took 0.242 seconds
[2024-12-21T22:33:45.698+0530] {processor.py:186} INFO - Started process (PID=16543) to work on /Users/jayesh/Desktop/Personal Work/Movie_data_pipeline/.venv/lib/python3.9/site-packages/airflow/example_dags/tutorial_objectstorage.py
[2024-12-21T22:33:45.701+0530] {processor.py:914} INFO - Processing file /Users/jayesh/Desktop/Personal Work/Movie_data_pipeline/.venv/lib/python3.9/site-packages/airflow/example_dags/tutorial_objectstorage.py for tasks to queue
[2024-12-21T22:33:45.708+0530] {logging_mixin.py:190} INFO - [2024-12-21T22:33:45.706+0530] {dagbag.py:588} INFO - Filling up the DagBag from /Users/jayesh/Desktop/Personal Work/Movie_data_pipeline/.venv/lib/python3.9/site-packages/airflow/example_dags/tutorial_objectstorage.py
[2024-12-21T22:33:45.738+0530] {processor.py:925} INFO - DAG(s) 'tutorial_objectstorage' retrieved from /Users/jayesh/Desktop/Personal Work/Movie_data_pipeline/.venv/lib/python3.9/site-packages/airflow/example_dags/tutorial_objectstorage.py
[2024-12-21T22:33:45.831+0530] {logging_mixin.py:190} INFO - [2024-12-21T22:33:45.830+0530] {dag.py:3239} INFO - Sync 1 DAGs
[2024-12-21T22:33:45.857+0530] {logging_mixin.py:190} INFO - [2024-12-21T22:33:45.856+0530] {dag.py:4180} INFO - Setting next_dagrun for tutorial_objectstorage to None, run_after=None
[2024-12-21T22:33:45.930+0530] {processor.py:208} INFO - Processing /Users/jayesh/Desktop/Personal Work/Movie_data_pipeline/.venv/lib/python3.9/site-packages/airflow/example_dags/tutorial_objectstorage.py took 0.251 seconds
[2024-12-21T23:52:51.078+0530] {processor.py:186} INFO - Started process (PID=17995) to work on /Users/jayesh/Desktop/Personal Work/Movie_data_pipeline/.venv/lib/python3.9/site-packages/airflow/example_dags/tutorial_objectstorage.py
[2024-12-21T23:52:51.082+0530] {processor.py:914} INFO - Processing file /Users/jayesh/Desktop/Personal Work/Movie_data_pipeline/.venv/lib/python3.9/site-packages/airflow/example_dags/tutorial_objectstorage.py for tasks to queue
[2024-12-21T23:52:51.090+0530] {logging_mixin.py:190} INFO - [2024-12-21T23:52:51.088+0530] {dagbag.py:588} INFO - Filling up the DagBag from /Users/jayesh/Desktop/Personal Work/Movie_data_pipeline/.venv/lib/python3.9/site-packages/airflow/example_dags/tutorial_objectstorage.py
[2024-12-21T23:52:51.181+0530] {processor.py:925} INFO - DAG(s) 'tutorial_objectstorage' retrieved from /Users/jayesh/Desktop/Personal Work/Movie_data_pipeline/.venv/lib/python3.9/site-packages/airflow/example_dags/tutorial_objectstorage.py
[2024-12-21T23:52:51.426+0530] {logging_mixin.py:190} INFO - [2024-12-21T23:52:51.416+0530] {dag.py:3239} INFO - Sync 1 DAGs
[2024-12-21T23:52:51.831+0530] {logging_mixin.py:190} INFO - [2024-12-21T23:52:51.830+0530] {dag.py:4180} INFO - Setting next_dagrun for tutorial_objectstorage to None, run_after=None
[2024-12-21T23:52:52.146+0530] {processor.py:208} INFO - Processing /Users/jayesh/Desktop/Personal Work/Movie_data_pipeline/.venv/lib/python3.9/site-packages/airflow/example_dags/tutorial_objectstorage.py took 1.087 seconds
[2024-12-21T23:53:22.253+0530] {processor.py:186} INFO - Started process (PID=18239) to work on /Users/jayesh/Desktop/Personal Work/Movie_data_pipeline/.venv/lib/python3.9/site-packages/airflow/example_dags/tutorial_objectstorage.py
[2024-12-21T23:53:22.258+0530] {processor.py:914} INFO - Processing file /Users/jayesh/Desktop/Personal Work/Movie_data_pipeline/.venv/lib/python3.9/site-packages/airflow/example_dags/tutorial_objectstorage.py for tasks to queue
[2024-12-21T23:53:22.271+0530] {logging_mixin.py:190} INFO - [2024-12-21T23:53:22.267+0530] {dagbag.py:588} INFO - Filling up the DagBag from /Users/jayesh/Desktop/Personal Work/Movie_data_pipeline/.venv/lib/python3.9/site-packages/airflow/example_dags/tutorial_objectstorage.py
[2024-12-21T23:53:22.311+0530] {processor.py:925} INFO - DAG(s) 'tutorial_objectstorage' retrieved from /Users/jayesh/Desktop/Personal Work/Movie_data_pipeline/.venv/lib/python3.9/site-packages/airflow/example_dags/tutorial_objectstorage.py
[2024-12-21T23:53:22.398+0530] {logging_mixin.py:190} INFO - [2024-12-21T23:53:22.398+0530] {dag.py:3239} INFO - Sync 1 DAGs
[2024-12-21T23:53:22.434+0530] {logging_mixin.py:190} INFO - [2024-12-21T23:53:22.432+0530] {dag.py:4180} INFO - Setting next_dagrun for tutorial_objectstorage to None, run_after=None
[2024-12-21T23:53:22.475+0530] {processor.py:208} INFO - Processing /Users/jayesh/Desktop/Personal Work/Movie_data_pipeline/.venv/lib/python3.9/site-packages/airflow/example_dags/tutorial_objectstorage.py took 0.239 seconds
