[2024-12-21T10:23:14.525+0530] {processor.py:186} INFO - Started process (PID=2180) to work on /Users/jayesh/Desktop/Personal Work/Movie_data_pipeline/.venv/lib/python3.9/site-packages/airflow/example_dags/tutorial.py
[2024-12-21T10:23:14.526+0530] {processor.py:914} INFO - Processing file /Users/jayesh/Desktop/Personal Work/Movie_data_pipeline/.venv/lib/python3.9/site-packages/airflow/example_dags/tutorial.py for tasks to queue
[2024-12-21T10:23:14.528+0530] {logging_mixin.py:190} INFO - [2024-12-21T10:23:14.528+0530] {dagbag.py:588} INFO - Filling up the DagBag from /Users/jayesh/Desktop/Personal Work/Movie_data_pipeline/.venv/lib/python3.9/site-packages/airflow/example_dags/tutorial.py
[2024-12-21T10:23:14.547+0530] {processor.py:925} INFO - DAG(s) 'tutorial' retrieved from /Users/jayesh/Desktop/Personal Work/Movie_data_pipeline/.venv/lib/python3.9/site-packages/airflow/example_dags/tutorial.py
[2024-12-21T10:23:14.858+0530] {logging_mixin.py:190} INFO - [2024-12-21T10:23:14.858+0530] {dag.py:3239} INFO - Sync 1 DAGs
[2024-12-21T10:23:14.898+0530] {logging_mixin.py:190} INFO - [2024-12-21T10:23:14.897+0530] {dag.py:4180} INFO - Setting next_dagrun for tutorial to 2024-12-20 00:00:00+00:00, run_after=2024-12-21 00:00:00+00:00
[2024-12-21T10:23:14.943+0530] {processor.py:208} INFO - Processing /Users/jayesh/Desktop/Personal Work/Movie_data_pipeline/.venv/lib/python3.9/site-packages/airflow/example_dags/tutorial.py took 0.425 seconds
[2024-12-21T10:25:38.824+0530] {processor.py:186} INFO - Started process (PID=2553) to work on /Users/jayesh/Desktop/Personal Work/Movie_data_pipeline/.venv/lib/python3.9/site-packages/airflow/example_dags/tutorial.py
[2024-12-21T10:25:38.825+0530] {processor.py:914} INFO - Processing file /Users/jayesh/Desktop/Personal Work/Movie_data_pipeline/.venv/lib/python3.9/site-packages/airflow/example_dags/tutorial.py for tasks to queue
[2024-12-21T10:25:38.827+0530] {logging_mixin.py:190} INFO - [2024-12-21T10:25:38.826+0530] {dagbag.py:588} INFO - Filling up the DagBag from /Users/jayesh/Desktop/Personal Work/Movie_data_pipeline/.venv/lib/python3.9/site-packages/airflow/example_dags/tutorial.py
[2024-12-21T10:25:38.844+0530] {processor.py:925} INFO - DAG(s) 'tutorial' retrieved from /Users/jayesh/Desktop/Personal Work/Movie_data_pipeline/.venv/lib/python3.9/site-packages/airflow/example_dags/tutorial.py
[2024-12-21T10:25:39.112+0530] {logging_mixin.py:190} INFO - [2024-12-21T10:25:39.111+0530] {dag.py:3239} INFO - Sync 1 DAGs
[2024-12-21T10:25:39.146+0530] {logging_mixin.py:190} INFO - [2024-12-21T10:25:39.146+0530] {dag.py:4180} INFO - Setting next_dagrun for tutorial to 2024-12-20 00:00:00+00:00, run_after=2024-12-21 00:00:00+00:00
[2024-12-21T10:25:39.175+0530] {processor.py:208} INFO - Processing /Users/jayesh/Desktop/Personal Work/Movie_data_pipeline/.venv/lib/python3.9/site-packages/airflow/example_dags/tutorial.py took 0.357 seconds
[2024-12-21T10:27:01.326+0530] {processor.py:186} INFO - Started process (PID=2783) to work on /Users/jayesh/Desktop/Personal Work/Movie_data_pipeline/.venv/lib/python3.9/site-packages/airflow/example_dags/tutorial.py
[2024-12-21T10:27:01.329+0530] {processor.py:914} INFO - Processing file /Users/jayesh/Desktop/Personal Work/Movie_data_pipeline/.venv/lib/python3.9/site-packages/airflow/example_dags/tutorial.py for tasks to queue
[2024-12-21T10:27:01.332+0530] {logging_mixin.py:190} INFO - [2024-12-21T10:27:01.331+0530] {dagbag.py:588} INFO - Filling up the DagBag from /Users/jayesh/Desktop/Personal Work/Movie_data_pipeline/.venv/lib/python3.9/site-packages/airflow/example_dags/tutorial.py
[2024-12-21T10:27:01.349+0530] {processor.py:925} INFO - DAG(s) 'tutorial' retrieved from /Users/jayesh/Desktop/Personal Work/Movie_data_pipeline/.venv/lib/python3.9/site-packages/airflow/example_dags/tutorial.py
[2024-12-21T10:27:01.608+0530] {logging_mixin.py:190} INFO - [2024-12-21T10:27:01.607+0530] {dag.py:3239} INFO - Sync 1 DAGs
[2024-12-21T10:27:01.649+0530] {logging_mixin.py:190} INFO - [2024-12-21T10:27:01.648+0530] {dag.py:4180} INFO - Setting next_dagrun for tutorial to 2024-12-20 00:00:00+00:00, run_after=2024-12-21 00:00:00+00:00
[2024-12-21T10:27:01.683+0530] {processor.py:208} INFO - Processing /Users/jayesh/Desktop/Personal Work/Movie_data_pipeline/.venv/lib/python3.9/site-packages/airflow/example_dags/tutorial.py took 0.448 seconds
[2024-12-21T10:28:15.374+0530] {processor.py:186} INFO - Started process (PID=2986) to work on /Users/jayesh/Desktop/Personal Work/Movie_data_pipeline/.venv/lib/python3.9/site-packages/airflow/example_dags/tutorial.py
[2024-12-21T10:28:15.375+0530] {processor.py:914} INFO - Processing file /Users/jayesh/Desktop/Personal Work/Movie_data_pipeline/.venv/lib/python3.9/site-packages/airflow/example_dags/tutorial.py for tasks to queue
[2024-12-21T10:28:15.378+0530] {logging_mixin.py:190} INFO - [2024-12-21T10:28:15.378+0530] {dagbag.py:588} INFO - Filling up the DagBag from /Users/jayesh/Desktop/Personal Work/Movie_data_pipeline/.venv/lib/python3.9/site-packages/airflow/example_dags/tutorial.py
[2024-12-21T10:28:15.402+0530] {processor.py:925} INFO - DAG(s) 'tutorial' retrieved from /Users/jayesh/Desktop/Personal Work/Movie_data_pipeline/.venv/lib/python3.9/site-packages/airflow/example_dags/tutorial.py
[2024-12-21T10:28:15.683+0530] {logging_mixin.py:190} INFO - [2024-12-21T10:28:15.683+0530] {dag.py:3239} INFO - Sync 1 DAGs
[2024-12-21T10:28:15.725+0530] {logging_mixin.py:190} INFO - [2024-12-21T10:28:15.725+0530] {dag.py:4180} INFO - Setting next_dagrun for tutorial to 2024-12-20 00:00:00+00:00, run_after=2024-12-21 00:00:00+00:00
[2024-12-21T10:28:15.755+0530] {processor.py:208} INFO - Processing /Users/jayesh/Desktop/Personal Work/Movie_data_pipeline/.venv/lib/python3.9/site-packages/airflow/example_dags/tutorial.py took 0.387 seconds
[2024-12-21T10:29:31.236+0530] {processor.py:186} INFO - Started process (PID=3193) to work on /Users/jayesh/Desktop/Personal Work/Movie_data_pipeline/.venv/lib/python3.9/site-packages/airflow/example_dags/tutorial.py
[2024-12-21T10:29:31.238+0530] {processor.py:914} INFO - Processing file /Users/jayesh/Desktop/Personal Work/Movie_data_pipeline/.venv/lib/python3.9/site-packages/airflow/example_dags/tutorial.py for tasks to queue
[2024-12-21T10:29:31.240+0530] {logging_mixin.py:190} INFO - [2024-12-21T10:29:31.240+0530] {dagbag.py:588} INFO - Filling up the DagBag from /Users/jayesh/Desktop/Personal Work/Movie_data_pipeline/.venv/lib/python3.9/site-packages/airflow/example_dags/tutorial.py
[2024-12-21T10:29:31.255+0530] {processor.py:925} INFO - DAG(s) 'tutorial' retrieved from /Users/jayesh/Desktop/Personal Work/Movie_data_pipeline/.venv/lib/python3.9/site-packages/airflow/example_dags/tutorial.py
[2024-12-21T10:29:31.525+0530] {logging_mixin.py:190} INFO - [2024-12-21T10:29:31.525+0530] {dag.py:3239} INFO - Sync 1 DAGs
[2024-12-21T10:29:31.558+0530] {logging_mixin.py:190} INFO - [2024-12-21T10:29:31.557+0530] {dag.py:4180} INFO - Setting next_dagrun for tutorial to 2024-12-20 00:00:00+00:00, run_after=2024-12-21 00:00:00+00:00
[2024-12-21T10:29:31.589+0530] {processor.py:208} INFO - Processing /Users/jayesh/Desktop/Personal Work/Movie_data_pipeline/.venv/lib/python3.9/site-packages/airflow/example_dags/tutorial.py took 0.363 seconds
[2024-12-21T10:31:07.498+0530] {processor.py:186} INFO - Started process (PID=3431) to work on /Users/jayesh/Desktop/Personal Work/Movie_data_pipeline/.venv/lib/python3.9/site-packages/airflow/example_dags/tutorial.py
[2024-12-21T10:31:07.499+0530] {processor.py:914} INFO - Processing file /Users/jayesh/Desktop/Personal Work/Movie_data_pipeline/.venv/lib/python3.9/site-packages/airflow/example_dags/tutorial.py for tasks to queue
[2024-12-21T10:31:07.501+0530] {logging_mixin.py:190} INFO - [2024-12-21T10:31:07.501+0530] {dagbag.py:588} INFO - Filling up the DagBag from /Users/jayesh/Desktop/Personal Work/Movie_data_pipeline/.venv/lib/python3.9/site-packages/airflow/example_dags/tutorial.py
[2024-12-21T10:31:07.518+0530] {processor.py:925} INFO - DAG(s) 'tutorial' retrieved from /Users/jayesh/Desktop/Personal Work/Movie_data_pipeline/.venv/lib/python3.9/site-packages/airflow/example_dags/tutorial.py
[2024-12-21T10:31:08.118+0530] {logging_mixin.py:190} INFO - [2024-12-21T10:31:08.117+0530] {dag.py:3239} INFO - Sync 1 DAGs
[2024-12-21T10:31:08.188+0530] {logging_mixin.py:190} INFO - [2024-12-21T10:31:08.187+0530] {dag.py:4180} INFO - Setting next_dagrun for tutorial to 2024-12-21 00:00:00+00:00, run_after=2024-12-22 00:00:00+00:00
[2024-12-21T10:31:08.246+0530] {processor.py:208} INFO - Processing /Users/jayesh/Desktop/Personal Work/Movie_data_pipeline/.venv/lib/python3.9/site-packages/airflow/example_dags/tutorial.py took 0.756 seconds
[2024-12-21T10:47:38.686+0530] {processor.py:186} INFO - Started process (PID=4041) to work on /Users/jayesh/Desktop/Personal Work/Movie_data_pipeline/.venv/lib/python3.9/site-packages/airflow/example_dags/tutorial.py
[2024-12-21T10:47:38.688+0530] {processor.py:914} INFO - Processing file /Users/jayesh/Desktop/Personal Work/Movie_data_pipeline/.venv/lib/python3.9/site-packages/airflow/example_dags/tutorial.py for tasks to queue
[2024-12-21T10:47:38.689+0530] {logging_mixin.py:190} INFO - [2024-12-21T10:47:38.689+0530] {dagbag.py:588} INFO - Filling up the DagBag from /Users/jayesh/Desktop/Personal Work/Movie_data_pipeline/.venv/lib/python3.9/site-packages/airflow/example_dags/tutorial.py
[2024-12-21T10:47:38.701+0530] {processor.py:925} INFO - DAG(s) 'tutorial' retrieved from /Users/jayesh/Desktop/Personal Work/Movie_data_pipeline/.venv/lib/python3.9/site-packages/airflow/example_dags/tutorial.py
[2024-12-21T10:47:38.892+0530] {logging_mixin.py:190} INFO - [2024-12-21T10:47:38.891+0530] {dag.py:3239} INFO - Sync 1 DAGs
[2024-12-21T10:47:38.922+0530] {logging_mixin.py:190} INFO - [2024-12-21T10:47:38.922+0530] {dag.py:4180} INFO - Setting next_dagrun for tutorial to 2024-12-21 00:00:00+00:00, run_after=2024-12-22 00:00:00+00:00
[2024-12-21T10:47:38.954+0530] {processor.py:208} INFO - Processing /Users/jayesh/Desktop/Personal Work/Movie_data_pipeline/.venv/lib/python3.9/site-packages/airflow/example_dags/tutorial.py took 0.273 seconds
[2024-12-21T10:49:57.151+0530] {processor.py:186} INFO - Started process (PID=4488) to work on /Users/jayesh/Desktop/Personal Work/Movie_data_pipeline/.venv/lib/python3.9/site-packages/airflow/example_dags/tutorial.py
[2024-12-21T10:49:57.153+0530] {processor.py:914} INFO - Processing file /Users/jayesh/Desktop/Personal Work/Movie_data_pipeline/.venv/lib/python3.9/site-packages/airflow/example_dags/tutorial.py for tasks to queue
[2024-12-21T10:49:57.155+0530] {logging_mixin.py:190} INFO - [2024-12-21T10:49:57.154+0530] {dagbag.py:588} INFO - Filling up the DagBag from /Users/jayesh/Desktop/Personal Work/Movie_data_pipeline/.venv/lib/python3.9/site-packages/airflow/example_dags/tutorial.py
[2024-12-21T10:49:57.170+0530] {processor.py:925} INFO - DAG(s) 'tutorial' retrieved from /Users/jayesh/Desktop/Personal Work/Movie_data_pipeline/.venv/lib/python3.9/site-packages/airflow/example_dags/tutorial.py
[2024-12-21T10:49:57.430+0530] {logging_mixin.py:190} INFO - [2024-12-21T10:49:57.429+0530] {dag.py:3239} INFO - Sync 1 DAGs
[2024-12-21T10:49:57.477+0530] {logging_mixin.py:190} INFO - [2024-12-21T10:49:57.476+0530] {dag.py:4180} INFO - Setting next_dagrun for tutorial to 2024-12-21 00:00:00+00:00, run_after=2024-12-22 00:00:00+00:00
[2024-12-21T10:49:57.535+0530] {processor.py:208} INFO - Processing /Users/jayesh/Desktop/Personal Work/Movie_data_pipeline/.venv/lib/python3.9/site-packages/airflow/example_dags/tutorial.py took 0.391 seconds
[2024-12-21T10:51:46.056+0530] {processor.py:186} INFO - Started process (PID=4867) to work on /Users/jayesh/Desktop/Personal Work/Movie_data_pipeline/.venv/lib/python3.9/site-packages/airflow/example_dags/tutorial.py
[2024-12-21T10:51:46.058+0530] {processor.py:914} INFO - Processing file /Users/jayesh/Desktop/Personal Work/Movie_data_pipeline/.venv/lib/python3.9/site-packages/airflow/example_dags/tutorial.py for tasks to queue
[2024-12-21T10:51:46.060+0530] {logging_mixin.py:190} INFO - [2024-12-21T10:51:46.059+0530] {dagbag.py:588} INFO - Filling up the DagBag from /Users/jayesh/Desktop/Personal Work/Movie_data_pipeline/.venv/lib/python3.9/site-packages/airflow/example_dags/tutorial.py
[2024-12-21T10:51:46.073+0530] {processor.py:925} INFO - DAG(s) 'tutorial' retrieved from /Users/jayesh/Desktop/Personal Work/Movie_data_pipeline/.venv/lib/python3.9/site-packages/airflow/example_dags/tutorial.py
[2024-12-21T10:51:46.405+0530] {logging_mixin.py:190} INFO - [2024-12-21T10:51:46.404+0530] {dag.py:3239} INFO - Sync 1 DAGs
[2024-12-21T10:51:46.474+0530] {logging_mixin.py:190} INFO - [2024-12-21T10:51:46.473+0530] {dag.py:4180} INFO - Setting next_dagrun for tutorial to 2024-12-21 00:00:00+00:00, run_after=2024-12-22 00:00:00+00:00
[2024-12-21T10:51:46.542+0530] {processor.py:208} INFO - Processing /Users/jayesh/Desktop/Personal Work/Movie_data_pipeline/.venv/lib/python3.9/site-packages/airflow/example_dags/tutorial.py took 0.492 seconds
[2024-12-21T10:53:18.911+0530] {processor.py:186} INFO - Started process (PID=5192) to work on /Users/jayesh/Desktop/Personal Work/Movie_data_pipeline/.venv/lib/python3.9/site-packages/airflow/example_dags/tutorial.py
[2024-12-21T10:53:18.912+0530] {processor.py:914} INFO - Processing file /Users/jayesh/Desktop/Personal Work/Movie_data_pipeline/.venv/lib/python3.9/site-packages/airflow/example_dags/tutorial.py for tasks to queue
[2024-12-21T10:53:18.914+0530] {logging_mixin.py:190} INFO - [2024-12-21T10:53:18.913+0530] {dagbag.py:588} INFO - Filling up the DagBag from /Users/jayesh/Desktop/Personal Work/Movie_data_pipeline/.venv/lib/python3.9/site-packages/airflow/example_dags/tutorial.py
[2024-12-21T10:53:18.927+0530] {processor.py:925} INFO - DAG(s) 'tutorial' retrieved from /Users/jayesh/Desktop/Personal Work/Movie_data_pipeline/.venv/lib/python3.9/site-packages/airflow/example_dags/tutorial.py
[2024-12-21T10:53:19.150+0530] {logging_mixin.py:190} INFO - [2024-12-21T10:53:19.150+0530] {dag.py:3239} INFO - Sync 1 DAGs
[2024-12-21T10:53:19.183+0530] {logging_mixin.py:190} INFO - [2024-12-21T10:53:19.182+0530] {dag.py:4180} INFO - Setting next_dagrun for tutorial to 2024-12-21 00:00:00+00:00, run_after=2024-12-22 00:00:00+00:00
[2024-12-21T10:53:19.213+0530] {processor.py:208} INFO - Processing /Users/jayesh/Desktop/Personal Work/Movie_data_pipeline/.venv/lib/python3.9/site-packages/airflow/example_dags/tutorial.py took 0.307 seconds
[2024-12-21T11:54:51.310+0530] {processor.py:186} INFO - Started process (PID=6552) to work on /Users/jayesh/Desktop/Personal Work/Movie_data_pipeline/.venv/lib/python3.9/site-packages/airflow/example_dags/tutorial.py
[2024-12-21T11:54:51.312+0530] {processor.py:914} INFO - Processing file /Users/jayesh/Desktop/Personal Work/Movie_data_pipeline/.venv/lib/python3.9/site-packages/airflow/example_dags/tutorial.py for tasks to queue
[2024-12-21T11:54:51.317+0530] {logging_mixin.py:190} INFO - [2024-12-21T11:54:51.316+0530] {dagbag.py:588} INFO - Filling up the DagBag from /Users/jayesh/Desktop/Personal Work/Movie_data_pipeline/.venv/lib/python3.9/site-packages/airflow/example_dags/tutorial.py
[2024-12-21T11:54:51.331+0530] {processor.py:925} INFO - DAG(s) 'tutorial' retrieved from /Users/jayesh/Desktop/Personal Work/Movie_data_pipeline/.venv/lib/python3.9/site-packages/airflow/example_dags/tutorial.py
[2024-12-21T11:54:51.618+0530] {logging_mixin.py:190} INFO - [2024-12-21T11:54:51.618+0530] {dag.py:3239} INFO - Sync 1 DAGs
[2024-12-21T11:54:51.698+0530] {processor.py:208} INFO - Processing /Users/jayesh/Desktop/Personal Work/Movie_data_pipeline/.venv/lib/python3.9/site-packages/airflow/example_dags/tutorial.py took 0.395 seconds
[2024-12-21T11:56:57.723+0530] {processor.py:186} INFO - Started process (PID=7005) to work on /Users/jayesh/Desktop/Personal Work/Movie_data_pipeline/.venv/lib/python3.9/site-packages/airflow/example_dags/tutorial.py
[2024-12-21T11:56:57.726+0530] {processor.py:914} INFO - Processing file /Users/jayesh/Desktop/Personal Work/Movie_data_pipeline/.venv/lib/python3.9/site-packages/airflow/example_dags/tutorial.py for tasks to queue
[2024-12-21T11:56:57.730+0530] {logging_mixin.py:190} INFO - [2024-12-21T11:56:57.729+0530] {dagbag.py:588} INFO - Filling up the DagBag from /Users/jayesh/Desktop/Personal Work/Movie_data_pipeline/.venv/lib/python3.9/site-packages/airflow/example_dags/tutorial.py
[2024-12-21T11:56:57.747+0530] {processor.py:925} INFO - DAG(s) 'tutorial' retrieved from /Users/jayesh/Desktop/Personal Work/Movie_data_pipeline/.venv/lib/python3.9/site-packages/airflow/example_dags/tutorial.py
[2024-12-21T11:56:57.982+0530] {logging_mixin.py:190} INFO - [2024-12-21T11:56:57.982+0530] {dag.py:3239} INFO - Sync 1 DAGs
[2024-12-21T11:56:58.040+0530] {processor.py:208} INFO - Processing /Users/jayesh/Desktop/Personal Work/Movie_data_pipeline/.venv/lib/python3.9/site-packages/airflow/example_dags/tutorial.py took 0.324 seconds
[2024-12-21T11:58:34.029+0530] {processor.py:186} INFO - Started process (PID=7357) to work on /Users/jayesh/Desktop/Personal Work/Movie_data_pipeline/.venv/lib/python3.9/site-packages/airflow/example_dags/tutorial.py
[2024-12-21T11:58:34.032+0530] {processor.py:914} INFO - Processing file /Users/jayesh/Desktop/Personal Work/Movie_data_pipeline/.venv/lib/python3.9/site-packages/airflow/example_dags/tutorial.py for tasks to queue
[2024-12-21T11:58:34.035+0530] {logging_mixin.py:190} INFO - [2024-12-21T11:58:34.035+0530] {dagbag.py:588} INFO - Filling up the DagBag from /Users/jayesh/Desktop/Personal Work/Movie_data_pipeline/.venv/lib/python3.9/site-packages/airflow/example_dags/tutorial.py
[2024-12-21T11:58:34.052+0530] {processor.py:925} INFO - DAG(s) 'tutorial' retrieved from /Users/jayesh/Desktop/Personal Work/Movie_data_pipeline/.venv/lib/python3.9/site-packages/airflow/example_dags/tutorial.py
[2024-12-21T11:58:34.401+0530] {logging_mixin.py:190} INFO - [2024-12-21T11:58:34.401+0530] {dag.py:3239} INFO - Sync 1 DAGs
[2024-12-21T11:58:34.483+0530] {processor.py:208} INFO - Processing /Users/jayesh/Desktop/Personal Work/Movie_data_pipeline/.venv/lib/python3.9/site-packages/airflow/example_dags/tutorial.py took 0.461 seconds
[2024-12-21T12:00:14.847+0530] {processor.py:186} INFO - Started process (PID=7722) to work on /Users/jayesh/Desktop/Personal Work/Movie_data_pipeline/.venv/lib/python3.9/site-packages/airflow/example_dags/tutorial.py
[2024-12-21T12:00:14.849+0530] {processor.py:914} INFO - Processing file /Users/jayesh/Desktop/Personal Work/Movie_data_pipeline/.venv/lib/python3.9/site-packages/airflow/example_dags/tutorial.py for tasks to queue
[2024-12-21T12:00:14.853+0530] {logging_mixin.py:190} INFO - [2024-12-21T12:00:14.852+0530] {dagbag.py:588} INFO - Filling up the DagBag from /Users/jayesh/Desktop/Personal Work/Movie_data_pipeline/.venv/lib/python3.9/site-packages/airflow/example_dags/tutorial.py
[2024-12-21T12:00:14.866+0530] {processor.py:925} INFO - DAG(s) 'tutorial' retrieved from /Users/jayesh/Desktop/Personal Work/Movie_data_pipeline/.venv/lib/python3.9/site-packages/airflow/example_dags/tutorial.py
[2024-12-21T12:00:15.149+0530] {logging_mixin.py:190} INFO - [2024-12-21T12:00:15.148+0530] {dag.py:3239} INFO - Sync 1 DAGs
[2024-12-21T12:00:15.216+0530] {processor.py:208} INFO - Processing /Users/jayesh/Desktop/Personal Work/Movie_data_pipeline/.venv/lib/python3.9/site-packages/airflow/example_dags/tutorial.py took 0.375 seconds
[2024-12-21T12:01:50.292+0530] {processor.py:186} INFO - Started process (PID=8058) to work on /Users/jayesh/Desktop/Personal Work/Movie_data_pipeline/.venv/lib/python3.9/site-packages/airflow/example_dags/tutorial.py
[2024-12-21T12:01:50.295+0530] {processor.py:914} INFO - Processing file /Users/jayesh/Desktop/Personal Work/Movie_data_pipeline/.venv/lib/python3.9/site-packages/airflow/example_dags/tutorial.py for tasks to queue
[2024-12-21T12:01:50.297+0530] {logging_mixin.py:190} INFO - [2024-12-21T12:01:50.296+0530] {dagbag.py:588} INFO - Filling up the DagBag from /Users/jayesh/Desktop/Personal Work/Movie_data_pipeline/.venv/lib/python3.9/site-packages/airflow/example_dags/tutorial.py
[2024-12-21T12:01:50.311+0530] {processor.py:925} INFO - DAG(s) 'tutorial' retrieved from /Users/jayesh/Desktop/Personal Work/Movie_data_pipeline/.venv/lib/python3.9/site-packages/airflow/example_dags/tutorial.py
[2024-12-21T12:01:50.549+0530] {logging_mixin.py:190} INFO - [2024-12-21T12:01:50.549+0530] {dag.py:3239} INFO - Sync 1 DAGs
[2024-12-21T12:01:50.622+0530] {processor.py:208} INFO - Processing /Users/jayesh/Desktop/Personal Work/Movie_data_pipeline/.venv/lib/python3.9/site-packages/airflow/example_dags/tutorial.py took 0.337 seconds
[2024-12-21T12:03:34.522+0530] {processor.py:186} INFO - Started process (PID=8420) to work on /Users/jayesh/Desktop/Personal Work/Movie_data_pipeline/.venv/lib/python3.9/site-packages/airflow/example_dags/tutorial.py
[2024-12-21T12:03:34.525+0530] {processor.py:914} INFO - Processing file /Users/jayesh/Desktop/Personal Work/Movie_data_pipeline/.venv/lib/python3.9/site-packages/airflow/example_dags/tutorial.py for tasks to queue
[2024-12-21T12:03:34.527+0530] {logging_mixin.py:190} INFO - [2024-12-21T12:03:34.527+0530] {dagbag.py:588} INFO - Filling up the DagBag from /Users/jayesh/Desktop/Personal Work/Movie_data_pipeline/.venv/lib/python3.9/site-packages/airflow/example_dags/tutorial.py
[2024-12-21T12:03:34.546+0530] {processor.py:925} INFO - DAG(s) 'tutorial' retrieved from /Users/jayesh/Desktop/Personal Work/Movie_data_pipeline/.venv/lib/python3.9/site-packages/airflow/example_dags/tutorial.py
[2024-12-21T12:03:35.003+0530] {logging_mixin.py:190} INFO - [2024-12-21T12:03:35.003+0530] {dag.py:3239} INFO - Sync 1 DAGs
[2024-12-21T12:03:35.094+0530] {processor.py:208} INFO - Processing /Users/jayesh/Desktop/Personal Work/Movie_data_pipeline/.venv/lib/python3.9/site-packages/airflow/example_dags/tutorial.py took 0.578 seconds
[2024-12-21T12:05:27.895+0530] {processor.py:186} INFO - Started process (PID=8814) to work on /Users/jayesh/Desktop/Personal Work/Movie_data_pipeline/.venv/lib/python3.9/site-packages/airflow/example_dags/tutorial.py
[2024-12-21T12:05:27.898+0530] {processor.py:914} INFO - Processing file /Users/jayesh/Desktop/Personal Work/Movie_data_pipeline/.venv/lib/python3.9/site-packages/airflow/example_dags/tutorial.py for tasks to queue
[2024-12-21T12:05:27.900+0530] {logging_mixin.py:190} INFO - [2024-12-21T12:05:27.899+0530] {dagbag.py:588} INFO - Filling up the DagBag from /Users/jayesh/Desktop/Personal Work/Movie_data_pipeline/.venv/lib/python3.9/site-packages/airflow/example_dags/tutorial.py
[2024-12-21T12:05:27.914+0530] {processor.py:925} INFO - DAG(s) 'tutorial' retrieved from /Users/jayesh/Desktop/Personal Work/Movie_data_pipeline/.venv/lib/python3.9/site-packages/airflow/example_dags/tutorial.py
[2024-12-21T12:05:28.141+0530] {logging_mixin.py:190} INFO - [2024-12-21T12:05:28.140+0530] {dag.py:3239} INFO - Sync 1 DAGs
[2024-12-21T12:05:28.202+0530] {processor.py:208} INFO - Processing /Users/jayesh/Desktop/Personal Work/Movie_data_pipeline/.venv/lib/python3.9/site-packages/airflow/example_dags/tutorial.py took 0.312 seconds
[2024-12-21T22:32:11.602+0530] {processor.py:186} INFO - Started process (PID=15892) to work on /Users/jayesh/Desktop/Personal Work/Movie_data_pipeline/.venv/lib/python3.9/site-packages/airflow/example_dags/tutorial.py
[2024-12-21T22:32:11.606+0530] {processor.py:914} INFO - Processing file /Users/jayesh/Desktop/Personal Work/Movie_data_pipeline/.venv/lib/python3.9/site-packages/airflow/example_dags/tutorial.py for tasks to queue
[2024-12-21T22:32:11.615+0530] {logging_mixin.py:190} INFO - [2024-12-21T22:32:11.614+0530] {dagbag.py:588} INFO - Filling up the DagBag from /Users/jayesh/Desktop/Personal Work/Movie_data_pipeline/.venv/lib/python3.9/site-packages/airflow/example_dags/tutorial.py
[2024-12-21T22:32:11.643+0530] {processor.py:925} INFO - DAG(s) 'tutorial' retrieved from /Users/jayesh/Desktop/Personal Work/Movie_data_pipeline/.venv/lib/python3.9/site-packages/airflow/example_dags/tutorial.py
[2024-12-21T22:32:11.791+0530] {logging_mixin.py:190} INFO - [2024-12-21T22:32:11.790+0530] {dag.py:3239} INFO - Sync 1 DAGs
[2024-12-21T22:32:12.037+0530] {processor.py:208} INFO - Processing /Users/jayesh/Desktop/Personal Work/Movie_data_pipeline/.venv/lib/python3.9/site-packages/airflow/example_dags/tutorial.py took 0.457 seconds
[2024-12-21T22:32:43.978+0530] {processor.py:186} INFO - Started process (PID=16136) to work on /Users/jayesh/Desktop/Personal Work/Movie_data_pipeline/.venv/lib/python3.9/site-packages/airflow/example_dags/tutorial.py
[2024-12-21T22:32:43.984+0530] {processor.py:914} INFO - Processing file /Users/jayesh/Desktop/Personal Work/Movie_data_pipeline/.venv/lib/python3.9/site-packages/airflow/example_dags/tutorial.py for tasks to queue
[2024-12-21T22:32:43.997+0530] {logging_mixin.py:190} INFO - [2024-12-21T22:32:43.995+0530] {dagbag.py:588} INFO - Filling up the DagBag from /Users/jayesh/Desktop/Personal Work/Movie_data_pipeline/.venv/lib/python3.9/site-packages/airflow/example_dags/tutorial.py
[2024-12-21T22:32:44.038+0530] {processor.py:925} INFO - DAG(s) 'tutorial' retrieved from /Users/jayesh/Desktop/Personal Work/Movie_data_pipeline/.venv/lib/python3.9/site-packages/airflow/example_dags/tutorial.py
[2024-12-21T22:32:44.377+0530] {logging_mixin.py:190} INFO - [2024-12-21T22:32:44.375+0530] {dag.py:3239} INFO - Sync 1 DAGs
[2024-12-21T22:32:44.516+0530] {processor.py:208} INFO - Processing /Users/jayesh/Desktop/Personal Work/Movie_data_pipeline/.venv/lib/python3.9/site-packages/airflow/example_dags/tutorial.py took 0.597 seconds
[2024-12-21T22:33:14.967+0530] {processor.py:186} INFO - Started process (PID=16346) to work on /Users/jayesh/Desktop/Personal Work/Movie_data_pipeline/.venv/lib/python3.9/site-packages/airflow/example_dags/tutorial.py
[2024-12-21T22:33:14.970+0530] {processor.py:914} INFO - Processing file /Users/jayesh/Desktop/Personal Work/Movie_data_pipeline/.venv/lib/python3.9/site-packages/airflow/example_dags/tutorial.py for tasks to queue
[2024-12-21T22:33:14.979+0530] {logging_mixin.py:190} INFO - [2024-12-21T22:33:14.978+0530] {dagbag.py:588} INFO - Filling up the DagBag from /Users/jayesh/Desktop/Personal Work/Movie_data_pipeline/.venv/lib/python3.9/site-packages/airflow/example_dags/tutorial.py
[2024-12-21T22:33:15.010+0530] {processor.py:925} INFO - DAG(s) 'tutorial' retrieved from /Users/jayesh/Desktop/Personal Work/Movie_data_pipeline/.venv/lib/python3.9/site-packages/airflow/example_dags/tutorial.py
[2024-12-21T22:33:15.113+0530] {logging_mixin.py:190} INFO - [2024-12-21T22:33:15.112+0530] {dag.py:3239} INFO - Sync 1 DAGs
[2024-12-21T22:33:15.297+0530] {processor.py:208} INFO - Processing /Users/jayesh/Desktop/Personal Work/Movie_data_pipeline/.venv/lib/python3.9/site-packages/airflow/example_dags/tutorial.py took 0.354 seconds
[2024-12-21T22:33:45.993+0530] {processor.py:186} INFO - Started process (PID=16551) to work on /Users/jayesh/Desktop/Personal Work/Movie_data_pipeline/.venv/lib/python3.9/site-packages/airflow/example_dags/tutorial.py
[2024-12-21T22:33:45.995+0530] {processor.py:914} INFO - Processing file /Users/jayesh/Desktop/Personal Work/Movie_data_pipeline/.venv/lib/python3.9/site-packages/airflow/example_dags/tutorial.py for tasks to queue
[2024-12-21T22:33:46.000+0530] {logging_mixin.py:190} INFO - [2024-12-21T22:33:46.000+0530] {dagbag.py:588} INFO - Filling up the DagBag from /Users/jayesh/Desktop/Personal Work/Movie_data_pipeline/.venv/lib/python3.9/site-packages/airflow/example_dags/tutorial.py
[2024-12-21T22:33:46.022+0530] {processor.py:925} INFO - DAG(s) 'tutorial' retrieved from /Users/jayesh/Desktop/Personal Work/Movie_data_pipeline/.venv/lib/python3.9/site-packages/airflow/example_dags/tutorial.py
[2024-12-21T22:33:46.088+0530] {logging_mixin.py:190} INFO - [2024-12-21T22:33:46.087+0530] {dag.py:3239} INFO - Sync 1 DAGs
[2024-12-21T22:33:46.168+0530] {processor.py:208} INFO - Processing /Users/jayesh/Desktop/Personal Work/Movie_data_pipeline/.venv/lib/python3.9/site-packages/airflow/example_dags/tutorial.py took 0.190 seconds
[2024-12-21T23:52:52.279+0530] {processor.py:186} INFO - Started process (PID=18005) to work on /Users/jayesh/Desktop/Personal Work/Movie_data_pipeline/.venv/lib/python3.9/site-packages/airflow/example_dags/tutorial.py
[2024-12-21T23:52:52.283+0530] {processor.py:914} INFO - Processing file /Users/jayesh/Desktop/Personal Work/Movie_data_pipeline/.venv/lib/python3.9/site-packages/airflow/example_dags/tutorial.py for tasks to queue
[2024-12-21T23:52:52.290+0530] {logging_mixin.py:190} INFO - [2024-12-21T23:52:52.289+0530] {dagbag.py:588} INFO - Filling up the DagBag from /Users/jayesh/Desktop/Personal Work/Movie_data_pipeline/.venv/lib/python3.9/site-packages/airflow/example_dags/tutorial.py
[2024-12-21T23:52:52.402+0530] {processor.py:925} INFO - DAG(s) 'tutorial' retrieved from /Users/jayesh/Desktop/Personal Work/Movie_data_pipeline/.venv/lib/python3.9/site-packages/airflow/example_dags/tutorial.py
[2024-12-21T23:52:52.628+0530] {logging_mixin.py:190} INFO - [2024-12-21T23:52:52.627+0530] {dag.py:3239} INFO - Sync 1 DAGs
[2024-12-21T23:52:52.855+0530] {processor.py:208} INFO - Processing /Users/jayesh/Desktop/Personal Work/Movie_data_pipeline/.venv/lib/python3.9/site-packages/airflow/example_dags/tutorial.py took 0.594 seconds
[2024-12-21T23:53:23.330+0530] {processor.py:186} INFO - Started process (PID=18244) to work on /Users/jayesh/Desktop/Personal Work/Movie_data_pipeline/.venv/lib/python3.9/site-packages/airflow/example_dags/tutorial.py
[2024-12-21T23:53:23.332+0530] {processor.py:914} INFO - Processing file /Users/jayesh/Desktop/Personal Work/Movie_data_pipeline/.venv/lib/python3.9/site-packages/airflow/example_dags/tutorial.py for tasks to queue
[2024-12-21T23:53:23.345+0530] {logging_mixin.py:190} INFO - [2024-12-21T23:53:23.344+0530] {dagbag.py:588} INFO - Filling up the DagBag from /Users/jayesh/Desktop/Personal Work/Movie_data_pipeline/.venv/lib/python3.9/site-packages/airflow/example_dags/tutorial.py
[2024-12-21T23:53:23.410+0530] {processor.py:925} INFO - DAG(s) 'tutorial' retrieved from /Users/jayesh/Desktop/Personal Work/Movie_data_pipeline/.venv/lib/python3.9/site-packages/airflow/example_dags/tutorial.py
[2024-12-21T23:53:23.561+0530] {logging_mixin.py:190} INFO - [2024-12-21T23:53:23.560+0530] {dag.py:3239} INFO - Sync 1 DAGs
[2024-12-21T23:53:23.710+0530] {processor.py:208} INFO - Processing /Users/jayesh/Desktop/Personal Work/Movie_data_pipeline/.venv/lib/python3.9/site-packages/airflow/example_dags/tutorial.py took 0.403 seconds
