[2024-12-11T23:26:04.129+0530] {processor.py:186} INFO - Started process (PID=9543) to work on /Users/jayesh/Desktop/Personal Work/Movie_data_pipeline/.venv/lib/python3.12/site-packages/airflow/example_dags/example_params_trigger_ui.py
[2024-12-11T23:26:04.131+0530] {processor.py:914} INFO - Processing file /Users/jayesh/Desktop/Personal Work/Movie_data_pipeline/.venv/lib/python3.12/site-packages/airflow/example_dags/example_params_trigger_ui.py for tasks to queue
[2024-12-11T23:26:04.132+0530] {logging_mixin.py:190} INFO - [2024-12-11T23:26:04.132+0530] {dagbag.py:588} INFO - Filling up the DagBag from /Users/jayesh/Desktop/Personal Work/Movie_data_pipeline/.venv/lib/python3.12/site-packages/airflow/example_dags/example_params_trigger_ui.py
[2024-12-11T23:26:04.212+0530] {processor.py:925} INFO - DAG(s) 'example_params_trigger_ui' retrieved from /Users/jayesh/Desktop/Personal Work/Movie_data_pipeline/.venv/lib/python3.12/site-packages/airflow/example_dags/example_params_trigger_ui.py
[2024-12-11T23:26:04.639+0530] {logging_mixin.py:190} INFO - [2024-12-11T23:26:04.638+0530] {override.py:1911} INFO - Created Permission View: can edit on DAG:example_params_trigger_ui
[2024-12-11T23:26:04.652+0530] {logging_mixin.py:190} INFO - [2024-12-11T23:26:04.652+0530] {override.py:1911} INFO - Created Permission View: can read on DAG:example_params_trigger_ui
[2024-12-11T23:26:04.663+0530] {logging_mixin.py:190} INFO - [2024-12-11T23:26:04.663+0530] {override.py:1911} INFO - Created Permission View: can delete on DAG:example_params_trigger_ui
[2024-12-11T23:26:04.675+0530] {logging_mixin.py:190} INFO - [2024-12-11T23:26:04.675+0530] {override.py:1911} INFO - Created Permission View: menu access on DAG Run:example_params_trigger_ui
[2024-12-11T23:26:04.684+0530] {logging_mixin.py:190} INFO - [2024-12-11T23:26:04.683+0530] {override.py:1911} INFO - Created Permission View: can read on DAG Run:example_params_trigger_ui
[2024-12-11T23:26:04.693+0530] {logging_mixin.py:190} INFO - [2024-12-11T23:26:04.692+0530] {override.py:1911} INFO - Created Permission View: can delete on DAG Run:example_params_trigger_ui
[2024-12-11T23:26:04.701+0530] {logging_mixin.py:190} INFO - [2024-12-11T23:26:04.701+0530] {override.py:1911} INFO - Created Permission View: can create on DAG Run:example_params_trigger_ui
[2024-12-11T23:26:04.702+0530] {logging_mixin.py:190} INFO - [2024-12-11T23:26:04.701+0530] {dag.py:3239} INFO - Sync 1 DAGs
[2024-12-11T23:26:04.720+0530] {logging_mixin.py:190} INFO - [2024-12-11T23:26:04.720+0530] {dag.py:3262} INFO - Creating ORM DAG for example_params_trigger_ui
[2024-12-11T23:26:04.720+0530] {logging_mixin.py:190} INFO - [2024-12-11T23:26:04.720+0530] {dag.py:4180} INFO - Setting next_dagrun for example_params_trigger_ui to None, run_after=None
[2024-12-11T23:26:04.740+0530] {processor.py:208} INFO - Processing /Users/jayesh/Desktop/Personal Work/Movie_data_pipeline/.venv/lib/python3.12/site-packages/airflow/example_dags/example_params_trigger_ui.py took 0.616 seconds
[2024-12-11T23:30:14.040+0530] {processor.py:186} INFO - Started process (PID=9926) to work on /Users/jayesh/Desktop/Personal Work/Movie_data_pipeline/.venv/lib/python3.12/site-packages/airflow/example_dags/example_params_trigger_ui.py
[2024-12-11T23:30:14.044+0530] {processor.py:914} INFO - Processing file /Users/jayesh/Desktop/Personal Work/Movie_data_pipeline/.venv/lib/python3.12/site-packages/airflow/example_dags/example_params_trigger_ui.py for tasks to queue
[2024-12-11T23:30:14.046+0530] {logging_mixin.py:190} INFO - [2024-12-11T23:30:14.045+0530] {dagbag.py:588} INFO - Filling up the DagBag from /Users/jayesh/Desktop/Personal Work/Movie_data_pipeline/.venv/lib/python3.12/site-packages/airflow/example_dags/example_params_trigger_ui.py
[2024-12-11T23:30:14.104+0530] {processor.py:925} INFO - DAG(s) 'example_params_trigger_ui' retrieved from /Users/jayesh/Desktop/Personal Work/Movie_data_pipeline/.venv/lib/python3.12/site-packages/airflow/example_dags/example_params_trigger_ui.py
[2024-12-11T23:30:14.300+0530] {logging_mixin.py:190} INFO - [2024-12-11T23:30:14.299+0530] {dag.py:3239} INFO - Sync 1 DAGs
[2024-12-11T23:30:14.317+0530] {logging_mixin.py:190} INFO - [2024-12-11T23:30:14.317+0530] {dag.py:4180} INFO - Setting next_dagrun for example_params_trigger_ui to None, run_after=None
[2024-12-11T23:30:14.344+0530] {processor.py:208} INFO - Processing /Users/jayesh/Desktop/Personal Work/Movie_data_pipeline/.venv/lib/python3.12/site-packages/airflow/example_dags/example_params_trigger_ui.py took 0.307 seconds
[2024-12-11T23:34:21.046+0530] {processor.py:186} INFO - Started process (PID=10365) to work on /Users/jayesh/Desktop/Personal Work/Movie_data_pipeline/.venv/lib/python3.12/site-packages/airflow/example_dags/example_params_trigger_ui.py
[2024-12-11T23:34:21.049+0530] {processor.py:914} INFO - Processing file /Users/jayesh/Desktop/Personal Work/Movie_data_pipeline/.venv/lib/python3.12/site-packages/airflow/example_dags/example_params_trigger_ui.py for tasks to queue
[2024-12-11T23:34:21.051+0530] {logging_mixin.py:190} INFO - [2024-12-11T23:34:21.050+0530] {dagbag.py:588} INFO - Filling up the DagBag from /Users/jayesh/Desktop/Personal Work/Movie_data_pipeline/.venv/lib/python3.12/site-packages/airflow/example_dags/example_params_trigger_ui.py
[2024-12-11T23:34:21.116+0530] {processor.py:925} INFO - DAG(s) 'example_params_trigger_ui' retrieved from /Users/jayesh/Desktop/Personal Work/Movie_data_pipeline/.venv/lib/python3.12/site-packages/airflow/example_dags/example_params_trigger_ui.py
[2024-12-11T23:34:21.451+0530] {logging_mixin.py:190} INFO - [2024-12-11T23:34:21.451+0530] {dag.py:3239} INFO - Sync 1 DAGs
[2024-12-11T23:34:21.469+0530] {logging_mixin.py:190} INFO - [2024-12-11T23:34:21.468+0530] {dag.py:4180} INFO - Setting next_dagrun for example_params_trigger_ui to None, run_after=None
[2024-12-11T23:34:21.507+0530] {processor.py:208} INFO - Processing /Users/jayesh/Desktop/Personal Work/Movie_data_pipeline/.venv/lib/python3.12/site-packages/airflow/example_dags/example_params_trigger_ui.py took 0.465 seconds
[2024-12-11T23:37:55.538+0530] {processor.py:186} INFO - Started process (PID=10829) to work on /Users/jayesh/Desktop/Personal Work/Movie_data_pipeline/.venv/lib/python3.12/site-packages/airflow/example_dags/example_params_trigger_ui.py
[2024-12-11T23:37:55.542+0530] {processor.py:914} INFO - Processing file /Users/jayesh/Desktop/Personal Work/Movie_data_pipeline/.venv/lib/python3.12/site-packages/airflow/example_dags/example_params_trigger_ui.py for tasks to queue
[2024-12-11T23:37:55.546+0530] {logging_mixin.py:190} INFO - [2024-12-11T23:37:55.546+0530] {dagbag.py:588} INFO - Filling up the DagBag from /Users/jayesh/Desktop/Personal Work/Movie_data_pipeline/.venv/lib/python3.12/site-packages/airflow/example_dags/example_params_trigger_ui.py
[2024-12-11T23:37:55.610+0530] {processor.py:925} INFO - DAG(s) 'example_params_trigger_ui' retrieved from /Users/jayesh/Desktop/Personal Work/Movie_data_pipeline/.venv/lib/python3.12/site-packages/airflow/example_dags/example_params_trigger_ui.py
[2024-12-11T23:37:55.793+0530] {logging_mixin.py:190} INFO - [2024-12-11T23:37:55.793+0530] {dag.py:3239} INFO - Sync 1 DAGs
[2024-12-11T23:37:55.807+0530] {logging_mixin.py:190} INFO - [2024-12-11T23:37:55.807+0530] {dag.py:4180} INFO - Setting next_dagrun for example_params_trigger_ui to None, run_after=None
[2024-12-11T23:37:55.832+0530] {processor.py:208} INFO - Processing /Users/jayesh/Desktop/Personal Work/Movie_data_pipeline/.venv/lib/python3.12/site-packages/airflow/example_dags/example_params_trigger_ui.py took 0.299 seconds
[2024-12-11T23:43:02.587+0530] {processor.py:186} INFO - Started process (PID=11279) to work on /Users/jayesh/Desktop/Personal Work/Movie_data_pipeline/.venv/lib/python3.12/site-packages/airflow/example_dags/example_params_trigger_ui.py
[2024-12-11T23:43:02.590+0530] {processor.py:914} INFO - Processing file /Users/jayesh/Desktop/Personal Work/Movie_data_pipeline/.venv/lib/python3.12/site-packages/airflow/example_dags/example_params_trigger_ui.py for tasks to queue
[2024-12-11T23:43:02.592+0530] {logging_mixin.py:190} INFO - [2024-12-11T23:43:02.591+0530] {dagbag.py:588} INFO - Filling up the DagBag from /Users/jayesh/Desktop/Personal Work/Movie_data_pipeline/.venv/lib/python3.12/site-packages/airflow/example_dags/example_params_trigger_ui.py
[2024-12-11T23:43:02.669+0530] {processor.py:925} INFO - DAG(s) 'example_params_trigger_ui' retrieved from /Users/jayesh/Desktop/Personal Work/Movie_data_pipeline/.venv/lib/python3.12/site-packages/airflow/example_dags/example_params_trigger_ui.py
[2024-12-11T23:43:03.402+0530] {logging_mixin.py:190} INFO - [2024-12-11T23:43:03.400+0530] {dag.py:3239} INFO - Sync 1 DAGs
[2024-12-11T23:43:03.434+0530] {logging_mixin.py:190} INFO - [2024-12-11T23:43:03.433+0530] {dag.py:4180} INFO - Setting next_dagrun for example_params_trigger_ui to None, run_after=None
[2024-12-11T23:43:03.484+0530] {processor.py:208} INFO - Processing /Users/jayesh/Desktop/Personal Work/Movie_data_pipeline/.venv/lib/python3.12/site-packages/airflow/example_dags/example_params_trigger_ui.py took 0.906 seconds
[2024-12-11T23:47:39.449+0530] {processor.py:186} INFO - Started process (PID=11816) to work on /Users/jayesh/Desktop/Personal Work/Movie_data_pipeline/.venv/lib/python3.12/site-packages/airflow/example_dags/example_params_trigger_ui.py
[2024-12-11T23:47:39.451+0530] {processor.py:914} INFO - Processing file /Users/jayesh/Desktop/Personal Work/Movie_data_pipeline/.venv/lib/python3.12/site-packages/airflow/example_dags/example_params_trigger_ui.py for tasks to queue
[2024-12-11T23:47:39.453+0530] {logging_mixin.py:190} INFO - [2024-12-11T23:47:39.453+0530] {dagbag.py:588} INFO - Filling up the DagBag from /Users/jayesh/Desktop/Personal Work/Movie_data_pipeline/.venv/lib/python3.12/site-packages/airflow/example_dags/example_params_trigger_ui.py
[2024-12-11T23:47:39.515+0530] {processor.py:925} INFO - DAG(s) 'example_params_trigger_ui' retrieved from /Users/jayesh/Desktop/Personal Work/Movie_data_pipeline/.venv/lib/python3.12/site-packages/airflow/example_dags/example_params_trigger_ui.py
[2024-12-11T23:47:39.682+0530] {logging_mixin.py:190} INFO - [2024-12-11T23:47:39.682+0530] {dag.py:3239} INFO - Sync 1 DAGs
[2024-12-11T23:47:39.702+0530] {logging_mixin.py:190} INFO - [2024-12-11T23:47:39.702+0530] {dag.py:4180} INFO - Setting next_dagrun for example_params_trigger_ui to None, run_after=None
[2024-12-11T23:47:39.734+0530] {processor.py:208} INFO - Processing /Users/jayesh/Desktop/Personal Work/Movie_data_pipeline/.venv/lib/python3.12/site-packages/airflow/example_dags/example_params_trigger_ui.py took 0.290 seconds
[2024-12-11T23:50:43.860+0530] {processor.py:186} INFO - Started process (PID=12152) to work on /Users/jayesh/Desktop/Personal Work/Movie_data_pipeline/.venv/lib/python3.12/site-packages/airflow/example_dags/example_params_trigger_ui.py
[2024-12-11T23:50:43.862+0530] {processor.py:914} INFO - Processing file /Users/jayesh/Desktop/Personal Work/Movie_data_pipeline/.venv/lib/python3.12/site-packages/airflow/example_dags/example_params_trigger_ui.py for tasks to queue
[2024-12-11T23:50:43.864+0530] {logging_mixin.py:190} INFO - [2024-12-11T23:50:43.864+0530] {dagbag.py:588} INFO - Filling up the DagBag from /Users/jayesh/Desktop/Personal Work/Movie_data_pipeline/.venv/lib/python3.12/site-packages/airflow/example_dags/example_params_trigger_ui.py
[2024-12-11T23:50:43.911+0530] {processor.py:925} INFO - DAG(s) 'example_params_trigger_ui' retrieved from /Users/jayesh/Desktop/Personal Work/Movie_data_pipeline/.venv/lib/python3.12/site-packages/airflow/example_dags/example_params_trigger_ui.py
[2024-12-11T23:50:44.057+0530] {logging_mixin.py:190} INFO - [2024-12-11T23:50:44.057+0530] {dag.py:3239} INFO - Sync 1 DAGs
[2024-12-11T23:50:44.070+0530] {logging_mixin.py:190} INFO - [2024-12-11T23:50:44.069+0530] {dag.py:4180} INFO - Setting next_dagrun for example_params_trigger_ui to None, run_after=None
[2024-12-11T23:50:44.091+0530] {processor.py:208} INFO - Processing /Users/jayesh/Desktop/Personal Work/Movie_data_pipeline/.venv/lib/python3.12/site-packages/airflow/example_dags/example_params_trigger_ui.py took 0.235 seconds
[2024-12-11T23:53:34.698+0530] {processor.py:186} INFO - Started process (PID=12432) to work on /Users/jayesh/Desktop/Personal Work/Movie_data_pipeline/.venv/lib/python3.12/site-packages/airflow/example_dags/example_params_trigger_ui.py
[2024-12-11T23:53:34.701+0530] {processor.py:914} INFO - Processing file /Users/jayesh/Desktop/Personal Work/Movie_data_pipeline/.venv/lib/python3.12/site-packages/airflow/example_dags/example_params_trigger_ui.py for tasks to queue
[2024-12-11T23:53:34.703+0530] {logging_mixin.py:190} INFO - [2024-12-11T23:53:34.703+0530] {dagbag.py:588} INFO - Filling up the DagBag from /Users/jayesh/Desktop/Personal Work/Movie_data_pipeline/.venv/lib/python3.12/site-packages/airflow/example_dags/example_params_trigger_ui.py
[2024-12-11T23:53:34.762+0530] {processor.py:925} INFO - DAG(s) 'example_params_trigger_ui' retrieved from /Users/jayesh/Desktop/Personal Work/Movie_data_pipeline/.venv/lib/python3.12/site-packages/airflow/example_dags/example_params_trigger_ui.py
[2024-12-11T23:53:34.955+0530] {logging_mixin.py:190} INFO - [2024-12-11T23:53:34.954+0530] {dag.py:3239} INFO - Sync 1 DAGs
[2024-12-11T23:53:34.970+0530] {logging_mixin.py:190} INFO - [2024-12-11T23:53:34.970+0530] {dag.py:4180} INFO - Setting next_dagrun for example_params_trigger_ui to None, run_after=None
[2024-12-11T23:53:34.995+0530] {processor.py:208} INFO - Processing /Users/jayesh/Desktop/Personal Work/Movie_data_pipeline/.venv/lib/python3.12/site-packages/airflow/example_dags/example_params_trigger_ui.py took 0.300 seconds
[2024-12-11T23:56:27.092+0530] {processor.py:186} INFO - Started process (PID=12735) to work on /Users/jayesh/Desktop/Personal Work/Movie_data_pipeline/.venv/lib/python3.12/site-packages/airflow/example_dags/example_params_trigger_ui.py
[2024-12-11T23:56:27.094+0530] {processor.py:914} INFO - Processing file /Users/jayesh/Desktop/Personal Work/Movie_data_pipeline/.venv/lib/python3.12/site-packages/airflow/example_dags/example_params_trigger_ui.py for tasks to queue
[2024-12-11T23:56:27.096+0530] {logging_mixin.py:190} INFO - [2024-12-11T23:56:27.096+0530] {dagbag.py:588} INFO - Filling up the DagBag from /Users/jayesh/Desktop/Personal Work/Movie_data_pipeline/.venv/lib/python3.12/site-packages/airflow/example_dags/example_params_trigger_ui.py
[2024-12-11T23:56:27.143+0530] {processor.py:925} INFO - DAG(s) 'example_params_trigger_ui' retrieved from /Users/jayesh/Desktop/Personal Work/Movie_data_pipeline/.venv/lib/python3.12/site-packages/airflow/example_dags/example_params_trigger_ui.py
[2024-12-11T23:56:27.304+0530] {logging_mixin.py:190} INFO - [2024-12-11T23:56:27.304+0530] {dag.py:3239} INFO - Sync 1 DAGs
[2024-12-11T23:56:27.320+0530] {logging_mixin.py:190} INFO - [2024-12-11T23:56:27.320+0530] {dag.py:4180} INFO - Setting next_dagrun for example_params_trigger_ui to None, run_after=None
[2024-12-11T23:56:27.343+0530] {processor.py:208} INFO - Processing /Users/jayesh/Desktop/Personal Work/Movie_data_pipeline/.venv/lib/python3.12/site-packages/airflow/example_dags/example_params_trigger_ui.py took 0.255 seconds
[2024-12-11T23:59:20.665+0530] {processor.py:186} INFO - Started process (PID=13009) to work on /Users/jayesh/Desktop/Personal Work/Movie_data_pipeline/.venv/lib/python3.12/site-packages/airflow/example_dags/example_params_trigger_ui.py
[2024-12-11T23:59:20.668+0530] {processor.py:914} INFO - Processing file /Users/jayesh/Desktop/Personal Work/Movie_data_pipeline/.venv/lib/python3.12/site-packages/airflow/example_dags/example_params_trigger_ui.py for tasks to queue
[2024-12-11T23:59:20.669+0530] {logging_mixin.py:190} INFO - [2024-12-11T23:59:20.669+0530] {dagbag.py:588} INFO - Filling up the DagBag from /Users/jayesh/Desktop/Personal Work/Movie_data_pipeline/.venv/lib/python3.12/site-packages/airflow/example_dags/example_params_trigger_ui.py
[2024-12-11T23:59:20.721+0530] {processor.py:925} INFO - DAG(s) 'example_params_trigger_ui' retrieved from /Users/jayesh/Desktop/Personal Work/Movie_data_pipeline/.venv/lib/python3.12/site-packages/airflow/example_dags/example_params_trigger_ui.py
[2024-12-11T23:59:20.880+0530] {logging_mixin.py:190} INFO - [2024-12-11T23:59:20.880+0530] {dag.py:3239} INFO - Sync 1 DAGs
[2024-12-11T23:59:20.894+0530] {logging_mixin.py:190} INFO - [2024-12-11T23:59:20.893+0530] {dag.py:4180} INFO - Setting next_dagrun for example_params_trigger_ui to None, run_after=None
[2024-12-11T23:59:20.918+0530] {processor.py:208} INFO - Processing /Users/jayesh/Desktop/Personal Work/Movie_data_pipeline/.venv/lib/python3.12/site-packages/airflow/example_dags/example_params_trigger_ui.py took 0.257 seconds
[2024-12-12T00:02:14.841+0530] {processor.py:186} INFO - Started process (PID=13294) to work on /Users/jayesh/Desktop/Personal Work/Movie_data_pipeline/.venv/lib/python3.12/site-packages/airflow/example_dags/example_params_trigger_ui.py
[2024-12-12T00:02:14.843+0530] {processor.py:914} INFO - Processing file /Users/jayesh/Desktop/Personal Work/Movie_data_pipeline/.venv/lib/python3.12/site-packages/airflow/example_dags/example_params_trigger_ui.py for tasks to queue
[2024-12-12T00:02:14.845+0530] {logging_mixin.py:190} INFO - [2024-12-12T00:02:14.844+0530] {dagbag.py:588} INFO - Filling up the DagBag from /Users/jayesh/Desktop/Personal Work/Movie_data_pipeline/.venv/lib/python3.12/site-packages/airflow/example_dags/example_params_trigger_ui.py
[2024-12-12T00:02:14.894+0530] {processor.py:925} INFO - DAG(s) 'example_params_trigger_ui' retrieved from /Users/jayesh/Desktop/Personal Work/Movie_data_pipeline/.venv/lib/python3.12/site-packages/airflow/example_dags/example_params_trigger_ui.py
[2024-12-12T00:02:15.052+0530] {logging_mixin.py:190} INFO - [2024-12-12T00:02:15.051+0530] {dag.py:3239} INFO - Sync 1 DAGs
[2024-12-12T00:02:15.068+0530] {logging_mixin.py:190} INFO - [2024-12-12T00:02:15.068+0530] {dag.py:4180} INFO - Setting next_dagrun for example_params_trigger_ui to None, run_after=None
[2024-12-12T00:02:15.093+0530] {processor.py:208} INFO - Processing /Users/jayesh/Desktop/Personal Work/Movie_data_pipeline/.venv/lib/python3.12/site-packages/airflow/example_dags/example_params_trigger_ui.py took 0.257 seconds
[2024-12-12T00:05:07.599+0530] {processor.py:186} INFO - Started process (PID=13565) to work on /Users/jayesh/Desktop/Personal Work/Movie_data_pipeline/.venv/lib/python3.12/site-packages/airflow/example_dags/example_params_trigger_ui.py
[2024-12-12T00:05:07.601+0530] {processor.py:914} INFO - Processing file /Users/jayesh/Desktop/Personal Work/Movie_data_pipeline/.venv/lib/python3.12/site-packages/airflow/example_dags/example_params_trigger_ui.py for tasks to queue
[2024-12-12T00:05:07.603+0530] {logging_mixin.py:190} INFO - [2024-12-12T00:05:07.603+0530] {dagbag.py:588} INFO - Filling up the DagBag from /Users/jayesh/Desktop/Personal Work/Movie_data_pipeline/.venv/lib/python3.12/site-packages/airflow/example_dags/example_params_trigger_ui.py
[2024-12-12T00:05:07.655+0530] {processor.py:925} INFO - DAG(s) 'example_params_trigger_ui' retrieved from /Users/jayesh/Desktop/Personal Work/Movie_data_pipeline/.venv/lib/python3.12/site-packages/airflow/example_dags/example_params_trigger_ui.py
[2024-12-12T00:05:07.813+0530] {logging_mixin.py:190} INFO - [2024-12-12T00:05:07.813+0530] {dag.py:3239} INFO - Sync 1 DAGs
[2024-12-12T00:05:07.831+0530] {logging_mixin.py:190} INFO - [2024-12-12T00:05:07.831+0530] {dag.py:4180} INFO - Setting next_dagrun for example_params_trigger_ui to None, run_after=None
[2024-12-12T00:05:07.856+0530] {processor.py:208} INFO - Processing /Users/jayesh/Desktop/Personal Work/Movie_data_pipeline/.venv/lib/python3.12/site-packages/airflow/example_dags/example_params_trigger_ui.py took 0.261 seconds
[2024-12-12T00:08:02.254+0530] {processor.py:186} INFO - Started process (PID=13842) to work on /Users/jayesh/Desktop/Personal Work/Movie_data_pipeline/.venv/lib/python3.12/site-packages/airflow/example_dags/example_params_trigger_ui.py
[2024-12-12T00:08:02.257+0530] {processor.py:914} INFO - Processing file /Users/jayesh/Desktop/Personal Work/Movie_data_pipeline/.venv/lib/python3.12/site-packages/airflow/example_dags/example_params_trigger_ui.py for tasks to queue
[2024-12-12T00:08:02.259+0530] {logging_mixin.py:190} INFO - [2024-12-12T00:08:02.259+0530] {dagbag.py:588} INFO - Filling up the DagBag from /Users/jayesh/Desktop/Personal Work/Movie_data_pipeline/.venv/lib/python3.12/site-packages/airflow/example_dags/example_params_trigger_ui.py
[2024-12-12T00:08:02.309+0530] {processor.py:925} INFO - DAG(s) 'example_params_trigger_ui' retrieved from /Users/jayesh/Desktop/Personal Work/Movie_data_pipeline/.venv/lib/python3.12/site-packages/airflow/example_dags/example_params_trigger_ui.py
[2024-12-12T00:08:02.465+0530] {logging_mixin.py:190} INFO - [2024-12-12T00:08:02.464+0530] {dag.py:3239} INFO - Sync 1 DAGs
[2024-12-12T00:08:02.478+0530] {logging_mixin.py:190} INFO - [2024-12-12T00:08:02.478+0530] {dag.py:4180} INFO - Setting next_dagrun for example_params_trigger_ui to None, run_after=None
[2024-12-12T00:08:02.504+0530] {processor.py:208} INFO - Processing /Users/jayesh/Desktop/Personal Work/Movie_data_pipeline/.venv/lib/python3.12/site-packages/airflow/example_dags/example_params_trigger_ui.py took 0.253 seconds
[2024-12-12T00:10:58.090+0530] {processor.py:186} INFO - Started process (PID=14113) to work on /Users/jayesh/Desktop/Personal Work/Movie_data_pipeline/.venv/lib/python3.12/site-packages/airflow/example_dags/example_params_trigger_ui.py
[2024-12-12T00:10:58.092+0530] {processor.py:914} INFO - Processing file /Users/jayesh/Desktop/Personal Work/Movie_data_pipeline/.venv/lib/python3.12/site-packages/airflow/example_dags/example_params_trigger_ui.py for tasks to queue
[2024-12-12T00:10:58.094+0530] {logging_mixin.py:190} INFO - [2024-12-12T00:10:58.094+0530] {dagbag.py:588} INFO - Filling up the DagBag from /Users/jayesh/Desktop/Personal Work/Movie_data_pipeline/.venv/lib/python3.12/site-packages/airflow/example_dags/example_params_trigger_ui.py
[2024-12-12T00:10:58.148+0530] {processor.py:925} INFO - DAG(s) 'example_params_trigger_ui' retrieved from /Users/jayesh/Desktop/Personal Work/Movie_data_pipeline/.venv/lib/python3.12/site-packages/airflow/example_dags/example_params_trigger_ui.py
[2024-12-12T00:10:58.315+0530] {logging_mixin.py:190} INFO - [2024-12-12T00:10:58.314+0530] {dag.py:3239} INFO - Sync 1 DAGs
[2024-12-12T00:10:58.328+0530] {logging_mixin.py:190} INFO - [2024-12-12T00:10:58.327+0530] {dag.py:4180} INFO - Setting next_dagrun for example_params_trigger_ui to None, run_after=None
[2024-12-12T00:10:58.353+0530] {processor.py:208} INFO - Processing /Users/jayesh/Desktop/Personal Work/Movie_data_pipeline/.venv/lib/python3.12/site-packages/airflow/example_dags/example_params_trigger_ui.py took 0.266 seconds
[2024-12-12T00:13:51.449+0530] {processor.py:186} INFO - Started process (PID=14398) to work on /Users/jayesh/Desktop/Personal Work/Movie_data_pipeline/.venv/lib/python3.12/site-packages/airflow/example_dags/example_params_trigger_ui.py
[2024-12-12T00:13:51.452+0530] {processor.py:914} INFO - Processing file /Users/jayesh/Desktop/Personal Work/Movie_data_pipeline/.venv/lib/python3.12/site-packages/airflow/example_dags/example_params_trigger_ui.py for tasks to queue
[2024-12-12T00:13:51.454+0530] {logging_mixin.py:190} INFO - [2024-12-12T00:13:51.453+0530] {dagbag.py:588} INFO - Filling up the DagBag from /Users/jayesh/Desktop/Personal Work/Movie_data_pipeline/.venv/lib/python3.12/site-packages/airflow/example_dags/example_params_trigger_ui.py
[2024-12-12T00:13:51.505+0530] {processor.py:925} INFO - DAG(s) 'example_params_trigger_ui' retrieved from /Users/jayesh/Desktop/Personal Work/Movie_data_pipeline/.venv/lib/python3.12/site-packages/airflow/example_dags/example_params_trigger_ui.py
[2024-12-12T00:13:51.660+0530] {logging_mixin.py:190} INFO - [2024-12-12T00:13:51.660+0530] {dag.py:3239} INFO - Sync 1 DAGs
[2024-12-12T00:13:51.672+0530] {logging_mixin.py:190} INFO - [2024-12-12T00:13:51.672+0530] {dag.py:4180} INFO - Setting next_dagrun for example_params_trigger_ui to None, run_after=None
[2024-12-12T00:13:51.696+0530] {processor.py:208} INFO - Processing /Users/jayesh/Desktop/Personal Work/Movie_data_pipeline/.venv/lib/python3.12/site-packages/airflow/example_dags/example_params_trigger_ui.py took 0.251 seconds
[2024-12-12T00:16:43.785+0530] {processor.py:186} INFO - Started process (PID=14671) to work on /Users/jayesh/Desktop/Personal Work/Movie_data_pipeline/.venv/lib/python3.12/site-packages/airflow/example_dags/example_params_trigger_ui.py
[2024-12-12T00:16:43.788+0530] {processor.py:914} INFO - Processing file /Users/jayesh/Desktop/Personal Work/Movie_data_pipeline/.venv/lib/python3.12/site-packages/airflow/example_dags/example_params_trigger_ui.py for tasks to queue
[2024-12-12T00:16:43.790+0530] {logging_mixin.py:190} INFO - [2024-12-12T00:16:43.789+0530] {dagbag.py:588} INFO - Filling up the DagBag from /Users/jayesh/Desktop/Personal Work/Movie_data_pipeline/.venv/lib/python3.12/site-packages/airflow/example_dags/example_params_trigger_ui.py
[2024-12-12T00:16:43.837+0530] {processor.py:925} INFO - DAG(s) 'example_params_trigger_ui' retrieved from /Users/jayesh/Desktop/Personal Work/Movie_data_pipeline/.venv/lib/python3.12/site-packages/airflow/example_dags/example_params_trigger_ui.py
[2024-12-12T00:16:43.991+0530] {logging_mixin.py:190} INFO - [2024-12-12T00:16:43.990+0530] {dag.py:3239} INFO - Sync 1 DAGs
[2024-12-12T00:16:44.004+0530] {logging_mixin.py:190} INFO - [2024-12-12T00:16:44.004+0530] {dag.py:4180} INFO - Setting next_dagrun for example_params_trigger_ui to None, run_after=None
[2024-12-12T00:16:44.027+0530] {processor.py:208} INFO - Processing /Users/jayesh/Desktop/Personal Work/Movie_data_pipeline/.venv/lib/python3.12/site-packages/airflow/example_dags/example_params_trigger_ui.py took 0.246 seconds
[2024-12-12T00:19:38.395+0530] {processor.py:186} INFO - Started process (PID=14954) to work on /Users/jayesh/Desktop/Personal Work/Movie_data_pipeline/.venv/lib/python3.12/site-packages/airflow/example_dags/example_params_trigger_ui.py
[2024-12-12T00:19:38.397+0530] {processor.py:914} INFO - Processing file /Users/jayesh/Desktop/Personal Work/Movie_data_pipeline/.venv/lib/python3.12/site-packages/airflow/example_dags/example_params_trigger_ui.py for tasks to queue
[2024-12-12T00:19:38.398+0530] {logging_mixin.py:190} INFO - [2024-12-12T00:19:38.398+0530] {dagbag.py:588} INFO - Filling up the DagBag from /Users/jayesh/Desktop/Personal Work/Movie_data_pipeline/.venv/lib/python3.12/site-packages/airflow/example_dags/example_params_trigger_ui.py
[2024-12-12T00:19:38.445+0530] {processor.py:925} INFO - DAG(s) 'example_params_trigger_ui' retrieved from /Users/jayesh/Desktop/Personal Work/Movie_data_pipeline/.venv/lib/python3.12/site-packages/airflow/example_dags/example_params_trigger_ui.py
[2024-12-12T00:19:38.596+0530] {logging_mixin.py:190} INFO - [2024-12-12T00:19:38.596+0530] {dag.py:3239} INFO - Sync 1 DAGs
[2024-12-12T00:19:38.609+0530] {logging_mixin.py:190} INFO - [2024-12-12T00:19:38.609+0530] {dag.py:4180} INFO - Setting next_dagrun for example_params_trigger_ui to None, run_after=None
[2024-12-12T00:19:38.633+0530] {processor.py:208} INFO - Processing /Users/jayesh/Desktop/Personal Work/Movie_data_pipeline/.venv/lib/python3.12/site-packages/airflow/example_dags/example_params_trigger_ui.py took 0.242 seconds
[2024-12-12T00:22:48.014+0530] {processor.py:186} INFO - Started process (PID=15247) to work on /Users/jayesh/Desktop/Personal Work/Movie_data_pipeline/.venv/lib/python3.12/site-packages/airflow/example_dags/example_params_trigger_ui.py
[2024-12-12T00:22:48.016+0530] {processor.py:914} INFO - Processing file /Users/jayesh/Desktop/Personal Work/Movie_data_pipeline/.venv/lib/python3.12/site-packages/airflow/example_dags/example_params_trigger_ui.py for tasks to queue
[2024-12-12T00:22:48.018+0530] {logging_mixin.py:190} INFO - [2024-12-12T00:22:48.018+0530] {dagbag.py:588} INFO - Filling up the DagBag from /Users/jayesh/Desktop/Personal Work/Movie_data_pipeline/.venv/lib/python3.12/site-packages/airflow/example_dags/example_params_trigger_ui.py
[2024-12-12T00:22:48.066+0530] {processor.py:925} INFO - DAG(s) 'example_params_trigger_ui' retrieved from /Users/jayesh/Desktop/Personal Work/Movie_data_pipeline/.venv/lib/python3.12/site-packages/airflow/example_dags/example_params_trigger_ui.py
[2024-12-12T00:22:48.220+0530] {logging_mixin.py:190} INFO - [2024-12-12T00:22:48.219+0530] {dag.py:3239} INFO - Sync 1 DAGs
[2024-12-12T00:22:48.235+0530] {logging_mixin.py:190} INFO - [2024-12-12T00:22:48.234+0530] {dag.py:4180} INFO - Setting next_dagrun for example_params_trigger_ui to None, run_after=None
[2024-12-12T00:22:48.257+0530] {processor.py:208} INFO - Processing /Users/jayesh/Desktop/Personal Work/Movie_data_pipeline/.venv/lib/python3.12/site-packages/airflow/example_dags/example_params_trigger_ui.py took 0.247 seconds
[2024-12-12T00:26:29.651+0530] {processor.py:186} INFO - Started process (PID=15608) to work on /Users/jayesh/Desktop/Personal Work/Movie_data_pipeline/.venv/lib/python3.12/site-packages/airflow/example_dags/example_params_trigger_ui.py
[2024-12-12T00:26:29.653+0530] {processor.py:914} INFO - Processing file /Users/jayesh/Desktop/Personal Work/Movie_data_pipeline/.venv/lib/python3.12/site-packages/airflow/example_dags/example_params_trigger_ui.py for tasks to queue
[2024-12-12T00:26:29.655+0530] {logging_mixin.py:190} INFO - [2024-12-12T00:26:29.654+0530] {dagbag.py:588} INFO - Filling up the DagBag from /Users/jayesh/Desktop/Personal Work/Movie_data_pipeline/.venv/lib/python3.12/site-packages/airflow/example_dags/example_params_trigger_ui.py
[2024-12-12T00:26:29.704+0530] {processor.py:925} INFO - DAG(s) 'example_params_trigger_ui' retrieved from /Users/jayesh/Desktop/Personal Work/Movie_data_pipeline/.venv/lib/python3.12/site-packages/airflow/example_dags/example_params_trigger_ui.py
[2024-12-12T00:26:29.856+0530] {logging_mixin.py:190} INFO - [2024-12-12T00:26:29.855+0530] {dag.py:3239} INFO - Sync 1 DAGs
[2024-12-12T00:26:29.869+0530] {logging_mixin.py:190} INFO - [2024-12-12T00:26:29.869+0530] {dag.py:4180} INFO - Setting next_dagrun for example_params_trigger_ui to None, run_after=None
[2024-12-12T00:26:29.892+0530] {processor.py:208} INFO - Processing /Users/jayesh/Desktop/Personal Work/Movie_data_pipeline/.venv/lib/python3.12/site-packages/airflow/example_dags/example_params_trigger_ui.py took 0.245 seconds
