[2024-12-11T23:26:12.457+0530] {processor.py:186} INFO - Started process (PID=9554) to work on /Users/jayesh/Desktop/Personal Work/Movie_data_pipeline/.venv/lib/python3.12/site-packages/airflow/example_dags/example_nested_branch_dag.py
[2024-12-11T23:26:12.458+0530] {processor.py:914} INFO - Processing file /Users/jayesh/Desktop/Personal Work/Movie_data_pipeline/.venv/lib/python3.12/site-packages/airflow/example_dags/example_nested_branch_dag.py for tasks to queue
[2024-12-11T23:26:12.460+0530] {logging_mixin.py:190} INFO - [2024-12-11T23:26:12.459+0530] {dagbag.py:588} INFO - Filling up the DagBag from /Users/jayesh/Desktop/Personal Work/Movie_data_pipeline/.venv/lib/python3.12/site-packages/airflow/example_dags/example_nested_branch_dag.py
[2024-12-11T23:26:12.519+0530] {processor.py:925} INFO - DAG(s) 'example_nested_branch_dag' retrieved from /Users/jayesh/Desktop/Personal Work/Movie_data_pipeline/.venv/lib/python3.12/site-packages/airflow/example_dags/example_nested_branch_dag.py
[2024-12-11T23:26:12.897+0530] {logging_mixin.py:190} INFO - [2024-12-11T23:26:12.897+0530] {override.py:1911} INFO - Created Permission View: can read on DAG:example_nested_branch_dag
[2024-12-11T23:26:12.910+0530] {logging_mixin.py:190} INFO - [2024-12-11T23:26:12.910+0530] {override.py:1911} INFO - Created Permission View: can delete on DAG:example_nested_branch_dag
[2024-12-11T23:26:12.920+0530] {logging_mixin.py:190} INFO - [2024-12-11T23:26:12.919+0530] {override.py:1911} INFO - Created Permission View: can edit on DAG:example_nested_branch_dag
[2024-12-11T23:26:12.932+0530] {logging_mixin.py:190} INFO - [2024-12-11T23:26:12.932+0530] {override.py:1911} INFO - Created Permission View: can read on DAG Run:example_nested_branch_dag
[2024-12-11T23:26:12.944+0530] {logging_mixin.py:190} INFO - [2024-12-11T23:26:12.944+0530] {override.py:1911} INFO - Created Permission View: can create on DAG Run:example_nested_branch_dag
[2024-12-11T23:26:12.953+0530] {logging_mixin.py:190} INFO - [2024-12-11T23:26:12.953+0530] {override.py:1911} INFO - Created Permission View: menu access on DAG Run:example_nested_branch_dag
[2024-12-11T23:26:12.964+0530] {logging_mixin.py:190} INFO - [2024-12-11T23:26:12.964+0530] {override.py:1911} INFO - Created Permission View: can delete on DAG Run:example_nested_branch_dag
[2024-12-11T23:26:12.965+0530] {logging_mixin.py:190} INFO - [2024-12-11T23:26:12.965+0530] {dag.py:3239} INFO - Sync 1 DAGs
[2024-12-11T23:26:12.984+0530] {logging_mixin.py:190} INFO - [2024-12-11T23:26:12.984+0530] {dag.py:3262} INFO - Creating ORM DAG for example_nested_branch_dag
[2024-12-11T23:26:12.997+0530] {logging_mixin.py:190} INFO - [2024-12-11T23:26:12.996+0530] {dag.py:4180} INFO - Setting next_dagrun for example_nested_branch_dag to 2024-12-10 00:00:00+00:00, run_after=2024-12-11 00:00:00+00:00
[2024-12-11T23:26:13.020+0530] {processor.py:208} INFO - Processing /Users/jayesh/Desktop/Personal Work/Movie_data_pipeline/.venv/lib/python3.12/site-packages/airflow/example_dags/example_nested_branch_dag.py took 0.568 seconds
[2024-12-11T23:30:22.345+0530] {processor.py:186} INFO - Started process (PID=9936) to work on /Users/jayesh/Desktop/Personal Work/Movie_data_pipeline/.venv/lib/python3.12/site-packages/airflow/example_dags/example_nested_branch_dag.py
[2024-12-11T23:30:22.348+0530] {processor.py:914} INFO - Processing file /Users/jayesh/Desktop/Personal Work/Movie_data_pipeline/.venv/lib/python3.12/site-packages/airflow/example_dags/example_nested_branch_dag.py for tasks to queue
[2024-12-11T23:30:22.350+0530] {logging_mixin.py:190} INFO - [2024-12-11T23:30:22.350+0530] {dagbag.py:588} INFO - Filling up the DagBag from /Users/jayesh/Desktop/Personal Work/Movie_data_pipeline/.venv/lib/python3.12/site-packages/airflow/example_dags/example_nested_branch_dag.py
[2024-12-11T23:30:22.416+0530] {processor.py:925} INFO - DAG(s) 'example_nested_branch_dag' retrieved from /Users/jayesh/Desktop/Personal Work/Movie_data_pipeline/.venv/lib/python3.12/site-packages/airflow/example_dags/example_nested_branch_dag.py
[2024-12-11T23:30:22.612+0530] {logging_mixin.py:190} INFO - [2024-12-11T23:30:22.612+0530] {dag.py:3239} INFO - Sync 1 DAGs
[2024-12-11T23:30:22.636+0530] {logging_mixin.py:190} INFO - [2024-12-11T23:30:22.636+0530] {dag.py:4180} INFO - Setting next_dagrun for example_nested_branch_dag to 2024-12-10 00:00:00+00:00, run_after=2024-12-11 00:00:00+00:00
[2024-12-11T23:30:22.662+0530] {processor.py:208} INFO - Processing /Users/jayesh/Desktop/Personal Work/Movie_data_pipeline/.venv/lib/python3.12/site-packages/airflow/example_dags/example_nested_branch_dag.py took 0.322 seconds
[2024-12-11T23:34:32.222+0530] {processor.py:186} INFO - Started process (PID=10387) to work on /Users/jayesh/Desktop/Personal Work/Movie_data_pipeline/.venv/lib/python3.12/site-packages/airflow/example_dags/example_nested_branch_dag.py
[2024-12-11T23:34:32.231+0530] {processor.py:914} INFO - Processing file /Users/jayesh/Desktop/Personal Work/Movie_data_pipeline/.venv/lib/python3.12/site-packages/airflow/example_dags/example_nested_branch_dag.py for tasks to queue
[2024-12-11T23:34:32.233+0530] {logging_mixin.py:190} INFO - [2024-12-11T23:34:32.232+0530] {dagbag.py:588} INFO - Filling up the DagBag from /Users/jayesh/Desktop/Personal Work/Movie_data_pipeline/.venv/lib/python3.12/site-packages/airflow/example_dags/example_nested_branch_dag.py
[2024-12-11T23:34:32.322+0530] {processor.py:925} INFO - DAG(s) 'example_nested_branch_dag' retrieved from /Users/jayesh/Desktop/Personal Work/Movie_data_pipeline/.venv/lib/python3.12/site-packages/airflow/example_dags/example_nested_branch_dag.py
[2024-12-11T23:34:32.760+0530] {logging_mixin.py:190} INFO - [2024-12-11T23:34:32.758+0530] {dag.py:3239} INFO - Sync 1 DAGs
[2024-12-11T23:34:32.798+0530] {logging_mixin.py:190} INFO - [2024-12-11T23:34:32.798+0530] {dag.py:4180} INFO - Setting next_dagrun for example_nested_branch_dag to 2024-12-10 00:00:00+00:00, run_after=2024-12-11 00:00:00+00:00
[2024-12-11T23:34:32.846+0530] {processor.py:208} INFO - Processing /Users/jayesh/Desktop/Personal Work/Movie_data_pipeline/.venv/lib/python3.12/site-packages/airflow/example_dags/example_nested_branch_dag.py took 0.636 seconds
[2024-12-11T23:38:08.431+0530] {processor.py:186} INFO - Started process (PID=10851) to work on /Users/jayesh/Desktop/Personal Work/Movie_data_pipeline/.venv/lib/python3.12/site-packages/airflow/example_dags/example_nested_branch_dag.py
[2024-12-11T23:38:08.436+0530] {processor.py:914} INFO - Processing file /Users/jayesh/Desktop/Personal Work/Movie_data_pipeline/.venv/lib/python3.12/site-packages/airflow/example_dags/example_nested_branch_dag.py for tasks to queue
[2024-12-11T23:38:08.439+0530] {logging_mixin.py:190} INFO - [2024-12-11T23:38:08.438+0530] {dagbag.py:588} INFO - Filling up the DagBag from /Users/jayesh/Desktop/Personal Work/Movie_data_pipeline/.venv/lib/python3.12/site-packages/airflow/example_dags/example_nested_branch_dag.py
[2024-12-11T23:38:08.516+0530] {processor.py:925} INFO - DAG(s) 'example_nested_branch_dag' retrieved from /Users/jayesh/Desktop/Personal Work/Movie_data_pipeline/.venv/lib/python3.12/site-packages/airflow/example_dags/example_nested_branch_dag.py
[2024-12-11T23:38:08.679+0530] {logging_mixin.py:190} INFO - [2024-12-11T23:38:08.679+0530] {dag.py:3239} INFO - Sync 1 DAGs
[2024-12-11T23:38:08.707+0530] {logging_mixin.py:190} INFO - [2024-12-11T23:38:08.707+0530] {dag.py:4180} INFO - Setting next_dagrun for example_nested_branch_dag to 2024-12-10 00:00:00+00:00, run_after=2024-12-11 00:00:00+00:00
[2024-12-11T23:38:08.735+0530] {processor.py:208} INFO - Processing /Users/jayesh/Desktop/Personal Work/Movie_data_pipeline/.venv/lib/python3.12/site-packages/airflow/example_dags/example_nested_branch_dag.py took 0.308 seconds
[2024-12-11T23:43:16.819+0530] {processor.py:186} INFO - Started process (PID=11296) to work on /Users/jayesh/Desktop/Personal Work/Movie_data_pipeline/.venv/lib/python3.12/site-packages/airflow/example_dags/example_nested_branch_dag.py
[2024-12-11T23:43:16.823+0530] {processor.py:914} INFO - Processing file /Users/jayesh/Desktop/Personal Work/Movie_data_pipeline/.venv/lib/python3.12/site-packages/airflow/example_dags/example_nested_branch_dag.py for tasks to queue
[2024-12-11T23:43:16.826+0530] {logging_mixin.py:190} INFO - [2024-12-11T23:43:16.825+0530] {dagbag.py:588} INFO - Filling up the DagBag from /Users/jayesh/Desktop/Personal Work/Movie_data_pipeline/.venv/lib/python3.12/site-packages/airflow/example_dags/example_nested_branch_dag.py
[2024-12-11T23:43:16.979+0530] {processor.py:925} INFO - DAG(s) 'example_nested_branch_dag' retrieved from /Users/jayesh/Desktop/Personal Work/Movie_data_pipeline/.venv/lib/python3.12/site-packages/airflow/example_dags/example_nested_branch_dag.py
[2024-12-11T23:43:17.328+0530] {logging_mixin.py:190} INFO - [2024-12-11T23:43:17.320+0530] {dag.py:3239} INFO - Sync 1 DAGs
[2024-12-11T23:43:17.413+0530] {logging_mixin.py:190} INFO - [2024-12-11T23:43:17.412+0530] {dag.py:4180} INFO - Setting next_dagrun for example_nested_branch_dag to 2024-12-10 00:00:00+00:00, run_after=2024-12-11 00:00:00+00:00
[2024-12-11T23:43:17.474+0530] {processor.py:208} INFO - Processing /Users/jayesh/Desktop/Personal Work/Movie_data_pipeline/.venv/lib/python3.12/site-packages/airflow/example_dags/example_nested_branch_dag.py took 0.662 seconds
[2024-12-11T23:47:47.756+0530] {processor.py:186} INFO - Started process (PID=11833) to work on /Users/jayesh/Desktop/Personal Work/Movie_data_pipeline/.venv/lib/python3.12/site-packages/airflow/example_dags/example_nested_branch_dag.py
[2024-12-11T23:47:47.759+0530] {processor.py:914} INFO - Processing file /Users/jayesh/Desktop/Personal Work/Movie_data_pipeline/.venv/lib/python3.12/site-packages/airflow/example_dags/example_nested_branch_dag.py for tasks to queue
[2024-12-11T23:47:47.761+0530] {logging_mixin.py:190} INFO - [2024-12-11T23:47:47.760+0530] {dagbag.py:588} INFO - Filling up the DagBag from /Users/jayesh/Desktop/Personal Work/Movie_data_pipeline/.venv/lib/python3.12/site-packages/airflow/example_dags/example_nested_branch_dag.py
[2024-12-11T23:47:47.868+0530] {processor.py:925} INFO - DAG(s) 'example_nested_branch_dag' retrieved from /Users/jayesh/Desktop/Personal Work/Movie_data_pipeline/.venv/lib/python3.12/site-packages/airflow/example_dags/example_nested_branch_dag.py
[2024-12-11T23:47:48.084+0530] {logging_mixin.py:190} INFO - [2024-12-11T23:47:48.083+0530] {dag.py:3239} INFO - Sync 1 DAGs
[2024-12-11T23:47:48.122+0530] {logging_mixin.py:190} INFO - [2024-12-11T23:47:48.122+0530] {dag.py:4180} INFO - Setting next_dagrun for example_nested_branch_dag to 2024-12-10 00:00:00+00:00, run_after=2024-12-11 00:00:00+00:00
[2024-12-11T23:47:48.164+0530] {processor.py:208} INFO - Processing /Users/jayesh/Desktop/Personal Work/Movie_data_pipeline/.venv/lib/python3.12/site-packages/airflow/example_dags/example_nested_branch_dag.py took 0.415 seconds
[2024-12-11T23:50:51.147+0530] {processor.py:186} INFO - Started process (PID=12161) to work on /Users/jayesh/Desktop/Personal Work/Movie_data_pipeline/.venv/lib/python3.12/site-packages/airflow/example_dags/example_nested_branch_dag.py
[2024-12-11T23:50:51.149+0530] {processor.py:914} INFO - Processing file /Users/jayesh/Desktop/Personal Work/Movie_data_pipeline/.venv/lib/python3.12/site-packages/airflow/example_dags/example_nested_branch_dag.py for tasks to queue
[2024-12-11T23:50:51.151+0530] {logging_mixin.py:190} INFO - [2024-12-11T23:50:51.150+0530] {dagbag.py:588} INFO - Filling up the DagBag from /Users/jayesh/Desktop/Personal Work/Movie_data_pipeline/.venv/lib/python3.12/site-packages/airflow/example_dags/example_nested_branch_dag.py
[2024-12-11T23:50:51.203+0530] {processor.py:925} INFO - DAG(s) 'example_nested_branch_dag' retrieved from /Users/jayesh/Desktop/Personal Work/Movie_data_pipeline/.venv/lib/python3.12/site-packages/airflow/example_dags/example_nested_branch_dag.py
[2024-12-11T23:50:51.321+0530] {logging_mixin.py:190} INFO - [2024-12-11T23:50:51.320+0530] {dag.py:3239} INFO - Sync 1 DAGs
[2024-12-11T23:50:51.342+0530] {logging_mixin.py:190} INFO - [2024-12-11T23:50:51.342+0530] {dag.py:4180} INFO - Setting next_dagrun for example_nested_branch_dag to 2024-12-10 00:00:00+00:00, run_after=2024-12-11 00:00:00+00:00
[2024-12-11T23:50:51.365+0530] {processor.py:208} INFO - Processing /Users/jayesh/Desktop/Personal Work/Movie_data_pipeline/.venv/lib/python3.12/site-packages/airflow/example_dags/example_nested_branch_dag.py took 0.222 seconds
[2024-12-11T23:53:42.371+0530] {processor.py:186} INFO - Started process (PID=12454) to work on /Users/jayesh/Desktop/Personal Work/Movie_data_pipeline/.venv/lib/python3.12/site-packages/airflow/example_dags/example_nested_branch_dag.py
[2024-12-11T23:53:42.373+0530] {processor.py:914} INFO - Processing file /Users/jayesh/Desktop/Personal Work/Movie_data_pipeline/.venv/lib/python3.12/site-packages/airflow/example_dags/example_nested_branch_dag.py for tasks to queue
[2024-12-11T23:53:42.375+0530] {logging_mixin.py:190} INFO - [2024-12-11T23:53:42.375+0530] {dagbag.py:588} INFO - Filling up the DagBag from /Users/jayesh/Desktop/Personal Work/Movie_data_pipeline/.venv/lib/python3.12/site-packages/airflow/example_dags/example_nested_branch_dag.py
[2024-12-11T23:53:42.429+0530] {processor.py:925} INFO - DAG(s) 'example_nested_branch_dag' retrieved from /Users/jayesh/Desktop/Personal Work/Movie_data_pipeline/.venv/lib/python3.12/site-packages/airflow/example_dags/example_nested_branch_dag.py
[2024-12-11T23:53:42.562+0530] {logging_mixin.py:190} INFO - [2024-12-11T23:53:42.562+0530] {dag.py:3239} INFO - Sync 1 DAGs
[2024-12-11T23:53:42.583+0530] {logging_mixin.py:190} INFO - [2024-12-11T23:53:42.583+0530] {dag.py:4180} INFO - Setting next_dagrun for example_nested_branch_dag to 2024-12-10 00:00:00+00:00, run_after=2024-12-11 00:00:00+00:00
[2024-12-11T23:53:42.607+0530] {processor.py:208} INFO - Processing /Users/jayesh/Desktop/Personal Work/Movie_data_pipeline/.venv/lib/python3.12/site-packages/airflow/example_dags/example_nested_branch_dag.py took 0.242 seconds
[2024-12-11T23:56:33.733+0530] {processor.py:186} INFO - Started process (PID=12745) to work on /Users/jayesh/Desktop/Personal Work/Movie_data_pipeline/.venv/lib/python3.12/site-packages/airflow/example_dags/example_nested_branch_dag.py
[2024-12-11T23:56:33.735+0530] {processor.py:914} INFO - Processing file /Users/jayesh/Desktop/Personal Work/Movie_data_pipeline/.venv/lib/python3.12/site-packages/airflow/example_dags/example_nested_branch_dag.py for tasks to queue
[2024-12-11T23:56:33.737+0530] {logging_mixin.py:190} INFO - [2024-12-11T23:56:33.737+0530] {dagbag.py:588} INFO - Filling up the DagBag from /Users/jayesh/Desktop/Personal Work/Movie_data_pipeline/.venv/lib/python3.12/site-packages/airflow/example_dags/example_nested_branch_dag.py
[2024-12-11T23:56:33.787+0530] {processor.py:925} INFO - DAG(s) 'example_nested_branch_dag' retrieved from /Users/jayesh/Desktop/Personal Work/Movie_data_pipeline/.venv/lib/python3.12/site-packages/airflow/example_dags/example_nested_branch_dag.py
[2024-12-11T23:56:33.910+0530] {logging_mixin.py:190} INFO - [2024-12-11T23:56:33.909+0530] {dag.py:3239} INFO - Sync 1 DAGs
[2024-12-11T23:56:33.931+0530] {logging_mixin.py:190} INFO - [2024-12-11T23:56:33.931+0530] {dag.py:4180} INFO - Setting next_dagrun for example_nested_branch_dag to 2024-12-10 00:00:00+00:00, run_after=2024-12-11 00:00:00+00:00
[2024-12-11T23:56:33.955+0530] {processor.py:208} INFO - Processing /Users/jayesh/Desktop/Personal Work/Movie_data_pipeline/.venv/lib/python3.12/site-packages/airflow/example_dags/example_nested_branch_dag.py took 0.226 seconds
[2024-12-11T23:59:27.569+0530] {processor.py:186} INFO - Started process (PID=13020) to work on /Users/jayesh/Desktop/Personal Work/Movie_data_pipeline/.venv/lib/python3.12/site-packages/airflow/example_dags/example_nested_branch_dag.py
[2024-12-11T23:59:27.572+0530] {processor.py:914} INFO - Processing file /Users/jayesh/Desktop/Personal Work/Movie_data_pipeline/.venv/lib/python3.12/site-packages/airflow/example_dags/example_nested_branch_dag.py for tasks to queue
[2024-12-11T23:59:27.573+0530] {logging_mixin.py:190} INFO - [2024-12-11T23:59:27.573+0530] {dagbag.py:588} INFO - Filling up the DagBag from /Users/jayesh/Desktop/Personal Work/Movie_data_pipeline/.venv/lib/python3.12/site-packages/airflow/example_dags/example_nested_branch_dag.py
[2024-12-11T23:59:27.621+0530] {processor.py:925} INFO - DAG(s) 'example_nested_branch_dag' retrieved from /Users/jayesh/Desktop/Personal Work/Movie_data_pipeline/.venv/lib/python3.12/site-packages/airflow/example_dags/example_nested_branch_dag.py
[2024-12-11T23:59:27.750+0530] {logging_mixin.py:190} INFO - [2024-12-11T23:59:27.750+0530] {dag.py:3239} INFO - Sync 1 DAGs
[2024-12-11T23:59:27.775+0530] {logging_mixin.py:190} INFO - [2024-12-11T23:59:27.775+0530] {dag.py:4180} INFO - Setting next_dagrun for example_nested_branch_dag to 2024-12-10 00:00:00+00:00, run_after=2024-12-11 00:00:00+00:00
[2024-12-11T23:59:27.799+0530] {processor.py:208} INFO - Processing /Users/jayesh/Desktop/Personal Work/Movie_data_pipeline/.venv/lib/python3.12/site-packages/airflow/example_dags/example_nested_branch_dag.py took 0.233 seconds
[2024-12-12T00:02:21.653+0530] {processor.py:186} INFO - Started process (PID=13303) to work on /Users/jayesh/Desktop/Personal Work/Movie_data_pipeline/.venv/lib/python3.12/site-packages/airflow/example_dags/example_nested_branch_dag.py
[2024-12-12T00:02:21.656+0530] {processor.py:914} INFO - Processing file /Users/jayesh/Desktop/Personal Work/Movie_data_pipeline/.venv/lib/python3.12/site-packages/airflow/example_dags/example_nested_branch_dag.py for tasks to queue
[2024-12-12T00:02:21.658+0530] {logging_mixin.py:190} INFO - [2024-12-12T00:02:21.657+0530] {dagbag.py:588} INFO - Filling up the DagBag from /Users/jayesh/Desktop/Personal Work/Movie_data_pipeline/.venv/lib/python3.12/site-packages/airflow/example_dags/example_nested_branch_dag.py
[2024-12-12T00:02:21.704+0530] {processor.py:925} INFO - DAG(s) 'example_nested_branch_dag' retrieved from /Users/jayesh/Desktop/Personal Work/Movie_data_pipeline/.venv/lib/python3.12/site-packages/airflow/example_dags/example_nested_branch_dag.py
[2024-12-12T00:02:21.839+0530] {logging_mixin.py:190} INFO - [2024-12-12T00:02:21.839+0530] {dag.py:3239} INFO - Sync 1 DAGs
[2024-12-12T00:02:21.860+0530] {logging_mixin.py:190} INFO - [2024-12-12T00:02:21.860+0530] {dag.py:4180} INFO - Setting next_dagrun for example_nested_branch_dag to 2024-12-10 00:00:00+00:00, run_after=2024-12-11 00:00:00+00:00
[2024-12-12T00:02:21.884+0530] {processor.py:208} INFO - Processing /Users/jayesh/Desktop/Personal Work/Movie_data_pipeline/.venv/lib/python3.12/site-packages/airflow/example_dags/example_nested_branch_dag.py took 0.235 seconds
[2024-12-12T00:05:15.437+0530] {processor.py:186} INFO - Started process (PID=13580) to work on /Users/jayesh/Desktop/Personal Work/Movie_data_pipeline/.venv/lib/python3.12/site-packages/airflow/example_dags/example_nested_branch_dag.py
[2024-12-12T00:05:15.440+0530] {processor.py:914} INFO - Processing file /Users/jayesh/Desktop/Personal Work/Movie_data_pipeline/.venv/lib/python3.12/site-packages/airflow/example_dags/example_nested_branch_dag.py for tasks to queue
[2024-12-12T00:05:15.441+0530] {logging_mixin.py:190} INFO - [2024-12-12T00:05:15.441+0530] {dagbag.py:588} INFO - Filling up the DagBag from /Users/jayesh/Desktop/Personal Work/Movie_data_pipeline/.venv/lib/python3.12/site-packages/airflow/example_dags/example_nested_branch_dag.py
[2024-12-12T00:05:15.489+0530] {processor.py:925} INFO - DAG(s) 'example_nested_branch_dag' retrieved from /Users/jayesh/Desktop/Personal Work/Movie_data_pipeline/.venv/lib/python3.12/site-packages/airflow/example_dags/example_nested_branch_dag.py
[2024-12-12T00:05:15.613+0530] {logging_mixin.py:190} INFO - [2024-12-12T00:05:15.613+0530] {dag.py:3239} INFO - Sync 1 DAGs
[2024-12-12T00:05:15.636+0530] {logging_mixin.py:190} INFO - [2024-12-12T00:05:15.636+0530] {dag.py:4180} INFO - Setting next_dagrun for example_nested_branch_dag to 2024-12-10 00:00:00+00:00, run_after=2024-12-11 00:00:00+00:00
[2024-12-12T00:05:15.664+0530] {processor.py:208} INFO - Processing /Users/jayesh/Desktop/Personal Work/Movie_data_pipeline/.venv/lib/python3.12/site-packages/airflow/example_dags/example_nested_branch_dag.py took 0.231 seconds
[2024-12-12T00:08:09.184+0530] {processor.py:186} INFO - Started process (PID=13854) to work on /Users/jayesh/Desktop/Personal Work/Movie_data_pipeline/.venv/lib/python3.12/site-packages/airflow/example_dags/example_nested_branch_dag.py
[2024-12-12T00:08:09.186+0530] {processor.py:914} INFO - Processing file /Users/jayesh/Desktop/Personal Work/Movie_data_pipeline/.venv/lib/python3.12/site-packages/airflow/example_dags/example_nested_branch_dag.py for tasks to queue
[2024-12-12T00:08:09.188+0530] {logging_mixin.py:190} INFO - [2024-12-12T00:08:09.187+0530] {dagbag.py:588} INFO - Filling up the DagBag from /Users/jayesh/Desktop/Personal Work/Movie_data_pipeline/.venv/lib/python3.12/site-packages/airflow/example_dags/example_nested_branch_dag.py
[2024-12-12T00:08:09.242+0530] {processor.py:925} INFO - DAG(s) 'example_nested_branch_dag' retrieved from /Users/jayesh/Desktop/Personal Work/Movie_data_pipeline/.venv/lib/python3.12/site-packages/airflow/example_dags/example_nested_branch_dag.py
[2024-12-12T00:08:09.371+0530] {logging_mixin.py:190} INFO - [2024-12-12T00:08:09.371+0530] {dag.py:3239} INFO - Sync 1 DAGs
[2024-12-12T00:08:09.395+0530] {logging_mixin.py:190} INFO - [2024-12-12T00:08:09.395+0530] {dag.py:4180} INFO - Setting next_dagrun for example_nested_branch_dag to 2024-12-10 00:00:00+00:00, run_after=2024-12-11 00:00:00+00:00
[2024-12-12T00:08:09.419+0530] {processor.py:208} INFO - Processing /Users/jayesh/Desktop/Personal Work/Movie_data_pipeline/.venv/lib/python3.12/site-packages/airflow/example_dags/example_nested_branch_dag.py took 0.239 seconds
[2024-12-12T00:11:05.754+0530] {processor.py:186} INFO - Started process (PID=14123) to work on /Users/jayesh/Desktop/Personal Work/Movie_data_pipeline/.venv/lib/python3.12/site-packages/airflow/example_dags/example_nested_branch_dag.py
[2024-12-12T00:11:05.759+0530] {processor.py:914} INFO - Processing file /Users/jayesh/Desktop/Personal Work/Movie_data_pipeline/.venv/lib/python3.12/site-packages/airflow/example_dags/example_nested_branch_dag.py for tasks to queue
[2024-12-12T00:11:05.761+0530] {logging_mixin.py:190} INFO - [2024-12-12T00:11:05.761+0530] {dagbag.py:588} INFO - Filling up the DagBag from /Users/jayesh/Desktop/Personal Work/Movie_data_pipeline/.venv/lib/python3.12/site-packages/airflow/example_dags/example_nested_branch_dag.py
[2024-12-12T00:11:05.834+0530] {processor.py:925} INFO - DAG(s) 'example_nested_branch_dag' retrieved from /Users/jayesh/Desktop/Personal Work/Movie_data_pipeline/.venv/lib/python3.12/site-packages/airflow/example_dags/example_nested_branch_dag.py
[2024-12-12T00:11:05.975+0530] {logging_mixin.py:190} INFO - [2024-12-12T00:11:05.975+0530] {dag.py:3239} INFO - Sync 1 DAGs
[2024-12-12T00:11:06.000+0530] {logging_mixin.py:190} INFO - [2024-12-12T00:11:06.000+0530] {dag.py:4180} INFO - Setting next_dagrun for example_nested_branch_dag to 2024-12-10 00:00:00+00:00, run_after=2024-12-11 00:00:00+00:00
[2024-12-12T00:11:06.026+0530] {processor.py:208} INFO - Processing /Users/jayesh/Desktop/Personal Work/Movie_data_pipeline/.venv/lib/python3.12/site-packages/airflow/example_dags/example_nested_branch_dag.py took 0.281 seconds
[2024-12-12T00:13:59.146+0530] {processor.py:186} INFO - Started process (PID=14409) to work on /Users/jayesh/Desktop/Personal Work/Movie_data_pipeline/.venv/lib/python3.12/site-packages/airflow/example_dags/example_nested_branch_dag.py
[2024-12-12T00:13:59.148+0530] {processor.py:914} INFO - Processing file /Users/jayesh/Desktop/Personal Work/Movie_data_pipeline/.venv/lib/python3.12/site-packages/airflow/example_dags/example_nested_branch_dag.py for tasks to queue
[2024-12-12T00:13:59.149+0530] {logging_mixin.py:190} INFO - [2024-12-12T00:13:59.149+0530] {dagbag.py:588} INFO - Filling up the DagBag from /Users/jayesh/Desktop/Personal Work/Movie_data_pipeline/.venv/lib/python3.12/site-packages/airflow/example_dags/example_nested_branch_dag.py
[2024-12-12T00:13:59.206+0530] {processor.py:925} INFO - DAG(s) 'example_nested_branch_dag' retrieved from /Users/jayesh/Desktop/Personal Work/Movie_data_pipeline/.venv/lib/python3.12/site-packages/airflow/example_dags/example_nested_branch_dag.py
[2024-12-12T00:13:59.364+0530] {logging_mixin.py:190} INFO - [2024-12-12T00:13:59.363+0530] {dag.py:3239} INFO - Sync 1 DAGs
[2024-12-12T00:13:59.391+0530] {logging_mixin.py:190} INFO - [2024-12-12T00:13:59.390+0530] {dag.py:4180} INFO - Setting next_dagrun for example_nested_branch_dag to 2024-12-10 00:00:00+00:00, run_after=2024-12-11 00:00:00+00:00
[2024-12-12T00:13:59.419+0530] {processor.py:208} INFO - Processing /Users/jayesh/Desktop/Personal Work/Movie_data_pipeline/.venv/lib/python3.12/site-packages/airflow/example_dags/example_nested_branch_dag.py took 0.278 seconds
[2024-12-12T00:16:51.433+0530] {processor.py:186} INFO - Started process (PID=14681) to work on /Users/jayesh/Desktop/Personal Work/Movie_data_pipeline/.venv/lib/python3.12/site-packages/airflow/example_dags/example_nested_branch_dag.py
[2024-12-12T00:16:51.436+0530] {processor.py:914} INFO - Processing file /Users/jayesh/Desktop/Personal Work/Movie_data_pipeline/.venv/lib/python3.12/site-packages/airflow/example_dags/example_nested_branch_dag.py for tasks to queue
[2024-12-12T00:16:51.438+0530] {logging_mixin.py:190} INFO - [2024-12-12T00:16:51.438+0530] {dagbag.py:588} INFO - Filling up the DagBag from /Users/jayesh/Desktop/Personal Work/Movie_data_pipeline/.venv/lib/python3.12/site-packages/airflow/example_dags/example_nested_branch_dag.py
[2024-12-12T00:16:51.486+0530] {processor.py:925} INFO - DAG(s) 'example_nested_branch_dag' retrieved from /Users/jayesh/Desktop/Personal Work/Movie_data_pipeline/.venv/lib/python3.12/site-packages/airflow/example_dags/example_nested_branch_dag.py
[2024-12-12T00:16:51.602+0530] {logging_mixin.py:190} INFO - [2024-12-12T00:16:51.601+0530] {dag.py:3239} INFO - Sync 1 DAGs
[2024-12-12T00:16:51.623+0530] {logging_mixin.py:190} INFO - [2024-12-12T00:16:51.622+0530] {dag.py:4180} INFO - Setting next_dagrun for example_nested_branch_dag to 2024-12-10 00:00:00+00:00, run_after=2024-12-11 00:00:00+00:00
[2024-12-12T00:16:51.646+0530] {processor.py:208} INFO - Processing /Users/jayesh/Desktop/Personal Work/Movie_data_pipeline/.venv/lib/python3.12/site-packages/airflow/example_dags/example_nested_branch_dag.py took 0.217 seconds
[2024-12-12T00:19:45.802+0530] {processor.py:186} INFO - Started process (PID=14965) to work on /Users/jayesh/Desktop/Personal Work/Movie_data_pipeline/.venv/lib/python3.12/site-packages/airflow/example_dags/example_nested_branch_dag.py
[2024-12-12T00:19:45.807+0530] {processor.py:914} INFO - Processing file /Users/jayesh/Desktop/Personal Work/Movie_data_pipeline/.venv/lib/python3.12/site-packages/airflow/example_dags/example_nested_branch_dag.py for tasks to queue
[2024-12-12T00:19:45.808+0530] {logging_mixin.py:190} INFO - [2024-12-12T00:19:45.808+0530] {dagbag.py:588} INFO - Filling up the DagBag from /Users/jayesh/Desktop/Personal Work/Movie_data_pipeline/.venv/lib/python3.12/site-packages/airflow/example_dags/example_nested_branch_dag.py
[2024-12-12T00:19:45.867+0530] {processor.py:925} INFO - DAG(s) 'example_nested_branch_dag' retrieved from /Users/jayesh/Desktop/Personal Work/Movie_data_pipeline/.venv/lib/python3.12/site-packages/airflow/example_dags/example_nested_branch_dag.py
[2024-12-12T00:19:46.043+0530] {logging_mixin.py:190} INFO - [2024-12-12T00:19:46.042+0530] {dag.py:3239} INFO - Sync 1 DAGs
[2024-12-12T00:19:46.065+0530] {logging_mixin.py:190} INFO - [2024-12-12T00:19:46.065+0530] {dag.py:4180} INFO - Setting next_dagrun for example_nested_branch_dag to 2024-12-10 00:00:00+00:00, run_after=2024-12-11 00:00:00+00:00
[2024-12-12T00:19:46.089+0530] {processor.py:208} INFO - Processing /Users/jayesh/Desktop/Personal Work/Movie_data_pipeline/.venv/lib/python3.12/site-packages/airflow/example_dags/example_nested_branch_dag.py took 0.290 seconds
[2024-12-12T00:22:54.811+0530] {processor.py:186} INFO - Started process (PID=15257) to work on /Users/jayesh/Desktop/Personal Work/Movie_data_pipeline/.venv/lib/python3.12/site-packages/airflow/example_dags/example_nested_branch_dag.py
[2024-12-12T00:22:54.813+0530] {processor.py:914} INFO - Processing file /Users/jayesh/Desktop/Personal Work/Movie_data_pipeline/.venv/lib/python3.12/site-packages/airflow/example_dags/example_nested_branch_dag.py for tasks to queue
[2024-12-12T00:22:54.815+0530] {logging_mixin.py:190} INFO - [2024-12-12T00:22:54.815+0530] {dagbag.py:588} INFO - Filling up the DagBag from /Users/jayesh/Desktop/Personal Work/Movie_data_pipeline/.venv/lib/python3.12/site-packages/airflow/example_dags/example_nested_branch_dag.py
[2024-12-12T00:22:54.865+0530] {processor.py:925} INFO - DAG(s) 'example_nested_branch_dag' retrieved from /Users/jayesh/Desktop/Personal Work/Movie_data_pipeline/.venv/lib/python3.12/site-packages/airflow/example_dags/example_nested_branch_dag.py
[2024-12-12T00:22:54.999+0530] {logging_mixin.py:190} INFO - [2024-12-12T00:22:54.998+0530] {dag.py:3239} INFO - Sync 1 DAGs
[2024-12-12T00:22:55.024+0530] {logging_mixin.py:190} INFO - [2024-12-12T00:22:55.024+0530] {dag.py:4180} INFO - Setting next_dagrun for example_nested_branch_dag to 2024-12-10 00:00:00+00:00, run_after=2024-12-11 00:00:00+00:00
[2024-12-12T00:22:55.051+0530] {processor.py:208} INFO - Processing /Users/jayesh/Desktop/Personal Work/Movie_data_pipeline/.venv/lib/python3.12/site-packages/airflow/example_dags/example_nested_branch_dag.py took 0.244 seconds
[2024-12-12T00:26:36.904+0530] {processor.py:186} INFO - Started process (PID=15620) to work on /Users/jayesh/Desktop/Personal Work/Movie_data_pipeline/.venv/lib/python3.12/site-packages/airflow/example_dags/example_nested_branch_dag.py
[2024-12-12T00:26:36.906+0530] {processor.py:914} INFO - Processing file /Users/jayesh/Desktop/Personal Work/Movie_data_pipeline/.venv/lib/python3.12/site-packages/airflow/example_dags/example_nested_branch_dag.py for tasks to queue
[2024-12-12T00:26:36.907+0530] {logging_mixin.py:190} INFO - [2024-12-12T00:26:36.907+0530] {dagbag.py:588} INFO - Filling up the DagBag from /Users/jayesh/Desktop/Personal Work/Movie_data_pipeline/.venv/lib/python3.12/site-packages/airflow/example_dags/example_nested_branch_dag.py
[2024-12-12T00:26:36.961+0530] {processor.py:925} INFO - DAG(s) 'example_nested_branch_dag' retrieved from /Users/jayesh/Desktop/Personal Work/Movie_data_pipeline/.venv/lib/python3.12/site-packages/airflow/example_dags/example_nested_branch_dag.py
[2024-12-12T00:26:37.099+0530] {logging_mixin.py:190} INFO - [2024-12-12T00:26:37.099+0530] {dag.py:3239} INFO - Sync 1 DAGs
[2024-12-12T00:26:37.121+0530] {logging_mixin.py:190} INFO - [2024-12-12T00:26:37.121+0530] {dag.py:4180} INFO - Setting next_dagrun for example_nested_branch_dag to 2024-12-10 00:00:00+00:00, run_after=2024-12-11 00:00:00+00:00
[2024-12-12T00:26:37.147+0530] {processor.py:208} INFO - Processing /Users/jayesh/Desktop/Personal Work/Movie_data_pipeline/.venv/lib/python3.12/site-packages/airflow/example_dags/example_nested_branch_dag.py took 0.247 seconds
