[2024-12-11T23:24:28.019+0530] {processor.py:186} INFO - Started process (PID=9338) to work on /Users/jayesh/Desktop/Personal Work/Movie_data_pipeline/.venv/lib/python3.12/site-packages/airflow/example_dags/example_trigger_controller_dag.py
[2024-12-11T23:24:28.021+0530] {processor.py:914} INFO - Processing file /Users/jayesh/Desktop/Personal Work/Movie_data_pipeline/.venv/lib/python3.12/site-packages/airflow/example_dags/example_trigger_controller_dag.py for tasks to queue
[2024-12-11T23:24:28.025+0530] {logging_mixin.py:190} INFO - [2024-12-11T23:24:28.025+0530] {dagbag.py:588} INFO - Filling up the DagBag from /Users/jayesh/Desktop/Personal Work/Movie_data_pipeline/.venv/lib/python3.12/site-packages/airflow/example_dags/example_trigger_controller_dag.py
[2024-12-11T23:24:28.069+0530] {processor.py:925} INFO - DAG(s) 'example_trigger_controller_dag' retrieved from /Users/jayesh/Desktop/Personal Work/Movie_data_pipeline/.venv/lib/python3.12/site-packages/airflow/example_dags/example_trigger_controller_dag.py
[2024-12-11T23:24:28.954+0530] {logging_mixin.py:190} INFO - [2024-12-11T23:24:28.954+0530] {override.py:1911} INFO - Created Permission View: can read on DAG:example_trigger_controller_dag
[2024-12-11T23:24:28.992+0530] {logging_mixin.py:190} INFO - [2024-12-11T23:24:28.992+0530] {override.py:1911} INFO - Created Permission View: can edit on DAG:example_trigger_controller_dag
[2024-12-11T23:24:29.021+0530] {logging_mixin.py:190} INFO - [2024-12-11T23:24:29.020+0530] {override.py:1911} INFO - Created Permission View: can delete on DAG:example_trigger_controller_dag
[2024-12-11T23:24:29.049+0530] {logging_mixin.py:190} INFO - [2024-12-11T23:24:29.049+0530] {override.py:1911} INFO - Created Permission View: can delete on DAG Run:example_trigger_controller_dag
[2024-12-11T23:24:29.064+0530] {logging_mixin.py:190} INFO - [2024-12-11T23:24:29.064+0530] {override.py:1911} INFO - Created Permission View: can read on DAG Run:example_trigger_controller_dag
[2024-12-11T23:24:29.081+0530] {logging_mixin.py:190} INFO - [2024-12-11T23:24:29.081+0530] {override.py:1911} INFO - Created Permission View: menu access on DAG Run:example_trigger_controller_dag
[2024-12-11T23:24:29.093+0530] {logging_mixin.py:190} INFO - [2024-12-11T23:24:29.093+0530] {override.py:1911} INFO - Created Permission View: can create on DAG Run:example_trigger_controller_dag
[2024-12-11T23:24:29.094+0530] {logging_mixin.py:190} INFO - [2024-12-11T23:24:29.094+0530] {dag.py:3239} INFO - Sync 1 DAGs
[2024-12-11T23:24:29.115+0530] {logging_mixin.py:190} INFO - [2024-12-11T23:24:29.114+0530] {dag.py:3262} INFO - Creating ORM DAG for example_trigger_controller_dag
[2024-12-11T23:24:29.131+0530] {logging_mixin.py:190} INFO - [2024-12-11T23:24:29.129+0530] {dag.py:4180} INFO - Setting next_dagrun for example_trigger_controller_dag to 2021-01-01 00:00:00+00:00, run_after=2021-01-01 00:00:00+00:00
[2024-12-11T23:24:29.163+0530] {processor.py:208} INFO - Processing /Users/jayesh/Desktop/Personal Work/Movie_data_pipeline/.venv/lib/python3.12/site-packages/airflow/example_dags/example_trigger_controller_dag.py took 1.152 seconds
[2024-12-11T23:29:05.747+0530] {processor.py:186} INFO - Started process (PID=9811) to work on /Users/jayesh/Desktop/Personal Work/Movie_data_pipeline/.venv/lib/python3.12/site-packages/airflow/example_dags/example_trigger_controller_dag.py
[2024-12-11T23:29:05.750+0530] {processor.py:914} INFO - Processing file /Users/jayesh/Desktop/Personal Work/Movie_data_pipeline/.venv/lib/python3.12/site-packages/airflow/example_dags/example_trigger_controller_dag.py for tasks to queue
[2024-12-11T23:29:05.751+0530] {logging_mixin.py:190} INFO - [2024-12-11T23:29:05.751+0530] {dagbag.py:588} INFO - Filling up the DagBag from /Users/jayesh/Desktop/Personal Work/Movie_data_pipeline/.venv/lib/python3.12/site-packages/airflow/example_dags/example_trigger_controller_dag.py
[2024-12-11T23:29:05.769+0530] {processor.py:925} INFO - DAG(s) 'example_trigger_controller_dag' retrieved from /Users/jayesh/Desktop/Personal Work/Movie_data_pipeline/.venv/lib/python3.12/site-packages/airflow/example_dags/example_trigger_controller_dag.py
[2024-12-11T23:29:05.920+0530] {logging_mixin.py:190} INFO - [2024-12-11T23:29:05.920+0530] {dag.py:3239} INFO - Sync 1 DAGs
[2024-12-11T23:29:05.945+0530] {logging_mixin.py:190} INFO - [2024-12-11T23:29:05.945+0530] {dag.py:4180} INFO - Setting next_dagrun for example_trigger_controller_dag to 2021-01-01 00:00:00+00:00, run_after=2021-01-01 00:00:00+00:00
[2024-12-11T23:29:05.969+0530] {processor.py:208} INFO - Processing /Users/jayesh/Desktop/Personal Work/Movie_data_pipeline/.venv/lib/python3.12/site-packages/airflow/example_dags/example_trigger_controller_dag.py took 0.229 seconds
[2024-12-11T23:32:42.582+0530] {processor.py:186} INFO - Started process (PID=10147) to work on /Users/jayesh/Desktop/Personal Work/Movie_data_pipeline/.venv/lib/python3.12/site-packages/airflow/example_dags/example_trigger_controller_dag.py
[2024-12-11T23:32:42.584+0530] {processor.py:914} INFO - Processing file /Users/jayesh/Desktop/Personal Work/Movie_data_pipeline/.venv/lib/python3.12/site-packages/airflow/example_dags/example_trigger_controller_dag.py for tasks to queue
[2024-12-11T23:32:42.588+0530] {logging_mixin.py:190} INFO - [2024-12-11T23:32:42.587+0530] {dagbag.py:588} INFO - Filling up the DagBag from /Users/jayesh/Desktop/Personal Work/Movie_data_pipeline/.venv/lib/python3.12/site-packages/airflow/example_dags/example_trigger_controller_dag.py
[2024-12-11T23:32:42.637+0530] {processor.py:925} INFO - DAG(s) 'example_trigger_controller_dag' retrieved from /Users/jayesh/Desktop/Personal Work/Movie_data_pipeline/.venv/lib/python3.12/site-packages/airflow/example_dags/example_trigger_controller_dag.py
[2024-12-11T23:32:42.952+0530] {logging_mixin.py:190} INFO - [2024-12-11T23:32:42.951+0530] {dag.py:3239} INFO - Sync 1 DAGs
[2024-12-11T23:32:42.990+0530] {logging_mixin.py:190} INFO - [2024-12-11T23:32:42.990+0530] {dag.py:4180} INFO - Setting next_dagrun for example_trigger_controller_dag to 2021-01-01 00:00:00+00:00, run_after=2021-01-01 00:00:00+00:00
[2024-12-11T23:32:43.019+0530] {processor.py:208} INFO - Processing /Users/jayesh/Desktop/Personal Work/Movie_data_pipeline/.venv/lib/python3.12/site-packages/airflow/example_dags/example_trigger_controller_dag.py took 0.444 seconds
[2024-12-11T23:36:48.862+0530] {processor.py:186} INFO - Started process (PID=10718) to work on /Users/jayesh/Desktop/Personal Work/Movie_data_pipeline/.venv/lib/python3.12/site-packages/airflow/example_dags/example_trigger_controller_dag.py
[2024-12-11T23:36:48.873+0530] {processor.py:914} INFO - Processing file /Users/jayesh/Desktop/Personal Work/Movie_data_pipeline/.venv/lib/python3.12/site-packages/airflow/example_dags/example_trigger_controller_dag.py for tasks to queue
[2024-12-11T23:36:48.874+0530] {logging_mixin.py:190} INFO - [2024-12-11T23:36:48.874+0530] {dagbag.py:588} INFO - Filling up the DagBag from /Users/jayesh/Desktop/Personal Work/Movie_data_pipeline/.venv/lib/python3.12/site-packages/airflow/example_dags/example_trigger_controller_dag.py
[2024-12-11T23:36:48.905+0530] {processor.py:925} INFO - DAG(s) 'example_trigger_controller_dag' retrieved from /Users/jayesh/Desktop/Personal Work/Movie_data_pipeline/.venv/lib/python3.12/site-packages/airflow/example_dags/example_trigger_controller_dag.py
[2024-12-11T23:36:49.233+0530] {logging_mixin.py:190} INFO - [2024-12-11T23:36:49.233+0530] {dag.py:3239} INFO - Sync 1 DAGs
[2024-12-11T23:36:49.279+0530] {logging_mixin.py:190} INFO - [2024-12-11T23:36:49.279+0530] {dag.py:4180} INFO - Setting next_dagrun for example_trigger_controller_dag to 2021-01-01 00:00:00+00:00, run_after=2021-01-01 00:00:00+00:00
[2024-12-11T23:36:49.312+0530] {processor.py:208} INFO - Processing /Users/jayesh/Desktop/Personal Work/Movie_data_pipeline/.venv/lib/python3.12/site-packages/airflow/example_dags/example_trigger_controller_dag.py took 0.497 seconds
[2024-12-11T23:40:46.214+0530] {processor.py:186} INFO - Started process (PID=11097) to work on /Users/jayesh/Desktop/Personal Work/Movie_data_pipeline/.venv/lib/python3.12/site-packages/airflow/example_dags/example_trigger_controller_dag.py
[2024-12-11T23:40:46.217+0530] {processor.py:914} INFO - Processing file /Users/jayesh/Desktop/Personal Work/Movie_data_pipeline/.venv/lib/python3.12/site-packages/airflow/example_dags/example_trigger_controller_dag.py for tasks to queue
[2024-12-11T23:40:46.219+0530] {logging_mixin.py:190} INFO - [2024-12-11T23:40:46.219+0530] {dagbag.py:588} INFO - Filling up the DagBag from /Users/jayesh/Desktop/Personal Work/Movie_data_pipeline/.venv/lib/python3.12/site-packages/airflow/example_dags/example_trigger_controller_dag.py
[2024-12-11T23:40:46.235+0530] {processor.py:925} INFO - DAG(s) 'example_trigger_controller_dag' retrieved from /Users/jayesh/Desktop/Personal Work/Movie_data_pipeline/.venv/lib/python3.12/site-packages/airflow/example_dags/example_trigger_controller_dag.py
[2024-12-11T23:40:46.435+0530] {logging_mixin.py:190} INFO - [2024-12-11T23:40:46.435+0530] {dag.py:3239} INFO - Sync 1 DAGs
[2024-12-11T23:40:46.462+0530] {logging_mixin.py:190} INFO - [2024-12-11T23:40:46.461+0530] {dag.py:4180} INFO - Setting next_dagrun for example_trigger_controller_dag to 2021-01-01 00:00:00+00:00, run_after=2021-01-01 00:00:00+00:00
[2024-12-11T23:40:46.488+0530] {processor.py:208} INFO - Processing /Users/jayesh/Desktop/Personal Work/Movie_data_pipeline/.venv/lib/python3.12/site-packages/airflow/example_dags/example_trigger_controller_dag.py took 0.278 seconds
[2024-12-11T23:46:30.548+0530] {processor.py:186} INFO - Started process (PID=11695) to work on /Users/jayesh/Desktop/Personal Work/Movie_data_pipeline/.venv/lib/python3.12/site-packages/airflow/example_dags/example_trigger_controller_dag.py
[2024-12-11T23:46:30.551+0530] {processor.py:914} INFO - Processing file /Users/jayesh/Desktop/Personal Work/Movie_data_pipeline/.venv/lib/python3.12/site-packages/airflow/example_dags/example_trigger_controller_dag.py for tasks to queue
[2024-12-11T23:46:30.553+0530] {logging_mixin.py:190} INFO - [2024-12-11T23:46:30.552+0530] {dagbag.py:588} INFO - Filling up the DagBag from /Users/jayesh/Desktop/Personal Work/Movie_data_pipeline/.venv/lib/python3.12/site-packages/airflow/example_dags/example_trigger_controller_dag.py
[2024-12-11T23:46:30.573+0530] {processor.py:925} INFO - DAG(s) 'example_trigger_controller_dag' retrieved from /Users/jayesh/Desktop/Personal Work/Movie_data_pipeline/.venv/lib/python3.12/site-packages/airflow/example_dags/example_trigger_controller_dag.py
[2024-12-11T23:46:30.703+0530] {logging_mixin.py:190} INFO - [2024-12-11T23:46:30.703+0530] {dag.py:3239} INFO - Sync 1 DAGs
[2024-12-11T23:46:30.726+0530] {logging_mixin.py:190} INFO - [2024-12-11T23:46:30.726+0530] {dag.py:4180} INFO - Setting next_dagrun for example_trigger_controller_dag to 2021-01-01 00:00:00+00:00, run_after=2021-01-01 00:00:00+00:00
[2024-12-11T23:46:30.749+0530] {processor.py:208} INFO - Processing /Users/jayesh/Desktop/Personal Work/Movie_data_pipeline/.venv/lib/python3.12/site-packages/airflow/example_dags/example_trigger_controller_dag.py took 0.208 seconds
[2024-12-11T23:49:44.414+0530] {processor.py:186} INFO - Started process (PID=12052) to work on /Users/jayesh/Desktop/Personal Work/Movie_data_pipeline/.venv/lib/python3.12/site-packages/airflow/example_dags/example_trigger_controller_dag.py
[2024-12-11T23:49:44.417+0530] {processor.py:914} INFO - Processing file /Users/jayesh/Desktop/Personal Work/Movie_data_pipeline/.venv/lib/python3.12/site-packages/airflow/example_dags/example_trigger_controller_dag.py for tasks to queue
[2024-12-11T23:49:44.419+0530] {logging_mixin.py:190} INFO - [2024-12-11T23:49:44.419+0530] {dagbag.py:588} INFO - Filling up the DagBag from /Users/jayesh/Desktop/Personal Work/Movie_data_pipeline/.venv/lib/python3.12/site-packages/airflow/example_dags/example_trigger_controller_dag.py
[2024-12-11T23:49:44.436+0530] {processor.py:925} INFO - DAG(s) 'example_trigger_controller_dag' retrieved from /Users/jayesh/Desktop/Personal Work/Movie_data_pipeline/.venv/lib/python3.12/site-packages/airflow/example_dags/example_trigger_controller_dag.py
[2024-12-11T23:49:44.563+0530] {logging_mixin.py:190} INFO - [2024-12-11T23:49:44.562+0530] {dag.py:3239} INFO - Sync 1 DAGs
[2024-12-11T23:49:44.583+0530] {logging_mixin.py:190} INFO - [2024-12-11T23:49:44.583+0530] {dag.py:4180} INFO - Setting next_dagrun for example_trigger_controller_dag to 2021-01-01 00:00:00+00:00, run_after=2021-01-01 00:00:00+00:00
[2024-12-11T23:49:44.605+0530] {processor.py:208} INFO - Processing /Users/jayesh/Desktop/Personal Work/Movie_data_pipeline/.venv/lib/python3.12/site-packages/airflow/example_dags/example_trigger_controller_dag.py took 0.195 seconds
[2024-12-11T23:52:36.434+0530] {processor.py:186} INFO - Started process (PID=12341) to work on /Users/jayesh/Desktop/Personal Work/Movie_data_pipeline/.venv/lib/python3.12/site-packages/airflow/example_dags/example_trigger_controller_dag.py
[2024-12-11T23:52:36.436+0530] {processor.py:914} INFO - Processing file /Users/jayesh/Desktop/Personal Work/Movie_data_pipeline/.venv/lib/python3.12/site-packages/airflow/example_dags/example_trigger_controller_dag.py for tasks to queue
[2024-12-11T23:52:36.438+0530] {logging_mixin.py:190} INFO - [2024-12-11T23:52:36.437+0530] {dagbag.py:588} INFO - Filling up the DagBag from /Users/jayesh/Desktop/Personal Work/Movie_data_pipeline/.venv/lib/python3.12/site-packages/airflow/example_dags/example_trigger_controller_dag.py
[2024-12-11T23:52:36.454+0530] {processor.py:925} INFO - DAG(s) 'example_trigger_controller_dag' retrieved from /Users/jayesh/Desktop/Personal Work/Movie_data_pipeline/.venv/lib/python3.12/site-packages/airflow/example_dags/example_trigger_controller_dag.py
[2024-12-11T23:52:36.580+0530] {logging_mixin.py:190} INFO - [2024-12-11T23:52:36.579+0530] {dag.py:3239} INFO - Sync 1 DAGs
[2024-12-11T23:52:36.600+0530] {logging_mixin.py:190} INFO - [2024-12-11T23:52:36.600+0530] {dag.py:4180} INFO - Setting next_dagrun for example_trigger_controller_dag to 2021-01-01 00:00:00+00:00, run_after=2021-01-01 00:00:00+00:00
[2024-12-11T23:52:36.622+0530] {processor.py:208} INFO - Processing /Users/jayesh/Desktop/Personal Work/Movie_data_pipeline/.venv/lib/python3.12/site-packages/airflow/example_dags/example_trigger_controller_dag.py took 0.195 seconds
[2024-12-11T23:55:25.920+0530] {processor.py:186} INFO - Started process (PID=12621) to work on /Users/jayesh/Desktop/Personal Work/Movie_data_pipeline/.venv/lib/python3.12/site-packages/airflow/example_dags/example_trigger_controller_dag.py
[2024-12-11T23:55:25.923+0530] {processor.py:914} INFO - Processing file /Users/jayesh/Desktop/Personal Work/Movie_data_pipeline/.venv/lib/python3.12/site-packages/airflow/example_dags/example_trigger_controller_dag.py for tasks to queue
[2024-12-11T23:55:25.925+0530] {logging_mixin.py:190} INFO - [2024-12-11T23:55:25.924+0530] {dagbag.py:588} INFO - Filling up the DagBag from /Users/jayesh/Desktop/Personal Work/Movie_data_pipeline/.venv/lib/python3.12/site-packages/airflow/example_dags/example_trigger_controller_dag.py
[2024-12-11T23:55:25.940+0530] {processor.py:925} INFO - DAG(s) 'example_trigger_controller_dag' retrieved from /Users/jayesh/Desktop/Personal Work/Movie_data_pipeline/.venv/lib/python3.12/site-packages/airflow/example_dags/example_trigger_controller_dag.py
[2024-12-11T23:55:26.070+0530] {logging_mixin.py:190} INFO - [2024-12-11T23:55:26.069+0530] {dag.py:3239} INFO - Sync 1 DAGs
[2024-12-11T23:55:26.097+0530] {logging_mixin.py:190} INFO - [2024-12-11T23:55:26.096+0530] {dag.py:4180} INFO - Setting next_dagrun for example_trigger_controller_dag to 2021-01-01 00:00:00+00:00, run_after=2021-01-01 00:00:00+00:00
[2024-12-11T23:55:26.119+0530] {processor.py:208} INFO - Processing /Users/jayesh/Desktop/Personal Work/Movie_data_pipeline/.venv/lib/python3.12/site-packages/airflow/example_dags/example_trigger_controller_dag.py took 0.202 seconds
[2024-12-11T23:58:18.933+0530] {processor.py:186} INFO - Started process (PID=12919) to work on /Users/jayesh/Desktop/Personal Work/Movie_data_pipeline/.venv/lib/python3.12/site-packages/airflow/example_dags/example_trigger_controller_dag.py
[2024-12-11T23:58:18.935+0530] {processor.py:914} INFO - Processing file /Users/jayesh/Desktop/Personal Work/Movie_data_pipeline/.venv/lib/python3.12/site-packages/airflow/example_dags/example_trigger_controller_dag.py for tasks to queue
[2024-12-11T23:58:18.937+0530] {logging_mixin.py:190} INFO - [2024-12-11T23:58:18.937+0530] {dagbag.py:588} INFO - Filling up the DagBag from /Users/jayesh/Desktop/Personal Work/Movie_data_pipeline/.venv/lib/python3.12/site-packages/airflow/example_dags/example_trigger_controller_dag.py
[2024-12-11T23:58:18.951+0530] {processor.py:925} INFO - DAG(s) 'example_trigger_controller_dag' retrieved from /Users/jayesh/Desktop/Personal Work/Movie_data_pipeline/.venv/lib/python3.12/site-packages/airflow/example_dags/example_trigger_controller_dag.py
[2024-12-11T23:58:19.069+0530] {logging_mixin.py:190} INFO - [2024-12-11T23:58:19.068+0530] {dag.py:3239} INFO - Sync 1 DAGs
[2024-12-11T23:58:19.092+0530] {logging_mixin.py:190} INFO - [2024-12-11T23:58:19.092+0530] {dag.py:4180} INFO - Setting next_dagrun for example_trigger_controller_dag to 2021-01-01 00:00:00+00:00, run_after=2021-01-01 00:00:00+00:00
[2024-12-11T23:58:19.118+0530] {processor.py:208} INFO - Processing /Users/jayesh/Desktop/Personal Work/Movie_data_pipeline/.venv/lib/python3.12/site-packages/airflow/example_dags/example_trigger_controller_dag.py took 0.189 seconds
[2024-12-12T00:01:12.833+0530] {processor.py:186} INFO - Started process (PID=13188) to work on /Users/jayesh/Desktop/Personal Work/Movie_data_pipeline/.venv/lib/python3.12/site-packages/airflow/example_dags/example_trigger_controller_dag.py
[2024-12-12T00:01:12.836+0530] {processor.py:914} INFO - Processing file /Users/jayesh/Desktop/Personal Work/Movie_data_pipeline/.venv/lib/python3.12/site-packages/airflow/example_dags/example_trigger_controller_dag.py for tasks to queue
[2024-12-12T00:01:12.838+0530] {logging_mixin.py:190} INFO - [2024-12-12T00:01:12.837+0530] {dagbag.py:588} INFO - Filling up the DagBag from /Users/jayesh/Desktop/Personal Work/Movie_data_pipeline/.venv/lib/python3.12/site-packages/airflow/example_dags/example_trigger_controller_dag.py
[2024-12-12T00:01:12.854+0530] {processor.py:925} INFO - DAG(s) 'example_trigger_controller_dag' retrieved from /Users/jayesh/Desktop/Personal Work/Movie_data_pipeline/.venv/lib/python3.12/site-packages/airflow/example_dags/example_trigger_controller_dag.py
[2024-12-12T00:01:12.974+0530] {logging_mixin.py:190} INFO - [2024-12-12T00:01:12.973+0530] {dag.py:3239} INFO - Sync 1 DAGs
[2024-12-12T00:01:12.994+0530] {logging_mixin.py:190} INFO - [2024-12-12T00:01:12.994+0530] {dag.py:4180} INFO - Setting next_dagrun for example_trigger_controller_dag to 2021-01-01 00:00:00+00:00, run_after=2021-01-01 00:00:00+00:00
[2024-12-12T00:01:13.016+0530] {processor.py:208} INFO - Processing /Users/jayesh/Desktop/Personal Work/Movie_data_pipeline/.venv/lib/python3.12/site-packages/airflow/example_dags/example_trigger_controller_dag.py took 0.186 seconds
[2024-12-12T00:04:07.489+0530] {processor.py:186} INFO - Started process (PID=13474) to work on /Users/jayesh/Desktop/Personal Work/Movie_data_pipeline/.venv/lib/python3.12/site-packages/airflow/example_dags/example_trigger_controller_dag.py
[2024-12-12T00:04:07.492+0530] {processor.py:914} INFO - Processing file /Users/jayesh/Desktop/Personal Work/Movie_data_pipeline/.venv/lib/python3.12/site-packages/airflow/example_dags/example_trigger_controller_dag.py for tasks to queue
[2024-12-12T00:04:07.494+0530] {logging_mixin.py:190} INFO - [2024-12-12T00:04:07.493+0530] {dagbag.py:588} INFO - Filling up the DagBag from /Users/jayesh/Desktop/Personal Work/Movie_data_pipeline/.venv/lib/python3.12/site-packages/airflow/example_dags/example_trigger_controller_dag.py
[2024-12-12T00:04:07.508+0530] {processor.py:925} INFO - DAG(s) 'example_trigger_controller_dag' retrieved from /Users/jayesh/Desktop/Personal Work/Movie_data_pipeline/.venv/lib/python3.12/site-packages/airflow/example_dags/example_trigger_controller_dag.py
[2024-12-12T00:04:07.637+0530] {logging_mixin.py:190} INFO - [2024-12-12T00:04:07.636+0530] {dag.py:3239} INFO - Sync 1 DAGs
[2024-12-12T00:04:07.659+0530] {logging_mixin.py:190} INFO - [2024-12-12T00:04:07.659+0530] {dag.py:4180} INFO - Setting next_dagrun for example_trigger_controller_dag to 2021-01-01 00:00:00+00:00, run_after=2021-01-01 00:00:00+00:00
[2024-12-12T00:04:07.685+0530] {processor.py:208} INFO - Processing /Users/jayesh/Desktop/Personal Work/Movie_data_pipeline/.venv/lib/python3.12/site-packages/airflow/example_dags/example_trigger_controller_dag.py took 0.200 seconds
[2024-12-12T00:07:01.662+0530] {processor.py:186} INFO - Started process (PID=13740) to work on /Users/jayesh/Desktop/Personal Work/Movie_data_pipeline/.venv/lib/python3.12/site-packages/airflow/example_dags/example_trigger_controller_dag.py
[2024-12-12T00:07:01.665+0530] {processor.py:914} INFO - Processing file /Users/jayesh/Desktop/Personal Work/Movie_data_pipeline/.venv/lib/python3.12/site-packages/airflow/example_dags/example_trigger_controller_dag.py for tasks to queue
[2024-12-12T00:07:01.667+0530] {logging_mixin.py:190} INFO - [2024-12-12T00:07:01.666+0530] {dagbag.py:588} INFO - Filling up the DagBag from /Users/jayesh/Desktop/Personal Work/Movie_data_pipeline/.venv/lib/python3.12/site-packages/airflow/example_dags/example_trigger_controller_dag.py
[2024-12-12T00:07:01.681+0530] {processor.py:925} INFO - DAG(s) 'example_trigger_controller_dag' retrieved from /Users/jayesh/Desktop/Personal Work/Movie_data_pipeline/.venv/lib/python3.12/site-packages/airflow/example_dags/example_trigger_controller_dag.py
[2024-12-12T00:07:01.814+0530] {logging_mixin.py:190} INFO - [2024-12-12T00:07:01.814+0530] {dag.py:3239} INFO - Sync 1 DAGs
[2024-12-12T00:07:01.843+0530] {logging_mixin.py:190} INFO - [2024-12-12T00:07:01.842+0530] {dag.py:4180} INFO - Setting next_dagrun for example_trigger_controller_dag to 2021-01-01 00:00:00+00:00, run_after=2021-01-01 00:00:00+00:00
[2024-12-12T00:07:01.865+0530] {processor.py:208} INFO - Processing /Users/jayesh/Desktop/Personal Work/Movie_data_pipeline/.venv/lib/python3.12/site-packages/airflow/example_dags/example_trigger_controller_dag.py took 0.206 seconds
[2024-12-12T00:09:55.326+0530] {processor.py:186} INFO - Started process (PID=14023) to work on /Users/jayesh/Desktop/Personal Work/Movie_data_pipeline/.venv/lib/python3.12/site-packages/airflow/example_dags/example_trigger_controller_dag.py
[2024-12-12T00:09:55.329+0530] {processor.py:914} INFO - Processing file /Users/jayesh/Desktop/Personal Work/Movie_data_pipeline/.venv/lib/python3.12/site-packages/airflow/example_dags/example_trigger_controller_dag.py for tasks to queue
[2024-12-12T00:09:55.331+0530] {logging_mixin.py:190} INFO - [2024-12-12T00:09:55.330+0530] {dagbag.py:588} INFO - Filling up the DagBag from /Users/jayesh/Desktop/Personal Work/Movie_data_pipeline/.venv/lib/python3.12/site-packages/airflow/example_dags/example_trigger_controller_dag.py
[2024-12-12T00:09:55.352+0530] {processor.py:925} INFO - DAG(s) 'example_trigger_controller_dag' retrieved from /Users/jayesh/Desktop/Personal Work/Movie_data_pipeline/.venv/lib/python3.12/site-packages/airflow/example_dags/example_trigger_controller_dag.py
[2024-12-12T00:09:55.470+0530] {logging_mixin.py:190} INFO - [2024-12-12T00:09:55.470+0530] {dag.py:3239} INFO - Sync 1 DAGs
[2024-12-12T00:09:55.492+0530] {logging_mixin.py:190} INFO - [2024-12-12T00:09:55.492+0530] {dag.py:4180} INFO - Setting next_dagrun for example_trigger_controller_dag to 2021-01-01 00:00:00+00:00, run_after=2021-01-01 00:00:00+00:00
[2024-12-12T00:09:55.515+0530] {processor.py:208} INFO - Processing /Users/jayesh/Desktop/Personal Work/Movie_data_pipeline/.venv/lib/python3.12/site-packages/airflow/example_dags/example_trigger_controller_dag.py took 0.192 seconds
[2024-12-12T00:12:50.179+0530] {processor.py:186} INFO - Started process (PID=14302) to work on /Users/jayesh/Desktop/Personal Work/Movie_data_pipeline/.venv/lib/python3.12/site-packages/airflow/example_dags/example_trigger_controller_dag.py
[2024-12-12T00:12:50.182+0530] {processor.py:914} INFO - Processing file /Users/jayesh/Desktop/Personal Work/Movie_data_pipeline/.venv/lib/python3.12/site-packages/airflow/example_dags/example_trigger_controller_dag.py for tasks to queue
[2024-12-12T00:12:50.185+0530] {logging_mixin.py:190} INFO - [2024-12-12T00:12:50.184+0530] {dagbag.py:588} INFO - Filling up the DagBag from /Users/jayesh/Desktop/Personal Work/Movie_data_pipeline/.venv/lib/python3.12/site-packages/airflow/example_dags/example_trigger_controller_dag.py
[2024-12-12T00:12:50.204+0530] {processor.py:925} INFO - DAG(s) 'example_trigger_controller_dag' retrieved from /Users/jayesh/Desktop/Personal Work/Movie_data_pipeline/.venv/lib/python3.12/site-packages/airflow/example_dags/example_trigger_controller_dag.py
[2024-12-12T00:12:50.326+0530] {logging_mixin.py:190} INFO - [2024-12-12T00:12:50.326+0530] {dag.py:3239} INFO - Sync 1 DAGs
[2024-12-12T00:12:50.353+0530] {logging_mixin.py:190} INFO - [2024-12-12T00:12:50.353+0530] {dag.py:4180} INFO - Setting next_dagrun for example_trigger_controller_dag to 2021-01-01 00:00:00+00:00, run_after=2021-01-01 00:00:00+00:00
[2024-12-12T00:12:50.375+0530] {processor.py:208} INFO - Processing /Users/jayesh/Desktop/Personal Work/Movie_data_pipeline/.venv/lib/python3.12/site-packages/airflow/example_dags/example_trigger_controller_dag.py took 0.200 seconds
[2024-12-12T00:15:45.270+0530] {processor.py:186} INFO - Started process (PID=14578) to work on /Users/jayesh/Desktop/Personal Work/Movie_data_pipeline/.venv/lib/python3.12/site-packages/airflow/example_dags/example_trigger_controller_dag.py
[2024-12-12T00:15:45.273+0530] {processor.py:914} INFO - Processing file /Users/jayesh/Desktop/Personal Work/Movie_data_pipeline/.venv/lib/python3.12/site-packages/airflow/example_dags/example_trigger_controller_dag.py for tasks to queue
[2024-12-12T00:15:45.275+0530] {logging_mixin.py:190} INFO - [2024-12-12T00:15:45.274+0530] {dagbag.py:588} INFO - Filling up the DagBag from /Users/jayesh/Desktop/Personal Work/Movie_data_pipeline/.venv/lib/python3.12/site-packages/airflow/example_dags/example_trigger_controller_dag.py
[2024-12-12T00:15:45.289+0530] {processor.py:925} INFO - DAG(s) 'example_trigger_controller_dag' retrieved from /Users/jayesh/Desktop/Personal Work/Movie_data_pipeline/.venv/lib/python3.12/site-packages/airflow/example_dags/example_trigger_controller_dag.py
[2024-12-12T00:15:45.405+0530] {logging_mixin.py:190} INFO - [2024-12-12T00:15:45.405+0530] {dag.py:3239} INFO - Sync 1 DAGs
[2024-12-12T00:15:45.426+0530] {logging_mixin.py:190} INFO - [2024-12-12T00:15:45.426+0530] {dag.py:4180} INFO - Setting next_dagrun for example_trigger_controller_dag to 2021-01-01 00:00:00+00:00, run_after=2021-01-01 00:00:00+00:00
[2024-12-12T00:15:45.448+0530] {processor.py:208} INFO - Processing /Users/jayesh/Desktop/Personal Work/Movie_data_pipeline/.venv/lib/python3.12/site-packages/airflow/example_dags/example_trigger_controller_dag.py took 0.181 seconds
[2024-12-12T00:18:32.239+0530] {processor.py:186} INFO - Started process (PID=14840) to work on /Users/jayesh/Desktop/Personal Work/Movie_data_pipeline/.venv/lib/python3.12/site-packages/airflow/example_dags/example_trigger_controller_dag.py
[2024-12-12T00:18:32.242+0530] {processor.py:914} INFO - Processing file /Users/jayesh/Desktop/Personal Work/Movie_data_pipeline/.venv/lib/python3.12/site-packages/airflow/example_dags/example_trigger_controller_dag.py for tasks to queue
[2024-12-12T00:18:32.243+0530] {logging_mixin.py:190} INFO - [2024-12-12T00:18:32.243+0530] {dagbag.py:588} INFO - Filling up the DagBag from /Users/jayesh/Desktop/Personal Work/Movie_data_pipeline/.venv/lib/python3.12/site-packages/airflow/example_dags/example_trigger_controller_dag.py
[2024-12-12T00:18:32.258+0530] {processor.py:925} INFO - DAG(s) 'example_trigger_controller_dag' retrieved from /Users/jayesh/Desktop/Personal Work/Movie_data_pipeline/.venv/lib/python3.12/site-packages/airflow/example_dags/example_trigger_controller_dag.py
[2024-12-12T00:18:32.369+0530] {logging_mixin.py:190} INFO - [2024-12-12T00:18:32.369+0530] {dag.py:3239} INFO - Sync 1 DAGs
[2024-12-12T00:18:32.391+0530] {logging_mixin.py:190} INFO - [2024-12-12T00:18:32.391+0530] {dag.py:4180} INFO - Setting next_dagrun for example_trigger_controller_dag to 2021-01-01 00:00:00+00:00, run_after=2021-01-01 00:00:00+00:00
[2024-12-12T00:18:32.412+0530] {processor.py:208} INFO - Processing /Users/jayesh/Desktop/Personal Work/Movie_data_pipeline/.venv/lib/python3.12/site-packages/airflow/example_dags/example_trigger_controller_dag.py took 0.176 seconds
[2024-12-12T00:21:42.261+0530] {processor.py:186} INFO - Started process (PID=15152) to work on /Users/jayesh/Desktop/Personal Work/Movie_data_pipeline/.venv/lib/python3.12/site-packages/airflow/example_dags/example_trigger_controller_dag.py
[2024-12-12T00:21:42.264+0530] {processor.py:914} INFO - Processing file /Users/jayesh/Desktop/Personal Work/Movie_data_pipeline/.venv/lib/python3.12/site-packages/airflow/example_dags/example_trigger_controller_dag.py for tasks to queue
[2024-12-12T00:21:42.265+0530] {logging_mixin.py:190} INFO - [2024-12-12T00:21:42.265+0530] {dagbag.py:588} INFO - Filling up the DagBag from /Users/jayesh/Desktop/Personal Work/Movie_data_pipeline/.venv/lib/python3.12/site-packages/airflow/example_dags/example_trigger_controller_dag.py
[2024-12-12T00:21:42.279+0530] {processor.py:925} INFO - DAG(s) 'example_trigger_controller_dag' retrieved from /Users/jayesh/Desktop/Personal Work/Movie_data_pipeline/.venv/lib/python3.12/site-packages/airflow/example_dags/example_trigger_controller_dag.py
[2024-12-12T00:21:42.399+0530] {logging_mixin.py:190} INFO - [2024-12-12T00:21:42.398+0530] {dag.py:3239} INFO - Sync 1 DAGs
[2024-12-12T00:21:42.420+0530] {logging_mixin.py:190} INFO - [2024-12-12T00:21:42.420+0530] {dag.py:4180} INFO - Setting next_dagrun for example_trigger_controller_dag to 2021-01-01 00:00:00+00:00, run_after=2021-01-01 00:00:00+00:00
[2024-12-12T00:21:42.445+0530] {processor.py:208} INFO - Processing /Users/jayesh/Desktop/Personal Work/Movie_data_pipeline/.venv/lib/python3.12/site-packages/airflow/example_dags/example_trigger_controller_dag.py took 0.188 seconds
[2024-12-12T00:25:10.103+0530] {processor.py:186} INFO - Started process (PID=15483) to work on /Users/jayesh/Desktop/Personal Work/Movie_data_pipeline/.venv/lib/python3.12/site-packages/airflow/example_dags/example_trigger_controller_dag.py
[2024-12-12T00:25:10.106+0530] {processor.py:914} INFO - Processing file /Users/jayesh/Desktop/Personal Work/Movie_data_pipeline/.venv/lib/python3.12/site-packages/airflow/example_dags/example_trigger_controller_dag.py for tasks to queue
[2024-12-12T00:25:10.108+0530] {logging_mixin.py:190} INFO - [2024-12-12T00:25:10.108+0530] {dagbag.py:588} INFO - Filling up the DagBag from /Users/jayesh/Desktop/Personal Work/Movie_data_pipeline/.venv/lib/python3.12/site-packages/airflow/example_dags/example_trigger_controller_dag.py
[2024-12-12T00:25:10.123+0530] {processor.py:925} INFO - DAG(s) 'example_trigger_controller_dag' retrieved from /Users/jayesh/Desktop/Personal Work/Movie_data_pipeline/.venv/lib/python3.12/site-packages/airflow/example_dags/example_trigger_controller_dag.py
[2024-12-12T00:25:10.271+0530] {logging_mixin.py:190} INFO - [2024-12-12T00:25:10.271+0530] {dag.py:3239} INFO - Sync 1 DAGs
[2024-12-12T00:25:10.302+0530] {logging_mixin.py:190} INFO - [2024-12-12T00:25:10.301+0530] {dag.py:4180} INFO - Setting next_dagrun for example_trigger_controller_dag to 2021-01-01 00:00:00+00:00, run_after=2021-01-01 00:00:00+00:00
[2024-12-12T00:25:10.329+0530] {processor.py:208} INFO - Processing /Users/jayesh/Desktop/Personal Work/Movie_data_pipeline/.venv/lib/python3.12/site-packages/airflow/example_dags/example_trigger_controller_dag.py took 0.229 seconds
[2024-12-12T00:28:30.005+0530] {processor.py:186} INFO - Started process (PID=15803) to work on /Users/jayesh/Desktop/Personal Work/Movie_data_pipeline/.venv/lib/python3.12/site-packages/airflow/example_dags/example_trigger_controller_dag.py
[2024-12-12T00:28:30.008+0530] {processor.py:914} INFO - Processing file /Users/jayesh/Desktop/Personal Work/Movie_data_pipeline/.venv/lib/python3.12/site-packages/airflow/example_dags/example_trigger_controller_dag.py for tasks to queue
[2024-12-12T00:28:30.010+0530] {logging_mixin.py:190} INFO - [2024-12-12T00:28:30.009+0530] {dagbag.py:588} INFO - Filling up the DagBag from /Users/jayesh/Desktop/Personal Work/Movie_data_pipeline/.venv/lib/python3.12/site-packages/airflow/example_dags/example_trigger_controller_dag.py
[2024-12-12T00:28:30.026+0530] {processor.py:925} INFO - DAG(s) 'example_trigger_controller_dag' retrieved from /Users/jayesh/Desktop/Personal Work/Movie_data_pipeline/.venv/lib/python3.12/site-packages/airflow/example_dags/example_trigger_controller_dag.py
[2024-12-12T00:28:30.149+0530] {logging_mixin.py:190} INFO - [2024-12-12T00:28:30.148+0530] {dag.py:3239} INFO - Sync 1 DAGs
[2024-12-12T00:28:30.172+0530] {logging_mixin.py:190} INFO - [2024-12-12T00:28:30.171+0530] {dag.py:4180} INFO - Setting next_dagrun for example_trigger_controller_dag to 2021-01-01 00:00:00+00:00, run_after=2021-01-01 00:00:00+00:00
[2024-12-12T00:28:30.194+0530] {processor.py:208} INFO - Processing /Users/jayesh/Desktop/Personal Work/Movie_data_pipeline/.venv/lib/python3.12/site-packages/airflow/example_dags/example_trigger_controller_dag.py took 0.192 seconds
