[2024-12-11T23:27:33.447+0530] {processor.py:186} INFO - Started process (PID=9661) to work on /Users/jayesh/Desktop/Personal Work/Movie_data_pipeline/.venv/lib/python3.12/site-packages/airflow/example_dags/example_branch_day_of_week_operator.py
[2024-12-11T23:27:33.449+0530] {processor.py:914} INFO - Processing file /Users/jayesh/Desktop/Personal Work/Movie_data_pipeline/.venv/lib/python3.12/site-packages/airflow/example_dags/example_branch_day_of_week_operator.py for tasks to queue
[2024-12-11T23:27:33.450+0530] {logging_mixin.py:190} INFO - [2024-12-11T23:27:33.450+0530] {dagbag.py:588} INFO - Filling up the DagBag from /Users/jayesh/Desktop/Personal Work/Movie_data_pipeline/.venv/lib/python3.12/site-packages/airflow/example_dags/example_branch_day_of_week_operator.py
[2024-12-11T23:27:33.469+0530] {processor.py:925} INFO - DAG(s) 'example_weekday_branch_operator' retrieved from /Users/jayesh/Desktop/Personal Work/Movie_data_pipeline/.venv/lib/python3.12/site-packages/airflow/example_dags/example_branch_day_of_week_operator.py
[2024-12-11T23:27:33.830+0530] {logging_mixin.py:190} INFO - [2024-12-11T23:27:33.828+0530] {override.py:1911} INFO - Created Permission View: can edit on DAG:example_weekday_branch_operator
[2024-12-11T23:27:33.842+0530] {logging_mixin.py:190} INFO - [2024-12-11T23:27:33.841+0530] {override.py:1911} INFO - Created Permission View: can read on DAG:example_weekday_branch_operator
[2024-12-11T23:27:33.851+0530] {logging_mixin.py:190} INFO - [2024-12-11T23:27:33.850+0530] {override.py:1911} INFO - Created Permission View: can delete on DAG:example_weekday_branch_operator
[2024-12-11T23:27:33.863+0530] {logging_mixin.py:190} INFO - [2024-12-11T23:27:33.862+0530] {override.py:1911} INFO - Created Permission View: can create on DAG Run:example_weekday_branch_operator
[2024-12-11T23:27:33.871+0530] {logging_mixin.py:190} INFO - [2024-12-11T23:27:33.870+0530] {override.py:1911} INFO - Created Permission View: menu access on DAG Run:example_weekday_branch_operator
[2024-12-11T23:27:33.879+0530] {logging_mixin.py:190} INFO - [2024-12-11T23:27:33.879+0530] {override.py:1911} INFO - Created Permission View: can read on DAG Run:example_weekday_branch_operator
[2024-12-11T23:27:33.888+0530] {logging_mixin.py:190} INFO - [2024-12-11T23:27:33.888+0530] {override.py:1911} INFO - Created Permission View: can delete on DAG Run:example_weekday_branch_operator
[2024-12-11T23:27:33.889+0530] {logging_mixin.py:190} INFO - [2024-12-11T23:27:33.888+0530] {dag.py:3239} INFO - Sync 1 DAGs
[2024-12-11T23:27:33.904+0530] {logging_mixin.py:190} INFO - [2024-12-11T23:27:33.904+0530] {dag.py:3262} INFO - Creating ORM DAG for example_weekday_branch_operator
[2024-12-11T23:27:33.916+0530] {logging_mixin.py:190} INFO - [2024-12-11T23:27:33.916+0530] {dag.py:4180} INFO - Setting next_dagrun for example_weekday_branch_operator to 2024-12-10 00:00:00+00:00, run_after=2024-12-11 00:00:00+00:00
[2024-12-11T23:27:33.939+0530] {processor.py:208} INFO - Processing /Users/jayesh/Desktop/Personal Work/Movie_data_pipeline/.venv/lib/python3.12/site-packages/airflow/example_dags/example_branch_day_of_week_operator.py took 0.496 seconds
[2024-12-11T23:35:26.575+0530] {processor.py:186} INFO - Started process (PID=10512) to work on /Users/jayesh/Desktop/Personal Work/Movie_data_pipeline/.venv/lib/python3.12/site-packages/airflow/example_dags/example_branch_day_of_week_operator.py
[2024-12-11T23:35:26.578+0530] {processor.py:914} INFO - Processing file /Users/jayesh/Desktop/Personal Work/Movie_data_pipeline/.venv/lib/python3.12/site-packages/airflow/example_dags/example_branch_day_of_week_operator.py for tasks to queue
[2024-12-11T23:35:26.579+0530] {logging_mixin.py:190} INFO - [2024-12-11T23:35:26.579+0530] {dagbag.py:588} INFO - Filling up the DagBag from /Users/jayesh/Desktop/Personal Work/Movie_data_pipeline/.venv/lib/python3.12/site-packages/airflow/example_dags/example_branch_day_of_week_operator.py
[2024-12-11T23:35:26.602+0530] {processor.py:925} INFO - DAG(s) 'example_weekday_branch_operator' retrieved from /Users/jayesh/Desktop/Personal Work/Movie_data_pipeline/.venv/lib/python3.12/site-packages/airflow/example_dags/example_branch_day_of_week_operator.py
[2024-12-11T23:35:26.740+0530] {logging_mixin.py:190} INFO - [2024-12-11T23:35:26.740+0530] {dag.py:3239} INFO - Sync 1 DAGs
[2024-12-11T23:35:26.772+0530] {logging_mixin.py:190} INFO - [2024-12-11T23:35:26.771+0530] {dag.py:4180} INFO - Setting next_dagrun for example_weekday_branch_operator to 2024-12-10 00:00:00+00:00, run_after=2024-12-11 00:00:00+00:00
[2024-12-11T23:35:26.807+0530] {processor.py:208} INFO - Processing /Users/jayesh/Desktop/Personal Work/Movie_data_pipeline/.venv/lib/python3.12/site-packages/airflow/example_dags/example_branch_day_of_week_operator.py took 0.236 seconds
[2024-12-11T23:45:07.411+0530] {processor.py:186} INFO - Started process (PID=11447) to work on /Users/jayesh/Desktop/Personal Work/Movie_data_pipeline/.venv/lib/python3.12/site-packages/airflow/example_dags/example_branch_day_of_week_operator.py
[2024-12-11T23:45:07.413+0530] {processor.py:914} INFO - Processing file /Users/jayesh/Desktop/Personal Work/Movie_data_pipeline/.venv/lib/python3.12/site-packages/airflow/example_dags/example_branch_day_of_week_operator.py for tasks to queue
[2024-12-11T23:45:07.415+0530] {logging_mixin.py:190} INFO - [2024-12-11T23:45:07.414+0530] {dagbag.py:588} INFO - Filling up the DagBag from /Users/jayesh/Desktop/Personal Work/Movie_data_pipeline/.venv/lib/python3.12/site-packages/airflow/example_dags/example_branch_day_of_week_operator.py
[2024-12-11T23:45:07.436+0530] {processor.py:925} INFO - DAG(s) 'example_weekday_branch_operator' retrieved from /Users/jayesh/Desktop/Personal Work/Movie_data_pipeline/.venv/lib/python3.12/site-packages/airflow/example_dags/example_branch_day_of_week_operator.py
[2024-12-11T23:45:07.579+0530] {logging_mixin.py:190} INFO - [2024-12-11T23:45:07.578+0530] {dag.py:3239} INFO - Sync 1 DAGs
[2024-12-11T23:45:07.606+0530] {logging_mixin.py:190} INFO - [2024-12-11T23:45:07.605+0530] {dag.py:4180} INFO - Setting next_dagrun for example_weekday_branch_operator to 2024-12-10 00:00:00+00:00, run_after=2024-12-11 00:00:00+00:00
[2024-12-11T23:45:07.633+0530] {processor.py:208} INFO - Processing /Users/jayesh/Desktop/Personal Work/Movie_data_pipeline/.venv/lib/python3.12/site-packages/airflow/example_dags/example_branch_day_of_week_operator.py took 0.226 seconds
[2024-12-11T23:51:30.933+0530] {processor.py:186} INFO - Started process (PID=12235) to work on /Users/jayesh/Desktop/Personal Work/Movie_data_pipeline/.venv/lib/python3.12/site-packages/airflow/example_dags/example_branch_day_of_week_operator.py
[2024-12-11T23:51:30.936+0530] {processor.py:914} INFO - Processing file /Users/jayesh/Desktop/Personal Work/Movie_data_pipeline/.venv/lib/python3.12/site-packages/airflow/example_dags/example_branch_day_of_week_operator.py for tasks to queue
[2024-12-11T23:51:30.937+0530] {logging_mixin.py:190} INFO - [2024-12-11T23:51:30.937+0530] {dagbag.py:588} INFO - Filling up the DagBag from /Users/jayesh/Desktop/Personal Work/Movie_data_pipeline/.venv/lib/python3.12/site-packages/airflow/example_dags/example_branch_day_of_week_operator.py
[2024-12-11T23:51:30.954+0530] {processor.py:925} INFO - DAG(s) 'example_weekday_branch_operator' retrieved from /Users/jayesh/Desktop/Personal Work/Movie_data_pipeline/.venv/lib/python3.12/site-packages/airflow/example_dags/example_branch_day_of_week_operator.py
[2024-12-11T23:51:31.078+0530] {logging_mixin.py:190} INFO - [2024-12-11T23:51:31.078+0530] {dag.py:3239} INFO - Sync 1 DAGs
[2024-12-11T23:51:31.102+0530] {logging_mixin.py:190} INFO - [2024-12-11T23:51:31.101+0530] {dag.py:4180} INFO - Setting next_dagrun for example_weekday_branch_operator to 2024-12-10 00:00:00+00:00, run_after=2024-12-11 00:00:00+00:00
[2024-12-11T23:51:31.124+0530] {processor.py:208} INFO - Processing /Users/jayesh/Desktop/Personal Work/Movie_data_pipeline/.venv/lib/python3.12/site-packages/airflow/example_dags/example_branch_day_of_week_operator.py took 0.195 seconds
[2024-12-11T23:57:12.012+0530] {processor.py:186} INFO - Started process (PID=12805) to work on /Users/jayesh/Desktop/Personal Work/Movie_data_pipeline/.venv/lib/python3.12/site-packages/airflow/example_dags/example_branch_day_of_week_operator.py
[2024-12-11T23:57:12.014+0530] {processor.py:914} INFO - Processing file /Users/jayesh/Desktop/Personal Work/Movie_data_pipeline/.venv/lib/python3.12/site-packages/airflow/example_dags/example_branch_day_of_week_operator.py for tasks to queue
[2024-12-11T23:57:12.016+0530] {logging_mixin.py:190} INFO - [2024-12-11T23:57:12.016+0530] {dagbag.py:588} INFO - Filling up the DagBag from /Users/jayesh/Desktop/Personal Work/Movie_data_pipeline/.venv/lib/python3.12/site-packages/airflow/example_dags/example_branch_day_of_week_operator.py
[2024-12-11T23:57:12.036+0530] {processor.py:925} INFO - DAG(s) 'example_weekday_branch_operator' retrieved from /Users/jayesh/Desktop/Personal Work/Movie_data_pipeline/.venv/lib/python3.12/site-packages/airflow/example_dags/example_branch_day_of_week_operator.py
[2024-12-11T23:57:12.192+0530] {logging_mixin.py:190} INFO - [2024-12-11T23:57:12.192+0530] {dag.py:3239} INFO - Sync 1 DAGs
[2024-12-11T23:57:12.217+0530] {logging_mixin.py:190} INFO - [2024-12-11T23:57:12.217+0530] {dag.py:4180} INFO - Setting next_dagrun for example_weekday_branch_operator to 2024-12-10 00:00:00+00:00, run_after=2024-12-11 00:00:00+00:00
[2024-12-11T23:57:12.243+0530] {processor.py:208} INFO - Processing /Users/jayesh/Desktop/Personal Work/Movie_data_pipeline/.venv/lib/python3.12/site-packages/airflow/example_dags/example_branch_day_of_week_operator.py took 0.237 seconds
[2024-12-12T00:03:00.748+0530] {processor.py:186} INFO - Started process (PID=13364) to work on /Users/jayesh/Desktop/Personal Work/Movie_data_pipeline/.venv/lib/python3.12/site-packages/airflow/example_dags/example_branch_day_of_week_operator.py
[2024-12-12T00:03:00.750+0530] {processor.py:914} INFO - Processing file /Users/jayesh/Desktop/Personal Work/Movie_data_pipeline/.venv/lib/python3.12/site-packages/airflow/example_dags/example_branch_day_of_week_operator.py for tasks to queue
[2024-12-12T00:03:00.752+0530] {logging_mixin.py:190} INFO - [2024-12-12T00:03:00.752+0530] {dagbag.py:588} INFO - Filling up the DagBag from /Users/jayesh/Desktop/Personal Work/Movie_data_pipeline/.venv/lib/python3.12/site-packages/airflow/example_dags/example_branch_day_of_week_operator.py
[2024-12-12T00:03:00.771+0530] {processor.py:925} INFO - DAG(s) 'example_weekday_branch_operator' retrieved from /Users/jayesh/Desktop/Personal Work/Movie_data_pipeline/.venv/lib/python3.12/site-packages/airflow/example_dags/example_branch_day_of_week_operator.py
[2024-12-12T00:03:00.902+0530] {logging_mixin.py:190} INFO - [2024-12-12T00:03:00.901+0530] {dag.py:3239} INFO - Sync 1 DAGs
[2024-12-12T00:03:00.927+0530] {logging_mixin.py:190} INFO - [2024-12-12T00:03:00.926+0530] {dag.py:4180} INFO - Setting next_dagrun for example_weekday_branch_operator to 2024-12-10 00:00:00+00:00, run_after=2024-12-11 00:00:00+00:00
[2024-12-12T00:03:00.951+0530] {processor.py:208} INFO - Processing /Users/jayesh/Desktop/Personal Work/Movie_data_pipeline/.venv/lib/python3.12/site-packages/airflow/example_dags/example_branch_day_of_week_operator.py took 0.207 seconds
[2024-12-12T00:08:48.710+0530] {processor.py:186} INFO - Started process (PID=13910) to work on /Users/jayesh/Desktop/Personal Work/Movie_data_pipeline/.venv/lib/python3.12/site-packages/airflow/example_dags/example_branch_day_of_week_operator.py
[2024-12-12T00:08:48.713+0530] {processor.py:914} INFO - Processing file /Users/jayesh/Desktop/Personal Work/Movie_data_pipeline/.venv/lib/python3.12/site-packages/airflow/example_dags/example_branch_day_of_week_operator.py for tasks to queue
[2024-12-12T00:08:48.714+0530] {logging_mixin.py:190} INFO - [2024-12-12T00:08:48.714+0530] {dagbag.py:588} INFO - Filling up the DagBag from /Users/jayesh/Desktop/Personal Work/Movie_data_pipeline/.venv/lib/python3.12/site-packages/airflow/example_dags/example_branch_day_of_week_operator.py
[2024-12-12T00:08:48.738+0530] {processor.py:925} INFO - DAG(s) 'example_weekday_branch_operator' retrieved from /Users/jayesh/Desktop/Personal Work/Movie_data_pipeline/.venv/lib/python3.12/site-packages/airflow/example_dags/example_branch_day_of_week_operator.py
[2024-12-12T00:08:48.866+0530] {logging_mixin.py:190} INFO - [2024-12-12T00:08:48.865+0530] {dag.py:3239} INFO - Sync 1 DAGs
[2024-12-12T00:08:48.891+0530] {logging_mixin.py:190} INFO - [2024-12-12T00:08:48.890+0530] {dag.py:4180} INFO - Setting next_dagrun for example_weekday_branch_operator to 2024-12-10 00:00:00+00:00, run_after=2024-12-11 00:00:00+00:00
[2024-12-12T00:08:48.915+0530] {processor.py:208} INFO - Processing /Users/jayesh/Desktop/Personal Work/Movie_data_pipeline/.venv/lib/python3.12/site-packages/airflow/example_dags/example_branch_day_of_week_operator.py took 0.208 seconds
[2024-12-12T00:14:38.650+0530] {processor.py:186} INFO - Started process (PID=14468) to work on /Users/jayesh/Desktop/Personal Work/Movie_data_pipeline/.venv/lib/python3.12/site-packages/airflow/example_dags/example_branch_day_of_week_operator.py
[2024-12-12T00:14:38.653+0530] {processor.py:914} INFO - Processing file /Users/jayesh/Desktop/Personal Work/Movie_data_pipeline/.venv/lib/python3.12/site-packages/airflow/example_dags/example_branch_day_of_week_operator.py for tasks to queue
[2024-12-12T00:14:38.654+0530] {logging_mixin.py:190} INFO - [2024-12-12T00:14:38.654+0530] {dagbag.py:588} INFO - Filling up the DagBag from /Users/jayesh/Desktop/Personal Work/Movie_data_pipeline/.venv/lib/python3.12/site-packages/airflow/example_dags/example_branch_day_of_week_operator.py
[2024-12-12T00:14:38.671+0530] {processor.py:925} INFO - DAG(s) 'example_weekday_branch_operator' retrieved from /Users/jayesh/Desktop/Personal Work/Movie_data_pipeline/.venv/lib/python3.12/site-packages/airflow/example_dags/example_branch_day_of_week_operator.py
[2024-12-12T00:14:38.799+0530] {logging_mixin.py:190} INFO - [2024-12-12T00:14:38.798+0530] {dag.py:3239} INFO - Sync 1 DAGs
[2024-12-12T00:14:38.823+0530] {logging_mixin.py:190} INFO - [2024-12-12T00:14:38.822+0530] {dag.py:4180} INFO - Setting next_dagrun for example_weekday_branch_operator to 2024-12-10 00:00:00+00:00, run_after=2024-12-11 00:00:00+00:00
[2024-12-12T00:14:38.845+0530] {processor.py:208} INFO - Processing /Users/jayesh/Desktop/Personal Work/Movie_data_pipeline/.venv/lib/python3.12/site-packages/airflow/example_dags/example_branch_day_of_week_operator.py took 0.199 seconds
[2024-12-12T00:20:30.518+0530] {processor.py:186} INFO - Started process (PID=15033) to work on /Users/jayesh/Desktop/Personal Work/Movie_data_pipeline/.venv/lib/python3.12/site-packages/airflow/example_dags/example_branch_day_of_week_operator.py
[2024-12-12T00:20:30.521+0530] {processor.py:914} INFO - Processing file /Users/jayesh/Desktop/Personal Work/Movie_data_pipeline/.venv/lib/python3.12/site-packages/airflow/example_dags/example_branch_day_of_week_operator.py for tasks to queue
[2024-12-12T00:20:30.523+0530] {logging_mixin.py:190} INFO - [2024-12-12T00:20:30.522+0530] {dagbag.py:588} INFO - Filling up the DagBag from /Users/jayesh/Desktop/Personal Work/Movie_data_pipeline/.venv/lib/python3.12/site-packages/airflow/example_dags/example_branch_day_of_week_operator.py
[2024-12-12T00:20:30.543+0530] {processor.py:925} INFO - DAG(s) 'example_weekday_branch_operator' retrieved from /Users/jayesh/Desktop/Personal Work/Movie_data_pipeline/.venv/lib/python3.12/site-packages/airflow/example_dags/example_branch_day_of_week_operator.py
[2024-12-12T00:20:30.670+0530] {logging_mixin.py:190} INFO - [2024-12-12T00:20:30.670+0530] {dag.py:3239} INFO - Sync 1 DAGs
[2024-12-12T00:20:30.693+0530] {logging_mixin.py:190} INFO - [2024-12-12T00:20:30.693+0530] {dag.py:4180} INFO - Setting next_dagrun for example_weekday_branch_operator to 2024-12-10 00:00:00+00:00, run_after=2024-12-11 00:00:00+00:00
[2024-12-12T00:20:30.715+0530] {processor.py:208} INFO - Processing /Users/jayesh/Desktop/Personal Work/Movie_data_pipeline/.venv/lib/python3.12/site-packages/airflow/example_dags/example_branch_day_of_week_operator.py took 0.201 seconds
[2024-12-12T00:27:17.471+0530] {processor.py:186} INFO - Started process (PID=15683) to work on /Users/jayesh/Desktop/Personal Work/Movie_data_pipeline/.venv/lib/python3.12/site-packages/airflow/example_dags/example_branch_day_of_week_operator.py
[2024-12-12T00:27:17.473+0530] {processor.py:914} INFO - Processing file /Users/jayesh/Desktop/Personal Work/Movie_data_pipeline/.venv/lib/python3.12/site-packages/airflow/example_dags/example_branch_day_of_week_operator.py for tasks to queue
[2024-12-12T00:27:17.475+0530] {logging_mixin.py:190} INFO - [2024-12-12T00:27:17.475+0530] {dagbag.py:588} INFO - Filling up the DagBag from /Users/jayesh/Desktop/Personal Work/Movie_data_pipeline/.venv/lib/python3.12/site-packages/airflow/example_dags/example_branch_day_of_week_operator.py
[2024-12-12T00:27:17.497+0530] {processor.py:925} INFO - DAG(s) 'example_weekday_branch_operator' retrieved from /Users/jayesh/Desktop/Personal Work/Movie_data_pipeline/.venv/lib/python3.12/site-packages/airflow/example_dags/example_branch_day_of_week_operator.py
[2024-12-12T00:27:17.621+0530] {logging_mixin.py:190} INFO - [2024-12-12T00:27:17.620+0530] {dag.py:3239} INFO - Sync 1 DAGs
[2024-12-12T00:27:17.645+0530] {logging_mixin.py:190} INFO - [2024-12-12T00:27:17.644+0530] {dag.py:4180} INFO - Setting next_dagrun for example_weekday_branch_operator to 2024-12-10 00:00:00+00:00, run_after=2024-12-11 00:00:00+00:00
[2024-12-12T00:27:17.667+0530] {processor.py:208} INFO - Processing /Users/jayesh/Desktop/Personal Work/Movie_data_pipeline/.venv/lib/python3.12/site-packages/airflow/example_dags/example_branch_day_of_week_operator.py took 0.200 seconds
