[2024-12-11T23:27:28.778+0530] {processor.py:186} INFO - Started process (PID=9655) to work on /Users/jayesh/Desktop/Personal Work/Movie_data_pipeline/.venv/lib/python3.12/site-packages/airflow/example_dags/example_branch_labels.py
[2024-12-11T23:27:28.779+0530] {processor.py:914} INFO - Processing file /Users/jayesh/Desktop/Personal Work/Movie_data_pipeline/.venv/lib/python3.12/site-packages/airflow/example_dags/example_branch_labels.py for tasks to queue
[2024-12-11T23:27:28.781+0530] {logging_mixin.py:190} INFO - [2024-12-11T23:27:28.780+0530] {dagbag.py:588} INFO - Filling up the DagBag from /Users/jayesh/Desktop/Personal Work/Movie_data_pipeline/.venv/lib/python3.12/site-packages/airflow/example_dags/example_branch_labels.py
[2024-12-11T23:27:28.796+0530] {processor.py:925} INFO - DAG(s) 'example_branch_labels' retrieved from /Users/jayesh/Desktop/Personal Work/Movie_data_pipeline/.venv/lib/python3.12/site-packages/airflow/example_dags/example_branch_labels.py
[2024-12-11T23:27:29.359+0530] {logging_mixin.py:190} INFO - [2024-12-11T23:27:29.359+0530] {override.py:1911} INFO - Created Permission View: can read on DAG:example_branch_labels
[2024-12-11T23:27:29.372+0530] {logging_mixin.py:190} INFO - [2024-12-11T23:27:29.372+0530] {override.py:1911} INFO - Created Permission View: can edit on DAG:example_branch_labels
[2024-12-11T23:27:29.383+0530] {logging_mixin.py:190} INFO - [2024-12-11T23:27:29.382+0530] {override.py:1911} INFO - Created Permission View: can delete on DAG:example_branch_labels
[2024-12-11T23:27:29.395+0530] {logging_mixin.py:190} INFO - [2024-12-11T23:27:29.394+0530] {override.py:1911} INFO - Created Permission View: can read on DAG Run:example_branch_labels
[2024-12-11T23:27:29.404+0530] {logging_mixin.py:190} INFO - [2024-12-11T23:27:29.403+0530] {override.py:1911} INFO - Created Permission View: menu access on DAG Run:example_branch_labels
[2024-12-11T23:27:29.414+0530] {logging_mixin.py:190} INFO - [2024-12-11T23:27:29.413+0530] {override.py:1911} INFO - Created Permission View: can create on DAG Run:example_branch_labels
[2024-12-11T23:27:29.422+0530] {logging_mixin.py:190} INFO - [2024-12-11T23:27:29.421+0530] {override.py:1911} INFO - Created Permission View: can delete on DAG Run:example_branch_labels
[2024-12-11T23:27:29.422+0530] {logging_mixin.py:190} INFO - [2024-12-11T23:27:29.422+0530] {dag.py:3239} INFO - Sync 1 DAGs
[2024-12-11T23:27:29.440+0530] {logging_mixin.py:190} INFO - [2024-12-11T23:27:29.439+0530] {dag.py:3262} INFO - Creating ORM DAG for example_branch_labels
[2024-12-11T23:27:29.452+0530] {logging_mixin.py:190} INFO - [2024-12-11T23:27:29.452+0530] {dag.py:4180} INFO - Setting next_dagrun for example_branch_labels to 2024-12-10 00:00:00+00:00, run_after=2024-12-11 00:00:00+00:00
[2024-12-11T23:27:29.474+0530] {processor.py:208} INFO - Processing /Users/jayesh/Desktop/Personal Work/Movie_data_pipeline/.venv/lib/python3.12/site-packages/airflow/example_dags/example_branch_labels.py took 0.700 seconds
[2024-12-11T23:35:22.426+0530] {processor.py:186} INFO - Started process (PID=10503) to work on /Users/jayesh/Desktop/Personal Work/Movie_data_pipeline/.venv/lib/python3.12/site-packages/airflow/example_dags/example_branch_labels.py
[2024-12-11T23:35:22.429+0530] {processor.py:914} INFO - Processing file /Users/jayesh/Desktop/Personal Work/Movie_data_pipeline/.venv/lib/python3.12/site-packages/airflow/example_dags/example_branch_labels.py for tasks to queue
[2024-12-11T23:35:22.430+0530] {logging_mixin.py:190} INFO - [2024-12-11T23:35:22.430+0530] {dagbag.py:588} INFO - Filling up the DagBag from /Users/jayesh/Desktop/Personal Work/Movie_data_pipeline/.venv/lib/python3.12/site-packages/airflow/example_dags/example_branch_labels.py
[2024-12-11T23:35:22.454+0530] {processor.py:925} INFO - DAG(s) 'example_branch_labels' retrieved from /Users/jayesh/Desktop/Personal Work/Movie_data_pipeline/.venv/lib/python3.12/site-packages/airflow/example_dags/example_branch_labels.py
[2024-12-11T23:35:22.733+0530] {logging_mixin.py:190} INFO - [2024-12-11T23:35:22.732+0530] {dag.py:3239} INFO - Sync 1 DAGs
[2024-12-11T23:35:22.781+0530] {logging_mixin.py:190} INFO - [2024-12-11T23:35:22.781+0530] {dag.py:4180} INFO - Setting next_dagrun for example_branch_labels to 2024-12-10 00:00:00+00:00, run_after=2024-12-11 00:00:00+00:00
[2024-12-11T23:35:22.811+0530] {processor.py:208} INFO - Processing /Users/jayesh/Desktop/Personal Work/Movie_data_pipeline/.venv/lib/python3.12/site-packages/airflow/example_dags/example_branch_labels.py took 0.390 seconds
[2024-12-11T23:45:03.297+0530] {processor.py:186} INFO - Started process (PID=11437) to work on /Users/jayesh/Desktop/Personal Work/Movie_data_pipeline/.venv/lib/python3.12/site-packages/airflow/example_dags/example_branch_labels.py
[2024-12-11T23:45:03.302+0530] {processor.py:914} INFO - Processing file /Users/jayesh/Desktop/Personal Work/Movie_data_pipeline/.venv/lib/python3.12/site-packages/airflow/example_dags/example_branch_labels.py for tasks to queue
[2024-12-11T23:45:03.305+0530] {logging_mixin.py:190} INFO - [2024-12-11T23:45:03.305+0530] {dagbag.py:588} INFO - Filling up the DagBag from /Users/jayesh/Desktop/Personal Work/Movie_data_pipeline/.venv/lib/python3.12/site-packages/airflow/example_dags/example_branch_labels.py
[2024-12-11T23:45:03.341+0530] {processor.py:925} INFO - DAG(s) 'example_branch_labels' retrieved from /Users/jayesh/Desktop/Personal Work/Movie_data_pipeline/.venv/lib/python3.12/site-packages/airflow/example_dags/example_branch_labels.py
[2024-12-11T23:45:03.528+0530] {logging_mixin.py:190} INFO - [2024-12-11T23:45:03.528+0530] {dag.py:3239} INFO - Sync 1 DAGs
[2024-12-11T23:45:03.563+0530] {logging_mixin.py:190} INFO - [2024-12-11T23:45:03.563+0530] {dag.py:4180} INFO - Setting next_dagrun for example_branch_labels to 2024-12-10 00:00:00+00:00, run_after=2024-12-11 00:00:00+00:00
[2024-12-11T23:45:03.586+0530] {processor.py:208} INFO - Processing /Users/jayesh/Desktop/Personal Work/Movie_data_pipeline/.venv/lib/python3.12/site-packages/airflow/example_dags/example_branch_labels.py took 0.293 seconds
[2024-12-11T23:51:27.236+0530] {processor.py:186} INFO - Started process (PID=12230) to work on /Users/jayesh/Desktop/Personal Work/Movie_data_pipeline/.venv/lib/python3.12/site-packages/airflow/example_dags/example_branch_labels.py
[2024-12-11T23:51:27.238+0530] {processor.py:914} INFO - Processing file /Users/jayesh/Desktop/Personal Work/Movie_data_pipeline/.venv/lib/python3.12/site-packages/airflow/example_dags/example_branch_labels.py for tasks to queue
[2024-12-11T23:51:27.240+0530] {logging_mixin.py:190} INFO - [2024-12-11T23:51:27.240+0530] {dagbag.py:588} INFO - Filling up the DagBag from /Users/jayesh/Desktop/Personal Work/Movie_data_pipeline/.venv/lib/python3.12/site-packages/airflow/example_dags/example_branch_labels.py
[2024-12-11T23:51:27.257+0530] {processor.py:925} INFO - DAG(s) 'example_branch_labels' retrieved from /Users/jayesh/Desktop/Personal Work/Movie_data_pipeline/.venv/lib/python3.12/site-packages/airflow/example_dags/example_branch_labels.py
[2024-12-11T23:51:27.402+0530] {logging_mixin.py:190} INFO - [2024-12-11T23:51:27.401+0530] {dag.py:3239} INFO - Sync 1 DAGs
[2024-12-11T23:51:27.424+0530] {logging_mixin.py:190} INFO - [2024-12-11T23:51:27.424+0530] {dag.py:4180} INFO - Setting next_dagrun for example_branch_labels to 2024-12-10 00:00:00+00:00, run_after=2024-12-11 00:00:00+00:00
[2024-12-11T23:51:27.447+0530] {processor.py:208} INFO - Processing /Users/jayesh/Desktop/Personal Work/Movie_data_pipeline/.venv/lib/python3.12/site-packages/airflow/example_dags/example_branch_labels.py took 0.214 seconds
[2024-12-11T23:57:09.234+0530] {processor.py:186} INFO - Started process (PID=12800) to work on /Users/jayesh/Desktop/Personal Work/Movie_data_pipeline/.venv/lib/python3.12/site-packages/airflow/example_dags/example_branch_labels.py
[2024-12-11T23:57:09.237+0530] {processor.py:914} INFO - Processing file /Users/jayesh/Desktop/Personal Work/Movie_data_pipeline/.venv/lib/python3.12/site-packages/airflow/example_dags/example_branch_labels.py for tasks to queue
[2024-12-11T23:57:09.239+0530] {logging_mixin.py:190} INFO - [2024-12-11T23:57:09.238+0530] {dagbag.py:588} INFO - Filling up the DagBag from /Users/jayesh/Desktop/Personal Work/Movie_data_pipeline/.venv/lib/python3.12/site-packages/airflow/example_dags/example_branch_labels.py
[2024-12-11T23:57:09.269+0530] {processor.py:925} INFO - DAG(s) 'example_branch_labels' retrieved from /Users/jayesh/Desktop/Personal Work/Movie_data_pipeline/.venv/lib/python3.12/site-packages/airflow/example_dags/example_branch_labels.py
[2024-12-11T23:57:09.412+0530] {logging_mixin.py:190} INFO - [2024-12-11T23:57:09.412+0530] {dag.py:3239} INFO - Sync 1 DAGs
[2024-12-11T23:57:09.435+0530] {logging_mixin.py:190} INFO - [2024-12-11T23:57:09.434+0530] {dag.py:4180} INFO - Setting next_dagrun for example_branch_labels to 2024-12-10 00:00:00+00:00, run_after=2024-12-11 00:00:00+00:00
[2024-12-11T23:57:09.457+0530] {processor.py:208} INFO - Processing /Users/jayesh/Desktop/Personal Work/Movie_data_pipeline/.venv/lib/python3.12/site-packages/airflow/example_dags/example_branch_labels.py took 0.227 seconds
[2024-12-12T00:02:56.951+0530] {processor.py:186} INFO - Started process (PID=13358) to work on /Users/jayesh/Desktop/Personal Work/Movie_data_pipeline/.venv/lib/python3.12/site-packages/airflow/example_dags/example_branch_labels.py
[2024-12-12T00:02:56.953+0530] {processor.py:914} INFO - Processing file /Users/jayesh/Desktop/Personal Work/Movie_data_pipeline/.venv/lib/python3.12/site-packages/airflow/example_dags/example_branch_labels.py for tasks to queue
[2024-12-12T00:02:56.955+0530] {logging_mixin.py:190} INFO - [2024-12-12T00:02:56.955+0530] {dagbag.py:588} INFO - Filling up the DagBag from /Users/jayesh/Desktop/Personal Work/Movie_data_pipeline/.venv/lib/python3.12/site-packages/airflow/example_dags/example_branch_labels.py
[2024-12-12T00:02:56.969+0530] {processor.py:925} INFO - DAG(s) 'example_branch_labels' retrieved from /Users/jayesh/Desktop/Personal Work/Movie_data_pipeline/.venv/lib/python3.12/site-packages/airflow/example_dags/example_branch_labels.py
[2024-12-12T00:02:57.093+0530] {logging_mixin.py:190} INFO - [2024-12-12T00:02:57.093+0530] {dag.py:3239} INFO - Sync 1 DAGs
[2024-12-12T00:02:57.116+0530] {logging_mixin.py:190} INFO - [2024-12-12T00:02:57.116+0530] {dag.py:4180} INFO - Setting next_dagrun for example_branch_labels to 2024-12-10 00:00:00+00:00, run_after=2024-12-11 00:00:00+00:00
[2024-12-12T00:02:57.140+0530] {processor.py:208} INFO - Processing /Users/jayesh/Desktop/Personal Work/Movie_data_pipeline/.venv/lib/python3.12/site-packages/airflow/example_dags/example_branch_labels.py took 0.193 seconds
[2024-12-12T00:08:44.441+0530] {processor.py:186} INFO - Started process (PID=13905) to work on /Users/jayesh/Desktop/Personal Work/Movie_data_pipeline/.venv/lib/python3.12/site-packages/airflow/example_dags/example_branch_labels.py
[2024-12-12T00:08:44.443+0530] {processor.py:914} INFO - Processing file /Users/jayesh/Desktop/Personal Work/Movie_data_pipeline/.venv/lib/python3.12/site-packages/airflow/example_dags/example_branch_labels.py for tasks to queue
[2024-12-12T00:08:44.445+0530] {logging_mixin.py:190} INFO - [2024-12-12T00:08:44.445+0530] {dagbag.py:588} INFO - Filling up the DagBag from /Users/jayesh/Desktop/Personal Work/Movie_data_pipeline/.venv/lib/python3.12/site-packages/airflow/example_dags/example_branch_labels.py
[2024-12-12T00:08:44.476+0530] {processor.py:925} INFO - DAG(s) 'example_branch_labels' retrieved from /Users/jayesh/Desktop/Personal Work/Movie_data_pipeline/.venv/lib/python3.12/site-packages/airflow/example_dags/example_branch_labels.py
[2024-12-12T00:08:44.631+0530] {logging_mixin.py:190} INFO - [2024-12-12T00:08:44.630+0530] {dag.py:3239} INFO - Sync 1 DAGs
[2024-12-12T00:08:44.653+0530] {logging_mixin.py:190} INFO - [2024-12-12T00:08:44.653+0530] {dag.py:4180} INFO - Setting next_dagrun for example_branch_labels to 2024-12-10 00:00:00+00:00, run_after=2024-12-11 00:00:00+00:00
[2024-12-12T00:08:44.674+0530] {processor.py:208} INFO - Processing /Users/jayesh/Desktop/Personal Work/Movie_data_pipeline/.venv/lib/python3.12/site-packages/airflow/example_dags/example_branch_labels.py took 0.237 seconds
[2024-12-12T00:14:35.187+0530] {processor.py:186} INFO - Started process (PID=14464) to work on /Users/jayesh/Desktop/Personal Work/Movie_data_pipeline/.venv/lib/python3.12/site-packages/airflow/example_dags/example_branch_labels.py
[2024-12-12T00:14:35.189+0530] {processor.py:914} INFO - Processing file /Users/jayesh/Desktop/Personal Work/Movie_data_pipeline/.venv/lib/python3.12/site-packages/airflow/example_dags/example_branch_labels.py for tasks to queue
[2024-12-12T00:14:35.191+0530] {logging_mixin.py:190} INFO - [2024-12-12T00:14:35.190+0530] {dagbag.py:588} INFO - Filling up the DagBag from /Users/jayesh/Desktop/Personal Work/Movie_data_pipeline/.venv/lib/python3.12/site-packages/airflow/example_dags/example_branch_labels.py
[2024-12-12T00:14:35.204+0530] {processor.py:925} INFO - DAG(s) 'example_branch_labels' retrieved from /Users/jayesh/Desktop/Personal Work/Movie_data_pipeline/.venv/lib/python3.12/site-packages/airflow/example_dags/example_branch_labels.py
[2024-12-12T00:14:35.362+0530] {logging_mixin.py:190} INFO - [2024-12-12T00:14:35.362+0530] {dag.py:3239} INFO - Sync 1 DAGs
[2024-12-12T00:14:35.390+0530] {logging_mixin.py:190} INFO - [2024-12-12T00:14:35.389+0530] {dag.py:4180} INFO - Setting next_dagrun for example_branch_labels to 2024-12-10 00:00:00+00:00, run_after=2024-12-11 00:00:00+00:00
[2024-12-12T00:14:35.416+0530] {processor.py:208} INFO - Processing /Users/jayesh/Desktop/Personal Work/Movie_data_pipeline/.venv/lib/python3.12/site-packages/airflow/example_dags/example_branch_labels.py took 0.233 seconds
[2024-12-12T00:20:27.013+0530] {processor.py:186} INFO - Started process (PID=15027) to work on /Users/jayesh/Desktop/Personal Work/Movie_data_pipeline/.venv/lib/python3.12/site-packages/airflow/example_dags/example_branch_labels.py
[2024-12-12T00:20:27.015+0530] {processor.py:914} INFO - Processing file /Users/jayesh/Desktop/Personal Work/Movie_data_pipeline/.venv/lib/python3.12/site-packages/airflow/example_dags/example_branch_labels.py for tasks to queue
[2024-12-12T00:20:27.018+0530] {logging_mixin.py:190} INFO - [2024-12-12T00:20:27.017+0530] {dagbag.py:588} INFO - Filling up the DagBag from /Users/jayesh/Desktop/Personal Work/Movie_data_pipeline/.venv/lib/python3.12/site-packages/airflow/example_dags/example_branch_labels.py
[2024-12-12T00:20:27.054+0530] {processor.py:925} INFO - DAG(s) 'example_branch_labels' retrieved from /Users/jayesh/Desktop/Personal Work/Movie_data_pipeline/.venv/lib/python3.12/site-packages/airflow/example_dags/example_branch_labels.py
[2024-12-12T00:20:27.194+0530] {logging_mixin.py:190} INFO - [2024-12-12T00:20:27.194+0530] {dag.py:3239} INFO - Sync 1 DAGs
[2024-12-12T00:20:27.219+0530] {logging_mixin.py:190} INFO - [2024-12-12T00:20:27.219+0530] {dag.py:4180} INFO - Setting next_dagrun for example_branch_labels to 2024-12-10 00:00:00+00:00, run_after=2024-12-11 00:00:00+00:00
[2024-12-12T00:20:27.243+0530] {processor.py:208} INFO - Processing /Users/jayesh/Desktop/Personal Work/Movie_data_pipeline/.venv/lib/python3.12/site-packages/airflow/example_dags/example_branch_labels.py took 0.235 seconds
[2024-12-12T00:27:13.770+0530] {processor.py:186} INFO - Started process (PID=15676) to work on /Users/jayesh/Desktop/Personal Work/Movie_data_pipeline/.venv/lib/python3.12/site-packages/airflow/example_dags/example_branch_labels.py
[2024-12-12T00:27:13.773+0530] {processor.py:914} INFO - Processing file /Users/jayesh/Desktop/Personal Work/Movie_data_pipeline/.venv/lib/python3.12/site-packages/airflow/example_dags/example_branch_labels.py for tasks to queue
[2024-12-12T00:27:13.775+0530] {logging_mixin.py:190} INFO - [2024-12-12T00:27:13.774+0530] {dagbag.py:588} INFO - Filling up the DagBag from /Users/jayesh/Desktop/Personal Work/Movie_data_pipeline/.venv/lib/python3.12/site-packages/airflow/example_dags/example_branch_labels.py
[2024-12-12T00:27:13.813+0530] {processor.py:925} INFO - DAG(s) 'example_branch_labels' retrieved from /Users/jayesh/Desktop/Personal Work/Movie_data_pipeline/.venv/lib/python3.12/site-packages/airflow/example_dags/example_branch_labels.py
[2024-12-12T00:27:13.981+0530] {logging_mixin.py:190} INFO - [2024-12-12T00:27:13.981+0530] {dag.py:3239} INFO - Sync 1 DAGs
[2024-12-12T00:27:14.038+0530] {logging_mixin.py:190} INFO - [2024-12-12T00:27:14.037+0530] {dag.py:4180} INFO - Setting next_dagrun for example_branch_labels to 2024-12-10 00:00:00+00:00, run_after=2024-12-11 00:00:00+00:00
[2024-12-12T00:27:14.063+0530] {processor.py:208} INFO - Processing /Users/jayesh/Desktop/Personal Work/Movie_data_pipeline/.venv/lib/python3.12/site-packages/airflow/example_dags/example_branch_labels.py took 0.297 seconds
