[2024-12-11T23:26:08.714+0530] {processor.py:186} INFO - Started process (PID=9547) to work on /Users/jayesh/Desktop/Personal Work/Movie_data_pipeline/.venv/lib/python3.12/site-packages/airflow/example_dags/example_outlet_event_extra.py
[2024-12-11T23:26:08.716+0530] {processor.py:914} INFO - Processing file /Users/jayesh/Desktop/Personal Work/Movie_data_pipeline/.venv/lib/python3.12/site-packages/airflow/example_dags/example_outlet_event_extra.py for tasks to queue
[2024-12-11T23:26:08.717+0530] {logging_mixin.py:190} INFO - [2024-12-11T23:26:08.717+0530] {dagbag.py:588} INFO - Filling up the DagBag from /Users/jayesh/Desktop/Personal Work/Movie_data_pipeline/.venv/lib/python3.12/site-packages/airflow/example_dags/example_outlet_event_extra.py
[2024-12-11T23:26:08.912+0530] {processor.py:925} INFO - DAG(s) 'dataset_with_extra_by_context', 'dataset_with_extra_by_yield', 'dataset_with_extra_from_classic_operator' retrieved from /Users/jayesh/Desktop/Personal Work/Movie_data_pipeline/.venv/lib/python3.12/site-packages/airflow/example_dags/example_outlet_event_extra.py
[2024-12-11T23:26:09.354+0530] {logging_mixin.py:190} INFO - [2024-12-11T23:26:09.354+0530] {override.py:1911} INFO - Created Permission View: can read on DAG:dataset_with_extra_by_context
[2024-12-11T23:26:09.370+0530] {logging_mixin.py:190} INFO - [2024-12-11T23:26:09.370+0530] {override.py:1911} INFO - Created Permission View: can delete on DAG:dataset_with_extra_by_context
[2024-12-11T23:26:09.381+0530] {logging_mixin.py:190} INFO - [2024-12-11T23:26:09.381+0530] {override.py:1911} INFO - Created Permission View: can edit on DAG:dataset_with_extra_by_context
[2024-12-11T23:26:09.396+0530] {logging_mixin.py:190} INFO - [2024-12-11T23:26:09.395+0530] {override.py:1911} INFO - Created Permission View: can create on DAG Run:dataset_with_extra_by_context
[2024-12-11T23:26:09.404+0530] {logging_mixin.py:190} INFO - [2024-12-11T23:26:09.403+0530] {override.py:1911} INFO - Created Permission View: can read on DAG Run:dataset_with_extra_by_context
[2024-12-11T23:26:09.412+0530] {logging_mixin.py:190} INFO - [2024-12-11T23:26:09.412+0530] {override.py:1911} INFO - Created Permission View: can delete on DAG Run:dataset_with_extra_by_context
[2024-12-11T23:26:09.420+0530] {logging_mixin.py:190} INFO - [2024-12-11T23:26:09.420+0530] {override.py:1911} INFO - Created Permission View: menu access on DAG Run:dataset_with_extra_by_context
[2024-12-11T23:26:09.441+0530] {logging_mixin.py:190} INFO - [2024-12-11T23:26:09.441+0530] {override.py:1911} INFO - Created Permission View: can read on DAG:dataset_with_extra_by_yield
[2024-12-11T23:26:09.450+0530] {logging_mixin.py:190} INFO - [2024-12-11T23:26:09.450+0530] {override.py:1911} INFO - Created Permission View: can delete on DAG:dataset_with_extra_by_yield
[2024-12-11T23:26:09.459+0530] {logging_mixin.py:190} INFO - [2024-12-11T23:26:09.459+0530] {override.py:1911} INFO - Created Permission View: can edit on DAG:dataset_with_extra_by_yield
[2024-12-11T23:26:09.471+0530] {logging_mixin.py:190} INFO - [2024-12-11T23:26:09.471+0530] {override.py:1911} INFO - Created Permission View: can create on DAG Run:dataset_with_extra_by_yield
[2024-12-11T23:26:09.480+0530] {logging_mixin.py:190} INFO - [2024-12-11T23:26:09.480+0530] {override.py:1911} INFO - Created Permission View: can read on DAG Run:dataset_with_extra_by_yield
[2024-12-11T23:26:09.489+0530] {logging_mixin.py:190} INFO - [2024-12-11T23:26:09.488+0530] {override.py:1911} INFO - Created Permission View: can delete on DAG Run:dataset_with_extra_by_yield
[2024-12-11T23:26:09.500+0530] {logging_mixin.py:190} INFO - [2024-12-11T23:26:09.500+0530] {override.py:1911} INFO - Created Permission View: menu access on DAG Run:dataset_with_extra_by_yield
[2024-12-11T23:26:09.520+0530] {logging_mixin.py:190} INFO - [2024-12-11T23:26:09.519+0530] {override.py:1911} INFO - Created Permission View: can read on DAG:dataset_with_extra_from_classic_operator
[2024-12-11T23:26:09.530+0530] {logging_mixin.py:190} INFO - [2024-12-11T23:26:09.529+0530] {override.py:1911} INFO - Created Permission View: can delete on DAG:dataset_with_extra_from_classic_operator
[2024-12-11T23:26:09.538+0530] {logging_mixin.py:190} INFO - [2024-12-11T23:26:09.537+0530] {override.py:1911} INFO - Created Permission View: can edit on DAG:dataset_with_extra_from_classic_operator
[2024-12-11T23:26:09.550+0530] {logging_mixin.py:190} INFO - [2024-12-11T23:26:09.549+0530] {override.py:1911} INFO - Created Permission View: can create on DAG Run:dataset_with_extra_from_classic_operator
[2024-12-11T23:26:09.559+0530] {logging_mixin.py:190} INFO - [2024-12-11T23:26:09.558+0530] {override.py:1911} INFO - Created Permission View: can read on DAG Run:dataset_with_extra_from_classic_operator
[2024-12-11T23:26:09.566+0530] {logging_mixin.py:190} INFO - [2024-12-11T23:26:09.566+0530] {override.py:1911} INFO - Created Permission View: can delete on DAG Run:dataset_with_extra_from_classic_operator
[2024-12-11T23:26:09.575+0530] {logging_mixin.py:190} INFO - [2024-12-11T23:26:09.575+0530] {override.py:1911} INFO - Created Permission View: menu access on DAG Run:dataset_with_extra_from_classic_operator
[2024-12-11T23:26:09.576+0530] {logging_mixin.py:190} INFO - [2024-12-11T23:26:09.575+0530] {dag.py:3239} INFO - Sync 3 DAGs
[2024-12-11T23:26:09.590+0530] {logging_mixin.py:190} INFO - [2024-12-11T23:26:09.590+0530] {dag.py:3262} INFO - Creating ORM DAG for dataset_with_extra_from_classic_operator
[2024-12-11T23:26:09.591+0530] {logging_mixin.py:190} INFO - [2024-12-11T23:26:09.591+0530] {dag.py:3262} INFO - Creating ORM DAG for dataset_with_extra_by_yield
[2024-12-11T23:26:09.592+0530] {logging_mixin.py:190} INFO - [2024-12-11T23:26:09.592+0530] {dag.py:3262} INFO - Creating ORM DAG for dataset_with_extra_by_context
[2024-12-11T23:26:09.603+0530] {logging_mixin.py:190} INFO - [2024-12-11T23:26:09.603+0530] {dag.py:4180} INFO - Setting next_dagrun for dataset_with_extra_by_context to 2024-12-10 00:00:00+00:00, run_after=2024-12-11 00:00:00+00:00
[2024-12-11T23:26:09.606+0530] {logging_mixin.py:190} INFO - [2024-12-11T23:26:09.606+0530] {dag.py:4180} INFO - Setting next_dagrun for dataset_with_extra_by_yield to 2024-12-10 00:00:00+00:00, run_after=2024-12-11 00:00:00+00:00
[2024-12-11T23:26:09.608+0530] {logging_mixin.py:190} INFO - [2024-12-11T23:26:09.608+0530] {dag.py:4180} INFO - Setting next_dagrun for dataset_with_extra_from_classic_operator to 2024-12-10 00:00:00+00:00, run_after=2024-12-11 00:00:00+00:00
[2024-12-11T23:26:09.647+0530] {logging_mixin.py:190} INFO - [2024-12-11T23:26:09.647+0530] {workday.py:41} WARNING - Could not import pandas. Holidays will not be considered.
[2024-12-11T23:26:09.674+0530] {processor.py:208} INFO - Processing /Users/jayesh/Desktop/Personal Work/Movie_data_pipeline/.venv/lib/python3.12/site-packages/airflow/example_dags/example_outlet_event_extra.py took 0.964 seconds
[2024-12-11T23:30:18.149+0530] {processor.py:186} INFO - Started process (PID=9930) to work on /Users/jayesh/Desktop/Personal Work/Movie_data_pipeline/.venv/lib/python3.12/site-packages/airflow/example_dags/example_outlet_event_extra.py
[2024-12-11T23:30:18.152+0530] {processor.py:914} INFO - Processing file /Users/jayesh/Desktop/Personal Work/Movie_data_pipeline/.venv/lib/python3.12/site-packages/airflow/example_dags/example_outlet_event_extra.py for tasks to queue
[2024-12-11T23:30:18.154+0530] {logging_mixin.py:190} INFO - [2024-12-11T23:30:18.153+0530] {dagbag.py:588} INFO - Filling up the DagBag from /Users/jayesh/Desktop/Personal Work/Movie_data_pipeline/.venv/lib/python3.12/site-packages/airflow/example_dags/example_outlet_event_extra.py
[2024-12-11T23:30:18.343+0530] {processor.py:925} INFO - DAG(s) 'dataset_with_extra_by_context', 'dataset_with_extra_from_classic_operator', 'dataset_with_extra_by_yield' retrieved from /Users/jayesh/Desktop/Personal Work/Movie_data_pipeline/.venv/lib/python3.12/site-packages/airflow/example_dags/example_outlet_event_extra.py
[2024-12-11T23:30:18.518+0530] {logging_mixin.py:190} INFO - [2024-12-11T23:30:18.518+0530] {dag.py:3239} INFO - Sync 3 DAGs
[2024-12-11T23:30:18.548+0530] {logging_mixin.py:190} INFO - [2024-12-11T23:30:18.548+0530] {dag.py:4180} INFO - Setting next_dagrun for dataset_with_extra_by_context to 2024-12-10 00:00:00+00:00, run_after=2024-12-11 00:00:00+00:00
[2024-12-11T23:30:18.554+0530] {logging_mixin.py:190} INFO - [2024-12-11T23:30:18.554+0530] {dag.py:4180} INFO - Setting next_dagrun for dataset_with_extra_by_yield to 2024-12-10 00:00:00+00:00, run_after=2024-12-11 00:00:00+00:00
[2024-12-11T23:30:18.556+0530] {logging_mixin.py:190} INFO - [2024-12-11T23:30:18.556+0530] {dag.py:4180} INFO - Setting next_dagrun for dataset_with_extra_from_classic_operator to 2024-12-10 00:00:00+00:00, run_after=2024-12-11 00:00:00+00:00
[2024-12-11T23:30:18.657+0530] {processor.py:208} INFO - Processing /Users/jayesh/Desktop/Personal Work/Movie_data_pipeline/.venv/lib/python3.12/site-packages/airflow/example_dags/example_outlet_event_extra.py took 0.513 seconds
[2024-12-11T23:34:25.937+0530] {processor.py:186} INFO - Started process (PID=10375) to work on /Users/jayesh/Desktop/Personal Work/Movie_data_pipeline/.venv/lib/python3.12/site-packages/airflow/example_dags/example_outlet_event_extra.py
[2024-12-11T23:34:25.946+0530] {processor.py:914} INFO - Processing file /Users/jayesh/Desktop/Personal Work/Movie_data_pipeline/.venv/lib/python3.12/site-packages/airflow/example_dags/example_outlet_event_extra.py for tasks to queue
[2024-12-11T23:34:25.948+0530] {logging_mixin.py:190} INFO - [2024-12-11T23:34:25.948+0530] {dagbag.py:588} INFO - Filling up the DagBag from /Users/jayesh/Desktop/Personal Work/Movie_data_pipeline/.venv/lib/python3.12/site-packages/airflow/example_dags/example_outlet_event_extra.py
[2024-12-11T23:34:26.186+0530] {processor.py:925} INFO - DAG(s) 'dataset_with_extra_by_yield', 'dataset_with_extra_by_context', 'dataset_with_extra_from_classic_operator' retrieved from /Users/jayesh/Desktop/Personal Work/Movie_data_pipeline/.venv/lib/python3.12/site-packages/airflow/example_dags/example_outlet_event_extra.py
[2024-12-11T23:34:26.425+0530] {logging_mixin.py:190} INFO - [2024-12-11T23:34:26.425+0530] {dag.py:3239} INFO - Sync 3 DAGs
[2024-12-11T23:34:26.481+0530] {logging_mixin.py:190} INFO - [2024-12-11T23:34:26.480+0530] {dag.py:4180} INFO - Setting next_dagrun for dataset_with_extra_by_context to 2024-12-10 00:00:00+00:00, run_after=2024-12-11 00:00:00+00:00
[2024-12-11T23:34:26.495+0530] {logging_mixin.py:190} INFO - [2024-12-11T23:34:26.495+0530] {dag.py:4180} INFO - Setting next_dagrun for dataset_with_extra_by_yield to 2024-12-10 00:00:00+00:00, run_after=2024-12-11 00:00:00+00:00
[2024-12-11T23:34:26.500+0530] {logging_mixin.py:190} INFO - [2024-12-11T23:34:26.498+0530] {dag.py:4180} INFO - Setting next_dagrun for dataset_with_extra_from_classic_operator to 2024-12-10 00:00:00+00:00, run_after=2024-12-11 00:00:00+00:00
[2024-12-11T23:34:26.644+0530] {processor.py:208} INFO - Processing /Users/jayesh/Desktop/Personal Work/Movie_data_pipeline/.venv/lib/python3.12/site-packages/airflow/example_dags/example_outlet_event_extra.py took 0.714 seconds
[2024-12-11T23:38:02.628+0530] {processor.py:186} INFO - Started process (PID=10835) to work on /Users/jayesh/Desktop/Personal Work/Movie_data_pipeline/.venv/lib/python3.12/site-packages/airflow/example_dags/example_outlet_event_extra.py
[2024-12-11T23:38:02.630+0530] {processor.py:914} INFO - Processing file /Users/jayesh/Desktop/Personal Work/Movie_data_pipeline/.venv/lib/python3.12/site-packages/airflow/example_dags/example_outlet_event_extra.py for tasks to queue
[2024-12-11T23:38:02.632+0530] {logging_mixin.py:190} INFO - [2024-12-11T23:38:02.632+0530] {dagbag.py:588} INFO - Filling up the DagBag from /Users/jayesh/Desktop/Personal Work/Movie_data_pipeline/.venv/lib/python3.12/site-packages/airflow/example_dags/example_outlet_event_extra.py
[2024-12-11T23:38:02.814+0530] {processor.py:925} INFO - DAG(s) 'dataset_with_extra_from_classic_operator', 'dataset_with_extra_by_yield', 'dataset_with_extra_by_context' retrieved from /Users/jayesh/Desktop/Personal Work/Movie_data_pipeline/.venv/lib/python3.12/site-packages/airflow/example_dags/example_outlet_event_extra.py
[2024-12-11T23:38:03.000+0530] {logging_mixin.py:190} INFO - [2024-12-11T23:38:03.000+0530] {dag.py:3239} INFO - Sync 3 DAGs
[2024-12-11T23:38:03.051+0530] {logging_mixin.py:190} INFO - [2024-12-11T23:38:03.051+0530] {dag.py:4180} INFO - Setting next_dagrun for dataset_with_extra_by_context to 2024-12-10 00:00:00+00:00, run_after=2024-12-11 00:00:00+00:00
[2024-12-11T23:38:03.056+0530] {logging_mixin.py:190} INFO - [2024-12-11T23:38:03.056+0530] {dag.py:4180} INFO - Setting next_dagrun for dataset_with_extra_by_yield to 2024-12-10 00:00:00+00:00, run_after=2024-12-11 00:00:00+00:00
[2024-12-11T23:38:03.061+0530] {logging_mixin.py:190} INFO - [2024-12-11T23:38:03.060+0530] {dag.py:4180} INFO - Setting next_dagrun for dataset_with_extra_from_classic_operator to 2024-12-10 00:00:00+00:00, run_after=2024-12-11 00:00:00+00:00
[2024-12-11T23:38:03.163+0530] {processor.py:208} INFO - Processing /Users/jayesh/Desktop/Personal Work/Movie_data_pipeline/.venv/lib/python3.12/site-packages/airflow/example_dags/example_outlet_event_extra.py took 0.540 seconds
[2024-12-11T23:43:09.506+0530] {processor.py:186} INFO - Started process (PID=11287) to work on /Users/jayesh/Desktop/Personal Work/Movie_data_pipeline/.venv/lib/python3.12/site-packages/airflow/example_dags/example_outlet_event_extra.py
[2024-12-11T23:43:09.509+0530] {processor.py:914} INFO - Processing file /Users/jayesh/Desktop/Personal Work/Movie_data_pipeline/.venv/lib/python3.12/site-packages/airflow/example_dags/example_outlet_event_extra.py for tasks to queue
[2024-12-11T23:43:09.511+0530] {logging_mixin.py:190} INFO - [2024-12-11T23:43:09.510+0530] {dagbag.py:588} INFO - Filling up the DagBag from /Users/jayesh/Desktop/Personal Work/Movie_data_pipeline/.venv/lib/python3.12/site-packages/airflow/example_dags/example_outlet_event_extra.py
[2024-12-11T23:43:09.751+0530] {processor.py:925} INFO - DAG(s) 'dataset_with_extra_by_context', 'dataset_with_extra_by_yield', 'dataset_with_extra_from_classic_operator' retrieved from /Users/jayesh/Desktop/Personal Work/Movie_data_pipeline/.venv/lib/python3.12/site-packages/airflow/example_dags/example_outlet_event_extra.py
[2024-12-11T23:43:09.995+0530] {logging_mixin.py:190} INFO - [2024-12-11T23:43:09.994+0530] {dag.py:3239} INFO - Sync 3 DAGs
[2024-12-11T23:43:10.086+0530] {logging_mixin.py:190} INFO - [2024-12-11T23:43:10.086+0530] {dag.py:4180} INFO - Setting next_dagrun for dataset_with_extra_by_context to 2024-12-10 00:00:00+00:00, run_after=2024-12-11 00:00:00+00:00
[2024-12-11T23:43:10.094+0530] {logging_mixin.py:190} INFO - [2024-12-11T23:43:10.092+0530] {dag.py:4180} INFO - Setting next_dagrun for dataset_with_extra_by_yield to 2024-12-10 00:00:00+00:00, run_after=2024-12-11 00:00:00+00:00
[2024-12-11T23:43:10.102+0530] {logging_mixin.py:190} INFO - [2024-12-11T23:43:10.102+0530] {dag.py:4180} INFO - Setting next_dagrun for dataset_with_extra_from_classic_operator to 2024-12-10 00:00:00+00:00, run_after=2024-12-11 00:00:00+00:00
[2024-12-11T23:43:10.293+0530] {processor.py:208} INFO - Processing /Users/jayesh/Desktop/Personal Work/Movie_data_pipeline/.venv/lib/python3.12/site-packages/airflow/example_dags/example_outlet_event_extra.py took 0.791 seconds
[2024-12-11T23:47:43.474+0530] {processor.py:186} INFO - Started process (PID=11829) to work on /Users/jayesh/Desktop/Personal Work/Movie_data_pipeline/.venv/lib/python3.12/site-packages/airflow/example_dags/example_outlet_event_extra.py
[2024-12-11T23:47:43.476+0530] {processor.py:914} INFO - Processing file /Users/jayesh/Desktop/Personal Work/Movie_data_pipeline/.venv/lib/python3.12/site-packages/airflow/example_dags/example_outlet_event_extra.py for tasks to queue
[2024-12-11T23:47:43.478+0530] {logging_mixin.py:190} INFO - [2024-12-11T23:47:43.477+0530] {dagbag.py:588} INFO - Filling up the DagBag from /Users/jayesh/Desktop/Personal Work/Movie_data_pipeline/.venv/lib/python3.12/site-packages/airflow/example_dags/example_outlet_event_extra.py
[2024-12-11T23:47:43.579+0530] {processor.py:925} INFO - DAG(s) 'dataset_with_extra_by_context', 'dataset_with_extra_from_classic_operator', 'dataset_with_extra_by_yield' retrieved from /Users/jayesh/Desktop/Personal Work/Movie_data_pipeline/.venv/lib/python3.12/site-packages/airflow/example_dags/example_outlet_event_extra.py
[2024-12-11T23:47:43.719+0530] {logging_mixin.py:190} INFO - [2024-12-11T23:47:43.719+0530] {dag.py:3239} INFO - Sync 3 DAGs
[2024-12-11T23:47:43.744+0530] {logging_mixin.py:190} INFO - [2024-12-11T23:47:43.744+0530] {dag.py:4180} INFO - Setting next_dagrun for dataset_with_extra_by_context to 2024-12-10 00:00:00+00:00, run_after=2024-12-11 00:00:00+00:00
[2024-12-11T23:47:43.750+0530] {logging_mixin.py:190} INFO - [2024-12-11T23:47:43.749+0530] {dag.py:4180} INFO - Setting next_dagrun for dataset_with_extra_by_yield to 2024-12-10 00:00:00+00:00, run_after=2024-12-11 00:00:00+00:00
[2024-12-11T23:47:43.753+0530] {logging_mixin.py:190} INFO - [2024-12-11T23:47:43.752+0530] {dag.py:4180} INFO - Setting next_dagrun for dataset_with_extra_from_classic_operator to 2024-12-10 00:00:00+00:00, run_after=2024-12-11 00:00:00+00:00
[2024-12-11T23:47:43.870+0530] {processor.py:208} INFO - Processing /Users/jayesh/Desktop/Personal Work/Movie_data_pipeline/.venv/lib/python3.12/site-packages/airflow/example_dags/example_outlet_event_extra.py took 0.401 seconds
[2024-12-11T23:50:47.443+0530] {processor.py:186} INFO - Started process (PID=12156) to work on /Users/jayesh/Desktop/Personal Work/Movie_data_pipeline/.venv/lib/python3.12/site-packages/airflow/example_dags/example_outlet_event_extra.py
[2024-12-11T23:50:47.446+0530] {processor.py:914} INFO - Processing file /Users/jayesh/Desktop/Personal Work/Movie_data_pipeline/.venv/lib/python3.12/site-packages/airflow/example_dags/example_outlet_event_extra.py for tasks to queue
[2024-12-11T23:50:47.447+0530] {logging_mixin.py:190} INFO - [2024-12-11T23:50:47.447+0530] {dagbag.py:588} INFO - Filling up the DagBag from /Users/jayesh/Desktop/Personal Work/Movie_data_pipeline/.venv/lib/python3.12/site-packages/airflow/example_dags/example_outlet_event_extra.py
[2024-12-11T23:50:47.631+0530] {processor.py:925} INFO - DAG(s) 'dataset_with_extra_by_context', 'dataset_with_extra_from_classic_operator', 'dataset_with_extra_by_yield' retrieved from /Users/jayesh/Desktop/Personal Work/Movie_data_pipeline/.venv/lib/python3.12/site-packages/airflow/example_dags/example_outlet_event_extra.py
[2024-12-11T23:50:47.770+0530] {logging_mixin.py:190} INFO - [2024-12-11T23:50:47.770+0530] {dag.py:3239} INFO - Sync 3 DAGs
[2024-12-11T23:50:47.799+0530] {logging_mixin.py:190} INFO - [2024-12-11T23:50:47.799+0530] {dag.py:4180} INFO - Setting next_dagrun for dataset_with_extra_by_context to 2024-12-10 00:00:00+00:00, run_after=2024-12-11 00:00:00+00:00
[2024-12-11T23:50:47.805+0530] {logging_mixin.py:190} INFO - [2024-12-11T23:50:47.805+0530] {dag.py:4180} INFO - Setting next_dagrun for dataset_with_extra_by_yield to 2024-12-10 00:00:00+00:00, run_after=2024-12-11 00:00:00+00:00
[2024-12-11T23:50:47.808+0530] {logging_mixin.py:190} INFO - [2024-12-11T23:50:47.808+0530] {dag.py:4180} INFO - Setting next_dagrun for dataset_with_extra_from_classic_operator to 2024-12-10 00:00:00+00:00, run_after=2024-12-11 00:00:00+00:00
[2024-12-11T23:50:47.912+0530] {processor.py:208} INFO - Processing /Users/jayesh/Desktop/Personal Work/Movie_data_pipeline/.venv/lib/python3.12/site-packages/airflow/example_dags/example_outlet_event_extra.py took 0.472 seconds
[2024-12-11T23:53:38.228+0530] {processor.py:186} INFO - Started process (PID=12449) to work on /Users/jayesh/Desktop/Personal Work/Movie_data_pipeline/.venv/lib/python3.12/site-packages/airflow/example_dags/example_outlet_event_extra.py
[2024-12-11T23:53:38.231+0530] {processor.py:914} INFO - Processing file /Users/jayesh/Desktop/Personal Work/Movie_data_pipeline/.venv/lib/python3.12/site-packages/airflow/example_dags/example_outlet_event_extra.py for tasks to queue
[2024-12-11T23:53:38.232+0530] {logging_mixin.py:190} INFO - [2024-12-11T23:53:38.232+0530] {dagbag.py:588} INFO - Filling up the DagBag from /Users/jayesh/Desktop/Personal Work/Movie_data_pipeline/.venv/lib/python3.12/site-packages/airflow/example_dags/example_outlet_event_extra.py
[2024-12-11T23:53:38.411+0530] {processor.py:925} INFO - DAG(s) 'dataset_with_extra_by_context', 'dataset_with_extra_from_classic_operator', 'dataset_with_extra_by_yield' retrieved from /Users/jayesh/Desktop/Personal Work/Movie_data_pipeline/.venv/lib/python3.12/site-packages/airflow/example_dags/example_outlet_event_extra.py
[2024-12-11T23:53:38.535+0530] {logging_mixin.py:190} INFO - [2024-12-11T23:53:38.534+0530] {dag.py:3239} INFO - Sync 3 DAGs
[2024-12-11T23:53:38.559+0530] {logging_mixin.py:190} INFO - [2024-12-11T23:53:38.559+0530] {dag.py:4180} INFO - Setting next_dagrun for dataset_with_extra_by_context to 2024-12-10 00:00:00+00:00, run_after=2024-12-11 00:00:00+00:00
[2024-12-11T23:53:38.564+0530] {logging_mixin.py:190} INFO - [2024-12-11T23:53:38.564+0530] {dag.py:4180} INFO - Setting next_dagrun for dataset_with_extra_by_yield to 2024-12-10 00:00:00+00:00, run_after=2024-12-11 00:00:00+00:00
[2024-12-11T23:53:38.567+0530] {logging_mixin.py:190} INFO - [2024-12-11T23:53:38.567+0530] {dag.py:4180} INFO - Setting next_dagrun for dataset_with_extra_from_classic_operator to 2024-12-10 00:00:00+00:00, run_after=2024-12-11 00:00:00+00:00
[2024-12-11T23:53:38.660+0530] {processor.py:208} INFO - Processing /Users/jayesh/Desktop/Personal Work/Movie_data_pipeline/.venv/lib/python3.12/site-packages/airflow/example_dags/example_outlet_event_extra.py took 0.435 seconds
[2024-12-11T23:56:29.962+0530] {processor.py:186} INFO - Started process (PID=12739) to work on /Users/jayesh/Desktop/Personal Work/Movie_data_pipeline/.venv/lib/python3.12/site-packages/airflow/example_dags/example_outlet_event_extra.py
[2024-12-11T23:56:29.964+0530] {processor.py:914} INFO - Processing file /Users/jayesh/Desktop/Personal Work/Movie_data_pipeline/.venv/lib/python3.12/site-packages/airflow/example_dags/example_outlet_event_extra.py for tasks to queue
[2024-12-11T23:56:29.965+0530] {logging_mixin.py:190} INFO - [2024-12-11T23:56:29.965+0530] {dagbag.py:588} INFO - Filling up the DagBag from /Users/jayesh/Desktop/Personal Work/Movie_data_pipeline/.venv/lib/python3.12/site-packages/airflow/example_dags/example_outlet_event_extra.py
[2024-12-11T23:56:30.155+0530] {processor.py:925} INFO - DAG(s) 'dataset_with_extra_by_context', 'dataset_with_extra_by_yield', 'dataset_with_extra_from_classic_operator' retrieved from /Users/jayesh/Desktop/Personal Work/Movie_data_pipeline/.venv/lib/python3.12/site-packages/airflow/example_dags/example_outlet_event_extra.py
[2024-12-11T23:56:30.308+0530] {logging_mixin.py:190} INFO - [2024-12-11T23:56:30.308+0530] {dag.py:3239} INFO - Sync 3 DAGs
[2024-12-11T23:56:30.338+0530] {logging_mixin.py:190} INFO - [2024-12-11T23:56:30.338+0530] {dag.py:4180} INFO - Setting next_dagrun for dataset_with_extra_by_context to 2024-12-10 00:00:00+00:00, run_after=2024-12-11 00:00:00+00:00
[2024-12-11T23:56:30.345+0530] {logging_mixin.py:190} INFO - [2024-12-11T23:56:30.345+0530] {dag.py:4180} INFO - Setting next_dagrun for dataset_with_extra_by_yield to 2024-12-10 00:00:00+00:00, run_after=2024-12-11 00:00:00+00:00
[2024-12-11T23:56:30.348+0530] {logging_mixin.py:190} INFO - [2024-12-11T23:56:30.348+0530] {dag.py:4180} INFO - Setting next_dagrun for dataset_with_extra_from_classic_operator to 2024-12-10 00:00:00+00:00, run_after=2024-12-11 00:00:00+00:00
[2024-12-11T23:56:30.452+0530] {processor.py:208} INFO - Processing /Users/jayesh/Desktop/Personal Work/Movie_data_pipeline/.venv/lib/python3.12/site-packages/airflow/example_dags/example_outlet_event_extra.py took 0.495 seconds
[2024-12-11T23:59:23.641+0530] {processor.py:186} INFO - Started process (PID=13015) to work on /Users/jayesh/Desktop/Personal Work/Movie_data_pipeline/.venv/lib/python3.12/site-packages/airflow/example_dags/example_outlet_event_extra.py
[2024-12-11T23:59:23.644+0530] {processor.py:914} INFO - Processing file /Users/jayesh/Desktop/Personal Work/Movie_data_pipeline/.venv/lib/python3.12/site-packages/airflow/example_dags/example_outlet_event_extra.py for tasks to queue
[2024-12-11T23:59:23.646+0530] {logging_mixin.py:190} INFO - [2024-12-11T23:59:23.646+0530] {dagbag.py:588} INFO - Filling up the DagBag from /Users/jayesh/Desktop/Personal Work/Movie_data_pipeline/.venv/lib/python3.12/site-packages/airflow/example_dags/example_outlet_event_extra.py
[2024-12-11T23:59:23.837+0530] {processor.py:925} INFO - DAG(s) 'dataset_with_extra_from_classic_operator', 'dataset_with_extra_by_yield', 'dataset_with_extra_by_context' retrieved from /Users/jayesh/Desktop/Personal Work/Movie_data_pipeline/.venv/lib/python3.12/site-packages/airflow/example_dags/example_outlet_event_extra.py
[2024-12-11T23:59:23.982+0530] {logging_mixin.py:190} INFO - [2024-12-11T23:59:23.982+0530] {dag.py:3239} INFO - Sync 3 DAGs
[2024-12-11T23:59:24.009+0530] {logging_mixin.py:190} INFO - [2024-12-11T23:59:24.009+0530] {dag.py:4180} INFO - Setting next_dagrun for dataset_with_extra_by_context to 2024-12-10 00:00:00+00:00, run_after=2024-12-11 00:00:00+00:00
[2024-12-11T23:59:24.017+0530] {logging_mixin.py:190} INFO - [2024-12-11T23:59:24.017+0530] {dag.py:4180} INFO - Setting next_dagrun for dataset_with_extra_by_yield to 2024-12-10 00:00:00+00:00, run_after=2024-12-11 00:00:00+00:00
[2024-12-11T23:59:24.021+0530] {logging_mixin.py:190} INFO - [2024-12-11T23:59:24.021+0530] {dag.py:4180} INFO - Setting next_dagrun for dataset_with_extra_from_classic_operator to 2024-12-10 00:00:00+00:00, run_after=2024-12-11 00:00:00+00:00
[2024-12-11T23:59:24.121+0530] {processor.py:208} INFO - Processing /Users/jayesh/Desktop/Personal Work/Movie_data_pipeline/.venv/lib/python3.12/site-packages/airflow/example_dags/example_outlet_event_extra.py took 0.484 seconds
[2024-12-12T00:02:17.827+0530] {processor.py:186} INFO - Started process (PID=13299) to work on /Users/jayesh/Desktop/Personal Work/Movie_data_pipeline/.venv/lib/python3.12/site-packages/airflow/example_dags/example_outlet_event_extra.py
[2024-12-12T00:02:17.829+0530] {processor.py:914} INFO - Processing file /Users/jayesh/Desktop/Personal Work/Movie_data_pipeline/.venv/lib/python3.12/site-packages/airflow/example_dags/example_outlet_event_extra.py for tasks to queue
[2024-12-12T00:02:17.830+0530] {logging_mixin.py:190} INFO - [2024-12-12T00:02:17.830+0530] {dagbag.py:588} INFO - Filling up the DagBag from /Users/jayesh/Desktop/Personal Work/Movie_data_pipeline/.venv/lib/python3.12/site-packages/airflow/example_dags/example_outlet_event_extra.py
[2024-12-12T00:02:17.999+0530] {processor.py:925} INFO - DAG(s) 'dataset_with_extra_by_yield', 'dataset_with_extra_from_classic_operator', 'dataset_with_extra_by_context' retrieved from /Users/jayesh/Desktop/Personal Work/Movie_data_pipeline/.venv/lib/python3.12/site-packages/airflow/example_dags/example_outlet_event_extra.py
[2024-12-12T00:02:18.148+0530] {logging_mixin.py:190} INFO - [2024-12-12T00:02:18.148+0530] {dag.py:3239} INFO - Sync 3 DAGs
[2024-12-12T00:02:18.181+0530] {logging_mixin.py:190} INFO - [2024-12-12T00:02:18.180+0530] {dag.py:4180} INFO - Setting next_dagrun for dataset_with_extra_by_context to 2024-12-10 00:00:00+00:00, run_after=2024-12-11 00:00:00+00:00
[2024-12-12T00:02:18.189+0530] {logging_mixin.py:190} INFO - [2024-12-12T00:02:18.186+0530] {dag.py:4180} INFO - Setting next_dagrun for dataset_with_extra_by_yield to 2024-12-10 00:00:00+00:00, run_after=2024-12-11 00:00:00+00:00
[2024-12-12T00:02:18.192+0530] {logging_mixin.py:190} INFO - [2024-12-12T00:02:18.192+0530] {dag.py:4180} INFO - Setting next_dagrun for dataset_with_extra_from_classic_operator to 2024-12-10 00:00:00+00:00, run_after=2024-12-11 00:00:00+00:00
[2024-12-12T00:02:18.297+0530] {processor.py:208} INFO - Processing /Users/jayesh/Desktop/Personal Work/Movie_data_pipeline/.venv/lib/python3.12/site-packages/airflow/example_dags/example_outlet_event_extra.py took 0.476 seconds
[2024-12-12T00:05:11.379+0530] {processor.py:186} INFO - Started process (PID=13573) to work on /Users/jayesh/Desktop/Personal Work/Movie_data_pipeline/.venv/lib/python3.12/site-packages/airflow/example_dags/example_outlet_event_extra.py
[2024-12-12T00:05:11.382+0530] {processor.py:914} INFO - Processing file /Users/jayesh/Desktop/Personal Work/Movie_data_pipeline/.venv/lib/python3.12/site-packages/airflow/example_dags/example_outlet_event_extra.py for tasks to queue
[2024-12-12T00:05:11.384+0530] {logging_mixin.py:190} INFO - [2024-12-12T00:05:11.384+0530] {dagbag.py:588} INFO - Filling up the DagBag from /Users/jayesh/Desktop/Personal Work/Movie_data_pipeline/.venv/lib/python3.12/site-packages/airflow/example_dags/example_outlet_event_extra.py
[2024-12-12T00:05:11.585+0530] {processor.py:925} INFO - DAG(s) 'dataset_with_extra_from_classic_operator', 'dataset_with_extra_by_yield', 'dataset_with_extra_by_context' retrieved from /Users/jayesh/Desktop/Personal Work/Movie_data_pipeline/.venv/lib/python3.12/site-packages/airflow/example_dags/example_outlet_event_extra.py
[2024-12-12T00:05:11.752+0530] {logging_mixin.py:190} INFO - [2024-12-12T00:05:11.752+0530] {dag.py:3239} INFO - Sync 3 DAGs
[2024-12-12T00:05:11.791+0530] {logging_mixin.py:190} INFO - [2024-12-12T00:05:11.791+0530] {dag.py:4180} INFO - Setting next_dagrun for dataset_with_extra_by_context to 2024-12-10 00:00:00+00:00, run_after=2024-12-11 00:00:00+00:00
[2024-12-12T00:05:11.798+0530] {logging_mixin.py:190} INFO - [2024-12-12T00:05:11.798+0530] {dag.py:4180} INFO - Setting next_dagrun for dataset_with_extra_by_yield to 2024-12-10 00:00:00+00:00, run_after=2024-12-11 00:00:00+00:00
[2024-12-12T00:05:11.801+0530] {logging_mixin.py:190} INFO - [2024-12-12T00:05:11.800+0530] {dag.py:4180} INFO - Setting next_dagrun for dataset_with_extra_from_classic_operator to 2024-12-10 00:00:00+00:00, run_after=2024-12-11 00:00:00+00:00
[2024-12-12T00:05:11.926+0530] {processor.py:208} INFO - Processing /Users/jayesh/Desktop/Personal Work/Movie_data_pipeline/.venv/lib/python3.12/site-packages/airflow/example_dags/example_outlet_event_extra.py took 0.554 seconds
[2024-12-12T00:08:05.325+0530] {processor.py:186} INFO - Started process (PID=13848) to work on /Users/jayesh/Desktop/Personal Work/Movie_data_pipeline/.venv/lib/python3.12/site-packages/airflow/example_dags/example_outlet_event_extra.py
[2024-12-12T00:08:05.327+0530] {processor.py:914} INFO - Processing file /Users/jayesh/Desktop/Personal Work/Movie_data_pipeline/.venv/lib/python3.12/site-packages/airflow/example_dags/example_outlet_event_extra.py for tasks to queue
[2024-12-12T00:08:05.329+0530] {logging_mixin.py:190} INFO - [2024-12-12T00:08:05.328+0530] {dagbag.py:588} INFO - Filling up the DagBag from /Users/jayesh/Desktop/Personal Work/Movie_data_pipeline/.venv/lib/python3.12/site-packages/airflow/example_dags/example_outlet_event_extra.py
[2024-12-12T00:08:05.513+0530] {processor.py:925} INFO - DAG(s) 'dataset_with_extra_by_context', 'dataset_with_extra_from_classic_operator', 'dataset_with_extra_by_yield' retrieved from /Users/jayesh/Desktop/Personal Work/Movie_data_pipeline/.venv/lib/python3.12/site-packages/airflow/example_dags/example_outlet_event_extra.py
[2024-12-12T00:08:05.686+0530] {logging_mixin.py:190} INFO - [2024-12-12T00:08:05.685+0530] {dag.py:3239} INFO - Sync 3 DAGs
[2024-12-12T00:08:05.714+0530] {logging_mixin.py:190} INFO - [2024-12-12T00:08:05.714+0530] {dag.py:4180} INFO - Setting next_dagrun for dataset_with_extra_by_context to 2024-12-10 00:00:00+00:00, run_after=2024-12-11 00:00:00+00:00
[2024-12-12T00:08:05.720+0530] {logging_mixin.py:190} INFO - [2024-12-12T00:08:05.720+0530] {dag.py:4180} INFO - Setting next_dagrun for dataset_with_extra_by_yield to 2024-12-10 00:00:00+00:00, run_after=2024-12-11 00:00:00+00:00
[2024-12-12T00:08:05.723+0530] {logging_mixin.py:190} INFO - [2024-12-12T00:08:05.723+0530] {dag.py:4180} INFO - Setting next_dagrun for dataset_with_extra_from_classic_operator to 2024-12-10 00:00:00+00:00, run_after=2024-12-11 00:00:00+00:00
[2024-12-12T00:08:05.831+0530] {processor.py:208} INFO - Processing /Users/jayesh/Desktop/Personal Work/Movie_data_pipeline/.venv/lib/python3.12/site-packages/airflow/example_dags/example_outlet_event_extra.py took 0.511 seconds
[2024-12-12T00:11:01.795+0530] {processor.py:186} INFO - Started process (PID=14117) to work on /Users/jayesh/Desktop/Personal Work/Movie_data_pipeline/.venv/lib/python3.12/site-packages/airflow/example_dags/example_outlet_event_extra.py
[2024-12-12T00:11:01.798+0530] {processor.py:914} INFO - Processing file /Users/jayesh/Desktop/Personal Work/Movie_data_pipeline/.venv/lib/python3.12/site-packages/airflow/example_dags/example_outlet_event_extra.py for tasks to queue
[2024-12-12T00:11:01.799+0530] {logging_mixin.py:190} INFO - [2024-12-12T00:11:01.799+0530] {dagbag.py:588} INFO - Filling up the DagBag from /Users/jayesh/Desktop/Personal Work/Movie_data_pipeline/.venv/lib/python3.12/site-packages/airflow/example_dags/example_outlet_event_extra.py
[2024-12-12T00:11:01.987+0530] {processor.py:925} INFO - DAG(s) 'dataset_with_extra_by_yield', 'dataset_with_extra_by_context', 'dataset_with_extra_from_classic_operator' retrieved from /Users/jayesh/Desktop/Personal Work/Movie_data_pipeline/.venv/lib/python3.12/site-packages/airflow/example_dags/example_outlet_event_extra.py
[2024-12-12T00:11:02.110+0530] {logging_mixin.py:190} INFO - [2024-12-12T00:11:02.110+0530] {dag.py:3239} INFO - Sync 3 DAGs
[2024-12-12T00:11:02.134+0530] {logging_mixin.py:190} INFO - [2024-12-12T00:11:02.133+0530] {dag.py:4180} INFO - Setting next_dagrun for dataset_with_extra_by_context to 2024-12-10 00:00:00+00:00, run_after=2024-12-11 00:00:00+00:00
[2024-12-12T00:11:02.139+0530] {logging_mixin.py:190} INFO - [2024-12-12T00:11:02.139+0530] {dag.py:4180} INFO - Setting next_dagrun for dataset_with_extra_by_yield to 2024-12-10 00:00:00+00:00, run_after=2024-12-11 00:00:00+00:00
[2024-12-12T00:11:02.141+0530] {logging_mixin.py:190} INFO - [2024-12-12T00:11:02.141+0530] {dag.py:4180} INFO - Setting next_dagrun for dataset_with_extra_from_classic_operator to 2024-12-10 00:00:00+00:00, run_after=2024-12-11 00:00:00+00:00
[2024-12-12T00:11:02.257+0530] {processor.py:208} INFO - Processing /Users/jayesh/Desktop/Personal Work/Movie_data_pipeline/.venv/lib/python3.12/site-packages/airflow/example_dags/example_outlet_event_extra.py took 0.465 seconds
[2024-12-12T00:13:55.197+0530] {processor.py:186} INFO - Started process (PID=14405) to work on /Users/jayesh/Desktop/Personal Work/Movie_data_pipeline/.venv/lib/python3.12/site-packages/airflow/example_dags/example_outlet_event_extra.py
[2024-12-12T00:13:55.201+0530] {processor.py:914} INFO - Processing file /Users/jayesh/Desktop/Personal Work/Movie_data_pipeline/.venv/lib/python3.12/site-packages/airflow/example_dags/example_outlet_event_extra.py for tasks to queue
[2024-12-12T00:13:55.203+0530] {logging_mixin.py:190} INFO - [2024-12-12T00:13:55.202+0530] {dagbag.py:588} INFO - Filling up the DagBag from /Users/jayesh/Desktop/Personal Work/Movie_data_pipeline/.venv/lib/python3.12/site-packages/airflow/example_dags/example_outlet_event_extra.py
[2024-12-12T00:13:55.401+0530] {processor.py:925} INFO - DAG(s) 'dataset_with_extra_by_context', 'dataset_with_extra_from_classic_operator', 'dataset_with_extra_by_yield' retrieved from /Users/jayesh/Desktop/Personal Work/Movie_data_pipeline/.venv/lib/python3.12/site-packages/airflow/example_dags/example_outlet_event_extra.py
[2024-12-12T00:13:55.527+0530] {logging_mixin.py:190} INFO - [2024-12-12T00:13:55.526+0530] {dag.py:3239} INFO - Sync 3 DAGs
[2024-12-12T00:13:55.554+0530] {logging_mixin.py:190} INFO - [2024-12-12T00:13:55.554+0530] {dag.py:4180} INFO - Setting next_dagrun for dataset_with_extra_by_context to 2024-12-10 00:00:00+00:00, run_after=2024-12-11 00:00:00+00:00
[2024-12-12T00:13:55.559+0530] {logging_mixin.py:190} INFO - [2024-12-12T00:13:55.559+0530] {dag.py:4180} INFO - Setting next_dagrun for dataset_with_extra_by_yield to 2024-12-10 00:00:00+00:00, run_after=2024-12-11 00:00:00+00:00
[2024-12-12T00:13:55.561+0530] {logging_mixin.py:190} INFO - [2024-12-12T00:13:55.561+0530] {dag.py:4180} INFO - Setting next_dagrun for dataset_with_extra_from_classic_operator to 2024-12-10 00:00:00+00:00, run_after=2024-12-11 00:00:00+00:00
[2024-12-12T00:13:55.657+0530] {processor.py:208} INFO - Processing /Users/jayesh/Desktop/Personal Work/Movie_data_pipeline/.venv/lib/python3.12/site-packages/airflow/example_dags/example_outlet_event_extra.py took 0.465 seconds
[2024-12-12T00:16:47.528+0530] {processor.py:186} INFO - Started process (PID=14675) to work on /Users/jayesh/Desktop/Personal Work/Movie_data_pipeline/.venv/lib/python3.12/site-packages/airflow/example_dags/example_outlet_event_extra.py
[2024-12-12T00:16:47.531+0530] {processor.py:914} INFO - Processing file /Users/jayesh/Desktop/Personal Work/Movie_data_pipeline/.venv/lib/python3.12/site-packages/airflow/example_dags/example_outlet_event_extra.py for tasks to queue
[2024-12-12T00:16:47.534+0530] {logging_mixin.py:190} INFO - [2024-12-12T00:16:47.533+0530] {dagbag.py:588} INFO - Filling up the DagBag from /Users/jayesh/Desktop/Personal Work/Movie_data_pipeline/.venv/lib/python3.12/site-packages/airflow/example_dags/example_outlet_event_extra.py
[2024-12-12T00:16:47.738+0530] {processor.py:925} INFO - DAG(s) 'dataset_with_extra_by_context', 'dataset_with_extra_by_yield', 'dataset_with_extra_from_classic_operator' retrieved from /Users/jayesh/Desktop/Personal Work/Movie_data_pipeline/.venv/lib/python3.12/site-packages/airflow/example_dags/example_outlet_event_extra.py
[2024-12-12T00:16:47.884+0530] {logging_mixin.py:190} INFO - [2024-12-12T00:16:47.883+0530] {dag.py:3239} INFO - Sync 3 DAGs
[2024-12-12T00:16:47.913+0530] {logging_mixin.py:190} INFO - [2024-12-12T00:16:47.912+0530] {dag.py:4180} INFO - Setting next_dagrun for dataset_with_extra_by_context to 2024-12-10 00:00:00+00:00, run_after=2024-12-11 00:00:00+00:00
[2024-12-12T00:16:47.919+0530] {logging_mixin.py:190} INFO - [2024-12-12T00:16:47.919+0530] {dag.py:4180} INFO - Setting next_dagrun for dataset_with_extra_by_yield to 2024-12-10 00:00:00+00:00, run_after=2024-12-11 00:00:00+00:00
[2024-12-12T00:16:47.922+0530] {logging_mixin.py:190} INFO - [2024-12-12T00:16:47.922+0530] {dag.py:4180} INFO - Setting next_dagrun for dataset_with_extra_from_classic_operator to 2024-12-10 00:00:00+00:00, run_after=2024-12-11 00:00:00+00:00
[2024-12-12T00:16:48.058+0530] {processor.py:208} INFO - Processing /Users/jayesh/Desktop/Personal Work/Movie_data_pipeline/.venv/lib/python3.12/site-packages/airflow/example_dags/example_outlet_event_extra.py took 0.534 seconds
[2024-12-12T00:19:42.005+0530] {processor.py:186} INFO - Started process (PID=14959) to work on /Users/jayesh/Desktop/Personal Work/Movie_data_pipeline/.venv/lib/python3.12/site-packages/airflow/example_dags/example_outlet_event_extra.py
[2024-12-12T00:19:42.007+0530] {processor.py:914} INFO - Processing file /Users/jayesh/Desktop/Personal Work/Movie_data_pipeline/.venv/lib/python3.12/site-packages/airflow/example_dags/example_outlet_event_extra.py for tasks to queue
[2024-12-12T00:19:42.009+0530] {logging_mixin.py:190} INFO - [2024-12-12T00:19:42.009+0530] {dagbag.py:588} INFO - Filling up the DagBag from /Users/jayesh/Desktop/Personal Work/Movie_data_pipeline/.venv/lib/python3.12/site-packages/airflow/example_dags/example_outlet_event_extra.py
[2024-12-12T00:19:42.191+0530] {processor.py:925} INFO - DAG(s) 'dataset_with_extra_from_classic_operator', 'dataset_with_extra_by_yield', 'dataset_with_extra_by_context' retrieved from /Users/jayesh/Desktop/Personal Work/Movie_data_pipeline/.venv/lib/python3.12/site-packages/airflow/example_dags/example_outlet_event_extra.py
[2024-12-12T00:19:42.315+0530] {logging_mixin.py:190} INFO - [2024-12-12T00:19:42.315+0530] {dag.py:3239} INFO - Sync 3 DAGs
[2024-12-12T00:19:42.339+0530] {logging_mixin.py:190} INFO - [2024-12-12T00:19:42.339+0530] {dag.py:4180} INFO - Setting next_dagrun for dataset_with_extra_by_context to 2024-12-10 00:00:00+00:00, run_after=2024-12-11 00:00:00+00:00
[2024-12-12T00:19:42.344+0530] {logging_mixin.py:190} INFO - [2024-12-12T00:19:42.344+0530] {dag.py:4180} INFO - Setting next_dagrun for dataset_with_extra_by_yield to 2024-12-10 00:00:00+00:00, run_after=2024-12-11 00:00:00+00:00
[2024-12-12T00:19:42.347+0530] {logging_mixin.py:190} INFO - [2024-12-12T00:19:42.347+0530] {dag.py:4180} INFO - Setting next_dagrun for dataset_with_extra_from_classic_operator to 2024-12-10 00:00:00+00:00, run_after=2024-12-11 00:00:00+00:00
[2024-12-12T00:19:42.442+0530] {processor.py:208} INFO - Processing /Users/jayesh/Desktop/Personal Work/Movie_data_pipeline/.venv/lib/python3.12/site-packages/airflow/example_dags/example_outlet_event_extra.py took 0.441 seconds
[2024-12-12T00:22:51.523+0530] {processor.py:186} INFO - Started process (PID=15253) to work on /Users/jayesh/Desktop/Personal Work/Movie_data_pipeline/.venv/lib/python3.12/site-packages/airflow/example_dags/example_outlet_event_extra.py
[2024-12-12T00:22:51.526+0530] {processor.py:914} INFO - Processing file /Users/jayesh/Desktop/Personal Work/Movie_data_pipeline/.venv/lib/python3.12/site-packages/airflow/example_dags/example_outlet_event_extra.py for tasks to queue
[2024-12-12T00:22:51.527+0530] {logging_mixin.py:190} INFO - [2024-12-12T00:22:51.527+0530] {dagbag.py:588} INFO - Filling up the DagBag from /Users/jayesh/Desktop/Personal Work/Movie_data_pipeline/.venv/lib/python3.12/site-packages/airflow/example_dags/example_outlet_event_extra.py
[2024-12-12T00:22:51.726+0530] {processor.py:925} INFO - DAG(s) 'dataset_with_extra_by_yield', 'dataset_with_extra_by_context', 'dataset_with_extra_from_classic_operator' retrieved from /Users/jayesh/Desktop/Personal Work/Movie_data_pipeline/.venv/lib/python3.12/site-packages/airflow/example_dags/example_outlet_event_extra.py
[2024-12-12T00:22:51.851+0530] {logging_mixin.py:190} INFO - [2024-12-12T00:22:51.851+0530] {dag.py:3239} INFO - Sync 3 DAGs
[2024-12-12T00:22:51.879+0530] {logging_mixin.py:190} INFO - [2024-12-12T00:22:51.878+0530] {dag.py:4180} INFO - Setting next_dagrun for dataset_with_extra_by_context to 2024-12-10 00:00:00+00:00, run_after=2024-12-11 00:00:00+00:00
[2024-12-12T00:22:51.884+0530] {logging_mixin.py:190} INFO - [2024-12-12T00:22:51.883+0530] {dag.py:4180} INFO - Setting next_dagrun for dataset_with_extra_by_yield to 2024-12-10 00:00:00+00:00, run_after=2024-12-11 00:00:00+00:00
[2024-12-12T00:22:51.887+0530] {logging_mixin.py:190} INFO - [2024-12-12T00:22:51.887+0530] {dag.py:4180} INFO - Setting next_dagrun for dataset_with_extra_from_classic_operator to 2024-12-10 00:00:00+00:00, run_after=2024-12-11 00:00:00+00:00
[2024-12-12T00:22:52.006+0530] {processor.py:208} INFO - Processing /Users/jayesh/Desktop/Personal Work/Movie_data_pipeline/.venv/lib/python3.12/site-packages/airflow/example_dags/example_outlet_event_extra.py took 0.489 seconds
[2024-12-12T00:26:32.796+0530] {processor.py:186} INFO - Started process (PID=15614) to work on /Users/jayesh/Desktop/Personal Work/Movie_data_pipeline/.venv/lib/python3.12/site-packages/airflow/example_dags/example_outlet_event_extra.py
[2024-12-12T00:26:32.798+0530] {processor.py:914} INFO - Processing file /Users/jayesh/Desktop/Personal Work/Movie_data_pipeline/.venv/lib/python3.12/site-packages/airflow/example_dags/example_outlet_event_extra.py for tasks to queue
[2024-12-12T00:26:32.800+0530] {logging_mixin.py:190} INFO - [2024-12-12T00:26:32.799+0530] {dagbag.py:588} INFO - Filling up the DagBag from /Users/jayesh/Desktop/Personal Work/Movie_data_pipeline/.venv/lib/python3.12/site-packages/airflow/example_dags/example_outlet_event_extra.py
[2024-12-12T00:26:32.988+0530] {processor.py:925} INFO - DAG(s) 'dataset_with_extra_by_yield', 'dataset_with_extra_by_context', 'dataset_with_extra_from_classic_operator' retrieved from /Users/jayesh/Desktop/Personal Work/Movie_data_pipeline/.venv/lib/python3.12/site-packages/airflow/example_dags/example_outlet_event_extra.py
[2024-12-12T00:26:33.143+0530] {logging_mixin.py:190} INFO - [2024-12-12T00:26:33.142+0530] {dag.py:3239} INFO - Sync 3 DAGs
[2024-12-12T00:26:33.172+0530] {logging_mixin.py:190} INFO - [2024-12-12T00:26:33.172+0530] {dag.py:4180} INFO - Setting next_dagrun for dataset_with_extra_by_context to 2024-12-10 00:00:00+00:00, run_after=2024-12-11 00:00:00+00:00
[2024-12-12T00:26:33.178+0530] {logging_mixin.py:190} INFO - [2024-12-12T00:26:33.178+0530] {dag.py:4180} INFO - Setting next_dagrun for dataset_with_extra_by_yield to 2024-12-10 00:00:00+00:00, run_after=2024-12-11 00:00:00+00:00
[2024-12-12T00:26:33.181+0530] {logging_mixin.py:190} INFO - [2024-12-12T00:26:33.180+0530] {dag.py:4180} INFO - Setting next_dagrun for dataset_with_extra_from_classic_operator to 2024-12-10 00:00:00+00:00, run_after=2024-12-11 00:00:00+00:00
[2024-12-12T00:26:33.277+0530] {processor.py:208} INFO - Processing /Users/jayesh/Desktop/Personal Work/Movie_data_pipeline/.venv/lib/python3.12/site-packages/airflow/example_dags/example_outlet_event_extra.py took 0.486 seconds
