[2024-12-11T23:26:38.072+0530] {processor.py:186} INFO - Started process (PID=9587) to work on /Users/jayesh/Desktop/Personal Work/Movie_data_pipeline/.venv/lib/python3.12/site-packages/airflow/example_dags/example_external_task_marker_dag.py
[2024-12-11T23:26:38.073+0530] {processor.py:914} INFO - Processing file /Users/jayesh/Desktop/Personal Work/Movie_data_pipeline/.venv/lib/python3.12/site-packages/airflow/example_dags/example_external_task_marker_dag.py for tasks to queue
[2024-12-11T23:26:38.075+0530] {logging_mixin.py:190} INFO - [2024-12-11T23:26:38.074+0530] {dagbag.py:588} INFO - Filling up the DagBag from /Users/jayesh/Desktop/Personal Work/Movie_data_pipeline/.venv/lib/python3.12/site-packages/airflow/example_dags/example_external_task_marker_dag.py
[2024-12-11T23:26:38.097+0530] {processor.py:925} INFO - DAG(s) 'example_external_task_marker_parent', 'example_external_task_marker_child' retrieved from /Users/jayesh/Desktop/Personal Work/Movie_data_pipeline/.venv/lib/python3.12/site-packages/airflow/example_dags/example_external_task_marker_dag.py
[2024-12-11T23:26:38.538+0530] {logging_mixin.py:190} INFO - [2024-12-11T23:26:38.537+0530] {override.py:1911} INFO - Created Permission View: can read on DAG:example_external_task_marker_parent
[2024-12-11T23:26:38.554+0530] {logging_mixin.py:190} INFO - [2024-12-11T23:26:38.553+0530] {override.py:1911} INFO - Created Permission View: can delete on DAG:example_external_task_marker_parent
[2024-12-11T23:26:38.562+0530] {logging_mixin.py:190} INFO - [2024-12-11T23:26:38.561+0530] {override.py:1911} INFO - Created Permission View: can edit on DAG:example_external_task_marker_parent
[2024-12-11T23:26:38.574+0530] {logging_mixin.py:190} INFO - [2024-12-11T23:26:38.574+0530] {override.py:1911} INFO - Created Permission View: can read on DAG Run:example_external_task_marker_parent
[2024-12-11T23:26:38.585+0530] {logging_mixin.py:190} INFO - [2024-12-11T23:26:38.584+0530] {override.py:1911} INFO - Created Permission View: can delete on DAG Run:example_external_task_marker_parent
[2024-12-11T23:26:38.594+0530] {logging_mixin.py:190} INFO - [2024-12-11T23:26:38.594+0530] {override.py:1911} INFO - Created Permission View: can create on DAG Run:example_external_task_marker_parent
[2024-12-11T23:26:38.603+0530] {logging_mixin.py:190} INFO - [2024-12-11T23:26:38.603+0530] {override.py:1911} INFO - Created Permission View: menu access on DAG Run:example_external_task_marker_parent
[2024-12-11T23:26:38.609+0530] {logging_mixin.py:190} INFO - [2024-12-11T23:26:38.609+0530] {workday.py:41} WARNING - Could not import pandas. Holidays will not be considered.
[2024-12-11T23:26:38.648+0530] {logging_mixin.py:190} INFO - [2024-12-11T23:26:38.647+0530] {override.py:1911} INFO - Created Permission View: can read on DAG:example_external_task_marker_child
[2024-12-11T23:26:38.662+0530] {logging_mixin.py:190} INFO - [2024-12-11T23:26:38.661+0530] {override.py:1911} INFO - Created Permission View: can delete on DAG:example_external_task_marker_child
[2024-12-11T23:26:38.673+0530] {logging_mixin.py:190} INFO - [2024-12-11T23:26:38.673+0530] {override.py:1911} INFO - Created Permission View: can edit on DAG:example_external_task_marker_child
[2024-12-11T23:26:38.687+0530] {logging_mixin.py:190} INFO - [2024-12-11T23:26:38.686+0530] {override.py:1911} INFO - Created Permission View: can read on DAG Run:example_external_task_marker_child
[2024-12-11T23:26:38.696+0530] {logging_mixin.py:190} INFO - [2024-12-11T23:26:38.695+0530] {override.py:1911} INFO - Created Permission View: can delete on DAG Run:example_external_task_marker_child
[2024-12-11T23:26:38.704+0530] {logging_mixin.py:190} INFO - [2024-12-11T23:26:38.704+0530] {override.py:1911} INFO - Created Permission View: can create on DAG Run:example_external_task_marker_child
[2024-12-11T23:26:38.713+0530] {logging_mixin.py:190} INFO - [2024-12-11T23:26:38.713+0530] {override.py:1911} INFO - Created Permission View: menu access on DAG Run:example_external_task_marker_child
[2024-12-11T23:26:38.714+0530] {logging_mixin.py:190} INFO - [2024-12-11T23:26:38.713+0530] {dag.py:3239} INFO - Sync 2 DAGs
[2024-12-11T23:26:38.727+0530] {logging_mixin.py:190} INFO - [2024-12-11T23:26:38.727+0530] {dag.py:3262} INFO - Creating ORM DAG for example_external_task_marker_child
[2024-12-11T23:26:38.728+0530] {logging_mixin.py:190} INFO - [2024-12-11T23:26:38.728+0530] {dag.py:3262} INFO - Creating ORM DAG for example_external_task_marker_parent
[2024-12-11T23:26:38.729+0530] {logging_mixin.py:190} INFO - [2024-12-11T23:26:38.728+0530] {dag.py:4180} INFO - Setting next_dagrun for example_external_task_marker_child to None, run_after=None
[2024-12-11T23:26:38.729+0530] {logging_mixin.py:190} INFO - [2024-12-11T23:26:38.729+0530] {dag.py:4180} INFO - Setting next_dagrun for example_external_task_marker_parent to None, run_after=None
[2024-12-11T23:26:38.754+0530] {processor.py:208} INFO - Processing /Users/jayesh/Desktop/Personal Work/Movie_data_pipeline/.venv/lib/python3.12/site-packages/airflow/example_dags/example_external_task_marker_dag.py took 0.689 seconds
[2024-12-11T23:30:46.939+0530] {processor.py:186} INFO - Started process (PID=9970) to work on /Users/jayesh/Desktop/Personal Work/Movie_data_pipeline/.venv/lib/python3.12/site-packages/airflow/example_dags/example_external_task_marker_dag.py
[2024-12-11T23:30:46.943+0530] {processor.py:914} INFO - Processing file /Users/jayesh/Desktop/Personal Work/Movie_data_pipeline/.venv/lib/python3.12/site-packages/airflow/example_dags/example_external_task_marker_dag.py for tasks to queue
[2024-12-11T23:30:46.945+0530] {logging_mixin.py:190} INFO - [2024-12-11T23:30:46.945+0530] {dagbag.py:588} INFO - Filling up the DagBag from /Users/jayesh/Desktop/Personal Work/Movie_data_pipeline/.venv/lib/python3.12/site-packages/airflow/example_dags/example_external_task_marker_dag.py
[2024-12-11T23:30:46.964+0530] {processor.py:925} INFO - DAG(s) 'example_external_task_marker_child', 'example_external_task_marker_parent' retrieved from /Users/jayesh/Desktop/Personal Work/Movie_data_pipeline/.venv/lib/python3.12/site-packages/airflow/example_dags/example_external_task_marker_dag.py
[2024-12-11T23:30:47.117+0530] {logging_mixin.py:190} INFO - [2024-12-11T23:30:47.116+0530] {workday.py:41} WARNING - Could not import pandas. Holidays will not be considered.
[2024-12-11T23:30:47.155+0530] {logging_mixin.py:190} INFO - [2024-12-11T23:30:47.154+0530] {dag.py:3239} INFO - Sync 2 DAGs
[2024-12-11T23:30:47.170+0530] {logging_mixin.py:190} INFO - [2024-12-11T23:30:47.169+0530] {dag.py:4180} INFO - Setting next_dagrun for example_external_task_marker_child to None, run_after=None
[2024-12-11T23:30:47.174+0530] {logging_mixin.py:190} INFO - [2024-12-11T23:30:47.173+0530] {dag.py:4180} INFO - Setting next_dagrun for example_external_task_marker_parent to None, run_after=None
[2024-12-11T23:30:47.195+0530] {processor.py:208} INFO - Processing /Users/jayesh/Desktop/Personal Work/Movie_data_pipeline/.venv/lib/python3.12/site-packages/airflow/example_dags/example_external_task_marker_dag.py took 0.259 seconds
[2024-12-11T23:34:58.913+0530] {processor.py:186} INFO - Started process (PID=10453) to work on /Users/jayesh/Desktop/Personal Work/Movie_data_pipeline/.venv/lib/python3.12/site-packages/airflow/example_dags/example_external_task_marker_dag.py
[2024-12-11T23:34:58.916+0530] {processor.py:914} INFO - Processing file /Users/jayesh/Desktop/Personal Work/Movie_data_pipeline/.venv/lib/python3.12/site-packages/airflow/example_dags/example_external_task_marker_dag.py for tasks to queue
[2024-12-11T23:34:58.918+0530] {logging_mixin.py:190} INFO - [2024-12-11T23:34:58.918+0530] {dagbag.py:588} INFO - Filling up the DagBag from /Users/jayesh/Desktop/Personal Work/Movie_data_pipeline/.venv/lib/python3.12/site-packages/airflow/example_dags/example_external_task_marker_dag.py
[2024-12-11T23:34:58.937+0530] {processor.py:925} INFO - DAG(s) 'example_external_task_marker_parent', 'example_external_task_marker_child' retrieved from /Users/jayesh/Desktop/Personal Work/Movie_data_pipeline/.venv/lib/python3.12/site-packages/airflow/example_dags/example_external_task_marker_dag.py
[2024-12-11T23:34:59.073+0530] {logging_mixin.py:190} INFO - [2024-12-11T23:34:59.073+0530] {workday.py:41} WARNING - Could not import pandas. Holidays will not be considered.
[2024-12-11T23:34:59.099+0530] {logging_mixin.py:190} INFO - [2024-12-11T23:34:59.098+0530] {dag.py:3239} INFO - Sync 2 DAGs
[2024-12-11T23:34:59.113+0530] {logging_mixin.py:190} INFO - [2024-12-11T23:34:59.113+0530] {dag.py:4180} INFO - Setting next_dagrun for example_external_task_marker_child to None, run_after=None
[2024-12-11T23:34:59.117+0530] {logging_mixin.py:190} INFO - [2024-12-11T23:34:59.117+0530] {dag.py:4180} INFO - Setting next_dagrun for example_external_task_marker_parent to None, run_after=None
[2024-12-11T23:34:59.147+0530] {processor.py:208} INFO - Processing /Users/jayesh/Desktop/Personal Work/Movie_data_pipeline/.venv/lib/python3.12/site-packages/airflow/example_dags/example_external_task_marker_dag.py took 0.240 seconds
[2024-12-11T23:38:38.183+0530] {processor.py:186} INFO - Started process (PID=10895) to work on /Users/jayesh/Desktop/Personal Work/Movie_data_pipeline/.venv/lib/python3.12/site-packages/airflow/example_dags/example_external_task_marker_dag.py
[2024-12-11T23:38:38.186+0530] {processor.py:914} INFO - Processing file /Users/jayesh/Desktop/Personal Work/Movie_data_pipeline/.venv/lib/python3.12/site-packages/airflow/example_dags/example_external_task_marker_dag.py for tasks to queue
[2024-12-11T23:38:38.188+0530] {logging_mixin.py:190} INFO - [2024-12-11T23:38:38.188+0530] {dagbag.py:588} INFO - Filling up the DagBag from /Users/jayesh/Desktop/Personal Work/Movie_data_pipeline/.venv/lib/python3.12/site-packages/airflow/example_dags/example_external_task_marker_dag.py
[2024-12-11T23:38:38.214+0530] {processor.py:925} INFO - DAG(s) 'example_external_task_marker_child', 'example_external_task_marker_parent' retrieved from /Users/jayesh/Desktop/Personal Work/Movie_data_pipeline/.venv/lib/python3.12/site-packages/airflow/example_dags/example_external_task_marker_dag.py
[2024-12-11T23:38:38.347+0530] {logging_mixin.py:190} INFO - [2024-12-11T23:38:38.347+0530] {workday.py:41} WARNING - Could not import pandas. Holidays will not be considered.
[2024-12-11T23:38:38.380+0530] {logging_mixin.py:190} INFO - [2024-12-11T23:38:38.379+0530] {dag.py:3239} INFO - Sync 2 DAGs
[2024-12-11T23:38:38.398+0530] {logging_mixin.py:190} INFO - [2024-12-11T23:38:38.397+0530] {dag.py:4180} INFO - Setting next_dagrun for example_external_task_marker_child to None, run_after=None
[2024-12-11T23:38:38.402+0530] {logging_mixin.py:190} INFO - [2024-12-11T23:38:38.402+0530] {dag.py:4180} INFO - Setting next_dagrun for example_external_task_marker_parent to None, run_after=None
[2024-12-11T23:38:38.425+0530] {processor.py:208} INFO - Processing /Users/jayesh/Desktop/Personal Work/Movie_data_pipeline/.venv/lib/python3.12/site-packages/airflow/example_dags/example_external_task_marker_dag.py took 0.250 seconds
[2024-12-11T23:44:14.440+0530] {processor.py:186} INFO - Started process (PID=11367) to work on /Users/jayesh/Desktop/Personal Work/Movie_data_pipeline/.venv/lib/python3.12/site-packages/airflow/example_dags/example_external_task_marker_dag.py
[2024-12-11T23:44:14.450+0530] {processor.py:914} INFO - Processing file /Users/jayesh/Desktop/Personal Work/Movie_data_pipeline/.venv/lib/python3.12/site-packages/airflow/example_dags/example_external_task_marker_dag.py for tasks to queue
[2024-12-11T23:44:14.555+0530] {logging_mixin.py:190} INFO - [2024-12-11T23:44:14.555+0530] {dagbag.py:588} INFO - Filling up the DagBag from /Users/jayesh/Desktop/Personal Work/Movie_data_pipeline/.venv/lib/python3.12/site-packages/airflow/example_dags/example_external_task_marker_dag.py
[2024-12-11T23:44:14.767+0530] {processor.py:925} INFO - DAG(s) 'example_external_task_marker_child', 'example_external_task_marker_parent' retrieved from /Users/jayesh/Desktop/Personal Work/Movie_data_pipeline/.venv/lib/python3.12/site-packages/airflow/example_dags/example_external_task_marker_dag.py
[2024-12-11T23:44:15.354+0530] {logging_mixin.py:190} INFO - [2024-12-11T23:44:15.354+0530] {workday.py:41} WARNING - Could not import pandas. Holidays will not be considered.
[2024-12-11T23:44:15.431+0530] {logging_mixin.py:190} INFO - [2024-12-11T23:44:15.431+0530] {dag.py:3239} INFO - Sync 2 DAGs
[2024-12-11T23:44:15.473+0530] {logging_mixin.py:190} INFO - [2024-12-11T23:44:15.473+0530] {dag.py:4180} INFO - Setting next_dagrun for example_external_task_marker_child to None, run_after=None
[2024-12-11T23:44:15.484+0530] {logging_mixin.py:190} INFO - [2024-12-11T23:44:15.482+0530] {dag.py:4180} INFO - Setting next_dagrun for example_external_task_marker_parent to None, run_after=None
[2024-12-11T23:44:15.530+0530] {processor.py:208} INFO - Processing /Users/jayesh/Desktop/Personal Work/Movie_data_pipeline/.venv/lib/python3.12/site-packages/airflow/example_dags/example_external_task_marker_dag.py took 1.096 seconds
[2024-12-11T23:48:11.752+0530] {processor.py:186} INFO - Started process (PID=11867) to work on /Users/jayesh/Desktop/Personal Work/Movie_data_pipeline/.venv/lib/python3.12/site-packages/airflow/example_dags/example_external_task_marker_dag.py
[2024-12-11T23:48:11.755+0530] {processor.py:914} INFO - Processing file /Users/jayesh/Desktop/Personal Work/Movie_data_pipeline/.venv/lib/python3.12/site-packages/airflow/example_dags/example_external_task_marker_dag.py for tasks to queue
[2024-12-11T23:48:11.757+0530] {logging_mixin.py:190} INFO - [2024-12-11T23:48:11.756+0530] {dagbag.py:588} INFO - Filling up the DagBag from /Users/jayesh/Desktop/Personal Work/Movie_data_pipeline/.venv/lib/python3.12/site-packages/airflow/example_dags/example_external_task_marker_dag.py
[2024-12-11T23:48:11.779+0530] {processor.py:925} INFO - DAG(s) 'example_external_task_marker_parent', 'example_external_task_marker_child' retrieved from /Users/jayesh/Desktop/Personal Work/Movie_data_pipeline/.venv/lib/python3.12/site-packages/airflow/example_dags/example_external_task_marker_dag.py
[2024-12-11T23:48:11.925+0530] {logging_mixin.py:190} INFO - [2024-12-11T23:48:11.925+0530] {workday.py:41} WARNING - Could not import pandas. Holidays will not be considered.
[2024-12-11T23:48:11.952+0530] {logging_mixin.py:190} INFO - [2024-12-11T23:48:11.952+0530] {dag.py:3239} INFO - Sync 2 DAGs
[2024-12-11T23:48:11.971+0530] {logging_mixin.py:190} INFO - [2024-12-11T23:48:11.970+0530] {dag.py:4180} INFO - Setting next_dagrun for example_external_task_marker_child to None, run_after=None
[2024-12-11T23:48:11.975+0530] {logging_mixin.py:190} INFO - [2024-12-11T23:48:11.975+0530] {dag.py:4180} INFO - Setting next_dagrun for example_external_task_marker_parent to None, run_after=None
[2024-12-11T23:48:11.998+0530] {processor.py:208} INFO - Processing /Users/jayesh/Desktop/Personal Work/Movie_data_pipeline/.venv/lib/python3.12/site-packages/airflow/example_dags/example_external_task_marker_dag.py took 0.250 seconds
[2024-12-11T23:51:12.803+0530] {processor.py:186} INFO - Started process (PID=12194) to work on /Users/jayesh/Desktop/Personal Work/Movie_data_pipeline/.venv/lib/python3.12/site-packages/airflow/example_dags/example_external_task_marker_dag.py
[2024-12-11T23:51:12.806+0530] {processor.py:914} INFO - Processing file /Users/jayesh/Desktop/Personal Work/Movie_data_pipeline/.venv/lib/python3.12/site-packages/airflow/example_dags/example_external_task_marker_dag.py for tasks to queue
[2024-12-11T23:51:12.807+0530] {logging_mixin.py:190} INFO - [2024-12-11T23:51:12.807+0530] {dagbag.py:588} INFO - Filling up the DagBag from /Users/jayesh/Desktop/Personal Work/Movie_data_pipeline/.venv/lib/python3.12/site-packages/airflow/example_dags/example_external_task_marker_dag.py
[2024-12-11T23:51:12.834+0530] {processor.py:925} INFO - DAG(s) 'example_external_task_marker_parent', 'example_external_task_marker_child' retrieved from /Users/jayesh/Desktop/Personal Work/Movie_data_pipeline/.venv/lib/python3.12/site-packages/airflow/example_dags/example_external_task_marker_dag.py
[2024-12-11T23:51:12.984+0530] {logging_mixin.py:190} INFO - [2024-12-11T23:51:12.984+0530] {workday.py:41} WARNING - Could not import pandas. Holidays will not be considered.
[2024-12-11T23:51:13.016+0530] {logging_mixin.py:190} INFO - [2024-12-11T23:51:13.016+0530] {dag.py:3239} INFO - Sync 2 DAGs
[2024-12-11T23:51:13.034+0530] {logging_mixin.py:190} INFO - [2024-12-11T23:51:13.033+0530] {dag.py:4180} INFO - Setting next_dagrun for example_external_task_marker_child to None, run_after=None
[2024-12-11T23:51:13.038+0530] {logging_mixin.py:190} INFO - [2024-12-11T23:51:13.038+0530] {dag.py:4180} INFO - Setting next_dagrun for example_external_task_marker_parent to None, run_after=None
[2024-12-11T23:51:13.059+0530] {processor.py:208} INFO - Processing /Users/jayesh/Desktop/Personal Work/Movie_data_pipeline/.venv/lib/python3.12/site-packages/airflow/example_dags/example_external_task_marker_dag.py took 0.260 seconds
[2024-12-11T23:56:55.562+0530] {processor.py:186} INFO - Started process (PID=12780) to work on /Users/jayesh/Desktop/Personal Work/Movie_data_pipeline/.venv/lib/python3.12/site-packages/airflow/example_dags/example_external_task_marker_dag.py
[2024-12-11T23:56:55.565+0530] {processor.py:914} INFO - Processing file /Users/jayesh/Desktop/Personal Work/Movie_data_pipeline/.venv/lib/python3.12/site-packages/airflow/example_dags/example_external_task_marker_dag.py for tasks to queue
[2024-12-11T23:56:55.566+0530] {logging_mixin.py:190} INFO - [2024-12-11T23:56:55.566+0530] {dagbag.py:588} INFO - Filling up the DagBag from /Users/jayesh/Desktop/Personal Work/Movie_data_pipeline/.venv/lib/python3.12/site-packages/airflow/example_dags/example_external_task_marker_dag.py
[2024-12-11T23:56:55.583+0530] {processor.py:925} INFO - DAG(s) 'example_external_task_marker_child', 'example_external_task_marker_parent' retrieved from /Users/jayesh/Desktop/Personal Work/Movie_data_pipeline/.venv/lib/python3.12/site-packages/airflow/example_dags/example_external_task_marker_dag.py
[2024-12-11T23:56:55.703+0530] {logging_mixin.py:190} INFO - [2024-12-11T23:56:55.702+0530] {workday.py:41} WARNING - Could not import pandas. Holidays will not be considered.
[2024-12-11T23:56:55.740+0530] {logging_mixin.py:190} INFO - [2024-12-11T23:56:55.740+0530] {dag.py:3239} INFO - Sync 2 DAGs
[2024-12-11T23:56:55.755+0530] {logging_mixin.py:190} INFO - [2024-12-11T23:56:55.755+0530] {dag.py:4180} INFO - Setting next_dagrun for example_external_task_marker_child to None, run_after=None
[2024-12-11T23:56:55.759+0530] {logging_mixin.py:190} INFO - [2024-12-11T23:56:55.758+0530] {dag.py:4180} INFO - Setting next_dagrun for example_external_task_marker_parent to None, run_after=None
[2024-12-11T23:56:55.779+0530] {processor.py:208} INFO - Processing /Users/jayesh/Desktop/Personal Work/Movie_data_pipeline/.venv/lib/python3.12/site-packages/airflow/example_dags/example_external_task_marker_dag.py took 0.224 seconds
[2024-12-12T00:02:43.222+0530] {processor.py:186} INFO - Started process (PID=13336) to work on /Users/jayesh/Desktop/Personal Work/Movie_data_pipeline/.venv/lib/python3.12/site-packages/airflow/example_dags/example_external_task_marker_dag.py
[2024-12-12T00:02:43.224+0530] {processor.py:914} INFO - Processing file /Users/jayesh/Desktop/Personal Work/Movie_data_pipeline/.venv/lib/python3.12/site-packages/airflow/example_dags/example_external_task_marker_dag.py for tasks to queue
[2024-12-12T00:02:43.226+0530] {logging_mixin.py:190} INFO - [2024-12-12T00:02:43.226+0530] {dagbag.py:588} INFO - Filling up the DagBag from /Users/jayesh/Desktop/Personal Work/Movie_data_pipeline/.venv/lib/python3.12/site-packages/airflow/example_dags/example_external_task_marker_dag.py
[2024-12-12T00:02:43.243+0530] {processor.py:925} INFO - DAG(s) 'example_external_task_marker_parent', 'example_external_task_marker_child' retrieved from /Users/jayesh/Desktop/Personal Work/Movie_data_pipeline/.venv/lib/python3.12/site-packages/airflow/example_dags/example_external_task_marker_dag.py
[2024-12-12T00:02:43.370+0530] {logging_mixin.py:190} INFO - [2024-12-12T00:02:43.369+0530] {workday.py:41} WARNING - Could not import pandas. Holidays will not be considered.
[2024-12-12T00:02:43.400+0530] {logging_mixin.py:190} INFO - [2024-12-12T00:02:43.400+0530] {dag.py:3239} INFO - Sync 2 DAGs
[2024-12-12T00:02:43.414+0530] {logging_mixin.py:190} INFO - [2024-12-12T00:02:43.414+0530] {dag.py:4180} INFO - Setting next_dagrun for example_external_task_marker_child to None, run_after=None
[2024-12-12T00:02:43.418+0530] {logging_mixin.py:190} INFO - [2024-12-12T00:02:43.418+0530] {dag.py:4180} INFO - Setting next_dagrun for example_external_task_marker_parent to None, run_after=None
[2024-12-12T00:02:43.438+0530] {processor.py:208} INFO - Processing /Users/jayesh/Desktop/Personal Work/Movie_data_pipeline/.venv/lib/python3.12/site-packages/airflow/example_dags/example_external_task_marker_dag.py took 0.220 seconds
[2024-12-12T00:08:30.913+0530] {processor.py:186} INFO - Started process (PID=13884) to work on /Users/jayesh/Desktop/Personal Work/Movie_data_pipeline/.venv/lib/python3.12/site-packages/airflow/example_dags/example_external_task_marker_dag.py
[2024-12-12T00:08:30.915+0530] {processor.py:914} INFO - Processing file /Users/jayesh/Desktop/Personal Work/Movie_data_pipeline/.venv/lib/python3.12/site-packages/airflow/example_dags/example_external_task_marker_dag.py for tasks to queue
[2024-12-12T00:08:30.917+0530] {logging_mixin.py:190} INFO - [2024-12-12T00:08:30.917+0530] {dagbag.py:588} INFO - Filling up the DagBag from /Users/jayesh/Desktop/Personal Work/Movie_data_pipeline/.venv/lib/python3.12/site-packages/airflow/example_dags/example_external_task_marker_dag.py
[2024-12-12T00:08:30.935+0530] {processor.py:925} INFO - DAG(s) 'example_external_task_marker_child', 'example_external_task_marker_parent' retrieved from /Users/jayesh/Desktop/Personal Work/Movie_data_pipeline/.venv/lib/python3.12/site-packages/airflow/example_dags/example_external_task_marker_dag.py
[2024-12-12T00:08:31.057+0530] {logging_mixin.py:190} INFO - [2024-12-12T00:08:31.057+0530] {workday.py:41} WARNING - Could not import pandas. Holidays will not be considered.
[2024-12-12T00:08:31.089+0530] {logging_mixin.py:190} INFO - [2024-12-12T00:08:31.089+0530] {dag.py:3239} INFO - Sync 2 DAGs
[2024-12-12T00:08:31.103+0530] {logging_mixin.py:190} INFO - [2024-12-12T00:08:31.103+0530] {dag.py:4180} INFO - Setting next_dagrun for example_external_task_marker_child to None, run_after=None
[2024-12-12T00:08:31.107+0530] {logging_mixin.py:190} INFO - [2024-12-12T00:08:31.107+0530] {dag.py:4180} INFO - Setting next_dagrun for example_external_task_marker_parent to None, run_after=None
[2024-12-12T00:08:31.126+0530] {processor.py:208} INFO - Processing /Users/jayesh/Desktop/Personal Work/Movie_data_pipeline/.venv/lib/python3.12/site-packages/airflow/example_dags/example_external_task_marker_dag.py took 0.218 seconds
[2024-12-12T00:14:21.292+0530] {processor.py:186} INFO - Started process (PID=14443) to work on /Users/jayesh/Desktop/Personal Work/Movie_data_pipeline/.venv/lib/python3.12/site-packages/airflow/example_dags/example_external_task_marker_dag.py
[2024-12-12T00:14:21.295+0530] {processor.py:914} INFO - Processing file /Users/jayesh/Desktop/Personal Work/Movie_data_pipeline/.venv/lib/python3.12/site-packages/airflow/example_dags/example_external_task_marker_dag.py for tasks to queue
[2024-12-12T00:14:21.296+0530] {logging_mixin.py:190} INFO - [2024-12-12T00:14:21.296+0530] {dagbag.py:588} INFO - Filling up the DagBag from /Users/jayesh/Desktop/Personal Work/Movie_data_pipeline/.venv/lib/python3.12/site-packages/airflow/example_dags/example_external_task_marker_dag.py
[2024-12-12T00:14:21.313+0530] {processor.py:925} INFO - DAG(s) 'example_external_task_marker_parent', 'example_external_task_marker_child' retrieved from /Users/jayesh/Desktop/Personal Work/Movie_data_pipeline/.venv/lib/python3.12/site-packages/airflow/example_dags/example_external_task_marker_dag.py
[2024-12-12T00:14:21.441+0530] {logging_mixin.py:190} INFO - [2024-12-12T00:14:21.441+0530] {workday.py:41} WARNING - Could not import pandas. Holidays will not be considered.
[2024-12-12T00:14:21.466+0530] {logging_mixin.py:190} INFO - [2024-12-12T00:14:21.466+0530] {dag.py:3239} INFO - Sync 2 DAGs
[2024-12-12T00:14:21.481+0530] {logging_mixin.py:190} INFO - [2024-12-12T00:14:21.481+0530] {dag.py:4180} INFO - Setting next_dagrun for example_external_task_marker_child to None, run_after=None
[2024-12-12T00:14:21.485+0530] {logging_mixin.py:190} INFO - [2024-12-12T00:14:21.484+0530] {dag.py:4180} INFO - Setting next_dagrun for example_external_task_marker_parent to None, run_after=None
[2024-12-12T00:14:21.508+0530] {processor.py:208} INFO - Processing /Users/jayesh/Desktop/Personal Work/Movie_data_pipeline/.venv/lib/python3.12/site-packages/airflow/example_dags/example_external_task_marker_dag.py took 0.219 seconds
[2024-12-12T00:20:08.066+0530] {processor.py:186} INFO - Started process (PID=14994) to work on /Users/jayesh/Desktop/Personal Work/Movie_data_pipeline/.venv/lib/python3.12/site-packages/airflow/example_dags/example_external_task_marker_dag.py
[2024-12-12T00:20:08.068+0530] {processor.py:914} INFO - Processing file /Users/jayesh/Desktop/Personal Work/Movie_data_pipeline/.venv/lib/python3.12/site-packages/airflow/example_dags/example_external_task_marker_dag.py for tasks to queue
[2024-12-12T00:20:08.070+0530] {logging_mixin.py:190} INFO - [2024-12-12T00:20:08.069+0530] {dagbag.py:588} INFO - Filling up the DagBag from /Users/jayesh/Desktop/Personal Work/Movie_data_pipeline/.venv/lib/python3.12/site-packages/airflow/example_dags/example_external_task_marker_dag.py
[2024-12-12T00:20:08.103+0530] {processor.py:925} INFO - DAG(s) 'example_external_task_marker_parent', 'example_external_task_marker_child' retrieved from /Users/jayesh/Desktop/Personal Work/Movie_data_pipeline/.venv/lib/python3.12/site-packages/airflow/example_dags/example_external_task_marker_dag.py
[2024-12-12T00:20:08.272+0530] {logging_mixin.py:190} INFO - [2024-12-12T00:20:08.271+0530] {workday.py:41} WARNING - Could not import pandas. Holidays will not be considered.
[2024-12-12T00:20:08.305+0530] {logging_mixin.py:190} INFO - [2024-12-12T00:20:08.304+0530] {dag.py:3239} INFO - Sync 2 DAGs
[2024-12-12T00:20:08.325+0530] {logging_mixin.py:190} INFO - [2024-12-12T00:20:08.325+0530] {dag.py:4180} INFO - Setting next_dagrun for example_external_task_marker_child to None, run_after=None
[2024-12-12T00:20:08.329+0530] {logging_mixin.py:190} INFO - [2024-12-12T00:20:08.328+0530] {dag.py:4180} INFO - Setting next_dagrun for example_external_task_marker_parent to None, run_after=None
[2024-12-12T00:20:08.356+0530] {processor.py:208} INFO - Processing /Users/jayesh/Desktop/Personal Work/Movie_data_pipeline/.venv/lib/python3.12/site-packages/airflow/example_dags/example_external_task_marker_dag.py took 0.296 seconds
[2024-12-12T00:23:17.181+0530] {processor.py:186} INFO - Started process (PID=15288) to work on /Users/jayesh/Desktop/Personal Work/Movie_data_pipeline/.venv/lib/python3.12/site-packages/airflow/example_dags/example_external_task_marker_dag.py
[2024-12-12T00:23:17.187+0530] {processor.py:914} INFO - Processing file /Users/jayesh/Desktop/Personal Work/Movie_data_pipeline/.venv/lib/python3.12/site-packages/airflow/example_dags/example_external_task_marker_dag.py for tasks to queue
[2024-12-12T00:23:17.190+0530] {logging_mixin.py:190} INFO - [2024-12-12T00:23:17.189+0530] {dagbag.py:588} INFO - Filling up the DagBag from /Users/jayesh/Desktop/Personal Work/Movie_data_pipeline/.venv/lib/python3.12/site-packages/airflow/example_dags/example_external_task_marker_dag.py
[2024-12-12T00:23:17.227+0530] {processor.py:925} INFO - DAG(s) 'example_external_task_marker_child', 'example_external_task_marker_parent' retrieved from /Users/jayesh/Desktop/Personal Work/Movie_data_pipeline/.venv/lib/python3.12/site-packages/airflow/example_dags/example_external_task_marker_dag.py
[2024-12-12T00:23:17.387+0530] {logging_mixin.py:190} INFO - [2024-12-12T00:23:17.387+0530] {workday.py:41} WARNING - Could not import pandas. Holidays will not be considered.
[2024-12-12T00:23:17.429+0530] {logging_mixin.py:190} INFO - [2024-12-12T00:23:17.428+0530] {dag.py:3239} INFO - Sync 2 DAGs
[2024-12-12T00:23:17.452+0530] {logging_mixin.py:190} INFO - [2024-12-12T00:23:17.451+0530] {dag.py:4180} INFO - Setting next_dagrun for example_external_task_marker_child to None, run_after=None
[2024-12-12T00:23:17.456+0530] {logging_mixin.py:190} INFO - [2024-12-12T00:23:17.456+0530] {dag.py:4180} INFO - Setting next_dagrun for example_external_task_marker_parent to None, run_after=None
[2024-12-12T00:23:17.481+0530] {processor.py:208} INFO - Processing /Users/jayesh/Desktop/Personal Work/Movie_data_pipeline/.venv/lib/python3.12/site-packages/airflow/example_dags/example_external_task_marker_dag.py took 0.308 seconds
[2024-12-12T00:26:59.754+0530] {processor.py:186} INFO - Started process (PID=15650) to work on /Users/jayesh/Desktop/Personal Work/Movie_data_pipeline/.venv/lib/python3.12/site-packages/airflow/example_dags/example_external_task_marker_dag.py
[2024-12-12T00:26:59.757+0530] {processor.py:914} INFO - Processing file /Users/jayesh/Desktop/Personal Work/Movie_data_pipeline/.venv/lib/python3.12/site-packages/airflow/example_dags/example_external_task_marker_dag.py for tasks to queue
[2024-12-12T00:26:59.759+0530] {logging_mixin.py:190} INFO - [2024-12-12T00:26:59.758+0530] {dagbag.py:588} INFO - Filling up the DagBag from /Users/jayesh/Desktop/Personal Work/Movie_data_pipeline/.venv/lib/python3.12/site-packages/airflow/example_dags/example_external_task_marker_dag.py
[2024-12-12T00:26:59.775+0530] {processor.py:925} INFO - DAG(s) 'example_external_task_marker_parent', 'example_external_task_marker_child' retrieved from /Users/jayesh/Desktop/Personal Work/Movie_data_pipeline/.venv/lib/python3.12/site-packages/airflow/example_dags/example_external_task_marker_dag.py
[2024-12-12T00:26:59.899+0530] {logging_mixin.py:190} INFO - [2024-12-12T00:26:59.899+0530] {workday.py:41} WARNING - Could not import pandas. Holidays will not be considered.
[2024-12-12T00:26:59.926+0530] {logging_mixin.py:190} INFO - [2024-12-12T00:26:59.926+0530] {dag.py:3239} INFO - Sync 2 DAGs
[2024-12-12T00:26:59.940+0530] {logging_mixin.py:190} INFO - [2024-12-12T00:26:59.940+0530] {dag.py:4180} INFO - Setting next_dagrun for example_external_task_marker_child to None, run_after=None
[2024-12-12T00:26:59.944+0530] {logging_mixin.py:190} INFO - [2024-12-12T00:26:59.944+0530] {dag.py:4180} INFO - Setting next_dagrun for example_external_task_marker_parent to None, run_after=None
[2024-12-12T00:26:59.967+0530] {processor.py:208} INFO - Processing /Users/jayesh/Desktop/Personal Work/Movie_data_pipeline/.venv/lib/python3.12/site-packages/airflow/example_dags/example_external_task_marker_dag.py took 0.216 seconds
