[2024-12-11T23:24:14.466+0530] {processor.py:186} INFO - Started process (PID=9306) to work on /Users/jayesh/Desktop/Personal Work/Movie_data_pipeline/.venv/lib/python3.12/site-packages/airflow/example_dags/example_workday_timetable.py
[2024-12-11T23:24:14.467+0530] {processor.py:914} INFO - Processing file /Users/jayesh/Desktop/Personal Work/Movie_data_pipeline/.venv/lib/python3.12/site-packages/airflow/example_dags/example_workday_timetable.py for tasks to queue
[2024-12-11T23:24:14.469+0530] {logging_mixin.py:190} INFO - [2024-12-11T23:24:14.468+0530] {dagbag.py:588} INFO - Filling up the DagBag from /Users/jayesh/Desktop/Personal Work/Movie_data_pipeline/.venv/lib/python3.12/site-packages/airflow/example_dags/example_workday_timetable.py
[2024-12-11T23:24:14.476+0530] {logging_mixin.py:190} INFO - [2024-12-11T23:24:14.475+0530] {workday.py:41} WARNING - Could not import pandas. Holidays will not be considered.
[2024-12-11T23:24:14.488+0530] {processor.py:925} INFO - DAG(s) 'example_workday_timetable' retrieved from /Users/jayesh/Desktop/Personal Work/Movie_data_pipeline/.venv/lib/python3.12/site-packages/airflow/example_dags/example_workday_timetable.py
[2024-12-11T23:24:14.714+0530] {logging_mixin.py:190} INFO - [2024-12-11T23:24:14.714+0530] {workday.py:41} WARNING - Could not import pandas. Holidays will not be considered.
[2024-12-11T23:24:15.489+0530] {logging_mixin.py:190} INFO - [2024-12-11T23:24:15.488+0530] {override.py:1911} INFO - Created Permission View: can delete on DAG:example_workday_timetable
[2024-12-11T23:24:15.515+0530] {logging_mixin.py:190} INFO - [2024-12-11T23:24:15.514+0530] {override.py:1911} INFO - Created Permission View: can read on DAG:example_workday_timetable
[2024-12-11T23:24:15.537+0530] {logging_mixin.py:190} INFO - [2024-12-11T23:24:15.535+0530] {override.py:1911} INFO - Created Permission View: can edit on DAG:example_workday_timetable
[2024-12-11T23:24:15.753+0530] {logging_mixin.py:190} INFO - [2024-12-11T23:24:15.749+0530] {override.py:1911} INFO - Created Permission View: can delete on DAG Run:example_workday_timetable
[2024-12-11T23:24:15.784+0530] {logging_mixin.py:190} INFO - [2024-12-11T23:24:15.784+0530] {override.py:1911} INFO - Created Permission View: can read on DAG Run:example_workday_timetable
[2024-12-11T23:24:15.814+0530] {logging_mixin.py:190} INFO - [2024-12-11T23:24:15.813+0530] {override.py:1911} INFO - Created Permission View: can create on DAG Run:example_workday_timetable
[2024-12-11T23:24:15.835+0530] {logging_mixin.py:190} INFO - [2024-12-11T23:24:15.834+0530] {override.py:1911} INFO - Created Permission View: menu access on DAG Run:example_workday_timetable
[2024-12-11T23:24:15.836+0530] {logging_mixin.py:190} INFO - [2024-12-11T23:24:15.835+0530] {dag.py:3239} INFO - Sync 1 DAGs
[2024-12-11T23:24:15.867+0530] {logging_mixin.py:190} INFO - [2024-12-11T23:24:15.866+0530] {dag.py:3262} INFO - Creating ORM DAG for example_workday_timetable
[2024-12-11T23:24:15.895+0530] {logging_mixin.py:190} INFO - [2024-12-11T23:24:15.894+0530] {dag.py:4180} INFO - Setting next_dagrun for example_workday_timetable to 2021-01-01 00:00:00+00:00, run_after=2021-01-02 00:00:00+00:00
[2024-12-11T23:24:15.935+0530] {processor.py:208} INFO - Processing /Users/jayesh/Desktop/Personal Work/Movie_data_pipeline/.venv/lib/python3.12/site-packages/airflow/example_dags/example_workday_timetable.py took 1.475 seconds
[2024-12-11T23:28:57.768+0530] {processor.py:186} INFO - Started process (PID=9801) to work on /Users/jayesh/Desktop/Personal Work/Movie_data_pipeline/.venv/lib/python3.12/site-packages/airflow/example_dags/example_workday_timetable.py
[2024-12-11T23:28:57.771+0530] {processor.py:914} INFO - Processing file /Users/jayesh/Desktop/Personal Work/Movie_data_pipeline/.venv/lib/python3.12/site-packages/airflow/example_dags/example_workday_timetable.py for tasks to queue
[2024-12-11T23:28:57.775+0530] {logging_mixin.py:190} INFO - [2024-12-11T23:28:57.775+0530] {dagbag.py:588} INFO - Filling up the DagBag from /Users/jayesh/Desktop/Personal Work/Movie_data_pipeline/.venv/lib/python3.12/site-packages/airflow/example_dags/example_workday_timetable.py
[2024-12-11T23:28:57.781+0530] {logging_mixin.py:190} INFO - [2024-12-11T23:28:57.781+0530] {workday.py:41} WARNING - Could not import pandas. Holidays will not be considered.
[2024-12-11T23:28:57.788+0530] {processor.py:925} INFO - DAG(s) 'example_workday_timetable' retrieved from /Users/jayesh/Desktop/Personal Work/Movie_data_pipeline/.venv/lib/python3.12/site-packages/airflow/example_dags/example_workday_timetable.py
[2024-12-11T23:28:57.933+0530] {logging_mixin.py:190} INFO - [2024-12-11T23:28:57.933+0530] {workday.py:41} WARNING - Could not import pandas. Holidays will not be considered.
[2024-12-11T23:28:57.978+0530] {logging_mixin.py:190} INFO - [2024-12-11T23:28:57.978+0530] {dag.py:3239} INFO - Sync 1 DAGs
[2024-12-11T23:28:58.007+0530] {logging_mixin.py:190} INFO - [2024-12-11T23:28:58.006+0530] {dag.py:4180} INFO - Setting next_dagrun for example_workday_timetable to 2021-01-01 00:00:00+00:00, run_after=2021-01-02 00:00:00+00:00
[2024-12-11T23:28:58.030+0530] {processor.py:208} INFO - Processing /Users/jayesh/Desktop/Personal Work/Movie_data_pipeline/.venv/lib/python3.12/site-packages/airflow/example_dags/example_workday_timetable.py took 0.266 seconds
[2024-12-11T23:32:31.405+0530] {processor.py:186} INFO - Started process (PID=10134) to work on /Users/jayesh/Desktop/Personal Work/Movie_data_pipeline/.venv/lib/python3.12/site-packages/airflow/example_dags/example_workday_timetable.py
[2024-12-11T23:32:31.416+0530] {processor.py:914} INFO - Processing file /Users/jayesh/Desktop/Personal Work/Movie_data_pipeline/.venv/lib/python3.12/site-packages/airflow/example_dags/example_workday_timetable.py for tasks to queue
[2024-12-11T23:32:31.561+0530] {logging_mixin.py:190} INFO - [2024-12-11T23:32:31.560+0530] {dagbag.py:588} INFO - Filling up the DagBag from /Users/jayesh/Desktop/Personal Work/Movie_data_pipeline/.venv/lib/python3.12/site-packages/airflow/example_dags/example_workday_timetable.py
[2024-12-11T23:32:31.589+0530] {logging_mixin.py:190} INFO - [2024-12-11T23:32:31.589+0530] {workday.py:41} WARNING - Could not import pandas. Holidays will not be considered.
[2024-12-11T23:32:31.609+0530] {processor.py:925} INFO - DAG(s) 'example_workday_timetable' retrieved from /Users/jayesh/Desktop/Personal Work/Movie_data_pipeline/.venv/lib/python3.12/site-packages/airflow/example_dags/example_workday_timetable.py
[2024-12-11T23:32:31.934+0530] {logging_mixin.py:190} INFO - [2024-12-11T23:32:31.934+0530] {workday.py:41} WARNING - Could not import pandas. Holidays will not be considered.
[2024-12-11T23:32:31.976+0530] {logging_mixin.py:190} INFO - [2024-12-11T23:32:31.976+0530] {dag.py:3239} INFO - Sync 1 DAGs
[2024-12-11T23:32:32.003+0530] {logging_mixin.py:190} INFO - [2024-12-11T23:32:32.002+0530] {dag.py:4180} INFO - Setting next_dagrun for example_workday_timetable to 2021-01-01 00:00:00+00:00, run_after=2021-01-02 00:00:00+00:00
[2024-12-11T23:32:32.034+0530] {processor.py:208} INFO - Processing /Users/jayesh/Desktop/Personal Work/Movie_data_pipeline/.venv/lib/python3.12/site-packages/airflow/example_dags/example_workday_timetable.py took 0.637 seconds
[2024-12-11T23:36:36.682+0530] {processor.py:186} INFO - Started process (PID=10690) to work on /Users/jayesh/Desktop/Personal Work/Movie_data_pipeline/.venv/lib/python3.12/site-packages/airflow/example_dags/example_workday_timetable.py
[2024-12-11T23:36:36.686+0530] {processor.py:914} INFO - Processing file /Users/jayesh/Desktop/Personal Work/Movie_data_pipeline/.venv/lib/python3.12/site-packages/airflow/example_dags/example_workday_timetable.py for tasks to queue
[2024-12-11T23:36:36.688+0530] {logging_mixin.py:190} INFO - [2024-12-11T23:36:36.687+0530] {dagbag.py:588} INFO - Filling up the DagBag from /Users/jayesh/Desktop/Personal Work/Movie_data_pipeline/.venv/lib/python3.12/site-packages/airflow/example_dags/example_workday_timetable.py
[2024-12-11T23:36:36.692+0530] {logging_mixin.py:190} INFO - [2024-12-11T23:36:36.692+0530] {workday.py:41} WARNING - Could not import pandas. Holidays will not be considered.
[2024-12-11T23:36:36.699+0530] {processor.py:925} INFO - DAG(s) 'example_workday_timetable' retrieved from /Users/jayesh/Desktop/Personal Work/Movie_data_pipeline/.venv/lib/python3.12/site-packages/airflow/example_dags/example_workday_timetable.py
[2024-12-11T23:36:36.843+0530] {logging_mixin.py:190} INFO - [2024-12-11T23:36:36.842+0530] {workday.py:41} WARNING - Could not import pandas. Holidays will not be considered.
[2024-12-11T23:36:36.874+0530] {logging_mixin.py:190} INFO - [2024-12-11T23:36:36.874+0530] {dag.py:3239} INFO - Sync 1 DAGs
[2024-12-11T23:36:36.896+0530] {logging_mixin.py:190} INFO - [2024-12-11T23:36:36.896+0530] {dag.py:4180} INFO - Setting next_dagrun for example_workday_timetable to 2021-01-01 00:00:00+00:00, run_after=2021-01-02 00:00:00+00:00
[2024-12-11T23:36:36.924+0530] {processor.py:208} INFO - Processing /Users/jayesh/Desktop/Personal Work/Movie_data_pipeline/.venv/lib/python3.12/site-packages/airflow/example_dags/example_workday_timetable.py took 0.247 seconds
[2024-12-11T23:40:32.617+0530] {processor.py:186} INFO - Started process (PID=11073) to work on /Users/jayesh/Desktop/Personal Work/Movie_data_pipeline/.venv/lib/python3.12/site-packages/airflow/example_dags/example_workday_timetable.py
[2024-12-11T23:40:32.620+0530] {processor.py:914} INFO - Processing file /Users/jayesh/Desktop/Personal Work/Movie_data_pipeline/.venv/lib/python3.12/site-packages/airflow/example_dags/example_workday_timetable.py for tasks to queue
[2024-12-11T23:40:32.622+0530] {logging_mixin.py:190} INFO - [2024-12-11T23:40:32.621+0530] {dagbag.py:588} INFO - Filling up the DagBag from /Users/jayesh/Desktop/Personal Work/Movie_data_pipeline/.venv/lib/python3.12/site-packages/airflow/example_dags/example_workday_timetable.py
[2024-12-11T23:40:32.629+0530] {logging_mixin.py:190} INFO - [2024-12-11T23:40:32.629+0530] {workday.py:41} WARNING - Could not import pandas. Holidays will not be considered.
[2024-12-11T23:40:32.636+0530] {processor.py:925} INFO - DAG(s) 'example_workday_timetable' retrieved from /Users/jayesh/Desktop/Personal Work/Movie_data_pipeline/.venv/lib/python3.12/site-packages/airflow/example_dags/example_workday_timetable.py
[2024-12-11T23:40:32.807+0530] {logging_mixin.py:190} INFO - [2024-12-11T23:40:32.807+0530] {workday.py:41} WARNING - Could not import pandas. Holidays will not be considered.
[2024-12-11T23:40:32.871+0530] {logging_mixin.py:190} INFO - [2024-12-11T23:40:32.871+0530] {dag.py:3239} INFO - Sync 1 DAGs
[2024-12-11T23:40:32.898+0530] {logging_mixin.py:190} INFO - [2024-12-11T23:40:32.898+0530] {dag.py:4180} INFO - Setting next_dagrun for example_workday_timetable to 2021-01-01 00:00:00+00:00, run_after=2021-01-02 00:00:00+00:00
[2024-12-11T23:40:32.928+0530] {processor.py:208} INFO - Processing /Users/jayesh/Desktop/Personal Work/Movie_data_pipeline/.venv/lib/python3.12/site-packages/airflow/example_dags/example_workday_timetable.py took 0.315 seconds
[2024-12-11T23:46:22.316+0530] {processor.py:186} INFO - Started process (PID=11677) to work on /Users/jayesh/Desktop/Personal Work/Movie_data_pipeline/.venv/lib/python3.12/site-packages/airflow/example_dags/example_workday_timetable.py
[2024-12-11T23:46:22.318+0530] {processor.py:914} INFO - Processing file /Users/jayesh/Desktop/Personal Work/Movie_data_pipeline/.venv/lib/python3.12/site-packages/airflow/example_dags/example_workday_timetable.py for tasks to queue
[2024-12-11T23:46:22.320+0530] {logging_mixin.py:190} INFO - [2024-12-11T23:46:22.320+0530] {dagbag.py:588} INFO - Filling up the DagBag from /Users/jayesh/Desktop/Personal Work/Movie_data_pipeline/.venv/lib/python3.12/site-packages/airflow/example_dags/example_workday_timetable.py
[2024-12-11T23:46:22.325+0530] {logging_mixin.py:190} INFO - [2024-12-11T23:46:22.325+0530] {workday.py:41} WARNING - Could not import pandas. Holidays will not be considered.
[2024-12-11T23:46:22.333+0530] {processor.py:925} INFO - DAG(s) 'example_workday_timetable' retrieved from /Users/jayesh/Desktop/Personal Work/Movie_data_pipeline/.venv/lib/python3.12/site-packages/airflow/example_dags/example_workday_timetable.py
[2024-12-11T23:46:22.457+0530] {logging_mixin.py:190} INFO - [2024-12-11T23:46:22.457+0530] {workday.py:41} WARNING - Could not import pandas. Holidays will not be considered.
[2024-12-11T23:46:22.502+0530] {logging_mixin.py:190} INFO - [2024-12-11T23:46:22.502+0530] {dag.py:3239} INFO - Sync 1 DAGs
[2024-12-11T23:46:22.530+0530] {logging_mixin.py:190} INFO - [2024-12-11T23:46:22.530+0530] {dag.py:4180} INFO - Setting next_dagrun for example_workday_timetable to 2021-01-01 00:00:00+00:00, run_after=2021-01-02 00:00:00+00:00
[2024-12-11T23:46:22.559+0530] {processor.py:208} INFO - Processing /Users/jayesh/Desktop/Personal Work/Movie_data_pipeline/.venv/lib/python3.12/site-packages/airflow/example_dags/example_workday_timetable.py took 0.250 seconds
[2024-12-11T23:49:37.353+0530] {processor.py:186} INFO - Started process (PID=12022) to work on /Users/jayesh/Desktop/Personal Work/Movie_data_pipeline/.venv/lib/python3.12/site-packages/airflow/example_dags/example_workday_timetable.py
[2024-12-11T23:49:37.356+0530] {processor.py:914} INFO - Processing file /Users/jayesh/Desktop/Personal Work/Movie_data_pipeline/.venv/lib/python3.12/site-packages/airflow/example_dags/example_workday_timetable.py for tasks to queue
[2024-12-11T23:49:37.358+0530] {logging_mixin.py:190} INFO - [2024-12-11T23:49:37.358+0530] {dagbag.py:588} INFO - Filling up the DagBag from /Users/jayesh/Desktop/Personal Work/Movie_data_pipeline/.venv/lib/python3.12/site-packages/airflow/example_dags/example_workday_timetable.py
[2024-12-11T23:49:37.368+0530] {logging_mixin.py:190} INFO - [2024-12-11T23:49:37.367+0530] {workday.py:41} WARNING - Could not import pandas. Holidays will not be considered.
[2024-12-11T23:49:37.381+0530] {processor.py:925} INFO - DAG(s) 'example_workday_timetable' retrieved from /Users/jayesh/Desktop/Personal Work/Movie_data_pipeline/.venv/lib/python3.12/site-packages/airflow/example_dags/example_workday_timetable.py
[2024-12-11T23:49:37.495+0530] {logging_mixin.py:190} INFO - [2024-12-11T23:49:37.495+0530] {workday.py:41} WARNING - Could not import pandas. Holidays will not be considered.
[2024-12-11T23:49:37.527+0530] {logging_mixin.py:190} INFO - [2024-12-11T23:49:37.527+0530] {dag.py:3239} INFO - Sync 1 DAGs
[2024-12-11T23:49:37.552+0530] {logging_mixin.py:190} INFO - [2024-12-11T23:49:37.551+0530] {dag.py:4180} INFO - Setting next_dagrun for example_workday_timetable to 2021-01-01 00:00:00+00:00, run_after=2021-01-02 00:00:00+00:00
[2024-12-11T23:49:37.574+0530] {processor.py:208} INFO - Processing /Users/jayesh/Desktop/Personal Work/Movie_data_pipeline/.venv/lib/python3.12/site-packages/airflow/example_dags/example_workday_timetable.py took 0.225 seconds
[2024-12-11T23:52:29.199+0530] {processor.py:186} INFO - Started process (PID=12333) to work on /Users/jayesh/Desktop/Personal Work/Movie_data_pipeline/.venv/lib/python3.12/site-packages/airflow/example_dags/example_workday_timetable.py
[2024-12-11T23:52:29.202+0530] {processor.py:914} INFO - Processing file /Users/jayesh/Desktop/Personal Work/Movie_data_pipeline/.venv/lib/python3.12/site-packages/airflow/example_dags/example_workday_timetable.py for tasks to queue
[2024-12-11T23:52:29.204+0530] {logging_mixin.py:190} INFO - [2024-12-11T23:52:29.203+0530] {dagbag.py:588} INFO - Filling up the DagBag from /Users/jayesh/Desktop/Personal Work/Movie_data_pipeline/.venv/lib/python3.12/site-packages/airflow/example_dags/example_workday_timetable.py
[2024-12-11T23:52:29.213+0530] {logging_mixin.py:190} INFO - [2024-12-11T23:52:29.213+0530] {workday.py:41} WARNING - Could not import pandas. Holidays will not be considered.
[2024-12-11T23:52:29.222+0530] {processor.py:925} INFO - DAG(s) 'example_workday_timetable' retrieved from /Users/jayesh/Desktop/Personal Work/Movie_data_pipeline/.venv/lib/python3.12/site-packages/airflow/example_dags/example_workday_timetable.py
[2024-12-11T23:52:29.347+0530] {logging_mixin.py:190} INFO - [2024-12-11T23:52:29.347+0530] {workday.py:41} WARNING - Could not import pandas. Holidays will not be considered.
[2024-12-11T23:52:29.381+0530] {logging_mixin.py:190} INFO - [2024-12-11T23:52:29.381+0530] {dag.py:3239} INFO - Sync 1 DAGs
[2024-12-11T23:52:29.407+0530] {logging_mixin.py:190} INFO - [2024-12-11T23:52:29.407+0530] {dag.py:4180} INFO - Setting next_dagrun for example_workday_timetable to 2021-01-01 00:00:00+00:00, run_after=2021-01-02 00:00:00+00:00
[2024-12-11T23:52:29.433+0530] {processor.py:208} INFO - Processing /Users/jayesh/Desktop/Personal Work/Movie_data_pipeline/.venv/lib/python3.12/site-packages/airflow/example_dags/example_workday_timetable.py took 0.238 seconds
[2024-12-11T23:55:18.626+0530] {processor.py:186} INFO - Started process (PID=12611) to work on /Users/jayesh/Desktop/Personal Work/Movie_data_pipeline/.venv/lib/python3.12/site-packages/airflow/example_dags/example_workday_timetable.py
[2024-12-11T23:55:18.629+0530] {processor.py:914} INFO - Processing file /Users/jayesh/Desktop/Personal Work/Movie_data_pipeline/.venv/lib/python3.12/site-packages/airflow/example_dags/example_workday_timetable.py for tasks to queue
[2024-12-11T23:55:18.631+0530] {logging_mixin.py:190} INFO - [2024-12-11T23:55:18.630+0530] {dagbag.py:588} INFO - Filling up the DagBag from /Users/jayesh/Desktop/Personal Work/Movie_data_pipeline/.venv/lib/python3.12/site-packages/airflow/example_dags/example_workday_timetable.py
[2024-12-11T23:55:18.640+0530] {logging_mixin.py:190} INFO - [2024-12-11T23:55:18.640+0530] {workday.py:41} WARNING - Could not import pandas. Holidays will not be considered.
[2024-12-11T23:55:18.649+0530] {processor.py:925} INFO - DAG(s) 'example_workday_timetable' retrieved from /Users/jayesh/Desktop/Personal Work/Movie_data_pipeline/.venv/lib/python3.12/site-packages/airflow/example_dags/example_workday_timetable.py
[2024-12-11T23:55:18.779+0530] {logging_mixin.py:190} INFO - [2024-12-11T23:55:18.779+0530] {workday.py:41} WARNING - Could not import pandas. Holidays will not be considered.
[2024-12-11T23:55:18.813+0530] {logging_mixin.py:190} INFO - [2024-12-11T23:55:18.813+0530] {dag.py:3239} INFO - Sync 1 DAGs
[2024-12-11T23:55:18.839+0530] {logging_mixin.py:190} INFO - [2024-12-11T23:55:18.838+0530] {dag.py:4180} INFO - Setting next_dagrun for example_workday_timetable to 2021-01-01 00:00:00+00:00, run_after=2021-01-02 00:00:00+00:00
[2024-12-11T23:55:18.867+0530] {processor.py:208} INFO - Processing /Users/jayesh/Desktop/Personal Work/Movie_data_pipeline/.venv/lib/python3.12/site-packages/airflow/example_dags/example_workday_timetable.py took 0.244 seconds
[2024-12-11T23:58:12.286+0530] {processor.py:186} INFO - Started process (PID=12909) to work on /Users/jayesh/Desktop/Personal Work/Movie_data_pipeline/.venv/lib/python3.12/site-packages/airflow/example_dags/example_workday_timetable.py
[2024-12-11T23:58:12.289+0530] {processor.py:914} INFO - Processing file /Users/jayesh/Desktop/Personal Work/Movie_data_pipeline/.venv/lib/python3.12/site-packages/airflow/example_dags/example_workday_timetable.py for tasks to queue
[2024-12-11T23:58:12.291+0530] {logging_mixin.py:190} INFO - [2024-12-11T23:58:12.291+0530] {dagbag.py:588} INFO - Filling up the DagBag from /Users/jayesh/Desktop/Personal Work/Movie_data_pipeline/.venv/lib/python3.12/site-packages/airflow/example_dags/example_workday_timetable.py
[2024-12-11T23:58:12.306+0530] {logging_mixin.py:190} INFO - [2024-12-11T23:58:12.306+0530] {workday.py:41} WARNING - Could not import pandas. Holidays will not be considered.
[2024-12-11T23:58:12.320+0530] {processor.py:925} INFO - DAG(s) 'example_workday_timetable' retrieved from /Users/jayesh/Desktop/Personal Work/Movie_data_pipeline/.venv/lib/python3.12/site-packages/airflow/example_dags/example_workday_timetable.py
[2024-12-11T23:58:12.458+0530] {logging_mixin.py:190} INFO - [2024-12-11T23:58:12.458+0530] {workday.py:41} WARNING - Could not import pandas. Holidays will not be considered.
[2024-12-11T23:58:12.494+0530] {logging_mixin.py:190} INFO - [2024-12-11T23:58:12.494+0530] {dag.py:3239} INFO - Sync 1 DAGs
[2024-12-11T23:58:12.520+0530] {logging_mixin.py:190} INFO - [2024-12-11T23:58:12.520+0530] {dag.py:4180} INFO - Setting next_dagrun for example_workday_timetable to 2021-01-01 00:00:00+00:00, run_after=2021-01-02 00:00:00+00:00
[2024-12-11T23:58:12.547+0530] {processor.py:208} INFO - Processing /Users/jayesh/Desktop/Personal Work/Movie_data_pipeline/.venv/lib/python3.12/site-packages/airflow/example_dags/example_workday_timetable.py took 0.265 seconds
[2024-12-12T00:01:06.489+0530] {processor.py:186} INFO - Started process (PID=13177) to work on /Users/jayesh/Desktop/Personal Work/Movie_data_pipeline/.venv/lib/python3.12/site-packages/airflow/example_dags/example_workday_timetable.py
[2024-12-12T00:01:06.492+0530] {processor.py:914} INFO - Processing file /Users/jayesh/Desktop/Personal Work/Movie_data_pipeline/.venv/lib/python3.12/site-packages/airflow/example_dags/example_workday_timetable.py for tasks to queue
[2024-12-12T00:01:06.493+0530] {logging_mixin.py:190} INFO - [2024-12-12T00:01:06.493+0530] {dagbag.py:588} INFO - Filling up the DagBag from /Users/jayesh/Desktop/Personal Work/Movie_data_pipeline/.venv/lib/python3.12/site-packages/airflow/example_dags/example_workday_timetable.py
[2024-12-12T00:01:06.502+0530] {logging_mixin.py:190} INFO - [2024-12-12T00:01:06.501+0530] {workday.py:41} WARNING - Could not import pandas. Holidays will not be considered.
[2024-12-12T00:01:06.514+0530] {processor.py:925} INFO - DAG(s) 'example_workday_timetable' retrieved from /Users/jayesh/Desktop/Personal Work/Movie_data_pipeline/.venv/lib/python3.12/site-packages/airflow/example_dags/example_workday_timetable.py
[2024-12-12T00:01:06.643+0530] {logging_mixin.py:190} INFO - [2024-12-12T00:01:06.642+0530] {workday.py:41} WARNING - Could not import pandas. Holidays will not be considered.
[2024-12-12T00:01:06.680+0530] {logging_mixin.py:190} INFO - [2024-12-12T00:01:06.680+0530] {dag.py:3239} INFO - Sync 1 DAGs
[2024-12-12T00:01:06.701+0530] {logging_mixin.py:190} INFO - [2024-12-12T00:01:06.701+0530] {dag.py:4180} INFO - Setting next_dagrun for example_workday_timetable to 2021-01-01 00:00:00+00:00, run_after=2021-01-02 00:00:00+00:00
[2024-12-12T00:01:06.732+0530] {processor.py:208} INFO - Processing /Users/jayesh/Desktop/Personal Work/Movie_data_pipeline/.venv/lib/python3.12/site-packages/airflow/example_dags/example_workday_timetable.py took 0.247 seconds
[2024-12-12T00:04:00.987+0530] {processor.py:186} INFO - Started process (PID=13464) to work on /Users/jayesh/Desktop/Personal Work/Movie_data_pipeline/.venv/lib/python3.12/site-packages/airflow/example_dags/example_workday_timetable.py
[2024-12-12T00:04:00.989+0530] {processor.py:914} INFO - Processing file /Users/jayesh/Desktop/Personal Work/Movie_data_pipeline/.venv/lib/python3.12/site-packages/airflow/example_dags/example_workday_timetable.py for tasks to queue
[2024-12-12T00:04:00.991+0530] {logging_mixin.py:190} INFO - [2024-12-12T00:04:00.990+0530] {dagbag.py:588} INFO - Filling up the DagBag from /Users/jayesh/Desktop/Personal Work/Movie_data_pipeline/.venv/lib/python3.12/site-packages/airflow/example_dags/example_workday_timetable.py
[2024-12-12T00:04:01.001+0530] {logging_mixin.py:190} INFO - [2024-12-12T00:04:01.001+0530] {workday.py:41} WARNING - Could not import pandas. Holidays will not be considered.
[2024-12-12T00:04:01.009+0530] {processor.py:925} INFO - DAG(s) 'example_workday_timetable' retrieved from /Users/jayesh/Desktop/Personal Work/Movie_data_pipeline/.venv/lib/python3.12/site-packages/airflow/example_dags/example_workday_timetable.py
[2024-12-12T00:04:01.126+0530] {logging_mixin.py:190} INFO - [2024-12-12T00:04:01.126+0530] {workday.py:41} WARNING - Could not import pandas. Holidays will not be considered.
[2024-12-12T00:04:01.159+0530] {logging_mixin.py:190} INFO - [2024-12-12T00:04:01.158+0530] {dag.py:3239} INFO - Sync 1 DAGs
[2024-12-12T00:04:01.186+0530] {logging_mixin.py:190} INFO - [2024-12-12T00:04:01.185+0530] {dag.py:4180} INFO - Setting next_dagrun for example_workday_timetable to 2021-01-01 00:00:00+00:00, run_after=2021-01-02 00:00:00+00:00
[2024-12-12T00:04:01.209+0530] {processor.py:208} INFO - Processing /Users/jayesh/Desktop/Personal Work/Movie_data_pipeline/.venv/lib/python3.12/site-packages/airflow/example_dags/example_workday_timetable.py took 0.226 seconds
[2024-12-12T00:06:54.396+0530] {processor.py:186} INFO - Started process (PID=13731) to work on /Users/jayesh/Desktop/Personal Work/Movie_data_pipeline/.venv/lib/python3.12/site-packages/airflow/example_dags/example_workday_timetable.py
[2024-12-12T00:06:54.399+0530] {processor.py:914} INFO - Processing file /Users/jayesh/Desktop/Personal Work/Movie_data_pipeline/.venv/lib/python3.12/site-packages/airflow/example_dags/example_workday_timetable.py for tasks to queue
[2024-12-12T00:06:54.401+0530] {logging_mixin.py:190} INFO - [2024-12-12T00:06:54.401+0530] {dagbag.py:588} INFO - Filling up the DagBag from /Users/jayesh/Desktop/Personal Work/Movie_data_pipeline/.venv/lib/python3.12/site-packages/airflow/example_dags/example_workday_timetable.py
[2024-12-12T00:06:54.410+0530] {logging_mixin.py:190} INFO - [2024-12-12T00:06:54.409+0530] {workday.py:41} WARNING - Could not import pandas. Holidays will not be considered.
[2024-12-12T00:06:54.424+0530] {processor.py:925} INFO - DAG(s) 'example_workday_timetable' retrieved from /Users/jayesh/Desktop/Personal Work/Movie_data_pipeline/.venv/lib/python3.12/site-packages/airflow/example_dags/example_workday_timetable.py
[2024-12-12T00:06:54.559+0530] {logging_mixin.py:190} INFO - [2024-12-12T00:06:54.559+0530] {workday.py:41} WARNING - Could not import pandas. Holidays will not be considered.
[2024-12-12T00:06:54.598+0530] {logging_mixin.py:190} INFO - [2024-12-12T00:06:54.598+0530] {dag.py:3239} INFO - Sync 1 DAGs
[2024-12-12T00:06:54.622+0530] {logging_mixin.py:190} INFO - [2024-12-12T00:06:54.622+0530] {dag.py:4180} INFO - Setting next_dagrun for example_workday_timetable to 2021-01-01 00:00:00+00:00, run_after=2021-01-02 00:00:00+00:00
[2024-12-12T00:06:54.645+0530] {processor.py:208} INFO - Processing /Users/jayesh/Desktop/Personal Work/Movie_data_pipeline/.venv/lib/python3.12/site-packages/airflow/example_dags/example_workday_timetable.py took 0.254 seconds
[2024-12-12T00:09:48.352+0530] {processor.py:186} INFO - Started process (PID=14012) to work on /Users/jayesh/Desktop/Personal Work/Movie_data_pipeline/.venv/lib/python3.12/site-packages/airflow/example_dags/example_workday_timetable.py
[2024-12-12T00:09:48.355+0530] {processor.py:914} INFO - Processing file /Users/jayesh/Desktop/Personal Work/Movie_data_pipeline/.venv/lib/python3.12/site-packages/airflow/example_dags/example_workday_timetable.py for tasks to queue
[2024-12-12T00:09:48.356+0530] {logging_mixin.py:190} INFO - [2024-12-12T00:09:48.356+0530] {dagbag.py:588} INFO - Filling up the DagBag from /Users/jayesh/Desktop/Personal Work/Movie_data_pipeline/.venv/lib/python3.12/site-packages/airflow/example_dags/example_workday_timetable.py
[2024-12-12T00:09:48.366+0530] {logging_mixin.py:190} INFO - [2024-12-12T00:09:48.366+0530] {workday.py:41} WARNING - Could not import pandas. Holidays will not be considered.
[2024-12-12T00:09:48.373+0530] {processor.py:925} INFO - DAG(s) 'example_workday_timetable' retrieved from /Users/jayesh/Desktop/Personal Work/Movie_data_pipeline/.venv/lib/python3.12/site-packages/airflow/example_dags/example_workday_timetable.py
[2024-12-12T00:09:48.507+0530] {logging_mixin.py:190} INFO - [2024-12-12T00:09:48.507+0530] {workday.py:41} WARNING - Could not import pandas. Holidays will not be considered.
[2024-12-12T00:09:48.548+0530] {logging_mixin.py:190} INFO - [2024-12-12T00:09:48.547+0530] {dag.py:3239} INFO - Sync 1 DAGs
[2024-12-12T00:09:48.572+0530] {logging_mixin.py:190} INFO - [2024-12-12T00:09:48.572+0530] {dag.py:4180} INFO - Setting next_dagrun for example_workday_timetable to 2021-01-01 00:00:00+00:00, run_after=2021-01-02 00:00:00+00:00
[2024-12-12T00:09:48.594+0530] {processor.py:208} INFO - Processing /Users/jayesh/Desktop/Personal Work/Movie_data_pipeline/.venv/lib/python3.12/site-packages/airflow/example_dags/example_workday_timetable.py took 0.247 seconds
[2024-12-12T00:12:42.920+0530] {processor.py:186} INFO - Started process (PID=14288) to work on /Users/jayesh/Desktop/Personal Work/Movie_data_pipeline/.venv/lib/python3.12/site-packages/airflow/example_dags/example_workday_timetable.py
[2024-12-12T00:12:42.923+0530] {processor.py:914} INFO - Processing file /Users/jayesh/Desktop/Personal Work/Movie_data_pipeline/.venv/lib/python3.12/site-packages/airflow/example_dags/example_workday_timetable.py for tasks to queue
[2024-12-12T00:12:42.924+0530] {logging_mixin.py:190} INFO - [2024-12-12T00:12:42.924+0530] {dagbag.py:588} INFO - Filling up the DagBag from /Users/jayesh/Desktop/Personal Work/Movie_data_pipeline/.venv/lib/python3.12/site-packages/airflow/example_dags/example_workday_timetable.py
[2024-12-12T00:12:42.932+0530] {logging_mixin.py:190} INFO - [2024-12-12T00:12:42.932+0530] {workday.py:41} WARNING - Could not import pandas. Holidays will not be considered.
[2024-12-12T00:12:42.941+0530] {processor.py:925} INFO - DAG(s) 'example_workday_timetable' retrieved from /Users/jayesh/Desktop/Personal Work/Movie_data_pipeline/.venv/lib/python3.12/site-packages/airflow/example_dags/example_workday_timetable.py
[2024-12-12T00:12:43.059+0530] {logging_mixin.py:190} INFO - [2024-12-12T00:12:43.059+0530] {workday.py:41} WARNING - Could not import pandas. Holidays will not be considered.
[2024-12-12T00:12:43.094+0530] {logging_mixin.py:190} INFO - [2024-12-12T00:12:43.094+0530] {dag.py:3239} INFO - Sync 1 DAGs
[2024-12-12T00:12:43.119+0530] {logging_mixin.py:190} INFO - [2024-12-12T00:12:43.118+0530] {dag.py:4180} INFO - Setting next_dagrun for example_workday_timetable to 2021-01-01 00:00:00+00:00, run_after=2021-01-02 00:00:00+00:00
[2024-12-12T00:12:43.142+0530] {processor.py:208} INFO - Processing /Users/jayesh/Desktop/Personal Work/Movie_data_pipeline/.venv/lib/python3.12/site-packages/airflow/example_dags/example_workday_timetable.py took 0.227 seconds
[2024-12-12T00:15:38.284+0530] {processor.py:186} INFO - Started process (PID=14567) to work on /Users/jayesh/Desktop/Personal Work/Movie_data_pipeline/.venv/lib/python3.12/site-packages/airflow/example_dags/example_workday_timetable.py
[2024-12-12T00:15:38.287+0530] {processor.py:914} INFO - Processing file /Users/jayesh/Desktop/Personal Work/Movie_data_pipeline/.venv/lib/python3.12/site-packages/airflow/example_dags/example_workday_timetable.py for tasks to queue
[2024-12-12T00:15:38.288+0530] {logging_mixin.py:190} INFO - [2024-12-12T00:15:38.288+0530] {dagbag.py:588} INFO - Filling up the DagBag from /Users/jayesh/Desktop/Personal Work/Movie_data_pipeline/.venv/lib/python3.12/site-packages/airflow/example_dags/example_workday_timetable.py
[2024-12-12T00:15:38.297+0530] {logging_mixin.py:190} INFO - [2024-12-12T00:15:38.296+0530] {workday.py:41} WARNING - Could not import pandas. Holidays will not be considered.
[2024-12-12T00:15:38.304+0530] {processor.py:925} INFO - DAG(s) 'example_workday_timetable' retrieved from /Users/jayesh/Desktop/Personal Work/Movie_data_pipeline/.venv/lib/python3.12/site-packages/airflow/example_dags/example_workday_timetable.py
[2024-12-12T00:15:38.433+0530] {logging_mixin.py:190} INFO - [2024-12-12T00:15:38.432+0530] {workday.py:41} WARNING - Could not import pandas. Holidays will not be considered.
[2024-12-12T00:15:38.465+0530] {logging_mixin.py:190} INFO - [2024-12-12T00:15:38.465+0530] {dag.py:3239} INFO - Sync 1 DAGs
[2024-12-12T00:15:38.489+0530] {logging_mixin.py:190} INFO - [2024-12-12T00:15:38.489+0530] {dag.py:4180} INFO - Setting next_dagrun for example_workday_timetable to 2021-01-01 00:00:00+00:00, run_after=2021-01-02 00:00:00+00:00
[2024-12-12T00:15:38.519+0530] {processor.py:208} INFO - Processing /Users/jayesh/Desktop/Personal Work/Movie_data_pipeline/.venv/lib/python3.12/site-packages/airflow/example_dags/example_workday_timetable.py took 0.238 seconds
[2024-12-12T00:18:25.848+0530] {processor.py:186} INFO - Started process (PID=14832) to work on /Users/jayesh/Desktop/Personal Work/Movie_data_pipeline/.venv/lib/python3.12/site-packages/airflow/example_dags/example_workday_timetable.py
[2024-12-12T00:18:25.851+0530] {processor.py:914} INFO - Processing file /Users/jayesh/Desktop/Personal Work/Movie_data_pipeline/.venv/lib/python3.12/site-packages/airflow/example_dags/example_workday_timetable.py for tasks to queue
[2024-12-12T00:18:25.852+0530] {logging_mixin.py:190} INFO - [2024-12-12T00:18:25.852+0530] {dagbag.py:588} INFO - Filling up the DagBag from /Users/jayesh/Desktop/Personal Work/Movie_data_pipeline/.venv/lib/python3.12/site-packages/airflow/example_dags/example_workday_timetable.py
[2024-12-12T00:18:25.857+0530] {logging_mixin.py:190} INFO - [2024-12-12T00:18:25.856+0530] {workday.py:41} WARNING - Could not import pandas. Holidays will not be considered.
[2024-12-12T00:18:25.863+0530] {processor.py:925} INFO - DAG(s) 'example_workday_timetable' retrieved from /Users/jayesh/Desktop/Personal Work/Movie_data_pipeline/.venv/lib/python3.12/site-packages/airflow/example_dags/example_workday_timetable.py
[2024-12-12T00:18:25.975+0530] {logging_mixin.py:190} INFO - [2024-12-12T00:18:25.975+0530] {workday.py:41} WARNING - Could not import pandas. Holidays will not be considered.
[2024-12-12T00:18:26.004+0530] {logging_mixin.py:190} INFO - [2024-12-12T00:18:26.003+0530] {dag.py:3239} INFO - Sync 1 DAGs
[2024-12-12T00:18:26.025+0530] {logging_mixin.py:190} INFO - [2024-12-12T00:18:26.025+0530] {dag.py:4180} INFO - Setting next_dagrun for example_workday_timetable to 2021-01-01 00:00:00+00:00, run_after=2021-01-02 00:00:00+00:00
[2024-12-12T00:18:26.047+0530] {processor.py:208} INFO - Processing /Users/jayesh/Desktop/Personal Work/Movie_data_pipeline/.venv/lib/python3.12/site-packages/airflow/example_dags/example_workday_timetable.py took 0.202 seconds
[2024-12-12T00:21:34.982+0530] {processor.py:186} INFO - Started process (PID=15130) to work on /Users/jayesh/Desktop/Personal Work/Movie_data_pipeline/.venv/lib/python3.12/site-packages/airflow/example_dags/example_workday_timetable.py
[2024-12-12T00:21:34.984+0530] {processor.py:914} INFO - Processing file /Users/jayesh/Desktop/Personal Work/Movie_data_pipeline/.venv/lib/python3.12/site-packages/airflow/example_dags/example_workday_timetable.py for tasks to queue
[2024-12-12T00:21:34.986+0530] {logging_mixin.py:190} INFO - [2024-12-12T00:21:34.986+0530] {dagbag.py:588} INFO - Filling up the DagBag from /Users/jayesh/Desktop/Personal Work/Movie_data_pipeline/.venv/lib/python3.12/site-packages/airflow/example_dags/example_workday_timetable.py
[2024-12-12T00:21:34.995+0530] {logging_mixin.py:190} INFO - [2024-12-12T00:21:34.994+0530] {workday.py:41} WARNING - Could not import pandas. Holidays will not be considered.
[2024-12-12T00:21:35.002+0530] {processor.py:925} INFO - DAG(s) 'example_workday_timetable' retrieved from /Users/jayesh/Desktop/Personal Work/Movie_data_pipeline/.venv/lib/python3.12/site-packages/airflow/example_dags/example_workday_timetable.py
[2024-12-12T00:21:35.116+0530] {logging_mixin.py:190} INFO - [2024-12-12T00:21:35.116+0530] {workday.py:41} WARNING - Could not import pandas. Holidays will not be considered.
[2024-12-12T00:21:35.149+0530] {logging_mixin.py:190} INFO - [2024-12-12T00:21:35.149+0530] {dag.py:3239} INFO - Sync 1 DAGs
[2024-12-12T00:21:35.174+0530] {logging_mixin.py:190} INFO - [2024-12-12T00:21:35.173+0530] {dag.py:4180} INFO - Setting next_dagrun for example_workday_timetable to 2021-01-01 00:00:00+00:00, run_after=2021-01-02 00:00:00+00:00
[2024-12-12T00:21:35.197+0530] {processor.py:208} INFO - Processing /Users/jayesh/Desktop/Personal Work/Movie_data_pipeline/.venv/lib/python3.12/site-packages/airflow/example_dags/example_workday_timetable.py took 0.218 seconds
[2024-12-12T00:25:01.923+0530] {processor.py:186} INFO - Started process (PID=15474) to work on /Users/jayesh/Desktop/Personal Work/Movie_data_pipeline/.venv/lib/python3.12/site-packages/airflow/example_dags/example_workday_timetable.py
[2024-12-12T00:25:01.926+0530] {processor.py:914} INFO - Processing file /Users/jayesh/Desktop/Personal Work/Movie_data_pipeline/.venv/lib/python3.12/site-packages/airflow/example_dags/example_workday_timetable.py for tasks to queue
[2024-12-12T00:25:01.928+0530] {logging_mixin.py:190} INFO - [2024-12-12T00:25:01.927+0530] {dagbag.py:588} INFO - Filling up the DagBag from /Users/jayesh/Desktop/Personal Work/Movie_data_pipeline/.venv/lib/python3.12/site-packages/airflow/example_dags/example_workday_timetable.py
[2024-12-12T00:25:01.940+0530] {logging_mixin.py:190} INFO - [2024-12-12T00:25:01.939+0530] {workday.py:41} WARNING - Could not import pandas. Holidays will not be considered.
[2024-12-12T00:25:01.948+0530] {processor.py:925} INFO - DAG(s) 'example_workday_timetable' retrieved from /Users/jayesh/Desktop/Personal Work/Movie_data_pipeline/.venv/lib/python3.12/site-packages/airflow/example_dags/example_workday_timetable.py
[2024-12-12T00:25:02.066+0530] {logging_mixin.py:190} INFO - [2024-12-12T00:25:02.066+0530] {workday.py:41} WARNING - Could not import pandas. Holidays will not be considered.
[2024-12-12T00:25:02.103+0530] {logging_mixin.py:190} INFO - [2024-12-12T00:25:02.102+0530] {dag.py:3239} INFO - Sync 1 DAGs
[2024-12-12T00:25:02.127+0530] {logging_mixin.py:190} INFO - [2024-12-12T00:25:02.127+0530] {dag.py:4180} INFO - Setting next_dagrun for example_workday_timetable to 2021-01-01 00:00:00+00:00, run_after=2021-01-02 00:00:00+00:00
[2024-12-12T00:25:02.150+0530] {processor.py:208} INFO - Processing /Users/jayesh/Desktop/Personal Work/Movie_data_pipeline/.venv/lib/python3.12/site-packages/airflow/example_dags/example_workday_timetable.py took 0.230 seconds
[2024-12-12T00:28:23.079+0530] {processor.py:186} INFO - Started process (PID=15794) to work on /Users/jayesh/Desktop/Personal Work/Movie_data_pipeline/.venv/lib/python3.12/site-packages/airflow/example_dags/example_workday_timetable.py
[2024-12-12T00:28:23.082+0530] {processor.py:914} INFO - Processing file /Users/jayesh/Desktop/Personal Work/Movie_data_pipeline/.venv/lib/python3.12/site-packages/airflow/example_dags/example_workday_timetable.py for tasks to queue
[2024-12-12T00:28:23.084+0530] {logging_mixin.py:190} INFO - [2024-12-12T00:28:23.083+0530] {dagbag.py:588} INFO - Filling up the DagBag from /Users/jayesh/Desktop/Personal Work/Movie_data_pipeline/.venv/lib/python3.12/site-packages/airflow/example_dags/example_workday_timetable.py
[2024-12-12T00:28:23.091+0530] {logging_mixin.py:190} INFO - [2024-12-12T00:28:23.091+0530] {workday.py:41} WARNING - Could not import pandas. Holidays will not be considered.
[2024-12-12T00:28:23.098+0530] {processor.py:925} INFO - DAG(s) 'example_workday_timetable' retrieved from /Users/jayesh/Desktop/Personal Work/Movie_data_pipeline/.venv/lib/python3.12/site-packages/airflow/example_dags/example_workday_timetable.py
[2024-12-12T00:28:23.211+0530] {logging_mixin.py:190} INFO - [2024-12-12T00:28:23.210+0530] {workday.py:41} WARNING - Could not import pandas. Holidays will not be considered.
[2024-12-12T00:28:23.250+0530] {logging_mixin.py:190} INFO - [2024-12-12T00:28:23.250+0530] {dag.py:3239} INFO - Sync 1 DAGs
[2024-12-12T00:28:23.274+0530] {logging_mixin.py:190} INFO - [2024-12-12T00:28:23.274+0530] {dag.py:4180} INFO - Setting next_dagrun for example_workday_timetable to 2021-01-01 00:00:00+00:00, run_after=2021-01-02 00:00:00+00:00
[2024-12-12T00:28:23.298+0530] {processor.py:208} INFO - Processing /Users/jayesh/Desktop/Personal Work/Movie_data_pipeline/.venv/lib/python3.12/site-packages/airflow/example_dags/example_workday_timetable.py took 0.222 seconds
