[2024-12-11T23:24:37.593+0530] {processor.py:186} INFO - Started process (PID=9363) to work on /Users/jayesh/Desktop/Personal Work/Movie_data_pipeline/.venv/lib/python3.12/site-packages/airflow/example_dags/example_task_group_decorator.py
[2024-12-11T23:24:37.594+0530] {processor.py:914} INFO - Processing file /Users/jayesh/Desktop/Personal Work/Movie_data_pipeline/.venv/lib/python3.12/site-packages/airflow/example_dags/example_task_group_decorator.py for tasks to queue
[2024-12-11T23:24:37.596+0530] {logging_mixin.py:190} INFO - [2024-12-11T23:24:37.596+0530] {dagbag.py:588} INFO - Filling up the DagBag from /Users/jayesh/Desktop/Personal Work/Movie_data_pipeline/.venv/lib/python3.12/site-packages/airflow/example_dags/example_task_group_decorator.py
[2024-12-11T23:24:37.711+0530] {processor.py:925} INFO - DAG(s) 'example_task_group_decorator' retrieved from /Users/jayesh/Desktop/Personal Work/Movie_data_pipeline/.venv/lib/python3.12/site-packages/airflow/example_dags/example_task_group_decorator.py
[2024-12-11T23:24:38.103+0530] {logging_mixin.py:190} INFO - [2024-12-11T23:24:38.102+0530] {override.py:1911} INFO - Created Permission View: can edit on DAG:example_task_group_decorator
[2024-12-11T23:24:38.126+0530] {logging_mixin.py:190} INFO - [2024-12-11T23:24:38.125+0530] {override.py:1911} INFO - Created Permission View: can read on DAG:example_task_group_decorator
[2024-12-11T23:24:38.135+0530] {logging_mixin.py:190} INFO - [2024-12-11T23:24:38.135+0530] {override.py:1911} INFO - Created Permission View: can delete on DAG:example_task_group_decorator
[2024-12-11T23:24:38.147+0530] {logging_mixin.py:190} INFO - [2024-12-11T23:24:38.147+0530] {override.py:1911} INFO - Created Permission View: menu access on DAG Run:example_task_group_decorator
[2024-12-11T23:24:38.157+0530] {logging_mixin.py:190} INFO - [2024-12-11T23:24:38.156+0530] {override.py:1911} INFO - Created Permission View: can read on DAG Run:example_task_group_decorator
[2024-12-11T23:24:38.164+0530] {logging_mixin.py:190} INFO - [2024-12-11T23:24:38.164+0530] {override.py:1911} INFO - Created Permission View: can delete on DAG Run:example_task_group_decorator
[2024-12-11T23:24:38.174+0530] {logging_mixin.py:190} INFO - [2024-12-11T23:24:38.174+0530] {override.py:1911} INFO - Created Permission View: can create on DAG Run:example_task_group_decorator
[2024-12-11T23:24:38.175+0530] {logging_mixin.py:190} INFO - [2024-12-11T23:24:38.174+0530] {dag.py:3239} INFO - Sync 1 DAGs
[2024-12-11T23:24:38.194+0530] {logging_mixin.py:190} INFO - [2024-12-11T23:24:38.193+0530] {dag.py:3262} INFO - Creating ORM DAG for example_task_group_decorator
[2024-12-11T23:24:38.195+0530] {logging_mixin.py:190} INFO - [2024-12-11T23:24:38.195+0530] {dag.py:4180} INFO - Setting next_dagrun for example_task_group_decorator to None, run_after=None
[2024-12-11T23:24:38.221+0530] {processor.py:208} INFO - Processing /Users/jayesh/Desktop/Personal Work/Movie_data_pipeline/.venv/lib/python3.12/site-packages/airflow/example_dags/example_task_group_decorator.py took 0.635 seconds
[2024-12-11T23:29:13.718+0530] {processor.py:186} INFO - Started process (PID=9824) to work on /Users/jayesh/Desktop/Personal Work/Movie_data_pipeline/.venv/lib/python3.12/site-packages/airflow/example_dags/example_task_group_decorator.py
[2024-12-11T23:29:13.721+0530] {processor.py:914} INFO - Processing file /Users/jayesh/Desktop/Personal Work/Movie_data_pipeline/.venv/lib/python3.12/site-packages/airflow/example_dags/example_task_group_decorator.py for tasks to queue
[2024-12-11T23:29:13.723+0530] {logging_mixin.py:190} INFO - [2024-12-11T23:29:13.722+0530] {dagbag.py:588} INFO - Filling up the DagBag from /Users/jayesh/Desktop/Personal Work/Movie_data_pipeline/.venv/lib/python3.12/site-packages/airflow/example_dags/example_task_group_decorator.py
[2024-12-11T23:29:13.799+0530] {processor.py:925} INFO - DAG(s) 'example_task_group_decorator' retrieved from /Users/jayesh/Desktop/Personal Work/Movie_data_pipeline/.venv/lib/python3.12/site-packages/airflow/example_dags/example_task_group_decorator.py
[2024-12-11T23:29:13.950+0530] {logging_mixin.py:190} INFO - [2024-12-11T23:29:13.950+0530] {dag.py:3239} INFO - Sync 1 DAGs
[2024-12-11T23:29:13.963+0530] {logging_mixin.py:190} INFO - [2024-12-11T23:29:13.962+0530] {dag.py:4180} INFO - Setting next_dagrun for example_task_group_decorator to None, run_after=None
[2024-12-11T23:29:13.988+0530] {processor.py:208} INFO - Processing /Users/jayesh/Desktop/Personal Work/Movie_data_pipeline/.venv/lib/python3.12/site-packages/airflow/example_dags/example_task_group_decorator.py took 0.274 seconds
[2024-12-11T23:32:58.876+0530] {processor.py:186} INFO - Started process (PID=10165) to work on /Users/jayesh/Desktop/Personal Work/Movie_data_pipeline/.venv/lib/python3.12/site-packages/airflow/example_dags/example_task_group_decorator.py
[2024-12-11T23:32:58.878+0530] {processor.py:914} INFO - Processing file /Users/jayesh/Desktop/Personal Work/Movie_data_pipeline/.venv/lib/python3.12/site-packages/airflow/example_dags/example_task_group_decorator.py for tasks to queue
[2024-12-11T23:32:58.881+0530] {logging_mixin.py:190} INFO - [2024-12-11T23:32:58.880+0530] {dagbag.py:588} INFO - Filling up the DagBag from /Users/jayesh/Desktop/Personal Work/Movie_data_pipeline/.venv/lib/python3.12/site-packages/airflow/example_dags/example_task_group_decorator.py
[2024-12-11T23:32:59.110+0530] {processor.py:925} INFO - DAG(s) 'example_task_group_decorator' retrieved from /Users/jayesh/Desktop/Personal Work/Movie_data_pipeline/.venv/lib/python3.12/site-packages/airflow/example_dags/example_task_group_decorator.py
[2024-12-11T23:32:59.449+0530] {logging_mixin.py:190} INFO - [2024-12-11T23:32:59.448+0530] {dag.py:3239} INFO - Sync 1 DAGs
[2024-12-11T23:32:59.481+0530] {logging_mixin.py:190} INFO - [2024-12-11T23:32:59.481+0530] {dag.py:4180} INFO - Setting next_dagrun for example_task_group_decorator to None, run_after=None
[2024-12-11T23:32:59.557+0530] {processor.py:208} INFO - Processing /Users/jayesh/Desktop/Personal Work/Movie_data_pipeline/.venv/lib/python3.12/site-packages/airflow/example_dags/example_task_group_decorator.py took 0.688 seconds
[2024-12-11T23:36:58.874+0530] {processor.py:186} INFO - Started process (PID=10740) to work on /Users/jayesh/Desktop/Personal Work/Movie_data_pipeline/.venv/lib/python3.12/site-packages/airflow/example_dags/example_task_group_decorator.py
[2024-12-11T23:36:58.876+0530] {processor.py:914} INFO - Processing file /Users/jayesh/Desktop/Personal Work/Movie_data_pipeline/.venv/lib/python3.12/site-packages/airflow/example_dags/example_task_group_decorator.py for tasks to queue
[2024-12-11T23:36:58.877+0530] {logging_mixin.py:190} INFO - [2024-12-11T23:36:58.877+0530] {dagbag.py:588} INFO - Filling up the DagBag from /Users/jayesh/Desktop/Personal Work/Movie_data_pipeline/.venv/lib/python3.12/site-packages/airflow/example_dags/example_task_group_decorator.py
[2024-12-11T23:36:59.002+0530] {processor.py:925} INFO - DAG(s) 'example_task_group_decorator' retrieved from /Users/jayesh/Desktop/Personal Work/Movie_data_pipeline/.venv/lib/python3.12/site-packages/airflow/example_dags/example_task_group_decorator.py
[2024-12-11T23:36:59.150+0530] {logging_mixin.py:190} INFO - [2024-12-11T23:36:59.150+0530] {dag.py:3239} INFO - Sync 1 DAGs
[2024-12-11T23:36:59.164+0530] {logging_mixin.py:190} INFO - [2024-12-11T23:36:59.164+0530] {dag.py:4180} INFO - Setting next_dagrun for example_task_group_decorator to None, run_after=None
[2024-12-11T23:36:59.188+0530] {processor.py:208} INFO - Processing /Users/jayesh/Desktop/Personal Work/Movie_data_pipeline/.venv/lib/python3.12/site-packages/airflow/example_dags/example_task_group_decorator.py took 0.318 seconds
[2024-12-11T23:40:53.788+0530] {processor.py:186} INFO - Started process (PID=11110) to work on /Users/jayesh/Desktop/Personal Work/Movie_data_pipeline/.venv/lib/python3.12/site-packages/airflow/example_dags/example_task_group_decorator.py
[2024-12-11T23:40:53.791+0530] {processor.py:914} INFO - Processing file /Users/jayesh/Desktop/Personal Work/Movie_data_pipeline/.venv/lib/python3.12/site-packages/airflow/example_dags/example_task_group_decorator.py for tasks to queue
[2024-12-11T23:40:53.792+0530] {logging_mixin.py:190} INFO - [2024-12-11T23:40:53.792+0530] {dagbag.py:588} INFO - Filling up the DagBag from /Users/jayesh/Desktop/Personal Work/Movie_data_pipeline/.venv/lib/python3.12/site-packages/airflow/example_dags/example_task_group_decorator.py
[2024-12-11T23:40:53.908+0530] {processor.py:925} INFO - DAG(s) 'example_task_group_decorator' retrieved from /Users/jayesh/Desktop/Personal Work/Movie_data_pipeline/.venv/lib/python3.12/site-packages/airflow/example_dags/example_task_group_decorator.py
[2024-12-11T23:40:54.053+0530] {logging_mixin.py:190} INFO - [2024-12-11T23:40:54.053+0530] {dag.py:3239} INFO - Sync 1 DAGs
[2024-12-11T23:40:54.067+0530] {logging_mixin.py:190} INFO - [2024-12-11T23:40:54.067+0530] {dag.py:4180} INFO - Setting next_dagrun for example_task_group_decorator to None, run_after=None
[2024-12-11T23:40:54.095+0530] {processor.py:208} INFO - Processing /Users/jayesh/Desktop/Personal Work/Movie_data_pipeline/.venv/lib/python3.12/site-packages/airflow/example_dags/example_task_group_decorator.py took 0.311 seconds
[2024-12-11T23:46:38.113+0530] {processor.py:186} INFO - Started process (PID=11709) to work on /Users/jayesh/Desktop/Personal Work/Movie_data_pipeline/.venv/lib/python3.12/site-packages/airflow/example_dags/example_task_group_decorator.py
[2024-12-11T23:46:38.115+0530] {processor.py:914} INFO - Processing file /Users/jayesh/Desktop/Personal Work/Movie_data_pipeline/.venv/lib/python3.12/site-packages/airflow/example_dags/example_task_group_decorator.py for tasks to queue
[2024-12-11T23:46:38.116+0530] {logging_mixin.py:190} INFO - [2024-12-11T23:46:38.116+0530] {dagbag.py:588} INFO - Filling up the DagBag from /Users/jayesh/Desktop/Personal Work/Movie_data_pipeline/.venv/lib/python3.12/site-packages/airflow/example_dags/example_task_group_decorator.py
[2024-12-11T23:46:38.183+0530] {processor.py:925} INFO - DAG(s) 'example_task_group_decorator' retrieved from /Users/jayesh/Desktop/Personal Work/Movie_data_pipeline/.venv/lib/python3.12/site-packages/airflow/example_dags/example_task_group_decorator.py
[2024-12-11T23:46:38.324+0530] {logging_mixin.py:190} INFO - [2024-12-11T23:46:38.324+0530] {dag.py:3239} INFO - Sync 1 DAGs
[2024-12-11T23:46:38.340+0530] {logging_mixin.py:190} INFO - [2024-12-11T23:46:38.340+0530] {dag.py:4180} INFO - Setting next_dagrun for example_task_group_decorator to None, run_after=None
[2024-12-11T23:46:38.365+0530] {processor.py:208} INFO - Processing /Users/jayesh/Desktop/Personal Work/Movie_data_pipeline/.venv/lib/python3.12/site-packages/airflow/example_dags/example_task_group_decorator.py took 0.257 seconds
[2024-12-11T23:49:51.603+0530] {processor.py:186} INFO - Started process (PID=12062) to work on /Users/jayesh/Desktop/Personal Work/Movie_data_pipeline/.venv/lib/python3.12/site-packages/airflow/example_dags/example_task_group_decorator.py
[2024-12-11T23:49:51.606+0530] {processor.py:914} INFO - Processing file /Users/jayesh/Desktop/Personal Work/Movie_data_pipeline/.venv/lib/python3.12/site-packages/airflow/example_dags/example_task_group_decorator.py for tasks to queue
[2024-12-11T23:49:51.607+0530] {logging_mixin.py:190} INFO - [2024-12-11T23:49:51.607+0530] {dagbag.py:588} INFO - Filling up the DagBag from /Users/jayesh/Desktop/Personal Work/Movie_data_pipeline/.venv/lib/python3.12/site-packages/airflow/example_dags/example_task_group_decorator.py
[2024-12-11T23:49:51.665+0530] {processor.py:925} INFO - DAG(s) 'example_task_group_decorator' retrieved from /Users/jayesh/Desktop/Personal Work/Movie_data_pipeline/.venv/lib/python3.12/site-packages/airflow/example_dags/example_task_group_decorator.py
[2024-12-11T23:49:51.797+0530] {logging_mixin.py:190} INFO - [2024-12-11T23:49:51.797+0530] {dag.py:3239} INFO - Sync 1 DAGs
[2024-12-11T23:49:51.809+0530] {logging_mixin.py:190} INFO - [2024-12-11T23:49:51.809+0530] {dag.py:4180} INFO - Setting next_dagrun for example_task_group_decorator to None, run_after=None
[2024-12-11T23:49:51.832+0530] {processor.py:208} INFO - Processing /Users/jayesh/Desktop/Personal Work/Movie_data_pipeline/.venv/lib/python3.12/site-packages/airflow/example_dags/example_task_group_decorator.py took 0.232 seconds
[2024-12-11T23:52:43.233+0530] {processor.py:186} INFO - Started process (PID=12354) to work on /Users/jayesh/Desktop/Personal Work/Movie_data_pipeline/.venv/lib/python3.12/site-packages/airflow/example_dags/example_task_group_decorator.py
[2024-12-11T23:52:43.236+0530] {processor.py:914} INFO - Processing file /Users/jayesh/Desktop/Personal Work/Movie_data_pipeline/.venv/lib/python3.12/site-packages/airflow/example_dags/example_task_group_decorator.py for tasks to queue
[2024-12-11T23:52:43.238+0530] {logging_mixin.py:190} INFO - [2024-12-11T23:52:43.237+0530] {dagbag.py:588} INFO - Filling up the DagBag from /Users/jayesh/Desktop/Personal Work/Movie_data_pipeline/.venv/lib/python3.12/site-packages/airflow/example_dags/example_task_group_decorator.py
[2024-12-11T23:52:43.289+0530] {processor.py:925} INFO - DAG(s) 'example_task_group_decorator' retrieved from /Users/jayesh/Desktop/Personal Work/Movie_data_pipeline/.venv/lib/python3.12/site-packages/airflow/example_dags/example_task_group_decorator.py
[2024-12-11T23:52:43.416+0530] {logging_mixin.py:190} INFO - [2024-12-11T23:52:43.416+0530] {dag.py:3239} INFO - Sync 1 DAGs
[2024-12-11T23:52:43.428+0530] {logging_mixin.py:190} INFO - [2024-12-11T23:52:43.428+0530] {dag.py:4180} INFO - Setting next_dagrun for example_task_group_decorator to None, run_after=None
[2024-12-11T23:52:43.450+0530] {processor.py:208} INFO - Processing /Users/jayesh/Desktop/Personal Work/Movie_data_pipeline/.venv/lib/python3.12/site-packages/airflow/example_dags/example_task_group_decorator.py took 0.221 seconds
[2024-12-11T23:55:33.439+0530] {processor.py:186} INFO - Started process (PID=12642) to work on /Users/jayesh/Desktop/Personal Work/Movie_data_pipeline/.venv/lib/python3.12/site-packages/airflow/example_dags/example_task_group_decorator.py
[2024-12-11T23:55:33.441+0530] {processor.py:914} INFO - Processing file /Users/jayesh/Desktop/Personal Work/Movie_data_pipeline/.venv/lib/python3.12/site-packages/airflow/example_dags/example_task_group_decorator.py for tasks to queue
[2024-12-11T23:55:33.443+0530] {logging_mixin.py:190} INFO - [2024-12-11T23:55:33.443+0530] {dagbag.py:588} INFO - Filling up the DagBag from /Users/jayesh/Desktop/Personal Work/Movie_data_pipeline/.venv/lib/python3.12/site-packages/airflow/example_dags/example_task_group_decorator.py
[2024-12-11T23:55:33.572+0530] {processor.py:925} INFO - DAG(s) 'example_task_group_decorator' retrieved from /Users/jayesh/Desktop/Personal Work/Movie_data_pipeline/.venv/lib/python3.12/site-packages/airflow/example_dags/example_task_group_decorator.py
[2024-12-11T23:55:33.733+0530] {logging_mixin.py:190} INFO - [2024-12-11T23:55:33.733+0530] {dag.py:3239} INFO - Sync 1 DAGs
[2024-12-11T23:55:33.749+0530] {logging_mixin.py:190} INFO - [2024-12-11T23:55:33.749+0530] {dag.py:4180} INFO - Setting next_dagrun for example_task_group_decorator to None, run_after=None
[2024-12-11T23:55:33.778+0530] {processor.py:208} INFO - Processing /Users/jayesh/Desktop/Personal Work/Movie_data_pipeline/.venv/lib/python3.12/site-packages/airflow/example_dags/example_task_group_decorator.py took 0.343 seconds
[2024-12-11T23:58:26.260+0530] {processor.py:186} INFO - Started process (PID=12928) to work on /Users/jayesh/Desktop/Personal Work/Movie_data_pipeline/.venv/lib/python3.12/site-packages/airflow/example_dags/example_task_group_decorator.py
[2024-12-11T23:58:26.262+0530] {processor.py:914} INFO - Processing file /Users/jayesh/Desktop/Personal Work/Movie_data_pipeline/.venv/lib/python3.12/site-packages/airflow/example_dags/example_task_group_decorator.py for tasks to queue
[2024-12-11T23:58:26.264+0530] {logging_mixin.py:190} INFO - [2024-12-11T23:58:26.263+0530] {dagbag.py:588} INFO - Filling up the DagBag from /Users/jayesh/Desktop/Personal Work/Movie_data_pipeline/.venv/lib/python3.12/site-packages/airflow/example_dags/example_task_group_decorator.py
[2024-12-11T23:58:26.373+0530] {processor.py:925} INFO - DAG(s) 'example_task_group_decorator' retrieved from /Users/jayesh/Desktop/Personal Work/Movie_data_pipeline/.venv/lib/python3.12/site-packages/airflow/example_dags/example_task_group_decorator.py
[2024-12-11T23:58:26.499+0530] {logging_mixin.py:190} INFO - [2024-12-11T23:58:26.499+0530] {dag.py:3239} INFO - Sync 1 DAGs
[2024-12-11T23:58:26.514+0530] {logging_mixin.py:190} INFO - [2024-12-11T23:58:26.513+0530] {dag.py:4180} INFO - Setting next_dagrun for example_task_group_decorator to None, run_after=None
[2024-12-11T23:58:26.537+0530] {processor.py:208} INFO - Processing /Users/jayesh/Desktop/Personal Work/Movie_data_pipeline/.venv/lib/python3.12/site-packages/airflow/example_dags/example_task_group_decorator.py took 0.283 seconds
[2024-12-12T00:01:19.944+0530] {processor.py:186} INFO - Started process (PID=13198) to work on /Users/jayesh/Desktop/Personal Work/Movie_data_pipeline/.venv/lib/python3.12/site-packages/airflow/example_dags/example_task_group_decorator.py
[2024-12-12T00:01:19.946+0530] {processor.py:914} INFO - Processing file /Users/jayesh/Desktop/Personal Work/Movie_data_pipeline/.venv/lib/python3.12/site-packages/airflow/example_dags/example_task_group_decorator.py for tasks to queue
[2024-12-12T00:01:19.948+0530] {logging_mixin.py:190} INFO - [2024-12-12T00:01:19.948+0530] {dagbag.py:588} INFO - Filling up the DagBag from /Users/jayesh/Desktop/Personal Work/Movie_data_pipeline/.venv/lib/python3.12/site-packages/airflow/example_dags/example_task_group_decorator.py
[2024-12-12T00:01:20.003+0530] {processor.py:925} INFO - DAG(s) 'example_task_group_decorator' retrieved from /Users/jayesh/Desktop/Personal Work/Movie_data_pipeline/.venv/lib/python3.12/site-packages/airflow/example_dags/example_task_group_decorator.py
[2024-12-12T00:01:20.159+0530] {logging_mixin.py:190} INFO - [2024-12-12T00:01:20.158+0530] {dag.py:3239} INFO - Sync 1 DAGs
[2024-12-12T00:01:20.175+0530] {logging_mixin.py:190} INFO - [2024-12-12T00:01:20.174+0530] {dag.py:4180} INFO - Setting next_dagrun for example_task_group_decorator to None, run_after=None
[2024-12-12T00:01:20.201+0530] {processor.py:208} INFO - Processing /Users/jayesh/Desktop/Personal Work/Movie_data_pipeline/.venv/lib/python3.12/site-packages/airflow/example_dags/example_task_group_decorator.py took 0.261 seconds
[2024-12-12T00:04:14.722+0530] {processor.py:186} INFO - Started process (PID=13485) to work on /Users/jayesh/Desktop/Personal Work/Movie_data_pipeline/.venv/lib/python3.12/site-packages/airflow/example_dags/example_task_group_decorator.py
[2024-12-12T00:04:14.725+0530] {processor.py:914} INFO - Processing file /Users/jayesh/Desktop/Personal Work/Movie_data_pipeline/.venv/lib/python3.12/site-packages/airflow/example_dags/example_task_group_decorator.py for tasks to queue
[2024-12-12T00:04:14.728+0530] {logging_mixin.py:190} INFO - [2024-12-12T00:04:14.727+0530] {dagbag.py:588} INFO - Filling up the DagBag from /Users/jayesh/Desktop/Personal Work/Movie_data_pipeline/.venv/lib/python3.12/site-packages/airflow/example_dags/example_task_group_decorator.py
[2024-12-12T00:04:14.864+0530] {processor.py:925} INFO - DAG(s) 'example_task_group_decorator' retrieved from /Users/jayesh/Desktop/Personal Work/Movie_data_pipeline/.venv/lib/python3.12/site-packages/airflow/example_dags/example_task_group_decorator.py
[2024-12-12T00:04:15.007+0530] {logging_mixin.py:190} INFO - [2024-12-12T00:04:15.006+0530] {dag.py:3239} INFO - Sync 1 DAGs
[2024-12-12T00:04:15.020+0530] {logging_mixin.py:190} INFO - [2024-12-12T00:04:15.020+0530] {dag.py:4180} INFO - Setting next_dagrun for example_task_group_decorator to None, run_after=None
[2024-12-12T00:04:15.046+0530] {processor.py:208} INFO - Processing /Users/jayesh/Desktop/Personal Work/Movie_data_pipeline/.venv/lib/python3.12/site-packages/airflow/example_dags/example_task_group_decorator.py took 0.330 seconds
[2024-12-12T00:07:09.247+0530] {processor.py:186} INFO - Started process (PID=13752) to work on /Users/jayesh/Desktop/Personal Work/Movie_data_pipeline/.venv/lib/python3.12/site-packages/airflow/example_dags/example_task_group_decorator.py
[2024-12-12T00:07:09.249+0530] {processor.py:914} INFO - Processing file /Users/jayesh/Desktop/Personal Work/Movie_data_pipeline/.venv/lib/python3.12/site-packages/airflow/example_dags/example_task_group_decorator.py for tasks to queue
[2024-12-12T00:07:09.252+0530] {logging_mixin.py:190} INFO - [2024-12-12T00:07:09.251+0530] {dagbag.py:588} INFO - Filling up the DagBag from /Users/jayesh/Desktop/Personal Work/Movie_data_pipeline/.venv/lib/python3.12/site-packages/airflow/example_dags/example_task_group_decorator.py
[2024-12-12T00:07:09.370+0530] {processor.py:925} INFO - DAG(s) 'example_task_group_decorator' retrieved from /Users/jayesh/Desktop/Personal Work/Movie_data_pipeline/.venv/lib/python3.12/site-packages/airflow/example_dags/example_task_group_decorator.py
[2024-12-12T00:07:09.502+0530] {logging_mixin.py:190} INFO - [2024-12-12T00:07:09.502+0530] {dag.py:3239} INFO - Sync 1 DAGs
[2024-12-12T00:07:09.515+0530] {logging_mixin.py:190} INFO - [2024-12-12T00:07:09.515+0530] {dag.py:4180} INFO - Setting next_dagrun for example_task_group_decorator to None, run_after=None
[2024-12-12T00:07:09.538+0530] {processor.py:208} INFO - Processing /Users/jayesh/Desktop/Personal Work/Movie_data_pipeline/.venv/lib/python3.12/site-packages/airflow/example_dags/example_task_group_decorator.py took 0.295 seconds
[2024-12-12T00:10:02.538+0530] {processor.py:186} INFO - Started process (PID=14031) to work on /Users/jayesh/Desktop/Personal Work/Movie_data_pipeline/.venv/lib/python3.12/site-packages/airflow/example_dags/example_task_group_decorator.py
[2024-12-12T00:10:02.541+0530] {processor.py:914} INFO - Processing file /Users/jayesh/Desktop/Personal Work/Movie_data_pipeline/.venv/lib/python3.12/site-packages/airflow/example_dags/example_task_group_decorator.py for tasks to queue
[2024-12-12T00:10:02.542+0530] {logging_mixin.py:190} INFO - [2024-12-12T00:10:02.542+0530] {dagbag.py:588} INFO - Filling up the DagBag from /Users/jayesh/Desktop/Personal Work/Movie_data_pipeline/.venv/lib/python3.12/site-packages/airflow/example_dags/example_task_group_decorator.py
[2024-12-12T00:10:02.670+0530] {processor.py:925} INFO - DAG(s) 'example_task_group_decorator' retrieved from /Users/jayesh/Desktop/Personal Work/Movie_data_pipeline/.venv/lib/python3.12/site-packages/airflow/example_dags/example_task_group_decorator.py
[2024-12-12T00:10:02.805+0530] {logging_mixin.py:190} INFO - [2024-12-12T00:10:02.804+0530] {dag.py:3239} INFO - Sync 1 DAGs
[2024-12-12T00:10:02.817+0530] {logging_mixin.py:190} INFO - [2024-12-12T00:10:02.817+0530] {dag.py:4180} INFO - Setting next_dagrun for example_task_group_decorator to None, run_after=None
[2024-12-12T00:10:02.841+0530] {processor.py:208} INFO - Processing /Users/jayesh/Desktop/Personal Work/Movie_data_pipeline/.venv/lib/python3.12/site-packages/airflow/example_dags/example_task_group_decorator.py took 0.306 seconds
[2024-12-12T00:12:56.654+0530] {processor.py:186} INFO - Started process (PID=14311) to work on /Users/jayesh/Desktop/Personal Work/Movie_data_pipeline/.venv/lib/python3.12/site-packages/airflow/example_dags/example_task_group_decorator.py
[2024-12-12T00:12:56.656+0530] {processor.py:914} INFO - Processing file /Users/jayesh/Desktop/Personal Work/Movie_data_pipeline/.venv/lib/python3.12/site-packages/airflow/example_dags/example_task_group_decorator.py for tasks to queue
[2024-12-12T00:12:56.658+0530] {logging_mixin.py:190} INFO - [2024-12-12T00:12:56.657+0530] {dagbag.py:588} INFO - Filling up the DagBag from /Users/jayesh/Desktop/Personal Work/Movie_data_pipeline/.venv/lib/python3.12/site-packages/airflow/example_dags/example_task_group_decorator.py
[2024-12-12T00:12:56.776+0530] {processor.py:925} INFO - DAG(s) 'example_task_group_decorator' retrieved from /Users/jayesh/Desktop/Personal Work/Movie_data_pipeline/.venv/lib/python3.12/site-packages/airflow/example_dags/example_task_group_decorator.py
[2024-12-12T00:12:56.915+0530] {logging_mixin.py:190} INFO - [2024-12-12T00:12:56.914+0530] {dag.py:3239} INFO - Sync 1 DAGs
[2024-12-12T00:12:56.928+0530] {logging_mixin.py:190} INFO - [2024-12-12T00:12:56.927+0530] {dag.py:4180} INFO - Setting next_dagrun for example_task_group_decorator to None, run_after=None
[2024-12-12T00:12:56.950+0530] {processor.py:208} INFO - Processing /Users/jayesh/Desktop/Personal Work/Movie_data_pipeline/.venv/lib/python3.12/site-packages/airflow/example_dags/example_task_group_decorator.py took 0.300 seconds
[2024-12-12T00:15:52.276+0530] {processor.py:186} INFO - Started process (PID=14586) to work on /Users/jayesh/Desktop/Personal Work/Movie_data_pipeline/.venv/lib/python3.12/site-packages/airflow/example_dags/example_task_group_decorator.py
[2024-12-12T00:15:52.279+0530] {processor.py:914} INFO - Processing file /Users/jayesh/Desktop/Personal Work/Movie_data_pipeline/.venv/lib/python3.12/site-packages/airflow/example_dags/example_task_group_decorator.py for tasks to queue
[2024-12-12T00:15:52.281+0530] {logging_mixin.py:190} INFO - [2024-12-12T00:15:52.281+0530] {dagbag.py:588} INFO - Filling up the DagBag from /Users/jayesh/Desktop/Personal Work/Movie_data_pipeline/.venv/lib/python3.12/site-packages/airflow/example_dags/example_task_group_decorator.py
[2024-12-12T00:15:52.339+0530] {processor.py:925} INFO - DAG(s) 'example_task_group_decorator' retrieved from /Users/jayesh/Desktop/Personal Work/Movie_data_pipeline/.venv/lib/python3.12/site-packages/airflow/example_dags/example_task_group_decorator.py
[2024-12-12T00:15:52.470+0530] {logging_mixin.py:190} INFO - [2024-12-12T00:15:52.469+0530] {dag.py:3239} INFO - Sync 1 DAGs
[2024-12-12T00:15:52.483+0530] {logging_mixin.py:190} INFO - [2024-12-12T00:15:52.482+0530] {dag.py:4180} INFO - Setting next_dagrun for example_task_group_decorator to None, run_after=None
[2024-12-12T00:15:52.504+0530] {processor.py:208} INFO - Processing /Users/jayesh/Desktop/Personal Work/Movie_data_pipeline/.venv/lib/python3.12/site-packages/airflow/example_dags/example_task_group_decorator.py took 0.231 seconds
[2024-12-12T00:18:39.306+0530] {processor.py:186} INFO - Started process (PID=14850) to work on /Users/jayesh/Desktop/Personal Work/Movie_data_pipeline/.venv/lib/python3.12/site-packages/airflow/example_dags/example_task_group_decorator.py
[2024-12-12T00:18:39.309+0530] {processor.py:914} INFO - Processing file /Users/jayesh/Desktop/Personal Work/Movie_data_pipeline/.venv/lib/python3.12/site-packages/airflow/example_dags/example_task_group_decorator.py for tasks to queue
[2024-12-12T00:18:39.310+0530] {logging_mixin.py:190} INFO - [2024-12-12T00:18:39.310+0530] {dagbag.py:588} INFO - Filling up the DagBag from /Users/jayesh/Desktop/Personal Work/Movie_data_pipeline/.venv/lib/python3.12/site-packages/airflow/example_dags/example_task_group_decorator.py
[2024-12-12T00:18:39.364+0530] {processor.py:925} INFO - DAG(s) 'example_task_group_decorator' retrieved from /Users/jayesh/Desktop/Personal Work/Movie_data_pipeline/.venv/lib/python3.12/site-packages/airflow/example_dags/example_task_group_decorator.py
[2024-12-12T00:18:39.489+0530] {logging_mixin.py:190} INFO - [2024-12-12T00:18:39.488+0530] {dag.py:3239} INFO - Sync 1 DAGs
[2024-12-12T00:18:39.502+0530] {logging_mixin.py:190} INFO - [2024-12-12T00:18:39.501+0530] {dag.py:4180} INFO - Setting next_dagrun for example_task_group_decorator to None, run_after=None
[2024-12-12T00:18:39.523+0530] {processor.py:208} INFO - Processing /Users/jayesh/Desktop/Personal Work/Movie_data_pipeline/.venv/lib/python3.12/site-packages/airflow/example_dags/example_task_group_decorator.py took 0.220 seconds
[2024-12-12T00:21:49.343+0530] {processor.py:186} INFO - Started process (PID=15162) to work on /Users/jayesh/Desktop/Personal Work/Movie_data_pipeline/.venv/lib/python3.12/site-packages/airflow/example_dags/example_task_group_decorator.py
[2024-12-12T00:21:49.346+0530] {processor.py:914} INFO - Processing file /Users/jayesh/Desktop/Personal Work/Movie_data_pipeline/.venv/lib/python3.12/site-packages/airflow/example_dags/example_task_group_decorator.py for tasks to queue
[2024-12-12T00:21:49.348+0530] {logging_mixin.py:190} INFO - [2024-12-12T00:21:49.347+0530] {dagbag.py:588} INFO - Filling up the DagBag from /Users/jayesh/Desktop/Personal Work/Movie_data_pipeline/.venv/lib/python3.12/site-packages/airflow/example_dags/example_task_group_decorator.py
[2024-12-12T00:21:49.413+0530] {processor.py:925} INFO - DAG(s) 'example_task_group_decorator' retrieved from /Users/jayesh/Desktop/Personal Work/Movie_data_pipeline/.venv/lib/python3.12/site-packages/airflow/example_dags/example_task_group_decorator.py
[2024-12-12T00:21:49.560+0530] {logging_mixin.py:190} INFO - [2024-12-12T00:21:49.560+0530] {dag.py:3239} INFO - Sync 1 DAGs
[2024-12-12T00:21:49.574+0530] {logging_mixin.py:190} INFO - [2024-12-12T00:21:49.574+0530] {dag.py:4180} INFO - Setting next_dagrun for example_task_group_decorator to None, run_after=None
[2024-12-12T00:21:49.598+0530] {processor.py:208} INFO - Processing /Users/jayesh/Desktop/Personal Work/Movie_data_pipeline/.venv/lib/python3.12/site-packages/airflow/example_dags/example_task_group_decorator.py took 0.259 seconds
[2024-12-12T00:25:19.606+0530] {processor.py:186} INFO - Started process (PID=15500) to work on /Users/jayesh/Desktop/Personal Work/Movie_data_pipeline/.venv/lib/python3.12/site-packages/airflow/example_dags/example_task_group_decorator.py
[2024-12-12T00:25:19.609+0530] {processor.py:914} INFO - Processing file /Users/jayesh/Desktop/Personal Work/Movie_data_pipeline/.venv/lib/python3.12/site-packages/airflow/example_dags/example_task_group_decorator.py for tasks to queue
[2024-12-12T00:25:19.611+0530] {logging_mixin.py:190} INFO - [2024-12-12T00:25:19.610+0530] {dagbag.py:588} INFO - Filling up the DagBag from /Users/jayesh/Desktop/Personal Work/Movie_data_pipeline/.venv/lib/python3.12/site-packages/airflow/example_dags/example_task_group_decorator.py
[2024-12-12T00:25:19.731+0530] {processor.py:925} INFO - DAG(s) 'example_task_group_decorator' retrieved from /Users/jayesh/Desktop/Personal Work/Movie_data_pipeline/.venv/lib/python3.12/site-packages/airflow/example_dags/example_task_group_decorator.py
[2024-12-12T00:25:19.862+0530] {logging_mixin.py:190} INFO - [2024-12-12T00:25:19.862+0530] {dag.py:3239} INFO - Sync 1 DAGs
[2024-12-12T00:25:19.875+0530] {logging_mixin.py:190} INFO - [2024-12-12T00:25:19.875+0530] {dag.py:4180} INFO - Setting next_dagrun for example_task_group_decorator to None, run_after=None
[2024-12-12T00:25:19.898+0530] {processor.py:208} INFO - Processing /Users/jayesh/Desktop/Personal Work/Movie_data_pipeline/.venv/lib/python3.12/site-packages/airflow/example_dags/example_task_group_decorator.py took 0.296 seconds
[2024-12-12T00:28:36.758+0530] {processor.py:186} INFO - Started process (PID=15813) to work on /Users/jayesh/Desktop/Personal Work/Movie_data_pipeline/.venv/lib/python3.12/site-packages/airflow/example_dags/example_task_group_decorator.py
[2024-12-12T00:28:36.760+0530] {processor.py:914} INFO - Processing file /Users/jayesh/Desktop/Personal Work/Movie_data_pipeline/.venv/lib/python3.12/site-packages/airflow/example_dags/example_task_group_decorator.py for tasks to queue
[2024-12-12T00:28:36.761+0530] {logging_mixin.py:190} INFO - [2024-12-12T00:28:36.761+0530] {dagbag.py:588} INFO - Filling up the DagBag from /Users/jayesh/Desktop/Personal Work/Movie_data_pipeline/.venv/lib/python3.12/site-packages/airflow/example_dags/example_task_group_decorator.py
[2024-12-12T00:28:36.813+0530] {processor.py:925} INFO - DAG(s) 'example_task_group_decorator' retrieved from /Users/jayesh/Desktop/Personal Work/Movie_data_pipeline/.venv/lib/python3.12/site-packages/airflow/example_dags/example_task_group_decorator.py
[2024-12-12T00:28:36.950+0530] {logging_mixin.py:190} INFO - [2024-12-12T00:28:36.950+0530] {dag.py:3239} INFO - Sync 1 DAGs
[2024-12-12T00:28:36.963+0530] {logging_mixin.py:190} INFO - [2024-12-12T00:28:36.963+0530] {dag.py:4180} INFO - Setting next_dagrun for example_task_group_decorator to None, run_after=None
[2024-12-12T00:28:36.985+0530] {processor.py:208} INFO - Processing /Users/jayesh/Desktop/Personal Work/Movie_data_pipeline/.venv/lib/python3.12/site-packages/airflow/example_dags/example_task_group_decorator.py took 0.231 seconds
