[2024-12-11T23:24:06.125+0530] {processor.py:186} INFO - Started process (PID=9287) to work on /Users/jayesh/Desktop/Personal Work/Movie_data_pipeline/.venv/lib/python3.12/site-packages/airflow/example_dags/example_xcomargs.py
[2024-12-11T23:24:06.128+0530] {processor.py:914} INFO - Processing file /Users/jayesh/Desktop/Personal Work/Movie_data_pipeline/.venv/lib/python3.12/site-packages/airflow/example_dags/example_xcomargs.py for tasks to queue
[2024-12-11T23:24:06.129+0530] {logging_mixin.py:190} INFO - [2024-12-11T23:24:06.129+0530] {dagbag.py:588} INFO - Filling up the DagBag from /Users/jayesh/Desktop/Personal Work/Movie_data_pipeline/.venv/lib/python3.12/site-packages/airflow/example_dags/example_xcomargs.py
[2024-12-11T23:24:06.183+0530] {processor.py:925} INFO - DAG(s) 'example_xcom_args_with_operators', 'example_xcom_args' retrieved from /Users/jayesh/Desktop/Personal Work/Movie_data_pipeline/.venv/lib/python3.12/site-packages/airflow/example_dags/example_xcomargs.py
[2024-12-11T23:24:06.511+0530] {logging_mixin.py:190} INFO - [2024-12-11T23:24:06.510+0530] {override.py:1911} INFO - Created Permission View: can delete on DAG:example_xcom_args_with_operators
[2024-12-11T23:24:06.525+0530] {logging_mixin.py:190} INFO - [2024-12-11T23:24:06.524+0530] {override.py:1911} INFO - Created Permission View: can edit on DAG:example_xcom_args_with_operators
[2024-12-11T23:24:06.533+0530] {logging_mixin.py:190} INFO - [2024-12-11T23:24:06.533+0530] {override.py:1911} INFO - Created Permission View: can read on DAG:example_xcom_args_with_operators
[2024-12-11T23:24:06.555+0530] {logging_mixin.py:190} INFO - [2024-12-11T23:24:06.554+0530] {override.py:1911} INFO - Created Permission View: can delete on DAG Run:example_xcom_args_with_operators
[2024-12-11T23:24:06.563+0530] {logging_mixin.py:190} INFO - [2024-12-11T23:24:06.562+0530] {override.py:1911} INFO - Created Permission View: can create on DAG Run:example_xcom_args_with_operators
[2024-12-11T23:24:06.574+0530] {logging_mixin.py:190} INFO - [2024-12-11T23:24:06.573+0530] {override.py:1911} INFO - Created Permission View: can read on DAG Run:example_xcom_args_with_operators
[2024-12-11T23:24:06.587+0530] {logging_mixin.py:190} INFO - [2024-12-11T23:24:06.586+0530] {override.py:1911} INFO - Created Permission View: menu access on DAG Run:example_xcom_args_with_operators
[2024-12-11T23:24:06.608+0530] {logging_mixin.py:190} INFO - [2024-12-11T23:24:06.608+0530] {override.py:1911} INFO - Created Permission View: can delete on DAG:example_xcom_args
[2024-12-11T23:24:06.623+0530] {logging_mixin.py:190} INFO - [2024-12-11T23:24:06.622+0530] {override.py:1911} INFO - Created Permission View: can edit on DAG:example_xcom_args
[2024-12-11T23:24:06.632+0530] {logging_mixin.py:190} INFO - [2024-12-11T23:24:06.631+0530] {override.py:1911} INFO - Created Permission View: can read on DAG:example_xcom_args
[2024-12-11T23:24:06.651+0530] {logging_mixin.py:190} INFO - [2024-12-11T23:24:06.651+0530] {override.py:1911} INFO - Created Permission View: can delete on DAG Run:example_xcom_args
[2024-12-11T23:24:06.665+0530] {logging_mixin.py:190} INFO - [2024-12-11T23:24:06.665+0530] {override.py:1911} INFO - Created Permission View: can create on DAG Run:example_xcom_args
[2024-12-11T23:24:06.674+0530] {logging_mixin.py:190} INFO - [2024-12-11T23:24:06.673+0530] {override.py:1911} INFO - Created Permission View: can read on DAG Run:example_xcom_args
[2024-12-11T23:24:06.682+0530] {logging_mixin.py:190} INFO - [2024-12-11T23:24:06.682+0530] {override.py:1911} INFO - Created Permission View: menu access on DAG Run:example_xcom_args
[2024-12-11T23:24:06.683+0530] {logging_mixin.py:190} INFO - [2024-12-11T23:24:06.683+0530] {dag.py:3239} INFO - Sync 2 DAGs
[2024-12-11T23:24:06.699+0530] {logging_mixin.py:190} INFO - [2024-12-11T23:24:06.699+0530] {dag.py:3262} INFO - Creating ORM DAG for example_xcom_args_with_operators
[2024-12-11T23:24:06.700+0530] {logging_mixin.py:190} INFO - [2024-12-11T23:24:06.700+0530] {dag.py:3262} INFO - Creating ORM DAG for example_xcom_args
[2024-12-11T23:24:06.700+0530] {logging_mixin.py:190} INFO - [2024-12-11T23:24:06.700+0530] {dag.py:4180} INFO - Setting next_dagrun for example_xcom_args to None, run_after=None
[2024-12-11T23:24:06.701+0530] {logging_mixin.py:190} INFO - [2024-12-11T23:24:06.701+0530] {dag.py:4180} INFO - Setting next_dagrun for example_xcom_args_with_operators to None, run_after=None
[2024-12-11T23:24:06.722+0530] {processor.py:208} INFO - Processing /Users/jayesh/Desktop/Personal Work/Movie_data_pipeline/.venv/lib/python3.12/site-packages/airflow/example_dags/example_xcomargs.py took 0.601 seconds
[2024-12-11T23:28:49.830+0530] {processor.py:186} INFO - Started process (PID=9788) to work on /Users/jayesh/Desktop/Personal Work/Movie_data_pipeline/.venv/lib/python3.12/site-packages/airflow/example_dags/example_xcomargs.py
[2024-12-11T23:28:49.833+0530] {processor.py:914} INFO - Processing file /Users/jayesh/Desktop/Personal Work/Movie_data_pipeline/.venv/lib/python3.12/site-packages/airflow/example_dags/example_xcomargs.py for tasks to queue
[2024-12-11T23:28:49.835+0530] {logging_mixin.py:190} INFO - [2024-12-11T23:28:49.835+0530] {dagbag.py:588} INFO - Filling up the DagBag from /Users/jayesh/Desktop/Personal Work/Movie_data_pipeline/.venv/lib/python3.12/site-packages/airflow/example_dags/example_xcomargs.py
[2024-12-11T23:28:49.893+0530] {processor.py:925} INFO - DAG(s) 'example_xcom_args_with_operators', 'example_xcom_args' retrieved from /Users/jayesh/Desktop/Personal Work/Movie_data_pipeline/.venv/lib/python3.12/site-packages/airflow/example_dags/example_xcomargs.py
[2024-12-11T23:28:50.051+0530] {logging_mixin.py:190} INFO - [2024-12-11T23:28:50.051+0530] {dag.py:3239} INFO - Sync 2 DAGs
[2024-12-11T23:28:50.067+0530] {logging_mixin.py:190} INFO - [2024-12-11T23:28:50.067+0530] {dag.py:4180} INFO - Setting next_dagrun for example_xcom_args to None, run_after=None
[2024-12-11T23:28:50.072+0530] {logging_mixin.py:190} INFO - [2024-12-11T23:28:50.071+0530] {dag.py:4180} INFO - Setting next_dagrun for example_xcom_args_with_operators to None, run_after=None
[2024-12-11T23:28:50.093+0530] {processor.py:208} INFO - Processing /Users/jayesh/Desktop/Personal Work/Movie_data_pipeline/.venv/lib/python3.12/site-packages/airflow/example_dags/example_xcomargs.py took 0.267 seconds
[2024-12-11T23:32:23.114+0530] {processor.py:186} INFO - Started process (PID=10123) to work on /Users/jayesh/Desktop/Personal Work/Movie_data_pipeline/.venv/lib/python3.12/site-packages/airflow/example_dags/example_xcomargs.py
[2024-12-11T23:32:23.116+0530] {processor.py:914} INFO - Processing file /Users/jayesh/Desktop/Personal Work/Movie_data_pipeline/.venv/lib/python3.12/site-packages/airflow/example_dags/example_xcomargs.py for tasks to queue
[2024-12-11T23:32:23.119+0530] {logging_mixin.py:190} INFO - [2024-12-11T23:32:23.119+0530] {dagbag.py:588} INFO - Filling up the DagBag from /Users/jayesh/Desktop/Personal Work/Movie_data_pipeline/.venv/lib/python3.12/site-packages/airflow/example_dags/example_xcomargs.py
[2024-12-11T23:32:23.244+0530] {processor.py:925} INFO - DAG(s) 'example_xcom_args_with_operators', 'example_xcom_args' retrieved from /Users/jayesh/Desktop/Personal Work/Movie_data_pipeline/.venv/lib/python3.12/site-packages/airflow/example_dags/example_xcomargs.py
[2024-12-11T23:32:23.515+0530] {logging_mixin.py:190} INFO - [2024-12-11T23:32:23.514+0530] {dag.py:3239} INFO - Sync 2 DAGs
[2024-12-11T23:32:23.541+0530] {logging_mixin.py:190} INFO - [2024-12-11T23:32:23.541+0530] {dag.py:4180} INFO - Setting next_dagrun for example_xcom_args to None, run_after=None
[2024-12-11T23:32:23.547+0530] {logging_mixin.py:190} INFO - [2024-12-11T23:32:23.547+0530] {dag.py:4180} INFO - Setting next_dagrun for example_xcom_args_with_operators to None, run_after=None
[2024-12-11T23:32:23.573+0530] {processor.py:208} INFO - Processing /Users/jayesh/Desktop/Personal Work/Movie_data_pipeline/.venv/lib/python3.12/site-packages/airflow/example_dags/example_xcomargs.py took 0.465 seconds
[2024-12-11T23:36:29.018+0530] {processor.py:186} INFO - Started process (PID=10672) to work on /Users/jayesh/Desktop/Personal Work/Movie_data_pipeline/.venv/lib/python3.12/site-packages/airflow/example_dags/example_xcomargs.py
[2024-12-11T23:36:29.021+0530] {processor.py:914} INFO - Processing file /Users/jayesh/Desktop/Personal Work/Movie_data_pipeline/.venv/lib/python3.12/site-packages/airflow/example_dags/example_xcomargs.py for tasks to queue
[2024-12-11T23:36:29.023+0530] {logging_mixin.py:190} INFO - [2024-12-11T23:36:29.023+0530] {dagbag.py:588} INFO - Filling up the DagBag from /Users/jayesh/Desktop/Personal Work/Movie_data_pipeline/.venv/lib/python3.12/site-packages/airflow/example_dags/example_xcomargs.py
[2024-12-11T23:36:29.076+0530] {processor.py:925} INFO - DAG(s) 'example_xcom_args', 'example_xcom_args_with_operators' retrieved from /Users/jayesh/Desktop/Personal Work/Movie_data_pipeline/.venv/lib/python3.12/site-packages/airflow/example_dags/example_xcomargs.py
[2024-12-11T23:36:29.241+0530] {logging_mixin.py:190} INFO - [2024-12-11T23:36:29.240+0530] {dag.py:3239} INFO - Sync 2 DAGs
[2024-12-11T23:36:29.259+0530] {logging_mixin.py:190} INFO - [2024-12-11T23:36:29.258+0530] {dag.py:4180} INFO - Setting next_dagrun for example_xcom_args to None, run_after=None
[2024-12-11T23:36:29.264+0530] {logging_mixin.py:190} INFO - [2024-12-11T23:36:29.264+0530] {dag.py:4180} INFO - Setting next_dagrun for example_xcom_args_with_operators to None, run_after=None
[2024-12-11T23:36:29.296+0530] {processor.py:208} INFO - Processing /Users/jayesh/Desktop/Personal Work/Movie_data_pipeline/.venv/lib/python3.12/site-packages/airflow/example_dags/example_xcomargs.py took 0.282 seconds
[2024-12-11T23:40:24.872+0530] {processor.py:186} INFO - Started process (PID=11062) to work on /Users/jayesh/Desktop/Personal Work/Movie_data_pipeline/.venv/lib/python3.12/site-packages/airflow/example_dags/example_xcomargs.py
[2024-12-11T23:40:24.875+0530] {processor.py:914} INFO - Processing file /Users/jayesh/Desktop/Personal Work/Movie_data_pipeline/.venv/lib/python3.12/site-packages/airflow/example_dags/example_xcomargs.py for tasks to queue
[2024-12-11T23:40:24.877+0530] {logging_mixin.py:190} INFO - [2024-12-11T23:40:24.877+0530] {dagbag.py:588} INFO - Filling up the DagBag from /Users/jayesh/Desktop/Personal Work/Movie_data_pipeline/.venv/lib/python3.12/site-packages/airflow/example_dags/example_xcomargs.py
[2024-12-11T23:40:24.942+0530] {processor.py:925} INFO - DAG(s) 'example_xcom_args', 'example_xcom_args_with_operators' retrieved from /Users/jayesh/Desktop/Personal Work/Movie_data_pipeline/.venv/lib/python3.12/site-packages/airflow/example_dags/example_xcomargs.py
[2024-12-11T23:40:25.227+0530] {logging_mixin.py:190} INFO - [2024-12-11T23:40:25.227+0530] {dag.py:3239} INFO - Sync 2 DAGs
[2024-12-11T23:40:25.248+0530] {logging_mixin.py:190} INFO - [2024-12-11T23:40:25.247+0530] {dag.py:4180} INFO - Setting next_dagrun for example_xcom_args to None, run_after=None
[2024-12-11T23:40:25.256+0530] {logging_mixin.py:190} INFO - [2024-12-11T23:40:25.255+0530] {dag.py:4180} INFO - Setting next_dagrun for example_xcom_args_with_operators to None, run_after=None
[2024-12-11T23:40:25.295+0530] {processor.py:208} INFO - Processing /Users/jayesh/Desktop/Personal Work/Movie_data_pipeline/.venv/lib/python3.12/site-packages/airflow/example_dags/example_xcomargs.py took 0.428 seconds
[2024-12-11T23:46:14.080+0530] {processor.py:186} INFO - Started process (PID=11654) to work on /Users/jayesh/Desktop/Personal Work/Movie_data_pipeline/.venv/lib/python3.12/site-packages/airflow/example_dags/example_xcomargs.py
[2024-12-11T23:46:14.083+0530] {processor.py:914} INFO - Processing file /Users/jayesh/Desktop/Personal Work/Movie_data_pipeline/.venv/lib/python3.12/site-packages/airflow/example_dags/example_xcomargs.py for tasks to queue
[2024-12-11T23:46:14.085+0530] {logging_mixin.py:190} INFO - [2024-12-11T23:46:14.085+0530] {dagbag.py:588} INFO - Filling up the DagBag from /Users/jayesh/Desktop/Personal Work/Movie_data_pipeline/.venv/lib/python3.12/site-packages/airflow/example_dags/example_xcomargs.py
[2024-12-11T23:46:14.133+0530] {processor.py:925} INFO - DAG(s) 'example_xcom_args', 'example_xcom_args_with_operators' retrieved from /Users/jayesh/Desktop/Personal Work/Movie_data_pipeline/.venv/lib/python3.12/site-packages/airflow/example_dags/example_xcomargs.py
[2024-12-11T23:46:14.276+0530] {logging_mixin.py:190} INFO - [2024-12-11T23:46:14.276+0530] {dag.py:3239} INFO - Sync 2 DAGs
[2024-12-11T23:46:14.290+0530] {logging_mixin.py:190} INFO - [2024-12-11T23:46:14.290+0530] {dag.py:4180} INFO - Setting next_dagrun for example_xcom_args to None, run_after=None
[2024-12-11T23:46:14.295+0530] {logging_mixin.py:190} INFO - [2024-12-11T23:46:14.294+0530] {dag.py:4180} INFO - Setting next_dagrun for example_xcom_args_with_operators to None, run_after=None
[2024-12-11T23:46:14.321+0530] {processor.py:208} INFO - Processing /Users/jayesh/Desktop/Personal Work/Movie_data_pipeline/.venv/lib/python3.12/site-packages/airflow/example_dags/example_xcomargs.py took 0.246 seconds
[2024-12-11T23:49:31.716+0530] {processor.py:186} INFO - Started process (PID=12010) to work on /Users/jayesh/Desktop/Personal Work/Movie_data_pipeline/.venv/lib/python3.12/site-packages/airflow/example_dags/example_xcomargs.py
[2024-12-11T23:49:31.719+0530] {processor.py:914} INFO - Processing file /Users/jayesh/Desktop/Personal Work/Movie_data_pipeline/.venv/lib/python3.12/site-packages/airflow/example_dags/example_xcomargs.py for tasks to queue
[2024-12-11T23:49:31.721+0530] {logging_mixin.py:190} INFO - [2024-12-11T23:49:31.720+0530] {dagbag.py:588} INFO - Filling up the DagBag from /Users/jayesh/Desktop/Personal Work/Movie_data_pipeline/.venv/lib/python3.12/site-packages/airflow/example_dags/example_xcomargs.py
[2024-12-11T23:49:31.768+0530] {processor.py:925} INFO - DAG(s) 'example_xcom_args', 'example_xcom_args_with_operators' retrieved from /Users/jayesh/Desktop/Personal Work/Movie_data_pipeline/.venv/lib/python3.12/site-packages/airflow/example_dags/example_xcomargs.py
[2024-12-11T23:49:31.890+0530] {logging_mixin.py:190} INFO - [2024-12-11T23:49:31.890+0530] {dag.py:3239} INFO - Sync 2 DAGs
[2024-12-11T23:49:31.902+0530] {logging_mixin.py:190} INFO - [2024-12-11T23:49:31.902+0530] {dag.py:4180} INFO - Setting next_dagrun for example_xcom_args to None, run_after=None
[2024-12-11T23:49:31.906+0530] {logging_mixin.py:190} INFO - [2024-12-11T23:49:31.906+0530] {dag.py:4180} INFO - Setting next_dagrun for example_xcom_args_with_operators to None, run_after=None
[2024-12-11T23:49:31.926+0530] {processor.py:208} INFO - Processing /Users/jayesh/Desktop/Personal Work/Movie_data_pipeline/.venv/lib/python3.12/site-packages/airflow/example_dags/example_xcomargs.py took 0.214 seconds
[2024-12-11T23:52:22.311+0530] {processor.py:186} INFO - Started process (PID=12322) to work on /Users/jayesh/Desktop/Personal Work/Movie_data_pipeline/.venv/lib/python3.12/site-packages/airflow/example_dags/example_xcomargs.py
[2024-12-11T23:52:22.313+0530] {processor.py:914} INFO - Processing file /Users/jayesh/Desktop/Personal Work/Movie_data_pipeline/.venv/lib/python3.12/site-packages/airflow/example_dags/example_xcomargs.py for tasks to queue
[2024-12-11T23:52:22.315+0530] {logging_mixin.py:190} INFO - [2024-12-11T23:52:22.314+0530] {dagbag.py:588} INFO - Filling up the DagBag from /Users/jayesh/Desktop/Personal Work/Movie_data_pipeline/.venv/lib/python3.12/site-packages/airflow/example_dags/example_xcomargs.py
[2024-12-11T23:52:22.361+0530] {processor.py:925} INFO - DAG(s) 'example_xcom_args', 'example_xcom_args_with_operators' retrieved from /Users/jayesh/Desktop/Personal Work/Movie_data_pipeline/.venv/lib/python3.12/site-packages/airflow/example_dags/example_xcomargs.py
[2024-12-11T23:52:22.497+0530] {logging_mixin.py:190} INFO - [2024-12-11T23:52:22.496+0530] {dag.py:3239} INFO - Sync 2 DAGs
[2024-12-11T23:52:22.512+0530] {logging_mixin.py:190} INFO - [2024-12-11T23:52:22.512+0530] {dag.py:4180} INFO - Setting next_dagrun for example_xcom_args to None, run_after=None
[2024-12-11T23:52:22.517+0530] {logging_mixin.py:190} INFO - [2024-12-11T23:52:22.517+0530] {dag.py:4180} INFO - Setting next_dagrun for example_xcom_args_with_operators to None, run_after=None
[2024-12-11T23:52:22.539+0530] {processor.py:208} INFO - Processing /Users/jayesh/Desktop/Personal Work/Movie_data_pipeline/.venv/lib/python3.12/site-packages/airflow/example_dags/example_xcomargs.py took 0.232 seconds
[2024-12-11T23:55:11.794+0530] {processor.py:186} INFO - Started process (PID=12597) to work on /Users/jayesh/Desktop/Personal Work/Movie_data_pipeline/.venv/lib/python3.12/site-packages/airflow/example_dags/example_xcomargs.py
[2024-12-11T23:55:11.797+0530] {processor.py:914} INFO - Processing file /Users/jayesh/Desktop/Personal Work/Movie_data_pipeline/.venv/lib/python3.12/site-packages/airflow/example_dags/example_xcomargs.py for tasks to queue
[2024-12-11T23:55:11.799+0530] {logging_mixin.py:190} INFO - [2024-12-11T23:55:11.799+0530] {dagbag.py:588} INFO - Filling up the DagBag from /Users/jayesh/Desktop/Personal Work/Movie_data_pipeline/.venv/lib/python3.12/site-packages/airflow/example_dags/example_xcomargs.py
[2024-12-11T23:55:11.882+0530] {processor.py:925} INFO - DAG(s) 'example_xcom_args', 'example_xcom_args_with_operators' retrieved from /Users/jayesh/Desktop/Personal Work/Movie_data_pipeline/.venv/lib/python3.12/site-packages/airflow/example_dags/example_xcomargs.py
[2024-12-11T23:55:12.024+0530] {logging_mixin.py:190} INFO - [2024-12-11T23:55:12.024+0530] {dag.py:3239} INFO - Sync 2 DAGs
[2024-12-11T23:55:12.039+0530] {logging_mixin.py:190} INFO - [2024-12-11T23:55:12.039+0530] {dag.py:4180} INFO - Setting next_dagrun for example_xcom_args to None, run_after=None
[2024-12-11T23:55:12.044+0530] {logging_mixin.py:190} INFO - [2024-12-11T23:55:12.043+0530] {dag.py:4180} INFO - Setting next_dagrun for example_xcom_args_with_operators to None, run_after=None
[2024-12-11T23:55:12.067+0530] {processor.py:208} INFO - Processing /Users/jayesh/Desktop/Personal Work/Movie_data_pipeline/.venv/lib/python3.12/site-packages/airflow/example_dags/example_xcomargs.py took 0.276 seconds
[2024-12-11T23:58:04.762+0530] {processor.py:186} INFO - Started process (PID=12897) to work on /Users/jayesh/Desktop/Personal Work/Movie_data_pipeline/.venv/lib/python3.12/site-packages/airflow/example_dags/example_xcomargs.py
[2024-12-11T23:58:04.764+0530] {processor.py:914} INFO - Processing file /Users/jayesh/Desktop/Personal Work/Movie_data_pipeline/.venv/lib/python3.12/site-packages/airflow/example_dags/example_xcomargs.py for tasks to queue
[2024-12-11T23:58:04.766+0530] {logging_mixin.py:190} INFO - [2024-12-11T23:58:04.766+0530] {dagbag.py:588} INFO - Filling up the DagBag from /Users/jayesh/Desktop/Personal Work/Movie_data_pipeline/.venv/lib/python3.12/site-packages/airflow/example_dags/example_xcomargs.py
[2024-12-11T23:58:04.819+0530] {processor.py:925} INFO - DAG(s) 'example_xcom_args', 'example_xcom_args_with_operators' retrieved from /Users/jayesh/Desktop/Personal Work/Movie_data_pipeline/.venv/lib/python3.12/site-packages/airflow/example_dags/example_xcomargs.py
[2024-12-11T23:58:04.991+0530] {logging_mixin.py:190} INFO - [2024-12-11T23:58:04.991+0530] {dag.py:3239} INFO - Sync 2 DAGs
[2024-12-11T23:58:05.005+0530] {logging_mixin.py:190} INFO - [2024-12-11T23:58:05.005+0530] {dag.py:4180} INFO - Setting next_dagrun for example_xcom_args to None, run_after=None
[2024-12-11T23:58:05.009+0530] {logging_mixin.py:190} INFO - [2024-12-11T23:58:05.009+0530] {dag.py:4180} INFO - Setting next_dagrun for example_xcom_args_with_operators to None, run_after=None
[2024-12-11T23:58:05.032+0530] {processor.py:208} INFO - Processing /Users/jayesh/Desktop/Personal Work/Movie_data_pipeline/.venv/lib/python3.12/site-packages/airflow/example_dags/example_xcomargs.py took 0.275 seconds
[2024-12-12T00:00:58.841+0530] {processor.py:186} INFO - Started process (PID=13169) to work on /Users/jayesh/Desktop/Personal Work/Movie_data_pipeline/.venv/lib/python3.12/site-packages/airflow/example_dags/example_xcomargs.py
[2024-12-12T00:00:58.844+0530] {processor.py:914} INFO - Processing file /Users/jayesh/Desktop/Personal Work/Movie_data_pipeline/.venv/lib/python3.12/site-packages/airflow/example_dags/example_xcomargs.py for tasks to queue
[2024-12-12T00:00:58.846+0530] {logging_mixin.py:190} INFO - [2024-12-12T00:00:58.846+0530] {dagbag.py:588} INFO - Filling up the DagBag from /Users/jayesh/Desktop/Personal Work/Movie_data_pipeline/.venv/lib/python3.12/site-packages/airflow/example_dags/example_xcomargs.py
[2024-12-12T00:00:58.903+0530] {processor.py:925} INFO - DAG(s) 'example_xcom_args_with_operators', 'example_xcom_args' retrieved from /Users/jayesh/Desktop/Personal Work/Movie_data_pipeline/.venv/lib/python3.12/site-packages/airflow/example_dags/example_xcomargs.py
[2024-12-12T00:00:59.046+0530] {logging_mixin.py:190} INFO - [2024-12-12T00:00:59.046+0530] {dag.py:3239} INFO - Sync 2 DAGs
[2024-12-12T00:00:59.061+0530] {logging_mixin.py:190} INFO - [2024-12-12T00:00:59.061+0530] {dag.py:4180} INFO - Setting next_dagrun for example_xcom_args to None, run_after=None
[2024-12-12T00:00:59.067+0530] {logging_mixin.py:190} INFO - [2024-12-12T00:00:59.067+0530] {dag.py:4180} INFO - Setting next_dagrun for example_xcom_args_with_operators to None, run_after=None
[2024-12-12T00:00:59.091+0530] {processor.py:208} INFO - Processing /Users/jayesh/Desktop/Personal Work/Movie_data_pipeline/.venv/lib/python3.12/site-packages/airflow/example_dags/example_xcomargs.py took 0.254 seconds
[2024-12-12T00:03:53.514+0530] {processor.py:186} INFO - Started process (PID=13453) to work on /Users/jayesh/Desktop/Personal Work/Movie_data_pipeline/.venv/lib/python3.12/site-packages/airflow/example_dags/example_xcomargs.py
[2024-12-12T00:03:53.516+0530] {processor.py:914} INFO - Processing file /Users/jayesh/Desktop/Personal Work/Movie_data_pipeline/.venv/lib/python3.12/site-packages/airflow/example_dags/example_xcomargs.py for tasks to queue
[2024-12-12T00:03:53.520+0530] {logging_mixin.py:190} INFO - [2024-12-12T00:03:53.519+0530] {dagbag.py:588} INFO - Filling up the DagBag from /Users/jayesh/Desktop/Personal Work/Movie_data_pipeline/.venv/lib/python3.12/site-packages/airflow/example_dags/example_xcomargs.py
[2024-12-12T00:03:53.601+0530] {processor.py:925} INFO - DAG(s) 'example_xcom_args', 'example_xcom_args_with_operators' retrieved from /Users/jayesh/Desktop/Personal Work/Movie_data_pipeline/.venv/lib/python3.12/site-packages/airflow/example_dags/example_xcomargs.py
[2024-12-12T00:03:53.748+0530] {logging_mixin.py:190} INFO - [2024-12-12T00:03:53.748+0530] {dag.py:3239} INFO - Sync 2 DAGs
[2024-12-12T00:03:53.763+0530] {logging_mixin.py:190} INFO - [2024-12-12T00:03:53.763+0530] {dag.py:4180} INFO - Setting next_dagrun for example_xcom_args to None, run_after=None
[2024-12-12T00:03:53.767+0530] {logging_mixin.py:190} INFO - [2024-12-12T00:03:53.767+0530] {dag.py:4180} INFO - Setting next_dagrun for example_xcom_args_with_operators to None, run_after=None
[2024-12-12T00:03:53.791+0530] {processor.py:208} INFO - Processing /Users/jayesh/Desktop/Personal Work/Movie_data_pipeline/.venv/lib/python3.12/site-packages/airflow/example_dags/example_xcomargs.py took 0.282 seconds
[2024-12-12T00:06:47.396+0530] {processor.py:186} INFO - Started process (PID=13721) to work on /Users/jayesh/Desktop/Personal Work/Movie_data_pipeline/.venv/lib/python3.12/site-packages/airflow/example_dags/example_xcomargs.py
[2024-12-12T00:06:47.398+0530] {processor.py:914} INFO - Processing file /Users/jayesh/Desktop/Personal Work/Movie_data_pipeline/.venv/lib/python3.12/site-packages/airflow/example_dags/example_xcomargs.py for tasks to queue
[2024-12-12T00:06:47.400+0530] {logging_mixin.py:190} INFO - [2024-12-12T00:06:47.400+0530] {dagbag.py:588} INFO - Filling up the DagBag from /Users/jayesh/Desktop/Personal Work/Movie_data_pipeline/.venv/lib/python3.12/site-packages/airflow/example_dags/example_xcomargs.py
[2024-12-12T00:06:47.477+0530] {processor.py:925} INFO - DAG(s) 'example_xcom_args_with_operators', 'example_xcom_args' retrieved from /Users/jayesh/Desktop/Personal Work/Movie_data_pipeline/.venv/lib/python3.12/site-packages/airflow/example_dags/example_xcomargs.py
[2024-12-12T00:06:47.619+0530] {logging_mixin.py:190} INFO - [2024-12-12T00:06:47.619+0530] {dag.py:3239} INFO - Sync 2 DAGs
[2024-12-12T00:06:47.637+0530] {logging_mixin.py:190} INFO - [2024-12-12T00:06:47.637+0530] {dag.py:4180} INFO - Setting next_dagrun for example_xcom_args to None, run_after=None
[2024-12-12T00:06:47.642+0530] {logging_mixin.py:190} INFO - [2024-12-12T00:06:47.642+0530] {dag.py:4180} INFO - Setting next_dagrun for example_xcom_args_with_operators to None, run_after=None
[2024-12-12T00:06:47.662+0530] {processor.py:208} INFO - Processing /Users/jayesh/Desktop/Personal Work/Movie_data_pipeline/.venv/lib/python3.12/site-packages/airflow/example_dags/example_xcomargs.py took 0.270 seconds
[2024-12-12T00:09:40.607+0530] {processor.py:186} INFO - Started process (PID=14002) to work on /Users/jayesh/Desktop/Personal Work/Movie_data_pipeline/.venv/lib/python3.12/site-packages/airflow/example_dags/example_xcomargs.py
[2024-12-12T00:09:40.609+0530] {processor.py:914} INFO - Processing file /Users/jayesh/Desktop/Personal Work/Movie_data_pipeline/.venv/lib/python3.12/site-packages/airflow/example_dags/example_xcomargs.py for tasks to queue
[2024-12-12T00:09:40.612+0530] {logging_mixin.py:190} INFO - [2024-12-12T00:09:40.612+0530] {dagbag.py:588} INFO - Filling up the DagBag from /Users/jayesh/Desktop/Personal Work/Movie_data_pipeline/.venv/lib/python3.12/site-packages/airflow/example_dags/example_xcomargs.py
[2024-12-12T00:09:40.679+0530] {processor.py:925} INFO - DAG(s) 'example_xcom_args_with_operators', 'example_xcom_args' retrieved from /Users/jayesh/Desktop/Personal Work/Movie_data_pipeline/.venv/lib/python3.12/site-packages/airflow/example_dags/example_xcomargs.py
[2024-12-12T00:09:40.844+0530] {logging_mixin.py:190} INFO - [2024-12-12T00:09:40.843+0530] {dag.py:3239} INFO - Sync 2 DAGs
[2024-12-12T00:09:40.860+0530] {logging_mixin.py:190} INFO - [2024-12-12T00:09:40.860+0530] {dag.py:4180} INFO - Setting next_dagrun for example_xcom_args to None, run_after=None
[2024-12-12T00:09:40.865+0530] {logging_mixin.py:190} INFO - [2024-12-12T00:09:40.865+0530] {dag.py:4180} INFO - Setting next_dagrun for example_xcom_args_with_operators to None, run_after=None
[2024-12-12T00:09:40.888+0530] {processor.py:208} INFO - Processing /Users/jayesh/Desktop/Personal Work/Movie_data_pipeline/.venv/lib/python3.12/site-packages/airflow/example_dags/example_xcomargs.py took 0.286 seconds
[2024-12-12T00:12:36.375+0530] {processor.py:186} INFO - Started process (PID=14279) to work on /Users/jayesh/Desktop/Personal Work/Movie_data_pipeline/.venv/lib/python3.12/site-packages/airflow/example_dags/example_xcomargs.py
[2024-12-12T00:12:36.378+0530] {processor.py:914} INFO - Processing file /Users/jayesh/Desktop/Personal Work/Movie_data_pipeline/.venv/lib/python3.12/site-packages/airflow/example_dags/example_xcomargs.py for tasks to queue
[2024-12-12T00:12:36.380+0530] {logging_mixin.py:190} INFO - [2024-12-12T00:12:36.379+0530] {dagbag.py:588} INFO - Filling up the DagBag from /Users/jayesh/Desktop/Personal Work/Movie_data_pipeline/.venv/lib/python3.12/site-packages/airflow/example_dags/example_xcomargs.py
[2024-12-12T00:12:36.454+0530] {processor.py:925} INFO - DAG(s) 'example_xcom_args', 'example_xcom_args_with_operators' retrieved from /Users/jayesh/Desktop/Personal Work/Movie_data_pipeline/.venv/lib/python3.12/site-packages/airflow/example_dags/example_xcomargs.py
[2024-12-12T00:12:36.598+0530] {logging_mixin.py:190} INFO - [2024-12-12T00:12:36.598+0530] {dag.py:3239} INFO - Sync 2 DAGs
[2024-12-12T00:12:36.611+0530] {logging_mixin.py:190} INFO - [2024-12-12T00:12:36.611+0530] {dag.py:4180} INFO - Setting next_dagrun for example_xcom_args to None, run_after=None
[2024-12-12T00:12:36.615+0530] {logging_mixin.py:190} INFO - [2024-12-12T00:12:36.615+0530] {dag.py:4180} INFO - Setting next_dagrun for example_xcom_args_with_operators to None, run_after=None
[2024-12-12T00:12:36.634+0530] {processor.py:208} INFO - Processing /Users/jayesh/Desktop/Personal Work/Movie_data_pipeline/.venv/lib/python3.12/site-packages/airflow/example_dags/example_xcomargs.py took 0.263 seconds
[2024-12-12T00:15:31.259+0530] {processor.py:186} INFO - Started process (PID=14546) to work on /Users/jayesh/Desktop/Personal Work/Movie_data_pipeline/.venv/lib/python3.12/site-packages/airflow/example_dags/example_xcomargs.py
[2024-12-12T00:15:31.261+0530] {processor.py:914} INFO - Processing file /Users/jayesh/Desktop/Personal Work/Movie_data_pipeline/.venv/lib/python3.12/site-packages/airflow/example_dags/example_xcomargs.py for tasks to queue
[2024-12-12T00:15:31.263+0530] {logging_mixin.py:190} INFO - [2024-12-12T00:15:31.262+0530] {dagbag.py:588} INFO - Filling up the DagBag from /Users/jayesh/Desktop/Personal Work/Movie_data_pipeline/.venv/lib/python3.12/site-packages/airflow/example_dags/example_xcomargs.py
[2024-12-12T00:15:31.308+0530] {processor.py:925} INFO - DAG(s) 'example_xcom_args', 'example_xcom_args_with_operators' retrieved from /Users/jayesh/Desktop/Personal Work/Movie_data_pipeline/.venv/lib/python3.12/site-packages/airflow/example_dags/example_xcomargs.py
[2024-12-12T00:15:31.433+0530] {logging_mixin.py:190} INFO - [2024-12-12T00:15:31.432+0530] {dag.py:3239} INFO - Sync 2 DAGs
[2024-12-12T00:15:31.445+0530] {logging_mixin.py:190} INFO - [2024-12-12T00:15:31.444+0530] {dag.py:4180} INFO - Setting next_dagrun for example_xcom_args to None, run_after=None
[2024-12-12T00:15:31.448+0530] {logging_mixin.py:190} INFO - [2024-12-12T00:15:31.448+0530] {dag.py:4180} INFO - Setting next_dagrun for example_xcom_args_with_operators to None, run_after=None
[2024-12-12T00:15:31.468+0530] {processor.py:208} INFO - Processing /Users/jayesh/Desktop/Personal Work/Movie_data_pipeline/.venv/lib/python3.12/site-packages/airflow/example_dags/example_xcomargs.py took 0.213 seconds
[2024-12-12T00:18:19.064+0530] {processor.py:186} INFO - Started process (PID=14821) to work on /Users/jayesh/Desktop/Personal Work/Movie_data_pipeline/.venv/lib/python3.12/site-packages/airflow/example_dags/example_xcomargs.py
[2024-12-12T00:18:19.066+0530] {processor.py:914} INFO - Processing file /Users/jayesh/Desktop/Personal Work/Movie_data_pipeline/.venv/lib/python3.12/site-packages/airflow/example_dags/example_xcomargs.py for tasks to queue
[2024-12-12T00:18:19.068+0530] {logging_mixin.py:190} INFO - [2024-12-12T00:18:19.068+0530] {dagbag.py:588} INFO - Filling up the DagBag from /Users/jayesh/Desktop/Personal Work/Movie_data_pipeline/.venv/lib/python3.12/site-packages/airflow/example_dags/example_xcomargs.py
[2024-12-12T00:18:19.113+0530] {processor.py:925} INFO - DAG(s) 'example_xcom_args_with_operators', 'example_xcom_args' retrieved from /Users/jayesh/Desktop/Personal Work/Movie_data_pipeline/.venv/lib/python3.12/site-packages/airflow/example_dags/example_xcomargs.py
[2024-12-12T00:18:19.243+0530] {logging_mixin.py:190} INFO - [2024-12-12T00:18:19.243+0530] {dag.py:3239} INFO - Sync 2 DAGs
[2024-12-12T00:18:19.256+0530] {logging_mixin.py:190} INFO - [2024-12-12T00:18:19.255+0530] {dag.py:4180} INFO - Setting next_dagrun for example_xcom_args to None, run_after=None
[2024-12-12T00:18:19.259+0530] {logging_mixin.py:190} INFO - [2024-12-12T00:18:19.259+0530] {dag.py:4180} INFO - Setting next_dagrun for example_xcom_args_with_operators to None, run_after=None
[2024-12-12T00:18:19.279+0530] {processor.py:208} INFO - Processing /Users/jayesh/Desktop/Personal Work/Movie_data_pipeline/.venv/lib/python3.12/site-packages/airflow/example_dags/example_xcomargs.py took 0.218 seconds
[2024-12-12T00:21:27.558+0530] {processor.py:186} INFO - Started process (PID=15120) to work on /Users/jayesh/Desktop/Personal Work/Movie_data_pipeline/.venv/lib/python3.12/site-packages/airflow/example_dags/example_xcomargs.py
[2024-12-12T00:21:27.561+0530] {processor.py:914} INFO - Processing file /Users/jayesh/Desktop/Personal Work/Movie_data_pipeline/.venv/lib/python3.12/site-packages/airflow/example_dags/example_xcomargs.py for tasks to queue
[2024-12-12T00:21:27.562+0530] {logging_mixin.py:190} INFO - [2024-12-12T00:21:27.562+0530] {dagbag.py:588} INFO - Filling up the DagBag from /Users/jayesh/Desktop/Personal Work/Movie_data_pipeline/.venv/lib/python3.12/site-packages/airflow/example_dags/example_xcomargs.py
[2024-12-12T00:21:27.649+0530] {processor.py:925} INFO - DAG(s) 'example_xcom_args', 'example_xcom_args_with_operators' retrieved from /Users/jayesh/Desktop/Personal Work/Movie_data_pipeline/.venv/lib/python3.12/site-packages/airflow/example_dags/example_xcomargs.py
[2024-12-12T00:21:27.772+0530] {logging_mixin.py:190} INFO - [2024-12-12T00:21:27.771+0530] {dag.py:3239} INFO - Sync 2 DAGs
[2024-12-12T00:21:27.784+0530] {logging_mixin.py:190} INFO - [2024-12-12T00:21:27.783+0530] {dag.py:4180} INFO - Setting next_dagrun for example_xcom_args to None, run_after=None
[2024-12-12T00:21:27.788+0530] {logging_mixin.py:190} INFO - [2024-12-12T00:21:27.787+0530] {dag.py:4180} INFO - Setting next_dagrun for example_xcom_args_with_operators to None, run_after=None
[2024-12-12T00:21:27.808+0530] {processor.py:208} INFO - Processing /Users/jayesh/Desktop/Personal Work/Movie_data_pipeline/.venv/lib/python3.12/site-packages/airflow/example_dags/example_xcomargs.py took 0.253 seconds
[2024-12-12T00:24:54.195+0530] {processor.py:186} INFO - Started process (PID=15461) to work on /Users/jayesh/Desktop/Personal Work/Movie_data_pipeline/.venv/lib/python3.12/site-packages/airflow/example_dags/example_xcomargs.py
[2024-12-12T00:24:54.197+0530] {processor.py:914} INFO - Processing file /Users/jayesh/Desktop/Personal Work/Movie_data_pipeline/.venv/lib/python3.12/site-packages/airflow/example_dags/example_xcomargs.py for tasks to queue
[2024-12-12T00:24:54.199+0530] {logging_mixin.py:190} INFO - [2024-12-12T00:24:54.199+0530] {dagbag.py:588} INFO - Filling up the DagBag from /Users/jayesh/Desktop/Personal Work/Movie_data_pipeline/.venv/lib/python3.12/site-packages/airflow/example_dags/example_xcomargs.py
[2024-12-12T00:24:54.282+0530] {processor.py:925} INFO - DAG(s) 'example_xcom_args', 'example_xcom_args_with_operators' retrieved from /Users/jayesh/Desktop/Personal Work/Movie_data_pipeline/.venv/lib/python3.12/site-packages/airflow/example_dags/example_xcomargs.py
[2024-12-12T00:24:54.442+0530] {logging_mixin.py:190} INFO - [2024-12-12T00:24:54.442+0530] {dag.py:3239} INFO - Sync 2 DAGs
[2024-12-12T00:24:54.455+0530] {logging_mixin.py:190} INFO - [2024-12-12T00:24:54.454+0530] {dag.py:4180} INFO - Setting next_dagrun for example_xcom_args to None, run_after=None
[2024-12-12T00:24:54.460+0530] {logging_mixin.py:190} INFO - [2024-12-12T00:24:54.460+0530] {dag.py:4180} INFO - Setting next_dagrun for example_xcom_args_with_operators to None, run_after=None
[2024-12-12T00:24:54.482+0530] {processor.py:208} INFO - Processing /Users/jayesh/Desktop/Personal Work/Movie_data_pipeline/.venv/lib/python3.12/site-packages/airflow/example_dags/example_xcomargs.py took 0.291 seconds
[2024-12-12T00:28:16.181+0530] {processor.py:186} INFO - Started process (PID=15784) to work on /Users/jayesh/Desktop/Personal Work/Movie_data_pipeline/.venv/lib/python3.12/site-packages/airflow/example_dags/example_xcomargs.py
[2024-12-12T00:28:16.183+0530] {processor.py:914} INFO - Processing file /Users/jayesh/Desktop/Personal Work/Movie_data_pipeline/.venv/lib/python3.12/site-packages/airflow/example_dags/example_xcomargs.py for tasks to queue
[2024-12-12T00:28:16.185+0530] {logging_mixin.py:190} INFO - [2024-12-12T00:28:16.185+0530] {dagbag.py:588} INFO - Filling up the DagBag from /Users/jayesh/Desktop/Personal Work/Movie_data_pipeline/.venv/lib/python3.12/site-packages/airflow/example_dags/example_xcomargs.py
[2024-12-12T00:28:16.269+0530] {processor.py:925} INFO - DAG(s) 'example_xcom_args_with_operators', 'example_xcom_args' retrieved from /Users/jayesh/Desktop/Personal Work/Movie_data_pipeline/.venv/lib/python3.12/site-packages/airflow/example_dags/example_xcomargs.py
[2024-12-12T00:28:16.394+0530] {logging_mixin.py:190} INFO - [2024-12-12T00:28:16.394+0530] {dag.py:3239} INFO - Sync 2 DAGs
[2024-12-12T00:28:16.409+0530] {logging_mixin.py:190} INFO - [2024-12-12T00:28:16.409+0530] {dag.py:4180} INFO - Setting next_dagrun for example_xcom_args to None, run_after=None
[2024-12-12T00:28:16.416+0530] {logging_mixin.py:190} INFO - [2024-12-12T00:28:16.415+0530] {dag.py:4180} INFO - Setting next_dagrun for example_xcom_args_with_operators to None, run_after=None
[2024-12-12T00:28:16.448+0530] {processor.py:208} INFO - Processing /Users/jayesh/Desktop/Personal Work/Movie_data_pipeline/.venv/lib/python3.12/site-packages/airflow/example_dags/example_xcomargs.py took 0.272 seconds
