[2024-12-11T23:25:04.195+0530] {processor.py:186} INFO - Started process (PID=9421) to work on /Users/jayesh/Desktop/Personal Work/Movie_data_pipeline/.venv/lib/python3.12/site-packages/airflow/example_dags/example_short_circuit_decorator.py
[2024-12-11T23:25:04.200+0530] {processor.py:914} INFO - Processing file /Users/jayesh/Desktop/Personal Work/Movie_data_pipeline/.venv/lib/python3.12/site-packages/airflow/example_dags/example_short_circuit_decorator.py for tasks to queue
[2024-12-11T23:25:04.203+0530] {logging_mixin.py:190} INFO - [2024-12-11T23:25:04.203+0530] {dagbag.py:588} INFO - Filling up the DagBag from /Users/jayesh/Desktop/Personal Work/Movie_data_pipeline/.venv/lib/python3.12/site-packages/airflow/example_dags/example_short_circuit_decorator.py
[2024-12-11T23:25:04.253+0530] {processor.py:925} INFO - DAG(s) 'example_short_circuit_decorator' retrieved from /Users/jayesh/Desktop/Personal Work/Movie_data_pipeline/.venv/lib/python3.12/site-packages/airflow/example_dags/example_short_circuit_decorator.py
[2024-12-11T23:25:04.618+0530] {logging_mixin.py:190} INFO - [2024-12-11T23:25:04.617+0530] {override.py:1911} INFO - Created Permission View: can edit on DAG:example_short_circuit_decorator
[2024-12-11T23:25:04.629+0530] {logging_mixin.py:190} INFO - [2024-12-11T23:25:04.628+0530] {override.py:1911} INFO - Created Permission View: can delete on DAG:example_short_circuit_decorator
[2024-12-11T23:25:04.638+0530] {logging_mixin.py:190} INFO - [2024-12-11T23:25:04.637+0530] {override.py:1911} INFO - Created Permission View: can read on DAG:example_short_circuit_decorator
[2024-12-11T23:25:04.649+0530] {logging_mixin.py:190} INFO - [2024-12-11T23:25:04.649+0530] {override.py:1911} INFO - Created Permission View: can delete on DAG Run:example_short_circuit_decorator
[2024-12-11T23:25:04.659+0530] {logging_mixin.py:190} INFO - [2024-12-11T23:25:04.659+0530] {override.py:1911} INFO - Created Permission View: can create on DAG Run:example_short_circuit_decorator
[2024-12-11T23:25:04.669+0530] {logging_mixin.py:190} INFO - [2024-12-11T23:25:04.668+0530] {override.py:1911} INFO - Created Permission View: menu access on DAG Run:example_short_circuit_decorator
[2024-12-11T23:25:04.677+0530] {logging_mixin.py:190} INFO - [2024-12-11T23:25:04.676+0530] {override.py:1911} INFO - Created Permission View: can read on DAG Run:example_short_circuit_decorator
[2024-12-11T23:25:04.677+0530] {logging_mixin.py:190} INFO - [2024-12-11T23:25:04.677+0530] {dag.py:3239} INFO - Sync 1 DAGs
[2024-12-11T23:25:04.694+0530] {logging_mixin.py:190} INFO - [2024-12-11T23:25:04.693+0530] {dag.py:3262} INFO - Creating ORM DAG for example_short_circuit_decorator
[2024-12-11T23:25:04.694+0530] {logging_mixin.py:190} INFO - [2024-12-11T23:25:04.694+0530] {dag.py:4180} INFO - Setting next_dagrun for example_short_circuit_decorator to None, run_after=None
[2024-12-11T23:25:04.716+0530] {processor.py:208} INFO - Processing /Users/jayesh/Desktop/Personal Work/Movie_data_pipeline/.venv/lib/python3.12/site-packages/airflow/example_dags/example_short_circuit_decorator.py took 0.526 seconds
[2024-12-11T23:29:37.367+0530] {processor.py:186} INFO - Started process (PID=9860) to work on /Users/jayesh/Desktop/Personal Work/Movie_data_pipeline/.venv/lib/python3.12/site-packages/airflow/example_dags/example_short_circuit_decorator.py
[2024-12-11T23:29:37.370+0530] {processor.py:914} INFO - Processing file /Users/jayesh/Desktop/Personal Work/Movie_data_pipeline/.venv/lib/python3.12/site-packages/airflow/example_dags/example_short_circuit_decorator.py for tasks to queue
[2024-12-11T23:29:37.371+0530] {logging_mixin.py:190} INFO - [2024-12-11T23:29:37.371+0530] {dagbag.py:588} INFO - Filling up the DagBag from /Users/jayesh/Desktop/Personal Work/Movie_data_pipeline/.venv/lib/python3.12/site-packages/airflow/example_dags/example_short_circuit_decorator.py
[2024-12-11T23:29:37.426+0530] {processor.py:925} INFO - DAG(s) 'example_short_circuit_decorator' retrieved from /Users/jayesh/Desktop/Personal Work/Movie_data_pipeline/.venv/lib/python3.12/site-packages/airflow/example_dags/example_short_circuit_decorator.py
[2024-12-11T23:29:37.630+0530] {logging_mixin.py:190} INFO - [2024-12-11T23:29:37.629+0530] {dag.py:3239} INFO - Sync 1 DAGs
[2024-12-11T23:29:37.645+0530] {logging_mixin.py:190} INFO - [2024-12-11T23:29:37.645+0530] {dag.py:4180} INFO - Setting next_dagrun for example_short_circuit_decorator to None, run_after=None
[2024-12-11T23:29:37.670+0530] {processor.py:208} INFO - Processing /Users/jayesh/Desktop/Personal Work/Movie_data_pipeline/.venv/lib/python3.12/site-packages/airflow/example_dags/example_short_circuit_decorator.py took 0.308 seconds
[2024-12-11T23:33:31.277+0530] {processor.py:186} INFO - Started process (PID=10247) to work on /Users/jayesh/Desktop/Personal Work/Movie_data_pipeline/.venv/lib/python3.12/site-packages/airflow/example_dags/example_short_circuit_decorator.py
[2024-12-11T23:33:31.290+0530] {processor.py:914} INFO - Processing file /Users/jayesh/Desktop/Personal Work/Movie_data_pipeline/.venv/lib/python3.12/site-packages/airflow/example_dags/example_short_circuit_decorator.py for tasks to queue
[2024-12-11T23:33:31.292+0530] {logging_mixin.py:190} INFO - [2024-12-11T23:33:31.291+0530] {dagbag.py:588} INFO - Filling up the DagBag from /Users/jayesh/Desktop/Personal Work/Movie_data_pipeline/.venv/lib/python3.12/site-packages/airflow/example_dags/example_short_circuit_decorator.py
[2024-12-11T23:33:31.380+0530] {processor.py:925} INFO - DAG(s) 'example_short_circuit_decorator' retrieved from /Users/jayesh/Desktop/Personal Work/Movie_data_pipeline/.venv/lib/python3.12/site-packages/airflow/example_dags/example_short_circuit_decorator.py
[2024-12-11T23:33:31.520+0530] {logging_mixin.py:190} INFO - [2024-12-11T23:33:31.519+0530] {dag.py:3239} INFO - Sync 1 DAGs
[2024-12-11T23:33:31.536+0530] {logging_mixin.py:190} INFO - [2024-12-11T23:33:31.535+0530] {dag.py:4180} INFO - Setting next_dagrun for example_short_circuit_decorator to None, run_after=None
[2024-12-11T23:33:31.560+0530] {processor.py:208} INFO - Processing /Users/jayesh/Desktop/Personal Work/Movie_data_pipeline/.venv/lib/python3.12/site-packages/airflow/example_dags/example_short_circuit_decorator.py took 0.287 seconds
[2024-12-11T23:37:21.568+0530] {processor.py:186} INFO - Started process (PID=10769) to work on /Users/jayesh/Desktop/Personal Work/Movie_data_pipeline/.venv/lib/python3.12/site-packages/airflow/example_dags/example_short_circuit_decorator.py
[2024-12-11T23:37:21.570+0530] {processor.py:914} INFO - Processing file /Users/jayesh/Desktop/Personal Work/Movie_data_pipeline/.venv/lib/python3.12/site-packages/airflow/example_dags/example_short_circuit_decorator.py for tasks to queue
[2024-12-11T23:37:21.572+0530] {logging_mixin.py:190} INFO - [2024-12-11T23:37:21.572+0530] {dagbag.py:588} INFO - Filling up the DagBag from /Users/jayesh/Desktop/Personal Work/Movie_data_pipeline/.venv/lib/python3.12/site-packages/airflow/example_dags/example_short_circuit_decorator.py
[2024-12-11T23:37:21.628+0530] {processor.py:925} INFO - DAG(s) 'example_short_circuit_decorator' retrieved from /Users/jayesh/Desktop/Personal Work/Movie_data_pipeline/.venv/lib/python3.12/site-packages/airflow/example_dags/example_short_circuit_decorator.py
[2024-12-11T23:37:21.766+0530] {logging_mixin.py:190} INFO - [2024-12-11T23:37:21.766+0530] {dag.py:3239} INFO - Sync 1 DAGs
[2024-12-11T23:37:21.784+0530] {logging_mixin.py:190} INFO - [2024-12-11T23:37:21.783+0530] {dag.py:4180} INFO - Setting next_dagrun for example_short_circuit_decorator to None, run_after=None
[2024-12-11T23:37:21.807+0530] {processor.py:208} INFO - Processing /Users/jayesh/Desktop/Personal Work/Movie_data_pipeline/.venv/lib/python3.12/site-packages/airflow/example_dags/example_short_circuit_decorator.py took 0.242 seconds
[2024-12-11T23:41:34.652+0530] {processor.py:186} INFO - Started process (PID=11156) to work on /Users/jayesh/Desktop/Personal Work/Movie_data_pipeline/.venv/lib/python3.12/site-packages/airflow/example_dags/example_short_circuit_decorator.py
[2024-12-11T23:41:34.657+0530] {processor.py:914} INFO - Processing file /Users/jayesh/Desktop/Personal Work/Movie_data_pipeline/.venv/lib/python3.12/site-packages/airflow/example_dags/example_short_circuit_decorator.py for tasks to queue
[2024-12-11T23:41:34.659+0530] {logging_mixin.py:190} INFO - [2024-12-11T23:41:34.659+0530] {dagbag.py:588} INFO - Filling up the DagBag from /Users/jayesh/Desktop/Personal Work/Movie_data_pipeline/.venv/lib/python3.12/site-packages/airflow/example_dags/example_short_circuit_decorator.py
[2024-12-11T23:41:34.783+0530] {processor.py:925} INFO - DAG(s) 'example_short_circuit_decorator' retrieved from /Users/jayesh/Desktop/Personal Work/Movie_data_pipeline/.venv/lib/python3.12/site-packages/airflow/example_dags/example_short_circuit_decorator.py
[2024-12-11T23:41:35.051+0530] {logging_mixin.py:190} INFO - [2024-12-11T23:41:35.051+0530] {dag.py:3239} INFO - Sync 1 DAGs
[2024-12-11T23:41:35.082+0530] {logging_mixin.py:190} INFO - [2024-12-11T23:41:35.082+0530] {dag.py:4180} INFO - Setting next_dagrun for example_short_circuit_decorator to None, run_after=None
[2024-12-11T23:41:35.116+0530] {processor.py:208} INFO - Processing /Users/jayesh/Desktop/Personal Work/Movie_data_pipeline/.venv/lib/python3.12/site-packages/airflow/example_dags/example_short_circuit_decorator.py took 0.467 seconds
[2024-12-11T23:47:01.396+0530] {processor.py:186} INFO - Started process (PID=11743) to work on /Users/jayesh/Desktop/Personal Work/Movie_data_pipeline/.venv/lib/python3.12/site-packages/airflow/example_dags/example_short_circuit_decorator.py
[2024-12-11T23:47:01.399+0530] {processor.py:914} INFO - Processing file /Users/jayesh/Desktop/Personal Work/Movie_data_pipeline/.venv/lib/python3.12/site-packages/airflow/example_dags/example_short_circuit_decorator.py for tasks to queue
[2024-12-11T23:47:01.401+0530] {logging_mixin.py:190} INFO - [2024-12-11T23:47:01.401+0530] {dagbag.py:588} INFO - Filling up the DagBag from /Users/jayesh/Desktop/Personal Work/Movie_data_pipeline/.venv/lib/python3.12/site-packages/airflow/example_dags/example_short_circuit_decorator.py
[2024-12-11T23:47:01.451+0530] {processor.py:925} INFO - DAG(s) 'example_short_circuit_decorator' retrieved from /Users/jayesh/Desktop/Personal Work/Movie_data_pipeline/.venv/lib/python3.12/site-packages/airflow/example_dags/example_short_circuit_decorator.py
[2024-12-11T23:47:01.586+0530] {logging_mixin.py:190} INFO - [2024-12-11T23:47:01.586+0530] {dag.py:3239} INFO - Sync 1 DAGs
[2024-12-11T23:47:01.599+0530] {logging_mixin.py:190} INFO - [2024-12-11T23:47:01.598+0530] {dag.py:4180} INFO - Setting next_dagrun for example_short_circuit_decorator to None, run_after=None
[2024-12-11T23:47:01.623+0530] {processor.py:208} INFO - Processing /Users/jayesh/Desktop/Personal Work/Movie_data_pipeline/.venv/lib/python3.12/site-packages/airflow/example_dags/example_short_circuit_decorator.py took 0.231 seconds
[2024-12-11T23:50:12.666+0530] {processor.py:186} INFO - Started process (PID=12105) to work on /Users/jayesh/Desktop/Personal Work/Movie_data_pipeline/.venv/lib/python3.12/site-packages/airflow/example_dags/example_short_circuit_decorator.py
[2024-12-11T23:50:12.668+0530] {processor.py:914} INFO - Processing file /Users/jayesh/Desktop/Personal Work/Movie_data_pipeline/.venv/lib/python3.12/site-packages/airflow/example_dags/example_short_circuit_decorator.py for tasks to queue
[2024-12-11T23:50:12.670+0530] {logging_mixin.py:190} INFO - [2024-12-11T23:50:12.669+0530] {dagbag.py:588} INFO - Filling up the DagBag from /Users/jayesh/Desktop/Personal Work/Movie_data_pipeline/.venv/lib/python3.12/site-packages/airflow/example_dags/example_short_circuit_decorator.py
[2024-12-11T23:50:12.723+0530] {processor.py:925} INFO - DAG(s) 'example_short_circuit_decorator' retrieved from /Users/jayesh/Desktop/Personal Work/Movie_data_pipeline/.venv/lib/python3.12/site-packages/airflow/example_dags/example_short_circuit_decorator.py
[2024-12-11T23:50:12.845+0530] {logging_mixin.py:190} INFO - [2024-12-11T23:50:12.844+0530] {dag.py:3239} INFO - Sync 1 DAGs
[2024-12-11T23:50:12.857+0530] {logging_mixin.py:190} INFO - [2024-12-11T23:50:12.857+0530] {dag.py:4180} INFO - Setting next_dagrun for example_short_circuit_decorator to None, run_after=None
[2024-12-11T23:50:12.879+0530] {processor.py:208} INFO - Processing /Users/jayesh/Desktop/Personal Work/Movie_data_pipeline/.venv/lib/python3.12/site-packages/airflow/example_dags/example_short_circuit_decorator.py took 0.217 seconds
[2024-12-11T23:53:04.358+0530] {processor.py:186} INFO - Started process (PID=12386) to work on /Users/jayesh/Desktop/Personal Work/Movie_data_pipeline/.venv/lib/python3.12/site-packages/airflow/example_dags/example_short_circuit_decorator.py
[2024-12-11T23:53:04.360+0530] {processor.py:914} INFO - Processing file /Users/jayesh/Desktop/Personal Work/Movie_data_pipeline/.venv/lib/python3.12/site-packages/airflow/example_dags/example_short_circuit_decorator.py for tasks to queue
[2024-12-11T23:53:04.362+0530] {logging_mixin.py:190} INFO - [2024-12-11T23:53:04.361+0530] {dagbag.py:588} INFO - Filling up the DagBag from /Users/jayesh/Desktop/Personal Work/Movie_data_pipeline/.venv/lib/python3.12/site-packages/airflow/example_dags/example_short_circuit_decorator.py
[2024-12-11T23:53:04.407+0530] {processor.py:925} INFO - DAG(s) 'example_short_circuit_decorator' retrieved from /Users/jayesh/Desktop/Personal Work/Movie_data_pipeline/.venv/lib/python3.12/site-packages/airflow/example_dags/example_short_circuit_decorator.py
[2024-12-11T23:53:04.547+0530] {logging_mixin.py:190} INFO - [2024-12-11T23:53:04.547+0530] {dag.py:3239} INFO - Sync 1 DAGs
[2024-12-11T23:53:04.564+0530] {logging_mixin.py:190} INFO - [2024-12-11T23:53:04.564+0530] {dag.py:4180} INFO - Setting next_dagrun for example_short_circuit_decorator to None, run_after=None
[2024-12-11T23:53:04.595+0530] {processor.py:208} INFO - Processing /Users/jayesh/Desktop/Personal Work/Movie_data_pipeline/.venv/lib/python3.12/site-packages/airflow/example_dags/example_short_circuit_decorator.py took 0.240 seconds
[2024-12-11T23:55:54.391+0530] {processor.py:186} INFO - Started process (PID=12683) to work on /Users/jayesh/Desktop/Personal Work/Movie_data_pipeline/.venv/lib/python3.12/site-packages/airflow/example_dags/example_short_circuit_decorator.py
[2024-12-11T23:55:54.394+0530] {processor.py:914} INFO - Processing file /Users/jayesh/Desktop/Personal Work/Movie_data_pipeline/.venv/lib/python3.12/site-packages/airflow/example_dags/example_short_circuit_decorator.py for tasks to queue
[2024-12-11T23:55:54.396+0530] {logging_mixin.py:190} INFO - [2024-12-11T23:55:54.395+0530] {dagbag.py:588} INFO - Filling up the DagBag from /Users/jayesh/Desktop/Personal Work/Movie_data_pipeline/.venv/lib/python3.12/site-packages/airflow/example_dags/example_short_circuit_decorator.py
[2024-12-11T23:55:54.482+0530] {processor.py:925} INFO - DAG(s) 'example_short_circuit_decorator' retrieved from /Users/jayesh/Desktop/Personal Work/Movie_data_pipeline/.venv/lib/python3.12/site-packages/airflow/example_dags/example_short_circuit_decorator.py
[2024-12-11T23:55:54.610+0530] {logging_mixin.py:190} INFO - [2024-12-11T23:55:54.610+0530] {dag.py:3239} INFO - Sync 1 DAGs
[2024-12-11T23:55:54.623+0530] {logging_mixin.py:190} INFO - [2024-12-11T23:55:54.623+0530] {dag.py:4180} INFO - Setting next_dagrun for example_short_circuit_decorator to None, run_after=None
[2024-12-11T23:55:54.645+0530] {processor.py:208} INFO - Processing /Users/jayesh/Desktop/Personal Work/Movie_data_pipeline/.venv/lib/python3.12/site-packages/airflow/example_dags/example_short_circuit_decorator.py took 0.259 seconds
[2024-12-11T23:58:47.906+0530] {processor.py:186} INFO - Started process (PID=12959) to work on /Users/jayesh/Desktop/Personal Work/Movie_data_pipeline/.venv/lib/python3.12/site-packages/airflow/example_dags/example_short_circuit_decorator.py
[2024-12-11T23:58:47.908+0530] {processor.py:914} INFO - Processing file /Users/jayesh/Desktop/Personal Work/Movie_data_pipeline/.venv/lib/python3.12/site-packages/airflow/example_dags/example_short_circuit_decorator.py for tasks to queue
[2024-12-11T23:58:47.911+0530] {logging_mixin.py:190} INFO - [2024-12-11T23:58:47.910+0530] {dagbag.py:588} INFO - Filling up the DagBag from /Users/jayesh/Desktop/Personal Work/Movie_data_pipeline/.venv/lib/python3.12/site-packages/airflow/example_dags/example_short_circuit_decorator.py
[2024-12-11T23:58:47.985+0530] {processor.py:925} INFO - DAG(s) 'example_short_circuit_decorator' retrieved from /Users/jayesh/Desktop/Personal Work/Movie_data_pipeline/.venv/lib/python3.12/site-packages/airflow/example_dags/example_short_circuit_decorator.py
[2024-12-11T23:58:48.124+0530] {logging_mixin.py:190} INFO - [2024-12-11T23:58:48.123+0530] {dag.py:3239} INFO - Sync 1 DAGs
[2024-12-11T23:58:48.138+0530] {logging_mixin.py:190} INFO - [2024-12-11T23:58:48.138+0530] {dag.py:4180} INFO - Setting next_dagrun for example_short_circuit_decorator to None, run_after=None
[2024-12-11T23:58:48.163+0530] {processor.py:208} INFO - Processing /Users/jayesh/Desktop/Personal Work/Movie_data_pipeline/.venv/lib/python3.12/site-packages/airflow/example_dags/example_short_circuit_decorator.py took 0.261 seconds
[2024-12-12T00:01:42.130+0530] {processor.py:186} INFO - Started process (PID=13245) to work on /Users/jayesh/Desktop/Personal Work/Movie_data_pipeline/.venv/lib/python3.12/site-packages/airflow/example_dags/example_short_circuit_decorator.py
[2024-12-12T00:01:42.133+0530] {processor.py:914} INFO - Processing file /Users/jayesh/Desktop/Personal Work/Movie_data_pipeline/.venv/lib/python3.12/site-packages/airflow/example_dags/example_short_circuit_decorator.py for tasks to queue
[2024-12-12T00:01:42.134+0530] {logging_mixin.py:190} INFO - [2024-12-12T00:01:42.134+0530] {dagbag.py:588} INFO - Filling up the DagBag from /Users/jayesh/Desktop/Personal Work/Movie_data_pipeline/.venv/lib/python3.12/site-packages/airflow/example_dags/example_short_circuit_decorator.py
[2024-12-12T00:01:42.213+0530] {processor.py:925} INFO - DAG(s) 'example_short_circuit_decorator' retrieved from /Users/jayesh/Desktop/Personal Work/Movie_data_pipeline/.venv/lib/python3.12/site-packages/airflow/example_dags/example_short_circuit_decorator.py
[2024-12-12T00:01:42.370+0530] {logging_mixin.py:190} INFO - [2024-12-12T00:01:42.369+0530] {dag.py:3239} INFO - Sync 1 DAGs
[2024-12-12T00:01:42.391+0530] {logging_mixin.py:190} INFO - [2024-12-12T00:01:42.390+0530] {dag.py:4180} INFO - Setting next_dagrun for example_short_circuit_decorator to None, run_after=None
[2024-12-12T00:01:42.419+0530] {processor.py:208} INFO - Processing /Users/jayesh/Desktop/Personal Work/Movie_data_pipeline/.venv/lib/python3.12/site-packages/airflow/example_dags/example_short_circuit_decorator.py took 0.293 seconds
[2024-12-12T00:04:36.026+0530] {processor.py:186} INFO - Started process (PID=13514) to work on /Users/jayesh/Desktop/Personal Work/Movie_data_pipeline/.venv/lib/python3.12/site-packages/airflow/example_dags/example_short_circuit_decorator.py
[2024-12-12T00:04:36.030+0530] {processor.py:914} INFO - Processing file /Users/jayesh/Desktop/Personal Work/Movie_data_pipeline/.venv/lib/python3.12/site-packages/airflow/example_dags/example_short_circuit_decorator.py for tasks to queue
[2024-12-12T00:04:36.032+0530] {logging_mixin.py:190} INFO - [2024-12-12T00:04:36.031+0530] {dagbag.py:588} INFO - Filling up the DagBag from /Users/jayesh/Desktop/Personal Work/Movie_data_pipeline/.venv/lib/python3.12/site-packages/airflow/example_dags/example_short_circuit_decorator.py
[2024-12-12T00:04:36.114+0530] {processor.py:925} INFO - DAG(s) 'example_short_circuit_decorator' retrieved from /Users/jayesh/Desktop/Personal Work/Movie_data_pipeline/.venv/lib/python3.12/site-packages/airflow/example_dags/example_short_circuit_decorator.py
[2024-12-12T00:04:36.274+0530] {logging_mixin.py:190} INFO - [2024-12-12T00:04:36.274+0530] {dag.py:3239} INFO - Sync 1 DAGs
[2024-12-12T00:04:36.291+0530] {logging_mixin.py:190} INFO - [2024-12-12T00:04:36.291+0530] {dag.py:4180} INFO - Setting next_dagrun for example_short_circuit_decorator to None, run_after=None
[2024-12-12T00:04:36.317+0530] {processor.py:208} INFO - Processing /Users/jayesh/Desktop/Personal Work/Movie_data_pipeline/.venv/lib/python3.12/site-packages/airflow/example_dags/example_short_circuit_decorator.py took 0.295 seconds
[2024-12-12T00:07:29.814+0530] {processor.py:186} INFO - Started process (PID=13785) to work on /Users/jayesh/Desktop/Personal Work/Movie_data_pipeline/.venv/lib/python3.12/site-packages/airflow/example_dags/example_short_circuit_decorator.py
[2024-12-12T00:07:29.816+0530] {processor.py:914} INFO - Processing file /Users/jayesh/Desktop/Personal Work/Movie_data_pipeline/.venv/lib/python3.12/site-packages/airflow/example_dags/example_short_circuit_decorator.py for tasks to queue
[2024-12-12T00:07:29.818+0530] {logging_mixin.py:190} INFO - [2024-12-12T00:07:29.818+0530] {dagbag.py:588} INFO - Filling up the DagBag from /Users/jayesh/Desktop/Personal Work/Movie_data_pipeline/.venv/lib/python3.12/site-packages/airflow/example_dags/example_short_circuit_decorator.py
[2024-12-12T00:07:29.897+0530] {processor.py:925} INFO - DAG(s) 'example_short_circuit_decorator' retrieved from /Users/jayesh/Desktop/Personal Work/Movie_data_pipeline/.venv/lib/python3.12/site-packages/airflow/example_dags/example_short_circuit_decorator.py
[2024-12-12T00:07:30.046+0530] {logging_mixin.py:190} INFO - [2024-12-12T00:07:30.045+0530] {dag.py:3239} INFO - Sync 1 DAGs
[2024-12-12T00:07:30.062+0530] {logging_mixin.py:190} INFO - [2024-12-12T00:07:30.061+0530] {dag.py:4180} INFO - Setting next_dagrun for example_short_circuit_decorator to None, run_after=None
[2024-12-12T00:07:30.087+0530] {processor.py:208} INFO - Processing /Users/jayesh/Desktop/Personal Work/Movie_data_pipeline/.venv/lib/python3.12/site-packages/airflow/example_dags/example_short_circuit_decorator.py took 0.277 seconds
[2024-12-12T00:10:24.361+0530] {processor.py:186} INFO - Started process (PID=14064) to work on /Users/jayesh/Desktop/Personal Work/Movie_data_pipeline/.venv/lib/python3.12/site-packages/airflow/example_dags/example_short_circuit_decorator.py
[2024-12-12T00:10:24.364+0530] {processor.py:914} INFO - Processing file /Users/jayesh/Desktop/Personal Work/Movie_data_pipeline/.venv/lib/python3.12/site-packages/airflow/example_dags/example_short_circuit_decorator.py for tasks to queue
[2024-12-12T00:10:24.366+0530] {logging_mixin.py:190} INFO - [2024-12-12T00:10:24.366+0530] {dagbag.py:588} INFO - Filling up the DagBag from /Users/jayesh/Desktop/Personal Work/Movie_data_pipeline/.venv/lib/python3.12/site-packages/airflow/example_dags/example_short_circuit_decorator.py
[2024-12-12T00:10:24.442+0530] {processor.py:925} INFO - DAG(s) 'example_short_circuit_decorator' retrieved from /Users/jayesh/Desktop/Personal Work/Movie_data_pipeline/.venv/lib/python3.12/site-packages/airflow/example_dags/example_short_circuit_decorator.py
[2024-12-12T00:10:24.582+0530] {logging_mixin.py:190} INFO - [2024-12-12T00:10:24.581+0530] {dag.py:3239} INFO - Sync 1 DAGs
[2024-12-12T00:10:24.594+0530] {logging_mixin.py:190} INFO - [2024-12-12T00:10:24.594+0530] {dag.py:4180} INFO - Setting next_dagrun for example_short_circuit_decorator to None, run_after=None
[2024-12-12T00:10:24.617+0530] {processor.py:208} INFO - Processing /Users/jayesh/Desktop/Personal Work/Movie_data_pipeline/.venv/lib/python3.12/site-packages/airflow/example_dags/example_short_circuit_decorator.py took 0.259 seconds
[2024-12-12T00:13:19.337+0530] {processor.py:186} INFO - Started process (PID=14342) to work on /Users/jayesh/Desktop/Personal Work/Movie_data_pipeline/.venv/lib/python3.12/site-packages/airflow/example_dags/example_short_circuit_decorator.py
[2024-12-12T00:13:19.340+0530] {processor.py:914} INFO - Processing file /Users/jayesh/Desktop/Personal Work/Movie_data_pipeline/.venv/lib/python3.12/site-packages/airflow/example_dags/example_short_circuit_decorator.py for tasks to queue
[2024-12-12T00:13:19.342+0530] {logging_mixin.py:190} INFO - [2024-12-12T00:13:19.341+0530] {dagbag.py:588} INFO - Filling up the DagBag from /Users/jayesh/Desktop/Personal Work/Movie_data_pipeline/.venv/lib/python3.12/site-packages/airflow/example_dags/example_short_circuit_decorator.py
[2024-12-12T00:13:19.437+0530] {processor.py:925} INFO - DAG(s) 'example_short_circuit_decorator' retrieved from /Users/jayesh/Desktop/Personal Work/Movie_data_pipeline/.venv/lib/python3.12/site-packages/airflow/example_dags/example_short_circuit_decorator.py
[2024-12-12T00:13:19.559+0530] {logging_mixin.py:190} INFO - [2024-12-12T00:13:19.559+0530] {dag.py:3239} INFO - Sync 1 DAGs
[2024-12-12T00:13:19.571+0530] {logging_mixin.py:190} INFO - [2024-12-12T00:13:19.571+0530] {dag.py:4180} INFO - Setting next_dagrun for example_short_circuit_decorator to None, run_after=None
[2024-12-12T00:13:19.595+0530] {processor.py:208} INFO - Processing /Users/jayesh/Desktop/Personal Work/Movie_data_pipeline/.venv/lib/python3.12/site-packages/airflow/example_dags/example_short_circuit_decorator.py took 0.261 seconds
[2024-12-12T00:16:12.220+0530] {processor.py:186} INFO - Started process (PID=14617) to work on /Users/jayesh/Desktop/Personal Work/Movie_data_pipeline/.venv/lib/python3.12/site-packages/airflow/example_dags/example_short_circuit_decorator.py
[2024-12-12T00:16:12.223+0530] {processor.py:914} INFO - Processing file /Users/jayesh/Desktop/Personal Work/Movie_data_pipeline/.venv/lib/python3.12/site-packages/airflow/example_dags/example_short_circuit_decorator.py for tasks to queue
[2024-12-12T00:16:12.225+0530] {logging_mixin.py:190} INFO - [2024-12-12T00:16:12.224+0530] {dagbag.py:588} INFO - Filling up the DagBag from /Users/jayesh/Desktop/Personal Work/Movie_data_pipeline/.venv/lib/python3.12/site-packages/airflow/example_dags/example_short_circuit_decorator.py
[2024-12-12T00:16:12.318+0530] {processor.py:925} INFO - DAG(s) 'example_short_circuit_decorator' retrieved from /Users/jayesh/Desktop/Personal Work/Movie_data_pipeline/.venv/lib/python3.12/site-packages/airflow/example_dags/example_short_circuit_decorator.py
[2024-12-12T00:16:12.462+0530] {logging_mixin.py:190} INFO - [2024-12-12T00:16:12.462+0530] {dag.py:3239} INFO - Sync 1 DAGs
[2024-12-12T00:16:12.478+0530] {logging_mixin.py:190} INFO - [2024-12-12T00:16:12.477+0530] {dag.py:4180} INFO - Setting next_dagrun for example_short_circuit_decorator to None, run_after=None
[2024-12-12T00:16:12.503+0530] {processor.py:208} INFO - Processing /Users/jayesh/Desktop/Personal Work/Movie_data_pipeline/.venv/lib/python3.12/site-packages/airflow/example_dags/example_short_circuit_decorator.py took 0.293 seconds
[2024-12-12T00:19:01.270+0530] {processor.py:186} INFO - Started process (PID=14889) to work on /Users/jayesh/Desktop/Personal Work/Movie_data_pipeline/.venv/lib/python3.12/site-packages/airflow/example_dags/example_short_circuit_decorator.py
[2024-12-12T00:19:01.273+0530] {processor.py:914} INFO - Processing file /Users/jayesh/Desktop/Personal Work/Movie_data_pipeline/.venv/lib/python3.12/site-packages/airflow/example_dags/example_short_circuit_decorator.py for tasks to queue
[2024-12-12T00:19:01.275+0530] {logging_mixin.py:190} INFO - [2024-12-12T00:19:01.274+0530] {dagbag.py:588} INFO - Filling up the DagBag from /Users/jayesh/Desktop/Personal Work/Movie_data_pipeline/.venv/lib/python3.12/site-packages/airflow/example_dags/example_short_circuit_decorator.py
[2024-12-12T00:19:01.356+0530] {processor.py:925} INFO - DAG(s) 'example_short_circuit_decorator' retrieved from /Users/jayesh/Desktop/Personal Work/Movie_data_pipeline/.venv/lib/python3.12/site-packages/airflow/example_dags/example_short_circuit_decorator.py
[2024-12-12T00:19:01.502+0530] {logging_mixin.py:190} INFO - [2024-12-12T00:19:01.502+0530] {dag.py:3239} INFO - Sync 1 DAGs
[2024-12-12T00:19:01.516+0530] {logging_mixin.py:190} INFO - [2024-12-12T00:19:01.516+0530] {dag.py:4180} INFO - Setting next_dagrun for example_short_circuit_decorator to None, run_after=None
[2024-12-12T00:19:01.546+0530] {processor.py:208} INFO - Processing /Users/jayesh/Desktop/Personal Work/Movie_data_pipeline/.venv/lib/python3.12/site-packages/airflow/example_dags/example_short_circuit_decorator.py took 0.280 seconds
[2024-12-12T00:22:12.705+0530] {processor.py:186} INFO - Started process (PID=15197) to work on /Users/jayesh/Desktop/Personal Work/Movie_data_pipeline/.venv/lib/python3.12/site-packages/airflow/example_dags/example_short_circuit_decorator.py
[2024-12-12T00:22:12.707+0530] {processor.py:914} INFO - Processing file /Users/jayesh/Desktop/Personal Work/Movie_data_pipeline/.venv/lib/python3.12/site-packages/airflow/example_dags/example_short_circuit_decorator.py for tasks to queue
[2024-12-12T00:22:12.710+0530] {logging_mixin.py:190} INFO - [2024-12-12T00:22:12.709+0530] {dagbag.py:588} INFO - Filling up the DagBag from /Users/jayesh/Desktop/Personal Work/Movie_data_pipeline/.venv/lib/python3.12/site-packages/airflow/example_dags/example_short_circuit_decorator.py
[2024-12-12T00:22:12.760+0530] {processor.py:925} INFO - DAG(s) 'example_short_circuit_decorator' retrieved from /Users/jayesh/Desktop/Personal Work/Movie_data_pipeline/.venv/lib/python3.12/site-packages/airflow/example_dags/example_short_circuit_decorator.py
[2024-12-12T00:22:12.882+0530] {logging_mixin.py:190} INFO - [2024-12-12T00:22:12.882+0530] {dag.py:3239} INFO - Sync 1 DAGs
[2024-12-12T00:22:12.895+0530] {logging_mixin.py:190} INFO - [2024-12-12T00:22:12.894+0530] {dag.py:4180} INFO - Setting next_dagrun for example_short_circuit_decorator to None, run_after=None
[2024-12-12T00:22:12.917+0530] {processor.py:208} INFO - Processing /Users/jayesh/Desktop/Personal Work/Movie_data_pipeline/.venv/lib/python3.12/site-packages/airflow/example_dags/example_short_circuit_decorator.py took 0.216 seconds
[2024-12-12T00:25:44.521+0530] {processor.py:186} INFO - Started process (PID=15545) to work on /Users/jayesh/Desktop/Personal Work/Movie_data_pipeline/.venv/lib/python3.12/site-packages/airflow/example_dags/example_short_circuit_decorator.py
[2024-12-12T00:25:44.523+0530] {processor.py:914} INFO - Processing file /Users/jayesh/Desktop/Personal Work/Movie_data_pipeline/.venv/lib/python3.12/site-packages/airflow/example_dags/example_short_circuit_decorator.py for tasks to queue
[2024-12-12T00:25:44.525+0530] {logging_mixin.py:190} INFO - [2024-12-12T00:25:44.525+0530] {dagbag.py:588} INFO - Filling up the DagBag from /Users/jayesh/Desktop/Personal Work/Movie_data_pipeline/.venv/lib/python3.12/site-packages/airflow/example_dags/example_short_circuit_decorator.py
[2024-12-12T00:25:44.573+0530] {processor.py:925} INFO - DAG(s) 'example_short_circuit_decorator' retrieved from /Users/jayesh/Desktop/Personal Work/Movie_data_pipeline/.venv/lib/python3.12/site-packages/airflow/example_dags/example_short_circuit_decorator.py
[2024-12-12T00:25:44.701+0530] {logging_mixin.py:190} INFO - [2024-12-12T00:25:44.701+0530] {dag.py:3239} INFO - Sync 1 DAGs
[2024-12-12T00:25:44.714+0530] {logging_mixin.py:190} INFO - [2024-12-12T00:25:44.714+0530] {dag.py:4180} INFO - Setting next_dagrun for example_short_circuit_decorator to None, run_after=None
[2024-12-12T00:25:44.737+0530] {processor.py:208} INFO - Processing /Users/jayesh/Desktop/Personal Work/Movie_data_pipeline/.venv/lib/python3.12/site-packages/airflow/example_dags/example_short_circuit_decorator.py took 0.220 seconds
