[2024-12-11T23:27:04.242+0530] {processor.py:186} INFO - Started process (PID=9623) to work on /Users/jayesh/Desktop/Personal Work/Movie_data_pipeline/.venv/lib/python3.12/site-packages/airflow/example_dags/example_dataset_alias.py
[2024-12-11T23:27:04.244+0530] {processor.py:914} INFO - Processing file /Users/jayesh/Desktop/Personal Work/Movie_data_pipeline/.venv/lib/python3.12/site-packages/airflow/example_dags/example_dataset_alias.py for tasks to queue
[2024-12-11T23:27:04.246+0530] {logging_mixin.py:190} INFO - [2024-12-11T23:27:04.246+0530] {dagbag.py:588} INFO - Filling up the DagBag from /Users/jayesh/Desktop/Personal Work/Movie_data_pipeline/.venv/lib/python3.12/site-packages/airflow/example_dags/example_dataset_alias.py
[2024-12-11T23:27:04.479+0530] {processor.py:925} INFO - DAG(s) 'dataset_s3_bucket_producer', 'dataset_alias_example_alias_producer', 'dataset_s3_bucket_consumer', 'dataset_alias_example_alias_consumer' retrieved from /Users/jayesh/Desktop/Personal Work/Movie_data_pipeline/.venv/lib/python3.12/site-packages/airflow/example_dags/example_dataset_alias.py
[2024-12-11T23:27:04.682+0530] {logging_mixin.py:190} INFO - [2024-12-11T23:27:04.682+0530] {override.py:1911} INFO - Created Permission View: can edit on DAG:dataset_s3_bucket_producer
[2024-12-11T23:27:04.695+0530] {logging_mixin.py:190} INFO - [2024-12-11T23:27:04.695+0530] {override.py:1911} INFO - Created Permission View: can delete on DAG:dataset_s3_bucket_producer
[2024-12-11T23:27:04.703+0530] {logging_mixin.py:190} INFO - [2024-12-11T23:27:04.703+0530] {override.py:1911} INFO - Created Permission View: can read on DAG:dataset_s3_bucket_producer
[2024-12-11T23:27:04.716+0530] {logging_mixin.py:190} INFO - [2024-12-11T23:27:04.715+0530] {override.py:1911} INFO - Created Permission View: menu access on DAG Run:dataset_s3_bucket_producer
[2024-12-11T23:27:04.725+0530] {logging_mixin.py:190} INFO - [2024-12-11T23:27:04.725+0530] {override.py:1911} INFO - Created Permission View: can delete on DAG Run:dataset_s3_bucket_producer
[2024-12-11T23:27:04.733+0530] {logging_mixin.py:190} INFO - [2024-12-11T23:27:04.733+0530] {override.py:1911} INFO - Created Permission View: can create on DAG Run:dataset_s3_bucket_producer
[2024-12-11T23:27:04.741+0530] {logging_mixin.py:190} INFO - [2024-12-11T23:27:04.741+0530] {override.py:1911} INFO - Created Permission View: can read on DAG Run:dataset_s3_bucket_producer
[2024-12-11T23:27:04.762+0530] {logging_mixin.py:190} INFO - [2024-12-11T23:27:04.761+0530] {override.py:1911} INFO - Created Permission View: can edit on DAG:dataset_alias_example_alias_producer
[2024-12-11T23:27:04.771+0530] {logging_mixin.py:190} INFO - [2024-12-11T23:27:04.771+0530] {override.py:1911} INFO - Created Permission View: can delete on DAG:dataset_alias_example_alias_producer
[2024-12-11T23:27:04.779+0530] {logging_mixin.py:190} INFO - [2024-12-11T23:27:04.779+0530] {override.py:1911} INFO - Created Permission View: can read on DAG:dataset_alias_example_alias_producer
[2024-12-11T23:27:04.791+0530] {logging_mixin.py:190} INFO - [2024-12-11T23:27:04.790+0530] {override.py:1911} INFO - Created Permission View: menu access on DAG Run:dataset_alias_example_alias_producer
[2024-12-11T23:27:04.799+0530] {logging_mixin.py:190} INFO - [2024-12-11T23:27:04.799+0530] {override.py:1911} INFO - Created Permission View: can delete on DAG Run:dataset_alias_example_alias_producer
[2024-12-11T23:27:04.807+0530] {logging_mixin.py:190} INFO - [2024-12-11T23:27:04.807+0530] {override.py:1911} INFO - Created Permission View: can create on DAG Run:dataset_alias_example_alias_producer
[2024-12-11T23:27:04.817+0530] {logging_mixin.py:190} INFO - [2024-12-11T23:27:04.817+0530] {override.py:1911} INFO - Created Permission View: can read on DAG Run:dataset_alias_example_alias_producer
[2024-12-11T23:27:04.834+0530] {logging_mixin.py:190} INFO - [2024-12-11T23:27:04.834+0530] {override.py:1911} INFO - Created Permission View: can edit on DAG:dataset_s3_bucket_consumer
[2024-12-11T23:27:04.843+0530] {logging_mixin.py:190} INFO - [2024-12-11T23:27:04.842+0530] {override.py:1911} INFO - Created Permission View: can delete on DAG:dataset_s3_bucket_consumer
[2024-12-11T23:27:04.855+0530] {logging_mixin.py:190} INFO - [2024-12-11T23:27:04.855+0530] {override.py:1911} INFO - Created Permission View: can read on DAG:dataset_s3_bucket_consumer
[2024-12-11T23:27:04.868+0530] {logging_mixin.py:190} INFO - [2024-12-11T23:27:04.867+0530] {override.py:1911} INFO - Created Permission View: menu access on DAG Run:dataset_s3_bucket_consumer
[2024-12-11T23:27:04.882+0530] {logging_mixin.py:190} INFO - [2024-12-11T23:27:04.881+0530] {override.py:1911} INFO - Created Permission View: can delete on DAG Run:dataset_s3_bucket_consumer
[2024-12-11T23:27:04.892+0530] {logging_mixin.py:190} INFO - [2024-12-11T23:27:04.892+0530] {override.py:1911} INFO - Created Permission View: can create on DAG Run:dataset_s3_bucket_consumer
[2024-12-11T23:27:04.901+0530] {logging_mixin.py:190} INFO - [2024-12-11T23:27:04.901+0530] {override.py:1911} INFO - Created Permission View: can read on DAG Run:dataset_s3_bucket_consumer
[2024-12-11T23:27:04.918+0530] {logging_mixin.py:190} INFO - [2024-12-11T23:27:04.917+0530] {override.py:1911} INFO - Created Permission View: can edit on DAG:dataset_alias_example_alias_consumer
[2024-12-11T23:27:04.928+0530] {logging_mixin.py:190} INFO - [2024-12-11T23:27:04.928+0530] {override.py:1911} INFO - Created Permission View: can delete on DAG:dataset_alias_example_alias_consumer
[2024-12-11T23:27:04.938+0530] {logging_mixin.py:190} INFO - [2024-12-11T23:27:04.938+0530] {override.py:1911} INFO - Created Permission View: can read on DAG:dataset_alias_example_alias_consumer
[2024-12-11T23:27:04.950+0530] {logging_mixin.py:190} INFO - [2024-12-11T23:27:04.950+0530] {override.py:1911} INFO - Created Permission View: menu access on DAG Run:dataset_alias_example_alias_consumer
[2024-12-11T23:27:04.959+0530] {logging_mixin.py:190} INFO - [2024-12-11T23:27:04.959+0530] {override.py:1911} INFO - Created Permission View: can delete on DAG Run:dataset_alias_example_alias_consumer
[2024-12-11T23:27:04.969+0530] {logging_mixin.py:190} INFO - [2024-12-11T23:27:04.969+0530] {override.py:1911} INFO - Created Permission View: can create on DAG Run:dataset_alias_example_alias_consumer
[2024-12-11T23:27:04.978+0530] {logging_mixin.py:190} INFO - [2024-12-11T23:27:04.978+0530] {override.py:1911} INFO - Created Permission View: can read on DAG Run:dataset_alias_example_alias_consumer
[2024-12-11T23:27:04.979+0530] {logging_mixin.py:190} INFO - [2024-12-11T23:27:04.979+0530] {dag.py:3239} INFO - Sync 4 DAGs
[2024-12-11T23:27:04.997+0530] {logging_mixin.py:190} INFO - [2024-12-11T23:27:04.996+0530] {dag.py:3262} INFO - Creating ORM DAG for dataset_s3_bucket_consumer
[2024-12-11T23:27:04.998+0530] {logging_mixin.py:190} INFO - [2024-12-11T23:27:04.997+0530] {dag.py:3262} INFO - Creating ORM DAG for dataset_alias_example_alias_consumer
[2024-12-11T23:27:04.998+0530] {logging_mixin.py:190} INFO - [2024-12-11T23:27:04.998+0530] {dag.py:3262} INFO - Creating ORM DAG for dataset_s3_bucket_producer
[2024-12-11T23:27:04.999+0530] {logging_mixin.py:190} INFO - [2024-12-11T23:27:04.999+0530] {dag.py:3262} INFO - Creating ORM DAG for dataset_alias_example_alias_producer
[2024-12-11T23:27:05.013+0530] {logging_mixin.py:190} INFO - [2024-12-11T23:27:05.013+0530] {dag.py:4180} INFO - Setting next_dagrun for dataset_alias_example_alias_consumer to None, run_after=None
[2024-12-11T23:27:05.014+0530] {logging_mixin.py:190} INFO - [2024-12-11T23:27:05.014+0530] {dag.py:4180} INFO - Setting next_dagrun for dataset_alias_example_alias_producer to None, run_after=None
[2024-12-11T23:27:05.015+0530] {logging_mixin.py:190} INFO - [2024-12-11T23:27:05.014+0530] {dag.py:4180} INFO - Setting next_dagrun for dataset_s3_bucket_consumer to None, run_after=None
[2024-12-11T23:27:05.015+0530] {logging_mixin.py:190} INFO - [2024-12-11T23:27:05.015+0530] {dag.py:4180} INFO - Setting next_dagrun for dataset_s3_bucket_producer to None, run_after=None
[2024-12-11T23:27:05.031+0530] {logging_mixin.py:190} INFO - [2024-12-11T23:27:05.031+0530] {workday.py:41} WARNING - Could not import pandas. Holidays will not be considered.
[2024-12-11T23:27:05.054+0530] {processor.py:208} INFO - Processing /Users/jayesh/Desktop/Personal Work/Movie_data_pipeline/.venv/lib/python3.12/site-packages/airflow/example_dags/example_dataset_alias.py took 0.815 seconds
[2024-12-11T23:31:10.997+0530] {processor.py:186} INFO - Started process (PID=10003) to work on /Users/jayesh/Desktop/Personal Work/Movie_data_pipeline/.venv/lib/python3.12/site-packages/airflow/example_dags/example_dataset_alias.py
[2024-12-11T23:31:10.999+0530] {processor.py:914} INFO - Processing file /Users/jayesh/Desktop/Personal Work/Movie_data_pipeline/.venv/lib/python3.12/site-packages/airflow/example_dags/example_dataset_alias.py for tasks to queue
[2024-12-11T23:31:11.002+0530] {logging_mixin.py:190} INFO - [2024-12-11T23:31:11.001+0530] {dagbag.py:588} INFO - Filling up the DagBag from /Users/jayesh/Desktop/Personal Work/Movie_data_pipeline/.venv/lib/python3.12/site-packages/airflow/example_dags/example_dataset_alias.py
[2024-12-11T23:31:11.282+0530] {processor.py:925} INFO - DAG(s) 'dataset_alias_example_alias_producer', 'dataset_s3_bucket_consumer', 'dataset_s3_bucket_producer', 'dataset_alias_example_alias_consumer' retrieved from /Users/jayesh/Desktop/Personal Work/Movie_data_pipeline/.venv/lib/python3.12/site-packages/airflow/example_dags/example_dataset_alias.py
[2024-12-11T23:31:11.315+0530] {logging_mixin.py:190} INFO - [2024-12-11T23:31:11.315+0530] {dag.py:3239} INFO - Sync 4 DAGs
[2024-12-11T23:31:11.451+0530] {logging_mixin.py:190} INFO - [2024-12-11T23:31:11.450+0530] {dag.py:4180} INFO - Setting next_dagrun for dataset_alias_example_alias_consumer to None, run_after=None
[2024-12-11T23:31:11.456+0530] {logging_mixin.py:190} INFO - [2024-12-11T23:31:11.456+0530] {dag.py:4180} INFO - Setting next_dagrun for dataset_alias_example_alias_producer to None, run_after=None
[2024-12-11T23:31:11.458+0530] {logging_mixin.py:190} INFO - [2024-12-11T23:31:11.458+0530] {dag.py:4180} INFO - Setting next_dagrun for dataset_s3_bucket_consumer to None, run_after=None
[2024-12-11T23:31:11.460+0530] {logging_mixin.py:190} INFO - [2024-12-11T23:31:11.459+0530] {dag.py:4180} INFO - Setting next_dagrun for dataset_s3_bucket_producer to None, run_after=None
[2024-12-11T23:31:11.487+0530] {processor.py:208} INFO - Processing /Users/jayesh/Desktop/Personal Work/Movie_data_pipeline/.venv/lib/python3.12/site-packages/airflow/example_dags/example_dataset_alias.py took 0.495 seconds
[2024-12-11T23:39:08.102+0530] {processor.py:186} INFO - Started process (PID=10933) to work on /Users/jayesh/Desktop/Personal Work/Movie_data_pipeline/.venv/lib/python3.12/site-packages/airflow/example_dags/example_dataset_alias.py
[2024-12-11T23:39:08.105+0530] {processor.py:914} INFO - Processing file /Users/jayesh/Desktop/Personal Work/Movie_data_pipeline/.venv/lib/python3.12/site-packages/airflow/example_dags/example_dataset_alias.py for tasks to queue
[2024-12-11T23:39:08.108+0530] {logging_mixin.py:190} INFO - [2024-12-11T23:39:08.108+0530] {dagbag.py:588} INFO - Filling up the DagBag from /Users/jayesh/Desktop/Personal Work/Movie_data_pipeline/.venv/lib/python3.12/site-packages/airflow/example_dags/example_dataset_alias.py
[2024-12-11T23:39:09.101+0530] {processor.py:925} INFO - DAG(s) 'dataset_alias_example_alias_consumer', 'dataset_s3_bucket_producer', 'dataset_s3_bucket_consumer', 'dataset_alias_example_alias_producer' retrieved from /Users/jayesh/Desktop/Personal Work/Movie_data_pipeline/.venv/lib/python3.12/site-packages/airflow/example_dags/example_dataset_alias.py
[2024-12-11T23:39:09.178+0530] {logging_mixin.py:190} INFO - [2024-12-11T23:39:09.177+0530] {dag.py:3239} INFO - Sync 4 DAGs
[2024-12-11T23:39:09.212+0530] {logging_mixin.py:190} INFO - [2024-12-11T23:39:09.211+0530] {dag.py:4180} INFO - Setting next_dagrun for dataset_alias_example_alias_consumer to None, run_after=None
[2024-12-11T23:39:09.372+0530] {logging_mixin.py:190} INFO - [2024-12-11T23:39:09.372+0530] {dag.py:4180} INFO - Setting next_dagrun for dataset_alias_example_alias_producer to None, run_after=None
[2024-12-11T23:39:09.374+0530] {logging_mixin.py:190} INFO - [2024-12-11T23:39:09.373+0530] {dag.py:4180} INFO - Setting next_dagrun for dataset_s3_bucket_consumer to None, run_after=None
[2024-12-11T23:39:09.376+0530] {logging_mixin.py:190} INFO - [2024-12-11T23:39:09.376+0530] {dag.py:4180} INFO - Setting next_dagrun for dataset_s3_bucket_producer to None, run_after=None
[2024-12-11T23:39:09.429+0530] {processor.py:208} INFO - Processing /Users/jayesh/Desktop/Personal Work/Movie_data_pipeline/.venv/lib/python3.12/site-packages/airflow/example_dags/example_dataset_alias.py took 1.334 seconds
[2024-12-11T23:48:35.294+0530] {processor.py:186} INFO - Started process (PID=11899) to work on /Users/jayesh/Desktop/Personal Work/Movie_data_pipeline/.venv/lib/python3.12/site-packages/airflow/example_dags/example_dataset_alias.py
[2024-12-11T23:48:35.296+0530] {processor.py:914} INFO - Processing file /Users/jayesh/Desktop/Personal Work/Movie_data_pipeline/.venv/lib/python3.12/site-packages/airflow/example_dags/example_dataset_alias.py for tasks to queue
[2024-12-11T23:48:35.298+0530] {logging_mixin.py:190} INFO - [2024-12-11T23:48:35.298+0530] {dagbag.py:588} INFO - Filling up the DagBag from /Users/jayesh/Desktop/Personal Work/Movie_data_pipeline/.venv/lib/python3.12/site-packages/airflow/example_dags/example_dataset_alias.py
[2024-12-11T23:48:35.589+0530] {processor.py:925} INFO - DAG(s) 'dataset_alias_example_alias_consumer', 'dataset_s3_bucket_consumer', 'dataset_alias_example_alias_producer', 'dataset_s3_bucket_producer' retrieved from /Users/jayesh/Desktop/Personal Work/Movie_data_pipeline/.venv/lib/python3.12/site-packages/airflow/example_dags/example_dataset_alias.py
[2024-12-11T23:48:35.631+0530] {logging_mixin.py:190} INFO - [2024-12-11T23:48:35.631+0530] {dag.py:3239} INFO - Sync 4 DAGs
[2024-12-11T23:48:35.665+0530] {logging_mixin.py:190} INFO - [2024-12-11T23:48:35.665+0530] {dag.py:4180} INFO - Setting next_dagrun for dataset_alias_example_alias_consumer to None, run_after=None
[2024-12-11T23:48:35.757+0530] {logging_mixin.py:190} INFO - [2024-12-11T23:48:35.757+0530] {dag.py:4180} INFO - Setting next_dagrun for dataset_alias_example_alias_producer to None, run_after=None
[2024-12-11T23:48:35.759+0530] {logging_mixin.py:190} INFO - [2024-12-11T23:48:35.758+0530] {dag.py:4180} INFO - Setting next_dagrun for dataset_s3_bucket_consumer to None, run_after=None
[2024-12-11T23:48:35.760+0530] {logging_mixin.py:190} INFO - [2024-12-11T23:48:35.760+0530] {dag.py:4180} INFO - Setting next_dagrun for dataset_s3_bucket_producer to None, run_after=None
[2024-12-11T23:48:35.789+0530] {processor.py:208} INFO - Processing /Users/jayesh/Desktop/Personal Work/Movie_data_pipeline/.venv/lib/python3.12/site-packages/airflow/example_dags/example_dataset_alias.py took 0.500 seconds
[2024-12-11T23:54:17.164+0530] {processor.py:186} INFO - Started process (PID=12510) to work on /Users/jayesh/Desktop/Personal Work/Movie_data_pipeline/.venv/lib/python3.12/site-packages/airflow/example_dags/example_dataset_alias.py
[2024-12-11T23:54:17.166+0530] {processor.py:914} INFO - Processing file /Users/jayesh/Desktop/Personal Work/Movie_data_pipeline/.venv/lib/python3.12/site-packages/airflow/example_dags/example_dataset_alias.py for tasks to queue
[2024-12-11T23:54:17.168+0530] {logging_mixin.py:190} INFO - [2024-12-11T23:54:17.168+0530] {dagbag.py:588} INFO - Filling up the DagBag from /Users/jayesh/Desktop/Personal Work/Movie_data_pipeline/.venv/lib/python3.12/site-packages/airflow/example_dags/example_dataset_alias.py
[2024-12-11T23:54:17.394+0530] {processor.py:925} INFO - DAG(s) 'dataset_alias_example_alias_producer', 'dataset_alias_example_alias_consumer', 'dataset_s3_bucket_consumer', 'dataset_s3_bucket_producer' retrieved from /Users/jayesh/Desktop/Personal Work/Movie_data_pipeline/.venv/lib/python3.12/site-packages/airflow/example_dags/example_dataset_alias.py
[2024-12-11T23:54:17.425+0530] {logging_mixin.py:190} INFO - [2024-12-11T23:54:17.425+0530] {dag.py:3239} INFO - Sync 4 DAGs
[2024-12-11T23:54:17.530+0530] {logging_mixin.py:190} INFO - [2024-12-11T23:54:17.530+0530] {dag.py:4180} INFO - Setting next_dagrun for dataset_alias_example_alias_consumer to None, run_after=None
[2024-12-11T23:54:17.533+0530] {logging_mixin.py:190} INFO - [2024-12-11T23:54:17.533+0530] {dag.py:4180} INFO - Setting next_dagrun for dataset_alias_example_alias_producer to None, run_after=None
[2024-12-11T23:54:17.534+0530] {logging_mixin.py:190} INFO - [2024-12-11T23:54:17.534+0530] {dag.py:4180} INFO - Setting next_dagrun for dataset_s3_bucket_consumer to None, run_after=None
[2024-12-11T23:54:17.536+0530] {logging_mixin.py:190} INFO - [2024-12-11T23:54:17.536+0530] {dag.py:4180} INFO - Setting next_dagrun for dataset_s3_bucket_producer to None, run_after=None
[2024-12-11T23:54:17.568+0530] {processor.py:208} INFO - Processing /Users/jayesh/Desktop/Personal Work/Movie_data_pipeline/.venv/lib/python3.12/site-packages/airflow/example_dags/example_dataset_alias.py took 0.409 seconds
[2024-12-12T00:00:03.739+0530] {processor.py:186} INFO - Started process (PID=13084) to work on /Users/jayesh/Desktop/Personal Work/Movie_data_pipeline/.venv/lib/python3.12/site-packages/airflow/example_dags/example_dataset_alias.py
[2024-12-12T00:00:03.742+0530] {processor.py:914} INFO - Processing file /Users/jayesh/Desktop/Personal Work/Movie_data_pipeline/.venv/lib/python3.12/site-packages/airflow/example_dags/example_dataset_alias.py for tasks to queue
[2024-12-12T00:00:03.743+0530] {logging_mixin.py:190} INFO - [2024-12-12T00:00:03.743+0530] {dagbag.py:588} INFO - Filling up the DagBag from /Users/jayesh/Desktop/Personal Work/Movie_data_pipeline/.venv/lib/python3.12/site-packages/airflow/example_dags/example_dataset_alias.py
[2024-12-12T00:00:03.974+0530] {processor.py:925} INFO - DAG(s) 'dataset_alias_example_alias_producer', 'dataset_s3_bucket_producer', 'dataset_s3_bucket_consumer', 'dataset_alias_example_alias_consumer' retrieved from /Users/jayesh/Desktop/Personal Work/Movie_data_pipeline/.venv/lib/python3.12/site-packages/airflow/example_dags/example_dataset_alias.py
[2024-12-12T00:00:04.002+0530] {logging_mixin.py:190} INFO - [2024-12-12T00:00:04.001+0530] {dag.py:3239} INFO - Sync 4 DAGs
[2024-12-12T00:00:04.107+0530] {logging_mixin.py:190} INFO - [2024-12-12T00:00:04.107+0530] {dag.py:4180} INFO - Setting next_dagrun for dataset_alias_example_alias_consumer to None, run_after=None
[2024-12-12T00:00:04.110+0530] {logging_mixin.py:190} INFO - [2024-12-12T00:00:04.110+0530] {dag.py:4180} INFO - Setting next_dagrun for dataset_alias_example_alias_producer to None, run_after=None
[2024-12-12T00:00:04.112+0530] {logging_mixin.py:190} INFO - [2024-12-12T00:00:04.112+0530] {dag.py:4180} INFO - Setting next_dagrun for dataset_s3_bucket_consumer to None, run_after=None
[2024-12-12T00:00:04.114+0530] {logging_mixin.py:190} INFO - [2024-12-12T00:00:04.114+0530] {dag.py:4180} INFO - Setting next_dagrun for dataset_s3_bucket_producer to None, run_after=None
[2024-12-12T00:00:04.143+0530] {processor.py:208} INFO - Processing /Users/jayesh/Desktop/Personal Work/Movie_data_pipeline/.venv/lib/python3.12/site-packages/airflow/example_dags/example_dataset_alias.py took 0.408 seconds
[2024-12-12T00:05:52.360+0530] {processor.py:186} INFO - Started process (PID=13645) to work on /Users/jayesh/Desktop/Personal Work/Movie_data_pipeline/.venv/lib/python3.12/site-packages/airflow/example_dags/example_dataset_alias.py
[2024-12-12T00:05:52.362+0530] {processor.py:914} INFO - Processing file /Users/jayesh/Desktop/Personal Work/Movie_data_pipeline/.venv/lib/python3.12/site-packages/airflow/example_dags/example_dataset_alias.py for tasks to queue
[2024-12-12T00:05:52.364+0530] {logging_mixin.py:190} INFO - [2024-12-12T00:05:52.364+0530] {dagbag.py:588} INFO - Filling up the DagBag from /Users/jayesh/Desktop/Personal Work/Movie_data_pipeline/.venv/lib/python3.12/site-packages/airflow/example_dags/example_dataset_alias.py
[2024-12-12T00:05:52.627+0530] {processor.py:925} INFO - DAG(s) 'dataset_s3_bucket_producer', 'dataset_alias_example_alias_consumer', 'dataset_s3_bucket_consumer', 'dataset_alias_example_alias_producer' retrieved from /Users/jayesh/Desktop/Personal Work/Movie_data_pipeline/.venv/lib/python3.12/site-packages/airflow/example_dags/example_dataset_alias.py
[2024-12-12T00:05:52.661+0530] {logging_mixin.py:190} INFO - [2024-12-12T00:05:52.661+0530] {dag.py:3239} INFO - Sync 4 DAGs
[2024-12-12T00:05:52.696+0530] {logging_mixin.py:190} INFO - [2024-12-12T00:05:52.695+0530] {dag.py:4180} INFO - Setting next_dagrun for dataset_alias_example_alias_consumer to None, run_after=None
[2024-12-12T00:05:52.780+0530] {logging_mixin.py:190} INFO - [2024-12-12T00:05:52.779+0530] {dag.py:4180} INFO - Setting next_dagrun for dataset_alias_example_alias_producer to None, run_after=None
[2024-12-12T00:05:52.782+0530] {logging_mixin.py:190} INFO - [2024-12-12T00:05:52.782+0530] {dag.py:4180} INFO - Setting next_dagrun for dataset_s3_bucket_consumer to None, run_after=None
[2024-12-12T00:05:52.783+0530] {logging_mixin.py:190} INFO - [2024-12-12T00:05:52.783+0530] {dag.py:4180} INFO - Setting next_dagrun for dataset_s3_bucket_producer to None, run_after=None
[2024-12-12T00:05:52.813+0530] {processor.py:208} INFO - Processing /Users/jayesh/Desktop/Personal Work/Movie_data_pipeline/.venv/lib/python3.12/site-packages/airflow/example_dags/example_dataset_alias.py took 0.456 seconds
[2024-12-12T00:11:41.580+0530] {processor.py:186} INFO - Started process (PID=14202) to work on /Users/jayesh/Desktop/Personal Work/Movie_data_pipeline/.venv/lib/python3.12/site-packages/airflow/example_dags/example_dataset_alias.py
[2024-12-12T00:11:41.583+0530] {processor.py:914} INFO - Processing file /Users/jayesh/Desktop/Personal Work/Movie_data_pipeline/.venv/lib/python3.12/site-packages/airflow/example_dags/example_dataset_alias.py for tasks to queue
[2024-12-12T00:11:41.585+0530] {logging_mixin.py:190} INFO - [2024-12-12T00:11:41.585+0530] {dagbag.py:588} INFO - Filling up the DagBag from /Users/jayesh/Desktop/Personal Work/Movie_data_pipeline/.venv/lib/python3.12/site-packages/airflow/example_dags/example_dataset_alias.py
[2024-12-12T00:11:41.851+0530] {processor.py:925} INFO - DAG(s) 'dataset_s3_bucket_consumer', 'dataset_alias_example_alias_producer', 'dataset_alias_example_alias_consumer', 'dataset_s3_bucket_producer' retrieved from /Users/jayesh/Desktop/Personal Work/Movie_data_pipeline/.venv/lib/python3.12/site-packages/airflow/example_dags/example_dataset_alias.py
[2024-12-12T00:11:41.881+0530] {logging_mixin.py:190} INFO - [2024-12-12T00:11:41.881+0530] {dag.py:3239} INFO - Sync 4 DAGs
[2024-12-12T00:11:41.988+0530] {logging_mixin.py:190} INFO - [2024-12-12T00:11:41.987+0530] {dag.py:4180} INFO - Setting next_dagrun for dataset_alias_example_alias_consumer to None, run_after=None
[2024-12-12T00:11:41.991+0530] {logging_mixin.py:190} INFO - [2024-12-12T00:11:41.990+0530] {dag.py:4180} INFO - Setting next_dagrun for dataset_alias_example_alias_producer to None, run_after=None
[2024-12-12T00:11:41.993+0530] {logging_mixin.py:190} INFO - [2024-12-12T00:11:41.992+0530] {dag.py:4180} INFO - Setting next_dagrun for dataset_s3_bucket_consumer to None, run_after=None
[2024-12-12T00:11:41.994+0530] {logging_mixin.py:190} INFO - [2024-12-12T00:11:41.994+0530] {dag.py:4180} INFO - Setting next_dagrun for dataset_s3_bucket_producer to None, run_after=None
[2024-12-12T00:11:42.022+0530] {processor.py:208} INFO - Processing /Users/jayesh/Desktop/Personal Work/Movie_data_pipeline/.venv/lib/python3.12/site-packages/airflow/example_dags/example_dataset_alias.py took 0.446 seconds
[2024-12-12T00:17:26.026+0530] {processor.py:186} INFO - Started process (PID=14734) to work on /Users/jayesh/Desktop/Personal Work/Movie_data_pipeline/.venv/lib/python3.12/site-packages/airflow/example_dags/example_dataset_alias.py
[2024-12-12T00:17:26.029+0530] {processor.py:914} INFO - Processing file /Users/jayesh/Desktop/Personal Work/Movie_data_pipeline/.venv/lib/python3.12/site-packages/airflow/example_dags/example_dataset_alias.py for tasks to queue
[2024-12-12T00:17:26.031+0530] {logging_mixin.py:190} INFO - [2024-12-12T00:17:26.031+0530] {dagbag.py:588} INFO - Filling up the DagBag from /Users/jayesh/Desktop/Personal Work/Movie_data_pipeline/.venv/lib/python3.12/site-packages/airflow/example_dags/example_dataset_alias.py
[2024-12-12T00:17:26.239+0530] {processor.py:925} INFO - DAG(s) 'dataset_alias_example_alias_consumer', 'dataset_s3_bucket_producer', 'dataset_alias_example_alias_producer', 'dataset_s3_bucket_consumer' retrieved from /Users/jayesh/Desktop/Personal Work/Movie_data_pipeline/.venv/lib/python3.12/site-packages/airflow/example_dags/example_dataset_alias.py
[2024-12-12T00:17:26.270+0530] {logging_mixin.py:190} INFO - [2024-12-12T00:17:26.270+0530] {dag.py:3239} INFO - Sync 4 DAGs
[2024-12-12T00:17:26.295+0530] {logging_mixin.py:190} INFO - [2024-12-12T00:17:26.295+0530] {dag.py:4180} INFO - Setting next_dagrun for dataset_alias_example_alias_consumer to None, run_after=None
[2024-12-12T00:17:26.366+0530] {logging_mixin.py:190} INFO - [2024-12-12T00:17:26.366+0530] {dag.py:4180} INFO - Setting next_dagrun for dataset_alias_example_alias_producer to None, run_after=None
[2024-12-12T00:17:26.368+0530] {logging_mixin.py:190} INFO - [2024-12-12T00:17:26.367+0530] {dag.py:4180} INFO - Setting next_dagrun for dataset_s3_bucket_consumer to None, run_after=None
[2024-12-12T00:17:26.369+0530] {logging_mixin.py:190} INFO - [2024-12-12T00:17:26.369+0530] {dag.py:4180} INFO - Setting next_dagrun for dataset_s3_bucket_producer to None, run_after=None
[2024-12-12T00:17:26.393+0530] {processor.py:208} INFO - Processing /Users/jayesh/Desktop/Personal Work/Movie_data_pipeline/.venv/lib/python3.12/site-packages/airflow/example_dags/example_dataset_alias.py took 0.370 seconds
[2024-12-12T00:23:40.895+0530] {processor.py:186} INFO - Started process (PID=15340) to work on /Users/jayesh/Desktop/Personal Work/Movie_data_pipeline/.venv/lib/python3.12/site-packages/airflow/example_dags/example_dataset_alias.py
[2024-12-12T00:23:40.897+0530] {processor.py:914} INFO - Processing file /Users/jayesh/Desktop/Personal Work/Movie_data_pipeline/.venv/lib/python3.12/site-packages/airflow/example_dags/example_dataset_alias.py for tasks to queue
[2024-12-12T00:23:40.899+0530] {logging_mixin.py:190} INFO - [2024-12-12T00:23:40.899+0530] {dagbag.py:588} INFO - Filling up the DagBag from /Users/jayesh/Desktop/Personal Work/Movie_data_pipeline/.venv/lib/python3.12/site-packages/airflow/example_dags/example_dataset_alias.py
[2024-12-12T00:23:41.169+0530] {processor.py:925} INFO - DAG(s) 'dataset_s3_bucket_producer', 'dataset_alias_example_alias_consumer', 'dataset_alias_example_alias_producer', 'dataset_s3_bucket_consumer' retrieved from /Users/jayesh/Desktop/Personal Work/Movie_data_pipeline/.venv/lib/python3.12/site-packages/airflow/example_dags/example_dataset_alias.py
[2024-12-12T00:23:41.197+0530] {logging_mixin.py:190} INFO - [2024-12-12T00:23:41.196+0530] {dag.py:3239} INFO - Sync 4 DAGs
[2024-12-12T00:23:41.220+0530] {logging_mixin.py:190} INFO - [2024-12-12T00:23:41.219+0530] {dag.py:4180} INFO - Setting next_dagrun for dataset_alias_example_alias_consumer to None, run_after=None
[2024-12-12T00:23:41.294+0530] {logging_mixin.py:190} INFO - [2024-12-12T00:23:41.294+0530] {dag.py:4180} INFO - Setting next_dagrun for dataset_alias_example_alias_producer to None, run_after=None
[2024-12-12T00:23:41.295+0530] {logging_mixin.py:190} INFO - [2024-12-12T00:23:41.295+0530] {dag.py:4180} INFO - Setting next_dagrun for dataset_s3_bucket_consumer to None, run_after=None
[2024-12-12T00:23:41.297+0530] {logging_mixin.py:190} INFO - [2024-12-12T00:23:41.296+0530] {dag.py:4180} INFO - Setting next_dagrun for dataset_s3_bucket_producer to None, run_after=None
[2024-12-12T00:23:41.322+0530] {processor.py:208} INFO - Processing /Users/jayesh/Desktop/Personal Work/Movie_data_pipeline/.venv/lib/python3.12/site-packages/airflow/example_dags/example_dataset_alias.py took 0.430 seconds
