[2024-12-11T23:25:23.775+0530] {processor.py:186} INFO - Started process (PID=9460) to work on /Users/jayesh/Desktop/Personal Work/Movie_data_pipeline/.venv/lib/python3.12/site-packages/airflow/example_dags/example_sensor_decorator.py
[2024-12-11T23:25:23.776+0530] {processor.py:914} INFO - Processing file /Users/jayesh/Desktop/Personal Work/Movie_data_pipeline/.venv/lib/python3.12/site-packages/airflow/example_dags/example_sensor_decorator.py for tasks to queue
[2024-12-11T23:25:23.777+0530] {logging_mixin.py:190} INFO - [2024-12-11T23:25:23.777+0530] {dagbag.py:588} INFO - Filling up the DagBag from /Users/jayesh/Desktop/Personal Work/Movie_data_pipeline/.venv/lib/python3.12/site-packages/airflow/example_dags/example_sensor_decorator.py
[2024-12-11T23:25:23.828+0530] {processor.py:925} INFO - DAG(s) 'example_sensor_decorator' retrieved from /Users/jayesh/Desktop/Personal Work/Movie_data_pipeline/.venv/lib/python3.12/site-packages/airflow/example_dags/example_sensor_decorator.py
[2024-12-11T23:25:23.948+0530] {logging_mixin.py:190} INFO - [2024-12-11T23:25:23.947+0530] {workday.py:41} WARNING - Could not import pandas. Holidays will not be considered.
[2024-12-11T23:25:24.189+0530] {logging_mixin.py:190} INFO - [2024-12-11T23:25:24.188+0530] {override.py:1911} INFO - Created Permission View: can delete on DAG:example_sensor_decorator
[2024-12-11T23:25:24.203+0530] {logging_mixin.py:190} INFO - [2024-12-11T23:25:24.203+0530] {override.py:1911} INFO - Created Permission View: can edit on DAG:example_sensor_decorator
[2024-12-11T23:25:24.212+0530] {logging_mixin.py:190} INFO - [2024-12-11T23:25:24.212+0530] {override.py:1911} INFO - Created Permission View: can read on DAG:example_sensor_decorator
[2024-12-11T23:25:24.224+0530] {logging_mixin.py:190} INFO - [2024-12-11T23:25:24.224+0530] {override.py:1911} INFO - Created Permission View: menu access on DAG Run:example_sensor_decorator
[2024-12-11T23:25:24.232+0530] {logging_mixin.py:190} INFO - [2024-12-11T23:25:24.232+0530] {override.py:1911} INFO - Created Permission View: can delete on DAG Run:example_sensor_decorator
[2024-12-11T23:25:24.241+0530] {logging_mixin.py:190} INFO - [2024-12-11T23:25:24.241+0530] {override.py:1911} INFO - Created Permission View: can create on DAG Run:example_sensor_decorator
[2024-12-11T23:25:24.249+0530] {logging_mixin.py:190} INFO - [2024-12-11T23:25:24.249+0530] {override.py:1911} INFO - Created Permission View: can read on DAG Run:example_sensor_decorator
[2024-12-11T23:25:24.250+0530] {logging_mixin.py:190} INFO - [2024-12-11T23:25:24.250+0530] {dag.py:3239} INFO - Sync 1 DAGs
[2024-12-11T23:25:24.266+0530] {logging_mixin.py:190} INFO - [2024-12-11T23:25:24.265+0530] {dag.py:3262} INFO - Creating ORM DAG for example_sensor_decorator
[2024-12-11T23:25:24.267+0530] {logging_mixin.py:190} INFO - [2024-12-11T23:25:24.267+0530] {dag.py:4180} INFO - Setting next_dagrun for example_sensor_decorator to None, run_after=None
[2024-12-11T23:25:24.292+0530] {processor.py:208} INFO - Processing /Users/jayesh/Desktop/Personal Work/Movie_data_pipeline/.venv/lib/python3.12/site-packages/airflow/example_dags/example_sensor_decorator.py took 0.521 seconds
[2024-12-11T23:29:53.771+0530] {processor.py:186} INFO - Started process (PID=9895) to work on /Users/jayesh/Desktop/Personal Work/Movie_data_pipeline/.venv/lib/python3.12/site-packages/airflow/example_dags/example_sensor_decorator.py
[2024-12-11T23:29:53.774+0530] {processor.py:914} INFO - Processing file /Users/jayesh/Desktop/Personal Work/Movie_data_pipeline/.venv/lib/python3.12/site-packages/airflow/example_dags/example_sensor_decorator.py for tasks to queue
[2024-12-11T23:29:53.776+0530] {logging_mixin.py:190} INFO - [2024-12-11T23:29:53.775+0530] {dagbag.py:588} INFO - Filling up the DagBag from /Users/jayesh/Desktop/Personal Work/Movie_data_pipeline/.venv/lib/python3.12/site-packages/airflow/example_dags/example_sensor_decorator.py
[2024-12-11T23:29:53.866+0530] {processor.py:925} INFO - DAG(s) 'example_sensor_decorator' retrieved from /Users/jayesh/Desktop/Personal Work/Movie_data_pipeline/.venv/lib/python3.12/site-packages/airflow/example_dags/example_sensor_decorator.py
[2024-12-11T23:29:53.986+0530] {logging_mixin.py:190} INFO - [2024-12-11T23:29:53.986+0530] {workday.py:41} WARNING - Could not import pandas. Holidays will not be considered.
[2024-12-11T23:29:54.020+0530] {logging_mixin.py:190} INFO - [2024-12-11T23:29:54.019+0530] {dag.py:3239} INFO - Sync 1 DAGs
[2024-12-11T23:29:54.032+0530] {logging_mixin.py:190} INFO - [2024-12-11T23:29:54.032+0530] {dag.py:4180} INFO - Setting next_dagrun for example_sensor_decorator to None, run_after=None
[2024-12-11T23:29:54.056+0530] {processor.py:208} INFO - Processing /Users/jayesh/Desktop/Personal Work/Movie_data_pipeline/.venv/lib/python3.12/site-packages/airflow/example_dags/example_sensor_decorator.py took 0.292 seconds
[2024-12-11T23:33:57.237+0530] {processor.py:186} INFO - Started process (PID=10314) to work on /Users/jayesh/Desktop/Personal Work/Movie_data_pipeline/.venv/lib/python3.12/site-packages/airflow/example_dags/example_sensor_decorator.py
[2024-12-11T23:33:57.241+0530] {processor.py:914} INFO - Processing file /Users/jayesh/Desktop/Personal Work/Movie_data_pipeline/.venv/lib/python3.12/site-packages/airflow/example_dags/example_sensor_decorator.py for tasks to queue
[2024-12-11T23:33:57.245+0530] {logging_mixin.py:190} INFO - [2024-12-11T23:33:57.245+0530] {dagbag.py:588} INFO - Filling up the DagBag from /Users/jayesh/Desktop/Personal Work/Movie_data_pipeline/.venv/lib/python3.12/site-packages/airflow/example_dags/example_sensor_decorator.py
[2024-12-11T23:33:57.377+0530] {processor.py:925} INFO - DAG(s) 'example_sensor_decorator' retrieved from /Users/jayesh/Desktop/Personal Work/Movie_data_pipeline/.venv/lib/python3.12/site-packages/airflow/example_dags/example_sensor_decorator.py
[2024-12-11T23:33:57.543+0530] {logging_mixin.py:190} INFO - [2024-12-11T23:33:57.543+0530] {workday.py:41} WARNING - Could not import pandas. Holidays will not be considered.
[2024-12-11T23:33:57.576+0530] {logging_mixin.py:190} INFO - [2024-12-11T23:33:57.576+0530] {dag.py:3239} INFO - Sync 1 DAGs
[2024-12-11T23:33:57.593+0530] {logging_mixin.py:190} INFO - [2024-12-11T23:33:57.593+0530] {dag.py:4180} INFO - Setting next_dagrun for example_sensor_decorator to None, run_after=None
[2024-12-11T23:33:57.621+0530] {processor.py:208} INFO - Processing /Users/jayesh/Desktop/Personal Work/Movie_data_pipeline/.venv/lib/python3.12/site-packages/airflow/example_dags/example_sensor_decorator.py took 0.391 seconds
[2024-12-11T23:37:36.661+0530] {processor.py:186} INFO - Started process (PID=10790) to work on /Users/jayesh/Desktop/Personal Work/Movie_data_pipeline/.venv/lib/python3.12/site-packages/airflow/example_dags/example_sensor_decorator.py
[2024-12-11T23:37:36.663+0530] {processor.py:914} INFO - Processing file /Users/jayesh/Desktop/Personal Work/Movie_data_pipeline/.venv/lib/python3.12/site-packages/airflow/example_dags/example_sensor_decorator.py for tasks to queue
[2024-12-11T23:37:36.664+0530] {logging_mixin.py:190} INFO - [2024-12-11T23:37:36.664+0530] {dagbag.py:588} INFO - Filling up the DagBag from /Users/jayesh/Desktop/Personal Work/Movie_data_pipeline/.venv/lib/python3.12/site-packages/airflow/example_dags/example_sensor_decorator.py
[2024-12-11T23:37:36.714+0530] {processor.py:925} INFO - DAG(s) 'example_sensor_decorator' retrieved from /Users/jayesh/Desktop/Personal Work/Movie_data_pipeline/.venv/lib/python3.12/site-packages/airflow/example_dags/example_sensor_decorator.py
[2024-12-11T23:37:36.835+0530] {logging_mixin.py:190} INFO - [2024-12-11T23:37:36.835+0530] {workday.py:41} WARNING - Could not import pandas. Holidays will not be considered.
[2024-12-11T23:37:36.868+0530] {logging_mixin.py:190} INFO - [2024-12-11T23:37:36.867+0530] {dag.py:3239} INFO - Sync 1 DAGs
[2024-12-11T23:37:36.880+0530] {logging_mixin.py:190} INFO - [2024-12-11T23:37:36.880+0530] {dag.py:4180} INFO - Setting next_dagrun for example_sensor_decorator to None, run_after=None
[2024-12-11T23:37:36.903+0530] {processor.py:208} INFO - Processing /Users/jayesh/Desktop/Personal Work/Movie_data_pipeline/.venv/lib/python3.12/site-packages/airflow/example_dags/example_sensor_decorator.py took 0.247 seconds
[2024-12-11T23:42:00.814+0530] {processor.py:186} INFO - Started process (PID=11197) to work on /Users/jayesh/Desktop/Personal Work/Movie_data_pipeline/.venv/lib/python3.12/site-packages/airflow/example_dags/example_sensor_decorator.py
[2024-12-11T23:42:00.816+0530] {processor.py:914} INFO - Processing file /Users/jayesh/Desktop/Personal Work/Movie_data_pipeline/.venv/lib/python3.12/site-packages/airflow/example_dags/example_sensor_decorator.py for tasks to queue
[2024-12-11T23:42:00.817+0530] {logging_mixin.py:190} INFO - [2024-12-11T23:42:00.817+0530] {dagbag.py:588} INFO - Filling up the DagBag from /Users/jayesh/Desktop/Personal Work/Movie_data_pipeline/.venv/lib/python3.12/site-packages/airflow/example_dags/example_sensor_decorator.py
[2024-12-11T23:42:01.104+0530] {processor.py:925} INFO - DAG(s) 'example_sensor_decorator' retrieved from /Users/jayesh/Desktop/Personal Work/Movie_data_pipeline/.venv/lib/python3.12/site-packages/airflow/example_dags/example_sensor_decorator.py
[2024-12-11T23:42:01.402+0530] {logging_mixin.py:190} INFO - [2024-12-11T23:42:01.401+0530] {workday.py:41} WARNING - Could not import pandas. Holidays will not be considered.
[2024-12-11T23:42:01.503+0530] {logging_mixin.py:190} INFO - [2024-12-11T23:42:01.502+0530] {dag.py:3239} INFO - Sync 1 DAGs
[2024-12-11T23:42:01.523+0530] {logging_mixin.py:190} INFO - [2024-12-11T23:42:01.523+0530] {dag.py:4180} INFO - Setting next_dagrun for example_sensor_decorator to None, run_after=None
[2024-12-11T23:42:01.598+0530] {processor.py:208} INFO - Processing /Users/jayesh/Desktop/Personal Work/Movie_data_pipeline/.venv/lib/python3.12/site-packages/airflow/example_dags/example_sensor_decorator.py took 0.789 seconds
[2024-12-11T23:47:16.945+0530] {processor.py:186} INFO - Started process (PID=11766) to work on /Users/jayesh/Desktop/Personal Work/Movie_data_pipeline/.venv/lib/python3.12/site-packages/airflow/example_dags/example_sensor_decorator.py
[2024-12-11T23:47:16.948+0530] {processor.py:914} INFO - Processing file /Users/jayesh/Desktop/Personal Work/Movie_data_pipeline/.venv/lib/python3.12/site-packages/airflow/example_dags/example_sensor_decorator.py for tasks to queue
[2024-12-11T23:47:16.951+0530] {logging_mixin.py:190} INFO - [2024-12-11T23:47:16.950+0530] {dagbag.py:588} INFO - Filling up the DagBag from /Users/jayesh/Desktop/Personal Work/Movie_data_pipeline/.venv/lib/python3.12/site-packages/airflow/example_dags/example_sensor_decorator.py
[2024-12-11T23:47:17.021+0530] {processor.py:925} INFO - DAG(s) 'example_sensor_decorator' retrieved from /Users/jayesh/Desktop/Personal Work/Movie_data_pipeline/.venv/lib/python3.12/site-packages/airflow/example_dags/example_sensor_decorator.py
[2024-12-11T23:47:17.168+0530] {logging_mixin.py:190} INFO - [2024-12-11T23:47:17.168+0530] {workday.py:41} WARNING - Could not import pandas. Holidays will not be considered.
[2024-12-11T23:47:17.208+0530] {logging_mixin.py:190} INFO - [2024-12-11T23:47:17.208+0530] {dag.py:3239} INFO - Sync 1 DAGs
[2024-12-11T23:47:17.222+0530] {logging_mixin.py:190} INFO - [2024-12-11T23:47:17.221+0530] {dag.py:4180} INFO - Setting next_dagrun for example_sensor_decorator to None, run_after=None
[2024-12-11T23:47:17.251+0530] {processor.py:208} INFO - Processing /Users/jayesh/Desktop/Personal Work/Movie_data_pipeline/.venv/lib/python3.12/site-packages/airflow/example_dags/example_sensor_decorator.py took 0.313 seconds
[2024-12-11T23:50:26.411+0530] {processor.py:186} INFO - Started process (PID=12127) to work on /Users/jayesh/Desktop/Personal Work/Movie_data_pipeline/.venv/lib/python3.12/site-packages/airflow/example_dags/example_sensor_decorator.py
[2024-12-11T23:50:26.413+0530] {processor.py:914} INFO - Processing file /Users/jayesh/Desktop/Personal Work/Movie_data_pipeline/.venv/lib/python3.12/site-packages/airflow/example_dags/example_sensor_decorator.py for tasks to queue
[2024-12-11T23:50:26.415+0530] {logging_mixin.py:190} INFO - [2024-12-11T23:50:26.415+0530] {dagbag.py:588} INFO - Filling up the DagBag from /Users/jayesh/Desktop/Personal Work/Movie_data_pipeline/.venv/lib/python3.12/site-packages/airflow/example_dags/example_sensor_decorator.py
[2024-12-11T23:50:26.458+0530] {processor.py:925} INFO - DAG(s) 'example_sensor_decorator' retrieved from /Users/jayesh/Desktop/Personal Work/Movie_data_pipeline/.venv/lib/python3.12/site-packages/airflow/example_dags/example_sensor_decorator.py
[2024-12-11T23:50:26.563+0530] {logging_mixin.py:190} INFO - [2024-12-11T23:50:26.563+0530] {workday.py:41} WARNING - Could not import pandas. Holidays will not be considered.
[2024-12-11T23:50:26.592+0530] {logging_mixin.py:190} INFO - [2024-12-11T23:50:26.592+0530] {dag.py:3239} INFO - Sync 1 DAGs
[2024-12-11T23:50:26.605+0530] {logging_mixin.py:190} INFO - [2024-12-11T23:50:26.605+0530] {dag.py:4180} INFO - Setting next_dagrun for example_sensor_decorator to None, run_after=None
[2024-12-11T23:50:26.628+0530] {processor.py:208} INFO - Processing /Users/jayesh/Desktop/Personal Work/Movie_data_pipeline/.venv/lib/python3.12/site-packages/airflow/example_dags/example_sensor_decorator.py took 0.221 seconds
[2024-12-11T23:53:18.882+0530] {processor.py:186} INFO - Started process (PID=12409) to work on /Users/jayesh/Desktop/Personal Work/Movie_data_pipeline/.venv/lib/python3.12/site-packages/airflow/example_dags/example_sensor_decorator.py
[2024-12-11T23:53:18.885+0530] {processor.py:914} INFO - Processing file /Users/jayesh/Desktop/Personal Work/Movie_data_pipeline/.venv/lib/python3.12/site-packages/airflow/example_dags/example_sensor_decorator.py for tasks to queue
[2024-12-11T23:53:18.887+0530] {logging_mixin.py:190} INFO - [2024-12-11T23:53:18.886+0530] {dagbag.py:588} INFO - Filling up the DagBag from /Users/jayesh/Desktop/Personal Work/Movie_data_pipeline/.venv/lib/python3.12/site-packages/airflow/example_dags/example_sensor_decorator.py
[2024-12-11T23:53:18.984+0530] {processor.py:925} INFO - DAG(s) 'example_sensor_decorator' retrieved from /Users/jayesh/Desktop/Personal Work/Movie_data_pipeline/.venv/lib/python3.12/site-packages/airflow/example_dags/example_sensor_decorator.py
[2024-12-11T23:53:19.098+0530] {logging_mixin.py:190} INFO - [2024-12-11T23:53:19.097+0530] {workday.py:41} WARNING - Could not import pandas. Holidays will not be considered.
[2024-12-11T23:53:19.128+0530] {logging_mixin.py:190} INFO - [2024-12-11T23:53:19.127+0530] {dag.py:3239} INFO - Sync 1 DAGs
[2024-12-11T23:53:19.141+0530] {logging_mixin.py:190} INFO - [2024-12-11T23:53:19.140+0530] {dag.py:4180} INFO - Setting next_dagrun for example_sensor_decorator to None, run_after=None
[2024-12-11T23:53:19.167+0530] {processor.py:208} INFO - Processing /Users/jayesh/Desktop/Personal Work/Movie_data_pipeline/.venv/lib/python3.12/site-packages/airflow/example_dags/example_sensor_decorator.py took 0.289 seconds
[2024-12-11T23:56:08.995+0530] {processor.py:186} INFO - Started process (PID=12706) to work on /Users/jayesh/Desktop/Personal Work/Movie_data_pipeline/.venv/lib/python3.12/site-packages/airflow/example_dags/example_sensor_decorator.py
[2024-12-11T23:56:08.998+0530] {processor.py:914} INFO - Processing file /Users/jayesh/Desktop/Personal Work/Movie_data_pipeline/.venv/lib/python3.12/site-packages/airflow/example_dags/example_sensor_decorator.py for tasks to queue
[2024-12-11T23:56:08.999+0530] {logging_mixin.py:190} INFO - [2024-12-11T23:56:08.999+0530] {dagbag.py:588} INFO - Filling up the DagBag from /Users/jayesh/Desktop/Personal Work/Movie_data_pipeline/.venv/lib/python3.12/site-packages/airflow/example_dags/example_sensor_decorator.py
[2024-12-11T23:56:09.044+0530] {processor.py:925} INFO - DAG(s) 'example_sensor_decorator' retrieved from /Users/jayesh/Desktop/Personal Work/Movie_data_pipeline/.venv/lib/python3.12/site-packages/airflow/example_dags/example_sensor_decorator.py
[2024-12-11T23:56:09.153+0530] {logging_mixin.py:190} INFO - [2024-12-11T23:56:09.153+0530] {workday.py:41} WARNING - Could not import pandas. Holidays will not be considered.
[2024-12-11T23:56:09.186+0530] {logging_mixin.py:190} INFO - [2024-12-11T23:56:09.186+0530] {dag.py:3239} INFO - Sync 1 DAGs
[2024-12-11T23:56:09.200+0530] {logging_mixin.py:190} INFO - [2024-12-11T23:56:09.200+0530] {dag.py:4180} INFO - Setting next_dagrun for example_sensor_decorator to None, run_after=None
[2024-12-11T23:56:09.223+0530] {processor.py:208} INFO - Processing /Users/jayesh/Desktop/Personal Work/Movie_data_pipeline/.venv/lib/python3.12/site-packages/airflow/example_dags/example_sensor_decorator.py took 0.231 seconds
[2024-12-11T23:59:02.496+0530] {processor.py:186} INFO - Started process (PID=12983) to work on /Users/jayesh/Desktop/Personal Work/Movie_data_pipeline/.venv/lib/python3.12/site-packages/airflow/example_dags/example_sensor_decorator.py
[2024-12-11T23:59:02.499+0530] {processor.py:914} INFO - Processing file /Users/jayesh/Desktop/Personal Work/Movie_data_pipeline/.venv/lib/python3.12/site-packages/airflow/example_dags/example_sensor_decorator.py for tasks to queue
[2024-12-11T23:59:02.500+0530] {logging_mixin.py:190} INFO - [2024-12-11T23:59:02.500+0530] {dagbag.py:588} INFO - Filling up the DagBag from /Users/jayesh/Desktop/Personal Work/Movie_data_pipeline/.venv/lib/python3.12/site-packages/airflow/example_dags/example_sensor_decorator.py
[2024-12-11T23:59:02.608+0530] {processor.py:925} INFO - DAG(s) 'example_sensor_decorator' retrieved from /Users/jayesh/Desktop/Personal Work/Movie_data_pipeline/.venv/lib/python3.12/site-packages/airflow/example_dags/example_sensor_decorator.py
[2024-12-11T23:59:02.737+0530] {logging_mixin.py:190} INFO - [2024-12-11T23:59:02.737+0530] {workday.py:41} WARNING - Could not import pandas. Holidays will not be considered.
[2024-12-11T23:59:02.775+0530] {logging_mixin.py:190} INFO - [2024-12-11T23:59:02.774+0530] {dag.py:3239} INFO - Sync 1 DAGs
[2024-12-11T23:59:02.788+0530] {logging_mixin.py:190} INFO - [2024-12-11T23:59:02.788+0530] {dag.py:4180} INFO - Setting next_dagrun for example_sensor_decorator to None, run_after=None
[2024-12-11T23:59:02.813+0530] {processor.py:208} INFO - Processing /Users/jayesh/Desktop/Personal Work/Movie_data_pipeline/.venv/lib/python3.12/site-packages/airflow/example_dags/example_sensor_decorator.py took 0.321 seconds
[2024-12-12T00:01:56.710+0530] {processor.py:186} INFO - Started process (PID=13267) to work on /Users/jayesh/Desktop/Personal Work/Movie_data_pipeline/.venv/lib/python3.12/site-packages/airflow/example_dags/example_sensor_decorator.py
[2024-12-12T00:01:56.713+0530] {processor.py:914} INFO - Processing file /Users/jayesh/Desktop/Personal Work/Movie_data_pipeline/.venv/lib/python3.12/site-packages/airflow/example_dags/example_sensor_decorator.py for tasks to queue
[2024-12-12T00:01:56.717+0530] {logging_mixin.py:190} INFO - [2024-12-12T00:01:56.716+0530] {dagbag.py:588} INFO - Filling up the DagBag from /Users/jayesh/Desktop/Personal Work/Movie_data_pipeline/.venv/lib/python3.12/site-packages/airflow/example_dags/example_sensor_decorator.py
[2024-12-12T00:01:56.765+0530] {processor.py:925} INFO - DAG(s) 'example_sensor_decorator' retrieved from /Users/jayesh/Desktop/Personal Work/Movie_data_pipeline/.venv/lib/python3.12/site-packages/airflow/example_dags/example_sensor_decorator.py
[2024-12-12T00:01:56.872+0530] {logging_mixin.py:190} INFO - [2024-12-12T00:01:56.872+0530] {workday.py:41} WARNING - Could not import pandas. Holidays will not be considered.
[2024-12-12T00:01:56.902+0530] {logging_mixin.py:190} INFO - [2024-12-12T00:01:56.902+0530] {dag.py:3239} INFO - Sync 1 DAGs
[2024-12-12T00:01:56.915+0530] {logging_mixin.py:190} INFO - [2024-12-12T00:01:56.914+0530] {dag.py:4180} INFO - Setting next_dagrun for example_sensor_decorator to None, run_after=None
[2024-12-12T00:01:56.941+0530] {processor.py:208} INFO - Processing /Users/jayesh/Desktop/Personal Work/Movie_data_pipeline/.venv/lib/python3.12/site-packages/airflow/example_dags/example_sensor_decorator.py took 0.235 seconds
[2024-12-12T00:04:49.817+0530] {processor.py:186} INFO - Started process (PID=13536) to work on /Users/jayesh/Desktop/Personal Work/Movie_data_pipeline/.venv/lib/python3.12/site-packages/airflow/example_dags/example_sensor_decorator.py
[2024-12-12T00:04:49.819+0530] {processor.py:914} INFO - Processing file /Users/jayesh/Desktop/Personal Work/Movie_data_pipeline/.venv/lib/python3.12/site-packages/airflow/example_dags/example_sensor_decorator.py for tasks to queue
[2024-12-12T00:04:49.821+0530] {logging_mixin.py:190} INFO - [2024-12-12T00:04:49.821+0530] {dagbag.py:588} INFO - Filling up the DagBag from /Users/jayesh/Desktop/Personal Work/Movie_data_pipeline/.venv/lib/python3.12/site-packages/airflow/example_dags/example_sensor_decorator.py
[2024-12-12T00:04:49.891+0530] {processor.py:925} INFO - DAG(s) 'example_sensor_decorator' retrieved from /Users/jayesh/Desktop/Personal Work/Movie_data_pipeline/.venv/lib/python3.12/site-packages/airflow/example_dags/example_sensor_decorator.py
[2024-12-12T00:04:50.002+0530] {logging_mixin.py:190} INFO - [2024-12-12T00:04:50.002+0530] {workday.py:41} WARNING - Could not import pandas. Holidays will not be considered.
[2024-12-12T00:04:50.033+0530] {logging_mixin.py:190} INFO - [2024-12-12T00:04:50.032+0530] {dag.py:3239} INFO - Sync 1 DAGs
[2024-12-12T00:04:50.045+0530] {logging_mixin.py:190} INFO - [2024-12-12T00:04:50.045+0530] {dag.py:4180} INFO - Setting next_dagrun for example_sensor_decorator to None, run_after=None
[2024-12-12T00:04:50.067+0530] {processor.py:208} INFO - Processing /Users/jayesh/Desktop/Personal Work/Movie_data_pipeline/.venv/lib/python3.12/site-packages/airflow/example_dags/example_sensor_decorator.py took 0.253 seconds
[2024-12-12T00:07:43.898+0530] {processor.py:186} INFO - Started process (PID=13817) to work on /Users/jayesh/Desktop/Personal Work/Movie_data_pipeline/.venv/lib/python3.12/site-packages/airflow/example_dags/example_sensor_decorator.py
[2024-12-12T00:07:43.901+0530] {processor.py:914} INFO - Processing file /Users/jayesh/Desktop/Personal Work/Movie_data_pipeline/.venv/lib/python3.12/site-packages/airflow/example_dags/example_sensor_decorator.py for tasks to queue
[2024-12-12T00:07:43.902+0530] {logging_mixin.py:190} INFO - [2024-12-12T00:07:43.902+0530] {dagbag.py:588} INFO - Filling up the DagBag from /Users/jayesh/Desktop/Personal Work/Movie_data_pipeline/.venv/lib/python3.12/site-packages/airflow/example_dags/example_sensor_decorator.py
[2024-12-12T00:07:43.951+0530] {processor.py:925} INFO - DAG(s) 'example_sensor_decorator' retrieved from /Users/jayesh/Desktop/Personal Work/Movie_data_pipeline/.venv/lib/python3.12/site-packages/airflow/example_dags/example_sensor_decorator.py
[2024-12-12T00:07:44.061+0530] {logging_mixin.py:190} INFO - [2024-12-12T00:07:44.061+0530] {workday.py:41} WARNING - Could not import pandas. Holidays will not be considered.
[2024-12-12T00:07:44.092+0530] {logging_mixin.py:190} INFO - [2024-12-12T00:07:44.092+0530] {dag.py:3239} INFO - Sync 1 DAGs
[2024-12-12T00:07:44.105+0530] {logging_mixin.py:190} INFO - [2024-12-12T00:07:44.105+0530] {dag.py:4180} INFO - Setting next_dagrun for example_sensor_decorator to None, run_after=None
[2024-12-12T00:07:44.129+0530] {processor.py:208} INFO - Processing /Users/jayesh/Desktop/Personal Work/Movie_data_pipeline/.venv/lib/python3.12/site-packages/airflow/example_dags/example_sensor_decorator.py took 0.235 seconds
[2024-12-12T00:10:39.347+0530] {processor.py:186} INFO - Started process (PID=14086) to work on /Users/jayesh/Desktop/Personal Work/Movie_data_pipeline/.venv/lib/python3.12/site-packages/airflow/example_dags/example_sensor_decorator.py
[2024-12-12T00:10:39.351+0530] {processor.py:914} INFO - Processing file /Users/jayesh/Desktop/Personal Work/Movie_data_pipeline/.venv/lib/python3.12/site-packages/airflow/example_dags/example_sensor_decorator.py for tasks to queue
[2024-12-12T00:10:39.352+0530] {logging_mixin.py:190} INFO - [2024-12-12T00:10:39.352+0530] {dagbag.py:588} INFO - Filling up the DagBag from /Users/jayesh/Desktop/Personal Work/Movie_data_pipeline/.venv/lib/python3.12/site-packages/airflow/example_dags/example_sensor_decorator.py
[2024-12-12T00:10:39.452+0530] {processor.py:925} INFO - DAG(s) 'example_sensor_decorator' retrieved from /Users/jayesh/Desktop/Personal Work/Movie_data_pipeline/.venv/lib/python3.12/site-packages/airflow/example_dags/example_sensor_decorator.py
[2024-12-12T00:10:39.560+0530] {logging_mixin.py:190} INFO - [2024-12-12T00:10:39.560+0530] {workday.py:41} WARNING - Could not import pandas. Holidays will not be considered.
[2024-12-12T00:10:39.588+0530] {logging_mixin.py:190} INFO - [2024-12-12T00:10:39.588+0530] {dag.py:3239} INFO - Sync 1 DAGs
[2024-12-12T00:10:39.602+0530] {logging_mixin.py:190} INFO - [2024-12-12T00:10:39.602+0530] {dag.py:4180} INFO - Setting next_dagrun for example_sensor_decorator to None, run_after=None
[2024-12-12T00:10:39.626+0530] {processor.py:208} INFO - Processing /Users/jayesh/Desktop/Personal Work/Movie_data_pipeline/.venv/lib/python3.12/site-packages/airflow/example_dags/example_sensor_decorator.py took 0.283 seconds
[2024-12-12T00:13:33.334+0530] {processor.py:186} INFO - Started process (PID=14361) to work on /Users/jayesh/Desktop/Personal Work/Movie_data_pipeline/.venv/lib/python3.12/site-packages/airflow/example_dags/example_sensor_decorator.py
[2024-12-12T00:13:33.337+0530] {processor.py:914} INFO - Processing file /Users/jayesh/Desktop/Personal Work/Movie_data_pipeline/.venv/lib/python3.12/site-packages/airflow/example_dags/example_sensor_decorator.py for tasks to queue
[2024-12-12T00:13:33.338+0530] {logging_mixin.py:190} INFO - [2024-12-12T00:13:33.338+0530] {dagbag.py:588} INFO - Filling up the DagBag from /Users/jayesh/Desktop/Personal Work/Movie_data_pipeline/.venv/lib/python3.12/site-packages/airflow/example_dags/example_sensor_decorator.py
[2024-12-12T00:13:33.440+0530] {processor.py:925} INFO - DAG(s) 'example_sensor_decorator' retrieved from /Users/jayesh/Desktop/Personal Work/Movie_data_pipeline/.venv/lib/python3.12/site-packages/airflow/example_dags/example_sensor_decorator.py
[2024-12-12T00:13:33.548+0530] {logging_mixin.py:190} INFO - [2024-12-12T00:13:33.548+0530] {workday.py:41} WARNING - Could not import pandas. Holidays will not be considered.
[2024-12-12T00:13:33.578+0530] {logging_mixin.py:190} INFO - [2024-12-12T00:13:33.578+0530] {dag.py:3239} INFO - Sync 1 DAGs
[2024-12-12T00:13:33.590+0530] {logging_mixin.py:190} INFO - [2024-12-12T00:13:33.590+0530] {dag.py:4180} INFO - Setting next_dagrun for example_sensor_decorator to None, run_after=None
[2024-12-12T00:13:33.612+0530] {processor.py:208} INFO - Processing /Users/jayesh/Desktop/Personal Work/Movie_data_pipeline/.venv/lib/python3.12/site-packages/airflow/example_dags/example_sensor_decorator.py took 0.282 seconds
[2024-12-12T00:16:26.071+0530] {processor.py:186} INFO - Started process (PID=14648) to work on /Users/jayesh/Desktop/Personal Work/Movie_data_pipeline/.venv/lib/python3.12/site-packages/airflow/example_dags/example_sensor_decorator.py
[2024-12-12T00:16:26.073+0530] {processor.py:914} INFO - Processing file /Users/jayesh/Desktop/Personal Work/Movie_data_pipeline/.venv/lib/python3.12/site-packages/airflow/example_dags/example_sensor_decorator.py for tasks to queue
[2024-12-12T00:16:26.074+0530] {logging_mixin.py:190} INFO - [2024-12-12T00:16:26.074+0530] {dagbag.py:588} INFO - Filling up the DagBag from /Users/jayesh/Desktop/Personal Work/Movie_data_pipeline/.venv/lib/python3.12/site-packages/airflow/example_dags/example_sensor_decorator.py
[2024-12-12T00:16:26.121+0530] {processor.py:925} INFO - DAG(s) 'example_sensor_decorator' retrieved from /Users/jayesh/Desktop/Personal Work/Movie_data_pipeline/.venv/lib/python3.12/site-packages/airflow/example_dags/example_sensor_decorator.py
[2024-12-12T00:16:26.252+0530] {logging_mixin.py:190} INFO - [2024-12-12T00:16:26.252+0530] {workday.py:41} WARNING - Could not import pandas. Holidays will not be considered.
[2024-12-12T00:16:26.282+0530] {logging_mixin.py:190} INFO - [2024-12-12T00:16:26.282+0530] {dag.py:3239} INFO - Sync 1 DAGs
[2024-12-12T00:16:26.295+0530] {logging_mixin.py:190} INFO - [2024-12-12T00:16:26.295+0530] {dag.py:4180} INFO - Setting next_dagrun for example_sensor_decorator to None, run_after=None
[2024-12-12T00:16:26.317+0530] {processor.py:208} INFO - Processing /Users/jayesh/Desktop/Personal Work/Movie_data_pipeline/.venv/lib/python3.12/site-packages/airflow/example_dags/example_sensor_decorator.py took 0.250 seconds
[2024-12-12T00:19:17.077+0530] {processor.py:186} INFO - Started process (PID=14914) to work on /Users/jayesh/Desktop/Personal Work/Movie_data_pipeline/.venv/lib/python3.12/site-packages/airflow/example_dags/example_sensor_decorator.py
[2024-12-12T00:19:17.080+0530] {processor.py:914} INFO - Processing file /Users/jayesh/Desktop/Personal Work/Movie_data_pipeline/.venv/lib/python3.12/site-packages/airflow/example_dags/example_sensor_decorator.py for tasks to queue
[2024-12-12T00:19:17.083+0530] {logging_mixin.py:190} INFO - [2024-12-12T00:19:17.083+0530] {dagbag.py:588} INFO - Filling up the DagBag from /Users/jayesh/Desktop/Personal Work/Movie_data_pipeline/.venv/lib/python3.12/site-packages/airflow/example_dags/example_sensor_decorator.py
[2024-12-12T00:19:17.147+0530] {processor.py:925} INFO - DAG(s) 'example_sensor_decorator' retrieved from /Users/jayesh/Desktop/Personal Work/Movie_data_pipeline/.venv/lib/python3.12/site-packages/airflow/example_dags/example_sensor_decorator.py
[2024-12-12T00:19:17.318+0530] {logging_mixin.py:190} INFO - [2024-12-12T00:19:17.318+0530] {workday.py:41} WARNING - Could not import pandas. Holidays will not be considered.
[2024-12-12T00:19:17.376+0530] {logging_mixin.py:190} INFO - [2024-12-12T00:19:17.376+0530] {dag.py:3239} INFO - Sync 1 DAGs
[2024-12-12T00:19:17.396+0530] {logging_mixin.py:190} INFO - [2024-12-12T00:19:17.396+0530] {dag.py:4180} INFO - Setting next_dagrun for example_sensor_decorator to None, run_after=None
[2024-12-12T00:19:17.427+0530] {processor.py:208} INFO - Processing /Users/jayesh/Desktop/Personal Work/Movie_data_pipeline/.venv/lib/python3.12/site-packages/airflow/example_dags/example_sensor_decorator.py took 0.357 seconds
[2024-12-12T00:22:27.859+0530] {processor.py:186} INFO - Started process (PID=15219) to work on /Users/jayesh/Desktop/Personal Work/Movie_data_pipeline/.venv/lib/python3.12/site-packages/airflow/example_dags/example_sensor_decorator.py
[2024-12-12T00:22:27.861+0530] {processor.py:914} INFO - Processing file /Users/jayesh/Desktop/Personal Work/Movie_data_pipeline/.venv/lib/python3.12/site-packages/airflow/example_dags/example_sensor_decorator.py for tasks to queue
[2024-12-12T00:22:27.862+0530] {logging_mixin.py:190} INFO - [2024-12-12T00:22:27.862+0530] {dagbag.py:588} INFO - Filling up the DagBag from /Users/jayesh/Desktop/Personal Work/Movie_data_pipeline/.venv/lib/python3.12/site-packages/airflow/example_dags/example_sensor_decorator.py
[2024-12-12T00:22:27.908+0530] {processor.py:925} INFO - DAG(s) 'example_sensor_decorator' retrieved from /Users/jayesh/Desktop/Personal Work/Movie_data_pipeline/.venv/lib/python3.12/site-packages/airflow/example_dags/example_sensor_decorator.py
[2024-12-12T00:22:28.018+0530] {logging_mixin.py:190} INFO - [2024-12-12T00:22:28.018+0530] {workday.py:41} WARNING - Could not import pandas. Holidays will not be considered.
[2024-12-12T00:22:28.048+0530] {logging_mixin.py:190} INFO - [2024-12-12T00:22:28.047+0530] {dag.py:3239} INFO - Sync 1 DAGs
[2024-12-12T00:22:28.060+0530] {logging_mixin.py:190} INFO - [2024-12-12T00:22:28.060+0530] {dag.py:4180} INFO - Setting next_dagrun for example_sensor_decorator to None, run_after=None
[2024-12-12T00:22:28.081+0530] {processor.py:208} INFO - Processing /Users/jayesh/Desktop/Personal Work/Movie_data_pipeline/.venv/lib/python3.12/site-packages/airflow/example_dags/example_sensor_decorator.py took 0.226 seconds
[2024-12-12T00:26:03.812+0530] {processor.py:186} INFO - Started process (PID=15575) to work on /Users/jayesh/Desktop/Personal Work/Movie_data_pipeline/.venv/lib/python3.12/site-packages/airflow/example_dags/example_sensor_decorator.py
[2024-12-12T00:26:03.814+0530] {processor.py:914} INFO - Processing file /Users/jayesh/Desktop/Personal Work/Movie_data_pipeline/.venv/lib/python3.12/site-packages/airflow/example_dags/example_sensor_decorator.py for tasks to queue
[2024-12-12T00:26:03.817+0530] {logging_mixin.py:190} INFO - [2024-12-12T00:26:03.816+0530] {dagbag.py:588} INFO - Filling up the DagBag from /Users/jayesh/Desktop/Personal Work/Movie_data_pipeline/.venv/lib/python3.12/site-packages/airflow/example_dags/example_sensor_decorator.py
[2024-12-12T00:26:03.891+0530] {processor.py:925} INFO - DAG(s) 'example_sensor_decorator' retrieved from /Users/jayesh/Desktop/Personal Work/Movie_data_pipeline/.venv/lib/python3.12/site-packages/airflow/example_dags/example_sensor_decorator.py
[2024-12-12T00:26:04.067+0530] {logging_mixin.py:190} INFO - [2024-12-12T00:26:04.067+0530] {workday.py:41} WARNING - Could not import pandas. Holidays will not be considered.
[2024-12-12T00:26:04.108+0530] {logging_mixin.py:190} INFO - [2024-12-12T00:26:04.107+0530] {dag.py:3239} INFO - Sync 1 DAGs
[2024-12-12T00:26:04.127+0530] {logging_mixin.py:190} INFO - [2024-12-12T00:26:04.127+0530] {dag.py:4180} INFO - Setting next_dagrun for example_sensor_decorator to None, run_after=None
[2024-12-12T00:26:04.161+0530] {processor.py:208} INFO - Processing /Users/jayesh/Desktop/Personal Work/Movie_data_pipeline/.venv/lib/python3.12/site-packages/airflow/example_dags/example_sensor_decorator.py took 0.355 seconds
