[2024-12-11T23:27:48.087+0530] {processor.py:186} INFO - Started process (PID=9694) to work on /Users/jayesh/Desktop/Personal Work/Movie_data_pipeline/.venv/lib/python3.12/site-packages/airflow/example_dags/example_bash_decorator.py
[2024-12-11T23:27:48.089+0530] {processor.py:914} INFO - Processing file /Users/jayesh/Desktop/Personal Work/Movie_data_pipeline/.venv/lib/python3.12/site-packages/airflow/example_dags/example_bash_decorator.py for tasks to queue
[2024-12-11T23:27:48.091+0530] {logging_mixin.py:190} INFO - [2024-12-11T23:27:48.091+0530] {dagbag.py:588} INFO - Filling up the DagBag from /Users/jayesh/Desktop/Personal Work/Movie_data_pipeline/.venv/lib/python3.12/site-packages/airflow/example_dags/example_bash_decorator.py
[2024-12-11T23:27:48.231+0530] {processor.py:925} INFO - DAG(s) 'example_bash_decorator' retrieved from /Users/jayesh/Desktop/Personal Work/Movie_data_pipeline/.venv/lib/python3.12/site-packages/airflow/example_dags/example_bash_decorator.py
[2024-12-11T23:27:49.114+0530] {logging_mixin.py:190} INFO - [2024-12-11T23:27:49.111+0530] {override.py:1911} INFO - Created Permission View: can read on DAG:example_bash_decorator
[2024-12-11T23:27:49.144+0530] {logging_mixin.py:190} INFO - [2024-12-11T23:27:49.144+0530] {override.py:1911} INFO - Created Permission View: can delete on DAG:example_bash_decorator
[2024-12-11T23:27:49.160+0530] {logging_mixin.py:190} INFO - [2024-12-11T23:27:49.160+0530] {override.py:1911} INFO - Created Permission View: can edit on DAG:example_bash_decorator
[2024-12-11T23:27:49.178+0530] {logging_mixin.py:190} INFO - [2024-12-11T23:27:49.178+0530] {override.py:1911} INFO - Created Permission View: menu access on DAG Run:example_bash_decorator
[2024-12-11T23:27:49.201+0530] {logging_mixin.py:190} INFO - [2024-12-11T23:27:49.193+0530] {override.py:1911} INFO - Created Permission View: can read on DAG Run:example_bash_decorator
[2024-12-11T23:27:49.293+0530] {logging_mixin.py:190} INFO - [2024-12-11T23:27:49.292+0530] {override.py:1911} INFO - Created Permission View: can create on DAG Run:example_bash_decorator
[2024-12-11T23:27:49.327+0530] {logging_mixin.py:190} INFO - [2024-12-11T23:27:49.326+0530] {override.py:1911} INFO - Created Permission View: can delete on DAG Run:example_bash_decorator
[2024-12-11T23:27:49.333+0530] {logging_mixin.py:190} INFO - [2024-12-11T23:27:49.333+0530] {dag.py:3239} INFO - Sync 1 DAGs
[2024-12-11T23:27:49.369+0530] {logging_mixin.py:190} INFO - [2024-12-11T23:27:49.369+0530] {dag.py:3262} INFO - Creating ORM DAG for example_bash_decorator
[2024-12-11T23:27:49.371+0530] {logging_mixin.py:190} INFO - [2024-12-11T23:27:49.371+0530] {dag.py:4180} INFO - Setting next_dagrun for example_bash_decorator to None, run_after=None
[2024-12-11T23:27:49.405+0530] {processor.py:208} INFO - Processing /Users/jayesh/Desktop/Personal Work/Movie_data_pipeline/.venv/lib/python3.12/site-packages/airflow/example_dags/example_bash_decorator.py took 1.324 seconds
[2024-12-11T23:35:39.345+0530] {processor.py:186} INFO - Started process (PID=10554) to work on /Users/jayesh/Desktop/Personal Work/Movie_data_pipeline/.venv/lib/python3.12/site-packages/airflow/example_dags/example_bash_decorator.py
[2024-12-11T23:35:39.347+0530] {processor.py:914} INFO - Processing file /Users/jayesh/Desktop/Personal Work/Movie_data_pipeline/.venv/lib/python3.12/site-packages/airflow/example_dags/example_bash_decorator.py for tasks to queue
[2024-12-11T23:35:39.349+0530] {logging_mixin.py:190} INFO - [2024-12-11T23:35:39.349+0530] {dagbag.py:588} INFO - Filling up the DagBag from /Users/jayesh/Desktop/Personal Work/Movie_data_pipeline/.venv/lib/python3.12/site-packages/airflow/example_dags/example_bash_decorator.py
[2024-12-11T23:35:39.430+0530] {processor.py:925} INFO - DAG(s) 'example_bash_decorator' retrieved from /Users/jayesh/Desktop/Personal Work/Movie_data_pipeline/.venv/lib/python3.12/site-packages/airflow/example_dags/example_bash_decorator.py
[2024-12-11T23:35:40.096+0530] {logging_mixin.py:190} INFO - [2024-12-11T23:35:40.096+0530] {dag.py:3239} INFO - Sync 1 DAGs
[2024-12-11T23:35:40.112+0530] {logging_mixin.py:190} INFO - [2024-12-11T23:35:40.111+0530] {dag.py:4180} INFO - Setting next_dagrun for example_bash_decorator to None, run_after=None
[2024-12-11T23:35:40.144+0530] {processor.py:208} INFO - Processing /Users/jayesh/Desktop/Personal Work/Movie_data_pipeline/.venv/lib/python3.12/site-packages/airflow/example_dags/example_bash_decorator.py took 0.803 seconds
[2024-12-11T23:45:19.042+0530] {processor.py:186} INFO - Started process (PID=11466) to work on /Users/jayesh/Desktop/Personal Work/Movie_data_pipeline/.venv/lib/python3.12/site-packages/airflow/example_dags/example_bash_decorator.py
[2024-12-11T23:45:19.046+0530] {processor.py:914} INFO - Processing file /Users/jayesh/Desktop/Personal Work/Movie_data_pipeline/.venv/lib/python3.12/site-packages/airflow/example_dags/example_bash_decorator.py for tasks to queue
[2024-12-11T23:45:19.048+0530] {logging_mixin.py:190} INFO - [2024-12-11T23:45:19.048+0530] {dagbag.py:588} INFO - Filling up the DagBag from /Users/jayesh/Desktop/Personal Work/Movie_data_pipeline/.venv/lib/python3.12/site-packages/airflow/example_dags/example_bash_decorator.py
[2024-12-11T23:45:19.108+0530] {processor.py:925} INFO - DAG(s) 'example_bash_decorator' retrieved from /Users/jayesh/Desktop/Personal Work/Movie_data_pipeline/.venv/lib/python3.12/site-packages/airflow/example_dags/example_bash_decorator.py
[2024-12-11T23:45:19.654+0530] {logging_mixin.py:190} INFO - [2024-12-11T23:45:19.653+0530] {dag.py:3239} INFO - Sync 1 DAGs
[2024-12-11T23:45:19.667+0530] {logging_mixin.py:190} INFO - [2024-12-11T23:45:19.667+0530] {dag.py:4180} INFO - Setting next_dagrun for example_bash_decorator to None, run_after=None
[2024-12-11T23:45:19.693+0530] {processor.py:208} INFO - Processing /Users/jayesh/Desktop/Personal Work/Movie_data_pipeline/.venv/lib/python3.12/site-packages/airflow/example_dags/example_bash_decorator.py took 0.655 seconds
[2024-12-11T23:51:40.960+0530] {processor.py:186} INFO - Started process (PID=12261) to work on /Users/jayesh/Desktop/Personal Work/Movie_data_pipeline/.venv/lib/python3.12/site-packages/airflow/example_dags/example_bash_decorator.py
[2024-12-11T23:51:40.962+0530] {processor.py:914} INFO - Processing file /Users/jayesh/Desktop/Personal Work/Movie_data_pipeline/.venv/lib/python3.12/site-packages/airflow/example_dags/example_bash_decorator.py for tasks to queue
[2024-12-11T23:51:40.965+0530] {logging_mixin.py:190} INFO - [2024-12-11T23:51:40.964+0530] {dagbag.py:588} INFO - Filling up the DagBag from /Users/jayesh/Desktop/Personal Work/Movie_data_pipeline/.venv/lib/python3.12/site-packages/airflow/example_dags/example_bash_decorator.py
[2024-12-11T23:51:41.071+0530] {processor.py:925} INFO - DAG(s) 'example_bash_decorator' retrieved from /Users/jayesh/Desktop/Personal Work/Movie_data_pipeline/.venv/lib/python3.12/site-packages/airflow/example_dags/example_bash_decorator.py
[2024-12-11T23:51:41.634+0530] {logging_mixin.py:190} INFO - [2024-12-11T23:51:41.634+0530] {dag.py:3239} INFO - Sync 1 DAGs
[2024-12-11T23:51:41.650+0530] {logging_mixin.py:190} INFO - [2024-12-11T23:51:41.650+0530] {dag.py:4180} INFO - Setting next_dagrun for example_bash_decorator to None, run_after=None
[2024-12-11T23:51:41.675+0530] {processor.py:208} INFO - Processing /Users/jayesh/Desktop/Personal Work/Movie_data_pipeline/.venv/lib/python3.12/site-packages/airflow/example_dags/example_bash_decorator.py took 0.720 seconds
[2024-12-11T23:57:23.155+0530] {processor.py:186} INFO - Started process (PID=12823) to work on /Users/jayesh/Desktop/Personal Work/Movie_data_pipeline/.venv/lib/python3.12/site-packages/airflow/example_dags/example_bash_decorator.py
[2024-12-11T23:57:23.158+0530] {processor.py:914} INFO - Processing file /Users/jayesh/Desktop/Personal Work/Movie_data_pipeline/.venv/lib/python3.12/site-packages/airflow/example_dags/example_bash_decorator.py for tasks to queue
[2024-12-11T23:57:23.160+0530] {logging_mixin.py:190} INFO - [2024-12-11T23:57:23.160+0530] {dagbag.py:588} INFO - Filling up the DagBag from /Users/jayesh/Desktop/Personal Work/Movie_data_pipeline/.venv/lib/python3.12/site-packages/airflow/example_dags/example_bash_decorator.py
[2024-12-11T23:57:23.273+0530] {processor.py:925} INFO - DAG(s) 'example_bash_decorator' retrieved from /Users/jayesh/Desktop/Personal Work/Movie_data_pipeline/.venv/lib/python3.12/site-packages/airflow/example_dags/example_bash_decorator.py
[2024-12-11T23:57:23.868+0530] {logging_mixin.py:190} INFO - [2024-12-11T23:57:23.867+0530] {dag.py:3239} INFO - Sync 1 DAGs
[2024-12-11T23:57:23.884+0530] {logging_mixin.py:190} INFO - [2024-12-11T23:57:23.884+0530] {dag.py:4180} INFO - Setting next_dagrun for example_bash_decorator to None, run_after=None
[2024-12-11T23:57:23.910+0530] {processor.py:208} INFO - Processing /Users/jayesh/Desktop/Personal Work/Movie_data_pipeline/.venv/lib/python3.12/site-packages/airflow/example_dags/example_bash_decorator.py took 0.759 seconds
[2024-12-12T00:03:11.027+0530] {processor.py:186} INFO - Started process (PID=13379) to work on /Users/jayesh/Desktop/Personal Work/Movie_data_pipeline/.venv/lib/python3.12/site-packages/airflow/example_dags/example_bash_decorator.py
[2024-12-12T00:03:11.030+0530] {processor.py:914} INFO - Processing file /Users/jayesh/Desktop/Personal Work/Movie_data_pipeline/.venv/lib/python3.12/site-packages/airflow/example_dags/example_bash_decorator.py for tasks to queue
[2024-12-12T00:03:11.032+0530] {logging_mixin.py:190} INFO - [2024-12-12T00:03:11.032+0530] {dagbag.py:588} INFO - Filling up the DagBag from /Users/jayesh/Desktop/Personal Work/Movie_data_pipeline/.venv/lib/python3.12/site-packages/airflow/example_dags/example_bash_decorator.py
[2024-12-12T00:03:11.147+0530] {processor.py:925} INFO - DAG(s) 'example_bash_decorator' retrieved from /Users/jayesh/Desktop/Personal Work/Movie_data_pipeline/.venv/lib/python3.12/site-packages/airflow/example_dags/example_bash_decorator.py
[2024-12-12T00:03:11.713+0530] {logging_mixin.py:190} INFO - [2024-12-12T00:03:11.712+0530] {dag.py:3239} INFO - Sync 1 DAGs
[2024-12-12T00:03:11.731+0530] {logging_mixin.py:190} INFO - [2024-12-12T00:03:11.731+0530] {dag.py:4180} INFO - Setting next_dagrun for example_bash_decorator to None, run_after=None
[2024-12-12T00:03:11.758+0530] {processor.py:208} INFO - Processing /Users/jayesh/Desktop/Personal Work/Movie_data_pipeline/.venv/lib/python3.12/site-packages/airflow/example_dags/example_bash_decorator.py took 0.736 seconds
[2024-12-12T00:08:58.457+0530] {processor.py:186} INFO - Started process (PID=13928) to work on /Users/jayesh/Desktop/Personal Work/Movie_data_pipeline/.venv/lib/python3.12/site-packages/airflow/example_dags/example_bash_decorator.py
[2024-12-12T00:08:58.460+0530] {processor.py:914} INFO - Processing file /Users/jayesh/Desktop/Personal Work/Movie_data_pipeline/.venv/lib/python3.12/site-packages/airflow/example_dags/example_bash_decorator.py for tasks to queue
[2024-12-12T00:08:58.461+0530] {logging_mixin.py:190} INFO - [2024-12-12T00:08:58.461+0530] {dagbag.py:588} INFO - Filling up the DagBag from /Users/jayesh/Desktop/Personal Work/Movie_data_pipeline/.venv/lib/python3.12/site-packages/airflow/example_dags/example_bash_decorator.py
[2024-12-12T00:08:58.574+0530] {processor.py:925} INFO - DAG(s) 'example_bash_decorator' retrieved from /Users/jayesh/Desktop/Personal Work/Movie_data_pipeline/.venv/lib/python3.12/site-packages/airflow/example_dags/example_bash_decorator.py
[2024-12-12T00:08:59.155+0530] {logging_mixin.py:190} INFO - [2024-12-12T00:08:59.155+0530] {dag.py:3239} INFO - Sync 1 DAGs
[2024-12-12T00:08:59.171+0530] {logging_mixin.py:190} INFO - [2024-12-12T00:08:59.170+0530] {dag.py:4180} INFO - Setting next_dagrun for example_bash_decorator to None, run_after=None
[2024-12-12T00:08:59.197+0530] {processor.py:208} INFO - Processing /Users/jayesh/Desktop/Personal Work/Movie_data_pipeline/.venv/lib/python3.12/site-packages/airflow/example_dags/example_bash_decorator.py took 0.743 seconds
[2024-12-12T00:14:49.368+0530] {processor.py:186} INFO - Started process (PID=14483) to work on /Users/jayesh/Desktop/Personal Work/Movie_data_pipeline/.venv/lib/python3.12/site-packages/airflow/example_dags/example_bash_decorator.py
[2024-12-12T00:14:49.371+0530] {processor.py:914} INFO - Processing file /Users/jayesh/Desktop/Personal Work/Movie_data_pipeline/.venv/lib/python3.12/site-packages/airflow/example_dags/example_bash_decorator.py for tasks to queue
[2024-12-12T00:14:49.373+0530] {logging_mixin.py:190} INFO - [2024-12-12T00:14:49.372+0530] {dagbag.py:588} INFO - Filling up the DagBag from /Users/jayesh/Desktop/Personal Work/Movie_data_pipeline/.venv/lib/python3.12/site-packages/airflow/example_dags/example_bash_decorator.py
[2024-12-12T00:14:49.426+0530] {processor.py:925} INFO - DAG(s) 'example_bash_decorator' retrieved from /Users/jayesh/Desktop/Personal Work/Movie_data_pipeline/.venv/lib/python3.12/site-packages/airflow/example_dags/example_bash_decorator.py
[2024-12-12T00:14:49.961+0530] {logging_mixin.py:190} INFO - [2024-12-12T00:14:49.961+0530] {dag.py:3239} INFO - Sync 1 DAGs
[2024-12-12T00:14:49.974+0530] {logging_mixin.py:190} INFO - [2024-12-12T00:14:49.974+0530] {dag.py:4180} INFO - Setting next_dagrun for example_bash_decorator to None, run_after=None
[2024-12-12T00:14:49.999+0530] {processor.py:208} INFO - Processing /Users/jayesh/Desktop/Personal Work/Movie_data_pipeline/.venv/lib/python3.12/site-packages/airflow/example_dags/example_bash_decorator.py took 0.634 seconds
[2024-12-12T00:20:40.831+0530] {processor.py:186} INFO - Started process (PID=15048) to work on /Users/jayesh/Desktop/Personal Work/Movie_data_pipeline/.venv/lib/python3.12/site-packages/airflow/example_dags/example_bash_decorator.py
[2024-12-12T00:20:40.834+0530] {processor.py:914} INFO - Processing file /Users/jayesh/Desktop/Personal Work/Movie_data_pipeline/.venv/lib/python3.12/site-packages/airflow/example_dags/example_bash_decorator.py for tasks to queue
[2024-12-12T00:20:40.835+0530] {logging_mixin.py:190} INFO - [2024-12-12T00:20:40.835+0530] {dagbag.py:588} INFO - Filling up the DagBag from /Users/jayesh/Desktop/Personal Work/Movie_data_pipeline/.venv/lib/python3.12/site-packages/airflow/example_dags/example_bash_decorator.py
[2024-12-12T00:20:40.941+0530] {processor.py:925} INFO - DAG(s) 'example_bash_decorator' retrieved from /Users/jayesh/Desktop/Personal Work/Movie_data_pipeline/.venv/lib/python3.12/site-packages/airflow/example_dags/example_bash_decorator.py
[2024-12-12T00:20:41.466+0530] {logging_mixin.py:190} INFO - [2024-12-12T00:20:41.465+0530] {dag.py:3239} INFO - Sync 1 DAGs
[2024-12-12T00:20:41.586+0530] {logging_mixin.py:190} INFO - [2024-12-12T00:20:41.586+0530] {dag.py:4180} INFO - Setting next_dagrun for example_bash_decorator to None, run_after=None
[2024-12-12T00:20:41.619+0530] {processor.py:208} INFO - Processing /Users/jayesh/Desktop/Personal Work/Movie_data_pipeline/.venv/lib/python3.12/site-packages/airflow/example_dags/example_bash_decorator.py took 0.792 seconds
[2024-12-12T00:27:27.489+0530] {processor.py:186} INFO - Started process (PID=15702) to work on /Users/jayesh/Desktop/Personal Work/Movie_data_pipeline/.venv/lib/python3.12/site-packages/airflow/example_dags/example_bash_decorator.py
[2024-12-12T00:27:27.492+0530] {processor.py:914} INFO - Processing file /Users/jayesh/Desktop/Personal Work/Movie_data_pipeline/.venv/lib/python3.12/site-packages/airflow/example_dags/example_bash_decorator.py for tasks to queue
[2024-12-12T00:27:27.494+0530] {logging_mixin.py:190} INFO - [2024-12-12T00:27:27.493+0530] {dagbag.py:588} INFO - Filling up the DagBag from /Users/jayesh/Desktop/Personal Work/Movie_data_pipeline/.venv/lib/python3.12/site-packages/airflow/example_dags/example_bash_decorator.py
[2024-12-12T00:27:27.583+0530] {processor.py:925} INFO - DAG(s) 'example_bash_decorator' retrieved from /Users/jayesh/Desktop/Personal Work/Movie_data_pipeline/.venv/lib/python3.12/site-packages/airflow/example_dags/example_bash_decorator.py
[2024-12-12T00:27:28.130+0530] {logging_mixin.py:190} INFO - [2024-12-12T00:27:28.129+0530] {dag.py:3239} INFO - Sync 1 DAGs
[2024-12-12T00:27:28.146+0530] {logging_mixin.py:190} INFO - [2024-12-12T00:27:28.145+0530] {dag.py:4180} INFO - Setting next_dagrun for example_bash_decorator to None, run_after=None
[2024-12-12T00:27:28.174+0530] {processor.py:208} INFO - Processing /Users/jayesh/Desktop/Personal Work/Movie_data_pipeline/.venv/lib/python3.12/site-packages/airflow/example_dags/example_bash_decorator.py took 0.689 seconds
