[2024-12-11T23:24:21.703+0530] {processor.py:186} INFO - Started process (PID=9316) to work on /Users/jayesh/Desktop/Personal Work/Movie_data_pipeline/.venv/lib/python3.12/site-packages/airflow/example_dags/example_trigger_target_dag.py
[2024-12-11T23:24:21.705+0530] {processor.py:914} INFO - Processing file /Users/jayesh/Desktop/Personal Work/Movie_data_pipeline/.venv/lib/python3.12/site-packages/airflow/example_dags/example_trigger_target_dag.py for tasks to queue
[2024-12-11T23:24:21.707+0530] {logging_mixin.py:190} INFO - [2024-12-11T23:24:21.706+0530] {dagbag.py:588} INFO - Filling up the DagBag from /Users/jayesh/Desktop/Personal Work/Movie_data_pipeline/.venv/lib/python3.12/site-packages/airflow/example_dags/example_trigger_target_dag.py
[2024-12-11T23:24:21.849+0530] {processor.py:925} INFO - DAG(s) 'example_trigger_target_dag' retrieved from /Users/jayesh/Desktop/Personal Work/Movie_data_pipeline/.venv/lib/python3.12/site-packages/airflow/example_dags/example_trigger_target_dag.py
[2024-12-11T23:24:22.314+0530] {logging_mixin.py:190} INFO - [2024-12-11T23:24:22.313+0530] {override.py:1911} INFO - Created Permission View: can delete on DAG:example_trigger_target_dag
[2024-12-11T23:24:22.325+0530] {logging_mixin.py:190} INFO - [2024-12-11T23:24:22.325+0530] {override.py:1911} INFO - Created Permission View: can edit on DAG:example_trigger_target_dag
[2024-12-11T23:24:22.332+0530] {logging_mixin.py:190} INFO - [2024-12-11T23:24:22.332+0530] {override.py:1911} INFO - Created Permission View: can read on DAG:example_trigger_target_dag
[2024-12-11T23:24:22.345+0530] {logging_mixin.py:190} INFO - [2024-12-11T23:24:22.345+0530] {override.py:1911} INFO - Created Permission View: can delete on DAG Run:example_trigger_target_dag
[2024-12-11T23:24:22.355+0530] {logging_mixin.py:190} INFO - [2024-12-11T23:24:22.354+0530] {override.py:1911} INFO - Created Permission View: menu access on DAG Run:example_trigger_target_dag
[2024-12-11T23:24:22.364+0530] {logging_mixin.py:190} INFO - [2024-12-11T23:24:22.363+0530] {override.py:1911} INFO - Created Permission View: can create on DAG Run:example_trigger_target_dag
[2024-12-11T23:24:22.372+0530] {logging_mixin.py:190} INFO - [2024-12-11T23:24:22.372+0530] {override.py:1911} INFO - Created Permission View: can read on DAG Run:example_trigger_target_dag
[2024-12-11T23:24:22.373+0530] {logging_mixin.py:190} INFO - [2024-12-11T23:24:22.372+0530] {dag.py:3239} INFO - Sync 1 DAGs
[2024-12-11T23:24:22.388+0530] {logging_mixin.py:190} INFO - [2024-12-11T23:24:22.388+0530] {dag.py:3262} INFO - Creating ORM DAG for example_trigger_target_dag
[2024-12-11T23:24:22.389+0530] {logging_mixin.py:190} INFO - [2024-12-11T23:24:22.389+0530] {dag.py:4180} INFO - Setting next_dagrun for example_trigger_target_dag to None, run_after=None
[2024-12-11T23:24:22.412+0530] {processor.py:208} INFO - Processing /Users/jayesh/Desktop/Personal Work/Movie_data_pipeline/.venv/lib/python3.12/site-packages/airflow/example_dags/example_trigger_target_dag.py took 0.713 seconds
[2024-12-11T23:29:01.683+0530] {processor.py:186} INFO - Started process (PID=9807) to work on /Users/jayesh/Desktop/Personal Work/Movie_data_pipeline/.venv/lib/python3.12/site-packages/airflow/example_dags/example_trigger_target_dag.py
[2024-12-11T23:29:01.685+0530] {processor.py:914} INFO - Processing file /Users/jayesh/Desktop/Personal Work/Movie_data_pipeline/.venv/lib/python3.12/site-packages/airflow/example_dags/example_trigger_target_dag.py for tasks to queue
[2024-12-11T23:29:01.687+0530] {logging_mixin.py:190} INFO - [2024-12-11T23:29:01.687+0530] {dagbag.py:588} INFO - Filling up the DagBag from /Users/jayesh/Desktop/Personal Work/Movie_data_pipeline/.venv/lib/python3.12/site-packages/airflow/example_dags/example_trigger_target_dag.py
[2024-12-11T23:29:01.761+0530] {processor.py:925} INFO - DAG(s) 'example_trigger_target_dag' retrieved from /Users/jayesh/Desktop/Personal Work/Movie_data_pipeline/.venv/lib/python3.12/site-packages/airflow/example_dags/example_trigger_target_dag.py
[2024-12-11T23:29:01.935+0530] {logging_mixin.py:190} INFO - [2024-12-11T23:29:01.935+0530] {dag.py:3239} INFO - Sync 1 DAGs
[2024-12-11T23:29:01.948+0530] {logging_mixin.py:190} INFO - [2024-12-11T23:29:01.948+0530] {dag.py:4180} INFO - Setting next_dagrun for example_trigger_target_dag to None, run_after=None
[2024-12-11T23:29:01.973+0530] {processor.py:208} INFO - Processing /Users/jayesh/Desktop/Personal Work/Movie_data_pipeline/.venv/lib/python3.12/site-packages/airflow/example_dags/example_trigger_target_dag.py took 0.296 seconds
[2024-12-11T23:32:36.180+0530] {processor.py:186} INFO - Started process (PID=10141) to work on /Users/jayesh/Desktop/Personal Work/Movie_data_pipeline/.venv/lib/python3.12/site-packages/airflow/example_dags/example_trigger_target_dag.py
[2024-12-11T23:32:36.183+0530] {processor.py:914} INFO - Processing file /Users/jayesh/Desktop/Personal Work/Movie_data_pipeline/.venv/lib/python3.12/site-packages/airflow/example_dags/example_trigger_target_dag.py for tasks to queue
[2024-12-11T23:32:36.186+0530] {logging_mixin.py:190} INFO - [2024-12-11T23:32:36.185+0530] {dagbag.py:588} INFO - Filling up the DagBag from /Users/jayesh/Desktop/Personal Work/Movie_data_pipeline/.venv/lib/python3.12/site-packages/airflow/example_dags/example_trigger_target_dag.py
[2024-12-11T23:32:36.236+0530] {processor.py:925} INFO - DAG(s) 'example_trigger_target_dag' retrieved from /Users/jayesh/Desktop/Personal Work/Movie_data_pipeline/.venv/lib/python3.12/site-packages/airflow/example_dags/example_trigger_target_dag.py
[2024-12-11T23:32:36.405+0530] {logging_mixin.py:190} INFO - [2024-12-11T23:32:36.405+0530] {dag.py:3239} INFO - Sync 1 DAGs
[2024-12-11T23:32:36.419+0530] {logging_mixin.py:190} INFO - [2024-12-11T23:32:36.418+0530] {dag.py:4180} INFO - Setting next_dagrun for example_trigger_target_dag to None, run_after=None
[2024-12-11T23:32:36.447+0530] {processor.py:208} INFO - Processing /Users/jayesh/Desktop/Personal Work/Movie_data_pipeline/.venv/lib/python3.12/site-packages/airflow/example_dags/example_trigger_target_dag.py took 0.272 seconds
[2024-12-11T23:36:41.726+0530] {processor.py:186} INFO - Started process (PID=10695) to work on /Users/jayesh/Desktop/Personal Work/Movie_data_pipeline/.venv/lib/python3.12/site-packages/airflow/example_dags/example_trigger_target_dag.py
[2024-12-11T23:36:41.732+0530] {processor.py:914} INFO - Processing file /Users/jayesh/Desktop/Personal Work/Movie_data_pipeline/.venv/lib/python3.12/site-packages/airflow/example_dags/example_trigger_target_dag.py for tasks to queue
[2024-12-11T23:36:41.741+0530] {logging_mixin.py:190} INFO - [2024-12-11T23:36:41.738+0530] {dagbag.py:588} INFO - Filling up the DagBag from /Users/jayesh/Desktop/Personal Work/Movie_data_pipeline/.venv/lib/python3.12/site-packages/airflow/example_dags/example_trigger_target_dag.py
[2024-12-11T23:36:42.078+0530] {processor.py:925} INFO - DAG(s) 'example_trigger_target_dag' retrieved from /Users/jayesh/Desktop/Personal Work/Movie_data_pipeline/.venv/lib/python3.12/site-packages/airflow/example_dags/example_trigger_target_dag.py
[2024-12-11T23:36:42.633+0530] {logging_mixin.py:190} INFO - [2024-12-11T23:36:42.632+0530] {dag.py:3239} INFO - Sync 1 DAGs
[2024-12-11T23:36:42.656+0530] {logging_mixin.py:190} INFO - [2024-12-11T23:36:42.656+0530] {dag.py:4180} INFO - Setting next_dagrun for example_trigger_target_dag to None, run_after=None
[2024-12-11T23:36:42.692+0530] {processor.py:208} INFO - Processing /Users/jayesh/Desktop/Personal Work/Movie_data_pipeline/.venv/lib/python3.12/site-packages/airflow/example_dags/example_trigger_target_dag.py took 0.978 seconds
[2024-12-11T23:40:39.648+0530] {processor.py:186} INFO - Started process (PID=11077) to work on /Users/jayesh/Desktop/Personal Work/Movie_data_pipeline/.venv/lib/python3.12/site-packages/airflow/example_dags/example_trigger_target_dag.py
[2024-12-11T23:40:39.654+0530] {processor.py:914} INFO - Processing file /Users/jayesh/Desktop/Personal Work/Movie_data_pipeline/.venv/lib/python3.12/site-packages/airflow/example_dags/example_trigger_target_dag.py for tasks to queue
[2024-12-11T23:40:39.655+0530] {logging_mixin.py:190} INFO - [2024-12-11T23:40:39.655+0530] {dagbag.py:588} INFO - Filling up the DagBag from /Users/jayesh/Desktop/Personal Work/Movie_data_pipeline/.venv/lib/python3.12/site-packages/airflow/example_dags/example_trigger_target_dag.py
[2024-12-11T23:40:39.887+0530] {processor.py:925} INFO - DAG(s) 'example_trigger_target_dag' retrieved from /Users/jayesh/Desktop/Personal Work/Movie_data_pipeline/.venv/lib/python3.12/site-packages/airflow/example_dags/example_trigger_target_dag.py
[2024-12-11T23:40:40.325+0530] {logging_mixin.py:190} INFO - [2024-12-11T23:40:40.325+0530] {dag.py:3239} INFO - Sync 1 DAGs
[2024-12-11T23:40:40.373+0530] {logging_mixin.py:190} INFO - [2024-12-11T23:40:40.373+0530] {dag.py:4180} INFO - Setting next_dagrun for example_trigger_target_dag to None, run_after=None
[2024-12-11T23:40:40.410+0530] {processor.py:208} INFO - Processing /Users/jayesh/Desktop/Personal Work/Movie_data_pipeline/.venv/lib/python3.12/site-packages/airflow/example_dags/example_trigger_target_dag.py took 0.771 seconds
[2024-12-11T23:46:26.476+0530] {processor.py:186} INFO - Started process (PID=11686) to work on /Users/jayesh/Desktop/Personal Work/Movie_data_pipeline/.venv/lib/python3.12/site-packages/airflow/example_dags/example_trigger_target_dag.py
[2024-12-11T23:46:26.479+0530] {processor.py:914} INFO - Processing file /Users/jayesh/Desktop/Personal Work/Movie_data_pipeline/.venv/lib/python3.12/site-packages/airflow/example_dags/example_trigger_target_dag.py for tasks to queue
[2024-12-11T23:46:26.481+0530] {logging_mixin.py:190} INFO - [2024-12-11T23:46:26.480+0530] {dagbag.py:588} INFO - Filling up the DagBag from /Users/jayesh/Desktop/Personal Work/Movie_data_pipeline/.venv/lib/python3.12/site-packages/airflow/example_dags/example_trigger_target_dag.py
[2024-12-11T23:46:26.525+0530] {processor.py:925} INFO - DAG(s) 'example_trigger_target_dag' retrieved from /Users/jayesh/Desktop/Personal Work/Movie_data_pipeline/.venv/lib/python3.12/site-packages/airflow/example_dags/example_trigger_target_dag.py
[2024-12-11T23:46:26.659+0530] {logging_mixin.py:190} INFO - [2024-12-11T23:46:26.659+0530] {dag.py:3239} INFO - Sync 1 DAGs
[2024-12-11T23:46:26.672+0530] {logging_mixin.py:190} INFO - [2024-12-11T23:46:26.671+0530] {dag.py:4180} INFO - Setting next_dagrun for example_trigger_target_dag to None, run_after=None
[2024-12-11T23:46:26.710+0530] {processor.py:208} INFO - Processing /Users/jayesh/Desktop/Personal Work/Movie_data_pipeline/.venv/lib/python3.12/site-packages/airflow/example_dags/example_trigger_target_dag.py took 0.237 seconds
[2024-12-11T23:49:40.841+0530] {processor.py:186} INFO - Started process (PID=12043) to work on /Users/jayesh/Desktop/Personal Work/Movie_data_pipeline/.venv/lib/python3.12/site-packages/airflow/example_dags/example_trigger_target_dag.py
[2024-12-11T23:49:40.844+0530] {processor.py:914} INFO - Processing file /Users/jayesh/Desktop/Personal Work/Movie_data_pipeline/.venv/lib/python3.12/site-packages/airflow/example_dags/example_trigger_target_dag.py for tasks to queue
[2024-12-11T23:49:40.846+0530] {logging_mixin.py:190} INFO - [2024-12-11T23:49:40.846+0530] {dagbag.py:588} INFO - Filling up the DagBag from /Users/jayesh/Desktop/Personal Work/Movie_data_pipeline/.venv/lib/python3.12/site-packages/airflow/example_dags/example_trigger_target_dag.py
[2024-12-11T23:49:40.896+0530] {processor.py:925} INFO - DAG(s) 'example_trigger_target_dag' retrieved from /Users/jayesh/Desktop/Personal Work/Movie_data_pipeline/.venv/lib/python3.12/site-packages/airflow/example_dags/example_trigger_target_dag.py
[2024-12-11T23:49:41.038+0530] {logging_mixin.py:190} INFO - [2024-12-11T23:49:41.037+0530] {dag.py:3239} INFO - Sync 1 DAGs
[2024-12-11T23:49:41.053+0530] {logging_mixin.py:190} INFO - [2024-12-11T23:49:41.053+0530] {dag.py:4180} INFO - Setting next_dagrun for example_trigger_target_dag to None, run_after=None
[2024-12-11T23:49:41.079+0530] {processor.py:208} INFO - Processing /Users/jayesh/Desktop/Personal Work/Movie_data_pipeline/.venv/lib/python3.12/site-packages/airflow/example_dags/example_trigger_target_dag.py took 0.241 seconds
[2024-12-11T23:52:32.661+0530] {processor.py:186} INFO - Started process (PID=12339) to work on /Users/jayesh/Desktop/Personal Work/Movie_data_pipeline/.venv/lib/python3.12/site-packages/airflow/example_dags/example_trigger_target_dag.py
[2024-12-11T23:52:32.663+0530] {processor.py:914} INFO - Processing file /Users/jayesh/Desktop/Personal Work/Movie_data_pipeline/.venv/lib/python3.12/site-packages/airflow/example_dags/example_trigger_target_dag.py for tasks to queue
[2024-12-11T23:52:32.665+0530] {logging_mixin.py:190} INFO - [2024-12-11T23:52:32.664+0530] {dagbag.py:588} INFO - Filling up the DagBag from /Users/jayesh/Desktop/Personal Work/Movie_data_pipeline/.venv/lib/python3.12/site-packages/airflow/example_dags/example_trigger_target_dag.py
[2024-12-11T23:52:32.712+0530] {processor.py:925} INFO - DAG(s) 'example_trigger_target_dag' retrieved from /Users/jayesh/Desktop/Personal Work/Movie_data_pipeline/.venv/lib/python3.12/site-packages/airflow/example_dags/example_trigger_target_dag.py
[2024-12-11T23:52:32.831+0530] {logging_mixin.py:190} INFO - [2024-12-11T23:52:32.830+0530] {dag.py:3239} INFO - Sync 1 DAGs
[2024-12-11T23:52:32.844+0530] {logging_mixin.py:190} INFO - [2024-12-11T23:52:32.844+0530] {dag.py:4180} INFO - Setting next_dagrun for example_trigger_target_dag to None, run_after=None
[2024-12-11T23:52:32.871+0530] {processor.py:208} INFO - Processing /Users/jayesh/Desktop/Personal Work/Movie_data_pipeline/.venv/lib/python3.12/site-packages/airflow/example_dags/example_trigger_target_dag.py took 0.214 seconds
[2024-12-11T23:55:22.186+0530] {processor.py:186} INFO - Started process (PID=12615) to work on /Users/jayesh/Desktop/Personal Work/Movie_data_pipeline/.venv/lib/python3.12/site-packages/airflow/example_dags/example_trigger_target_dag.py
[2024-12-11T23:55:22.188+0530] {processor.py:914} INFO - Processing file /Users/jayesh/Desktop/Personal Work/Movie_data_pipeline/.venv/lib/python3.12/site-packages/airflow/example_dags/example_trigger_target_dag.py for tasks to queue
[2024-12-11T23:55:22.190+0530] {logging_mixin.py:190} INFO - [2024-12-11T23:55:22.190+0530] {dagbag.py:588} INFO - Filling up the DagBag from /Users/jayesh/Desktop/Personal Work/Movie_data_pipeline/.venv/lib/python3.12/site-packages/airflow/example_dags/example_trigger_target_dag.py
[2024-12-11T23:55:22.239+0530] {processor.py:925} INFO - DAG(s) 'example_trigger_target_dag' retrieved from /Users/jayesh/Desktop/Personal Work/Movie_data_pipeline/.venv/lib/python3.12/site-packages/airflow/example_dags/example_trigger_target_dag.py
[2024-12-11T23:55:22.361+0530] {logging_mixin.py:190} INFO - [2024-12-11T23:55:22.361+0530] {dag.py:3239} INFO - Sync 1 DAGs
[2024-12-11T23:55:22.374+0530] {logging_mixin.py:190} INFO - [2024-12-11T23:55:22.374+0530] {dag.py:4180} INFO - Setting next_dagrun for example_trigger_target_dag to None, run_after=None
[2024-12-11T23:55:22.397+0530] {processor.py:208} INFO - Processing /Users/jayesh/Desktop/Personal Work/Movie_data_pipeline/.venv/lib/python3.12/site-packages/airflow/example_dags/example_trigger_target_dag.py took 0.215 seconds
[2024-12-11T23:58:15.108+0530] {processor.py:186} INFO - Started process (PID=12913) to work on /Users/jayesh/Desktop/Personal Work/Movie_data_pipeline/.venv/lib/python3.12/site-packages/airflow/example_dags/example_trigger_target_dag.py
[2024-12-11T23:58:15.110+0530] {processor.py:914} INFO - Processing file /Users/jayesh/Desktop/Personal Work/Movie_data_pipeline/.venv/lib/python3.12/site-packages/airflow/example_dags/example_trigger_target_dag.py for tasks to queue
[2024-12-11T23:58:15.112+0530] {logging_mixin.py:190} INFO - [2024-12-11T23:58:15.111+0530] {dagbag.py:588} INFO - Filling up the DagBag from /Users/jayesh/Desktop/Personal Work/Movie_data_pipeline/.venv/lib/python3.12/site-packages/airflow/example_dags/example_trigger_target_dag.py
[2024-12-11T23:58:15.155+0530] {processor.py:925} INFO - DAG(s) 'example_trigger_target_dag' retrieved from /Users/jayesh/Desktop/Personal Work/Movie_data_pipeline/.venv/lib/python3.12/site-packages/airflow/example_dags/example_trigger_target_dag.py
[2024-12-11T23:58:15.292+0530] {logging_mixin.py:190} INFO - [2024-12-11T23:58:15.291+0530] {dag.py:3239} INFO - Sync 1 DAGs
[2024-12-11T23:58:15.304+0530] {logging_mixin.py:190} INFO - [2024-12-11T23:58:15.304+0530] {dag.py:4180} INFO - Setting next_dagrun for example_trigger_target_dag to None, run_after=None
[2024-12-11T23:58:15.336+0530] {processor.py:208} INFO - Processing /Users/jayesh/Desktop/Personal Work/Movie_data_pipeline/.venv/lib/python3.12/site-packages/airflow/example_dags/example_trigger_target_dag.py took 0.231 seconds
[2024-12-12T00:01:09.089+0530] {processor.py:186} INFO - Started process (PID=13183) to work on /Users/jayesh/Desktop/Personal Work/Movie_data_pipeline/.venv/lib/python3.12/site-packages/airflow/example_dags/example_trigger_target_dag.py
[2024-12-12T00:01:09.091+0530] {processor.py:914} INFO - Processing file /Users/jayesh/Desktop/Personal Work/Movie_data_pipeline/.venv/lib/python3.12/site-packages/airflow/example_dags/example_trigger_target_dag.py for tasks to queue
[2024-12-12T00:01:09.093+0530] {logging_mixin.py:190} INFO - [2024-12-12T00:01:09.092+0530] {dagbag.py:588} INFO - Filling up the DagBag from /Users/jayesh/Desktop/Personal Work/Movie_data_pipeline/.venv/lib/python3.12/site-packages/airflow/example_dags/example_trigger_target_dag.py
[2024-12-12T00:01:09.135+0530] {processor.py:925} INFO - DAG(s) 'example_trigger_target_dag' retrieved from /Users/jayesh/Desktop/Personal Work/Movie_data_pipeline/.venv/lib/python3.12/site-packages/airflow/example_dags/example_trigger_target_dag.py
[2024-12-12T00:01:09.259+0530] {logging_mixin.py:190} INFO - [2024-12-12T00:01:09.259+0530] {dag.py:3239} INFO - Sync 1 DAGs
[2024-12-12T00:01:09.278+0530] {logging_mixin.py:190} INFO - [2024-12-12T00:01:09.278+0530] {dag.py:4180} INFO - Setting next_dagrun for example_trigger_target_dag to None, run_after=None
[2024-12-12T00:01:09.300+0530] {processor.py:208} INFO - Processing /Users/jayesh/Desktop/Personal Work/Movie_data_pipeline/.venv/lib/python3.12/site-packages/airflow/example_dags/example_trigger_target_dag.py took 0.215 seconds
[2024-12-12T00:04:03.754+0530] {processor.py:186} INFO - Started process (PID=13470) to work on /Users/jayesh/Desktop/Personal Work/Movie_data_pipeline/.venv/lib/python3.12/site-packages/airflow/example_dags/example_trigger_target_dag.py
[2024-12-12T00:04:03.757+0530] {processor.py:914} INFO - Processing file /Users/jayesh/Desktop/Personal Work/Movie_data_pipeline/.venv/lib/python3.12/site-packages/airflow/example_dags/example_trigger_target_dag.py for tasks to queue
[2024-12-12T00:04:03.758+0530] {logging_mixin.py:190} INFO - [2024-12-12T00:04:03.758+0530] {dagbag.py:588} INFO - Filling up the DagBag from /Users/jayesh/Desktop/Personal Work/Movie_data_pipeline/.venv/lib/python3.12/site-packages/airflow/example_dags/example_trigger_target_dag.py
[2024-12-12T00:04:03.805+0530] {processor.py:925} INFO - DAG(s) 'example_trigger_target_dag' retrieved from /Users/jayesh/Desktop/Personal Work/Movie_data_pipeline/.venv/lib/python3.12/site-packages/airflow/example_dags/example_trigger_target_dag.py
[2024-12-12T00:04:03.934+0530] {logging_mixin.py:190} INFO - [2024-12-12T00:04:03.934+0530] {dag.py:3239} INFO - Sync 1 DAGs
[2024-12-12T00:04:03.947+0530] {logging_mixin.py:190} INFO - [2024-12-12T00:04:03.946+0530] {dag.py:4180} INFO - Setting next_dagrun for example_trigger_target_dag to None, run_after=None
[2024-12-12T00:04:03.970+0530] {processor.py:208} INFO - Processing /Users/jayesh/Desktop/Personal Work/Movie_data_pipeline/.venv/lib/python3.12/site-packages/airflow/example_dags/example_trigger_target_dag.py took 0.220 seconds
[2024-12-12T00:06:57.986+0530] {processor.py:186} INFO - Started process (PID=13736) to work on /Users/jayesh/Desktop/Personal Work/Movie_data_pipeline/.venv/lib/python3.12/site-packages/airflow/example_dags/example_trigger_target_dag.py
[2024-12-12T00:06:57.988+0530] {processor.py:914} INFO - Processing file /Users/jayesh/Desktop/Personal Work/Movie_data_pipeline/.venv/lib/python3.12/site-packages/airflow/example_dags/example_trigger_target_dag.py for tasks to queue
[2024-12-12T00:06:57.990+0530] {logging_mixin.py:190} INFO - [2024-12-12T00:06:57.990+0530] {dagbag.py:588} INFO - Filling up the DagBag from /Users/jayesh/Desktop/Personal Work/Movie_data_pipeline/.venv/lib/python3.12/site-packages/airflow/example_dags/example_trigger_target_dag.py
[2024-12-12T00:06:58.039+0530] {processor.py:925} INFO - DAG(s) 'example_trigger_target_dag' retrieved from /Users/jayesh/Desktop/Personal Work/Movie_data_pipeline/.venv/lib/python3.12/site-packages/airflow/example_dags/example_trigger_target_dag.py
[2024-12-12T00:06:58.158+0530] {logging_mixin.py:190} INFO - [2024-12-12T00:06:58.158+0530] {dag.py:3239} INFO - Sync 1 DAGs
[2024-12-12T00:06:58.171+0530] {logging_mixin.py:190} INFO - [2024-12-12T00:06:58.171+0530] {dag.py:4180} INFO - Setting next_dagrun for example_trigger_target_dag to None, run_after=None
[2024-12-12T00:06:58.198+0530] {processor.py:208} INFO - Processing /Users/jayesh/Desktop/Personal Work/Movie_data_pipeline/.venv/lib/python3.12/site-packages/airflow/example_dags/example_trigger_target_dag.py took 0.216 seconds
[2024-12-12T00:09:51.671+0530] {processor.py:186} INFO - Started process (PID=14016) to work on /Users/jayesh/Desktop/Personal Work/Movie_data_pipeline/.venv/lib/python3.12/site-packages/airflow/example_dags/example_trigger_target_dag.py
[2024-12-12T00:09:51.674+0530] {processor.py:914} INFO - Processing file /Users/jayesh/Desktop/Personal Work/Movie_data_pipeline/.venv/lib/python3.12/site-packages/airflow/example_dags/example_trigger_target_dag.py for tasks to queue
[2024-12-12T00:09:51.675+0530] {logging_mixin.py:190} INFO - [2024-12-12T00:09:51.675+0530] {dagbag.py:588} INFO - Filling up the DagBag from /Users/jayesh/Desktop/Personal Work/Movie_data_pipeline/.venv/lib/python3.12/site-packages/airflow/example_dags/example_trigger_target_dag.py
[2024-12-12T00:09:51.721+0530] {processor.py:925} INFO - DAG(s) 'example_trigger_target_dag' retrieved from /Users/jayesh/Desktop/Personal Work/Movie_data_pipeline/.venv/lib/python3.12/site-packages/airflow/example_dags/example_trigger_target_dag.py
[2024-12-12T00:09:51.848+0530] {logging_mixin.py:190} INFO - [2024-12-12T00:09:51.848+0530] {dag.py:3239} INFO - Sync 1 DAGs
[2024-12-12T00:09:51.861+0530] {logging_mixin.py:190} INFO - [2024-12-12T00:09:51.860+0530] {dag.py:4180} INFO - Setting next_dagrun for example_trigger_target_dag to None, run_after=None
[2024-12-12T00:09:51.890+0530] {processor.py:208} INFO - Processing /Users/jayesh/Desktop/Personal Work/Movie_data_pipeline/.venv/lib/python3.12/site-packages/airflow/example_dags/example_trigger_target_dag.py took 0.223 seconds
[2024-12-12T00:12:46.503+0530] {processor.py:186} INFO - Started process (PID=14294) to work on /Users/jayesh/Desktop/Personal Work/Movie_data_pipeline/.venv/lib/python3.12/site-packages/airflow/example_dags/example_trigger_target_dag.py
[2024-12-12T00:12:46.505+0530] {processor.py:914} INFO - Processing file /Users/jayesh/Desktop/Personal Work/Movie_data_pipeline/.venv/lib/python3.12/site-packages/airflow/example_dags/example_trigger_target_dag.py for tasks to queue
[2024-12-12T00:12:46.507+0530] {logging_mixin.py:190} INFO - [2024-12-12T00:12:46.507+0530] {dagbag.py:588} INFO - Filling up the DagBag from /Users/jayesh/Desktop/Personal Work/Movie_data_pipeline/.venv/lib/python3.12/site-packages/airflow/example_dags/example_trigger_target_dag.py
[2024-12-12T00:12:46.562+0530] {processor.py:925} INFO - DAG(s) 'example_trigger_target_dag' retrieved from /Users/jayesh/Desktop/Personal Work/Movie_data_pipeline/.venv/lib/python3.12/site-packages/airflow/example_dags/example_trigger_target_dag.py
[2024-12-12T00:12:46.712+0530] {logging_mixin.py:190} INFO - [2024-12-12T00:12:46.712+0530] {dag.py:3239} INFO - Sync 1 DAGs
[2024-12-12T00:12:46.728+0530] {logging_mixin.py:190} INFO - [2024-12-12T00:12:46.728+0530] {dag.py:4180} INFO - Setting next_dagrun for example_trigger_target_dag to None, run_after=None
[2024-12-12T00:12:46.762+0530] {processor.py:208} INFO - Processing /Users/jayesh/Desktop/Personal Work/Movie_data_pipeline/.venv/lib/python3.12/site-packages/airflow/example_dags/example_trigger_target_dag.py took 0.263 seconds
[2024-12-12T00:15:42.039+0530] {processor.py:186} INFO - Started process (PID=14572) to work on /Users/jayesh/Desktop/Personal Work/Movie_data_pipeline/.venv/lib/python3.12/site-packages/airflow/example_dags/example_trigger_target_dag.py
[2024-12-12T00:15:42.042+0530] {processor.py:914} INFO - Processing file /Users/jayesh/Desktop/Personal Work/Movie_data_pipeline/.venv/lib/python3.12/site-packages/airflow/example_dags/example_trigger_target_dag.py for tasks to queue
[2024-12-12T00:15:42.044+0530] {logging_mixin.py:190} INFO - [2024-12-12T00:15:42.043+0530] {dagbag.py:588} INFO - Filling up the DagBag from /Users/jayesh/Desktop/Personal Work/Movie_data_pipeline/.venv/lib/python3.12/site-packages/airflow/example_dags/example_trigger_target_dag.py
[2024-12-12T00:15:42.095+0530] {processor.py:925} INFO - DAG(s) 'example_trigger_target_dag' retrieved from /Users/jayesh/Desktop/Personal Work/Movie_data_pipeline/.venv/lib/python3.12/site-packages/airflow/example_dags/example_trigger_target_dag.py
[2024-12-12T00:15:42.238+0530] {logging_mixin.py:190} INFO - [2024-12-12T00:15:42.238+0530] {dag.py:3239} INFO - Sync 1 DAGs
[2024-12-12T00:15:42.253+0530] {logging_mixin.py:190} INFO - [2024-12-12T00:15:42.252+0530] {dag.py:4180} INFO - Setting next_dagrun for example_trigger_target_dag to None, run_after=None
[2024-12-12T00:15:42.278+0530] {processor.py:208} INFO - Processing /Users/jayesh/Desktop/Personal Work/Movie_data_pipeline/.venv/lib/python3.12/site-packages/airflow/example_dags/example_trigger_target_dag.py took 0.242 seconds
[2024-12-12T00:18:29.411+0530] {processor.py:186} INFO - Started process (PID=14836) to work on /Users/jayesh/Desktop/Personal Work/Movie_data_pipeline/.venv/lib/python3.12/site-packages/airflow/example_dags/example_trigger_target_dag.py
[2024-12-12T00:18:29.414+0530] {processor.py:914} INFO - Processing file /Users/jayesh/Desktop/Personal Work/Movie_data_pipeline/.venv/lib/python3.12/site-packages/airflow/example_dags/example_trigger_target_dag.py for tasks to queue
[2024-12-12T00:18:29.415+0530] {logging_mixin.py:190} INFO - [2024-12-12T00:18:29.415+0530] {dagbag.py:588} INFO - Filling up the DagBag from /Users/jayesh/Desktop/Personal Work/Movie_data_pipeline/.venv/lib/python3.12/site-packages/airflow/example_dags/example_trigger_target_dag.py
[2024-12-12T00:18:29.465+0530] {processor.py:925} INFO - DAG(s) 'example_trigger_target_dag' retrieved from /Users/jayesh/Desktop/Personal Work/Movie_data_pipeline/.venv/lib/python3.12/site-packages/airflow/example_dags/example_trigger_target_dag.py
[2024-12-12T00:18:29.596+0530] {logging_mixin.py:190} INFO - [2024-12-12T00:18:29.595+0530] {dag.py:3239} INFO - Sync 1 DAGs
[2024-12-12T00:18:29.610+0530] {logging_mixin.py:190} INFO - [2024-12-12T00:18:29.610+0530] {dag.py:4180} INFO - Setting next_dagrun for example_trigger_target_dag to None, run_after=None
[2024-12-12T00:18:29.638+0530] {processor.py:208} INFO - Processing /Users/jayesh/Desktop/Personal Work/Movie_data_pipeline/.venv/lib/python3.12/site-packages/airflow/example_dags/example_trigger_target_dag.py took 0.231 seconds
[2024-12-12T00:21:38.676+0530] {processor.py:186} INFO - Started process (PID=15147) to work on /Users/jayesh/Desktop/Personal Work/Movie_data_pipeline/.venv/lib/python3.12/site-packages/airflow/example_dags/example_trigger_target_dag.py
[2024-12-12T00:21:38.679+0530] {processor.py:914} INFO - Processing file /Users/jayesh/Desktop/Personal Work/Movie_data_pipeline/.venv/lib/python3.12/site-packages/airflow/example_dags/example_trigger_target_dag.py for tasks to queue
[2024-12-12T00:21:38.681+0530] {logging_mixin.py:190} INFO - [2024-12-12T00:21:38.681+0530] {dagbag.py:588} INFO - Filling up the DagBag from /Users/jayesh/Desktop/Personal Work/Movie_data_pipeline/.venv/lib/python3.12/site-packages/airflow/example_dags/example_trigger_target_dag.py
[2024-12-12T00:21:38.729+0530] {processor.py:925} INFO - DAG(s) 'example_trigger_target_dag' retrieved from /Users/jayesh/Desktop/Personal Work/Movie_data_pipeline/.venv/lib/python3.12/site-packages/airflow/example_dags/example_trigger_target_dag.py
[2024-12-12T00:21:38.849+0530] {logging_mixin.py:190} INFO - [2024-12-12T00:21:38.849+0530] {dag.py:3239} INFO - Sync 1 DAGs
[2024-12-12T00:21:38.862+0530] {logging_mixin.py:190} INFO - [2024-12-12T00:21:38.862+0530] {dag.py:4180} INFO - Setting next_dagrun for example_trigger_target_dag to None, run_after=None
[2024-12-12T00:21:38.885+0530] {processor.py:208} INFO - Processing /Users/jayesh/Desktop/Personal Work/Movie_data_pipeline/.venv/lib/python3.12/site-packages/airflow/example_dags/example_trigger_target_dag.py took 0.213 seconds
[2024-12-12T00:25:06.250+0530] {processor.py:186} INFO - Started process (PID=15479) to work on /Users/jayesh/Desktop/Personal Work/Movie_data_pipeline/.venv/lib/python3.12/site-packages/airflow/example_dags/example_trigger_target_dag.py
[2024-12-12T00:25:06.253+0530] {processor.py:914} INFO - Processing file /Users/jayesh/Desktop/Personal Work/Movie_data_pipeline/.venv/lib/python3.12/site-packages/airflow/example_dags/example_trigger_target_dag.py for tasks to queue
[2024-12-12T00:25:06.255+0530] {logging_mixin.py:190} INFO - [2024-12-12T00:25:06.255+0530] {dagbag.py:588} INFO - Filling up the DagBag from /Users/jayesh/Desktop/Personal Work/Movie_data_pipeline/.venv/lib/python3.12/site-packages/airflow/example_dags/example_trigger_target_dag.py
[2024-12-12T00:25:06.300+0530] {processor.py:925} INFO - DAG(s) 'example_trigger_target_dag' retrieved from /Users/jayesh/Desktop/Personal Work/Movie_data_pipeline/.venv/lib/python3.12/site-packages/airflow/example_dags/example_trigger_target_dag.py
[2024-12-12T00:25:06.432+0530] {logging_mixin.py:190} INFO - [2024-12-12T00:25:06.431+0530] {dag.py:3239} INFO - Sync 1 DAGs
[2024-12-12T00:25:06.445+0530] {logging_mixin.py:190} INFO - [2024-12-12T00:25:06.445+0530] {dag.py:4180} INFO - Setting next_dagrun for example_trigger_target_dag to None, run_after=None
[2024-12-12T00:25:06.468+0530] {processor.py:208} INFO - Processing /Users/jayesh/Desktop/Personal Work/Movie_data_pipeline/.venv/lib/python3.12/site-packages/airflow/example_dags/example_trigger_target_dag.py took 0.222 seconds
[2024-12-12T00:28:26.510+0530] {processor.py:186} INFO - Started process (PID=15799) to work on /Users/jayesh/Desktop/Personal Work/Movie_data_pipeline/.venv/lib/python3.12/site-packages/airflow/example_dags/example_trigger_target_dag.py
[2024-12-12T00:28:26.513+0530] {processor.py:914} INFO - Processing file /Users/jayesh/Desktop/Personal Work/Movie_data_pipeline/.venv/lib/python3.12/site-packages/airflow/example_dags/example_trigger_target_dag.py for tasks to queue
[2024-12-12T00:28:26.514+0530] {logging_mixin.py:190} INFO - [2024-12-12T00:28:26.514+0530] {dagbag.py:588} INFO - Filling up the DagBag from /Users/jayesh/Desktop/Personal Work/Movie_data_pipeline/.venv/lib/python3.12/site-packages/airflow/example_dags/example_trigger_target_dag.py
[2024-12-12T00:28:26.558+0530] {processor.py:925} INFO - DAG(s) 'example_trigger_target_dag' retrieved from /Users/jayesh/Desktop/Personal Work/Movie_data_pipeline/.venv/lib/python3.12/site-packages/airflow/example_dags/example_trigger_target_dag.py
[2024-12-12T00:28:26.733+0530] {logging_mixin.py:190} INFO - [2024-12-12T00:28:26.732+0530] {dag.py:3239} INFO - Sync 1 DAGs
[2024-12-12T00:28:26.751+0530] {logging_mixin.py:190} INFO - [2024-12-12T00:28:26.750+0530] {dag.py:4180} INFO - Setting next_dagrun for example_trigger_target_dag to None, run_after=None
[2024-12-12T00:28:26.774+0530] {processor.py:208} INFO - Processing /Users/jayesh/Desktop/Personal Work/Movie_data_pipeline/.venv/lib/python3.12/site-packages/airflow/example_dags/example_trigger_target_dag.py took 0.268 seconds
