[2024-12-11T23:25:18.603+0530] {processor.py:186} INFO - Started process (PID=9450) to work on /Users/jayesh/Desktop/Personal Work/Movie_data_pipeline/.venv/lib/python3.12/site-packages/airflow/example_dags/example_sensors.py
[2024-12-11T23:25:18.604+0530] {processor.py:914} INFO - Processing file /Users/jayesh/Desktop/Personal Work/Movie_data_pipeline/.venv/lib/python3.12/site-packages/airflow/example_dags/example_sensors.py for tasks to queue
[2024-12-11T23:25:18.605+0530] {logging_mixin.py:190} INFO - [2024-12-11T23:25:18.605+0530] {dagbag.py:588} INFO - Filling up the DagBag from /Users/jayesh/Desktop/Personal Work/Movie_data_pipeline/.venv/lib/python3.12/site-packages/airflow/example_dags/example_sensors.py
[2024-12-11T23:25:18.632+0530] {processor.py:925} INFO - DAG(s) 'example_sensors' retrieved from /Users/jayesh/Desktop/Personal Work/Movie_data_pipeline/.venv/lib/python3.12/site-packages/airflow/example_dags/example_sensors.py
[2024-12-11T23:25:18.760+0530] {logging_mixin.py:190} INFO - [2024-12-11T23:25:18.760+0530] {workday.py:41} WARNING - Could not import pandas. Holidays will not be considered.
[2024-12-11T23:25:18.991+0530] {logging_mixin.py:190} INFO - [2024-12-11T23:25:18.990+0530] {override.py:1911} INFO - Created Permission View: can delete on DAG:example_sensors
[2024-12-11T23:25:19.003+0530] {logging_mixin.py:190} INFO - [2024-12-11T23:25:19.002+0530] {override.py:1911} INFO - Created Permission View: can read on DAG:example_sensors
[2024-12-11T23:25:19.014+0530] {logging_mixin.py:190} INFO - [2024-12-11T23:25:19.013+0530] {override.py:1911} INFO - Created Permission View: can edit on DAG:example_sensors
[2024-12-11T23:25:19.029+0530] {logging_mixin.py:190} INFO - [2024-12-11T23:25:19.029+0530] {override.py:1911} INFO - Created Permission View: can delete on DAG Run:example_sensors
[2024-12-11T23:25:19.042+0530] {logging_mixin.py:190} INFO - [2024-12-11T23:25:19.041+0530] {override.py:1911} INFO - Created Permission View: can read on DAG Run:example_sensors
[2024-12-11T23:25:19.056+0530] {logging_mixin.py:190} INFO - [2024-12-11T23:25:19.055+0530] {override.py:1911} INFO - Created Permission View: can create on DAG Run:example_sensors
[2024-12-11T23:25:19.068+0530] {logging_mixin.py:190} INFO - [2024-12-11T23:25:19.066+0530] {override.py:1911} INFO - Created Permission View: menu access on DAG Run:example_sensors
[2024-12-11T23:25:19.068+0530] {logging_mixin.py:190} INFO - [2024-12-11T23:25:19.068+0530] {dag.py:3239} INFO - Sync 1 DAGs
[2024-12-11T23:25:19.085+0530] {logging_mixin.py:190} INFO - [2024-12-11T23:25:19.085+0530] {dag.py:3262} INFO - Creating ORM DAG for example_sensors
[2024-12-11T23:25:19.087+0530] {logging_mixin.py:190} INFO - [2024-12-11T23:25:19.087+0530] {dag.py:4180} INFO - Setting next_dagrun for example_sensors to None, run_after=None
[2024-12-11T23:25:19.113+0530] {processor.py:208} INFO - Processing /Users/jayesh/Desktop/Personal Work/Movie_data_pipeline/.venv/lib/python3.12/site-packages/airflow/example_dags/example_sensors.py took 0.514 seconds
[2024-12-11T23:29:49.331+0530] {processor.py:186} INFO - Started process (PID=9891) to work on /Users/jayesh/Desktop/Personal Work/Movie_data_pipeline/.venv/lib/python3.12/site-packages/airflow/example_dags/example_sensors.py
[2024-12-11T23:29:49.335+0530] {processor.py:914} INFO - Processing file /Users/jayesh/Desktop/Personal Work/Movie_data_pipeline/.venv/lib/python3.12/site-packages/airflow/example_dags/example_sensors.py for tasks to queue
[2024-12-11T23:29:49.337+0530] {logging_mixin.py:190} INFO - [2024-12-11T23:29:49.336+0530] {dagbag.py:588} INFO - Filling up the DagBag from /Users/jayesh/Desktop/Personal Work/Movie_data_pipeline/.venv/lib/python3.12/site-packages/airflow/example_dags/example_sensors.py
[2024-12-11T23:29:49.387+0530] {processor.py:925} INFO - DAG(s) 'example_sensors' retrieved from /Users/jayesh/Desktop/Personal Work/Movie_data_pipeline/.venv/lib/python3.12/site-packages/airflow/example_dags/example_sensors.py
[2024-12-11T23:29:49.535+0530] {logging_mixin.py:190} INFO - [2024-12-11T23:29:49.534+0530] {workday.py:41} WARNING - Could not import pandas. Holidays will not be considered.
[2024-12-11T23:29:49.578+0530] {logging_mixin.py:190} INFO - [2024-12-11T23:29:49.577+0530] {dag.py:3239} INFO - Sync 1 DAGs
[2024-12-11T23:29:49.592+0530] {logging_mixin.py:190} INFO - [2024-12-11T23:29:49.592+0530] {dag.py:4180} INFO - Setting next_dagrun for example_sensors to None, run_after=None
[2024-12-11T23:29:49.617+0530] {processor.py:208} INFO - Processing /Users/jayesh/Desktop/Personal Work/Movie_data_pipeline/.venv/lib/python3.12/site-packages/airflow/example_dags/example_sensors.py took 0.296 seconds
[2024-12-11T23:33:50.599+0530] {processor.py:186} INFO - Started process (PID=10300) to work on /Users/jayesh/Desktop/Personal Work/Movie_data_pipeline/.venv/lib/python3.12/site-packages/airflow/example_dags/example_sensors.py
[2024-12-11T23:33:50.601+0530] {processor.py:914} INFO - Processing file /Users/jayesh/Desktop/Personal Work/Movie_data_pipeline/.venv/lib/python3.12/site-packages/airflow/example_dags/example_sensors.py for tasks to queue
[2024-12-11T23:33:50.603+0530] {logging_mixin.py:190} INFO - [2024-12-11T23:33:50.603+0530] {dagbag.py:588} INFO - Filling up the DagBag from /Users/jayesh/Desktop/Personal Work/Movie_data_pipeline/.venv/lib/python3.12/site-packages/airflow/example_dags/example_sensors.py
[2024-12-11T23:33:50.638+0530] {processor.py:925} INFO - DAG(s) 'example_sensors' retrieved from /Users/jayesh/Desktop/Personal Work/Movie_data_pipeline/.venv/lib/python3.12/site-packages/airflow/example_dags/example_sensors.py
[2024-12-11T23:33:50.824+0530] {logging_mixin.py:190} INFO - [2024-12-11T23:33:50.824+0530] {workday.py:41} WARNING - Could not import pandas. Holidays will not be considered.
[2024-12-11T23:33:50.877+0530] {logging_mixin.py:190} INFO - [2024-12-11T23:33:50.877+0530] {dag.py:3239} INFO - Sync 1 DAGs
[2024-12-11T23:33:50.892+0530] {logging_mixin.py:190} INFO - [2024-12-11T23:33:50.891+0530] {dag.py:4180} INFO - Setting next_dagrun for example_sensors to None, run_after=None
[2024-12-11T23:33:50.923+0530] {processor.py:208} INFO - Processing /Users/jayesh/Desktop/Personal Work/Movie_data_pipeline/.venv/lib/python3.12/site-packages/airflow/example_dags/example_sensors.py took 0.328 seconds
[2024-12-11T23:37:32.682+0530] {processor.py:186} INFO - Started process (PID=10788) to work on /Users/jayesh/Desktop/Personal Work/Movie_data_pipeline/.venv/lib/python3.12/site-packages/airflow/example_dags/example_sensors.py
[2024-12-11T23:37:32.684+0530] {processor.py:914} INFO - Processing file /Users/jayesh/Desktop/Personal Work/Movie_data_pipeline/.venv/lib/python3.12/site-packages/airflow/example_dags/example_sensors.py for tasks to queue
[2024-12-11T23:37:32.686+0530] {logging_mixin.py:190} INFO - [2024-12-11T23:37:32.686+0530] {dagbag.py:588} INFO - Filling up the DagBag from /Users/jayesh/Desktop/Personal Work/Movie_data_pipeline/.venv/lib/python3.12/site-packages/airflow/example_dags/example_sensors.py
[2024-12-11T23:37:32.723+0530] {processor.py:925} INFO - DAG(s) 'example_sensors' retrieved from /Users/jayesh/Desktop/Personal Work/Movie_data_pipeline/.venv/lib/python3.12/site-packages/airflow/example_dags/example_sensors.py
[2024-12-11T23:37:32.860+0530] {logging_mixin.py:190} INFO - [2024-12-11T23:37:32.859+0530] {workday.py:41} WARNING - Could not import pandas. Holidays will not be considered.
[2024-12-11T23:37:32.923+0530] {logging_mixin.py:190} INFO - [2024-12-11T23:37:32.923+0530] {dag.py:3239} INFO - Sync 1 DAGs
[2024-12-11T23:37:32.942+0530] {logging_mixin.py:190} INFO - [2024-12-11T23:37:32.942+0530] {dag.py:4180} INFO - Setting next_dagrun for example_sensors to None, run_after=None
[2024-12-11T23:37:32.965+0530] {processor.py:208} INFO - Processing /Users/jayesh/Desktop/Personal Work/Movie_data_pipeline/.venv/lib/python3.12/site-packages/airflow/example_dags/example_sensors.py took 0.288 seconds
[2024-12-11T23:41:51.401+0530] {processor.py:186} INFO - Started process (PID=11186) to work on /Users/jayesh/Desktop/Personal Work/Movie_data_pipeline/.venv/lib/python3.12/site-packages/airflow/example_dags/example_sensors.py
[2024-12-11T23:41:51.404+0530] {processor.py:914} INFO - Processing file /Users/jayesh/Desktop/Personal Work/Movie_data_pipeline/.venv/lib/python3.12/site-packages/airflow/example_dags/example_sensors.py for tasks to queue
[2024-12-11T23:41:51.407+0530] {logging_mixin.py:190} INFO - [2024-12-11T23:41:51.406+0530] {dagbag.py:588} INFO - Filling up the DagBag from /Users/jayesh/Desktop/Personal Work/Movie_data_pipeline/.venv/lib/python3.12/site-packages/airflow/example_dags/example_sensors.py
[2024-12-11T23:41:51.451+0530] {processor.py:925} INFO - DAG(s) 'example_sensors' retrieved from /Users/jayesh/Desktop/Personal Work/Movie_data_pipeline/.venv/lib/python3.12/site-packages/airflow/example_dags/example_sensors.py
[2024-12-11T23:41:51.961+0530] {logging_mixin.py:190} INFO - [2024-12-11T23:41:51.960+0530] {workday.py:41} WARNING - Could not import pandas. Holidays will not be considered.
[2024-12-11T23:41:52.099+0530] {logging_mixin.py:190} INFO - [2024-12-11T23:41:52.098+0530] {dag.py:3239} INFO - Sync 1 DAGs
[2024-12-11T23:41:52.126+0530] {logging_mixin.py:190} INFO - [2024-12-11T23:41:52.125+0530] {dag.py:4180} INFO - Setting next_dagrun for example_sensors to None, run_after=None
[2024-12-11T23:41:52.189+0530] {processor.py:208} INFO - Processing /Users/jayesh/Desktop/Personal Work/Movie_data_pipeline/.venv/lib/python3.12/site-packages/airflow/example_dags/example_sensors.py took 0.796 seconds
[2024-12-11T23:47:12.993+0530] {processor.py:186} INFO - Started process (PID=11762) to work on /Users/jayesh/Desktop/Personal Work/Movie_data_pipeline/.venv/lib/python3.12/site-packages/airflow/example_dags/example_sensors.py
[2024-12-11T23:47:12.995+0530] {processor.py:914} INFO - Processing file /Users/jayesh/Desktop/Personal Work/Movie_data_pipeline/.venv/lib/python3.12/site-packages/airflow/example_dags/example_sensors.py for tasks to queue
[2024-12-11T23:47:12.997+0530] {logging_mixin.py:190} INFO - [2024-12-11T23:47:12.996+0530] {dagbag.py:588} INFO - Filling up the DagBag from /Users/jayesh/Desktop/Personal Work/Movie_data_pipeline/.venv/lib/python3.12/site-packages/airflow/example_dags/example_sensors.py
[2024-12-11T23:47:13.052+0530] {processor.py:925} INFO - DAG(s) 'example_sensors' retrieved from /Users/jayesh/Desktop/Personal Work/Movie_data_pipeline/.venv/lib/python3.12/site-packages/airflow/example_dags/example_sensors.py
[2024-12-11T23:47:13.182+0530] {logging_mixin.py:190} INFO - [2024-12-11T23:47:13.182+0530] {workday.py:41} WARNING - Could not import pandas. Holidays will not be considered.
[2024-12-11T23:47:13.223+0530] {logging_mixin.py:190} INFO - [2024-12-11T23:47:13.223+0530] {dag.py:3239} INFO - Sync 1 DAGs
[2024-12-11T23:47:13.238+0530] {logging_mixin.py:190} INFO - [2024-12-11T23:47:13.238+0530] {dag.py:4180} INFO - Setting next_dagrun for example_sensors to None, run_after=None
[2024-12-11T23:47:13.261+0530] {processor.py:208} INFO - Processing /Users/jayesh/Desktop/Personal Work/Movie_data_pipeline/.venv/lib/python3.12/site-packages/airflow/example_dags/example_sensors.py took 0.273 seconds
[2024-12-11T23:50:23.030+0530] {processor.py:186} INFO - Started process (PID=12121) to work on /Users/jayesh/Desktop/Personal Work/Movie_data_pipeline/.venv/lib/python3.12/site-packages/airflow/example_dags/example_sensors.py
[2024-12-11T23:50:23.032+0530] {processor.py:914} INFO - Processing file /Users/jayesh/Desktop/Personal Work/Movie_data_pipeline/.venv/lib/python3.12/site-packages/airflow/example_dags/example_sensors.py for tasks to queue
[2024-12-11T23:50:23.034+0530] {logging_mixin.py:190} INFO - [2024-12-11T23:50:23.034+0530] {dagbag.py:588} INFO - Filling up the DagBag from /Users/jayesh/Desktop/Personal Work/Movie_data_pipeline/.venv/lib/python3.12/site-packages/airflow/example_dags/example_sensors.py
[2024-12-11T23:50:23.064+0530] {processor.py:925} INFO - DAG(s) 'example_sensors' retrieved from /Users/jayesh/Desktop/Personal Work/Movie_data_pipeline/.venv/lib/python3.12/site-packages/airflow/example_dags/example_sensors.py
[2024-12-11T23:50:23.201+0530] {logging_mixin.py:190} INFO - [2024-12-11T23:50:23.201+0530] {workday.py:41} WARNING - Could not import pandas. Holidays will not be considered.
[2024-12-11T23:50:23.247+0530] {logging_mixin.py:190} INFO - [2024-12-11T23:50:23.247+0530] {dag.py:3239} INFO - Sync 1 DAGs
[2024-12-11T23:50:23.263+0530] {logging_mixin.py:190} INFO - [2024-12-11T23:50:23.263+0530] {dag.py:4180} INFO - Setting next_dagrun for example_sensors to None, run_after=None
[2024-12-11T23:50:23.292+0530] {processor.py:208} INFO - Processing /Users/jayesh/Desktop/Personal Work/Movie_data_pipeline/.venv/lib/python3.12/site-packages/airflow/example_dags/example_sensors.py took 0.267 seconds
[2024-12-11T23:53:15.125+0530] {processor.py:186} INFO - Started process (PID=12401) to work on /Users/jayesh/Desktop/Personal Work/Movie_data_pipeline/.venv/lib/python3.12/site-packages/airflow/example_dags/example_sensors.py
[2024-12-11T23:53:15.126+0530] {processor.py:914} INFO - Processing file /Users/jayesh/Desktop/Personal Work/Movie_data_pipeline/.venv/lib/python3.12/site-packages/airflow/example_dags/example_sensors.py for tasks to queue
[2024-12-11T23:53:15.128+0530] {logging_mixin.py:190} INFO - [2024-12-11T23:53:15.128+0530] {dagbag.py:588} INFO - Filling up the DagBag from /Users/jayesh/Desktop/Personal Work/Movie_data_pipeline/.venv/lib/python3.12/site-packages/airflow/example_dags/example_sensors.py
[2024-12-11T23:53:15.184+0530] {processor.py:925} INFO - DAG(s) 'example_sensors' retrieved from /Users/jayesh/Desktop/Personal Work/Movie_data_pipeline/.venv/lib/python3.12/site-packages/airflow/example_dags/example_sensors.py
[2024-12-11T23:53:15.334+0530] {logging_mixin.py:190} INFO - [2024-12-11T23:53:15.334+0530] {workday.py:41} WARNING - Could not import pandas. Holidays will not be considered.
[2024-12-11T23:53:15.379+0530] {logging_mixin.py:190} INFO - [2024-12-11T23:53:15.379+0530] {dag.py:3239} INFO - Sync 1 DAGs
[2024-12-11T23:53:15.392+0530] {logging_mixin.py:190} INFO - [2024-12-11T23:53:15.391+0530] {dag.py:4180} INFO - Setting next_dagrun for example_sensors to None, run_after=None
[2024-12-11T23:53:15.414+0530] {processor.py:208} INFO - Processing /Users/jayesh/Desktop/Personal Work/Movie_data_pipeline/.venv/lib/python3.12/site-packages/airflow/example_dags/example_sensors.py took 0.296 seconds
[2024-12-11T23:56:05.364+0530] {processor.py:186} INFO - Started process (PID=12700) to work on /Users/jayesh/Desktop/Personal Work/Movie_data_pipeline/.venv/lib/python3.12/site-packages/airflow/example_dags/example_sensors.py
[2024-12-11T23:56:05.367+0530] {processor.py:914} INFO - Processing file /Users/jayesh/Desktop/Personal Work/Movie_data_pipeline/.venv/lib/python3.12/site-packages/airflow/example_dags/example_sensors.py for tasks to queue
[2024-12-11T23:56:05.368+0530] {logging_mixin.py:190} INFO - [2024-12-11T23:56:05.368+0530] {dagbag.py:588} INFO - Filling up the DagBag from /Users/jayesh/Desktop/Personal Work/Movie_data_pipeline/.venv/lib/python3.12/site-packages/airflow/example_dags/example_sensors.py
[2024-12-11T23:56:05.408+0530] {processor.py:925} INFO - DAG(s) 'example_sensors' retrieved from /Users/jayesh/Desktop/Personal Work/Movie_data_pipeline/.venv/lib/python3.12/site-packages/airflow/example_dags/example_sensors.py
[2024-12-11T23:56:05.556+0530] {logging_mixin.py:190} INFO - [2024-12-11T23:56:05.556+0530] {workday.py:41} WARNING - Could not import pandas. Holidays will not be considered.
[2024-12-11T23:56:05.603+0530] {logging_mixin.py:190} INFO - [2024-12-11T23:56:05.602+0530] {dag.py:3239} INFO - Sync 1 DAGs
[2024-12-11T23:56:05.617+0530] {logging_mixin.py:190} INFO - [2024-12-11T23:56:05.617+0530] {dag.py:4180} INFO - Setting next_dagrun for example_sensors to None, run_after=None
[2024-12-11T23:56:05.642+0530] {processor.py:208} INFO - Processing /Users/jayesh/Desktop/Personal Work/Movie_data_pipeline/.venv/lib/python3.12/site-packages/airflow/example_dags/example_sensors.py took 0.282 seconds
[2024-12-11T23:58:58.837+0530] {processor.py:186} INFO - Started process (PID=12978) to work on /Users/jayesh/Desktop/Personal Work/Movie_data_pipeline/.venv/lib/python3.12/site-packages/airflow/example_dags/example_sensors.py
[2024-12-11T23:58:58.840+0530] {processor.py:914} INFO - Processing file /Users/jayesh/Desktop/Personal Work/Movie_data_pipeline/.venv/lib/python3.12/site-packages/airflow/example_dags/example_sensors.py for tasks to queue
[2024-12-11T23:58:58.841+0530] {logging_mixin.py:190} INFO - [2024-12-11T23:58:58.841+0530] {dagbag.py:588} INFO - Filling up the DagBag from /Users/jayesh/Desktop/Personal Work/Movie_data_pipeline/.venv/lib/python3.12/site-packages/airflow/example_dags/example_sensors.py
[2024-12-11T23:58:58.879+0530] {processor.py:925} INFO - DAG(s) 'example_sensors' retrieved from /Users/jayesh/Desktop/Personal Work/Movie_data_pipeline/.venv/lib/python3.12/site-packages/airflow/example_dags/example_sensors.py
[2024-12-11T23:58:59.012+0530] {logging_mixin.py:190} INFO - [2024-12-11T23:58:59.012+0530] {workday.py:41} WARNING - Could not import pandas. Holidays will not be considered.
[2024-12-11T23:58:59.059+0530] {logging_mixin.py:190} INFO - [2024-12-11T23:58:59.059+0530] {dag.py:3239} INFO - Sync 1 DAGs
[2024-12-11T23:58:59.074+0530] {logging_mixin.py:190} INFO - [2024-12-11T23:58:59.073+0530] {dag.py:4180} INFO - Setting next_dagrun for example_sensors to None, run_after=None
[2024-12-11T23:58:59.098+0530] {processor.py:208} INFO - Processing /Users/jayesh/Desktop/Personal Work/Movie_data_pipeline/.venv/lib/python3.12/site-packages/airflow/example_dags/example_sensors.py took 0.265 seconds
[2024-12-12T00:01:53.061+0530] {processor.py:186} INFO - Started process (PID=13262) to work on /Users/jayesh/Desktop/Personal Work/Movie_data_pipeline/.venv/lib/python3.12/site-packages/airflow/example_dags/example_sensors.py
[2024-12-12T00:01:53.063+0530] {processor.py:914} INFO - Processing file /Users/jayesh/Desktop/Personal Work/Movie_data_pipeline/.venv/lib/python3.12/site-packages/airflow/example_dags/example_sensors.py for tasks to queue
[2024-12-12T00:01:53.065+0530] {logging_mixin.py:190} INFO - [2024-12-12T00:01:53.064+0530] {dagbag.py:588} INFO - Filling up the DagBag from /Users/jayesh/Desktop/Personal Work/Movie_data_pipeline/.venv/lib/python3.12/site-packages/airflow/example_dags/example_sensors.py
[2024-12-12T00:01:53.101+0530] {processor.py:925} INFO - DAG(s) 'example_sensors' retrieved from /Users/jayesh/Desktop/Personal Work/Movie_data_pipeline/.venv/lib/python3.12/site-packages/airflow/example_dags/example_sensors.py
[2024-12-12T00:01:53.240+0530] {logging_mixin.py:190} INFO - [2024-12-12T00:01:53.240+0530] {workday.py:41} WARNING - Could not import pandas. Holidays will not be considered.
[2024-12-12T00:01:53.291+0530] {logging_mixin.py:190} INFO - [2024-12-12T00:01:53.291+0530] {dag.py:3239} INFO - Sync 1 DAGs
[2024-12-12T00:01:53.306+0530] {logging_mixin.py:190} INFO - [2024-12-12T00:01:53.305+0530] {dag.py:4180} INFO - Setting next_dagrun for example_sensors to None, run_after=None
[2024-12-12T00:01:53.330+0530] {processor.py:208} INFO - Processing /Users/jayesh/Desktop/Personal Work/Movie_data_pipeline/.venv/lib/python3.12/site-packages/airflow/example_dags/example_sensors.py took 0.274 seconds
[2024-12-12T00:04:46.216+0530] {processor.py:186} INFO - Started process (PID=13529) to work on /Users/jayesh/Desktop/Personal Work/Movie_data_pipeline/.venv/lib/python3.12/site-packages/airflow/example_dags/example_sensors.py
[2024-12-12T00:04:46.218+0530] {processor.py:914} INFO - Processing file /Users/jayesh/Desktop/Personal Work/Movie_data_pipeline/.venv/lib/python3.12/site-packages/airflow/example_dags/example_sensors.py for tasks to queue
[2024-12-12T00:04:46.220+0530] {logging_mixin.py:190} INFO - [2024-12-12T00:04:46.220+0530] {dagbag.py:588} INFO - Filling up the DagBag from /Users/jayesh/Desktop/Personal Work/Movie_data_pipeline/.venv/lib/python3.12/site-packages/airflow/example_dags/example_sensors.py
[2024-12-12T00:04:46.254+0530] {processor.py:925} INFO - DAG(s) 'example_sensors' retrieved from /Users/jayesh/Desktop/Personal Work/Movie_data_pipeline/.venv/lib/python3.12/site-packages/airflow/example_dags/example_sensors.py
[2024-12-12T00:04:46.372+0530] {logging_mixin.py:190} INFO - [2024-12-12T00:04:46.371+0530] {workday.py:41} WARNING - Could not import pandas. Holidays will not be considered.
[2024-12-12T00:04:46.414+0530] {logging_mixin.py:190} INFO - [2024-12-12T00:04:46.413+0530] {dag.py:3239} INFO - Sync 1 DAGs
[2024-12-12T00:04:46.426+0530] {logging_mixin.py:190} INFO - [2024-12-12T00:04:46.425+0530] {dag.py:4180} INFO - Setting next_dagrun for example_sensors to None, run_after=None
[2024-12-12T00:04:46.447+0530] {processor.py:208} INFO - Processing /Users/jayesh/Desktop/Personal Work/Movie_data_pipeline/.venv/lib/python3.12/site-packages/airflow/example_dags/example_sensors.py took 0.234 seconds
[2024-12-12T00:07:40.150+0530] {processor.py:186} INFO - Started process (PID=13810) to work on /Users/jayesh/Desktop/Personal Work/Movie_data_pipeline/.venv/lib/python3.12/site-packages/airflow/example_dags/example_sensors.py
[2024-12-12T00:07:40.152+0530] {processor.py:914} INFO - Processing file /Users/jayesh/Desktop/Personal Work/Movie_data_pipeline/.venv/lib/python3.12/site-packages/airflow/example_dags/example_sensors.py for tasks to queue
[2024-12-12T00:07:40.154+0530] {logging_mixin.py:190} INFO - [2024-12-12T00:07:40.154+0530] {dagbag.py:588} INFO - Filling up the DagBag from /Users/jayesh/Desktop/Personal Work/Movie_data_pipeline/.venv/lib/python3.12/site-packages/airflow/example_dags/example_sensors.py
[2024-12-12T00:07:40.194+0530] {processor.py:925} INFO - DAG(s) 'example_sensors' retrieved from /Users/jayesh/Desktop/Personal Work/Movie_data_pipeline/.venv/lib/python3.12/site-packages/airflow/example_dags/example_sensors.py
[2024-12-12T00:07:40.313+0530] {logging_mixin.py:190} INFO - [2024-12-12T00:07:40.312+0530] {workday.py:41} WARNING - Could not import pandas. Holidays will not be considered.
[2024-12-12T00:07:40.363+0530] {logging_mixin.py:190} INFO - [2024-12-12T00:07:40.363+0530] {dag.py:3239} INFO - Sync 1 DAGs
[2024-12-12T00:07:40.375+0530] {logging_mixin.py:190} INFO - [2024-12-12T00:07:40.374+0530] {dag.py:4180} INFO - Setting next_dagrun for example_sensors to None, run_after=None
[2024-12-12T00:07:40.396+0530] {processor.py:208} INFO - Processing /Users/jayesh/Desktop/Personal Work/Movie_data_pipeline/.venv/lib/python3.12/site-packages/airflow/example_dags/example_sensors.py took 0.250 seconds
[2024-12-12T00:10:35.267+0530] {processor.py:186} INFO - Started process (PID=14080) to work on /Users/jayesh/Desktop/Personal Work/Movie_data_pipeline/.venv/lib/python3.12/site-packages/airflow/example_dags/example_sensors.py
[2024-12-12T00:10:35.269+0530] {processor.py:914} INFO - Processing file /Users/jayesh/Desktop/Personal Work/Movie_data_pipeline/.venv/lib/python3.12/site-packages/airflow/example_dags/example_sensors.py for tasks to queue
[2024-12-12T00:10:35.271+0530] {logging_mixin.py:190} INFO - [2024-12-12T00:10:35.270+0530] {dagbag.py:588} INFO - Filling up the DagBag from /Users/jayesh/Desktop/Personal Work/Movie_data_pipeline/.venv/lib/python3.12/site-packages/airflow/example_dags/example_sensors.py
[2024-12-12T00:10:35.307+0530] {processor.py:925} INFO - DAG(s) 'example_sensors' retrieved from /Users/jayesh/Desktop/Personal Work/Movie_data_pipeline/.venv/lib/python3.12/site-packages/airflow/example_dags/example_sensors.py
[2024-12-12T00:10:35.463+0530] {logging_mixin.py:190} INFO - [2024-12-12T00:10:35.463+0530] {workday.py:41} WARNING - Could not import pandas. Holidays will not be considered.
[2024-12-12T00:10:35.512+0530] {logging_mixin.py:190} INFO - [2024-12-12T00:10:35.512+0530] {dag.py:3239} INFO - Sync 1 DAGs
[2024-12-12T00:10:35.527+0530] {logging_mixin.py:190} INFO - [2024-12-12T00:10:35.527+0530] {dag.py:4180} INFO - Setting next_dagrun for example_sensors to None, run_after=None
[2024-12-12T00:10:35.555+0530] {processor.py:208} INFO - Processing /Users/jayesh/Desktop/Personal Work/Movie_data_pipeline/.venv/lib/python3.12/site-packages/airflow/example_dags/example_sensors.py took 0.293 seconds
[2024-12-12T00:13:29.639+0530] {processor.py:186} INFO - Started process (PID=14357) to work on /Users/jayesh/Desktop/Personal Work/Movie_data_pipeline/.venv/lib/python3.12/site-packages/airflow/example_dags/example_sensors.py
[2024-12-12T00:13:29.641+0530] {processor.py:914} INFO - Processing file /Users/jayesh/Desktop/Personal Work/Movie_data_pipeline/.venv/lib/python3.12/site-packages/airflow/example_dags/example_sensors.py for tasks to queue
[2024-12-12T00:13:29.643+0530] {logging_mixin.py:190} INFO - [2024-12-12T00:13:29.643+0530] {dagbag.py:588} INFO - Filling up the DagBag from /Users/jayesh/Desktop/Personal Work/Movie_data_pipeline/.venv/lib/python3.12/site-packages/airflow/example_dags/example_sensors.py
[2024-12-12T00:13:29.682+0530] {processor.py:925} INFO - DAG(s) 'example_sensors' retrieved from /Users/jayesh/Desktop/Personal Work/Movie_data_pipeline/.venv/lib/python3.12/site-packages/airflow/example_dags/example_sensors.py
[2024-12-12T00:13:29.833+0530] {logging_mixin.py:190} INFO - [2024-12-12T00:13:29.833+0530] {workday.py:41} WARNING - Could not import pandas. Holidays will not be considered.
[2024-12-12T00:13:29.885+0530] {logging_mixin.py:190} INFO - [2024-12-12T00:13:29.884+0530] {dag.py:3239} INFO - Sync 1 DAGs
[2024-12-12T00:13:29.905+0530] {logging_mixin.py:190} INFO - [2024-12-12T00:13:29.904+0530] {dag.py:4180} INFO - Setting next_dagrun for example_sensors to None, run_after=None
[2024-12-12T00:13:29.933+0530] {processor.py:208} INFO - Processing /Users/jayesh/Desktop/Personal Work/Movie_data_pipeline/.venv/lib/python3.12/site-packages/airflow/example_dags/example_sensors.py took 0.299 seconds
[2024-12-12T00:16:22.446+0530] {processor.py:186} INFO - Started process (PID=14641) to work on /Users/jayesh/Desktop/Personal Work/Movie_data_pipeline/.venv/lib/python3.12/site-packages/airflow/example_dags/example_sensors.py
[2024-12-12T00:16:22.449+0530] {processor.py:914} INFO - Processing file /Users/jayesh/Desktop/Personal Work/Movie_data_pipeline/.venv/lib/python3.12/site-packages/airflow/example_dags/example_sensors.py for tasks to queue
[2024-12-12T00:16:22.450+0530] {logging_mixin.py:190} INFO - [2024-12-12T00:16:22.450+0530] {dagbag.py:588} INFO - Filling up the DagBag from /Users/jayesh/Desktop/Personal Work/Movie_data_pipeline/.venv/lib/python3.12/site-packages/airflow/example_dags/example_sensors.py
[2024-12-12T00:16:22.484+0530] {processor.py:925} INFO - DAG(s) 'example_sensors' retrieved from /Users/jayesh/Desktop/Personal Work/Movie_data_pipeline/.venv/lib/python3.12/site-packages/airflow/example_dags/example_sensors.py
[2024-12-12T00:16:22.626+0530] {logging_mixin.py:190} INFO - [2024-12-12T00:16:22.625+0530] {workday.py:41} WARNING - Could not import pandas. Holidays will not be considered.
[2024-12-12T00:16:22.681+0530] {logging_mixin.py:190} INFO - [2024-12-12T00:16:22.681+0530] {dag.py:3239} INFO - Sync 1 DAGs
[2024-12-12T00:16:22.699+0530] {logging_mixin.py:190} INFO - [2024-12-12T00:16:22.699+0530] {dag.py:4180} INFO - Setting next_dagrun for example_sensors to None, run_after=None
[2024-12-12T00:16:22.724+0530] {processor.py:208} INFO - Processing /Users/jayesh/Desktop/Personal Work/Movie_data_pipeline/.venv/lib/python3.12/site-packages/airflow/example_dags/example_sensors.py took 0.281 seconds
[2024-12-12T00:19:13.641+0530] {processor.py:186} INFO - Started process (PID=14908) to work on /Users/jayesh/Desktop/Personal Work/Movie_data_pipeline/.venv/lib/python3.12/site-packages/airflow/example_dags/example_sensors.py
[2024-12-12T00:19:13.643+0530] {processor.py:914} INFO - Processing file /Users/jayesh/Desktop/Personal Work/Movie_data_pipeline/.venv/lib/python3.12/site-packages/airflow/example_dags/example_sensors.py for tasks to queue
[2024-12-12T00:19:13.645+0530] {logging_mixin.py:190} INFO - [2024-12-12T00:19:13.645+0530] {dagbag.py:588} INFO - Filling up the DagBag from /Users/jayesh/Desktop/Personal Work/Movie_data_pipeline/.venv/lib/python3.12/site-packages/airflow/example_dags/example_sensors.py
[2024-12-12T00:19:13.691+0530] {processor.py:925} INFO - DAG(s) 'example_sensors' retrieved from /Users/jayesh/Desktop/Personal Work/Movie_data_pipeline/.venv/lib/python3.12/site-packages/airflow/example_dags/example_sensors.py
[2024-12-12T00:19:13.837+0530] {logging_mixin.py:190} INFO - [2024-12-12T00:19:13.837+0530] {workday.py:41} WARNING - Could not import pandas. Holidays will not be considered.
[2024-12-12T00:19:13.888+0530] {logging_mixin.py:190} INFO - [2024-12-12T00:19:13.888+0530] {dag.py:3239} INFO - Sync 1 DAGs
[2024-12-12T00:19:13.903+0530] {logging_mixin.py:190} INFO - [2024-12-12T00:19:13.902+0530] {dag.py:4180} INFO - Setting next_dagrun for example_sensors to None, run_after=None
[2024-12-12T00:19:13.931+0530] {processor.py:208} INFO - Processing /Users/jayesh/Desktop/Personal Work/Movie_data_pipeline/.venv/lib/python3.12/site-packages/airflow/example_dags/example_sensors.py took 0.294 seconds
[2024-12-12T00:22:24.201+0530] {processor.py:186} INFO - Started process (PID=15214) to work on /Users/jayesh/Desktop/Personal Work/Movie_data_pipeline/.venv/lib/python3.12/site-packages/airflow/example_dags/example_sensors.py
[2024-12-12T00:22:24.203+0530] {processor.py:914} INFO - Processing file /Users/jayesh/Desktop/Personal Work/Movie_data_pipeline/.venv/lib/python3.12/site-packages/airflow/example_dags/example_sensors.py for tasks to queue
[2024-12-12T00:22:24.205+0530] {logging_mixin.py:190} INFO - [2024-12-12T00:22:24.204+0530] {dagbag.py:588} INFO - Filling up the DagBag from /Users/jayesh/Desktop/Personal Work/Movie_data_pipeline/.venv/lib/python3.12/site-packages/airflow/example_dags/example_sensors.py
[2024-12-12T00:22:24.244+0530] {processor.py:925} INFO - DAG(s) 'example_sensors' retrieved from /Users/jayesh/Desktop/Personal Work/Movie_data_pipeline/.venv/lib/python3.12/site-packages/airflow/example_dags/example_sensors.py
[2024-12-12T00:22:24.360+0530] {logging_mixin.py:190} INFO - [2024-12-12T00:22:24.359+0530] {workday.py:41} WARNING - Could not import pandas. Holidays will not be considered.
[2024-12-12T00:22:24.408+0530] {logging_mixin.py:190} INFO - [2024-12-12T00:22:24.408+0530] {dag.py:3239} INFO - Sync 1 DAGs
[2024-12-12T00:22:24.421+0530] {logging_mixin.py:190} INFO - [2024-12-12T00:22:24.420+0530] {dag.py:4180} INFO - Setting next_dagrun for example_sensors to None, run_after=None
[2024-12-12T00:22:24.443+0530] {processor.py:208} INFO - Processing /Users/jayesh/Desktop/Personal Work/Movie_data_pipeline/.venv/lib/python3.12/site-packages/airflow/example_dags/example_sensors.py took 0.245 seconds
[2024-12-12T00:25:59.378+0530] {processor.py:186} INFO - Started process (PID=15562) to work on /Users/jayesh/Desktop/Personal Work/Movie_data_pipeline/.venv/lib/python3.12/site-packages/airflow/example_dags/example_sensors.py
[2024-12-12T00:25:59.380+0530] {processor.py:914} INFO - Processing file /Users/jayesh/Desktop/Personal Work/Movie_data_pipeline/.venv/lib/python3.12/site-packages/airflow/example_dags/example_sensors.py for tasks to queue
[2024-12-12T00:25:59.382+0530] {logging_mixin.py:190} INFO - [2024-12-12T00:25:59.382+0530] {dagbag.py:588} INFO - Filling up the DagBag from /Users/jayesh/Desktop/Personal Work/Movie_data_pipeline/.venv/lib/python3.12/site-packages/airflow/example_dags/example_sensors.py
[2024-12-12T00:25:59.424+0530] {processor.py:925} INFO - DAG(s) 'example_sensors' retrieved from /Users/jayesh/Desktop/Personal Work/Movie_data_pipeline/.venv/lib/python3.12/site-packages/airflow/example_dags/example_sensors.py
[2024-12-12T00:25:59.588+0530] {logging_mixin.py:190} INFO - [2024-12-12T00:25:59.587+0530] {workday.py:41} WARNING - Could not import pandas. Holidays will not be considered.
[2024-12-12T00:25:59.651+0530] {logging_mixin.py:190} INFO - [2024-12-12T00:25:59.650+0530] {dag.py:3239} INFO - Sync 1 DAGs
[2024-12-12T00:25:59.669+0530] {logging_mixin.py:190} INFO - [2024-12-12T00:25:59.667+0530] {dag.py:4180} INFO - Setting next_dagrun for example_sensors to None, run_after=None
[2024-12-12T00:25:59.699+0530] {processor.py:208} INFO - Processing /Users/jayesh/Desktop/Personal Work/Movie_data_pipeline/.venv/lib/python3.12/site-packages/airflow/example_dags/example_sensors.py took 0.327 seconds
