[2024-12-11T23:27:12.869+0530] {processor.py:186} INFO - Started process (PID=9634) to work on /Users/jayesh/Desktop/Personal Work/Movie_data_pipeline/.venv/lib/python3.12/site-packages/airflow/example_dags/example_complex.py
[2024-12-11T23:27:12.873+0530] {processor.py:914} INFO - Processing file /Users/jayesh/Desktop/Personal Work/Movie_data_pipeline/.venv/lib/python3.12/site-packages/airflow/example_dags/example_complex.py for tasks to queue
[2024-12-11T23:27:12.875+0530] {logging_mixin.py:190} INFO - [2024-12-11T23:27:12.875+0530] {dagbag.py:588} INFO - Filling up the DagBag from /Users/jayesh/Desktop/Personal Work/Movie_data_pipeline/.venv/lib/python3.12/site-packages/airflow/example_dags/example_complex.py
[2024-12-11T23:27:12.897+0530] {processor.py:925} INFO - DAG(s) 'example_complex' retrieved from /Users/jayesh/Desktop/Personal Work/Movie_data_pipeline/.venv/lib/python3.12/site-packages/airflow/example_dags/example_complex.py
[2024-12-11T23:27:13.343+0530] {logging_mixin.py:190} INFO - [2024-12-11T23:27:13.342+0530] {override.py:1911} INFO - Created Permission View: can edit on DAG:example_complex
[2024-12-11T23:27:13.357+0530] {logging_mixin.py:190} INFO - [2024-12-11T23:27:13.357+0530] {override.py:1911} INFO - Created Permission View: can read on DAG:example_complex
[2024-12-11T23:27:13.366+0530] {logging_mixin.py:190} INFO - [2024-12-11T23:27:13.366+0530] {override.py:1911} INFO - Created Permission View: can delete on DAG:example_complex
[2024-12-11T23:27:13.380+0530] {logging_mixin.py:190} INFO - [2024-12-11T23:27:13.380+0530] {override.py:1911} INFO - Created Permission View: menu access on DAG Run:example_complex
[2024-12-11T23:27:13.389+0530] {logging_mixin.py:190} INFO - [2024-12-11T23:27:13.389+0530] {override.py:1911} INFO - Created Permission View: can create on DAG Run:example_complex
[2024-12-11T23:27:13.399+0530] {logging_mixin.py:190} INFO - [2024-12-11T23:27:13.398+0530] {override.py:1911} INFO - Created Permission View: can read on DAG Run:example_complex
[2024-12-11T23:27:13.409+0530] {logging_mixin.py:190} INFO - [2024-12-11T23:27:13.408+0530] {override.py:1911} INFO - Created Permission View: can delete on DAG Run:example_complex
[2024-12-11T23:27:13.409+0530] {logging_mixin.py:190} INFO - [2024-12-11T23:27:13.409+0530] {dag.py:3239} INFO - Sync 1 DAGs
[2024-12-11T23:27:13.425+0530] {logging_mixin.py:190} INFO - [2024-12-11T23:27:13.424+0530] {dag.py:3262} INFO - Creating ORM DAG for example_complex
[2024-12-11T23:27:13.426+0530] {logging_mixin.py:190} INFO - [2024-12-11T23:27:13.425+0530] {dag.py:4180} INFO - Setting next_dagrun for example_complex to None, run_after=None
[2024-12-11T23:27:13.450+0530] {processor.py:208} INFO - Processing /Users/jayesh/Desktop/Personal Work/Movie_data_pipeline/.venv/lib/python3.12/site-packages/airflow/example_dags/example_complex.py took 0.585 seconds
[2024-12-11T23:31:20.141+0530] {processor.py:186} INFO - Started process (PID=10015) to work on /Users/jayesh/Desktop/Personal Work/Movie_data_pipeline/.venv/lib/python3.12/site-packages/airflow/example_dags/example_complex.py
[2024-12-11T23:31:20.146+0530] {processor.py:914} INFO - Processing file /Users/jayesh/Desktop/Personal Work/Movie_data_pipeline/.venv/lib/python3.12/site-packages/airflow/example_dags/example_complex.py for tasks to queue
[2024-12-11T23:31:20.147+0530] {logging_mixin.py:190} INFO - [2024-12-11T23:31:20.147+0530] {dagbag.py:588} INFO - Filling up the DagBag from /Users/jayesh/Desktop/Personal Work/Movie_data_pipeline/.venv/lib/python3.12/site-packages/airflow/example_dags/example_complex.py
[2024-12-11T23:31:20.166+0530] {processor.py:925} INFO - DAG(s) 'example_complex' retrieved from /Users/jayesh/Desktop/Personal Work/Movie_data_pipeline/.venv/lib/python3.12/site-packages/airflow/example_dags/example_complex.py
[2024-12-11T23:31:20.339+0530] {logging_mixin.py:190} INFO - [2024-12-11T23:31:20.338+0530] {dag.py:3239} INFO - Sync 1 DAGs
[2024-12-11T23:31:20.355+0530] {logging_mixin.py:190} INFO - [2024-12-11T23:31:20.354+0530] {dag.py:4180} INFO - Setting next_dagrun for example_complex to None, run_after=None
[2024-12-11T23:31:20.381+0530] {processor.py:208} INFO - Processing /Users/jayesh/Desktop/Personal Work/Movie_data_pipeline/.venv/lib/python3.12/site-packages/airflow/example_dags/example_complex.py took 0.246 seconds
[2024-12-11T23:39:28.228+0530] {processor.py:186} INFO - Started process (PID=10966) to work on /Users/jayesh/Desktop/Personal Work/Movie_data_pipeline/.venv/lib/python3.12/site-packages/airflow/example_dags/example_complex.py
[2024-12-11T23:39:28.231+0530] {processor.py:914} INFO - Processing file /Users/jayesh/Desktop/Personal Work/Movie_data_pipeline/.venv/lib/python3.12/site-packages/airflow/example_dags/example_complex.py for tasks to queue
[2024-12-11T23:39:28.233+0530] {logging_mixin.py:190} INFO - [2024-12-11T23:39:28.233+0530] {dagbag.py:588} INFO - Filling up the DagBag from /Users/jayesh/Desktop/Personal Work/Movie_data_pipeline/.venv/lib/python3.12/site-packages/airflow/example_dags/example_complex.py
[2024-12-11T23:39:28.275+0530] {processor.py:925} INFO - DAG(s) 'example_complex' retrieved from /Users/jayesh/Desktop/Personal Work/Movie_data_pipeline/.venv/lib/python3.12/site-packages/airflow/example_dags/example_complex.py
[2024-12-11T23:39:28.456+0530] {logging_mixin.py:190} INFO - [2024-12-11T23:39:28.456+0530] {dag.py:3239} INFO - Sync 1 DAGs
[2024-12-11T23:39:28.475+0530] {logging_mixin.py:190} INFO - [2024-12-11T23:39:28.475+0530] {dag.py:4180} INFO - Setting next_dagrun for example_complex to None, run_after=None
[2024-12-11T23:39:28.498+0530] {processor.py:208} INFO - Processing /Users/jayesh/Desktop/Personal Work/Movie_data_pipeline/.venv/lib/python3.12/site-packages/airflow/example_dags/example_complex.py took 0.275 seconds
[2024-12-11T23:48:44.198+0530] {processor.py:186} INFO - Started process (PID=11914) to work on /Users/jayesh/Desktop/Personal Work/Movie_data_pipeline/.venv/lib/python3.12/site-packages/airflow/example_dags/example_complex.py
[2024-12-11T23:48:44.201+0530] {processor.py:914} INFO - Processing file /Users/jayesh/Desktop/Personal Work/Movie_data_pipeline/.venv/lib/python3.12/site-packages/airflow/example_dags/example_complex.py for tasks to queue
[2024-12-11T23:48:44.203+0530] {logging_mixin.py:190} INFO - [2024-12-11T23:48:44.202+0530] {dagbag.py:588} INFO - Filling up the DagBag from /Users/jayesh/Desktop/Personal Work/Movie_data_pipeline/.venv/lib/python3.12/site-packages/airflow/example_dags/example_complex.py
[2024-12-11T23:48:44.219+0530] {processor.py:925} INFO - DAG(s) 'example_complex' retrieved from /Users/jayesh/Desktop/Personal Work/Movie_data_pipeline/.venv/lib/python3.12/site-packages/airflow/example_dags/example_complex.py
[2024-12-11T23:48:44.363+0530] {logging_mixin.py:190} INFO - [2024-12-11T23:48:44.362+0530] {dag.py:3239} INFO - Sync 1 DAGs
[2024-12-11T23:48:44.381+0530] {logging_mixin.py:190} INFO - [2024-12-11T23:48:44.380+0530] {dag.py:4180} INFO - Setting next_dagrun for example_complex to None, run_after=None
[2024-12-11T23:48:44.419+0530] {processor.py:208} INFO - Processing /Users/jayesh/Desktop/Personal Work/Movie_data_pipeline/.venv/lib/python3.12/site-packages/airflow/example_dags/example_complex.py took 0.224 seconds
[2024-12-11T23:54:25.448+0530] {processor.py:186} INFO - Started process (PID=12521) to work on /Users/jayesh/Desktop/Personal Work/Movie_data_pipeline/.venv/lib/python3.12/site-packages/airflow/example_dags/example_complex.py
[2024-12-11T23:54:25.451+0530] {processor.py:914} INFO - Processing file /Users/jayesh/Desktop/Personal Work/Movie_data_pipeline/.venv/lib/python3.12/site-packages/airflow/example_dags/example_complex.py for tasks to queue
[2024-12-11T23:54:25.452+0530] {logging_mixin.py:190} INFO - [2024-12-11T23:54:25.452+0530] {dagbag.py:588} INFO - Filling up the DagBag from /Users/jayesh/Desktop/Personal Work/Movie_data_pipeline/.venv/lib/python3.12/site-packages/airflow/example_dags/example_complex.py
[2024-12-11T23:54:25.469+0530] {processor.py:925} INFO - DAG(s) 'example_complex' retrieved from /Users/jayesh/Desktop/Personal Work/Movie_data_pipeline/.venv/lib/python3.12/site-packages/airflow/example_dags/example_complex.py
[2024-12-11T23:54:25.604+0530] {logging_mixin.py:190} INFO - [2024-12-11T23:54:25.604+0530] {dag.py:3239} INFO - Sync 1 DAGs
[2024-12-11T23:54:25.618+0530] {logging_mixin.py:190} INFO - [2024-12-11T23:54:25.618+0530] {dag.py:4180} INFO - Setting next_dagrun for example_complex to None, run_after=None
[2024-12-11T23:54:25.640+0530] {processor.py:208} INFO - Processing /Users/jayesh/Desktop/Personal Work/Movie_data_pipeline/.venv/lib/python3.12/site-packages/airflow/example_dags/example_complex.py took 0.196 seconds
[2024-12-12T00:00:12.311+0530] {processor.py:186} INFO - Started process (PID=13097) to work on /Users/jayesh/Desktop/Personal Work/Movie_data_pipeline/.venv/lib/python3.12/site-packages/airflow/example_dags/example_complex.py
[2024-12-12T00:00:12.315+0530] {processor.py:914} INFO - Processing file /Users/jayesh/Desktop/Personal Work/Movie_data_pipeline/.venv/lib/python3.12/site-packages/airflow/example_dags/example_complex.py for tasks to queue
[2024-12-12T00:00:12.317+0530] {logging_mixin.py:190} INFO - [2024-12-12T00:00:12.316+0530] {dagbag.py:588} INFO - Filling up the DagBag from /Users/jayesh/Desktop/Personal Work/Movie_data_pipeline/.venv/lib/python3.12/site-packages/airflow/example_dags/example_complex.py
[2024-12-12T00:00:12.339+0530] {processor.py:925} INFO - DAG(s) 'example_complex' retrieved from /Users/jayesh/Desktop/Personal Work/Movie_data_pipeline/.venv/lib/python3.12/site-packages/airflow/example_dags/example_complex.py
[2024-12-12T00:00:12.534+0530] {logging_mixin.py:190} INFO - [2024-12-12T00:00:12.534+0530] {dag.py:3239} INFO - Sync 1 DAGs
[2024-12-12T00:00:12.549+0530] {logging_mixin.py:190} INFO - [2024-12-12T00:00:12.549+0530] {dag.py:4180} INFO - Setting next_dagrun for example_complex to None, run_after=None
[2024-12-12T00:00:12.576+0530] {processor.py:208} INFO - Processing /Users/jayesh/Desktop/Personal Work/Movie_data_pipeline/.venv/lib/python3.12/site-packages/airflow/example_dags/example_complex.py took 0.270 seconds
[2024-12-12T00:06:01.151+0530] {processor.py:186} INFO - Started process (PID=13656) to work on /Users/jayesh/Desktop/Personal Work/Movie_data_pipeline/.venv/lib/python3.12/site-packages/airflow/example_dags/example_complex.py
[2024-12-12T00:06:01.154+0530] {processor.py:914} INFO - Processing file /Users/jayesh/Desktop/Personal Work/Movie_data_pipeline/.venv/lib/python3.12/site-packages/airflow/example_dags/example_complex.py for tasks to queue
[2024-12-12T00:06:01.156+0530] {logging_mixin.py:190} INFO - [2024-12-12T00:06:01.156+0530] {dagbag.py:588} INFO - Filling up the DagBag from /Users/jayesh/Desktop/Personal Work/Movie_data_pipeline/.venv/lib/python3.12/site-packages/airflow/example_dags/example_complex.py
[2024-12-12T00:06:01.174+0530] {processor.py:925} INFO - DAG(s) 'example_complex' retrieved from /Users/jayesh/Desktop/Personal Work/Movie_data_pipeline/.venv/lib/python3.12/site-packages/airflow/example_dags/example_complex.py
[2024-12-12T00:06:01.322+0530] {logging_mixin.py:190} INFO - [2024-12-12T00:06:01.322+0530] {dag.py:3239} INFO - Sync 1 DAGs
[2024-12-12T00:06:01.338+0530] {logging_mixin.py:190} INFO - [2024-12-12T00:06:01.338+0530] {dag.py:4180} INFO - Setting next_dagrun for example_complex to None, run_after=None
[2024-12-12T00:06:01.361+0530] {processor.py:208} INFO - Processing /Users/jayesh/Desktop/Personal Work/Movie_data_pipeline/.venv/lib/python3.12/site-packages/airflow/example_dags/example_complex.py took 0.213 seconds
[2024-12-12T00:11:49.555+0530] {processor.py:186} INFO - Started process (PID=14214) to work on /Users/jayesh/Desktop/Personal Work/Movie_data_pipeline/.venv/lib/python3.12/site-packages/airflow/example_dags/example_complex.py
[2024-12-12T00:11:49.557+0530] {processor.py:914} INFO - Processing file /Users/jayesh/Desktop/Personal Work/Movie_data_pipeline/.venv/lib/python3.12/site-packages/airflow/example_dags/example_complex.py for tasks to queue
[2024-12-12T00:11:49.559+0530] {logging_mixin.py:190} INFO - [2024-12-12T00:11:49.559+0530] {dagbag.py:588} INFO - Filling up the DagBag from /Users/jayesh/Desktop/Personal Work/Movie_data_pipeline/.venv/lib/python3.12/site-packages/airflow/example_dags/example_complex.py
[2024-12-12T00:11:49.578+0530] {processor.py:925} INFO - DAG(s) 'example_complex' retrieved from /Users/jayesh/Desktop/Personal Work/Movie_data_pipeline/.venv/lib/python3.12/site-packages/airflow/example_dags/example_complex.py
[2024-12-12T00:11:49.712+0530] {logging_mixin.py:190} INFO - [2024-12-12T00:11:49.711+0530] {dag.py:3239} INFO - Sync 1 DAGs
[2024-12-12T00:11:49.725+0530] {logging_mixin.py:190} INFO - [2024-12-12T00:11:49.725+0530] {dag.py:4180} INFO - Setting next_dagrun for example_complex to None, run_after=None
[2024-12-12T00:11:49.753+0530] {processor.py:208} INFO - Processing /Users/jayesh/Desktop/Personal Work/Movie_data_pipeline/.venv/lib/python3.12/site-packages/airflow/example_dags/example_complex.py took 0.201 seconds
[2024-12-12T00:17:33.640+0530] {processor.py:186} INFO - Started process (PID=14745) to work on /Users/jayesh/Desktop/Personal Work/Movie_data_pipeline/.venv/lib/python3.12/site-packages/airflow/example_dags/example_complex.py
[2024-12-12T00:17:33.642+0530] {processor.py:914} INFO - Processing file /Users/jayesh/Desktop/Personal Work/Movie_data_pipeline/.venv/lib/python3.12/site-packages/airflow/example_dags/example_complex.py for tasks to queue
[2024-12-12T00:17:33.643+0530] {logging_mixin.py:190} INFO - [2024-12-12T00:17:33.643+0530] {dagbag.py:588} INFO - Filling up the DagBag from /Users/jayesh/Desktop/Personal Work/Movie_data_pipeline/.venv/lib/python3.12/site-packages/airflow/example_dags/example_complex.py
[2024-12-12T00:17:33.664+0530] {processor.py:925} INFO - DAG(s) 'example_complex' retrieved from /Users/jayesh/Desktop/Personal Work/Movie_data_pipeline/.venv/lib/python3.12/site-packages/airflow/example_dags/example_complex.py
[2024-12-12T00:17:33.806+0530] {logging_mixin.py:190} INFO - [2024-12-12T00:17:33.806+0530] {dag.py:3239} INFO - Sync 1 DAGs
[2024-12-12T00:17:33.820+0530] {logging_mixin.py:190} INFO - [2024-12-12T00:17:33.820+0530] {dag.py:4180} INFO - Setting next_dagrun for example_complex to None, run_after=None
[2024-12-12T00:17:33.842+0530] {processor.py:208} INFO - Processing /Users/jayesh/Desktop/Personal Work/Movie_data_pipeline/.venv/lib/python3.12/site-packages/airflow/example_dags/example_complex.py took 0.206 seconds
[2024-12-12T00:23:49.364+0530] {processor.py:186} INFO - Started process (PID=15350) to work on /Users/jayesh/Desktop/Personal Work/Movie_data_pipeline/.venv/lib/python3.12/site-packages/airflow/example_dags/example_complex.py
[2024-12-12T00:23:49.366+0530] {processor.py:914} INFO - Processing file /Users/jayesh/Desktop/Personal Work/Movie_data_pipeline/.venv/lib/python3.12/site-packages/airflow/example_dags/example_complex.py for tasks to queue
[2024-12-12T00:23:49.370+0530] {logging_mixin.py:190} INFO - [2024-12-12T00:23:49.369+0530] {dagbag.py:588} INFO - Filling up the DagBag from /Users/jayesh/Desktop/Personal Work/Movie_data_pipeline/.venv/lib/python3.12/site-packages/airflow/example_dags/example_complex.py
[2024-12-12T00:23:49.391+0530] {processor.py:925} INFO - DAG(s) 'example_complex' retrieved from /Users/jayesh/Desktop/Personal Work/Movie_data_pipeline/.venv/lib/python3.12/site-packages/airflow/example_dags/example_complex.py
[2024-12-12T00:23:49.540+0530] {logging_mixin.py:190} INFO - [2024-12-12T00:23:49.540+0530] {dag.py:3239} INFO - Sync 1 DAGs
[2024-12-12T00:23:49.555+0530] {logging_mixin.py:190} INFO - [2024-12-12T00:23:49.554+0530] {dag.py:4180} INFO - Setting next_dagrun for example_complex to None, run_after=None
[2024-12-12T00:23:49.578+0530] {processor.py:208} INFO - Processing /Users/jayesh/Desktop/Personal Work/Movie_data_pipeline/.venv/lib/python3.12/site-packages/airflow/example_dags/example_complex.py took 0.218 seconds
