[2024-12-11T23:24:42.396+0530] {processor.py:186} INFO - Started process (PID=9374) to work on /Users/jayesh/Desktop/Personal Work/Movie_data_pipeline/.venv/lib/python3.12/site-packages/airflow/example_dags/example_task_group.py
[2024-12-11T23:24:42.397+0530] {processor.py:914} INFO - Processing file /Users/jayesh/Desktop/Personal Work/Movie_data_pipeline/.venv/lib/python3.12/site-packages/airflow/example_dags/example_task_group.py for tasks to queue
[2024-12-11T23:24:42.399+0530] {logging_mixin.py:190} INFO - [2024-12-11T23:24:42.398+0530] {dagbag.py:588} INFO - Filling up the DagBag from /Users/jayesh/Desktop/Personal Work/Movie_data_pipeline/.venv/lib/python3.12/site-packages/airflow/example_dags/example_task_group.py
[2024-12-11T23:24:42.417+0530] {processor.py:925} INFO - DAG(s) 'example_task_group' retrieved from /Users/jayesh/Desktop/Personal Work/Movie_data_pipeline/.venv/lib/python3.12/site-packages/airflow/example_dags/example_task_group.py
[2024-12-11T23:24:42.778+0530] {logging_mixin.py:190} INFO - [2024-12-11T23:24:42.777+0530] {override.py:1911} INFO - Created Permission View: can read on DAG:example_task_group
[2024-12-11T23:24:42.790+0530] {logging_mixin.py:190} INFO - [2024-12-11T23:24:42.790+0530] {override.py:1911} INFO - Created Permission View: can edit on DAG:example_task_group
[2024-12-11T23:24:42.799+0530] {logging_mixin.py:190} INFO - [2024-12-11T23:24:42.798+0530] {override.py:1911} INFO - Created Permission View: can delete on DAG:example_task_group
[2024-12-11T23:24:42.820+0530] {logging_mixin.py:190} INFO - [2024-12-11T23:24:42.819+0530] {override.py:1911} INFO - Created Permission View: can read on DAG Run:example_task_group
[2024-12-11T23:24:42.829+0530] {logging_mixin.py:190} INFO - [2024-12-11T23:24:42.828+0530] {override.py:1911} INFO - Created Permission View: can create on DAG Run:example_task_group
[2024-12-11T23:24:42.839+0530] {logging_mixin.py:190} INFO - [2024-12-11T23:24:42.838+0530] {override.py:1911} INFO - Created Permission View: menu access on DAG Run:example_task_group
[2024-12-11T23:24:42.847+0530] {logging_mixin.py:190} INFO - [2024-12-11T23:24:42.847+0530] {override.py:1911} INFO - Created Permission View: can delete on DAG Run:example_task_group
[2024-12-11T23:24:42.847+0530] {logging_mixin.py:190} INFO - [2024-12-11T23:24:42.847+0530] {dag.py:3239} INFO - Sync 1 DAGs
[2024-12-11T23:24:42.861+0530] {logging_mixin.py:190} INFO - [2024-12-11T23:24:42.860+0530] {dag.py:3262} INFO - Creating ORM DAG for example_task_group
[2024-12-11T23:24:42.861+0530] {logging_mixin.py:190} INFO - [2024-12-11T23:24:42.861+0530] {dag.py:4180} INFO - Setting next_dagrun for example_task_group to None, run_after=None
[2024-12-11T23:24:42.883+0530] {processor.py:208} INFO - Processing /Users/jayesh/Desktop/Personal Work/Movie_data_pipeline/.venv/lib/python3.12/site-packages/airflow/example_dags/example_task_group.py took 0.491 seconds
[2024-12-11T23:29:17.837+0530] {processor.py:186} INFO - Started process (PID=9831) to work on /Users/jayesh/Desktop/Personal Work/Movie_data_pipeline/.venv/lib/python3.12/site-packages/airflow/example_dags/example_task_group.py
[2024-12-11T23:29:17.842+0530] {processor.py:914} INFO - Processing file /Users/jayesh/Desktop/Personal Work/Movie_data_pipeline/.venv/lib/python3.12/site-packages/airflow/example_dags/example_task_group.py for tasks to queue
[2024-12-11T23:29:17.843+0530] {logging_mixin.py:190} INFO - [2024-12-11T23:29:17.843+0530] {dagbag.py:588} INFO - Filling up the DagBag from /Users/jayesh/Desktop/Personal Work/Movie_data_pipeline/.venv/lib/python3.12/site-packages/airflow/example_dags/example_task_group.py
[2024-12-11T23:29:17.856+0530] {processor.py:925} INFO - DAG(s) 'example_task_group' retrieved from /Users/jayesh/Desktop/Personal Work/Movie_data_pipeline/.venv/lib/python3.12/site-packages/airflow/example_dags/example_task_group.py
[2024-12-11T23:29:18.014+0530] {logging_mixin.py:190} INFO - [2024-12-11T23:29:18.014+0530] {dag.py:3239} INFO - Sync 1 DAGs
[2024-12-11T23:29:18.030+0530] {logging_mixin.py:190} INFO - [2024-12-11T23:29:18.030+0530] {dag.py:4180} INFO - Setting next_dagrun for example_task_group to None, run_after=None
[2024-12-11T23:29:18.054+0530] {processor.py:208} INFO - Processing /Users/jayesh/Desktop/Personal Work/Movie_data_pipeline/.venv/lib/python3.12/site-packages/airflow/example_dags/example_task_group.py took 0.221 seconds
[2024-12-11T23:33:07.035+0530] {processor.py:186} INFO - Started process (PID=10184) to work on /Users/jayesh/Desktop/Personal Work/Movie_data_pipeline/.venv/lib/python3.12/site-packages/airflow/example_dags/example_task_group.py
[2024-12-11T23:33:07.043+0530] {processor.py:914} INFO - Processing file /Users/jayesh/Desktop/Personal Work/Movie_data_pipeline/.venv/lib/python3.12/site-packages/airflow/example_dags/example_task_group.py for tasks to queue
[2024-12-11T23:33:07.044+0530] {logging_mixin.py:190} INFO - [2024-12-11T23:33:07.044+0530] {dagbag.py:588} INFO - Filling up the DagBag from /Users/jayesh/Desktop/Personal Work/Movie_data_pipeline/.venv/lib/python3.12/site-packages/airflow/example_dags/example_task_group.py
[2024-12-11T23:33:07.067+0530] {processor.py:925} INFO - DAG(s) 'example_task_group' retrieved from /Users/jayesh/Desktop/Personal Work/Movie_data_pipeline/.venv/lib/python3.12/site-packages/airflow/example_dags/example_task_group.py
[2024-12-11T23:33:07.551+0530] {logging_mixin.py:190} INFO - [2024-12-11T23:33:07.550+0530] {dag.py:3239} INFO - Sync 1 DAGs
[2024-12-11T23:33:07.582+0530] {logging_mixin.py:190} INFO - [2024-12-11T23:33:07.582+0530] {dag.py:4180} INFO - Setting next_dagrun for example_task_group to None, run_after=None
[2024-12-11T23:33:07.641+0530] {processor.py:208} INFO - Processing /Users/jayesh/Desktop/Personal Work/Movie_data_pipeline/.venv/lib/python3.12/site-packages/airflow/example_dags/example_task_group.py took 0.613 seconds
[2024-12-11T23:37:02.312+0530] {processor.py:186} INFO - Started process (PID=10744) to work on /Users/jayesh/Desktop/Personal Work/Movie_data_pipeline/.venv/lib/python3.12/site-packages/airflow/example_dags/example_task_group.py
[2024-12-11T23:37:02.315+0530] {processor.py:914} INFO - Processing file /Users/jayesh/Desktop/Personal Work/Movie_data_pipeline/.venv/lib/python3.12/site-packages/airflow/example_dags/example_task_group.py for tasks to queue
[2024-12-11T23:37:02.317+0530] {logging_mixin.py:190} INFO - [2024-12-11T23:37:02.317+0530] {dagbag.py:588} INFO - Filling up the DagBag from /Users/jayesh/Desktop/Personal Work/Movie_data_pipeline/.venv/lib/python3.12/site-packages/airflow/example_dags/example_task_group.py
[2024-12-11T23:37:02.331+0530] {processor.py:925} INFO - DAG(s) 'example_task_group' retrieved from /Users/jayesh/Desktop/Personal Work/Movie_data_pipeline/.venv/lib/python3.12/site-packages/airflow/example_dags/example_task_group.py
[2024-12-11T23:37:02.476+0530] {logging_mixin.py:190} INFO - [2024-12-11T23:37:02.475+0530] {dag.py:3239} INFO - Sync 1 DAGs
[2024-12-11T23:37:02.492+0530] {logging_mixin.py:190} INFO - [2024-12-11T23:37:02.491+0530] {dag.py:4180} INFO - Setting next_dagrun for example_task_group to None, run_after=None
[2024-12-11T23:37:02.514+0530] {processor.py:208} INFO - Processing /Users/jayesh/Desktop/Personal Work/Movie_data_pipeline/.venv/lib/python3.12/site-packages/airflow/example_dags/example_task_group.py took 0.206 seconds
[2024-12-11T23:41:02.749+0530] {processor.py:186} INFO - Started process (PID=11118) to work on /Users/jayesh/Desktop/Personal Work/Movie_data_pipeline/.venv/lib/python3.12/site-packages/airflow/example_dags/example_task_group.py
[2024-12-11T23:41:02.754+0530] {processor.py:914} INFO - Processing file /Users/jayesh/Desktop/Personal Work/Movie_data_pipeline/.venv/lib/python3.12/site-packages/airflow/example_dags/example_task_group.py for tasks to queue
[2024-12-11T23:41:02.761+0530] {logging_mixin.py:190} INFO - [2024-12-11T23:41:02.759+0530] {dagbag.py:588} INFO - Filling up the DagBag from /Users/jayesh/Desktop/Personal Work/Movie_data_pipeline/.venv/lib/python3.12/site-packages/airflow/example_dags/example_task_group.py
[2024-12-11T23:41:02.802+0530] {processor.py:925} INFO - DAG(s) 'example_task_group' retrieved from /Users/jayesh/Desktop/Personal Work/Movie_data_pipeline/.venv/lib/python3.12/site-packages/airflow/example_dags/example_task_group.py
[2024-12-11T23:41:03.604+0530] {logging_mixin.py:190} INFO - [2024-12-11T23:41:03.603+0530] {dag.py:3239} INFO - Sync 1 DAGs
[2024-12-11T23:41:03.661+0530] {logging_mixin.py:190} INFO - [2024-12-11T23:41:03.660+0530] {dag.py:4180} INFO - Setting next_dagrun for example_task_group to None, run_after=None
[2024-12-11T23:41:03.716+0530] {processor.py:208} INFO - Processing /Users/jayesh/Desktop/Personal Work/Movie_data_pipeline/.venv/lib/python3.12/site-packages/airflow/example_dags/example_task_group.py took 0.976 seconds
[2024-12-11T23:46:42.093+0530] {processor.py:186} INFO - Started process (PID=11714) to work on /Users/jayesh/Desktop/Personal Work/Movie_data_pipeline/.venv/lib/python3.12/site-packages/airflow/example_dags/example_task_group.py
[2024-12-11T23:46:42.095+0530] {processor.py:914} INFO - Processing file /Users/jayesh/Desktop/Personal Work/Movie_data_pipeline/.venv/lib/python3.12/site-packages/airflow/example_dags/example_task_group.py for tasks to queue
[2024-12-11T23:46:42.098+0530] {logging_mixin.py:190} INFO - [2024-12-11T23:46:42.097+0530] {dagbag.py:588} INFO - Filling up the DagBag from /Users/jayesh/Desktop/Personal Work/Movie_data_pipeline/.venv/lib/python3.12/site-packages/airflow/example_dags/example_task_group.py
[2024-12-11T23:46:42.112+0530] {processor.py:925} INFO - DAG(s) 'example_task_group' retrieved from /Users/jayesh/Desktop/Personal Work/Movie_data_pipeline/.venv/lib/python3.12/site-packages/airflow/example_dags/example_task_group.py
[2024-12-11T23:46:42.275+0530] {logging_mixin.py:190} INFO - [2024-12-11T23:46:42.275+0530] {dag.py:3239} INFO - Sync 1 DAGs
[2024-12-11T23:46:42.292+0530] {logging_mixin.py:190} INFO - [2024-12-11T23:46:42.292+0530] {dag.py:4180} INFO - Setting next_dagrun for example_task_group to None, run_after=None
[2024-12-11T23:46:42.318+0530] {processor.py:208} INFO - Processing /Users/jayesh/Desktop/Personal Work/Movie_data_pipeline/.venv/lib/python3.12/site-packages/airflow/example_dags/example_task_group.py took 0.229 seconds
[2024-12-11T23:49:55.245+0530] {processor.py:186} INFO - Started process (PID=12067) to work on /Users/jayesh/Desktop/Personal Work/Movie_data_pipeline/.venv/lib/python3.12/site-packages/airflow/example_dags/example_task_group.py
[2024-12-11T23:49:55.248+0530] {processor.py:914} INFO - Processing file /Users/jayesh/Desktop/Personal Work/Movie_data_pipeline/.venv/lib/python3.12/site-packages/airflow/example_dags/example_task_group.py for tasks to queue
[2024-12-11T23:49:55.250+0530] {logging_mixin.py:190} INFO - [2024-12-11T23:49:55.249+0530] {dagbag.py:588} INFO - Filling up the DagBag from /Users/jayesh/Desktop/Personal Work/Movie_data_pipeline/.venv/lib/python3.12/site-packages/airflow/example_dags/example_task_group.py
[2024-12-11T23:49:55.262+0530] {processor.py:925} INFO - DAG(s) 'example_task_group' retrieved from /Users/jayesh/Desktop/Personal Work/Movie_data_pipeline/.venv/lib/python3.12/site-packages/airflow/example_dags/example_task_group.py
[2024-12-11T23:49:55.405+0530] {logging_mixin.py:190} INFO - [2024-12-11T23:49:55.405+0530] {dag.py:3239} INFO - Sync 1 DAGs
[2024-12-11T23:49:55.419+0530] {logging_mixin.py:190} INFO - [2024-12-11T23:49:55.419+0530] {dag.py:4180} INFO - Setting next_dagrun for example_task_group to None, run_after=None
[2024-12-11T23:49:55.441+0530] {processor.py:208} INFO - Processing /Users/jayesh/Desktop/Personal Work/Movie_data_pipeline/.venv/lib/python3.12/site-packages/airflow/example_dags/example_task_group.py took 0.199 seconds
[2024-12-11T23:52:46.772+0530] {processor.py:186} INFO - Started process (PID=12358) to work on /Users/jayesh/Desktop/Personal Work/Movie_data_pipeline/.venv/lib/python3.12/site-packages/airflow/example_dags/example_task_group.py
[2024-12-11T23:52:46.774+0530] {processor.py:914} INFO - Processing file /Users/jayesh/Desktop/Personal Work/Movie_data_pipeline/.venv/lib/python3.12/site-packages/airflow/example_dags/example_task_group.py for tasks to queue
[2024-12-11T23:52:46.775+0530] {logging_mixin.py:190} INFO - [2024-12-11T23:52:46.775+0530] {dagbag.py:588} INFO - Filling up the DagBag from /Users/jayesh/Desktop/Personal Work/Movie_data_pipeline/.venv/lib/python3.12/site-packages/airflow/example_dags/example_task_group.py
[2024-12-11T23:52:46.790+0530] {processor.py:925} INFO - DAG(s) 'example_task_group' retrieved from /Users/jayesh/Desktop/Personal Work/Movie_data_pipeline/.venv/lib/python3.12/site-packages/airflow/example_dags/example_task_group.py
[2024-12-11T23:52:46.938+0530] {logging_mixin.py:190} INFO - [2024-12-11T23:52:46.937+0530] {dag.py:3239} INFO - Sync 1 DAGs
[2024-12-11T23:52:46.955+0530] {logging_mixin.py:190} INFO - [2024-12-11T23:52:46.954+0530] {dag.py:4180} INFO - Setting next_dagrun for example_task_group to None, run_after=None
[2024-12-11T23:52:46.980+0530] {processor.py:208} INFO - Processing /Users/jayesh/Desktop/Personal Work/Movie_data_pipeline/.venv/lib/python3.12/site-packages/airflow/example_dags/example_task_group.py took 0.212 seconds
[2024-12-11T23:55:36.684+0530] {processor.py:186} INFO - Started process (PID=12644) to work on /Users/jayesh/Desktop/Personal Work/Movie_data_pipeline/.venv/lib/python3.12/site-packages/airflow/example_dags/example_task_group.py
[2024-12-11T23:55:36.686+0530] {processor.py:914} INFO - Processing file /Users/jayesh/Desktop/Personal Work/Movie_data_pipeline/.venv/lib/python3.12/site-packages/airflow/example_dags/example_task_group.py for tasks to queue
[2024-12-11T23:55:36.688+0530] {logging_mixin.py:190} INFO - [2024-12-11T23:55:36.688+0530] {dagbag.py:588} INFO - Filling up the DagBag from /Users/jayesh/Desktop/Personal Work/Movie_data_pipeline/.venv/lib/python3.12/site-packages/airflow/example_dags/example_task_group.py
[2024-12-11T23:55:36.706+0530] {processor.py:925} INFO - DAG(s) 'example_task_group' retrieved from /Users/jayesh/Desktop/Personal Work/Movie_data_pipeline/.venv/lib/python3.12/site-packages/airflow/example_dags/example_task_group.py
[2024-12-11T23:55:36.831+0530] {logging_mixin.py:190} INFO - [2024-12-11T23:55:36.831+0530] {dag.py:3239} INFO - Sync 1 DAGs
[2024-12-11T23:55:36.846+0530] {logging_mixin.py:190} INFO - [2024-12-11T23:55:36.845+0530] {dag.py:4180} INFO - Setting next_dagrun for example_task_group to None, run_after=None
[2024-12-11T23:55:36.868+0530] {processor.py:208} INFO - Processing /Users/jayesh/Desktop/Personal Work/Movie_data_pipeline/.venv/lib/python3.12/site-packages/airflow/example_dags/example_task_group.py took 0.189 seconds
[2024-12-11T23:58:30.128+0530] {processor.py:186} INFO - Started process (PID=12934) to work on /Users/jayesh/Desktop/Personal Work/Movie_data_pipeline/.venv/lib/python3.12/site-packages/airflow/example_dags/example_task_group.py
[2024-12-11T23:58:30.131+0530] {processor.py:914} INFO - Processing file /Users/jayesh/Desktop/Personal Work/Movie_data_pipeline/.venv/lib/python3.12/site-packages/airflow/example_dags/example_task_group.py for tasks to queue
[2024-12-11T23:58:30.133+0530] {logging_mixin.py:190} INFO - [2024-12-11T23:58:30.133+0530] {dagbag.py:588} INFO - Filling up the DagBag from /Users/jayesh/Desktop/Personal Work/Movie_data_pipeline/.venv/lib/python3.12/site-packages/airflow/example_dags/example_task_group.py
[2024-12-11T23:58:30.148+0530] {processor.py:925} INFO - DAG(s) 'example_task_group' retrieved from /Users/jayesh/Desktop/Personal Work/Movie_data_pipeline/.venv/lib/python3.12/site-packages/airflow/example_dags/example_task_group.py
[2024-12-11T23:58:30.303+0530] {logging_mixin.py:190} INFO - [2024-12-11T23:58:30.303+0530] {dag.py:3239} INFO - Sync 1 DAGs
[2024-12-11T23:58:30.322+0530] {logging_mixin.py:190} INFO - [2024-12-11T23:58:30.321+0530] {dag.py:4180} INFO - Setting next_dagrun for example_task_group to None, run_after=None
[2024-12-11T23:58:30.348+0530] {processor.py:208} INFO - Processing /Users/jayesh/Desktop/Personal Work/Movie_data_pipeline/.venv/lib/python3.12/site-packages/airflow/example_dags/example_task_group.py took 0.225 seconds
[2024-12-12T00:01:23.603+0530] {processor.py:186} INFO - Started process (PID=13205) to work on /Users/jayesh/Desktop/Personal Work/Movie_data_pipeline/.venv/lib/python3.12/site-packages/airflow/example_dags/example_task_group.py
[2024-12-12T00:01:23.606+0530] {processor.py:914} INFO - Processing file /Users/jayesh/Desktop/Personal Work/Movie_data_pipeline/.venv/lib/python3.12/site-packages/airflow/example_dags/example_task_group.py for tasks to queue
[2024-12-12T00:01:23.607+0530] {logging_mixin.py:190} INFO - [2024-12-12T00:01:23.607+0530] {dagbag.py:588} INFO - Filling up the DagBag from /Users/jayesh/Desktop/Personal Work/Movie_data_pipeline/.venv/lib/python3.12/site-packages/airflow/example_dags/example_task_group.py
[2024-12-12T00:01:23.624+0530] {processor.py:925} INFO - DAG(s) 'example_task_group' retrieved from /Users/jayesh/Desktop/Personal Work/Movie_data_pipeline/.venv/lib/python3.12/site-packages/airflow/example_dags/example_task_group.py
[2024-12-12T00:01:23.786+0530] {logging_mixin.py:190} INFO - [2024-12-12T00:01:23.785+0530] {dag.py:3239} INFO - Sync 1 DAGs
[2024-12-12T00:01:23.802+0530] {logging_mixin.py:190} INFO - [2024-12-12T00:01:23.802+0530] {dag.py:4180} INFO - Setting next_dagrun for example_task_group to None, run_after=None
[2024-12-12T00:01:23.831+0530] {processor.py:208} INFO - Processing /Users/jayesh/Desktop/Personal Work/Movie_data_pipeline/.venv/lib/python3.12/site-packages/airflow/example_dags/example_task_group.py took 0.232 seconds
[2024-12-12T00:04:18.679+0530] {processor.py:186} INFO - Started process (PID=13489) to work on /Users/jayesh/Desktop/Personal Work/Movie_data_pipeline/.venv/lib/python3.12/site-packages/airflow/example_dags/example_task_group.py
[2024-12-12T00:04:18.681+0530] {processor.py:914} INFO - Processing file /Users/jayesh/Desktop/Personal Work/Movie_data_pipeline/.venv/lib/python3.12/site-packages/airflow/example_dags/example_task_group.py for tasks to queue
[2024-12-12T00:04:18.683+0530] {logging_mixin.py:190} INFO - [2024-12-12T00:04:18.682+0530] {dagbag.py:588} INFO - Filling up the DagBag from /Users/jayesh/Desktop/Personal Work/Movie_data_pipeline/.venv/lib/python3.12/site-packages/airflow/example_dags/example_task_group.py
[2024-12-12T00:04:18.695+0530] {processor.py:925} INFO - DAG(s) 'example_task_group' retrieved from /Users/jayesh/Desktop/Personal Work/Movie_data_pipeline/.venv/lib/python3.12/site-packages/airflow/example_dags/example_task_group.py
[2024-12-12T00:04:18.836+0530] {logging_mixin.py:190} INFO - [2024-12-12T00:04:18.836+0530] {dag.py:3239} INFO - Sync 1 DAGs
[2024-12-12T00:04:18.850+0530] {logging_mixin.py:190} INFO - [2024-12-12T00:04:18.850+0530] {dag.py:4180} INFO - Setting next_dagrun for example_task_group to None, run_after=None
[2024-12-12T00:04:18.874+0530] {processor.py:208} INFO - Processing /Users/jayesh/Desktop/Personal Work/Movie_data_pipeline/.venv/lib/python3.12/site-packages/airflow/example_dags/example_task_group.py took 0.199 seconds
[2024-12-12T00:07:12.162+0530] {processor.py:186} INFO - Started process (PID=13755) to work on /Users/jayesh/Desktop/Personal Work/Movie_data_pipeline/.venv/lib/python3.12/site-packages/airflow/example_dags/example_task_group.py
[2024-12-12T00:07:12.164+0530] {processor.py:914} INFO - Processing file /Users/jayesh/Desktop/Personal Work/Movie_data_pipeline/.venv/lib/python3.12/site-packages/airflow/example_dags/example_task_group.py for tasks to queue
[2024-12-12T00:07:12.166+0530] {logging_mixin.py:190} INFO - [2024-12-12T00:07:12.166+0530] {dagbag.py:588} INFO - Filling up the DagBag from /Users/jayesh/Desktop/Personal Work/Movie_data_pipeline/.venv/lib/python3.12/site-packages/airflow/example_dags/example_task_group.py
[2024-12-12T00:07:12.180+0530] {processor.py:925} INFO - DAG(s) 'example_task_group' retrieved from /Users/jayesh/Desktop/Personal Work/Movie_data_pipeline/.venv/lib/python3.12/site-packages/airflow/example_dags/example_task_group.py
[2024-12-12T00:07:12.323+0530] {logging_mixin.py:190} INFO - [2024-12-12T00:07:12.323+0530] {dag.py:3239} INFO - Sync 1 DAGs
[2024-12-12T00:07:12.340+0530] {logging_mixin.py:190} INFO - [2024-12-12T00:07:12.340+0530] {dag.py:4180} INFO - Setting next_dagrun for example_task_group to None, run_after=None
[2024-12-12T00:07:12.366+0530] {processor.py:208} INFO - Processing /Users/jayesh/Desktop/Personal Work/Movie_data_pipeline/.venv/lib/python3.12/site-packages/airflow/example_dags/example_task_group.py took 0.209 seconds
[2024-12-12T00:10:06.368+0530] {processor.py:186} INFO - Started process (PID=14037) to work on /Users/jayesh/Desktop/Personal Work/Movie_data_pipeline/.venv/lib/python3.12/site-packages/airflow/example_dags/example_task_group.py
[2024-12-12T00:10:06.370+0530] {processor.py:914} INFO - Processing file /Users/jayesh/Desktop/Personal Work/Movie_data_pipeline/.venv/lib/python3.12/site-packages/airflow/example_dags/example_task_group.py for tasks to queue
[2024-12-12T00:10:06.372+0530] {logging_mixin.py:190} INFO - [2024-12-12T00:10:06.372+0530] {dagbag.py:588} INFO - Filling up the DagBag from /Users/jayesh/Desktop/Personal Work/Movie_data_pipeline/.venv/lib/python3.12/site-packages/airflow/example_dags/example_task_group.py
[2024-12-12T00:10:06.387+0530] {processor.py:925} INFO - DAG(s) 'example_task_group' retrieved from /Users/jayesh/Desktop/Personal Work/Movie_data_pipeline/.venv/lib/python3.12/site-packages/airflow/example_dags/example_task_group.py
[2024-12-12T00:10:06.538+0530] {logging_mixin.py:190} INFO - [2024-12-12T00:10:06.538+0530] {dag.py:3239} INFO - Sync 1 DAGs
[2024-12-12T00:10:06.555+0530] {logging_mixin.py:190} INFO - [2024-12-12T00:10:06.555+0530] {dag.py:4180} INFO - Setting next_dagrun for example_task_group to None, run_after=None
[2024-12-12T00:10:06.577+0530] {processor.py:208} INFO - Processing /Users/jayesh/Desktop/Personal Work/Movie_data_pipeline/.venv/lib/python3.12/site-packages/airflow/example_dags/example_task_group.py took 0.214 seconds
[2024-12-12T00:13:00.555+0530] {processor.py:186} INFO - Started process (PID=14317) to work on /Users/jayesh/Desktop/Personal Work/Movie_data_pipeline/.venv/lib/python3.12/site-packages/airflow/example_dags/example_task_group.py
[2024-12-12T00:13:00.557+0530] {processor.py:914} INFO - Processing file /Users/jayesh/Desktop/Personal Work/Movie_data_pipeline/.venv/lib/python3.12/site-packages/airflow/example_dags/example_task_group.py for tasks to queue
[2024-12-12T00:13:00.559+0530] {logging_mixin.py:190} INFO - [2024-12-12T00:13:00.559+0530] {dagbag.py:588} INFO - Filling up the DagBag from /Users/jayesh/Desktop/Personal Work/Movie_data_pipeline/.venv/lib/python3.12/site-packages/airflow/example_dags/example_task_group.py
[2024-12-12T00:13:00.572+0530] {processor.py:925} INFO - DAG(s) 'example_task_group' retrieved from /Users/jayesh/Desktop/Personal Work/Movie_data_pipeline/.venv/lib/python3.12/site-packages/airflow/example_dags/example_task_group.py
[2024-12-12T00:13:00.699+0530] {logging_mixin.py:190} INFO - [2024-12-12T00:13:00.699+0530] {dag.py:3239} INFO - Sync 1 DAGs
[2024-12-12T00:13:00.713+0530] {logging_mixin.py:190} INFO - [2024-12-12T00:13:00.713+0530] {dag.py:4180} INFO - Setting next_dagrun for example_task_group to None, run_after=None
[2024-12-12T00:13:00.739+0530] {processor.py:208} INFO - Processing /Users/jayesh/Desktop/Personal Work/Movie_data_pipeline/.venv/lib/python3.12/site-packages/airflow/example_dags/example_task_group.py took 0.189 seconds
[2024-12-12T00:15:55.276+0530] {processor.py:186} INFO - Started process (PID=14593) to work on /Users/jayesh/Desktop/Personal Work/Movie_data_pipeline/.venv/lib/python3.12/site-packages/airflow/example_dags/example_task_group.py
[2024-12-12T00:15:55.279+0530] {processor.py:914} INFO - Processing file /Users/jayesh/Desktop/Personal Work/Movie_data_pipeline/.venv/lib/python3.12/site-packages/airflow/example_dags/example_task_group.py for tasks to queue
[2024-12-12T00:15:55.280+0530] {logging_mixin.py:190} INFO - [2024-12-12T00:15:55.280+0530] {dagbag.py:588} INFO - Filling up the DagBag from /Users/jayesh/Desktop/Personal Work/Movie_data_pipeline/.venv/lib/python3.12/site-packages/airflow/example_dags/example_task_group.py
[2024-12-12T00:15:55.293+0530] {processor.py:925} INFO - DAG(s) 'example_task_group' retrieved from /Users/jayesh/Desktop/Personal Work/Movie_data_pipeline/.venv/lib/python3.12/site-packages/airflow/example_dags/example_task_group.py
[2024-12-12T00:15:55.419+0530] {logging_mixin.py:190} INFO - [2024-12-12T00:15:55.419+0530] {dag.py:3239} INFO - Sync 1 DAGs
[2024-12-12T00:15:55.433+0530] {logging_mixin.py:190} INFO - [2024-12-12T00:15:55.433+0530] {dag.py:4180} INFO - Setting next_dagrun for example_task_group to None, run_after=None
[2024-12-12T00:15:55.456+0530] {processor.py:208} INFO - Processing /Users/jayesh/Desktop/Personal Work/Movie_data_pipeline/.venv/lib/python3.12/site-packages/airflow/example_dags/example_task_group.py took 0.184 seconds
[2024-12-12T00:18:42.161+0530] {processor.py:186} INFO - Started process (PID=14855) to work on /Users/jayesh/Desktop/Personal Work/Movie_data_pipeline/.venv/lib/python3.12/site-packages/airflow/example_dags/example_task_group.py
[2024-12-12T00:18:42.164+0530] {processor.py:914} INFO - Processing file /Users/jayesh/Desktop/Personal Work/Movie_data_pipeline/.venv/lib/python3.12/site-packages/airflow/example_dags/example_task_group.py for tasks to queue
[2024-12-12T00:18:42.166+0530] {logging_mixin.py:190} INFO - [2024-12-12T00:18:42.166+0530] {dagbag.py:588} INFO - Filling up the DagBag from /Users/jayesh/Desktop/Personal Work/Movie_data_pipeline/.venv/lib/python3.12/site-packages/airflow/example_dags/example_task_group.py
[2024-12-12T00:18:42.180+0530] {processor.py:925} INFO - DAG(s) 'example_task_group' retrieved from /Users/jayesh/Desktop/Personal Work/Movie_data_pipeline/.venv/lib/python3.12/site-packages/airflow/example_dags/example_task_group.py
[2024-12-12T00:18:42.328+0530] {logging_mixin.py:190} INFO - [2024-12-12T00:18:42.328+0530] {dag.py:3239} INFO - Sync 1 DAGs
[2024-12-12T00:18:42.345+0530] {logging_mixin.py:190} INFO - [2024-12-12T00:18:42.345+0530] {dag.py:4180} INFO - Setting next_dagrun for example_task_group to None, run_after=None
[2024-12-12T00:18:42.371+0530] {processor.py:208} INFO - Processing /Users/jayesh/Desktop/Personal Work/Movie_data_pipeline/.venv/lib/python3.12/site-packages/airflow/example_dags/example_task_group.py took 0.214 seconds
[2024-12-12T00:21:53.638+0530] {processor.py:186} INFO - Started process (PID=15169) to work on /Users/jayesh/Desktop/Personal Work/Movie_data_pipeline/.venv/lib/python3.12/site-packages/airflow/example_dags/example_task_group.py
[2024-12-12T00:21:53.640+0530] {processor.py:914} INFO - Processing file /Users/jayesh/Desktop/Personal Work/Movie_data_pipeline/.venv/lib/python3.12/site-packages/airflow/example_dags/example_task_group.py for tasks to queue
[2024-12-12T00:21:53.644+0530] {logging_mixin.py:190} INFO - [2024-12-12T00:21:53.643+0530] {dagbag.py:588} INFO - Filling up the DagBag from /Users/jayesh/Desktop/Personal Work/Movie_data_pipeline/.venv/lib/python3.12/site-packages/airflow/example_dags/example_task_group.py
[2024-12-12T00:21:53.664+0530] {processor.py:925} INFO - DAG(s) 'example_task_group' retrieved from /Users/jayesh/Desktop/Personal Work/Movie_data_pipeline/.venv/lib/python3.12/site-packages/airflow/example_dags/example_task_group.py
[2024-12-12T00:21:53.798+0530] {logging_mixin.py:190} INFO - [2024-12-12T00:21:53.798+0530] {dag.py:3239} INFO - Sync 1 DAGs
[2024-12-12T00:21:53.812+0530] {logging_mixin.py:190} INFO - [2024-12-12T00:21:53.812+0530] {dag.py:4180} INFO - Setting next_dagrun for example_task_group to None, run_after=None
[2024-12-12T00:21:53.837+0530] {processor.py:208} INFO - Processing /Users/jayesh/Desktop/Personal Work/Movie_data_pipeline/.venv/lib/python3.12/site-packages/airflow/example_dags/example_task_group.py took 0.205 seconds
[2024-12-12T00:25:25.330+0530] {processor.py:186} INFO - Started process (PID=15506) to work on /Users/jayesh/Desktop/Personal Work/Movie_data_pipeline/.venv/lib/python3.12/site-packages/airflow/example_dags/example_task_group.py
[2024-12-12T00:25:25.333+0530] {processor.py:914} INFO - Processing file /Users/jayesh/Desktop/Personal Work/Movie_data_pipeline/.venv/lib/python3.12/site-packages/airflow/example_dags/example_task_group.py for tasks to queue
[2024-12-12T00:25:25.339+0530] {logging_mixin.py:190} INFO - [2024-12-12T00:25:25.338+0530] {dagbag.py:588} INFO - Filling up the DagBag from /Users/jayesh/Desktop/Personal Work/Movie_data_pipeline/.venv/lib/python3.12/site-packages/airflow/example_dags/example_task_group.py
[2024-12-12T00:25:25.372+0530] {processor.py:925} INFO - DAG(s) 'example_task_group' retrieved from /Users/jayesh/Desktop/Personal Work/Movie_data_pipeline/.venv/lib/python3.12/site-packages/airflow/example_dags/example_task_group.py
[2024-12-12T00:25:25.540+0530] {logging_mixin.py:190} INFO - [2024-12-12T00:25:25.540+0530] {dag.py:3239} INFO - Sync 1 DAGs
[2024-12-12T00:25:25.557+0530] {logging_mixin.py:190} INFO - [2024-12-12T00:25:25.556+0530] {dag.py:4180} INFO - Setting next_dagrun for example_task_group to None, run_after=None
[2024-12-12T00:25:25.582+0530] {processor.py:208} INFO - Processing /Users/jayesh/Desktop/Personal Work/Movie_data_pipeline/.venv/lib/python3.12/site-packages/airflow/example_dags/example_task_group.py took 0.261 seconds
[2024-12-12T00:28:40.161+0530] {processor.py:186} INFO - Started process (PID=15817) to work on /Users/jayesh/Desktop/Personal Work/Movie_data_pipeline/.venv/lib/python3.12/site-packages/airflow/example_dags/example_task_group.py
[2024-12-12T00:28:40.164+0530] {processor.py:914} INFO - Processing file /Users/jayesh/Desktop/Personal Work/Movie_data_pipeline/.venv/lib/python3.12/site-packages/airflow/example_dags/example_task_group.py for tasks to queue
[2024-12-12T00:28:40.166+0530] {logging_mixin.py:190} INFO - [2024-12-12T00:28:40.166+0530] {dagbag.py:588} INFO - Filling up the DagBag from /Users/jayesh/Desktop/Personal Work/Movie_data_pipeline/.venv/lib/python3.12/site-packages/airflow/example_dags/example_task_group.py
[2024-12-12T00:28:40.183+0530] {processor.py:925} INFO - DAG(s) 'example_task_group' retrieved from /Users/jayesh/Desktop/Personal Work/Movie_data_pipeline/.venv/lib/python3.12/site-packages/airflow/example_dags/example_task_group.py
[2024-12-12T00:28:40.313+0530] {logging_mixin.py:190} INFO - [2024-12-12T00:28:40.313+0530] {dag.py:3239} INFO - Sync 1 DAGs
[2024-12-12T00:28:40.327+0530] {logging_mixin.py:190} INFO - [2024-12-12T00:28:40.327+0530] {dag.py:4180} INFO - Setting next_dagrun for example_task_group to None, run_after=None
[2024-12-12T00:28:40.349+0530] {processor.py:208} INFO - Processing /Users/jayesh/Desktop/Personal Work/Movie_data_pipeline/.venv/lib/python3.12/site-packages/airflow/example_dags/example_task_group.py took 0.192 seconds
