[2024-12-11T23:25:08.859+0530] {processor.py:186} INFO - Started process (PID=9434) to work on /Users/jayesh/Desktop/Personal Work/Movie_data_pipeline/.venv/lib/python3.12/site-packages/airflow/example_dags/example_setup_teardown_taskflow.py
[2024-12-11T23:25:08.861+0530] {processor.py:914} INFO - Processing file /Users/jayesh/Desktop/Personal Work/Movie_data_pipeline/.venv/lib/python3.12/site-packages/airflow/example_dags/example_setup_teardown_taskflow.py for tasks to queue
[2024-12-11T23:25:08.862+0530] {logging_mixin.py:190} INFO - [2024-12-11T23:25:08.862+0530] {dagbag.py:588} INFO - Filling up the DagBag from /Users/jayesh/Desktop/Personal Work/Movie_data_pipeline/.venv/lib/python3.12/site-packages/airflow/example_dags/example_setup_teardown_taskflow.py
[2024-12-11T23:25:08.924+0530] {processor.py:925} INFO - DAG(s) 'example_setup_teardown_taskflow' retrieved from /Users/jayesh/Desktop/Personal Work/Movie_data_pipeline/.venv/lib/python3.12/site-packages/airflow/example_dags/example_setup_teardown_taskflow.py
[2024-12-11T23:25:09.309+0530] {logging_mixin.py:190} INFO - [2024-12-11T23:25:09.308+0530] {override.py:1911} INFO - Created Permission View: can delete on DAG:example_setup_teardown_taskflow
[2024-12-11T23:25:09.320+0530] {logging_mixin.py:190} INFO - [2024-12-11T23:25:09.320+0530] {override.py:1911} INFO - Created Permission View: can read on DAG:example_setup_teardown_taskflow
[2024-12-11T23:25:09.328+0530] {logging_mixin.py:190} INFO - [2024-12-11T23:25:09.328+0530] {override.py:1911} INFO - Created Permission View: can edit on DAG:example_setup_teardown_taskflow
[2024-12-11T23:25:09.341+0530] {logging_mixin.py:190} INFO - [2024-12-11T23:25:09.341+0530] {override.py:1911} INFO - Created Permission View: can delete on DAG Run:example_setup_teardown_taskflow
[2024-12-11T23:25:09.353+0530] {logging_mixin.py:190} INFO - [2024-12-11T23:25:09.352+0530] {override.py:1911} INFO - Created Permission View: can read on DAG Run:example_setup_teardown_taskflow
[2024-12-11T23:25:09.362+0530] {logging_mixin.py:190} INFO - [2024-12-11T23:25:09.362+0530] {override.py:1911} INFO - Created Permission View: menu access on DAG Run:example_setup_teardown_taskflow
[2024-12-11T23:25:09.371+0530] {logging_mixin.py:190} INFO - [2024-12-11T23:25:09.371+0530] {override.py:1911} INFO - Created Permission View: can create on DAG Run:example_setup_teardown_taskflow
[2024-12-11T23:25:09.372+0530] {logging_mixin.py:190} INFO - [2024-12-11T23:25:09.372+0530] {dag.py:3239} INFO - Sync 1 DAGs
[2024-12-11T23:25:09.391+0530] {logging_mixin.py:190} INFO - [2024-12-11T23:25:09.390+0530] {dag.py:3262} INFO - Creating ORM DAG for example_setup_teardown_taskflow
[2024-12-11T23:25:09.391+0530] {logging_mixin.py:190} INFO - [2024-12-11T23:25:09.391+0530] {dag.py:4180} INFO - Setting next_dagrun for example_setup_teardown_taskflow to None, run_after=None
[2024-12-11T23:25:09.413+0530] {processor.py:208} INFO - Processing /Users/jayesh/Desktop/Personal Work/Movie_data_pipeline/.venv/lib/python3.12/site-packages/airflow/example_dags/example_setup_teardown_taskflow.py took 0.558 seconds
[2024-12-11T23:29:41.829+0530] {processor.py:186} INFO - Started process (PID=9878) to work on /Users/jayesh/Desktop/Personal Work/Movie_data_pipeline/.venv/lib/python3.12/site-packages/airflow/example_dags/example_setup_teardown_taskflow.py
[2024-12-11T23:29:41.831+0530] {processor.py:914} INFO - Processing file /Users/jayesh/Desktop/Personal Work/Movie_data_pipeline/.venv/lib/python3.12/site-packages/airflow/example_dags/example_setup_teardown_taskflow.py for tasks to queue
[2024-12-11T23:29:41.834+0530] {logging_mixin.py:190} INFO - [2024-12-11T23:29:41.833+0530] {dagbag.py:588} INFO - Filling up the DagBag from /Users/jayesh/Desktop/Personal Work/Movie_data_pipeline/.venv/lib/python3.12/site-packages/airflow/example_dags/example_setup_teardown_taskflow.py
[2024-12-11T23:29:41.889+0530] {processor.py:925} INFO - DAG(s) 'example_setup_teardown_taskflow' retrieved from /Users/jayesh/Desktop/Personal Work/Movie_data_pipeline/.venv/lib/python3.12/site-packages/airflow/example_dags/example_setup_teardown_taskflow.py
[2024-12-11T23:29:42.033+0530] {logging_mixin.py:190} INFO - [2024-12-11T23:29:42.032+0530] {dag.py:3239} INFO - Sync 1 DAGs
[2024-12-11T23:29:42.046+0530] {logging_mixin.py:190} INFO - [2024-12-11T23:29:42.046+0530] {dag.py:4180} INFO - Setting next_dagrun for example_setup_teardown_taskflow to None, run_after=None
[2024-12-11T23:29:42.071+0530] {processor.py:208} INFO - Processing /Users/jayesh/Desktop/Personal Work/Movie_data_pipeline/.venv/lib/python3.12/site-packages/airflow/example_dags/example_setup_teardown_taskflow.py took 0.249 seconds
[2024-12-11T23:33:35.021+0530] {processor.py:186} INFO - Started process (PID=10256) to work on /Users/jayesh/Desktop/Personal Work/Movie_data_pipeline/.venv/lib/python3.12/site-packages/airflow/example_dags/example_setup_teardown_taskflow.py
[2024-12-11T23:33:35.024+0530] {processor.py:914} INFO - Processing file /Users/jayesh/Desktop/Personal Work/Movie_data_pipeline/.venv/lib/python3.12/site-packages/airflow/example_dags/example_setup_teardown_taskflow.py for tasks to queue
[2024-12-11T23:33:35.026+0530] {logging_mixin.py:190} INFO - [2024-12-11T23:33:35.026+0530] {dagbag.py:588} INFO - Filling up the DagBag from /Users/jayesh/Desktop/Personal Work/Movie_data_pipeline/.venv/lib/python3.12/site-packages/airflow/example_dags/example_setup_teardown_taskflow.py
[2024-12-11T23:33:35.117+0530] {processor.py:925} INFO - DAG(s) 'example_setup_teardown_taskflow' retrieved from /Users/jayesh/Desktop/Personal Work/Movie_data_pipeline/.venv/lib/python3.12/site-packages/airflow/example_dags/example_setup_teardown_taskflow.py
[2024-12-11T23:33:35.426+0530] {logging_mixin.py:190} INFO - [2024-12-11T23:33:35.425+0530] {dag.py:3239} INFO - Sync 1 DAGs
[2024-12-11T23:33:35.450+0530] {logging_mixin.py:190} INFO - [2024-12-11T23:33:35.449+0530] {dag.py:4180} INFO - Setting next_dagrun for example_setup_teardown_taskflow to None, run_after=None
[2024-12-11T23:33:35.486+0530] {processor.py:208} INFO - Processing /Users/jayesh/Desktop/Personal Work/Movie_data_pipeline/.venv/lib/python3.12/site-packages/airflow/example_dags/example_setup_teardown_taskflow.py took 0.474 seconds
[2024-12-11T23:37:25.268+0530] {processor.py:186} INFO - Started process (PID=10776) to work on /Users/jayesh/Desktop/Personal Work/Movie_data_pipeline/.venv/lib/python3.12/site-packages/airflow/example_dags/example_setup_teardown_taskflow.py
[2024-12-11T23:37:25.271+0530] {processor.py:914} INFO - Processing file /Users/jayesh/Desktop/Personal Work/Movie_data_pipeline/.venv/lib/python3.12/site-packages/airflow/example_dags/example_setup_teardown_taskflow.py for tasks to queue
[2024-12-11T23:37:25.274+0530] {logging_mixin.py:190} INFO - [2024-12-11T23:37:25.274+0530] {dagbag.py:588} INFO - Filling up the DagBag from /Users/jayesh/Desktop/Personal Work/Movie_data_pipeline/.venv/lib/python3.12/site-packages/airflow/example_dags/example_setup_teardown_taskflow.py
[2024-12-11T23:37:25.358+0530] {processor.py:925} INFO - DAG(s) 'example_setup_teardown_taskflow' retrieved from /Users/jayesh/Desktop/Personal Work/Movie_data_pipeline/.venv/lib/python3.12/site-packages/airflow/example_dags/example_setup_teardown_taskflow.py
[2024-12-11T23:37:25.518+0530] {logging_mixin.py:190} INFO - [2024-12-11T23:37:25.517+0530] {dag.py:3239} INFO - Sync 1 DAGs
[2024-12-11T23:37:25.534+0530] {logging_mixin.py:190} INFO - [2024-12-11T23:37:25.533+0530] {dag.py:4180} INFO - Setting next_dagrun for example_setup_teardown_taskflow to None, run_after=None
[2024-12-11T23:37:25.558+0530] {processor.py:208} INFO - Processing /Users/jayesh/Desktop/Personal Work/Movie_data_pipeline/.venv/lib/python3.12/site-packages/airflow/example_dags/example_setup_teardown_taskflow.py took 0.294 seconds
[2024-12-11T23:41:40.136+0530] {processor.py:186} INFO - Started process (PID=11173) to work on /Users/jayesh/Desktop/Personal Work/Movie_data_pipeline/.venv/lib/python3.12/site-packages/airflow/example_dags/example_setup_teardown_taskflow.py
[2024-12-11T23:41:40.139+0530] {processor.py:914} INFO - Processing file /Users/jayesh/Desktop/Personal Work/Movie_data_pipeline/.venv/lib/python3.12/site-packages/airflow/example_dags/example_setup_teardown_taskflow.py for tasks to queue
[2024-12-11T23:41:40.141+0530] {logging_mixin.py:190} INFO - [2024-12-11T23:41:40.140+0530] {dagbag.py:588} INFO - Filling up the DagBag from /Users/jayesh/Desktop/Personal Work/Movie_data_pipeline/.venv/lib/python3.12/site-packages/airflow/example_dags/example_setup_teardown_taskflow.py
[2024-12-11T23:41:40.248+0530] {processor.py:925} INFO - DAG(s) 'example_setup_teardown_taskflow' retrieved from /Users/jayesh/Desktop/Personal Work/Movie_data_pipeline/.venv/lib/python3.12/site-packages/airflow/example_dags/example_setup_teardown_taskflow.py
[2024-12-11T23:41:40.545+0530] {logging_mixin.py:190} INFO - [2024-12-11T23:41:40.544+0530] {dag.py:3239} INFO - Sync 1 DAGs
[2024-12-11T23:41:40.566+0530] {logging_mixin.py:190} INFO - [2024-12-11T23:41:40.562+0530] {dag.py:4180} INFO - Setting next_dagrun for example_setup_teardown_taskflow to None, run_after=None
[2024-12-11T23:41:40.603+0530] {processor.py:208} INFO - Processing /Users/jayesh/Desktop/Personal Work/Movie_data_pipeline/.venv/lib/python3.12/site-packages/airflow/example_dags/example_setup_teardown_taskflow.py took 0.472 seconds
[2024-12-11T23:47:05.195+0530] {processor.py:186} INFO - Started process (PID=11749) to work on /Users/jayesh/Desktop/Personal Work/Movie_data_pipeline/.venv/lib/python3.12/site-packages/airflow/example_dags/example_setup_teardown_taskflow.py
[2024-12-11T23:47:05.198+0530] {processor.py:914} INFO - Processing file /Users/jayesh/Desktop/Personal Work/Movie_data_pipeline/.venv/lib/python3.12/site-packages/airflow/example_dags/example_setup_teardown_taskflow.py for tasks to queue
[2024-12-11T23:47:05.199+0530] {logging_mixin.py:190} INFO - [2024-12-11T23:47:05.199+0530] {dagbag.py:588} INFO - Filling up the DagBag from /Users/jayesh/Desktop/Personal Work/Movie_data_pipeline/.venv/lib/python3.12/site-packages/airflow/example_dags/example_setup_teardown_taskflow.py
[2024-12-11T23:47:05.256+0530] {processor.py:925} INFO - DAG(s) 'example_setup_teardown_taskflow' retrieved from /Users/jayesh/Desktop/Personal Work/Movie_data_pipeline/.venv/lib/python3.12/site-packages/airflow/example_dags/example_setup_teardown_taskflow.py
[2024-12-11T23:47:05.401+0530] {logging_mixin.py:190} INFO - [2024-12-11T23:47:05.400+0530] {dag.py:3239} INFO - Sync 1 DAGs
[2024-12-11T23:47:05.415+0530] {logging_mixin.py:190} INFO - [2024-12-11T23:47:05.415+0530] {dag.py:4180} INFO - Setting next_dagrun for example_setup_teardown_taskflow to None, run_after=None
[2024-12-11T23:47:05.441+0530] {processor.py:208} INFO - Processing /Users/jayesh/Desktop/Personal Work/Movie_data_pipeline/.venv/lib/python3.12/site-packages/airflow/example_dags/example_setup_teardown_taskflow.py took 0.249 seconds
[2024-12-11T23:50:16.169+0530] {processor.py:186} INFO - Started process (PID=12109) to work on /Users/jayesh/Desktop/Personal Work/Movie_data_pipeline/.venv/lib/python3.12/site-packages/airflow/example_dags/example_setup_teardown_taskflow.py
[2024-12-11T23:50:16.172+0530] {processor.py:914} INFO - Processing file /Users/jayesh/Desktop/Personal Work/Movie_data_pipeline/.venv/lib/python3.12/site-packages/airflow/example_dags/example_setup_teardown_taskflow.py for tasks to queue
[2024-12-11T23:50:16.173+0530] {logging_mixin.py:190} INFO - [2024-12-11T23:50:16.173+0530] {dagbag.py:588} INFO - Filling up the DagBag from /Users/jayesh/Desktop/Personal Work/Movie_data_pipeline/.venv/lib/python3.12/site-packages/airflow/example_dags/example_setup_teardown_taskflow.py
[2024-12-11T23:50:16.221+0530] {processor.py:925} INFO - DAG(s) 'example_setup_teardown_taskflow' retrieved from /Users/jayesh/Desktop/Personal Work/Movie_data_pipeline/.venv/lib/python3.12/site-packages/airflow/example_dags/example_setup_teardown_taskflow.py
[2024-12-11T23:50:16.343+0530] {logging_mixin.py:190} INFO - [2024-12-11T23:50:16.342+0530] {dag.py:3239} INFO - Sync 1 DAGs
[2024-12-11T23:50:16.355+0530] {logging_mixin.py:190} INFO - [2024-12-11T23:50:16.355+0530] {dag.py:4180} INFO - Setting next_dagrun for example_setup_teardown_taskflow to None, run_after=None
[2024-12-11T23:50:16.378+0530] {processor.py:208} INFO - Processing /Users/jayesh/Desktop/Personal Work/Movie_data_pipeline/.venv/lib/python3.12/site-packages/airflow/example_dags/example_setup_teardown_taskflow.py took 0.213 seconds
[2024-12-11T23:53:07.886+0530] {processor.py:186} INFO - Started process (PID=12392) to work on /Users/jayesh/Desktop/Personal Work/Movie_data_pipeline/.venv/lib/python3.12/site-packages/airflow/example_dags/example_setup_teardown_taskflow.py
[2024-12-11T23:53:07.888+0530] {processor.py:914} INFO - Processing file /Users/jayesh/Desktop/Personal Work/Movie_data_pipeline/.venv/lib/python3.12/site-packages/airflow/example_dags/example_setup_teardown_taskflow.py for tasks to queue
[2024-12-11T23:53:07.890+0530] {logging_mixin.py:190} INFO - [2024-12-11T23:53:07.890+0530] {dagbag.py:588} INFO - Filling up the DagBag from /Users/jayesh/Desktop/Personal Work/Movie_data_pipeline/.venv/lib/python3.12/site-packages/airflow/example_dags/example_setup_teardown_taskflow.py
[2024-12-11T23:53:07.936+0530] {processor.py:925} INFO - DAG(s) 'example_setup_teardown_taskflow' retrieved from /Users/jayesh/Desktop/Personal Work/Movie_data_pipeline/.venv/lib/python3.12/site-packages/airflow/example_dags/example_setup_teardown_taskflow.py
[2024-12-11T23:53:08.055+0530] {logging_mixin.py:190} INFO - [2024-12-11T23:53:08.054+0530] {dag.py:3239} INFO - Sync 1 DAGs
[2024-12-11T23:53:08.067+0530] {logging_mixin.py:190} INFO - [2024-12-11T23:53:08.067+0530] {dag.py:4180} INFO - Setting next_dagrun for example_setup_teardown_taskflow to None, run_after=None
[2024-12-11T23:53:08.094+0530] {processor.py:208} INFO - Processing /Users/jayesh/Desktop/Personal Work/Movie_data_pipeline/.venv/lib/python3.12/site-packages/airflow/example_dags/example_setup_teardown_taskflow.py took 0.212 seconds
[2024-12-11T23:55:57.977+0530] {processor.py:186} INFO - Started process (PID=12690) to work on /Users/jayesh/Desktop/Personal Work/Movie_data_pipeline/.venv/lib/python3.12/site-packages/airflow/example_dags/example_setup_teardown_taskflow.py
[2024-12-11T23:55:57.980+0530] {processor.py:914} INFO - Processing file /Users/jayesh/Desktop/Personal Work/Movie_data_pipeline/.venv/lib/python3.12/site-packages/airflow/example_dags/example_setup_teardown_taskflow.py for tasks to queue
[2024-12-11T23:55:57.982+0530] {logging_mixin.py:190} INFO - [2024-12-11T23:55:57.982+0530] {dagbag.py:588} INFO - Filling up the DagBag from /Users/jayesh/Desktop/Personal Work/Movie_data_pipeline/.venv/lib/python3.12/site-packages/airflow/example_dags/example_setup_teardown_taskflow.py
[2024-12-11T23:55:58.033+0530] {processor.py:925} INFO - DAG(s) 'example_setup_teardown_taskflow' retrieved from /Users/jayesh/Desktop/Personal Work/Movie_data_pipeline/.venv/lib/python3.12/site-packages/airflow/example_dags/example_setup_teardown_taskflow.py
[2024-12-11T23:55:58.154+0530] {logging_mixin.py:190} INFO - [2024-12-11T23:55:58.154+0530] {dag.py:3239} INFO - Sync 1 DAGs
[2024-12-11T23:55:58.171+0530] {logging_mixin.py:190} INFO - [2024-12-11T23:55:58.171+0530] {dag.py:4180} INFO - Setting next_dagrun for example_setup_teardown_taskflow to None, run_after=None
[2024-12-11T23:55:58.195+0530] {processor.py:208} INFO - Processing /Users/jayesh/Desktop/Personal Work/Movie_data_pipeline/.venv/lib/python3.12/site-packages/airflow/example_dags/example_setup_teardown_taskflow.py took 0.221 seconds
[2024-12-11T23:58:51.581+0530] {processor.py:186} INFO - Started process (PID=12965) to work on /Users/jayesh/Desktop/Personal Work/Movie_data_pipeline/.venv/lib/python3.12/site-packages/airflow/example_dags/example_setup_teardown_taskflow.py
[2024-12-11T23:58:51.584+0530] {processor.py:914} INFO - Processing file /Users/jayesh/Desktop/Personal Work/Movie_data_pipeline/.venv/lib/python3.12/site-packages/airflow/example_dags/example_setup_teardown_taskflow.py for tasks to queue
[2024-12-11T23:58:51.586+0530] {logging_mixin.py:190} INFO - [2024-12-11T23:58:51.586+0530] {dagbag.py:588} INFO - Filling up the DagBag from /Users/jayesh/Desktop/Personal Work/Movie_data_pipeline/.venv/lib/python3.12/site-packages/airflow/example_dags/example_setup_teardown_taskflow.py
[2024-12-11T23:58:51.632+0530] {processor.py:925} INFO - DAG(s) 'example_setup_teardown_taskflow' retrieved from /Users/jayesh/Desktop/Personal Work/Movie_data_pipeline/.venv/lib/python3.12/site-packages/airflow/example_dags/example_setup_teardown_taskflow.py
[2024-12-11T23:58:51.762+0530] {logging_mixin.py:190} INFO - [2024-12-11T23:58:51.761+0530] {dag.py:3239} INFO - Sync 1 DAGs
[2024-12-11T23:58:51.775+0530] {logging_mixin.py:190} INFO - [2024-12-11T23:58:51.775+0530] {dag.py:4180} INFO - Setting next_dagrun for example_setup_teardown_taskflow to None, run_after=None
[2024-12-11T23:58:51.797+0530] {processor.py:208} INFO - Processing /Users/jayesh/Desktop/Personal Work/Movie_data_pipeline/.venv/lib/python3.12/site-packages/airflow/example_dags/example_setup_teardown_taskflow.py took 0.220 seconds
[2024-12-12T00:01:45.702+0530] {processor.py:186} INFO - Started process (PID=13252) to work on /Users/jayesh/Desktop/Personal Work/Movie_data_pipeline/.venv/lib/python3.12/site-packages/airflow/example_dags/example_setup_teardown_taskflow.py
[2024-12-12T00:01:45.704+0530] {processor.py:914} INFO - Processing file /Users/jayesh/Desktop/Personal Work/Movie_data_pipeline/.venv/lib/python3.12/site-packages/airflow/example_dags/example_setup_teardown_taskflow.py for tasks to queue
[2024-12-12T00:01:45.706+0530] {logging_mixin.py:190} INFO - [2024-12-12T00:01:45.706+0530] {dagbag.py:588} INFO - Filling up the DagBag from /Users/jayesh/Desktop/Personal Work/Movie_data_pipeline/.venv/lib/python3.12/site-packages/airflow/example_dags/example_setup_teardown_taskflow.py
[2024-12-12T00:01:45.760+0530] {processor.py:925} INFO - DAG(s) 'example_setup_teardown_taskflow' retrieved from /Users/jayesh/Desktop/Personal Work/Movie_data_pipeline/.venv/lib/python3.12/site-packages/airflow/example_dags/example_setup_teardown_taskflow.py
[2024-12-12T00:01:45.886+0530] {logging_mixin.py:190} INFO - [2024-12-12T00:01:45.885+0530] {dag.py:3239} INFO - Sync 1 DAGs
[2024-12-12T00:01:45.898+0530] {logging_mixin.py:190} INFO - [2024-12-12T00:01:45.898+0530] {dag.py:4180} INFO - Setting next_dagrun for example_setup_teardown_taskflow to None, run_after=None
[2024-12-12T00:01:45.923+0530] {processor.py:208} INFO - Processing /Users/jayesh/Desktop/Personal Work/Movie_data_pipeline/.venv/lib/python3.12/site-packages/airflow/example_dags/example_setup_teardown_taskflow.py took 0.225 seconds
[2024-12-12T00:04:38.854+0530] {processor.py:186} INFO - Started process (PID=13520) to work on /Users/jayesh/Desktop/Personal Work/Movie_data_pipeline/.venv/lib/python3.12/site-packages/airflow/example_dags/example_setup_teardown_taskflow.py
[2024-12-12T00:04:38.856+0530] {processor.py:914} INFO - Processing file /Users/jayesh/Desktop/Personal Work/Movie_data_pipeline/.venv/lib/python3.12/site-packages/airflow/example_dags/example_setup_teardown_taskflow.py for tasks to queue
[2024-12-12T00:04:38.857+0530] {logging_mixin.py:190} INFO - [2024-12-12T00:04:38.857+0530] {dagbag.py:588} INFO - Filling up the DagBag from /Users/jayesh/Desktop/Personal Work/Movie_data_pipeline/.venv/lib/python3.12/site-packages/airflow/example_dags/example_setup_teardown_taskflow.py
[2024-12-12T00:04:38.904+0530] {processor.py:925} INFO - DAG(s) 'example_setup_teardown_taskflow' retrieved from /Users/jayesh/Desktop/Personal Work/Movie_data_pipeline/.venv/lib/python3.12/site-packages/airflow/example_dags/example_setup_teardown_taskflow.py
[2024-12-12T00:04:39.026+0530] {logging_mixin.py:190} INFO - [2024-12-12T00:04:39.025+0530] {dag.py:3239} INFO - Sync 1 DAGs
[2024-12-12T00:04:39.038+0530] {logging_mixin.py:190} INFO - [2024-12-12T00:04:39.037+0530] {dag.py:4180} INFO - Setting next_dagrun for example_setup_teardown_taskflow to None, run_after=None
[2024-12-12T00:04:39.059+0530] {processor.py:208} INFO - Processing /Users/jayesh/Desktop/Personal Work/Movie_data_pipeline/.venv/lib/python3.12/site-packages/airflow/example_dags/example_setup_teardown_taskflow.py took 0.210 seconds
[2024-12-12T00:07:33.491+0530] {processor.py:186} INFO - Started process (PID=13789) to work on /Users/jayesh/Desktop/Personal Work/Movie_data_pipeline/.venv/lib/python3.12/site-packages/airflow/example_dags/example_setup_teardown_taskflow.py
[2024-12-12T00:07:33.493+0530] {processor.py:914} INFO - Processing file /Users/jayesh/Desktop/Personal Work/Movie_data_pipeline/.venv/lib/python3.12/site-packages/airflow/example_dags/example_setup_teardown_taskflow.py for tasks to queue
[2024-12-12T00:07:33.495+0530] {logging_mixin.py:190} INFO - [2024-12-12T00:07:33.495+0530] {dagbag.py:588} INFO - Filling up the DagBag from /Users/jayesh/Desktop/Personal Work/Movie_data_pipeline/.venv/lib/python3.12/site-packages/airflow/example_dags/example_setup_teardown_taskflow.py
[2024-12-12T00:07:33.554+0530] {processor.py:925} INFO - DAG(s) 'example_setup_teardown_taskflow' retrieved from /Users/jayesh/Desktop/Personal Work/Movie_data_pipeline/.venv/lib/python3.12/site-packages/airflow/example_dags/example_setup_teardown_taskflow.py
[2024-12-12T00:07:33.684+0530] {logging_mixin.py:190} INFO - [2024-12-12T00:07:33.684+0530] {dag.py:3239} INFO - Sync 1 DAGs
[2024-12-12T00:07:33.696+0530] {logging_mixin.py:190} INFO - [2024-12-12T00:07:33.696+0530] {dag.py:4180} INFO - Setting next_dagrun for example_setup_teardown_taskflow to None, run_after=None
[2024-12-12T00:07:33.717+0530] {processor.py:208} INFO - Processing /Users/jayesh/Desktop/Personal Work/Movie_data_pipeline/.venv/lib/python3.12/site-packages/airflow/example_dags/example_setup_teardown_taskflow.py took 0.230 seconds
[2024-12-12T00:10:27.916+0530] {processor.py:186} INFO - Started process (PID=14069) to work on /Users/jayesh/Desktop/Personal Work/Movie_data_pipeline/.venv/lib/python3.12/site-packages/airflow/example_dags/example_setup_teardown_taskflow.py
[2024-12-12T00:10:27.919+0530] {processor.py:914} INFO - Processing file /Users/jayesh/Desktop/Personal Work/Movie_data_pipeline/.venv/lib/python3.12/site-packages/airflow/example_dags/example_setup_teardown_taskflow.py for tasks to queue
[2024-12-12T00:10:27.920+0530] {logging_mixin.py:190} INFO - [2024-12-12T00:10:27.920+0530] {dagbag.py:588} INFO - Filling up the DagBag from /Users/jayesh/Desktop/Personal Work/Movie_data_pipeline/.venv/lib/python3.12/site-packages/airflow/example_dags/example_setup_teardown_taskflow.py
[2024-12-12T00:10:27.968+0530] {processor.py:925} INFO - DAG(s) 'example_setup_teardown_taskflow' retrieved from /Users/jayesh/Desktop/Personal Work/Movie_data_pipeline/.venv/lib/python3.12/site-packages/airflow/example_dags/example_setup_teardown_taskflow.py
[2024-12-12T00:10:28.093+0530] {logging_mixin.py:190} INFO - [2024-12-12T00:10:28.093+0530] {dag.py:3239} INFO - Sync 1 DAGs
[2024-12-12T00:10:28.106+0530] {logging_mixin.py:190} INFO - [2024-12-12T00:10:28.105+0530] {dag.py:4180} INFO - Setting next_dagrun for example_setup_teardown_taskflow to None, run_after=None
[2024-12-12T00:10:28.127+0530] {processor.py:208} INFO - Processing /Users/jayesh/Desktop/Personal Work/Movie_data_pipeline/.venv/lib/python3.12/site-packages/airflow/example_dags/example_setup_teardown_taskflow.py took 0.215 seconds
[2024-12-12T00:13:23.078+0530] {processor.py:186} INFO - Started process (PID=14348) to work on /Users/jayesh/Desktop/Personal Work/Movie_data_pipeline/.venv/lib/python3.12/site-packages/airflow/example_dags/example_setup_teardown_taskflow.py
[2024-12-12T00:13:23.081+0530] {processor.py:914} INFO - Processing file /Users/jayesh/Desktop/Personal Work/Movie_data_pipeline/.venv/lib/python3.12/site-packages/airflow/example_dags/example_setup_teardown_taskflow.py for tasks to queue
[2024-12-12T00:13:23.083+0530] {logging_mixin.py:190} INFO - [2024-12-12T00:13:23.082+0530] {dagbag.py:588} INFO - Filling up the DagBag from /Users/jayesh/Desktop/Personal Work/Movie_data_pipeline/.venv/lib/python3.12/site-packages/airflow/example_dags/example_setup_teardown_taskflow.py
[2024-12-12T00:13:23.138+0530] {processor.py:925} INFO - DAG(s) 'example_setup_teardown_taskflow' retrieved from /Users/jayesh/Desktop/Personal Work/Movie_data_pipeline/.venv/lib/python3.12/site-packages/airflow/example_dags/example_setup_teardown_taskflow.py
[2024-12-12T00:13:23.290+0530] {logging_mixin.py:190} INFO - [2024-12-12T00:13:23.290+0530] {dag.py:3239} INFO - Sync 1 DAGs
[2024-12-12T00:13:23.306+0530] {logging_mixin.py:190} INFO - [2024-12-12T00:13:23.305+0530] {dag.py:4180} INFO - Setting next_dagrun for example_setup_teardown_taskflow to None, run_after=None
[2024-12-12T00:13:23.334+0530] {processor.py:208} INFO - Processing /Users/jayesh/Desktop/Personal Work/Movie_data_pipeline/.venv/lib/python3.12/site-packages/airflow/example_dags/example_setup_teardown_taskflow.py took 0.260 seconds
[2024-12-12T00:16:15.866+0530] {processor.py:186} INFO - Started process (PID=14632) to work on /Users/jayesh/Desktop/Personal Work/Movie_data_pipeline/.venv/lib/python3.12/site-packages/airflow/example_dags/example_setup_teardown_taskflow.py
[2024-12-12T00:16:15.868+0530] {processor.py:914} INFO - Processing file /Users/jayesh/Desktop/Personal Work/Movie_data_pipeline/.venv/lib/python3.12/site-packages/airflow/example_dags/example_setup_teardown_taskflow.py for tasks to queue
[2024-12-12T00:16:15.870+0530] {logging_mixin.py:190} INFO - [2024-12-12T00:16:15.870+0530] {dagbag.py:588} INFO - Filling up the DagBag from /Users/jayesh/Desktop/Personal Work/Movie_data_pipeline/.venv/lib/python3.12/site-packages/airflow/example_dags/example_setup_teardown_taskflow.py
[2024-12-12T00:16:15.920+0530] {processor.py:925} INFO - DAG(s) 'example_setup_teardown_taskflow' retrieved from /Users/jayesh/Desktop/Personal Work/Movie_data_pipeline/.venv/lib/python3.12/site-packages/airflow/example_dags/example_setup_teardown_taskflow.py
[2024-12-12T00:16:16.043+0530] {logging_mixin.py:190} INFO - [2024-12-12T00:16:16.043+0530] {dag.py:3239} INFO - Sync 1 DAGs
[2024-12-12T00:16:16.055+0530] {logging_mixin.py:190} INFO - [2024-12-12T00:16:16.055+0530] {dag.py:4180} INFO - Setting next_dagrun for example_setup_teardown_taskflow to None, run_after=None
[2024-12-12T00:16:16.079+0530] {processor.py:208} INFO - Processing /Users/jayesh/Desktop/Personal Work/Movie_data_pipeline/.venv/lib/python3.12/site-packages/airflow/example_dags/example_setup_teardown_taskflow.py took 0.216 seconds
[2024-12-12T00:19:05.199+0530] {processor.py:186} INFO - Started process (PID=14899) to work on /Users/jayesh/Desktop/Personal Work/Movie_data_pipeline/.venv/lib/python3.12/site-packages/airflow/example_dags/example_setup_teardown_taskflow.py
[2024-12-12T00:19:05.202+0530] {processor.py:914} INFO - Processing file /Users/jayesh/Desktop/Personal Work/Movie_data_pipeline/.venv/lib/python3.12/site-packages/airflow/example_dags/example_setup_teardown_taskflow.py for tasks to queue
[2024-12-12T00:19:05.205+0530] {logging_mixin.py:190} INFO - [2024-12-12T00:19:05.204+0530] {dagbag.py:588} INFO - Filling up the DagBag from /Users/jayesh/Desktop/Personal Work/Movie_data_pipeline/.venv/lib/python3.12/site-packages/airflow/example_dags/example_setup_teardown_taskflow.py
[2024-12-12T00:19:05.259+0530] {processor.py:925} INFO - DAG(s) 'example_setup_teardown_taskflow' retrieved from /Users/jayesh/Desktop/Personal Work/Movie_data_pipeline/.venv/lib/python3.12/site-packages/airflow/example_dags/example_setup_teardown_taskflow.py
[2024-12-12T00:19:05.387+0530] {logging_mixin.py:190} INFO - [2024-12-12T00:19:05.387+0530] {dag.py:3239} INFO - Sync 1 DAGs
[2024-12-12T00:19:05.400+0530] {logging_mixin.py:190} INFO - [2024-12-12T00:19:05.400+0530] {dag.py:4180} INFO - Setting next_dagrun for example_setup_teardown_taskflow to None, run_after=None
[2024-12-12T00:19:05.425+0530] {processor.py:208} INFO - Processing /Users/jayesh/Desktop/Personal Work/Movie_data_pipeline/.venv/lib/python3.12/site-packages/airflow/example_dags/example_setup_teardown_taskflow.py took 0.230 seconds
[2024-12-12T00:22:17.236+0530] {processor.py:186} INFO - Started process (PID=15203) to work on /Users/jayesh/Desktop/Personal Work/Movie_data_pipeline/.venv/lib/python3.12/site-packages/airflow/example_dags/example_setup_teardown_taskflow.py
[2024-12-12T00:22:17.239+0530] {processor.py:914} INFO - Processing file /Users/jayesh/Desktop/Personal Work/Movie_data_pipeline/.venv/lib/python3.12/site-packages/airflow/example_dags/example_setup_teardown_taskflow.py for tasks to queue
[2024-12-12T00:22:17.240+0530] {logging_mixin.py:190} INFO - [2024-12-12T00:22:17.240+0530] {dagbag.py:588} INFO - Filling up the DagBag from /Users/jayesh/Desktop/Personal Work/Movie_data_pipeline/.venv/lib/python3.12/site-packages/airflow/example_dags/example_setup_teardown_taskflow.py
[2024-12-12T00:22:17.292+0530] {processor.py:925} INFO - DAG(s) 'example_setup_teardown_taskflow' retrieved from /Users/jayesh/Desktop/Personal Work/Movie_data_pipeline/.venv/lib/python3.12/site-packages/airflow/example_dags/example_setup_teardown_taskflow.py
[2024-12-12T00:22:17.420+0530] {logging_mixin.py:190} INFO - [2024-12-12T00:22:17.419+0530] {dag.py:3239} INFO - Sync 1 DAGs
[2024-12-12T00:22:17.432+0530] {logging_mixin.py:190} INFO - [2024-12-12T00:22:17.432+0530] {dag.py:4180} INFO - Setting next_dagrun for example_setup_teardown_taskflow to None, run_after=None
[2024-12-12T00:22:17.458+0530] {processor.py:208} INFO - Processing /Users/jayesh/Desktop/Personal Work/Movie_data_pipeline/.venv/lib/python3.12/site-packages/airflow/example_dags/example_setup_teardown_taskflow.py took 0.227 seconds
[2024-12-12T00:25:48.496+0530] {processor.py:186} INFO - Started process (PID=15551) to work on /Users/jayesh/Desktop/Personal Work/Movie_data_pipeline/.venv/lib/python3.12/site-packages/airflow/example_dags/example_setup_teardown_taskflow.py
[2024-12-12T00:25:48.498+0530] {processor.py:914} INFO - Processing file /Users/jayesh/Desktop/Personal Work/Movie_data_pipeline/.venv/lib/python3.12/site-packages/airflow/example_dags/example_setup_teardown_taskflow.py for tasks to queue
[2024-12-12T00:25:48.501+0530] {logging_mixin.py:190} INFO - [2024-12-12T00:25:48.500+0530] {dagbag.py:588} INFO - Filling up the DagBag from /Users/jayesh/Desktop/Personal Work/Movie_data_pipeline/.venv/lib/python3.12/site-packages/airflow/example_dags/example_setup_teardown_taskflow.py
[2024-12-12T00:25:48.555+0530] {processor.py:925} INFO - DAG(s) 'example_setup_teardown_taskflow' retrieved from /Users/jayesh/Desktop/Personal Work/Movie_data_pipeline/.venv/lib/python3.12/site-packages/airflow/example_dags/example_setup_teardown_taskflow.py
[2024-12-12T00:25:48.682+0530] {logging_mixin.py:190} INFO - [2024-12-12T00:25:48.682+0530] {dag.py:3239} INFO - Sync 1 DAGs
[2024-12-12T00:25:48.695+0530] {logging_mixin.py:190} INFO - [2024-12-12T00:25:48.694+0530] {dag.py:4180} INFO - Setting next_dagrun for example_setup_teardown_taskflow to None, run_after=None
[2024-12-12T00:25:48.718+0530] {processor.py:208} INFO - Processing /Users/jayesh/Desktop/Personal Work/Movie_data_pipeline/.venv/lib/python3.12/site-packages/airflow/example_dags/example_setup_teardown_taskflow.py took 0.226 seconds
