[2024-12-11T23:27:21.410+0530] {processor.py:186} INFO - Started process (PID=9646) to work on /Users/jayesh/Desktop/Personal Work/Movie_data_pipeline/.venv/lib/python3.12/site-packages/airflow/example_dags/example_branch_operator_decorator.py
[2024-12-11T23:27:21.412+0530] {processor.py:914} INFO - Processing file /Users/jayesh/Desktop/Personal Work/Movie_data_pipeline/.venv/lib/python3.12/site-packages/airflow/example_dags/example_branch_operator_decorator.py for tasks to queue
[2024-12-11T23:27:21.414+0530] {logging_mixin.py:190} INFO - [2024-12-11T23:27:21.414+0530] {dagbag.py:588} INFO - Filling up the DagBag from /Users/jayesh/Desktop/Personal Work/Movie_data_pipeline/.venv/lib/python3.12/site-packages/airflow/example_dags/example_branch_operator_decorator.py
[2024-12-11T23:27:21.444+0530] {processor.py:927} WARNING - No viable dags retrieved from /Users/jayesh/Desktop/Personal Work/Movie_data_pipeline/.venv/lib/python3.12/site-packages/airflow/example_dags/example_branch_operator_decorator.py
[2024-12-11T23:27:21.578+0530] {processor.py:208} INFO - Processing /Users/jayesh/Desktop/Personal Work/Movie_data_pipeline/.venv/lib/python3.12/site-packages/airflow/example_dags/example_branch_operator_decorator.py took 0.171 seconds
[2024-12-11T23:35:14.322+0530] {processor.py:186} INFO - Started process (PID=10485) to work on /Users/jayesh/Desktop/Personal Work/Movie_data_pipeline/.venv/lib/python3.12/site-packages/airflow/example_dags/example_branch_operator_decorator.py
[2024-12-11T23:35:14.327+0530] {processor.py:914} INFO - Processing file /Users/jayesh/Desktop/Personal Work/Movie_data_pipeline/.venv/lib/python3.12/site-packages/airflow/example_dags/example_branch_operator_decorator.py for tasks to queue
[2024-12-11T23:35:14.328+0530] {logging_mixin.py:190} INFO - [2024-12-11T23:35:14.328+0530] {dagbag.py:588} INFO - Filling up the DagBag from /Users/jayesh/Desktop/Personal Work/Movie_data_pipeline/.venv/lib/python3.12/site-packages/airflow/example_dags/example_branch_operator_decorator.py
[2024-12-11T23:35:14.356+0530] {processor.py:927} WARNING - No viable dags retrieved from /Users/jayesh/Desktop/Personal Work/Movie_data_pipeline/.venv/lib/python3.12/site-packages/airflow/example_dags/example_branch_operator_decorator.py
[2024-12-11T23:35:14.547+0530] {processor.py:208} INFO - Processing /Users/jayesh/Desktop/Personal Work/Movie_data_pipeline/.venv/lib/python3.12/site-packages/airflow/example_dags/example_branch_operator_decorator.py took 0.230 seconds
[2024-12-11T23:44:53.295+0530] {processor.py:186} INFO - Started process (PID=11427) to work on /Users/jayesh/Desktop/Personal Work/Movie_data_pipeline/.venv/lib/python3.12/site-packages/airflow/example_dags/example_branch_operator_decorator.py
[2024-12-11T23:44:53.298+0530] {processor.py:914} INFO - Processing file /Users/jayesh/Desktop/Personal Work/Movie_data_pipeline/.venv/lib/python3.12/site-packages/airflow/example_dags/example_branch_operator_decorator.py for tasks to queue
[2024-12-11T23:44:53.300+0530] {logging_mixin.py:190} INFO - [2024-12-11T23:44:53.299+0530] {dagbag.py:588} INFO - Filling up the DagBag from /Users/jayesh/Desktop/Personal Work/Movie_data_pipeline/.venv/lib/python3.12/site-packages/airflow/example_dags/example_branch_operator_decorator.py
[2024-12-11T23:44:53.329+0530] {processor.py:927} WARNING - No viable dags retrieved from /Users/jayesh/Desktop/Personal Work/Movie_data_pipeline/.venv/lib/python3.12/site-packages/airflow/example_dags/example_branch_operator_decorator.py
[2024-12-11T23:44:53.451+0530] {processor.py:208} INFO - Processing /Users/jayesh/Desktop/Personal Work/Movie_data_pipeline/.venv/lib/python3.12/site-packages/airflow/example_dags/example_branch_operator_decorator.py took 0.159 seconds
[2024-12-11T23:51:19.966+0530] {processor.py:186} INFO - Started process (PID=12204) to work on /Users/jayesh/Desktop/Personal Work/Movie_data_pipeline/.venv/lib/python3.12/site-packages/airflow/example_dags/example_branch_operator_decorator.py
[2024-12-11T23:51:19.968+0530] {processor.py:914} INFO - Processing file /Users/jayesh/Desktop/Personal Work/Movie_data_pipeline/.venv/lib/python3.12/site-packages/airflow/example_dags/example_branch_operator_decorator.py for tasks to queue
[2024-12-11T23:51:19.970+0530] {logging_mixin.py:190} INFO - [2024-12-11T23:51:19.969+0530] {dagbag.py:588} INFO - Filling up the DagBag from /Users/jayesh/Desktop/Personal Work/Movie_data_pipeline/.venv/lib/python3.12/site-packages/airflow/example_dags/example_branch_operator_decorator.py
[2024-12-11T23:51:19.994+0530] {processor.py:927} WARNING - No viable dags retrieved from /Users/jayesh/Desktop/Personal Work/Movie_data_pipeline/.venv/lib/python3.12/site-packages/airflow/example_dags/example_branch_operator_decorator.py
[2024-12-11T23:51:20.098+0530] {processor.py:208} INFO - Processing /Users/jayesh/Desktop/Personal Work/Movie_data_pipeline/.venv/lib/python3.12/site-packages/airflow/example_dags/example_branch_operator_decorator.py took 0.136 seconds
[2024-12-11T23:57:02.887+0530] {processor.py:186} INFO - Started process (PID=12790) to work on /Users/jayesh/Desktop/Personal Work/Movie_data_pipeline/.venv/lib/python3.12/site-packages/airflow/example_dags/example_branch_operator_decorator.py
[2024-12-11T23:57:02.890+0530] {processor.py:914} INFO - Processing file /Users/jayesh/Desktop/Personal Work/Movie_data_pipeline/.venv/lib/python3.12/site-packages/airflow/example_dags/example_branch_operator_decorator.py for tasks to queue
[2024-12-11T23:57:02.891+0530] {logging_mixin.py:190} INFO - [2024-12-11T23:57:02.891+0530] {dagbag.py:588} INFO - Filling up the DagBag from /Users/jayesh/Desktop/Personal Work/Movie_data_pipeline/.venv/lib/python3.12/site-packages/airflow/example_dags/example_branch_operator_decorator.py
[2024-12-11T23:57:02.918+0530] {processor.py:927} WARNING - No viable dags retrieved from /Users/jayesh/Desktop/Personal Work/Movie_data_pipeline/.venv/lib/python3.12/site-packages/airflow/example_dags/example_branch_operator_decorator.py
[2024-12-11T23:57:03.025+0530] {processor.py:208} INFO - Processing /Users/jayesh/Desktop/Personal Work/Movie_data_pipeline/.venv/lib/python3.12/site-packages/airflow/example_dags/example_branch_operator_decorator.py took 0.142 seconds
[2024-12-12T00:02:50.488+0530] {processor.py:186} INFO - Started process (PID=13349) to work on /Users/jayesh/Desktop/Personal Work/Movie_data_pipeline/.venv/lib/python3.12/site-packages/airflow/example_dags/example_branch_operator_decorator.py
[2024-12-12T00:02:50.490+0530] {processor.py:914} INFO - Processing file /Users/jayesh/Desktop/Personal Work/Movie_data_pipeline/.venv/lib/python3.12/site-packages/airflow/example_dags/example_branch_operator_decorator.py for tasks to queue
[2024-12-12T00:02:50.492+0530] {logging_mixin.py:190} INFO - [2024-12-12T00:02:50.492+0530] {dagbag.py:588} INFO - Filling up the DagBag from /Users/jayesh/Desktop/Personal Work/Movie_data_pipeline/.venv/lib/python3.12/site-packages/airflow/example_dags/example_branch_operator_decorator.py
[2024-12-12T00:02:50.543+0530] {processor.py:927} WARNING - No viable dags retrieved from /Users/jayesh/Desktop/Personal Work/Movie_data_pipeline/.venv/lib/python3.12/site-packages/airflow/example_dags/example_branch_operator_decorator.py
[2024-12-12T00:02:50.649+0530] {processor.py:208} INFO - Processing /Users/jayesh/Desktop/Personal Work/Movie_data_pipeline/.venv/lib/python3.12/site-packages/airflow/example_dags/example_branch_operator_decorator.py took 0.165 seconds
[2024-12-12T00:08:38.231+0530] {processor.py:186} INFO - Started process (PID=13894) to work on /Users/jayesh/Desktop/Personal Work/Movie_data_pipeline/.venv/lib/python3.12/site-packages/airflow/example_dags/example_branch_operator_decorator.py
[2024-12-12T00:08:38.233+0530] {processor.py:914} INFO - Processing file /Users/jayesh/Desktop/Personal Work/Movie_data_pipeline/.venv/lib/python3.12/site-packages/airflow/example_dags/example_branch_operator_decorator.py for tasks to queue
[2024-12-12T00:08:38.235+0530] {logging_mixin.py:190} INFO - [2024-12-12T00:08:38.235+0530] {dagbag.py:588} INFO - Filling up the DagBag from /Users/jayesh/Desktop/Personal Work/Movie_data_pipeline/.venv/lib/python3.12/site-packages/airflow/example_dags/example_branch_operator_decorator.py
[2024-12-12T00:08:38.287+0530] {processor.py:927} WARNING - No viable dags retrieved from /Users/jayesh/Desktop/Personal Work/Movie_data_pipeline/.venv/lib/python3.12/site-packages/airflow/example_dags/example_branch_operator_decorator.py
[2024-12-12T00:08:38.394+0530] {processor.py:208} INFO - Processing /Users/jayesh/Desktop/Personal Work/Movie_data_pipeline/.venv/lib/python3.12/site-packages/airflow/example_dags/example_branch_operator_decorator.py took 0.167 seconds
[2024-12-12T00:14:28.317+0530] {processor.py:186} INFO - Started process (PID=14454) to work on /Users/jayesh/Desktop/Personal Work/Movie_data_pipeline/.venv/lib/python3.12/site-packages/airflow/example_dags/example_branch_operator_decorator.py
[2024-12-12T00:14:28.320+0530] {processor.py:914} INFO - Processing file /Users/jayesh/Desktop/Personal Work/Movie_data_pipeline/.venv/lib/python3.12/site-packages/airflow/example_dags/example_branch_operator_decorator.py for tasks to queue
[2024-12-12T00:14:28.322+0530] {logging_mixin.py:190} INFO - [2024-12-12T00:14:28.322+0530] {dagbag.py:588} INFO - Filling up the DagBag from /Users/jayesh/Desktop/Personal Work/Movie_data_pipeline/.venv/lib/python3.12/site-packages/airflow/example_dags/example_branch_operator_decorator.py
[2024-12-12T00:14:28.349+0530] {processor.py:927} WARNING - No viable dags retrieved from /Users/jayesh/Desktop/Personal Work/Movie_data_pipeline/.venv/lib/python3.12/site-packages/airflow/example_dags/example_branch_operator_decorator.py
[2024-12-12T00:14:28.455+0530] {processor.py:208} INFO - Processing /Users/jayesh/Desktop/Personal Work/Movie_data_pipeline/.venv/lib/python3.12/site-packages/airflow/example_dags/example_branch_operator_decorator.py took 0.141 seconds
[2024-12-12T00:20:16.428+0530] {processor.py:186} INFO - Started process (PID=15007) to work on /Users/jayesh/Desktop/Personal Work/Movie_data_pipeline/.venv/lib/python3.12/site-packages/airflow/example_dags/example_branch_operator_decorator.py
[2024-12-12T00:20:16.431+0530] {processor.py:914} INFO - Processing file /Users/jayesh/Desktop/Personal Work/Movie_data_pipeline/.venv/lib/python3.12/site-packages/airflow/example_dags/example_branch_operator_decorator.py for tasks to queue
[2024-12-12T00:20:16.440+0530] {logging_mixin.py:190} INFO - [2024-12-12T00:20:16.439+0530] {dagbag.py:588} INFO - Filling up the DagBag from /Users/jayesh/Desktop/Personal Work/Movie_data_pipeline/.venv/lib/python3.12/site-packages/airflow/example_dags/example_branch_operator_decorator.py
[2024-12-12T00:20:16.500+0530] {processor.py:927} WARNING - No viable dags retrieved from /Users/jayesh/Desktop/Personal Work/Movie_data_pipeline/.venv/lib/python3.12/site-packages/airflow/example_dags/example_branch_operator_decorator.py
[2024-12-12T00:20:16.646+0530] {processor.py:208} INFO - Processing /Users/jayesh/Desktop/Personal Work/Movie_data_pipeline/.venv/lib/python3.12/site-packages/airflow/example_dags/example_branch_operator_decorator.py took 0.226 seconds
[2024-12-12T00:27:07.206+0530] {processor.py:186} INFO - Started process (PID=15663) to work on /Users/jayesh/Desktop/Personal Work/Movie_data_pipeline/.venv/lib/python3.12/site-packages/airflow/example_dags/example_branch_operator_decorator.py
[2024-12-12T00:27:07.209+0530] {processor.py:914} INFO - Processing file /Users/jayesh/Desktop/Personal Work/Movie_data_pipeline/.venv/lib/python3.12/site-packages/airflow/example_dags/example_branch_operator_decorator.py for tasks to queue
[2024-12-12T00:27:07.211+0530] {logging_mixin.py:190} INFO - [2024-12-12T00:27:07.211+0530] {dagbag.py:588} INFO - Filling up the DagBag from /Users/jayesh/Desktop/Personal Work/Movie_data_pipeline/.venv/lib/python3.12/site-packages/airflow/example_dags/example_branch_operator_decorator.py
[2024-12-12T00:27:07.268+0530] {processor.py:927} WARNING - No viable dags retrieved from /Users/jayesh/Desktop/Personal Work/Movie_data_pipeline/.venv/lib/python3.12/site-packages/airflow/example_dags/example_branch_operator_decorator.py
[2024-12-12T00:27:07.380+0530] {processor.py:208} INFO - Processing /Users/jayesh/Desktop/Personal Work/Movie_data_pipeline/.venv/lib/python3.12/site-packages/airflow/example_dags/example_branch_operator_decorator.py took 0.177 seconds
