[2024-12-11T23:25:13.112+0530] {processor.py:186} INFO - Started process (PID=9440) to work on /Users/jayesh/Desktop/Personal Work/Movie_data_pipeline/.venv/lib/python3.12/site-packages/airflow/example_dags/example_setup_teardown.py
[2024-12-11T23:25:13.125+0530] {processor.py:914} INFO - Processing file /Users/jayesh/Desktop/Personal Work/Movie_data_pipeline/.venv/lib/python3.12/site-packages/airflow/example_dags/example_setup_teardown.py for tasks to queue
[2024-12-11T23:25:13.126+0530] {logging_mixin.py:190} INFO - [2024-12-11T23:25:13.126+0530] {dagbag.py:588} INFO - Filling up the DagBag from /Users/jayesh/Desktop/Personal Work/Movie_data_pipeline/.venv/lib/python3.12/site-packages/airflow/example_dags/example_setup_teardown.py
[2024-12-11T23:25:13.144+0530] {processor.py:925} INFO - DAG(s) 'example_setup_teardown' retrieved from /Users/jayesh/Desktop/Personal Work/Movie_data_pipeline/.venv/lib/python3.12/site-packages/airflow/example_dags/example_setup_teardown.py
[2024-12-11T23:25:13.638+0530] {logging_mixin.py:190} INFO - [2024-12-11T23:25:13.638+0530] {override.py:1911} INFO - Created Permission View: can edit on DAG:example_setup_teardown
[2024-12-11T23:25:13.654+0530] {logging_mixin.py:190} INFO - [2024-12-11T23:25:13.653+0530] {override.py:1911} INFO - Created Permission View: can read on DAG:example_setup_teardown
[2024-12-11T23:25:13.664+0530] {logging_mixin.py:190} INFO - [2024-12-11T23:25:13.664+0530] {override.py:1911} INFO - Created Permission View: can delete on DAG:example_setup_teardown
[2024-12-11T23:25:13.682+0530] {logging_mixin.py:190} INFO - [2024-12-11T23:25:13.681+0530] {override.py:1911} INFO - Created Permission View: can delete on DAG Run:example_setup_teardown
[2024-12-11T23:25:13.697+0530] {logging_mixin.py:190} INFO - [2024-12-11T23:25:13.697+0530] {override.py:1911} INFO - Created Permission View: menu access on DAG Run:example_setup_teardown
[2024-12-11T23:25:13.712+0530] {logging_mixin.py:190} INFO - [2024-12-11T23:25:13.712+0530] {override.py:1911} INFO - Created Permission View: can read on DAG Run:example_setup_teardown
[2024-12-11T23:25:13.728+0530] {logging_mixin.py:190} INFO - [2024-12-11T23:25:13.727+0530] {override.py:1911} INFO - Created Permission View: can create on DAG Run:example_setup_teardown
[2024-12-11T23:25:13.728+0530] {logging_mixin.py:190} INFO - [2024-12-11T23:25:13.728+0530] {dag.py:3239} INFO - Sync 1 DAGs
[2024-12-11T23:25:13.750+0530] {logging_mixin.py:190} INFO - [2024-12-11T23:25:13.749+0530] {dag.py:3262} INFO - Creating ORM DAG for example_setup_teardown
[2024-12-11T23:25:13.752+0530] {logging_mixin.py:190} INFO - [2024-12-11T23:25:13.752+0530] {dag.py:4180} INFO - Setting next_dagrun for example_setup_teardown to None, run_after=None
[2024-12-11T23:25:13.781+0530] {processor.py:208} INFO - Processing /Users/jayesh/Desktop/Personal Work/Movie_data_pipeline/.venv/lib/python3.12/site-packages/airflow/example_dags/example_setup_teardown.py took 0.676 seconds
[2024-12-11T23:29:45.500+0530] {processor.py:186} INFO - Started process (PID=9885) to work on /Users/jayesh/Desktop/Personal Work/Movie_data_pipeline/.venv/lib/python3.12/site-packages/airflow/example_dags/example_setup_teardown.py
[2024-12-11T23:29:45.502+0530] {processor.py:914} INFO - Processing file /Users/jayesh/Desktop/Personal Work/Movie_data_pipeline/.venv/lib/python3.12/site-packages/airflow/example_dags/example_setup_teardown.py for tasks to queue
[2024-12-11T23:29:45.504+0530] {logging_mixin.py:190} INFO - [2024-12-11T23:29:45.504+0530] {dagbag.py:588} INFO - Filling up the DagBag from /Users/jayesh/Desktop/Personal Work/Movie_data_pipeline/.venv/lib/python3.12/site-packages/airflow/example_dags/example_setup_teardown.py
[2024-12-11T23:29:45.521+0530] {processor.py:925} INFO - DAG(s) 'example_setup_teardown' retrieved from /Users/jayesh/Desktop/Personal Work/Movie_data_pipeline/.venv/lib/python3.12/site-packages/airflow/example_dags/example_setup_teardown.py
[2024-12-11T23:29:45.679+0530] {logging_mixin.py:190} INFO - [2024-12-11T23:29:45.679+0530] {dag.py:3239} INFO - Sync 1 DAGs
[2024-12-11T23:29:45.695+0530] {logging_mixin.py:190} INFO - [2024-12-11T23:29:45.695+0530] {dag.py:4180} INFO - Setting next_dagrun for example_setup_teardown to None, run_after=None
[2024-12-11T23:29:45.717+0530] {processor.py:208} INFO - Processing /Users/jayesh/Desktop/Personal Work/Movie_data_pipeline/.venv/lib/python3.12/site-packages/airflow/example_dags/example_setup_teardown.py took 0.222 seconds
[2024-12-11T23:33:44.681+0530] {processor.py:186} INFO - Started process (PID=10279) to work on /Users/jayesh/Desktop/Personal Work/Movie_data_pipeline/.venv/lib/python3.12/site-packages/airflow/example_dags/example_setup_teardown.py
[2024-12-11T23:33:44.685+0530] {processor.py:914} INFO - Processing file /Users/jayesh/Desktop/Personal Work/Movie_data_pipeline/.venv/lib/python3.12/site-packages/airflow/example_dags/example_setup_teardown.py for tasks to queue
[2024-12-11T23:33:44.687+0530] {logging_mixin.py:190} INFO - [2024-12-11T23:33:44.686+0530] {dagbag.py:588} INFO - Filling up the DagBag from /Users/jayesh/Desktop/Personal Work/Movie_data_pipeline/.venv/lib/python3.12/site-packages/airflow/example_dags/example_setup_teardown.py
[2024-12-11T23:33:44.713+0530] {processor.py:925} INFO - DAG(s) 'example_setup_teardown' retrieved from /Users/jayesh/Desktop/Personal Work/Movie_data_pipeline/.venv/lib/python3.12/site-packages/airflow/example_dags/example_setup_teardown.py
[2024-12-11T23:33:44.936+0530] {logging_mixin.py:190} INFO - [2024-12-11T23:33:44.936+0530] {dag.py:3239} INFO - Sync 1 DAGs
[2024-12-11T23:33:44.952+0530] {logging_mixin.py:190} INFO - [2024-12-11T23:33:44.952+0530] {dag.py:4180} INFO - Setting next_dagrun for example_setup_teardown to None, run_after=None
[2024-12-11T23:33:44.981+0530] {processor.py:208} INFO - Processing /Users/jayesh/Desktop/Personal Work/Movie_data_pipeline/.venv/lib/python3.12/site-packages/airflow/example_dags/example_setup_teardown.py took 0.308 seconds
[2024-12-11T23:37:29.014+0530] {processor.py:186} INFO - Started process (PID=10782) to work on /Users/jayesh/Desktop/Personal Work/Movie_data_pipeline/.venv/lib/python3.12/site-packages/airflow/example_dags/example_setup_teardown.py
[2024-12-11T23:37:29.016+0530] {processor.py:914} INFO - Processing file /Users/jayesh/Desktop/Personal Work/Movie_data_pipeline/.venv/lib/python3.12/site-packages/airflow/example_dags/example_setup_teardown.py for tasks to queue
[2024-12-11T23:37:29.018+0530] {logging_mixin.py:190} INFO - [2024-12-11T23:37:29.018+0530] {dagbag.py:588} INFO - Filling up the DagBag from /Users/jayesh/Desktop/Personal Work/Movie_data_pipeline/.venv/lib/python3.12/site-packages/airflow/example_dags/example_setup_teardown.py
[2024-12-11T23:37:29.031+0530] {processor.py:925} INFO - DAG(s) 'example_setup_teardown' retrieved from /Users/jayesh/Desktop/Personal Work/Movie_data_pipeline/.venv/lib/python3.12/site-packages/airflow/example_dags/example_setup_teardown.py
[2024-12-11T23:37:29.168+0530] {logging_mixin.py:190} INFO - [2024-12-11T23:37:29.167+0530] {dag.py:3239} INFO - Sync 1 DAGs
[2024-12-11T23:37:29.182+0530] {logging_mixin.py:190} INFO - [2024-12-11T23:37:29.181+0530] {dag.py:4180} INFO - Setting next_dagrun for example_setup_teardown to None, run_after=None
[2024-12-11T23:37:29.205+0530] {processor.py:208} INFO - Processing /Users/jayesh/Desktop/Personal Work/Movie_data_pipeline/.venv/lib/python3.12/site-packages/airflow/example_dags/example_setup_teardown.py took 0.195 seconds
[2024-12-11T23:41:45.612+0530] {processor.py:186} INFO - Started process (PID=11180) to work on /Users/jayesh/Desktop/Personal Work/Movie_data_pipeline/.venv/lib/python3.12/site-packages/airflow/example_dags/example_setup_teardown.py
[2024-12-11T23:41:45.616+0530] {processor.py:914} INFO - Processing file /Users/jayesh/Desktop/Personal Work/Movie_data_pipeline/.venv/lib/python3.12/site-packages/airflow/example_dags/example_setup_teardown.py for tasks to queue
[2024-12-11T23:41:45.619+0530] {logging_mixin.py:190} INFO - [2024-12-11T23:41:45.618+0530] {dagbag.py:588} INFO - Filling up the DagBag from /Users/jayesh/Desktop/Personal Work/Movie_data_pipeline/.venv/lib/python3.12/site-packages/airflow/example_dags/example_setup_teardown.py
[2024-12-11T23:41:45.636+0530] {processor.py:925} INFO - DAG(s) 'example_setup_teardown' retrieved from /Users/jayesh/Desktop/Personal Work/Movie_data_pipeline/.venv/lib/python3.12/site-packages/airflow/example_dags/example_setup_teardown.py
[2024-12-11T23:41:45.905+0530] {logging_mixin.py:190} INFO - [2024-12-11T23:41:45.905+0530] {dag.py:3239} INFO - Sync 1 DAGs
[2024-12-11T23:41:45.926+0530] {logging_mixin.py:190} INFO - [2024-12-11T23:41:45.925+0530] {dag.py:4180} INFO - Setting next_dagrun for example_setup_teardown to None, run_after=None
[2024-12-11T23:41:45.959+0530] {processor.py:208} INFO - Processing /Users/jayesh/Desktop/Personal Work/Movie_data_pipeline/.venv/lib/python3.12/site-packages/airflow/example_dags/example_setup_teardown.py took 0.351 seconds
[2024-12-11T23:47:09.093+0530] {processor.py:186} INFO - Started process (PID=11755) to work on /Users/jayesh/Desktop/Personal Work/Movie_data_pipeline/.venv/lib/python3.12/site-packages/airflow/example_dags/example_setup_teardown.py
[2024-12-11T23:47:09.096+0530] {processor.py:914} INFO - Processing file /Users/jayesh/Desktop/Personal Work/Movie_data_pipeline/.venv/lib/python3.12/site-packages/airflow/example_dags/example_setup_teardown.py for tasks to queue
[2024-12-11T23:47:09.097+0530] {logging_mixin.py:190} INFO - [2024-12-11T23:47:09.097+0530] {dagbag.py:588} INFO - Filling up the DagBag from /Users/jayesh/Desktop/Personal Work/Movie_data_pipeline/.venv/lib/python3.12/site-packages/airflow/example_dags/example_setup_teardown.py
[2024-12-11T23:47:09.111+0530] {processor.py:925} INFO - DAG(s) 'example_setup_teardown' retrieved from /Users/jayesh/Desktop/Personal Work/Movie_data_pipeline/.venv/lib/python3.12/site-packages/airflow/example_dags/example_setup_teardown.py
[2024-12-11T23:47:09.258+0530] {logging_mixin.py:190} INFO - [2024-12-11T23:47:09.258+0530] {dag.py:3239} INFO - Sync 1 DAGs
[2024-12-11T23:47:09.274+0530] {logging_mixin.py:190} INFO - [2024-12-11T23:47:09.273+0530] {dag.py:4180} INFO - Setting next_dagrun for example_setup_teardown to None, run_after=None
[2024-12-11T23:47:09.296+0530] {processor.py:208} INFO - Processing /Users/jayesh/Desktop/Personal Work/Movie_data_pipeline/.venv/lib/python3.12/site-packages/airflow/example_dags/example_setup_teardown.py took 0.207 seconds
[2024-12-11T23:50:19.500+0530] {processor.py:186} INFO - Started process (PID=12115) to work on /Users/jayesh/Desktop/Personal Work/Movie_data_pipeline/.venv/lib/python3.12/site-packages/airflow/example_dags/example_setup_teardown.py
[2024-12-11T23:50:19.502+0530] {processor.py:914} INFO - Processing file /Users/jayesh/Desktop/Personal Work/Movie_data_pipeline/.venv/lib/python3.12/site-packages/airflow/example_dags/example_setup_teardown.py for tasks to queue
[2024-12-11T23:50:19.504+0530] {logging_mixin.py:190} INFO - [2024-12-11T23:50:19.503+0530] {dagbag.py:588} INFO - Filling up the DagBag from /Users/jayesh/Desktop/Personal Work/Movie_data_pipeline/.venv/lib/python3.12/site-packages/airflow/example_dags/example_setup_teardown.py
[2024-12-11T23:50:19.519+0530] {processor.py:925} INFO - DAG(s) 'example_setup_teardown' retrieved from /Users/jayesh/Desktop/Personal Work/Movie_data_pipeline/.venv/lib/python3.12/site-packages/airflow/example_dags/example_setup_teardown.py
[2024-12-11T23:50:19.641+0530] {logging_mixin.py:190} INFO - [2024-12-11T23:50:19.641+0530] {dag.py:3239} INFO - Sync 1 DAGs
[2024-12-11T23:50:19.654+0530] {logging_mixin.py:190} INFO - [2024-12-11T23:50:19.654+0530] {dag.py:4180} INFO - Setting next_dagrun for example_setup_teardown to None, run_after=None
[2024-12-11T23:50:19.677+0530] {processor.py:208} INFO - Processing /Users/jayesh/Desktop/Personal Work/Movie_data_pipeline/.venv/lib/python3.12/site-packages/airflow/example_dags/example_setup_teardown.py took 0.181 seconds
[2024-12-11T23:53:11.481+0530] {processor.py:186} INFO - Started process (PID=12395) to work on /Users/jayesh/Desktop/Personal Work/Movie_data_pipeline/.venv/lib/python3.12/site-packages/airflow/example_dags/example_setup_teardown.py
[2024-12-11T23:53:11.485+0530] {processor.py:914} INFO - Processing file /Users/jayesh/Desktop/Personal Work/Movie_data_pipeline/.venv/lib/python3.12/site-packages/airflow/example_dags/example_setup_teardown.py for tasks to queue
[2024-12-11T23:53:11.486+0530] {logging_mixin.py:190} INFO - [2024-12-11T23:53:11.486+0530] {dagbag.py:588} INFO - Filling up the DagBag from /Users/jayesh/Desktop/Personal Work/Movie_data_pipeline/.venv/lib/python3.12/site-packages/airflow/example_dags/example_setup_teardown.py
[2024-12-11T23:53:11.498+0530] {processor.py:925} INFO - DAG(s) 'example_setup_teardown' retrieved from /Users/jayesh/Desktop/Personal Work/Movie_data_pipeline/.venv/lib/python3.12/site-packages/airflow/example_dags/example_setup_teardown.py
[2024-12-11T23:53:11.645+0530] {logging_mixin.py:190} INFO - [2024-12-11T23:53:11.645+0530] {dag.py:3239} INFO - Sync 1 DAGs
[2024-12-11T23:53:11.662+0530] {logging_mixin.py:190} INFO - [2024-12-11T23:53:11.661+0530] {dag.py:4180} INFO - Setting next_dagrun for example_setup_teardown to None, run_after=None
[2024-12-11T23:53:11.687+0530] {processor.py:208} INFO - Processing /Users/jayesh/Desktop/Personal Work/Movie_data_pipeline/.venv/lib/python3.12/site-packages/airflow/example_dags/example_setup_teardown.py took 0.209 seconds
[2024-12-11T23:56:01.693+0530] {processor.py:186} INFO - Started process (PID=12693) to work on /Users/jayesh/Desktop/Personal Work/Movie_data_pipeline/.venv/lib/python3.12/site-packages/airflow/example_dags/example_setup_teardown.py
[2024-12-11T23:56:01.696+0530] {processor.py:914} INFO - Processing file /Users/jayesh/Desktop/Personal Work/Movie_data_pipeline/.venv/lib/python3.12/site-packages/airflow/example_dags/example_setup_teardown.py for tasks to queue
[2024-12-11T23:56:01.698+0530] {logging_mixin.py:190} INFO - [2024-12-11T23:56:01.697+0530] {dagbag.py:588} INFO - Filling up the DagBag from /Users/jayesh/Desktop/Personal Work/Movie_data_pipeline/.venv/lib/python3.12/site-packages/airflow/example_dags/example_setup_teardown.py
[2024-12-11T23:56:01.712+0530] {processor.py:925} INFO - DAG(s) 'example_setup_teardown' retrieved from /Users/jayesh/Desktop/Personal Work/Movie_data_pipeline/.venv/lib/python3.12/site-packages/airflow/example_dags/example_setup_teardown.py
[2024-12-11T23:56:01.839+0530] {logging_mixin.py:190} INFO - [2024-12-11T23:56:01.839+0530] {dag.py:3239} INFO - Sync 1 DAGs
[2024-12-11T23:56:01.855+0530] {logging_mixin.py:190} INFO - [2024-12-11T23:56:01.854+0530] {dag.py:4180} INFO - Setting next_dagrun for example_setup_teardown to None, run_after=None
[2024-12-11T23:56:01.878+0530] {processor.py:208} INFO - Processing /Users/jayesh/Desktop/Personal Work/Movie_data_pipeline/.venv/lib/python3.12/site-packages/airflow/example_dags/example_setup_teardown.py took 0.188 seconds
[2024-12-11T23:58:55.339+0530] {processor.py:186} INFO - Started process (PID=12972) to work on /Users/jayesh/Desktop/Personal Work/Movie_data_pipeline/.venv/lib/python3.12/site-packages/airflow/example_dags/example_setup_teardown.py
[2024-12-11T23:58:55.341+0530] {processor.py:914} INFO - Processing file /Users/jayesh/Desktop/Personal Work/Movie_data_pipeline/.venv/lib/python3.12/site-packages/airflow/example_dags/example_setup_teardown.py for tasks to queue
[2024-12-11T23:58:55.343+0530] {logging_mixin.py:190} INFO - [2024-12-11T23:58:55.343+0530] {dagbag.py:588} INFO - Filling up the DagBag from /Users/jayesh/Desktop/Personal Work/Movie_data_pipeline/.venv/lib/python3.12/site-packages/airflow/example_dags/example_setup_teardown.py
[2024-12-11T23:58:55.355+0530] {processor.py:925} INFO - DAG(s) 'example_setup_teardown' retrieved from /Users/jayesh/Desktop/Personal Work/Movie_data_pipeline/.venv/lib/python3.12/site-packages/airflow/example_dags/example_setup_teardown.py
[2024-12-11T23:58:55.480+0530] {logging_mixin.py:190} INFO - [2024-12-11T23:58:55.480+0530] {dag.py:3239} INFO - Sync 1 DAGs
[2024-12-11T23:58:55.494+0530] {logging_mixin.py:190} INFO - [2024-12-11T23:58:55.494+0530] {dag.py:4180} INFO - Setting next_dagrun for example_setup_teardown to None, run_after=None
[2024-12-11T23:58:55.516+0530] {processor.py:208} INFO - Processing /Users/jayesh/Desktop/Personal Work/Movie_data_pipeline/.venv/lib/python3.12/site-packages/airflow/example_dags/example_setup_teardown.py took 0.181 seconds
[2024-12-12T00:01:49.460+0530] {processor.py:186} INFO - Started process (PID=13258) to work on /Users/jayesh/Desktop/Personal Work/Movie_data_pipeline/.venv/lib/python3.12/site-packages/airflow/example_dags/example_setup_teardown.py
[2024-12-12T00:01:49.462+0530] {processor.py:914} INFO - Processing file /Users/jayesh/Desktop/Personal Work/Movie_data_pipeline/.venv/lib/python3.12/site-packages/airflow/example_dags/example_setup_teardown.py for tasks to queue
[2024-12-12T00:01:49.464+0530] {logging_mixin.py:190} INFO - [2024-12-12T00:01:49.464+0530] {dagbag.py:588} INFO - Filling up the DagBag from /Users/jayesh/Desktop/Personal Work/Movie_data_pipeline/.venv/lib/python3.12/site-packages/airflow/example_dags/example_setup_teardown.py
[2024-12-12T00:01:49.477+0530] {processor.py:925} INFO - DAG(s) 'example_setup_teardown' retrieved from /Users/jayesh/Desktop/Personal Work/Movie_data_pipeline/.venv/lib/python3.12/site-packages/airflow/example_dags/example_setup_teardown.py
[2024-12-12T00:01:49.602+0530] {logging_mixin.py:190} INFO - [2024-12-12T00:01:49.601+0530] {dag.py:3239} INFO - Sync 1 DAGs
[2024-12-12T00:01:49.615+0530] {logging_mixin.py:190} INFO - [2024-12-12T00:01:49.615+0530] {dag.py:4180} INFO - Setting next_dagrun for example_setup_teardown to None, run_after=None
[2024-12-12T00:01:49.637+0530] {processor.py:208} INFO - Processing /Users/jayesh/Desktop/Personal Work/Movie_data_pipeline/.venv/lib/python3.12/site-packages/airflow/example_dags/example_setup_teardown.py took 0.180 seconds
[2024-12-12T00:04:42.701+0530] {processor.py:186} INFO - Started process (PID=13525) to work on /Users/jayesh/Desktop/Personal Work/Movie_data_pipeline/.venv/lib/python3.12/site-packages/airflow/example_dags/example_setup_teardown.py
[2024-12-12T00:04:42.704+0530] {processor.py:914} INFO - Processing file /Users/jayesh/Desktop/Personal Work/Movie_data_pipeline/.venv/lib/python3.12/site-packages/airflow/example_dags/example_setup_teardown.py for tasks to queue
[2024-12-12T00:04:42.705+0530] {logging_mixin.py:190} INFO - [2024-12-12T00:04:42.705+0530] {dagbag.py:588} INFO - Filling up the DagBag from /Users/jayesh/Desktop/Personal Work/Movie_data_pipeline/.venv/lib/python3.12/site-packages/airflow/example_dags/example_setup_teardown.py
[2024-12-12T00:04:42.720+0530] {processor.py:925} INFO - DAG(s) 'example_setup_teardown' retrieved from /Users/jayesh/Desktop/Personal Work/Movie_data_pipeline/.venv/lib/python3.12/site-packages/airflow/example_dags/example_setup_teardown.py
[2024-12-12T00:04:42.859+0530] {logging_mixin.py:190} INFO - [2024-12-12T00:04:42.859+0530] {dag.py:3239} INFO - Sync 1 DAGs
[2024-12-12T00:04:42.874+0530] {logging_mixin.py:190} INFO - [2024-12-12T00:04:42.874+0530] {dag.py:4180} INFO - Setting next_dagrun for example_setup_teardown to None, run_after=None
[2024-12-12T00:04:42.897+0530] {processor.py:208} INFO - Processing /Users/jayesh/Desktop/Personal Work/Movie_data_pipeline/.venv/lib/python3.12/site-packages/airflow/example_dags/example_setup_teardown.py took 0.200 seconds
[2024-12-12T00:07:36.399+0530] {processor.py:186} INFO - Started process (PID=13793) to work on /Users/jayesh/Desktop/Personal Work/Movie_data_pipeline/.venv/lib/python3.12/site-packages/airflow/example_dags/example_setup_teardown.py
[2024-12-12T00:07:36.402+0530] {processor.py:914} INFO - Processing file /Users/jayesh/Desktop/Personal Work/Movie_data_pipeline/.venv/lib/python3.12/site-packages/airflow/example_dags/example_setup_teardown.py for tasks to queue
[2024-12-12T00:07:36.404+0530] {logging_mixin.py:190} INFO - [2024-12-12T00:07:36.403+0530] {dagbag.py:588} INFO - Filling up the DagBag from /Users/jayesh/Desktop/Personal Work/Movie_data_pipeline/.venv/lib/python3.12/site-packages/airflow/example_dags/example_setup_teardown.py
[2024-12-12T00:07:36.417+0530] {processor.py:925} INFO - DAG(s) 'example_setup_teardown' retrieved from /Users/jayesh/Desktop/Personal Work/Movie_data_pipeline/.venv/lib/python3.12/site-packages/airflow/example_dags/example_setup_teardown.py
[2024-12-12T00:07:36.559+0530] {logging_mixin.py:190} INFO - [2024-12-12T00:07:36.559+0530] {dag.py:3239} INFO - Sync 1 DAGs
[2024-12-12T00:07:36.573+0530] {logging_mixin.py:190} INFO - [2024-12-12T00:07:36.573+0530] {dag.py:4180} INFO - Setting next_dagrun for example_setup_teardown to None, run_after=None
[2024-12-12T00:07:36.603+0530] {processor.py:208} INFO - Processing /Users/jayesh/Desktop/Personal Work/Movie_data_pipeline/.venv/lib/python3.12/site-packages/airflow/example_dags/example_setup_teardown.py took 0.208 seconds
[2024-12-12T00:10:31.619+0530] {processor.py:186} INFO - Started process (PID=14073) to work on /Users/jayesh/Desktop/Personal Work/Movie_data_pipeline/.venv/lib/python3.12/site-packages/airflow/example_dags/example_setup_teardown.py
[2024-12-12T00:10:31.622+0530] {processor.py:914} INFO - Processing file /Users/jayesh/Desktop/Personal Work/Movie_data_pipeline/.venv/lib/python3.12/site-packages/airflow/example_dags/example_setup_teardown.py for tasks to queue
[2024-12-12T00:10:31.623+0530] {logging_mixin.py:190} INFO - [2024-12-12T00:10:31.623+0530] {dagbag.py:588} INFO - Filling up the DagBag from /Users/jayesh/Desktop/Personal Work/Movie_data_pipeline/.venv/lib/python3.12/site-packages/airflow/example_dags/example_setup_teardown.py
[2024-12-12T00:10:31.638+0530] {processor.py:925} INFO - DAG(s) 'example_setup_teardown' retrieved from /Users/jayesh/Desktop/Personal Work/Movie_data_pipeline/.venv/lib/python3.12/site-packages/airflow/example_dags/example_setup_teardown.py
[2024-12-12T00:10:31.776+0530] {logging_mixin.py:190} INFO - [2024-12-12T00:10:31.776+0530] {dag.py:3239} INFO - Sync 1 DAGs
[2024-12-12T00:10:31.790+0530] {logging_mixin.py:190} INFO - [2024-12-12T00:10:31.790+0530] {dag.py:4180} INFO - Setting next_dagrun for example_setup_teardown to None, run_after=None
[2024-12-12T00:10:31.813+0530] {processor.py:208} INFO - Processing /Users/jayesh/Desktop/Personal Work/Movie_data_pipeline/.venv/lib/python3.12/site-packages/airflow/example_dags/example_setup_teardown.py took 0.198 seconds
[2024-12-12T00:13:26.703+0530] {processor.py:186} INFO - Started process (PID=14351) to work on /Users/jayesh/Desktop/Personal Work/Movie_data_pipeline/.venv/lib/python3.12/site-packages/airflow/example_dags/example_setup_teardown.py
[2024-12-12T00:13:26.706+0530] {processor.py:914} INFO - Processing file /Users/jayesh/Desktop/Personal Work/Movie_data_pipeline/.venv/lib/python3.12/site-packages/airflow/example_dags/example_setup_teardown.py for tasks to queue
[2024-12-12T00:13:26.707+0530] {logging_mixin.py:190} INFO - [2024-12-12T00:13:26.707+0530] {dagbag.py:588} INFO - Filling up the DagBag from /Users/jayesh/Desktop/Personal Work/Movie_data_pipeline/.venv/lib/python3.12/site-packages/airflow/example_dags/example_setup_teardown.py
[2024-12-12T00:13:26.719+0530] {processor.py:925} INFO - DAG(s) 'example_setup_teardown' retrieved from /Users/jayesh/Desktop/Personal Work/Movie_data_pipeline/.venv/lib/python3.12/site-packages/airflow/example_dags/example_setup_teardown.py
[2024-12-12T00:13:26.856+0530] {logging_mixin.py:190} INFO - [2024-12-12T00:13:26.856+0530] {dag.py:3239} INFO - Sync 1 DAGs
[2024-12-12T00:13:26.871+0530] {logging_mixin.py:190} INFO - [2024-12-12T00:13:26.870+0530] {dag.py:4180} INFO - Setting next_dagrun for example_setup_teardown to None, run_after=None
[2024-12-12T00:13:26.895+0530] {processor.py:208} INFO - Processing /Users/jayesh/Desktop/Personal Work/Movie_data_pipeline/.venv/lib/python3.12/site-packages/airflow/example_dags/example_setup_teardown.py took 0.196 seconds
[2024-12-12T00:16:19.031+0530] {processor.py:186} INFO - Started process (PID=14637) to work on /Users/jayesh/Desktop/Personal Work/Movie_data_pipeline/.venv/lib/python3.12/site-packages/airflow/example_dags/example_setup_teardown.py
[2024-12-12T00:16:19.033+0530] {processor.py:914} INFO - Processing file /Users/jayesh/Desktop/Personal Work/Movie_data_pipeline/.venv/lib/python3.12/site-packages/airflow/example_dags/example_setup_teardown.py for tasks to queue
[2024-12-12T00:16:19.035+0530] {logging_mixin.py:190} INFO - [2024-12-12T00:16:19.035+0530] {dagbag.py:588} INFO - Filling up the DagBag from /Users/jayesh/Desktop/Personal Work/Movie_data_pipeline/.venv/lib/python3.12/site-packages/airflow/example_dags/example_setup_teardown.py
[2024-12-12T00:16:19.048+0530] {processor.py:925} INFO - DAG(s) 'example_setup_teardown' retrieved from /Users/jayesh/Desktop/Personal Work/Movie_data_pipeline/.venv/lib/python3.12/site-packages/airflow/example_dags/example_setup_teardown.py
[2024-12-12T00:16:19.170+0530] {logging_mixin.py:190} INFO - [2024-12-12T00:16:19.169+0530] {dag.py:3239} INFO - Sync 1 DAGs
[2024-12-12T00:16:19.184+0530] {logging_mixin.py:190} INFO - [2024-12-12T00:16:19.184+0530] {dag.py:4180} INFO - Setting next_dagrun for example_setup_teardown to None, run_after=None
[2024-12-12T00:16:19.209+0530] {processor.py:208} INFO - Processing /Users/jayesh/Desktop/Personal Work/Movie_data_pipeline/.venv/lib/python3.12/site-packages/airflow/example_dags/example_setup_teardown.py took 0.182 seconds
[2024-12-12T00:19:09.223+0530] {processor.py:186} INFO - Started process (PID=14903) to work on /Users/jayesh/Desktop/Personal Work/Movie_data_pipeline/.venv/lib/python3.12/site-packages/airflow/example_dags/example_setup_teardown.py
[2024-12-12T00:19:09.226+0530] {processor.py:914} INFO - Processing file /Users/jayesh/Desktop/Personal Work/Movie_data_pipeline/.venv/lib/python3.12/site-packages/airflow/example_dags/example_setup_teardown.py for tasks to queue
[2024-12-12T00:19:09.228+0530] {logging_mixin.py:190} INFO - [2024-12-12T00:19:09.228+0530] {dagbag.py:588} INFO - Filling up the DagBag from /Users/jayesh/Desktop/Personal Work/Movie_data_pipeline/.venv/lib/python3.12/site-packages/airflow/example_dags/example_setup_teardown.py
[2024-12-12T00:19:09.252+0530] {processor.py:925} INFO - DAG(s) 'example_setup_teardown' retrieved from /Users/jayesh/Desktop/Personal Work/Movie_data_pipeline/.venv/lib/python3.12/site-packages/airflow/example_dags/example_setup_teardown.py
[2024-12-12T00:19:09.424+0530] {logging_mixin.py:190} INFO - [2024-12-12T00:19:09.424+0530] {dag.py:3239} INFO - Sync 1 DAGs
[2024-12-12T00:19:09.441+0530] {logging_mixin.py:190} INFO - [2024-12-12T00:19:09.441+0530] {dag.py:4180} INFO - Setting next_dagrun for example_setup_teardown to None, run_after=None
[2024-12-12T00:19:09.469+0530] {processor.py:208} INFO - Processing /Users/jayesh/Desktop/Personal Work/Movie_data_pipeline/.venv/lib/python3.12/site-packages/airflow/example_dags/example_setup_teardown.py took 0.253 seconds
[2024-12-12T00:22:20.720+0530] {processor.py:186} INFO - Started process (PID=15210) to work on /Users/jayesh/Desktop/Personal Work/Movie_data_pipeline/.venv/lib/python3.12/site-packages/airflow/example_dags/example_setup_teardown.py
[2024-12-12T00:22:20.722+0530] {processor.py:914} INFO - Processing file /Users/jayesh/Desktop/Personal Work/Movie_data_pipeline/.venv/lib/python3.12/site-packages/airflow/example_dags/example_setup_teardown.py for tasks to queue
[2024-12-12T00:22:20.724+0530] {logging_mixin.py:190} INFO - [2024-12-12T00:22:20.724+0530] {dagbag.py:588} INFO - Filling up the DagBag from /Users/jayesh/Desktop/Personal Work/Movie_data_pipeline/.venv/lib/python3.12/site-packages/airflow/example_dags/example_setup_teardown.py
[2024-12-12T00:22:20.736+0530] {processor.py:925} INFO - DAG(s) 'example_setup_teardown' retrieved from /Users/jayesh/Desktop/Personal Work/Movie_data_pipeline/.venv/lib/python3.12/site-packages/airflow/example_dags/example_setup_teardown.py
[2024-12-12T00:22:20.866+0530] {logging_mixin.py:190} INFO - [2024-12-12T00:22:20.866+0530] {dag.py:3239} INFO - Sync 1 DAGs
[2024-12-12T00:22:20.880+0530] {logging_mixin.py:190} INFO - [2024-12-12T00:22:20.880+0530] {dag.py:4180} INFO - Setting next_dagrun for example_setup_teardown to None, run_after=None
[2024-12-12T00:22:20.903+0530] {processor.py:208} INFO - Processing /Users/jayesh/Desktop/Personal Work/Movie_data_pipeline/.venv/lib/python3.12/site-packages/airflow/example_dags/example_setup_teardown.py took 0.188 seconds
[2024-12-12T00:25:52.039+0530] {processor.py:186} INFO - Started process (PID=15557) to work on /Users/jayesh/Desktop/Personal Work/Movie_data_pipeline/.venv/lib/python3.12/site-packages/airflow/example_dags/example_setup_teardown.py
[2024-12-12T00:25:52.041+0530] {processor.py:914} INFO - Processing file /Users/jayesh/Desktop/Personal Work/Movie_data_pipeline/.venv/lib/python3.12/site-packages/airflow/example_dags/example_setup_teardown.py for tasks to queue
[2024-12-12T00:25:52.043+0530] {logging_mixin.py:190} INFO - [2024-12-12T00:25:52.043+0530] {dagbag.py:588} INFO - Filling up the DagBag from /Users/jayesh/Desktop/Personal Work/Movie_data_pipeline/.venv/lib/python3.12/site-packages/airflow/example_dags/example_setup_teardown.py
[2024-12-12T00:25:52.061+0530] {processor.py:925} INFO - DAG(s) 'example_setup_teardown' retrieved from /Users/jayesh/Desktop/Personal Work/Movie_data_pipeline/.venv/lib/python3.12/site-packages/airflow/example_dags/example_setup_teardown.py
[2024-12-12T00:25:52.187+0530] {logging_mixin.py:190} INFO - [2024-12-12T00:25:52.187+0530] {dag.py:3239} INFO - Sync 1 DAGs
[2024-12-12T00:25:52.201+0530] {logging_mixin.py:190} INFO - [2024-12-12T00:25:52.201+0530] {dag.py:4180} INFO - Setting next_dagrun for example_setup_teardown to None, run_after=None
[2024-12-12T00:25:52.224+0530] {processor.py:208} INFO - Processing /Users/jayesh/Desktop/Personal Work/Movie_data_pipeline/.venv/lib/python3.12/site-packages/airflow/example_dags/example_setup_teardown.py took 0.189 seconds
