[2024-12-11T23:26:25.873+0530] {processor.py:186} INFO - Started process (PID=9571) to work on /Users/jayesh/Desktop/Personal Work/Movie_data_pipeline/.venv/lib/python3.12/site-packages/airflow/example_dags/example_latest_only.py
[2024-12-11T23:26:25.875+0530] {processor.py:914} INFO - Processing file /Users/jayesh/Desktop/Personal Work/Movie_data_pipeline/.venv/lib/python3.12/site-packages/airflow/example_dags/example_latest_only.py for tasks to queue
[2024-12-11T23:26:25.877+0530] {logging_mixin.py:190} INFO - [2024-12-11T23:26:25.876+0530] {dagbag.py:588} INFO - Filling up the DagBag from /Users/jayesh/Desktop/Personal Work/Movie_data_pipeline/.venv/lib/python3.12/site-packages/airflow/example_dags/example_latest_only.py
[2024-12-11T23:26:25.888+0530] {processor.py:925} INFO - DAG(s) 'latest_only' retrieved from /Users/jayesh/Desktop/Personal Work/Movie_data_pipeline/.venv/lib/python3.12/site-packages/airflow/example_dags/example_latest_only.py
[2024-12-11T23:26:26.238+0530] {logging_mixin.py:190} INFO - [2024-12-11T23:26:26.237+0530] {override.py:1911} INFO - Created Permission View: can edit on DAG:latest_only
[2024-12-11T23:26:26.254+0530] {logging_mixin.py:190} INFO - [2024-12-11T23:26:26.253+0530] {override.py:1911} INFO - Created Permission View: can delete on DAG:latest_only
[2024-12-11T23:26:26.265+0530] {logging_mixin.py:190} INFO - [2024-12-11T23:26:26.265+0530] {override.py:1911} INFO - Created Permission View: can read on DAG:latest_only
[2024-12-11T23:26:26.292+0530] {logging_mixin.py:190} INFO - [2024-12-11T23:26:26.291+0530] {override.py:1911} INFO - Created Permission View: can delete on DAG Run:latest_only
[2024-12-11T23:26:26.303+0530] {logging_mixin.py:190} INFO - [2024-12-11T23:26:26.302+0530] {override.py:1911} INFO - Created Permission View: menu access on DAG Run:latest_only
[2024-12-11T23:26:26.314+0530] {logging_mixin.py:190} INFO - [2024-12-11T23:26:26.314+0530] {override.py:1911} INFO - Created Permission View: can create on DAG Run:latest_only
[2024-12-11T23:26:26.322+0530] {logging_mixin.py:190} INFO - [2024-12-11T23:26:26.322+0530] {override.py:1911} INFO - Created Permission View: can read on DAG Run:latest_only
[2024-12-11T23:26:26.323+0530] {logging_mixin.py:190} INFO - [2024-12-11T23:26:26.322+0530] {dag.py:3239} INFO - Sync 1 DAGs
[2024-12-11T23:26:26.351+0530] {logging_mixin.py:190} INFO - [2024-12-11T23:26:26.351+0530] {dag.py:3262} INFO - Creating ORM DAG for latest_only
[2024-12-11T23:26:26.366+0530] {logging_mixin.py:190} INFO - [2024-12-11T23:26:26.365+0530] {dag.py:4180} INFO - Setting next_dagrun for latest_only to 2024-12-11 12:00:00+00:00, run_after=2024-12-11 16:00:00+00:00
[2024-12-11T23:26:26.388+0530] {processor.py:208} INFO - Processing /Users/jayesh/Desktop/Personal Work/Movie_data_pipeline/.venv/lib/python3.12/site-packages/airflow/example_dags/example_latest_only.py took 0.518 seconds
[2024-12-11T23:30:34.424+0530] {processor.py:186} INFO - Started process (PID=9953) to work on /Users/jayesh/Desktop/Personal Work/Movie_data_pipeline/.venv/lib/python3.12/site-packages/airflow/example_dags/example_latest_only.py
[2024-12-11T23:30:34.437+0530] {processor.py:914} INFO - Processing file /Users/jayesh/Desktop/Personal Work/Movie_data_pipeline/.venv/lib/python3.12/site-packages/airflow/example_dags/example_latest_only.py for tasks to queue
[2024-12-11T23:30:34.440+0530] {logging_mixin.py:190} INFO - [2024-12-11T23:30:34.439+0530] {dagbag.py:588} INFO - Filling up the DagBag from /Users/jayesh/Desktop/Personal Work/Movie_data_pipeline/.venv/lib/python3.12/site-packages/airflow/example_dags/example_latest_only.py
[2024-12-11T23:30:34.474+0530] {processor.py:925} INFO - DAG(s) 'latest_only' retrieved from /Users/jayesh/Desktop/Personal Work/Movie_data_pipeline/.venv/lib/python3.12/site-packages/airflow/example_dags/example_latest_only.py
[2024-12-11T23:30:34.635+0530] {logging_mixin.py:190} INFO - [2024-12-11T23:30:34.634+0530] {dag.py:3239} INFO - Sync 1 DAGs
[2024-12-11T23:30:34.657+0530] {logging_mixin.py:190} INFO - [2024-12-11T23:30:34.657+0530] {dag.py:4180} INFO - Setting next_dagrun for latest_only to 2024-12-11 12:00:00+00:00, run_after=2024-12-11 16:00:00+00:00
[2024-12-11T23:30:34.684+0530] {processor.py:208} INFO - Processing /Users/jayesh/Desktop/Personal Work/Movie_data_pipeline/.venv/lib/python3.12/site-packages/airflow/example_dags/example_latest_only.py took 0.264 seconds
[2024-12-11T23:34:46.737+0530] {processor.py:186} INFO - Started process (PID=10426) to work on /Users/jayesh/Desktop/Personal Work/Movie_data_pipeline/.venv/lib/python3.12/site-packages/airflow/example_dags/example_latest_only.py
[2024-12-11T23:34:46.740+0530] {processor.py:914} INFO - Processing file /Users/jayesh/Desktop/Personal Work/Movie_data_pipeline/.venv/lib/python3.12/site-packages/airflow/example_dags/example_latest_only.py for tasks to queue
[2024-12-11T23:34:46.742+0530] {logging_mixin.py:190} INFO - [2024-12-11T23:34:46.741+0530] {dagbag.py:588} INFO - Filling up the DagBag from /Users/jayesh/Desktop/Personal Work/Movie_data_pipeline/.venv/lib/python3.12/site-packages/airflow/example_dags/example_latest_only.py
[2024-12-11T23:34:46.753+0530] {processor.py:925} INFO - DAG(s) 'latest_only' retrieved from /Users/jayesh/Desktop/Personal Work/Movie_data_pipeline/.venv/lib/python3.12/site-packages/airflow/example_dags/example_latest_only.py
[2024-12-11T23:34:46.904+0530] {logging_mixin.py:190} INFO - [2024-12-11T23:34:46.903+0530] {dag.py:3239} INFO - Sync 1 DAGs
[2024-12-11T23:34:46.932+0530] {logging_mixin.py:190} INFO - [2024-12-11T23:34:46.931+0530] {dag.py:4180} INFO - Setting next_dagrun for latest_only to 2024-12-11 12:00:00+00:00, run_after=2024-12-11 16:00:00+00:00
[2024-12-11T23:34:46.963+0530] {processor.py:208} INFO - Processing /Users/jayesh/Desktop/Personal Work/Movie_data_pipeline/.venv/lib/python3.12/site-packages/airflow/example_dags/example_latest_only.py took 0.229 seconds
[2024-12-11T23:38:25.483+0530] {processor.py:186} INFO - Started process (PID=10879) to work on /Users/jayesh/Desktop/Personal Work/Movie_data_pipeline/.venv/lib/python3.12/site-packages/airflow/example_dags/example_latest_only.py
[2024-12-11T23:38:25.486+0530] {processor.py:914} INFO - Processing file /Users/jayesh/Desktop/Personal Work/Movie_data_pipeline/.venv/lib/python3.12/site-packages/airflow/example_dags/example_latest_only.py for tasks to queue
[2024-12-11T23:38:25.489+0530] {logging_mixin.py:190} INFO - [2024-12-11T23:38:25.488+0530] {dagbag.py:588} INFO - Filling up the DagBag from /Users/jayesh/Desktop/Personal Work/Movie_data_pipeline/.venv/lib/python3.12/site-packages/airflow/example_dags/example_latest_only.py
[2024-12-11T23:38:25.505+0530] {processor.py:925} INFO - DAG(s) 'latest_only' retrieved from /Users/jayesh/Desktop/Personal Work/Movie_data_pipeline/.venv/lib/python3.12/site-packages/airflow/example_dags/example_latest_only.py
[2024-12-11T23:38:25.717+0530] {logging_mixin.py:190} INFO - [2024-12-11T23:38:25.717+0530] {dag.py:3239} INFO - Sync 1 DAGs
[2024-12-11T23:38:25.750+0530] {logging_mixin.py:190} INFO - [2024-12-11T23:38:25.749+0530] {dag.py:4180} INFO - Setting next_dagrun for latest_only to 2024-12-11 12:00:00+00:00, run_after=2024-12-11 16:00:00+00:00
[2024-12-11T23:38:25.807+0530] {processor.py:208} INFO - Processing /Users/jayesh/Desktop/Personal Work/Movie_data_pipeline/.venv/lib/python3.12/site-packages/airflow/example_dags/example_latest_only.py took 0.330 seconds
[2024-12-11T23:43:47.246+0530] {processor.py:186} INFO - Started process (PID=11341) to work on /Users/jayesh/Desktop/Personal Work/Movie_data_pipeline/.venv/lib/python3.12/site-packages/airflow/example_dags/example_latest_only.py
[2024-12-11T23:43:47.248+0530] {processor.py:914} INFO - Processing file /Users/jayesh/Desktop/Personal Work/Movie_data_pipeline/.venv/lib/python3.12/site-packages/airflow/example_dags/example_latest_only.py for tasks to queue
[2024-12-11T23:43:47.252+0530] {logging_mixin.py:190} INFO - [2024-12-11T23:43:47.252+0530] {dagbag.py:588} INFO - Filling up the DagBag from /Users/jayesh/Desktop/Personal Work/Movie_data_pipeline/.venv/lib/python3.12/site-packages/airflow/example_dags/example_latest_only.py
[2024-12-11T23:43:47.271+0530] {processor.py:925} INFO - DAG(s) 'latest_only' retrieved from /Users/jayesh/Desktop/Personal Work/Movie_data_pipeline/.venv/lib/python3.12/site-packages/airflow/example_dags/example_latest_only.py
[2024-12-11T23:43:47.550+0530] {logging_mixin.py:190} INFO - [2024-12-11T23:43:47.548+0530] {dag.py:3239} INFO - Sync 1 DAGs
[2024-12-11T23:43:47.598+0530] {logging_mixin.py:190} INFO - [2024-12-11T23:43:47.598+0530] {dag.py:4180} INFO - Setting next_dagrun for latest_only to 2024-12-11 12:00:00+00:00, run_after=2024-12-11 16:00:00+00:00
[2024-12-11T23:43:47.745+0530] {processor.py:208} INFO - Processing /Users/jayesh/Desktop/Personal Work/Movie_data_pipeline/.venv/lib/python3.12/site-packages/airflow/example_dags/example_latest_only.py took 0.513 seconds
[2024-12-11T23:48:00.132+0530] {processor.py:186} INFO - Started process (PID=11850) to work on /Users/jayesh/Desktop/Personal Work/Movie_data_pipeline/.venv/lib/python3.12/site-packages/airflow/example_dags/example_latest_only.py
[2024-12-11T23:48:00.135+0530] {processor.py:914} INFO - Processing file /Users/jayesh/Desktop/Personal Work/Movie_data_pipeline/.venv/lib/python3.12/site-packages/airflow/example_dags/example_latest_only.py for tasks to queue
[2024-12-11T23:48:00.136+0530] {logging_mixin.py:190} INFO - [2024-12-11T23:48:00.136+0530] {dagbag.py:588} INFO - Filling up the DagBag from /Users/jayesh/Desktop/Personal Work/Movie_data_pipeline/.venv/lib/python3.12/site-packages/airflow/example_dags/example_latest_only.py
[2024-12-11T23:48:00.149+0530] {processor.py:925} INFO - DAG(s) 'latest_only' retrieved from /Users/jayesh/Desktop/Personal Work/Movie_data_pipeline/.venv/lib/python3.12/site-packages/airflow/example_dags/example_latest_only.py
[2024-12-11T23:48:00.334+0530] {logging_mixin.py:190} INFO - [2024-12-11T23:48:00.334+0530] {dag.py:3239} INFO - Sync 1 DAGs
[2024-12-11T23:48:00.379+0530] {logging_mixin.py:190} INFO - [2024-12-11T23:48:00.379+0530] {dag.py:4180} INFO - Setting next_dagrun for latest_only to 2024-12-11 12:00:00+00:00, run_after=2024-12-11 16:00:00+00:00
[2024-12-11T23:48:00.412+0530] {processor.py:208} INFO - Processing /Users/jayesh/Desktop/Personal Work/Movie_data_pipeline/.venv/lib/python3.12/site-packages/airflow/example_dags/example_latest_only.py took 0.284 seconds
[2024-12-11T23:51:01.489+0530] {processor.py:186} INFO - Started process (PID=12178) to work on /Users/jayesh/Desktop/Personal Work/Movie_data_pipeline/.venv/lib/python3.12/site-packages/airflow/example_dags/example_latest_only.py
[2024-12-11T23:51:01.491+0530] {processor.py:914} INFO - Processing file /Users/jayesh/Desktop/Personal Work/Movie_data_pipeline/.venv/lib/python3.12/site-packages/airflow/example_dags/example_latest_only.py for tasks to queue
[2024-12-11T23:51:01.493+0530] {logging_mixin.py:190} INFO - [2024-12-11T23:51:01.492+0530] {dagbag.py:588} INFO - Filling up the DagBag from /Users/jayesh/Desktop/Personal Work/Movie_data_pipeline/.venv/lib/python3.12/site-packages/airflow/example_dags/example_latest_only.py
[2024-12-11T23:51:01.503+0530] {processor.py:925} INFO - DAG(s) 'latest_only' retrieved from /Users/jayesh/Desktop/Personal Work/Movie_data_pipeline/.venv/lib/python3.12/site-packages/airflow/example_dags/example_latest_only.py
[2024-12-11T23:51:01.624+0530] {logging_mixin.py:190} INFO - [2024-12-11T23:51:01.624+0530] {dag.py:3239} INFO - Sync 1 DAGs
[2024-12-11T23:51:01.647+0530] {logging_mixin.py:190} INFO - [2024-12-11T23:51:01.647+0530] {dag.py:4180} INFO - Setting next_dagrun for latest_only to 2024-12-11 12:00:00+00:00, run_after=2024-12-11 16:00:00+00:00
[2024-12-11T23:51:01.669+0530] {processor.py:208} INFO - Processing /Users/jayesh/Desktop/Personal Work/Movie_data_pipeline/.venv/lib/python3.12/site-packages/airflow/example_dags/example_latest_only.py took 0.184 seconds
[2024-12-11T23:53:52.228+0530] {processor.py:186} INFO - Started process (PID=12468) to work on /Users/jayesh/Desktop/Personal Work/Movie_data_pipeline/.venv/lib/python3.12/site-packages/airflow/example_dags/example_latest_only.py
[2024-12-11T23:53:52.231+0530] {processor.py:914} INFO - Processing file /Users/jayesh/Desktop/Personal Work/Movie_data_pipeline/.venv/lib/python3.12/site-packages/airflow/example_dags/example_latest_only.py for tasks to queue
[2024-12-11T23:53:52.232+0530] {logging_mixin.py:190} INFO - [2024-12-11T23:53:52.232+0530] {dagbag.py:588} INFO - Filling up the DagBag from /Users/jayesh/Desktop/Personal Work/Movie_data_pipeline/.venv/lib/python3.12/site-packages/airflow/example_dags/example_latest_only.py
[2024-12-11T23:53:52.241+0530] {processor.py:925} INFO - DAG(s) 'latest_only' retrieved from /Users/jayesh/Desktop/Personal Work/Movie_data_pipeline/.venv/lib/python3.12/site-packages/airflow/example_dags/example_latest_only.py
[2024-12-11T23:53:52.363+0530] {logging_mixin.py:190} INFO - [2024-12-11T23:53:52.363+0530] {dag.py:3239} INFO - Sync 1 DAGs
[2024-12-11T23:53:52.384+0530] {logging_mixin.py:190} INFO - [2024-12-11T23:53:52.384+0530] {dag.py:4180} INFO - Setting next_dagrun for latest_only to 2024-12-11 12:00:00+00:00, run_after=2024-12-11 16:00:00+00:00
[2024-12-11T23:53:52.407+0530] {processor.py:208} INFO - Processing /Users/jayesh/Desktop/Personal Work/Movie_data_pipeline/.venv/lib/python3.12/site-packages/airflow/example_dags/example_latest_only.py took 0.182 seconds
[2024-12-11T23:56:44.660+0530] {processor.py:186} INFO - Started process (PID=12760) to work on /Users/jayesh/Desktop/Personal Work/Movie_data_pipeline/.venv/lib/python3.12/site-packages/airflow/example_dags/example_latest_only.py
[2024-12-11T23:56:44.662+0530] {processor.py:914} INFO - Processing file /Users/jayesh/Desktop/Personal Work/Movie_data_pipeline/.venv/lib/python3.12/site-packages/airflow/example_dags/example_latest_only.py for tasks to queue
[2024-12-11T23:56:44.663+0530] {logging_mixin.py:190} INFO - [2024-12-11T23:56:44.663+0530] {dagbag.py:588} INFO - Filling up the DagBag from /Users/jayesh/Desktop/Personal Work/Movie_data_pipeline/.venv/lib/python3.12/site-packages/airflow/example_dags/example_latest_only.py
[2024-12-11T23:56:44.674+0530] {processor.py:925} INFO - DAG(s) 'latest_only' retrieved from /Users/jayesh/Desktop/Personal Work/Movie_data_pipeline/.venv/lib/python3.12/site-packages/airflow/example_dags/example_latest_only.py
[2024-12-11T23:56:44.828+0530] {logging_mixin.py:190} INFO - [2024-12-11T23:56:44.827+0530] {dag.py:3239} INFO - Sync 1 DAGs
[2024-12-11T23:56:44.858+0530] {logging_mixin.py:190} INFO - [2024-12-11T23:56:44.858+0530] {dag.py:4180} INFO - Setting next_dagrun for latest_only to 2024-12-11 12:00:00+00:00, run_after=2024-12-11 16:00:00+00:00
[2024-12-11T23:56:44.897+0530] {processor.py:208} INFO - Processing /Users/jayesh/Desktop/Personal Work/Movie_data_pipeline/.venv/lib/python3.12/site-packages/airflow/example_dags/example_latest_only.py took 0.242 seconds
[2024-12-11T23:59:38.326+0530] {processor.py:186} INFO - Started process (PID=13047) to work on /Users/jayesh/Desktop/Personal Work/Movie_data_pipeline/.venv/lib/python3.12/site-packages/airflow/example_dags/example_latest_only.py
[2024-12-11T23:59:38.329+0530] {processor.py:914} INFO - Processing file /Users/jayesh/Desktop/Personal Work/Movie_data_pipeline/.venv/lib/python3.12/site-packages/airflow/example_dags/example_latest_only.py for tasks to queue
[2024-12-11T23:59:38.331+0530] {logging_mixin.py:190} INFO - [2024-12-11T23:59:38.330+0530] {dagbag.py:588} INFO - Filling up the DagBag from /Users/jayesh/Desktop/Personal Work/Movie_data_pipeline/.venv/lib/python3.12/site-packages/airflow/example_dags/example_latest_only.py
[2024-12-11T23:59:38.341+0530] {processor.py:925} INFO - DAG(s) 'latest_only' retrieved from /Users/jayesh/Desktop/Personal Work/Movie_data_pipeline/.venv/lib/python3.12/site-packages/airflow/example_dags/example_latest_only.py
[2024-12-11T23:59:38.466+0530] {logging_mixin.py:190} INFO - [2024-12-11T23:59:38.466+0530] {dag.py:3239} INFO - Sync 1 DAGs
[2024-12-11T23:59:38.489+0530] {logging_mixin.py:190} INFO - [2024-12-11T23:59:38.489+0530] {dag.py:4180} INFO - Setting next_dagrun for latest_only to 2024-12-11 12:00:00+00:00, run_after=2024-12-11 16:00:00+00:00
[2024-12-11T23:59:38.512+0530] {processor.py:208} INFO - Processing /Users/jayesh/Desktop/Personal Work/Movie_data_pipeline/.venv/lib/python3.12/site-packages/airflow/example_dags/example_latest_only.py took 0.189 seconds
[2024-12-12T00:02:32.421+0530] {processor.py:186} INFO - Started process (PID=13320) to work on /Users/jayesh/Desktop/Personal Work/Movie_data_pipeline/.venv/lib/python3.12/site-packages/airflow/example_dags/example_latest_only.py
[2024-12-12T00:02:32.424+0530] {processor.py:914} INFO - Processing file /Users/jayesh/Desktop/Personal Work/Movie_data_pipeline/.venv/lib/python3.12/site-packages/airflow/example_dags/example_latest_only.py for tasks to queue
[2024-12-12T00:02:32.425+0530] {logging_mixin.py:190} INFO - [2024-12-12T00:02:32.425+0530] {dagbag.py:588} INFO - Filling up the DagBag from /Users/jayesh/Desktop/Personal Work/Movie_data_pipeline/.venv/lib/python3.12/site-packages/airflow/example_dags/example_latest_only.py
[2024-12-12T00:02:32.436+0530] {processor.py:925} INFO - DAG(s) 'latest_only' retrieved from /Users/jayesh/Desktop/Personal Work/Movie_data_pipeline/.venv/lib/python3.12/site-packages/airflow/example_dags/example_latest_only.py
[2024-12-12T00:02:32.554+0530] {logging_mixin.py:190} INFO - [2024-12-12T00:02:32.553+0530] {dag.py:3239} INFO - Sync 1 DAGs
[2024-12-12T00:02:32.575+0530] {logging_mixin.py:190} INFO - [2024-12-12T00:02:32.575+0530] {dag.py:4180} INFO - Setting next_dagrun for latest_only to 2024-12-11 12:00:00+00:00, run_after=2024-12-11 16:00:00+00:00
[2024-12-12T00:02:32.596+0530] {processor.py:208} INFO - Processing /Users/jayesh/Desktop/Personal Work/Movie_data_pipeline/.venv/lib/python3.12/site-packages/airflow/example_dags/example_latest_only.py took 0.179 seconds
[2024-12-12T00:05:26.367+0530] {processor.py:186} INFO - Started process (PID=13595) to work on /Users/jayesh/Desktop/Personal Work/Movie_data_pipeline/.venv/lib/python3.12/site-packages/airflow/example_dags/example_latest_only.py
[2024-12-12T00:05:26.369+0530] {processor.py:914} INFO - Processing file /Users/jayesh/Desktop/Personal Work/Movie_data_pipeline/.venv/lib/python3.12/site-packages/airflow/example_dags/example_latest_only.py for tasks to queue
[2024-12-12T00:05:26.371+0530] {logging_mixin.py:190} INFO - [2024-12-12T00:05:26.371+0530] {dagbag.py:588} INFO - Filling up the DagBag from /Users/jayesh/Desktop/Personal Work/Movie_data_pipeline/.venv/lib/python3.12/site-packages/airflow/example_dags/example_latest_only.py
[2024-12-12T00:05:26.381+0530] {processor.py:925} INFO - DAG(s) 'latest_only' retrieved from /Users/jayesh/Desktop/Personal Work/Movie_data_pipeline/.venv/lib/python3.12/site-packages/airflow/example_dags/example_latest_only.py
[2024-12-12T00:05:26.501+0530] {logging_mixin.py:190} INFO - [2024-12-12T00:05:26.500+0530] {dag.py:3239} INFO - Sync 1 DAGs
[2024-12-12T00:05:26.523+0530] {logging_mixin.py:190} INFO - [2024-12-12T00:05:26.523+0530] {dag.py:4180} INFO - Setting next_dagrun for latest_only to 2024-12-11 12:00:00+00:00, run_after=2024-12-11 16:00:00+00:00
[2024-12-12T00:05:26.547+0530] {processor.py:208} INFO - Processing /Users/jayesh/Desktop/Personal Work/Movie_data_pipeline/.venv/lib/python3.12/site-packages/airflow/example_dags/example_latest_only.py took 0.183 seconds
[2024-12-12T00:08:20.056+0530] {processor.py:186} INFO - Started process (PID=13869) to work on /Users/jayesh/Desktop/Personal Work/Movie_data_pipeline/.venv/lib/python3.12/site-packages/airflow/example_dags/example_latest_only.py
[2024-12-12T00:08:20.058+0530] {processor.py:914} INFO - Processing file /Users/jayesh/Desktop/Personal Work/Movie_data_pipeline/.venv/lib/python3.12/site-packages/airflow/example_dags/example_latest_only.py for tasks to queue
[2024-12-12T00:08:20.060+0530] {logging_mixin.py:190} INFO - [2024-12-12T00:08:20.060+0530] {dagbag.py:588} INFO - Filling up the DagBag from /Users/jayesh/Desktop/Personal Work/Movie_data_pipeline/.venv/lib/python3.12/site-packages/airflow/example_dags/example_latest_only.py
[2024-12-12T00:08:20.070+0530] {processor.py:925} INFO - DAG(s) 'latest_only' retrieved from /Users/jayesh/Desktop/Personal Work/Movie_data_pipeline/.venv/lib/python3.12/site-packages/airflow/example_dags/example_latest_only.py
[2024-12-12T00:08:20.196+0530] {logging_mixin.py:190} INFO - [2024-12-12T00:08:20.196+0530] {dag.py:3239} INFO - Sync 1 DAGs
[2024-12-12T00:08:20.220+0530] {logging_mixin.py:190} INFO - [2024-12-12T00:08:20.220+0530] {dag.py:4180} INFO - Setting next_dagrun for latest_only to 2024-12-11 12:00:00+00:00, run_after=2024-12-11 16:00:00+00:00
[2024-12-12T00:08:20.242+0530] {processor.py:208} INFO - Processing /Users/jayesh/Desktop/Personal Work/Movie_data_pipeline/.venv/lib/python3.12/site-packages/airflow/example_dags/example_latest_only.py took 0.189 seconds
[2024-12-12T00:11:15.967+0530] {processor.py:186} INFO - Started process (PID=14138) to work on /Users/jayesh/Desktop/Personal Work/Movie_data_pipeline/.venv/lib/python3.12/site-packages/airflow/example_dags/example_latest_only.py
[2024-12-12T00:11:15.969+0530] {processor.py:914} INFO - Processing file /Users/jayesh/Desktop/Personal Work/Movie_data_pipeline/.venv/lib/python3.12/site-packages/airflow/example_dags/example_latest_only.py for tasks to queue
[2024-12-12T00:11:15.971+0530] {logging_mixin.py:190} INFO - [2024-12-12T00:11:15.971+0530] {dagbag.py:588} INFO - Filling up the DagBag from /Users/jayesh/Desktop/Personal Work/Movie_data_pipeline/.venv/lib/python3.12/site-packages/airflow/example_dags/example_latest_only.py
[2024-12-12T00:11:15.981+0530] {processor.py:925} INFO - DAG(s) 'latest_only' retrieved from /Users/jayesh/Desktop/Personal Work/Movie_data_pipeline/.venv/lib/python3.12/site-packages/airflow/example_dags/example_latest_only.py
[2024-12-12T00:11:16.111+0530] {logging_mixin.py:190} INFO - [2024-12-12T00:11:16.111+0530] {dag.py:3239} INFO - Sync 1 DAGs
[2024-12-12T00:11:16.135+0530] {logging_mixin.py:190} INFO - [2024-12-12T00:11:16.134+0530] {dag.py:4180} INFO - Setting next_dagrun for latest_only to 2024-12-11 12:00:00+00:00, run_after=2024-12-11 16:00:00+00:00
[2024-12-12T00:11:16.160+0530] {processor.py:208} INFO - Processing /Users/jayesh/Desktop/Personal Work/Movie_data_pipeline/.venv/lib/python3.12/site-packages/airflow/example_dags/example_latest_only.py took 0.197 seconds
[2024-12-12T00:14:10.002+0530] {processor.py:186} INFO - Started process (PID=14425) to work on /Users/jayesh/Desktop/Personal Work/Movie_data_pipeline/.venv/lib/python3.12/site-packages/airflow/example_dags/example_latest_only.py
[2024-12-12T00:14:10.004+0530] {processor.py:914} INFO - Processing file /Users/jayesh/Desktop/Personal Work/Movie_data_pipeline/.venv/lib/python3.12/site-packages/airflow/example_dags/example_latest_only.py for tasks to queue
[2024-12-12T00:14:10.006+0530] {logging_mixin.py:190} INFO - [2024-12-12T00:14:10.005+0530] {dagbag.py:588} INFO - Filling up the DagBag from /Users/jayesh/Desktop/Personal Work/Movie_data_pipeline/.venv/lib/python3.12/site-packages/airflow/example_dags/example_latest_only.py
[2024-12-12T00:14:10.016+0530] {processor.py:925} INFO - DAG(s) 'latest_only' retrieved from /Users/jayesh/Desktop/Personal Work/Movie_data_pipeline/.venv/lib/python3.12/site-packages/airflow/example_dags/example_latest_only.py
[2024-12-12T00:14:10.141+0530] {logging_mixin.py:190} INFO - [2024-12-12T00:14:10.141+0530] {dag.py:3239} INFO - Sync 1 DAGs
[2024-12-12T00:14:10.163+0530] {logging_mixin.py:190} INFO - [2024-12-12T00:14:10.163+0530] {dag.py:4180} INFO - Setting next_dagrun for latest_only to 2024-12-11 12:00:00+00:00, run_after=2024-12-11 16:00:00+00:00
[2024-12-12T00:14:10.185+0530] {processor.py:208} INFO - Processing /Users/jayesh/Desktop/Personal Work/Movie_data_pipeline/.venv/lib/python3.12/site-packages/airflow/example_dags/example_latest_only.py took 0.188 seconds
[2024-12-12T00:17:01.287+0530] {processor.py:186} INFO - Started process (PID=14696) to work on /Users/jayesh/Desktop/Personal Work/Movie_data_pipeline/.venv/lib/python3.12/site-packages/airflow/example_dags/example_latest_only.py
[2024-12-12T00:17:01.289+0530] {processor.py:914} INFO - Processing file /Users/jayesh/Desktop/Personal Work/Movie_data_pipeline/.venv/lib/python3.12/site-packages/airflow/example_dags/example_latest_only.py for tasks to queue
[2024-12-12T00:17:01.293+0530] {logging_mixin.py:190} INFO - [2024-12-12T00:17:01.292+0530] {dagbag.py:588} INFO - Filling up the DagBag from /Users/jayesh/Desktop/Personal Work/Movie_data_pipeline/.venv/lib/python3.12/site-packages/airflow/example_dags/example_latest_only.py
[2024-12-12T00:17:01.304+0530] {processor.py:925} INFO - DAG(s) 'latest_only' retrieved from /Users/jayesh/Desktop/Personal Work/Movie_data_pipeline/.venv/lib/python3.12/site-packages/airflow/example_dags/example_latest_only.py
[2024-12-12T00:17:01.436+0530] {logging_mixin.py:190} INFO - [2024-12-12T00:17:01.436+0530] {dag.py:3239} INFO - Sync 1 DAGs
[2024-12-12T00:17:01.458+0530] {logging_mixin.py:190} INFO - [2024-12-12T00:17:01.458+0530] {dag.py:4180} INFO - Setting next_dagrun for latest_only to 2024-12-11 12:00:00+00:00, run_after=2024-12-11 16:00:00+00:00
[2024-12-12T00:17:01.481+0530] {processor.py:208} INFO - Processing /Users/jayesh/Desktop/Personal Work/Movie_data_pipeline/.venv/lib/python3.12/site-packages/airflow/example_dags/example_latest_only.py took 0.197 seconds
[2024-12-12T00:19:57.053+0530] {processor.py:186} INFO - Started process (PID=14980) to work on /Users/jayesh/Desktop/Personal Work/Movie_data_pipeline/.venv/lib/python3.12/site-packages/airflow/example_dags/example_latest_only.py
[2024-12-12T00:19:57.055+0530] {processor.py:914} INFO - Processing file /Users/jayesh/Desktop/Personal Work/Movie_data_pipeline/.venv/lib/python3.12/site-packages/airflow/example_dags/example_latest_only.py for tasks to queue
[2024-12-12T00:19:57.057+0530] {logging_mixin.py:190} INFO - [2024-12-12T00:19:57.057+0530] {dagbag.py:588} INFO - Filling up the DagBag from /Users/jayesh/Desktop/Personal Work/Movie_data_pipeline/.venv/lib/python3.12/site-packages/airflow/example_dags/example_latest_only.py
[2024-12-12T00:19:57.069+0530] {processor.py:925} INFO - DAG(s) 'latest_only' retrieved from /Users/jayesh/Desktop/Personal Work/Movie_data_pipeline/.venv/lib/python3.12/site-packages/airflow/example_dags/example_latest_only.py
[2024-12-12T00:19:57.192+0530] {logging_mixin.py:190} INFO - [2024-12-12T00:19:57.191+0530] {dag.py:3239} INFO - Sync 1 DAGs
[2024-12-12T00:19:57.214+0530] {logging_mixin.py:190} INFO - [2024-12-12T00:19:57.213+0530] {dag.py:4180} INFO - Setting next_dagrun for latest_only to 2024-12-11 12:00:00+00:00, run_after=2024-12-11 16:00:00+00:00
[2024-12-12T00:19:57.236+0530] {processor.py:208} INFO - Processing /Users/jayesh/Desktop/Personal Work/Movie_data_pipeline/.venv/lib/python3.12/site-packages/airflow/example_dags/example_latest_only.py took 0.187 seconds
[2024-12-12T00:23:05.318+0530] {processor.py:186} INFO - Started process (PID=15272) to work on /Users/jayesh/Desktop/Personal Work/Movie_data_pipeline/.venv/lib/python3.12/site-packages/airflow/example_dags/example_latest_only.py
[2024-12-12T00:23:05.321+0530] {processor.py:914} INFO - Processing file /Users/jayesh/Desktop/Personal Work/Movie_data_pipeline/.venv/lib/python3.12/site-packages/airflow/example_dags/example_latest_only.py for tasks to queue
[2024-12-12T00:23:05.322+0530] {logging_mixin.py:190} INFO - [2024-12-12T00:23:05.322+0530] {dagbag.py:588} INFO - Filling up the DagBag from /Users/jayesh/Desktop/Personal Work/Movie_data_pipeline/.venv/lib/python3.12/site-packages/airflow/example_dags/example_latest_only.py
[2024-12-12T00:23:05.335+0530] {processor.py:925} INFO - DAG(s) 'latest_only' retrieved from /Users/jayesh/Desktop/Personal Work/Movie_data_pipeline/.venv/lib/python3.12/site-packages/airflow/example_dags/example_latest_only.py
[2024-12-12T00:23:05.456+0530] {logging_mixin.py:190} INFO - [2024-12-12T00:23:05.455+0530] {dag.py:3239} INFO - Sync 1 DAGs
[2024-12-12T00:23:05.477+0530] {logging_mixin.py:190} INFO - [2024-12-12T00:23:05.477+0530] {dag.py:4180} INFO - Setting next_dagrun for latest_only to 2024-12-11 12:00:00+00:00, run_after=2024-12-11 16:00:00+00:00
[2024-12-12T00:23:05.499+0530] {processor.py:208} INFO - Processing /Users/jayesh/Desktop/Personal Work/Movie_data_pipeline/.venv/lib/python3.12/site-packages/airflow/example_dags/example_latest_only.py took 0.184 seconds
[2024-12-12T00:26:49.463+0530] {processor.py:186} INFO - Started process (PID=15635) to work on /Users/jayesh/Desktop/Personal Work/Movie_data_pipeline/.venv/lib/python3.12/site-packages/airflow/example_dags/example_latest_only.py
[2024-12-12T00:26:49.466+0530] {processor.py:914} INFO - Processing file /Users/jayesh/Desktop/Personal Work/Movie_data_pipeline/.venv/lib/python3.12/site-packages/airflow/example_dags/example_latest_only.py for tasks to queue
[2024-12-12T00:26:49.468+0530] {logging_mixin.py:190} INFO - [2024-12-12T00:26:49.467+0530] {dagbag.py:588} INFO - Filling up the DagBag from /Users/jayesh/Desktop/Personal Work/Movie_data_pipeline/.venv/lib/python3.12/site-packages/airflow/example_dags/example_latest_only.py
[2024-12-12T00:26:49.480+0530] {processor.py:925} INFO - DAG(s) 'latest_only' retrieved from /Users/jayesh/Desktop/Personal Work/Movie_data_pipeline/.venv/lib/python3.12/site-packages/airflow/example_dags/example_latest_only.py
[2024-12-12T00:26:49.651+0530] {logging_mixin.py:190} INFO - [2024-12-12T00:26:49.651+0530] {dag.py:3239} INFO - Sync 1 DAGs
[2024-12-12T00:26:49.688+0530] {logging_mixin.py:190} INFO - [2024-12-12T00:26:49.688+0530] {dag.py:4180} INFO - Setting next_dagrun for latest_only to 2024-12-11 12:00:00+00:00, run_after=2024-12-11 16:00:00+00:00
[2024-12-12T00:26:49.715+0530] {processor.py:208} INFO - Processing /Users/jayesh/Desktop/Personal Work/Movie_data_pipeline/.venv/lib/python3.12/site-packages/airflow/example_dags/example_latest_only.py took 0.256 seconds
