[2024-12-11T23:27:37.314+0530] {processor.py:186} INFO - Started process (PID=9667) to work on /Users/jayesh/Desktop/Personal Work/Movie_data_pipeline/.venv/lib/python3.12/site-packages/airflow/example_dags/example_branch_datetime_operator.py
[2024-12-11T23:27:37.315+0530] {processor.py:914} INFO - Processing file /Users/jayesh/Desktop/Personal Work/Movie_data_pipeline/.venv/lib/python3.12/site-packages/airflow/example_dags/example_branch_datetime_operator.py for tasks to queue
[2024-12-11T23:27:37.316+0530] {logging_mixin.py:190} INFO - [2024-12-11T23:27:37.316+0530] {dagbag.py:588} INFO - Filling up the DagBag from /Users/jayesh/Desktop/Personal Work/Movie_data_pipeline/.venv/lib/python3.12/site-packages/airflow/example_dags/example_branch_datetime_operator.py
[2024-12-11T23:27:37.335+0530] {processor.py:925} INFO - DAG(s) 'example_branch_datetime_operator', 'example_branch_datetime_operator_2', 'example_branch_datetime_operator_3' retrieved from /Users/jayesh/Desktop/Personal Work/Movie_data_pipeline/.venv/lib/python3.12/site-packages/airflow/example_dags/example_branch_datetime_operator.py
[2024-12-11T23:27:37.763+0530] {logging_mixin.py:190} INFO - [2024-12-11T23:27:37.761+0530] {override.py:1911} INFO - Created Permission View: can read on DAG:example_branch_datetime_operator
[2024-12-11T23:27:37.778+0530] {logging_mixin.py:190} INFO - [2024-12-11T23:27:37.777+0530] {override.py:1911} INFO - Created Permission View: can delete on DAG:example_branch_datetime_operator
[2024-12-11T23:27:37.788+0530] {logging_mixin.py:190} INFO - [2024-12-11T23:27:37.787+0530] {override.py:1911} INFO - Created Permission View: can edit on DAG:example_branch_datetime_operator
[2024-12-11T23:27:37.816+0530] {logging_mixin.py:190} INFO - [2024-12-11T23:27:37.815+0530] {override.py:1911} INFO - Created Permission View: can read on DAG Run:example_branch_datetime_operator
[2024-12-11T23:27:37.834+0530] {logging_mixin.py:190} INFO - [2024-12-11T23:27:37.834+0530] {override.py:1911} INFO - Created Permission View: menu access on DAG Run:example_branch_datetime_operator
[2024-12-11T23:27:37.846+0530] {logging_mixin.py:190} INFO - [2024-12-11T23:27:37.845+0530] {override.py:1911} INFO - Created Permission View: can delete on DAG Run:example_branch_datetime_operator
[2024-12-11T23:27:37.855+0530] {logging_mixin.py:190} INFO - [2024-12-11T23:27:37.855+0530] {override.py:1911} INFO - Created Permission View: can create on DAG Run:example_branch_datetime_operator
[2024-12-11T23:27:37.874+0530] {logging_mixin.py:190} INFO - [2024-12-11T23:27:37.874+0530] {override.py:1911} INFO - Created Permission View: can read on DAG:example_branch_datetime_operator_2
[2024-12-11T23:27:37.884+0530] {logging_mixin.py:190} INFO - [2024-12-11T23:27:37.884+0530] {override.py:1911} INFO - Created Permission View: can delete on DAG:example_branch_datetime_operator_2
[2024-12-11T23:27:37.894+0530] {logging_mixin.py:190} INFO - [2024-12-11T23:27:37.894+0530] {override.py:1911} INFO - Created Permission View: can edit on DAG:example_branch_datetime_operator_2
[2024-12-11T23:27:37.909+0530] {logging_mixin.py:190} INFO - [2024-12-11T23:27:37.908+0530] {override.py:1911} INFO - Created Permission View: can read on DAG Run:example_branch_datetime_operator_2
[2024-12-11T23:27:37.919+0530] {logging_mixin.py:190} INFO - [2024-12-11T23:27:37.918+0530] {override.py:1911} INFO - Created Permission View: menu access on DAG Run:example_branch_datetime_operator_2
[2024-12-11T23:27:37.930+0530] {logging_mixin.py:190} INFO - [2024-12-11T23:27:37.929+0530] {override.py:1911} INFO - Created Permission View: can delete on DAG Run:example_branch_datetime_operator_2
[2024-12-11T23:27:37.939+0530] {logging_mixin.py:190} INFO - [2024-12-11T23:27:37.937+0530] {override.py:1911} INFO - Created Permission View: can create on DAG Run:example_branch_datetime_operator_2
[2024-12-11T23:27:37.963+0530] {logging_mixin.py:190} INFO - [2024-12-11T23:27:37.962+0530] {override.py:1911} INFO - Created Permission View: can read on DAG:example_branch_datetime_operator_3
[2024-12-11T23:27:37.973+0530] {logging_mixin.py:190} INFO - [2024-12-11T23:27:37.973+0530] {override.py:1911} INFO - Created Permission View: can delete on DAG:example_branch_datetime_operator_3
[2024-12-11T23:27:37.983+0530] {logging_mixin.py:190} INFO - [2024-12-11T23:27:37.982+0530] {override.py:1911} INFO - Created Permission View: can edit on DAG:example_branch_datetime_operator_3
[2024-12-11T23:27:37.997+0530] {logging_mixin.py:190} INFO - [2024-12-11T23:27:37.997+0530] {override.py:1911} INFO - Created Permission View: can read on DAG Run:example_branch_datetime_operator_3
[2024-12-11T23:27:38.006+0530] {logging_mixin.py:190} INFO - [2024-12-11T23:27:38.006+0530] {override.py:1911} INFO - Created Permission View: menu access on DAG Run:example_branch_datetime_operator_3
[2024-12-11T23:27:38.016+0530] {logging_mixin.py:190} INFO - [2024-12-11T23:27:38.016+0530] {override.py:1911} INFO - Created Permission View: can delete on DAG Run:example_branch_datetime_operator_3
[2024-12-11T23:27:38.025+0530] {logging_mixin.py:190} INFO - [2024-12-11T23:27:38.025+0530] {override.py:1911} INFO - Created Permission View: can create on DAG Run:example_branch_datetime_operator_3
[2024-12-11T23:27:38.026+0530] {logging_mixin.py:190} INFO - [2024-12-11T23:27:38.026+0530] {dag.py:3239} INFO - Sync 3 DAGs
[2024-12-11T23:27:38.042+0530] {logging_mixin.py:190} INFO - [2024-12-11T23:27:38.042+0530] {dag.py:3262} INFO - Creating ORM DAG for example_branch_datetime_operator_2
[2024-12-11T23:27:38.043+0530] {logging_mixin.py:190} INFO - [2024-12-11T23:27:38.043+0530] {dag.py:3262} INFO - Creating ORM DAG for example_branch_datetime_operator
[2024-12-11T23:27:38.044+0530] {logging_mixin.py:190} INFO - [2024-12-11T23:27:38.044+0530] {dag.py:3262} INFO - Creating ORM DAG for example_branch_datetime_operator_3
[2024-12-11T23:27:38.066+0530] {logging_mixin.py:190} INFO - [2024-12-11T23:27:38.065+0530] {dag.py:4180} INFO - Setting next_dagrun for example_branch_datetime_operator to 2024-12-10 00:00:00+00:00, run_after=2024-12-11 00:00:00+00:00
[2024-12-11T23:27:38.068+0530] {logging_mixin.py:190} INFO - [2024-12-11T23:27:38.068+0530] {dag.py:4180} INFO - Setting next_dagrun for example_branch_datetime_operator_2 to 2024-12-10 00:00:00+00:00, run_after=2024-12-11 00:00:00+00:00
[2024-12-11T23:27:38.073+0530] {logging_mixin.py:190} INFO - [2024-12-11T23:27:38.072+0530] {dag.py:4180} INFO - Setting next_dagrun for example_branch_datetime_operator_3 to 2024-12-10 00:00:00+00:00, run_after=2024-12-11 00:00:00+00:00
[2024-12-11T23:27:38.107+0530] {processor.py:208} INFO - Processing /Users/jayesh/Desktop/Personal Work/Movie_data_pipeline/.venv/lib/python3.12/site-packages/airflow/example_dags/example_branch_datetime_operator.py took 0.797 seconds
[2024-12-11T23:35:30.665+0530] {processor.py:186} INFO - Started process (PID=10524) to work on /Users/jayesh/Desktop/Personal Work/Movie_data_pipeline/.venv/lib/python3.12/site-packages/airflow/example_dags/example_branch_datetime_operator.py
[2024-12-11T23:35:30.668+0530] {processor.py:914} INFO - Processing file /Users/jayesh/Desktop/Personal Work/Movie_data_pipeline/.venv/lib/python3.12/site-packages/airflow/example_dags/example_branch_datetime_operator.py for tasks to queue
[2024-12-11T23:35:30.670+0530] {logging_mixin.py:190} INFO - [2024-12-11T23:35:30.669+0530] {dagbag.py:588} INFO - Filling up the DagBag from /Users/jayesh/Desktop/Personal Work/Movie_data_pipeline/.venv/lib/python3.12/site-packages/airflow/example_dags/example_branch_datetime_operator.py
[2024-12-11T23:35:30.690+0530] {processor.py:925} INFO - DAG(s) 'example_branch_datetime_operator', 'example_branch_datetime_operator_3', 'example_branch_datetime_operator_2' retrieved from /Users/jayesh/Desktop/Personal Work/Movie_data_pipeline/.venv/lib/python3.12/site-packages/airflow/example_dags/example_branch_datetime_operator.py
[2024-12-11T23:35:30.838+0530] {logging_mixin.py:190} INFO - [2024-12-11T23:35:30.838+0530] {dag.py:3239} INFO - Sync 3 DAGs
[2024-12-11T23:35:30.866+0530] {logging_mixin.py:190} INFO - [2024-12-11T23:35:30.865+0530] {dag.py:4180} INFO - Setting next_dagrun for example_branch_datetime_operator to 2024-12-10 00:00:00+00:00, run_after=2024-12-11 00:00:00+00:00
[2024-12-11T23:35:30.872+0530] {logging_mixin.py:190} INFO - [2024-12-11T23:35:30.871+0530] {dag.py:4180} INFO - Setting next_dagrun for example_branch_datetime_operator_2 to 2024-12-10 00:00:00+00:00, run_after=2024-12-11 00:00:00+00:00
[2024-12-11T23:35:30.874+0530] {logging_mixin.py:190} INFO - [2024-12-11T23:35:30.874+0530] {dag.py:4180} INFO - Setting next_dagrun for example_branch_datetime_operator_3 to 2024-12-10 00:00:00+00:00, run_after=2024-12-11 00:00:00+00:00
[2024-12-11T23:35:30.895+0530] {processor.py:208} INFO - Processing /Users/jayesh/Desktop/Personal Work/Movie_data_pipeline/.venv/lib/python3.12/site-packages/airflow/example_dags/example_branch_datetime_operator.py took 0.234 seconds
[2024-12-11T23:45:11.093+0530] {processor.py:186} INFO - Started process (PID=11453) to work on /Users/jayesh/Desktop/Personal Work/Movie_data_pipeline/.venv/lib/python3.12/site-packages/airflow/example_dags/example_branch_datetime_operator.py
[2024-12-11T23:45:11.096+0530] {processor.py:914} INFO - Processing file /Users/jayesh/Desktop/Personal Work/Movie_data_pipeline/.venv/lib/python3.12/site-packages/airflow/example_dags/example_branch_datetime_operator.py for tasks to queue
[2024-12-11T23:45:11.097+0530] {logging_mixin.py:190} INFO - [2024-12-11T23:45:11.097+0530] {dagbag.py:588} INFO - Filling up the DagBag from /Users/jayesh/Desktop/Personal Work/Movie_data_pipeline/.venv/lib/python3.12/site-packages/airflow/example_dags/example_branch_datetime_operator.py
[2024-12-11T23:45:11.114+0530] {processor.py:925} INFO - DAG(s) 'example_branch_datetime_operator_3', 'example_branch_datetime_operator', 'example_branch_datetime_operator_2' retrieved from /Users/jayesh/Desktop/Personal Work/Movie_data_pipeline/.venv/lib/python3.12/site-packages/airflow/example_dags/example_branch_datetime_operator.py
[2024-12-11T23:45:11.267+0530] {logging_mixin.py:190} INFO - [2024-12-11T23:45:11.267+0530] {dag.py:3239} INFO - Sync 3 DAGs
[2024-12-11T23:45:11.291+0530] {logging_mixin.py:190} INFO - [2024-12-11T23:45:11.291+0530] {dag.py:4180} INFO - Setting next_dagrun for example_branch_datetime_operator to 2024-12-10 00:00:00+00:00, run_after=2024-12-11 00:00:00+00:00
[2024-12-11T23:45:11.297+0530] {logging_mixin.py:190} INFO - [2024-12-11T23:45:11.297+0530] {dag.py:4180} INFO - Setting next_dagrun for example_branch_datetime_operator_2 to 2024-12-10 00:00:00+00:00, run_after=2024-12-11 00:00:00+00:00
[2024-12-11T23:45:11.300+0530] {logging_mixin.py:190} INFO - [2024-12-11T23:45:11.299+0530] {dag.py:4180} INFO - Setting next_dagrun for example_branch_datetime_operator_3 to 2024-12-10 00:00:00+00:00, run_after=2024-12-11 00:00:00+00:00
[2024-12-11T23:45:11.323+0530] {processor.py:208} INFO - Processing /Users/jayesh/Desktop/Personal Work/Movie_data_pipeline/.venv/lib/python3.12/site-packages/airflow/example_dags/example_branch_datetime_operator.py took 0.234 seconds
[2024-12-11T23:51:33.887+0530] {processor.py:186} INFO - Started process (PID=12241) to work on /Users/jayesh/Desktop/Personal Work/Movie_data_pipeline/.venv/lib/python3.12/site-packages/airflow/example_dags/example_branch_datetime_operator.py
[2024-12-11T23:51:33.889+0530] {processor.py:914} INFO - Processing file /Users/jayesh/Desktop/Personal Work/Movie_data_pipeline/.venv/lib/python3.12/site-packages/airflow/example_dags/example_branch_datetime_operator.py for tasks to queue
[2024-12-11T23:51:33.890+0530] {logging_mixin.py:190} INFO - [2024-12-11T23:51:33.890+0530] {dagbag.py:588} INFO - Filling up the DagBag from /Users/jayesh/Desktop/Personal Work/Movie_data_pipeline/.venv/lib/python3.12/site-packages/airflow/example_dags/example_branch_datetime_operator.py
[2024-12-11T23:51:33.907+0530] {processor.py:925} INFO - DAG(s) 'example_branch_datetime_operator', 'example_branch_datetime_operator_2', 'example_branch_datetime_operator_3' retrieved from /Users/jayesh/Desktop/Personal Work/Movie_data_pipeline/.venv/lib/python3.12/site-packages/airflow/example_dags/example_branch_datetime_operator.py
[2024-12-11T23:51:34.037+0530] {logging_mixin.py:190} INFO - [2024-12-11T23:51:34.037+0530] {dag.py:3239} INFO - Sync 3 DAGs
[2024-12-11T23:51:34.061+0530] {logging_mixin.py:190} INFO - [2024-12-11T23:51:34.061+0530] {dag.py:4180} INFO - Setting next_dagrun for example_branch_datetime_operator to 2024-12-10 00:00:00+00:00, run_after=2024-12-11 00:00:00+00:00
[2024-12-11T23:51:34.066+0530] {logging_mixin.py:190} INFO - [2024-12-11T23:51:34.066+0530] {dag.py:4180} INFO - Setting next_dagrun for example_branch_datetime_operator_2 to 2024-12-10 00:00:00+00:00, run_after=2024-12-11 00:00:00+00:00
[2024-12-11T23:51:34.069+0530] {logging_mixin.py:190} INFO - [2024-12-11T23:51:34.069+0530] {dag.py:4180} INFO - Setting next_dagrun for example_branch_datetime_operator_3 to 2024-12-10 00:00:00+00:00, run_after=2024-12-11 00:00:00+00:00
[2024-12-11T23:51:34.090+0530] {processor.py:208} INFO - Processing /Users/jayesh/Desktop/Personal Work/Movie_data_pipeline/.venv/lib/python3.12/site-packages/airflow/example_dags/example_branch_datetime_operator.py took 0.207 seconds
[2024-12-11T23:57:15.684+0530] {processor.py:186} INFO - Started process (PID=12808) to work on /Users/jayesh/Desktop/Personal Work/Movie_data_pipeline/.venv/lib/python3.12/site-packages/airflow/example_dags/example_branch_datetime_operator.py
[2024-12-11T23:57:15.686+0530] {processor.py:914} INFO - Processing file /Users/jayesh/Desktop/Personal Work/Movie_data_pipeline/.venv/lib/python3.12/site-packages/airflow/example_dags/example_branch_datetime_operator.py for tasks to queue
[2024-12-11T23:57:15.689+0530] {logging_mixin.py:190} INFO - [2024-12-11T23:57:15.688+0530] {dagbag.py:588} INFO - Filling up the DagBag from /Users/jayesh/Desktop/Personal Work/Movie_data_pipeline/.venv/lib/python3.12/site-packages/airflow/example_dags/example_branch_datetime_operator.py
[2024-12-11T23:57:15.716+0530] {processor.py:925} INFO - DAG(s) 'example_branch_datetime_operator_2', 'example_branch_datetime_operator', 'example_branch_datetime_operator_3' retrieved from /Users/jayesh/Desktop/Personal Work/Movie_data_pipeline/.venv/lib/python3.12/site-packages/airflow/example_dags/example_branch_datetime_operator.py
[2024-12-11T23:57:15.847+0530] {logging_mixin.py:190} INFO - [2024-12-11T23:57:15.846+0530] {dag.py:3239} INFO - Sync 3 DAGs
[2024-12-11T23:57:15.874+0530] {logging_mixin.py:190} INFO - [2024-12-11T23:57:15.874+0530] {dag.py:4180} INFO - Setting next_dagrun for example_branch_datetime_operator to 2024-12-10 00:00:00+00:00, run_after=2024-12-11 00:00:00+00:00
[2024-12-11T23:57:15.879+0530] {logging_mixin.py:190} INFO - [2024-12-11T23:57:15.879+0530] {dag.py:4180} INFO - Setting next_dagrun for example_branch_datetime_operator_2 to 2024-12-10 00:00:00+00:00, run_after=2024-12-11 00:00:00+00:00
[2024-12-11T23:57:15.882+0530] {logging_mixin.py:190} INFO - [2024-12-11T23:57:15.882+0530] {dag.py:4180} INFO - Setting next_dagrun for example_branch_datetime_operator_3 to 2024-12-10 00:00:00+00:00, run_after=2024-12-11 00:00:00+00:00
[2024-12-11T23:57:15.901+0530] {processor.py:208} INFO - Processing /Users/jayesh/Desktop/Personal Work/Movie_data_pipeline/.venv/lib/python3.12/site-packages/airflow/example_dags/example_branch_datetime_operator.py took 0.221 seconds
[2024-12-12T00:03:04.230+0530] {processor.py:186} INFO - Started process (PID=13370) to work on /Users/jayesh/Desktop/Personal Work/Movie_data_pipeline/.venv/lib/python3.12/site-packages/airflow/example_dags/example_branch_datetime_operator.py
[2024-12-12T00:03:04.233+0530] {processor.py:914} INFO - Processing file /Users/jayesh/Desktop/Personal Work/Movie_data_pipeline/.venv/lib/python3.12/site-packages/airflow/example_dags/example_branch_datetime_operator.py for tasks to queue
[2024-12-12T00:03:04.235+0530] {logging_mixin.py:190} INFO - [2024-12-12T00:03:04.234+0530] {dagbag.py:588} INFO - Filling up the DagBag from /Users/jayesh/Desktop/Personal Work/Movie_data_pipeline/.venv/lib/python3.12/site-packages/airflow/example_dags/example_branch_datetime_operator.py
[2024-12-12T00:03:04.253+0530] {processor.py:925} INFO - DAG(s) 'example_branch_datetime_operator_3', 'example_branch_datetime_operator', 'example_branch_datetime_operator_2' retrieved from /Users/jayesh/Desktop/Personal Work/Movie_data_pipeline/.venv/lib/python3.12/site-packages/airflow/example_dags/example_branch_datetime_operator.py
[2024-12-12T00:03:04.384+0530] {logging_mixin.py:190} INFO - [2024-12-12T00:03:04.383+0530] {dag.py:3239} INFO - Sync 3 DAGs
[2024-12-12T00:03:04.407+0530] {logging_mixin.py:190} INFO - [2024-12-12T00:03:04.406+0530] {dag.py:4180} INFO - Setting next_dagrun for example_branch_datetime_operator to 2024-12-10 00:00:00+00:00, run_after=2024-12-11 00:00:00+00:00
[2024-12-12T00:03:04.412+0530] {logging_mixin.py:190} INFO - [2024-12-12T00:03:04.411+0530] {dag.py:4180} INFO - Setting next_dagrun for example_branch_datetime_operator_2 to 2024-12-10 00:00:00+00:00, run_after=2024-12-11 00:00:00+00:00
[2024-12-12T00:03:04.414+0530] {logging_mixin.py:190} INFO - [2024-12-12T00:03:04.414+0530] {dag.py:4180} INFO - Setting next_dagrun for example_branch_datetime_operator_3 to 2024-12-10 00:00:00+00:00, run_after=2024-12-11 00:00:00+00:00
[2024-12-12T00:03:04.436+0530] {processor.py:208} INFO - Processing /Users/jayesh/Desktop/Personal Work/Movie_data_pipeline/.venv/lib/python3.12/site-packages/airflow/example_dags/example_branch_datetime_operator.py took 0.209 seconds
[2024-12-12T00:08:52.223+0530] {processor.py:186} INFO - Started process (PID=13917) to work on /Users/jayesh/Desktop/Personal Work/Movie_data_pipeline/.venv/lib/python3.12/site-packages/airflow/example_dags/example_branch_datetime_operator.py
[2024-12-12T00:08:52.225+0530] {processor.py:914} INFO - Processing file /Users/jayesh/Desktop/Personal Work/Movie_data_pipeline/.venv/lib/python3.12/site-packages/airflow/example_dags/example_branch_datetime_operator.py for tasks to queue
[2024-12-12T00:08:52.227+0530] {logging_mixin.py:190} INFO - [2024-12-12T00:08:52.227+0530] {dagbag.py:588} INFO - Filling up the DagBag from /Users/jayesh/Desktop/Personal Work/Movie_data_pipeline/.venv/lib/python3.12/site-packages/airflow/example_dags/example_branch_datetime_operator.py
[2024-12-12T00:08:52.243+0530] {processor.py:925} INFO - DAG(s) 'example_branch_datetime_operator_2', 'example_branch_datetime_operator', 'example_branch_datetime_operator_3' retrieved from /Users/jayesh/Desktop/Personal Work/Movie_data_pipeline/.venv/lib/python3.12/site-packages/airflow/example_dags/example_branch_datetime_operator.py
[2024-12-12T00:08:52.378+0530] {logging_mixin.py:190} INFO - [2024-12-12T00:08:52.378+0530] {dag.py:3239} INFO - Sync 3 DAGs
[2024-12-12T00:08:52.405+0530] {logging_mixin.py:190} INFO - [2024-12-12T00:08:52.405+0530] {dag.py:4180} INFO - Setting next_dagrun for example_branch_datetime_operator to 2024-12-10 00:00:00+00:00, run_after=2024-12-11 00:00:00+00:00
[2024-12-12T00:08:52.410+0530] {logging_mixin.py:190} INFO - [2024-12-12T00:08:52.410+0530] {dag.py:4180} INFO - Setting next_dagrun for example_branch_datetime_operator_2 to 2024-12-10 00:00:00+00:00, run_after=2024-12-11 00:00:00+00:00
[2024-12-12T00:08:52.413+0530] {logging_mixin.py:190} INFO - [2024-12-12T00:08:52.413+0530] {dag.py:4180} INFO - Setting next_dagrun for example_branch_datetime_operator_3 to 2024-12-10 00:00:00+00:00, run_after=2024-12-11 00:00:00+00:00
[2024-12-12T00:08:52.436+0530] {processor.py:208} INFO - Processing /Users/jayesh/Desktop/Personal Work/Movie_data_pipeline/.venv/lib/python3.12/site-packages/airflow/example_dags/example_branch_datetime_operator.py took 0.216 seconds
[2024-12-12T00:14:42.307+0530] {processor.py:186} INFO - Started process (PID=14473) to work on /Users/jayesh/Desktop/Personal Work/Movie_data_pipeline/.venv/lib/python3.12/site-packages/airflow/example_dags/example_branch_datetime_operator.py
[2024-12-12T00:14:42.311+0530] {processor.py:914} INFO - Processing file /Users/jayesh/Desktop/Personal Work/Movie_data_pipeline/.venv/lib/python3.12/site-packages/airflow/example_dags/example_branch_datetime_operator.py for tasks to queue
[2024-12-12T00:14:42.313+0530] {logging_mixin.py:190} INFO - [2024-12-12T00:14:42.313+0530] {dagbag.py:588} INFO - Filling up the DagBag from /Users/jayesh/Desktop/Personal Work/Movie_data_pipeline/.venv/lib/python3.12/site-packages/airflow/example_dags/example_branch_datetime_operator.py
[2024-12-12T00:14:42.333+0530] {processor.py:925} INFO - DAG(s) 'example_branch_datetime_operator', 'example_branch_datetime_operator_3', 'example_branch_datetime_operator_2' retrieved from /Users/jayesh/Desktop/Personal Work/Movie_data_pipeline/.venv/lib/python3.12/site-packages/airflow/example_dags/example_branch_datetime_operator.py
[2024-12-12T00:14:42.487+0530] {logging_mixin.py:190} INFO - [2024-12-12T00:14:42.487+0530] {dag.py:3239} INFO - Sync 3 DAGs
[2024-12-12T00:14:42.519+0530] {logging_mixin.py:190} INFO - [2024-12-12T00:14:42.519+0530] {dag.py:4180} INFO - Setting next_dagrun for example_branch_datetime_operator to 2024-12-10 00:00:00+00:00, run_after=2024-12-11 00:00:00+00:00
[2024-12-12T00:14:42.527+0530] {logging_mixin.py:190} INFO - [2024-12-12T00:14:42.527+0530] {dag.py:4180} INFO - Setting next_dagrun for example_branch_datetime_operator_2 to 2024-12-10 00:00:00+00:00, run_after=2024-12-11 00:00:00+00:00
[2024-12-12T00:14:42.533+0530] {logging_mixin.py:190} INFO - [2024-12-12T00:14:42.533+0530] {dag.py:4180} INFO - Setting next_dagrun for example_branch_datetime_operator_3 to 2024-12-10 00:00:00+00:00, run_after=2024-12-11 00:00:00+00:00
[2024-12-12T00:14:42.558+0530] {processor.py:208} INFO - Processing /Users/jayesh/Desktop/Personal Work/Movie_data_pipeline/.venv/lib/python3.12/site-packages/airflow/example_dags/example_branch_datetime_operator.py took 0.256 seconds
[2024-12-12T00:20:33.967+0530] {processor.py:186} INFO - Started process (PID=15037) to work on /Users/jayesh/Desktop/Personal Work/Movie_data_pipeline/.venv/lib/python3.12/site-packages/airflow/example_dags/example_branch_datetime_operator.py
[2024-12-12T00:20:33.970+0530] {processor.py:914} INFO - Processing file /Users/jayesh/Desktop/Personal Work/Movie_data_pipeline/.venv/lib/python3.12/site-packages/airflow/example_dags/example_branch_datetime_operator.py for tasks to queue
[2024-12-12T00:20:33.971+0530] {logging_mixin.py:190} INFO - [2024-12-12T00:20:33.971+0530] {dagbag.py:588} INFO - Filling up the DagBag from /Users/jayesh/Desktop/Personal Work/Movie_data_pipeline/.venv/lib/python3.12/site-packages/airflow/example_dags/example_branch_datetime_operator.py
[2024-12-12T00:20:33.989+0530] {processor.py:925} INFO - DAG(s) 'example_branch_datetime_operator', 'example_branch_datetime_operator_3', 'example_branch_datetime_operator_2' retrieved from /Users/jayesh/Desktop/Personal Work/Movie_data_pipeline/.venv/lib/python3.12/site-packages/airflow/example_dags/example_branch_datetime_operator.py
[2024-12-12T00:20:34.119+0530] {logging_mixin.py:190} INFO - [2024-12-12T00:20:34.119+0530] {dag.py:3239} INFO - Sync 3 DAGs
[2024-12-12T00:20:34.143+0530] {logging_mixin.py:190} INFO - [2024-12-12T00:20:34.143+0530] {dag.py:4180} INFO - Setting next_dagrun for example_branch_datetime_operator to 2024-12-10 00:00:00+00:00, run_after=2024-12-11 00:00:00+00:00
[2024-12-12T00:20:34.149+0530] {logging_mixin.py:190} INFO - [2024-12-12T00:20:34.149+0530] {dag.py:4180} INFO - Setting next_dagrun for example_branch_datetime_operator_2 to 2024-12-10 00:00:00+00:00, run_after=2024-12-11 00:00:00+00:00
[2024-12-12T00:20:34.152+0530] {logging_mixin.py:190} INFO - [2024-12-12T00:20:34.152+0530] {dag.py:4180} INFO - Setting next_dagrun for example_branch_datetime_operator_3 to 2024-12-10 00:00:00+00:00, run_after=2024-12-11 00:00:00+00:00
[2024-12-12T00:20:34.171+0530] {processor.py:208} INFO - Processing /Users/jayesh/Desktop/Personal Work/Movie_data_pipeline/.venv/lib/python3.12/site-packages/airflow/example_dags/example_branch_datetime_operator.py took 0.209 seconds
[2024-12-12T00:27:20.914+0530] {processor.py:186} INFO - Started process (PID=15692) to work on /Users/jayesh/Desktop/Personal Work/Movie_data_pipeline/.venv/lib/python3.12/site-packages/airflow/example_dags/example_branch_datetime_operator.py
[2024-12-12T00:27:20.916+0530] {processor.py:914} INFO - Processing file /Users/jayesh/Desktop/Personal Work/Movie_data_pipeline/.venv/lib/python3.12/site-packages/airflow/example_dags/example_branch_datetime_operator.py for tasks to queue
[2024-12-12T00:27:20.919+0530] {logging_mixin.py:190} INFO - [2024-12-12T00:27:20.918+0530] {dagbag.py:588} INFO - Filling up the DagBag from /Users/jayesh/Desktop/Personal Work/Movie_data_pipeline/.venv/lib/python3.12/site-packages/airflow/example_dags/example_branch_datetime_operator.py
[2024-12-12T00:27:20.943+0530] {processor.py:925} INFO - DAG(s) 'example_branch_datetime_operator_3', 'example_branch_datetime_operator', 'example_branch_datetime_operator_2' retrieved from /Users/jayesh/Desktop/Personal Work/Movie_data_pipeline/.venv/lib/python3.12/site-packages/airflow/example_dags/example_branch_datetime_operator.py
[2024-12-12T00:27:21.070+0530] {logging_mixin.py:190} INFO - [2024-12-12T00:27:21.070+0530] {dag.py:3239} INFO - Sync 3 DAGs
[2024-12-12T00:27:21.094+0530] {logging_mixin.py:190} INFO - [2024-12-12T00:27:21.094+0530] {dag.py:4180} INFO - Setting next_dagrun for example_branch_datetime_operator to 2024-12-10 00:00:00+00:00, run_after=2024-12-11 00:00:00+00:00
[2024-12-12T00:27:21.099+0530] {logging_mixin.py:190} INFO - [2024-12-12T00:27:21.099+0530] {dag.py:4180} INFO - Setting next_dagrun for example_branch_datetime_operator_2 to 2024-12-10 00:00:00+00:00, run_after=2024-12-11 00:00:00+00:00
[2024-12-12T00:27:21.102+0530] {logging_mixin.py:190} INFO - [2024-12-12T00:27:21.102+0530] {dag.py:4180} INFO - Setting next_dagrun for example_branch_datetime_operator_3 to 2024-12-10 00:00:00+00:00, run_after=2024-12-11 00:00:00+00:00
[2024-12-12T00:27:21.122+0530] {processor.py:208} INFO - Processing /Users/jayesh/Desktop/Personal Work/Movie_data_pipeline/.venv/lib/python3.12/site-packages/airflow/example_dags/example_branch_datetime_operator.py took 0.212 seconds
