[2024-12-11T23:26:34.184+0530] {processor.py:186} INFO - Started process (PID=9583) to work on /Users/jayesh/Desktop/Personal Work/Movie_data_pipeline/.venv/lib/python3.12/site-packages/airflow/example_dags/example_inlet_event_extra.py
[2024-12-11T23:26:34.186+0530] {processor.py:914} INFO - Processing file /Users/jayesh/Desktop/Personal Work/Movie_data_pipeline/.venv/lib/python3.12/site-packages/airflow/example_dags/example_inlet_event_extra.py for tasks to queue
[2024-12-11T23:26:34.187+0530] {logging_mixin.py:190} INFO - [2024-12-11T23:26:34.187+0530] {dagbag.py:588} INFO - Filling up the DagBag from /Users/jayesh/Desktop/Personal Work/Movie_data_pipeline/.venv/lib/python3.12/site-packages/airflow/example_dags/example_inlet_event_extra.py
[2024-12-11T23:26:34.365+0530] {processor.py:925} INFO - DAG(s) 'read_dataset_event_from_classic', 'read_dataset_event' retrieved from /Users/jayesh/Desktop/Personal Work/Movie_data_pipeline/.venv/lib/python3.12/site-packages/airflow/example_dags/example_inlet_event_extra.py
[2024-12-11T23:26:34.681+0530] {logging_mixin.py:190} INFO - [2024-12-11T23:26:34.681+0530] {override.py:1911} INFO - Created Permission View: can edit on DAG:read_dataset_event_from_classic
[2024-12-11T23:26:34.693+0530] {logging_mixin.py:190} INFO - [2024-12-11T23:26:34.693+0530] {override.py:1911} INFO - Created Permission View: can read on DAG:read_dataset_event_from_classic
[2024-12-11T23:26:34.701+0530] {logging_mixin.py:190} INFO - [2024-12-11T23:26:34.701+0530] {override.py:1911} INFO - Created Permission View: can delete on DAG:read_dataset_event_from_classic
[2024-12-11T23:26:34.714+0530] {logging_mixin.py:190} INFO - [2024-12-11T23:26:34.713+0530] {override.py:1911} INFO - Created Permission View: can delete on DAG Run:read_dataset_event_from_classic
[2024-12-11T23:26:34.722+0530] {logging_mixin.py:190} INFO - [2024-12-11T23:26:34.722+0530] {override.py:1911} INFO - Created Permission View: can read on DAG Run:read_dataset_event_from_classic
[2024-12-11T23:26:34.731+0530] {logging_mixin.py:190} INFO - [2024-12-11T23:26:34.730+0530] {override.py:1911} INFO - Created Permission View: menu access on DAG Run:read_dataset_event_from_classic
[2024-12-11T23:26:34.739+0530] {logging_mixin.py:190} INFO - [2024-12-11T23:26:34.739+0530] {override.py:1911} INFO - Created Permission View: can create on DAG Run:read_dataset_event_from_classic
[2024-12-11T23:26:34.759+0530] {logging_mixin.py:190} INFO - [2024-12-11T23:26:34.758+0530] {override.py:1911} INFO - Created Permission View: can edit on DAG:read_dataset_event
[2024-12-11T23:26:34.769+0530] {logging_mixin.py:190} INFO - [2024-12-11T23:26:34.768+0530] {override.py:1911} INFO - Created Permission View: can read on DAG:read_dataset_event
[2024-12-11T23:26:34.777+0530] {logging_mixin.py:190} INFO - [2024-12-11T23:26:34.776+0530] {override.py:1911} INFO - Created Permission View: can delete on DAG:read_dataset_event
[2024-12-11T23:26:34.788+0530] {logging_mixin.py:190} INFO - [2024-12-11T23:26:34.788+0530] {override.py:1911} INFO - Created Permission View: can delete on DAG Run:read_dataset_event
[2024-12-11T23:26:34.796+0530] {logging_mixin.py:190} INFO - [2024-12-11T23:26:34.795+0530] {override.py:1911} INFO - Created Permission View: can read on DAG Run:read_dataset_event
[2024-12-11T23:26:34.805+0530] {logging_mixin.py:190} INFO - [2024-12-11T23:26:34.804+0530] {override.py:1911} INFO - Created Permission View: menu access on DAG Run:read_dataset_event
[2024-12-11T23:26:34.820+0530] {logging_mixin.py:190} INFO - [2024-12-11T23:26:34.820+0530] {override.py:1911} INFO - Created Permission View: can create on DAG Run:read_dataset_event
[2024-12-11T23:26:34.821+0530] {logging_mixin.py:190} INFO - [2024-12-11T23:26:34.821+0530] {dag.py:3239} INFO - Sync 2 DAGs
[2024-12-11T23:26:34.841+0530] {logging_mixin.py:190} INFO - [2024-12-11T23:26:34.840+0530] {dag.py:3262} INFO - Creating ORM DAG for read_dataset_event_from_classic
[2024-12-11T23:26:34.842+0530] {logging_mixin.py:190} INFO - [2024-12-11T23:26:34.841+0530] {dag.py:3262} INFO - Creating ORM DAG for read_dataset_event
[2024-12-11T23:26:34.852+0530] {logging_mixin.py:190} INFO - [2024-12-11T23:26:34.852+0530] {dag.py:4180} INFO - Setting next_dagrun for read_dataset_event to 2024-12-10 00:00:00+00:00, run_after=2024-12-11 00:00:00+00:00
[2024-12-11T23:26:34.854+0530] {logging_mixin.py:190} INFO - [2024-12-11T23:26:34.854+0530] {dag.py:4180} INFO - Setting next_dagrun for read_dataset_event_from_classic to 2024-12-10 00:00:00+00:00, run_after=2024-12-11 00:00:00+00:00
[2024-12-11T23:26:34.876+0530] {processor.py:208} INFO - Processing /Users/jayesh/Desktop/Personal Work/Movie_data_pipeline/.venv/lib/python3.12/site-packages/airflow/example_dags/example_inlet_event_extra.py took 0.696 seconds
[2024-12-11T23:30:42.649+0530] {processor.py:186} INFO - Started process (PID=9964) to work on /Users/jayesh/Desktop/Personal Work/Movie_data_pipeline/.venv/lib/python3.12/site-packages/airflow/example_dags/example_inlet_event_extra.py
[2024-12-11T23:30:42.653+0530] {processor.py:914} INFO - Processing file /Users/jayesh/Desktop/Personal Work/Movie_data_pipeline/.venv/lib/python3.12/site-packages/airflow/example_dags/example_inlet_event_extra.py for tasks to queue
[2024-12-11T23:30:42.655+0530] {logging_mixin.py:190} INFO - [2024-12-11T23:30:42.654+0530] {dagbag.py:588} INFO - Filling up the DagBag from /Users/jayesh/Desktop/Personal Work/Movie_data_pipeline/.venv/lib/python3.12/site-packages/airflow/example_dags/example_inlet_event_extra.py
[2024-12-11T23:30:42.841+0530] {processor.py:925} INFO - DAG(s) 'read_dataset_event_from_classic', 'read_dataset_event' retrieved from /Users/jayesh/Desktop/Personal Work/Movie_data_pipeline/.venv/lib/python3.12/site-packages/airflow/example_dags/example_inlet_event_extra.py
[2024-12-11T23:30:42.975+0530] {logging_mixin.py:190} INFO - [2024-12-11T23:30:42.974+0530] {dag.py:3239} INFO - Sync 2 DAGs
[2024-12-11T23:30:43.003+0530] {logging_mixin.py:190} INFO - [2024-12-11T23:30:43.002+0530] {dag.py:4180} INFO - Setting next_dagrun for read_dataset_event to 2024-12-10 00:00:00+00:00, run_after=2024-12-11 00:00:00+00:00
[2024-12-11T23:30:43.011+0530] {logging_mixin.py:190} INFO - [2024-12-11T23:30:43.011+0530] {dag.py:4180} INFO - Setting next_dagrun for read_dataset_event_from_classic to 2024-12-10 00:00:00+00:00, run_after=2024-12-11 00:00:00+00:00
[2024-12-11T23:30:43.111+0530] {processor.py:208} INFO - Processing /Users/jayesh/Desktop/Personal Work/Movie_data_pipeline/.venv/lib/python3.12/site-packages/airflow/example_dags/example_inlet_event_extra.py took 0.466 seconds
[2024-12-11T23:34:54.538+0530] {processor.py:186} INFO - Started process (PID=10442) to work on /Users/jayesh/Desktop/Personal Work/Movie_data_pipeline/.venv/lib/python3.12/site-packages/airflow/example_dags/example_inlet_event_extra.py
[2024-12-11T23:34:54.541+0530] {processor.py:914} INFO - Processing file /Users/jayesh/Desktop/Personal Work/Movie_data_pipeline/.venv/lib/python3.12/site-packages/airflow/example_dags/example_inlet_event_extra.py for tasks to queue
[2024-12-11T23:34:54.543+0530] {logging_mixin.py:190} INFO - [2024-12-11T23:34:54.542+0530] {dagbag.py:588} INFO - Filling up the DagBag from /Users/jayesh/Desktop/Personal Work/Movie_data_pipeline/.venv/lib/python3.12/site-packages/airflow/example_dags/example_inlet_event_extra.py
[2024-12-11T23:34:54.700+0530] {processor.py:925} INFO - DAG(s) 'read_dataset_event_from_classic', 'read_dataset_event' retrieved from /Users/jayesh/Desktop/Personal Work/Movie_data_pipeline/.venv/lib/python3.12/site-packages/airflow/example_dags/example_inlet_event_extra.py
[2024-12-11T23:34:54.835+0530] {logging_mixin.py:190} INFO - [2024-12-11T23:34:54.834+0530] {dag.py:3239} INFO - Sync 2 DAGs
[2024-12-11T23:34:54.861+0530] {logging_mixin.py:190} INFO - [2024-12-11T23:34:54.861+0530] {dag.py:4180} INFO - Setting next_dagrun for read_dataset_event to 2024-12-10 00:00:00+00:00, run_after=2024-12-11 00:00:00+00:00
[2024-12-11T23:34:54.869+0530] {logging_mixin.py:190} INFO - [2024-12-11T23:34:54.869+0530] {dag.py:4180} INFO - Setting next_dagrun for read_dataset_event_from_classic to 2024-12-10 00:00:00+00:00, run_after=2024-12-11 00:00:00+00:00
[2024-12-11T23:34:54.968+0530] {processor.py:208} INFO - Processing /Users/jayesh/Desktop/Personal Work/Movie_data_pipeline/.venv/lib/python3.12/site-packages/airflow/example_dags/example_inlet_event_extra.py took 0.433 seconds
[2024-12-11T23:38:33.709+0530] {processor.py:186} INFO - Started process (PID=10889) to work on /Users/jayesh/Desktop/Personal Work/Movie_data_pipeline/.venv/lib/python3.12/site-packages/airflow/example_dags/example_inlet_event_extra.py
[2024-12-11T23:38:33.711+0530] {processor.py:914} INFO - Processing file /Users/jayesh/Desktop/Personal Work/Movie_data_pipeline/.venv/lib/python3.12/site-packages/airflow/example_dags/example_inlet_event_extra.py for tasks to queue
[2024-12-11T23:38:33.714+0530] {logging_mixin.py:190} INFO - [2024-12-11T23:38:33.713+0530] {dagbag.py:588} INFO - Filling up the DagBag from /Users/jayesh/Desktop/Personal Work/Movie_data_pipeline/.venv/lib/python3.12/site-packages/airflow/example_dags/example_inlet_event_extra.py
[2024-12-11T23:38:33.877+0530] {processor.py:925} INFO - DAG(s) 'read_dataset_event_from_classic', 'read_dataset_event' retrieved from /Users/jayesh/Desktop/Personal Work/Movie_data_pipeline/.venv/lib/python3.12/site-packages/airflow/example_dags/example_inlet_event_extra.py
[2024-12-11T23:38:34.005+0530] {logging_mixin.py:190} INFO - [2024-12-11T23:38:34.004+0530] {dag.py:3239} INFO - Sync 2 DAGs
[2024-12-11T23:38:34.028+0530] {logging_mixin.py:190} INFO - [2024-12-11T23:38:34.028+0530] {dag.py:4180} INFO - Setting next_dagrun for read_dataset_event to 2024-12-10 00:00:00+00:00, run_after=2024-12-11 00:00:00+00:00
[2024-12-11T23:38:34.036+0530] {logging_mixin.py:190} INFO - [2024-12-11T23:38:34.035+0530] {dag.py:4180} INFO - Setting next_dagrun for read_dataset_event_from_classic to 2024-12-10 00:00:00+00:00, run_after=2024-12-11 00:00:00+00:00
[2024-12-11T23:38:34.158+0530] {processor.py:208} INFO - Processing /Users/jayesh/Desktop/Personal Work/Movie_data_pipeline/.venv/lib/python3.12/site-packages/airflow/example_dags/example_inlet_event_extra.py took 0.457 seconds
[2024-12-11T23:44:03.520+0530] {processor.py:186} INFO - Started process (PID=11356) to work on /Users/jayesh/Desktop/Personal Work/Movie_data_pipeline/.venv/lib/python3.12/site-packages/airflow/example_dags/example_inlet_event_extra.py
[2024-12-11T23:44:03.523+0530] {processor.py:914} INFO - Processing file /Users/jayesh/Desktop/Personal Work/Movie_data_pipeline/.venv/lib/python3.12/site-packages/airflow/example_dags/example_inlet_event_extra.py for tasks to queue
[2024-12-11T23:44:03.526+0530] {logging_mixin.py:190} INFO - [2024-12-11T23:44:03.525+0530] {dagbag.py:588} INFO - Filling up the DagBag from /Users/jayesh/Desktop/Personal Work/Movie_data_pipeline/.venv/lib/python3.12/site-packages/airflow/example_dags/example_inlet_event_extra.py
[2024-12-11T23:44:04.204+0530] {processor.py:925} INFO - DAG(s) 'read_dataset_event_from_classic', 'read_dataset_event' retrieved from /Users/jayesh/Desktop/Personal Work/Movie_data_pipeline/.venv/lib/python3.12/site-packages/airflow/example_dags/example_inlet_event_extra.py
[2024-12-11T23:44:04.467+0530] {logging_mixin.py:190} INFO - [2024-12-11T23:44:04.467+0530] {dag.py:3239} INFO - Sync 2 DAGs
[2024-12-11T23:44:04.506+0530] {logging_mixin.py:190} INFO - [2024-12-11T23:44:04.506+0530] {dag.py:4180} INFO - Setting next_dagrun for read_dataset_event to 2024-12-10 00:00:00+00:00, run_after=2024-12-11 00:00:00+00:00
[2024-12-11T23:44:04.516+0530] {logging_mixin.py:190} INFO - [2024-12-11T23:44:04.515+0530] {dag.py:4180} INFO - Setting next_dagrun for read_dataset_event_from_classic to 2024-12-10 00:00:00+00:00, run_after=2024-12-11 00:00:00+00:00
[2024-12-11T23:44:04.762+0530] {processor.py:208} INFO - Processing /Users/jayesh/Desktop/Personal Work/Movie_data_pipeline/.venv/lib/python3.12/site-packages/airflow/example_dags/example_inlet_event_extra.py took 1.254 seconds
[2024-12-11T23:48:07.743+0530] {processor.py:186} INFO - Started process (PID=11862) to work on /Users/jayesh/Desktop/Personal Work/Movie_data_pipeline/.venv/lib/python3.12/site-packages/airflow/example_dags/example_inlet_event_extra.py
[2024-12-11T23:48:07.745+0530] {processor.py:914} INFO - Processing file /Users/jayesh/Desktop/Personal Work/Movie_data_pipeline/.venv/lib/python3.12/site-packages/airflow/example_dags/example_inlet_event_extra.py for tasks to queue
[2024-12-11T23:48:07.748+0530] {logging_mixin.py:190} INFO - [2024-12-11T23:48:07.747+0530] {dagbag.py:588} INFO - Filling up the DagBag from /Users/jayesh/Desktop/Personal Work/Movie_data_pipeline/.venv/lib/python3.12/site-packages/airflow/example_dags/example_inlet_event_extra.py
[2024-12-11T23:48:07.846+0530] {processor.py:925} INFO - DAG(s) 'read_dataset_event', 'read_dataset_event_from_classic' retrieved from /Users/jayesh/Desktop/Personal Work/Movie_data_pipeline/.venv/lib/python3.12/site-packages/airflow/example_dags/example_inlet_event_extra.py
[2024-12-11T23:48:07.977+0530] {logging_mixin.py:190} INFO - [2024-12-11T23:48:07.977+0530] {dag.py:3239} INFO - Sync 2 DAGs
[2024-12-11T23:48:08.000+0530] {logging_mixin.py:190} INFO - [2024-12-11T23:48:07.999+0530] {dag.py:4180} INFO - Setting next_dagrun for read_dataset_event to 2024-12-10 00:00:00+00:00, run_after=2024-12-11 00:00:00+00:00
[2024-12-11T23:48:08.009+0530] {logging_mixin.py:190} INFO - [2024-12-11T23:48:08.009+0530] {dag.py:4180} INFO - Setting next_dagrun for read_dataset_event_from_classic to 2024-12-10 00:00:00+00:00, run_after=2024-12-11 00:00:00+00:00
[2024-12-11T23:48:08.104+0530] {processor.py:208} INFO - Processing /Users/jayesh/Desktop/Personal Work/Movie_data_pipeline/.venv/lib/python3.12/site-packages/airflow/example_dags/example_inlet_event_extra.py took 0.365 seconds
[2024-12-11T23:51:08.319+0530] {processor.py:186} INFO - Started process (PID=12189) to work on /Users/jayesh/Desktop/Personal Work/Movie_data_pipeline/.venv/lib/python3.12/site-packages/airflow/example_dags/example_inlet_event_extra.py
[2024-12-11T23:51:08.322+0530] {processor.py:914} INFO - Processing file /Users/jayesh/Desktop/Personal Work/Movie_data_pipeline/.venv/lib/python3.12/site-packages/airflow/example_dags/example_inlet_event_extra.py for tasks to queue
[2024-12-11T23:51:08.323+0530] {logging_mixin.py:190} INFO - [2024-12-11T23:51:08.323+0530] {dagbag.py:588} INFO - Filling up the DagBag from /Users/jayesh/Desktop/Personal Work/Movie_data_pipeline/.venv/lib/python3.12/site-packages/airflow/example_dags/example_inlet_event_extra.py
[2024-12-11T23:51:08.412+0530] {processor.py:925} INFO - DAG(s) 'read_dataset_event_from_classic', 'read_dataset_event' retrieved from /Users/jayesh/Desktop/Personal Work/Movie_data_pipeline/.venv/lib/python3.12/site-packages/airflow/example_dags/example_inlet_event_extra.py
[2024-12-11T23:51:08.531+0530] {logging_mixin.py:190} INFO - [2024-12-11T23:51:08.531+0530] {dag.py:3239} INFO - Sync 2 DAGs
[2024-12-11T23:51:08.554+0530] {logging_mixin.py:190} INFO - [2024-12-11T23:51:08.554+0530] {dag.py:4180} INFO - Setting next_dagrun for read_dataset_event to 2024-12-10 00:00:00+00:00, run_after=2024-12-11 00:00:00+00:00
[2024-12-11T23:51:08.562+0530] {logging_mixin.py:190} INFO - [2024-12-11T23:51:08.561+0530] {dag.py:4180} INFO - Setting next_dagrun for read_dataset_event_from_classic to 2024-12-10 00:00:00+00:00, run_after=2024-12-11 00:00:00+00:00
[2024-12-11T23:51:08.651+0530] {processor.py:208} INFO - Processing /Users/jayesh/Desktop/Personal Work/Movie_data_pipeline/.venv/lib/python3.12/site-packages/airflow/example_dags/example_inlet_event_extra.py took 0.336 seconds
[2024-12-11T23:53:59.696+0530] {processor.py:186} INFO - Started process (PID=12482) to work on /Users/jayesh/Desktop/Personal Work/Movie_data_pipeline/.venv/lib/python3.12/site-packages/airflow/example_dags/example_inlet_event_extra.py
[2024-12-11T23:53:59.699+0530] {processor.py:914} INFO - Processing file /Users/jayesh/Desktop/Personal Work/Movie_data_pipeline/.venv/lib/python3.12/site-packages/airflow/example_dags/example_inlet_event_extra.py for tasks to queue
[2024-12-11T23:53:59.702+0530] {logging_mixin.py:190} INFO - [2024-12-11T23:53:59.701+0530] {dagbag.py:588} INFO - Filling up the DagBag from /Users/jayesh/Desktop/Personal Work/Movie_data_pipeline/.venv/lib/python3.12/site-packages/airflow/example_dags/example_inlet_event_extra.py
[2024-12-11T23:53:59.866+0530] {processor.py:925} INFO - DAG(s) 'read_dataset_event_from_classic', 'read_dataset_event' retrieved from /Users/jayesh/Desktop/Personal Work/Movie_data_pipeline/.venv/lib/python3.12/site-packages/airflow/example_dags/example_inlet_event_extra.py
[2024-12-11T23:54:00.014+0530] {logging_mixin.py:190} INFO - [2024-12-11T23:54:00.014+0530] {dag.py:3239} INFO - Sync 2 DAGs
[2024-12-11T23:54:00.044+0530] {logging_mixin.py:190} INFO - [2024-12-11T23:54:00.044+0530] {dag.py:4180} INFO - Setting next_dagrun for read_dataset_event to 2024-12-10 00:00:00+00:00, run_after=2024-12-11 00:00:00+00:00
[2024-12-11T23:54:00.052+0530] {logging_mixin.py:190} INFO - [2024-12-11T23:54:00.051+0530] {dag.py:4180} INFO - Setting next_dagrun for read_dataset_event_from_classic to 2024-12-10 00:00:00+00:00, run_after=2024-12-11 00:00:00+00:00
[2024-12-11T23:54:00.165+0530] {processor.py:208} INFO - Processing /Users/jayesh/Desktop/Personal Work/Movie_data_pipeline/.venv/lib/python3.12/site-packages/airflow/example_dags/example_inlet_event_extra.py took 0.475 seconds
[2024-12-11T23:56:51.647+0530] {processor.py:186} INFO - Started process (PID=12773) to work on /Users/jayesh/Desktop/Personal Work/Movie_data_pipeline/.venv/lib/python3.12/site-packages/airflow/example_dags/example_inlet_event_extra.py
[2024-12-11T23:56:51.649+0530] {processor.py:914} INFO - Processing file /Users/jayesh/Desktop/Personal Work/Movie_data_pipeline/.venv/lib/python3.12/site-packages/airflow/example_dags/example_inlet_event_extra.py for tasks to queue
[2024-12-11T23:56:51.651+0530] {logging_mixin.py:190} INFO - [2024-12-11T23:56:51.651+0530] {dagbag.py:588} INFO - Filling up the DagBag from /Users/jayesh/Desktop/Personal Work/Movie_data_pipeline/.venv/lib/python3.12/site-packages/airflow/example_dags/example_inlet_event_extra.py
[2024-12-11T23:56:51.796+0530] {processor.py:925} INFO - DAG(s) 'read_dataset_event_from_classic', 'read_dataset_event' retrieved from /Users/jayesh/Desktop/Personal Work/Movie_data_pipeline/.venv/lib/python3.12/site-packages/airflow/example_dags/example_inlet_event_extra.py
[2024-12-11T23:56:51.926+0530] {logging_mixin.py:190} INFO - [2024-12-11T23:56:51.926+0530] {dag.py:3239} INFO - Sync 2 DAGs
[2024-12-11T23:56:51.948+0530] {logging_mixin.py:190} INFO - [2024-12-11T23:56:51.947+0530] {dag.py:4180} INFO - Setting next_dagrun for read_dataset_event to 2024-12-10 00:00:00+00:00, run_after=2024-12-11 00:00:00+00:00
[2024-12-11T23:56:51.958+0530] {logging_mixin.py:190} INFO - [2024-12-11T23:56:51.958+0530] {dag.py:4180} INFO - Setting next_dagrun for read_dataset_event_from_classic to 2024-12-10 00:00:00+00:00, run_after=2024-12-11 00:00:00+00:00
[2024-12-11T23:56:52.056+0530] {processor.py:208} INFO - Processing /Users/jayesh/Desktop/Personal Work/Movie_data_pipeline/.venv/lib/python3.12/site-packages/airflow/example_dags/example_inlet_event_extra.py took 0.413 seconds
[2024-12-11T23:59:45.146+0530] {processor.py:186} INFO - Started process (PID=13056) to work on /Users/jayesh/Desktop/Personal Work/Movie_data_pipeline/.venv/lib/python3.12/site-packages/airflow/example_dags/example_inlet_event_extra.py
[2024-12-11T23:59:45.149+0530] {processor.py:914} INFO - Processing file /Users/jayesh/Desktop/Personal Work/Movie_data_pipeline/.venv/lib/python3.12/site-packages/airflow/example_dags/example_inlet_event_extra.py for tasks to queue
[2024-12-11T23:59:45.150+0530] {logging_mixin.py:190} INFO - [2024-12-11T23:59:45.150+0530] {dagbag.py:588} INFO - Filling up the DagBag from /Users/jayesh/Desktop/Personal Work/Movie_data_pipeline/.venv/lib/python3.12/site-packages/airflow/example_dags/example_inlet_event_extra.py
[2024-12-11T23:59:45.312+0530] {processor.py:925} INFO - DAG(s) 'read_dataset_event_from_classic', 'read_dataset_event' retrieved from /Users/jayesh/Desktop/Personal Work/Movie_data_pipeline/.venv/lib/python3.12/site-packages/airflow/example_dags/example_inlet_event_extra.py
[2024-12-11T23:59:45.437+0530] {logging_mixin.py:190} INFO - [2024-12-11T23:59:45.437+0530] {dag.py:3239} INFO - Sync 2 DAGs
[2024-12-11T23:59:45.459+0530] {logging_mixin.py:190} INFO - [2024-12-11T23:59:45.459+0530] {dag.py:4180} INFO - Setting next_dagrun for read_dataset_event to 2024-12-10 00:00:00+00:00, run_after=2024-12-11 00:00:00+00:00
[2024-12-11T23:59:45.468+0530] {logging_mixin.py:190} INFO - [2024-12-11T23:59:45.467+0530] {dag.py:4180} INFO - Setting next_dagrun for read_dataset_event_from_classic to 2024-12-10 00:00:00+00:00, run_after=2024-12-11 00:00:00+00:00
[2024-12-11T23:59:45.561+0530] {processor.py:208} INFO - Processing /Users/jayesh/Desktop/Personal Work/Movie_data_pipeline/.venv/lib/python3.12/site-packages/airflow/example_dags/example_inlet_event_extra.py took 0.418 seconds
[2024-12-12T00:02:39.346+0530] {processor.py:186} INFO - Started process (PID=13331) to work on /Users/jayesh/Desktop/Personal Work/Movie_data_pipeline/.venv/lib/python3.12/site-packages/airflow/example_dags/example_inlet_event_extra.py
[2024-12-12T00:02:39.348+0530] {processor.py:914} INFO - Processing file /Users/jayesh/Desktop/Personal Work/Movie_data_pipeline/.venv/lib/python3.12/site-packages/airflow/example_dags/example_inlet_event_extra.py for tasks to queue
[2024-12-12T00:02:39.350+0530] {logging_mixin.py:190} INFO - [2024-12-12T00:02:39.350+0530] {dagbag.py:588} INFO - Filling up the DagBag from /Users/jayesh/Desktop/Personal Work/Movie_data_pipeline/.venv/lib/python3.12/site-packages/airflow/example_dags/example_inlet_event_extra.py
[2024-12-12T00:02:39.507+0530] {processor.py:925} INFO - DAG(s) 'read_dataset_event_from_classic', 'read_dataset_event' retrieved from /Users/jayesh/Desktop/Personal Work/Movie_data_pipeline/.venv/lib/python3.12/site-packages/airflow/example_dags/example_inlet_event_extra.py
[2024-12-12T00:02:39.623+0530] {logging_mixin.py:190} INFO - [2024-12-12T00:02:39.623+0530] {dag.py:3239} INFO - Sync 2 DAGs
[2024-12-12T00:02:39.645+0530] {logging_mixin.py:190} INFO - [2024-12-12T00:02:39.645+0530] {dag.py:4180} INFO - Setting next_dagrun for read_dataset_event to 2024-12-10 00:00:00+00:00, run_after=2024-12-11 00:00:00+00:00
[2024-12-12T00:02:39.652+0530] {logging_mixin.py:190} INFO - [2024-12-12T00:02:39.651+0530] {dag.py:4180} INFO - Setting next_dagrun for read_dataset_event_from_classic to 2024-12-10 00:00:00+00:00, run_after=2024-12-11 00:00:00+00:00
[2024-12-12T00:02:39.748+0530] {processor.py:208} INFO - Processing /Users/jayesh/Desktop/Personal Work/Movie_data_pipeline/.venv/lib/python3.12/site-packages/airflow/example_dags/example_inlet_event_extra.py took 0.406 seconds
[2024-12-12T00:05:33.011+0530] {processor.py:186} INFO - Started process (PID=13606) to work on /Users/jayesh/Desktop/Personal Work/Movie_data_pipeline/.venv/lib/python3.12/site-packages/airflow/example_dags/example_inlet_event_extra.py
[2024-12-12T00:05:33.013+0530] {processor.py:914} INFO - Processing file /Users/jayesh/Desktop/Personal Work/Movie_data_pipeline/.venv/lib/python3.12/site-packages/airflow/example_dags/example_inlet_event_extra.py for tasks to queue
[2024-12-12T00:05:33.015+0530] {logging_mixin.py:190} INFO - [2024-12-12T00:05:33.015+0530] {dagbag.py:588} INFO - Filling up the DagBag from /Users/jayesh/Desktop/Personal Work/Movie_data_pipeline/.venv/lib/python3.12/site-packages/airflow/example_dags/example_inlet_event_extra.py
[2024-12-12T00:05:33.181+0530] {processor.py:925} INFO - DAG(s) 'read_dataset_event', 'read_dataset_event_from_classic' retrieved from /Users/jayesh/Desktop/Personal Work/Movie_data_pipeline/.venv/lib/python3.12/site-packages/airflow/example_dags/example_inlet_event_extra.py
[2024-12-12T00:05:33.308+0530] {logging_mixin.py:190} INFO - [2024-12-12T00:05:33.308+0530] {dag.py:3239} INFO - Sync 2 DAGs
[2024-12-12T00:05:33.332+0530] {logging_mixin.py:190} INFO - [2024-12-12T00:05:33.331+0530] {dag.py:4180} INFO - Setting next_dagrun for read_dataset_event to 2024-12-10 00:00:00+00:00, run_after=2024-12-11 00:00:00+00:00
[2024-12-12T00:05:33.339+0530] {logging_mixin.py:190} INFO - [2024-12-12T00:05:33.339+0530] {dag.py:4180} INFO - Setting next_dagrun for read_dataset_event_from_classic to 2024-12-10 00:00:00+00:00, run_after=2024-12-11 00:00:00+00:00
[2024-12-12T00:05:33.430+0530] {processor.py:208} INFO - Processing /Users/jayesh/Desktop/Personal Work/Movie_data_pipeline/.venv/lib/python3.12/site-packages/airflow/example_dags/example_inlet_event_extra.py took 0.422 seconds
[2024-12-12T00:08:26.905+0530] {processor.py:186} INFO - Started process (PID=13878) to work on /Users/jayesh/Desktop/Personal Work/Movie_data_pipeline/.venv/lib/python3.12/site-packages/airflow/example_dags/example_inlet_event_extra.py
[2024-12-12T00:08:26.907+0530] {processor.py:914} INFO - Processing file /Users/jayesh/Desktop/Personal Work/Movie_data_pipeline/.venv/lib/python3.12/site-packages/airflow/example_dags/example_inlet_event_extra.py for tasks to queue
[2024-12-12T00:08:26.908+0530] {logging_mixin.py:190} INFO - [2024-12-12T00:08:26.908+0530] {dagbag.py:588} INFO - Filling up the DagBag from /Users/jayesh/Desktop/Personal Work/Movie_data_pipeline/.venv/lib/python3.12/site-packages/airflow/example_dags/example_inlet_event_extra.py
[2024-12-12T00:08:27.072+0530] {processor.py:925} INFO - DAG(s) 'read_dataset_event', 'read_dataset_event_from_classic' retrieved from /Users/jayesh/Desktop/Personal Work/Movie_data_pipeline/.venv/lib/python3.12/site-packages/airflow/example_dags/example_inlet_event_extra.py
[2024-12-12T00:08:27.206+0530] {logging_mixin.py:190} INFO - [2024-12-12T00:08:27.205+0530] {dag.py:3239} INFO - Sync 2 DAGs
[2024-12-12T00:08:27.229+0530] {logging_mixin.py:190} INFO - [2024-12-12T00:08:27.229+0530] {dag.py:4180} INFO - Setting next_dagrun for read_dataset_event to 2024-12-10 00:00:00+00:00, run_after=2024-12-11 00:00:00+00:00
[2024-12-12T00:08:27.238+0530] {logging_mixin.py:190} INFO - [2024-12-12T00:08:27.237+0530] {dag.py:4180} INFO - Setting next_dagrun for read_dataset_event_from_classic to 2024-12-10 00:00:00+00:00, run_after=2024-12-11 00:00:00+00:00
[2024-12-12T00:08:27.327+0530] {processor.py:208} INFO - Processing /Users/jayesh/Desktop/Personal Work/Movie_data_pipeline/.venv/lib/python3.12/site-packages/airflow/example_dags/example_inlet_event_extra.py took 0.426 seconds
[2024-12-12T00:11:23.211+0530] {processor.py:186} INFO - Started process (PID=14148) to work on /Users/jayesh/Desktop/Personal Work/Movie_data_pipeline/.venv/lib/python3.12/site-packages/airflow/example_dags/example_inlet_event_extra.py
[2024-12-12T00:11:23.213+0530] {processor.py:914} INFO - Processing file /Users/jayesh/Desktop/Personal Work/Movie_data_pipeline/.venv/lib/python3.12/site-packages/airflow/example_dags/example_inlet_event_extra.py for tasks to queue
[2024-12-12T00:11:23.215+0530] {logging_mixin.py:190} INFO - [2024-12-12T00:11:23.214+0530] {dagbag.py:588} INFO - Filling up the DagBag from /Users/jayesh/Desktop/Personal Work/Movie_data_pipeline/.venv/lib/python3.12/site-packages/airflow/example_dags/example_inlet_event_extra.py
[2024-12-12T00:11:23.360+0530] {processor.py:925} INFO - DAG(s) 'read_dataset_event_from_classic', 'read_dataset_event' retrieved from /Users/jayesh/Desktop/Personal Work/Movie_data_pipeline/.venv/lib/python3.12/site-packages/airflow/example_dags/example_inlet_event_extra.py
[2024-12-12T00:11:23.497+0530] {logging_mixin.py:190} INFO - [2024-12-12T00:11:23.496+0530] {dag.py:3239} INFO - Sync 2 DAGs
[2024-12-12T00:11:23.522+0530] {logging_mixin.py:190} INFO - [2024-12-12T00:11:23.522+0530] {dag.py:4180} INFO - Setting next_dagrun for read_dataset_event to 2024-12-10 00:00:00+00:00, run_after=2024-12-11 00:00:00+00:00
[2024-12-12T00:11:23.530+0530] {logging_mixin.py:190} INFO - [2024-12-12T00:11:23.530+0530] {dag.py:4180} INFO - Setting next_dagrun for read_dataset_event_from_classic to 2024-12-10 00:00:00+00:00, run_after=2024-12-11 00:00:00+00:00
[2024-12-12T00:11:23.636+0530] {processor.py:208} INFO - Processing /Users/jayesh/Desktop/Personal Work/Movie_data_pipeline/.venv/lib/python3.12/site-packages/airflow/example_dags/example_inlet_event_extra.py took 0.430 seconds
[2024-12-12T00:14:17.730+0530] {processor.py:186} INFO - Started process (PID=14435) to work on /Users/jayesh/Desktop/Personal Work/Movie_data_pipeline/.venv/lib/python3.12/site-packages/airflow/example_dags/example_inlet_event_extra.py
[2024-12-12T00:14:17.732+0530] {processor.py:914} INFO - Processing file /Users/jayesh/Desktop/Personal Work/Movie_data_pipeline/.venv/lib/python3.12/site-packages/airflow/example_dags/example_inlet_event_extra.py for tasks to queue
[2024-12-12T00:14:17.734+0530] {logging_mixin.py:190} INFO - [2024-12-12T00:14:17.734+0530] {dagbag.py:588} INFO - Filling up the DagBag from /Users/jayesh/Desktop/Personal Work/Movie_data_pipeline/.venv/lib/python3.12/site-packages/airflow/example_dags/example_inlet_event_extra.py
[2024-12-12T00:14:17.901+0530] {processor.py:925} INFO - DAG(s) 'read_dataset_event', 'read_dataset_event_from_classic' retrieved from /Users/jayesh/Desktop/Personal Work/Movie_data_pipeline/.venv/lib/python3.12/site-packages/airflow/example_dags/example_inlet_event_extra.py
[2024-12-12T00:14:18.043+0530] {logging_mixin.py:190} INFO - [2024-12-12T00:14:18.042+0530] {dag.py:3239} INFO - Sync 2 DAGs
[2024-12-12T00:14:18.073+0530] {logging_mixin.py:190} INFO - [2024-12-12T00:14:18.073+0530] {dag.py:4180} INFO - Setting next_dagrun for read_dataset_event to 2024-12-10 00:00:00+00:00, run_after=2024-12-11 00:00:00+00:00
[2024-12-12T00:14:18.081+0530] {logging_mixin.py:190} INFO - [2024-12-12T00:14:18.081+0530] {dag.py:4180} INFO - Setting next_dagrun for read_dataset_event_from_classic to 2024-12-10 00:00:00+00:00, run_after=2024-12-11 00:00:00+00:00
[2024-12-12T00:14:18.186+0530] {processor.py:208} INFO - Processing /Users/jayesh/Desktop/Personal Work/Movie_data_pipeline/.venv/lib/python3.12/site-packages/airflow/example_dags/example_inlet_event_extra.py took 0.461 seconds
[2024-12-12T00:17:07.414+0530] {processor.py:186} INFO - Started process (PID=14704) to work on /Users/jayesh/Desktop/Personal Work/Movie_data_pipeline/.venv/lib/python3.12/site-packages/airflow/example_dags/example_inlet_event_extra.py
[2024-12-12T00:17:07.416+0530] {processor.py:914} INFO - Processing file /Users/jayesh/Desktop/Personal Work/Movie_data_pipeline/.venv/lib/python3.12/site-packages/airflow/example_dags/example_inlet_event_extra.py for tasks to queue
[2024-12-12T00:17:07.418+0530] {logging_mixin.py:190} INFO - [2024-12-12T00:17:07.418+0530] {dagbag.py:588} INFO - Filling up the DagBag from /Users/jayesh/Desktop/Personal Work/Movie_data_pipeline/.venv/lib/python3.12/site-packages/airflow/example_dags/example_inlet_event_extra.py
[2024-12-12T00:17:07.509+0530] {processor.py:925} INFO - DAG(s) 'read_dataset_event_from_classic', 'read_dataset_event' retrieved from /Users/jayesh/Desktop/Personal Work/Movie_data_pipeline/.venv/lib/python3.12/site-packages/airflow/example_dags/example_inlet_event_extra.py
[2024-12-12T00:17:07.632+0530] {logging_mixin.py:190} INFO - [2024-12-12T00:17:07.631+0530] {dag.py:3239} INFO - Sync 2 DAGs
[2024-12-12T00:17:07.658+0530] {logging_mixin.py:190} INFO - [2024-12-12T00:17:07.658+0530] {dag.py:4180} INFO - Setting next_dagrun for read_dataset_event to 2024-12-10 00:00:00+00:00, run_after=2024-12-11 00:00:00+00:00
[2024-12-12T00:17:07.667+0530] {logging_mixin.py:190} INFO - [2024-12-12T00:17:07.666+0530] {dag.py:4180} INFO - Setting next_dagrun for read_dataset_event_from_classic to 2024-12-10 00:00:00+00:00, run_after=2024-12-11 00:00:00+00:00
[2024-12-12T00:17:07.763+0530] {processor.py:208} INFO - Processing /Users/jayesh/Desktop/Personal Work/Movie_data_pipeline/.venv/lib/python3.12/site-packages/airflow/example_dags/example_inlet_event_extra.py took 0.353 seconds
[2024-12-12T00:20:03.701+0530] {processor.py:186} INFO - Started process (PID=14990) to work on /Users/jayesh/Desktop/Personal Work/Movie_data_pipeline/.venv/lib/python3.12/site-packages/airflow/example_dags/example_inlet_event_extra.py
[2024-12-12T00:20:03.703+0530] {processor.py:914} INFO - Processing file /Users/jayesh/Desktop/Personal Work/Movie_data_pipeline/.venv/lib/python3.12/site-packages/airflow/example_dags/example_inlet_event_extra.py for tasks to queue
[2024-12-12T00:20:03.705+0530] {logging_mixin.py:190} INFO - [2024-12-12T00:20:03.705+0530] {dagbag.py:588} INFO - Filling up the DagBag from /Users/jayesh/Desktop/Personal Work/Movie_data_pipeline/.venv/lib/python3.12/site-packages/airflow/example_dags/example_inlet_event_extra.py
[2024-12-12T00:20:03.902+0530] {processor.py:925} INFO - DAG(s) 'read_dataset_event', 'read_dataset_event_from_classic' retrieved from /Users/jayesh/Desktop/Personal Work/Movie_data_pipeline/.venv/lib/python3.12/site-packages/airflow/example_dags/example_inlet_event_extra.py
[2024-12-12T00:20:04.053+0530] {logging_mixin.py:190} INFO - [2024-12-12T00:20:04.053+0530] {dag.py:3239} INFO - Sync 2 DAGs
[2024-12-12T00:20:04.076+0530] {logging_mixin.py:190} INFO - [2024-12-12T00:20:04.076+0530] {dag.py:4180} INFO - Setting next_dagrun for read_dataset_event to 2024-12-10 00:00:00+00:00, run_after=2024-12-11 00:00:00+00:00
[2024-12-12T00:20:04.083+0530] {logging_mixin.py:190} INFO - [2024-12-12T00:20:04.083+0530] {dag.py:4180} INFO - Setting next_dagrun for read_dataset_event_from_classic to 2024-12-10 00:00:00+00:00, run_after=2024-12-11 00:00:00+00:00
[2024-12-12T00:20:04.172+0530] {processor.py:208} INFO - Processing /Users/jayesh/Desktop/Personal Work/Movie_data_pipeline/.venv/lib/python3.12/site-packages/airflow/example_dags/example_inlet_event_extra.py took 0.476 seconds
[2024-12-12T00:23:11.654+0530] {processor.py:186} INFO - Started process (PID=15284) to work on /Users/jayesh/Desktop/Personal Work/Movie_data_pipeline/.venv/lib/python3.12/site-packages/airflow/example_dags/example_inlet_event_extra.py
[2024-12-12T00:23:11.656+0530] {processor.py:914} INFO - Processing file /Users/jayesh/Desktop/Personal Work/Movie_data_pipeline/.venv/lib/python3.12/site-packages/airflow/example_dags/example_inlet_event_extra.py for tasks to queue
[2024-12-12T00:23:11.658+0530] {logging_mixin.py:190} INFO - [2024-12-12T00:23:11.657+0530] {dagbag.py:588} INFO - Filling up the DagBag from /Users/jayesh/Desktop/Personal Work/Movie_data_pipeline/.venv/lib/python3.12/site-packages/airflow/example_dags/example_inlet_event_extra.py
[2024-12-12T00:23:11.834+0530] {processor.py:925} INFO - DAG(s) 'read_dataset_event_from_classic', 'read_dataset_event' retrieved from /Users/jayesh/Desktop/Personal Work/Movie_data_pipeline/.venv/lib/python3.12/site-packages/airflow/example_dags/example_inlet_event_extra.py
[2024-12-12T00:23:11.955+0530] {logging_mixin.py:190} INFO - [2024-12-12T00:23:11.954+0530] {dag.py:3239} INFO - Sync 2 DAGs
[2024-12-12T00:23:11.977+0530] {logging_mixin.py:190} INFO - [2024-12-12T00:23:11.976+0530] {dag.py:4180} INFO - Setting next_dagrun for read_dataset_event to 2024-12-10 00:00:00+00:00, run_after=2024-12-11 00:00:00+00:00
[2024-12-12T00:23:11.985+0530] {logging_mixin.py:190} INFO - [2024-12-12T00:23:11.984+0530] {dag.py:4180} INFO - Setting next_dagrun for read_dataset_event_from_classic to 2024-12-10 00:00:00+00:00, run_after=2024-12-11 00:00:00+00:00
[2024-12-12T00:23:12.091+0530] {processor.py:208} INFO - Processing /Users/jayesh/Desktop/Personal Work/Movie_data_pipeline/.venv/lib/python3.12/site-packages/airflow/example_dags/example_inlet_event_extra.py took 0.449 seconds
[2024-12-12T00:26:56.082+0530] {processor.py:186} INFO - Started process (PID=15648) to work on /Users/jayesh/Desktop/Personal Work/Movie_data_pipeline/.venv/lib/python3.12/site-packages/airflow/example_dags/example_inlet_event_extra.py
[2024-12-12T00:26:56.084+0530] {processor.py:914} INFO - Processing file /Users/jayesh/Desktop/Personal Work/Movie_data_pipeline/.venv/lib/python3.12/site-packages/airflow/example_dags/example_inlet_event_extra.py for tasks to queue
[2024-12-12T00:26:56.086+0530] {logging_mixin.py:190} INFO - [2024-12-12T00:26:56.086+0530] {dagbag.py:588} INFO - Filling up the DagBag from /Users/jayesh/Desktop/Personal Work/Movie_data_pipeline/.venv/lib/python3.12/site-packages/airflow/example_dags/example_inlet_event_extra.py
[2024-12-12T00:26:56.241+0530] {processor.py:925} INFO - DAG(s) 'read_dataset_event_from_classic', 'read_dataset_event' retrieved from /Users/jayesh/Desktop/Personal Work/Movie_data_pipeline/.venv/lib/python3.12/site-packages/airflow/example_dags/example_inlet_event_extra.py
[2024-12-12T00:26:56.364+0530] {logging_mixin.py:190} INFO - [2024-12-12T00:26:56.363+0530] {dag.py:3239} INFO - Sync 2 DAGs
[2024-12-12T00:26:56.387+0530] {logging_mixin.py:190} INFO - [2024-12-12T00:26:56.386+0530] {dag.py:4180} INFO - Setting next_dagrun for read_dataset_event to 2024-12-10 00:00:00+00:00, run_after=2024-12-11 00:00:00+00:00
[2024-12-12T00:26:56.395+0530] {logging_mixin.py:190} INFO - [2024-12-12T00:26:56.394+0530] {dag.py:4180} INFO - Setting next_dagrun for read_dataset_event_from_classic to 2024-12-10 00:00:00+00:00, run_after=2024-12-11 00:00:00+00:00
[2024-12-12T00:26:56.486+0530] {processor.py:208} INFO - Processing /Users/jayesh/Desktop/Personal Work/Movie_data_pipeline/.venv/lib/python3.12/site-packages/airflow/example_dags/example_inlet_event_extra.py took 0.407 seconds
