[2024-12-11T23:25:44.578+0530] {processor.py:186} INFO - Started process (PID=9506) to work on /Users/jayesh/Desktop/Personal Work/Movie_data_pipeline/.venv/lib/python3.12/site-packages/airflow/example_dags/example_python_decorator.py
[2024-12-11T23:25:44.582+0530] {processor.py:914} INFO - Processing file /Users/jayesh/Desktop/Personal Work/Movie_data_pipeline/.venv/lib/python3.12/site-packages/airflow/example_dags/example_python_decorator.py for tasks to queue
[2024-12-11T23:25:44.585+0530] {logging_mixin.py:190} INFO - [2024-12-11T23:25:44.584+0530] {dagbag.py:588} INFO - Filling up the DagBag from /Users/jayesh/Desktop/Personal Work/Movie_data_pipeline/.venv/lib/python3.12/site-packages/airflow/example_dags/example_python_decorator.py
[2024-12-11T23:25:44.876+0530] {logging_mixin.py:190} INFO - [2024-12-11T23:25:44.875+0530] {example_python_decorator.py:80} WARNING - The virtalenv_python example task requires virtualenv, please install it.
[2024-12-11T23:25:44.898+0530] {processor.py:925} INFO - DAG(s) 'example_python_decorator' retrieved from /Users/jayesh/Desktop/Personal Work/Movie_data_pipeline/.venv/lib/python3.12/site-packages/airflow/example_dags/example_python_decorator.py
[2024-12-11T23:25:47.309+0530] {logging_mixin.py:190} INFO - [2024-12-11T23:25:47.308+0530] {override.py:1911} INFO - Created Permission View: can read on DAG:example_python_decorator
[2024-12-11T23:25:47.338+0530] {logging_mixin.py:190} INFO - [2024-12-11T23:25:47.337+0530] {override.py:1911} INFO - Created Permission View: can delete on DAG:example_python_decorator
[2024-12-11T23:25:47.372+0530] {logging_mixin.py:190} INFO - [2024-12-11T23:25:47.372+0530] {override.py:1911} INFO - Created Permission View: can edit on DAG:example_python_decorator
[2024-12-11T23:25:47.396+0530] {logging_mixin.py:190} INFO - [2024-12-11T23:25:47.396+0530] {override.py:1911} INFO - Created Permission View: can create on DAG Run:example_python_decorator
[2024-12-11T23:25:47.428+0530] {logging_mixin.py:190} INFO - [2024-12-11T23:25:47.427+0530] {override.py:1911} INFO - Created Permission View: can read on DAG Run:example_python_decorator
[2024-12-11T23:25:47.448+0530] {logging_mixin.py:190} INFO - [2024-12-11T23:25:47.447+0530] {override.py:1911} INFO - Created Permission View: can delete on DAG Run:example_python_decorator
[2024-12-11T23:25:47.475+0530] {logging_mixin.py:190} INFO - [2024-12-11T23:25:47.475+0530] {override.py:1911} INFO - Created Permission View: menu access on DAG Run:example_python_decorator
[2024-12-11T23:25:47.478+0530] {logging_mixin.py:190} INFO - [2024-12-11T23:25:47.476+0530] {dag.py:3239} INFO - Sync 1 DAGs
[2024-12-11T23:25:47.525+0530] {logging_mixin.py:190} INFO - [2024-12-11T23:25:47.524+0530] {dag.py:3262} INFO - Creating ORM DAG for example_python_decorator
[2024-12-11T23:25:47.526+0530] {logging_mixin.py:190} INFO - [2024-12-11T23:25:47.526+0530] {dag.py:4180} INFO - Setting next_dagrun for example_python_decorator to None, run_after=None
[2024-12-11T23:25:47.572+0530] {processor.py:208} INFO - Processing /Users/jayesh/Desktop/Personal Work/Movie_data_pipeline/.venv/lib/python3.12/site-packages/airflow/example_dags/example_python_decorator.py took 3.001 seconds
[2024-12-11T23:30:01.946+0530] {processor.py:186} INFO - Started process (PID=9908) to work on /Users/jayesh/Desktop/Personal Work/Movie_data_pipeline/.venv/lib/python3.12/site-packages/airflow/example_dags/example_python_decorator.py
[2024-12-11T23:30:01.948+0530] {processor.py:914} INFO - Processing file /Users/jayesh/Desktop/Personal Work/Movie_data_pipeline/.venv/lib/python3.12/site-packages/airflow/example_dags/example_python_decorator.py for tasks to queue
[2024-12-11T23:30:01.951+0530] {logging_mixin.py:190} INFO - [2024-12-11T23:30:01.950+0530] {dagbag.py:588} INFO - Filling up the DagBag from /Users/jayesh/Desktop/Personal Work/Movie_data_pipeline/.venv/lib/python3.12/site-packages/airflow/example_dags/example_python_decorator.py
[2024-12-11T23:30:02.015+0530] {logging_mixin.py:190} INFO - [2024-12-11T23:30:02.015+0530] {example_python_decorator.py:80} WARNING - The virtalenv_python example task requires virtualenv, please install it.
[2024-12-11T23:30:02.019+0530] {processor.py:925} INFO - DAG(s) 'example_python_decorator' retrieved from /Users/jayesh/Desktop/Personal Work/Movie_data_pipeline/.venv/lib/python3.12/site-packages/airflow/example_dags/example_python_decorator.py
[2024-12-11T23:30:02.158+0530] {logging_mixin.py:190} INFO - [2024-12-11T23:30:02.157+0530] {dag.py:3239} INFO - Sync 1 DAGs
[2024-12-11T23:30:02.172+0530] {logging_mixin.py:190} INFO - [2024-12-11T23:30:02.172+0530] {dag.py:4180} INFO - Setting next_dagrun for example_python_decorator to None, run_after=None
[2024-12-11T23:30:02.197+0530] {processor.py:208} INFO - Processing /Users/jayesh/Desktop/Personal Work/Movie_data_pipeline/.venv/lib/python3.12/site-packages/airflow/example_dags/example_python_decorator.py took 0.256 seconds
[2024-12-11T23:34:06.979+0530] {processor.py:186} INFO - Started process (PID=10336) to work on /Users/jayesh/Desktop/Personal Work/Movie_data_pipeline/.venv/lib/python3.12/site-packages/airflow/example_dags/example_python_decorator.py
[2024-12-11T23:34:06.985+0530] {processor.py:914} INFO - Processing file /Users/jayesh/Desktop/Personal Work/Movie_data_pipeline/.venv/lib/python3.12/site-packages/airflow/example_dags/example_python_decorator.py for tasks to queue
[2024-12-11T23:34:06.987+0530] {logging_mixin.py:190} INFO - [2024-12-11T23:34:06.987+0530] {dagbag.py:588} INFO - Filling up the DagBag from /Users/jayesh/Desktop/Personal Work/Movie_data_pipeline/.venv/lib/python3.12/site-packages/airflow/example_dags/example_python_decorator.py
[2024-12-11T23:34:07.068+0530] {logging_mixin.py:190} INFO - [2024-12-11T23:34:07.067+0530] {example_python_decorator.py:80} WARNING - The virtalenv_python example task requires virtualenv, please install it.
[2024-12-11T23:34:07.071+0530] {processor.py:925} INFO - DAG(s) 'example_python_decorator' retrieved from /Users/jayesh/Desktop/Personal Work/Movie_data_pipeline/.venv/lib/python3.12/site-packages/airflow/example_dags/example_python_decorator.py
[2024-12-11T23:34:07.255+0530] {logging_mixin.py:190} INFO - [2024-12-11T23:34:07.254+0530] {dag.py:3239} INFO - Sync 1 DAGs
[2024-12-11T23:34:07.271+0530] {logging_mixin.py:190} INFO - [2024-12-11T23:34:07.270+0530] {dag.py:4180} INFO - Setting next_dagrun for example_python_decorator to None, run_after=None
[2024-12-11T23:34:07.301+0530] {processor.py:208} INFO - Processing /Users/jayesh/Desktop/Personal Work/Movie_data_pipeline/.venv/lib/python3.12/site-packages/airflow/example_dags/example_python_decorator.py took 0.331 seconds
[2024-12-11T23:37:44.164+0530] {processor.py:186} INFO - Started process (PID=10814) to work on /Users/jayesh/Desktop/Personal Work/Movie_data_pipeline/.venv/lib/python3.12/site-packages/airflow/example_dags/example_python_decorator.py
[2024-12-11T23:37:44.172+0530] {processor.py:914} INFO - Processing file /Users/jayesh/Desktop/Personal Work/Movie_data_pipeline/.venv/lib/python3.12/site-packages/airflow/example_dags/example_python_decorator.py for tasks to queue
[2024-12-11T23:37:44.175+0530] {logging_mixin.py:190} INFO - [2024-12-11T23:37:44.174+0530] {dagbag.py:588} INFO - Filling up the DagBag from /Users/jayesh/Desktop/Personal Work/Movie_data_pipeline/.venv/lib/python3.12/site-packages/airflow/example_dags/example_python_decorator.py
[2024-12-11T23:37:44.236+0530] {logging_mixin.py:190} INFO - [2024-12-11T23:37:44.236+0530] {example_python_decorator.py:80} WARNING - The virtalenv_python example task requires virtualenv, please install it.
[2024-12-11T23:37:44.239+0530] {processor.py:925} INFO - DAG(s) 'example_python_decorator' retrieved from /Users/jayesh/Desktop/Personal Work/Movie_data_pipeline/.venv/lib/python3.12/site-packages/airflow/example_dags/example_python_decorator.py
[2024-12-11T23:37:44.368+0530] {logging_mixin.py:190} INFO - [2024-12-11T23:37:44.367+0530] {dag.py:3239} INFO - Sync 1 DAGs
[2024-12-11T23:37:44.384+0530] {logging_mixin.py:190} INFO - [2024-12-11T23:37:44.383+0530] {dag.py:4180} INFO - Setting next_dagrun for example_python_decorator to None, run_after=None
[2024-12-11T23:37:44.409+0530] {processor.py:208} INFO - Processing /Users/jayesh/Desktop/Personal Work/Movie_data_pipeline/.venv/lib/python3.12/site-packages/airflow/example_dags/example_python_decorator.py took 0.252 seconds
[2024-12-11T23:42:26.740+0530] {processor.py:186} INFO - Started process (PID=11229) to work on /Users/jayesh/Desktop/Personal Work/Movie_data_pipeline/.venv/lib/python3.12/site-packages/airflow/example_dags/example_python_decorator.py
[2024-12-11T23:42:26.746+0530] {processor.py:914} INFO - Processing file /Users/jayesh/Desktop/Personal Work/Movie_data_pipeline/.venv/lib/python3.12/site-packages/airflow/example_dags/example_python_decorator.py for tasks to queue
[2024-12-11T23:42:26.751+0530] {logging_mixin.py:190} INFO - [2024-12-11T23:42:26.750+0530] {dagbag.py:588} INFO - Filling up the DagBag from /Users/jayesh/Desktop/Personal Work/Movie_data_pipeline/.venv/lib/python3.12/site-packages/airflow/example_dags/example_python_decorator.py
[2024-12-11T23:42:27.094+0530] {logging_mixin.py:190} INFO - [2024-12-11T23:42:27.093+0530] {example_python_decorator.py:80} WARNING - The virtalenv_python example task requires virtualenv, please install it.
[2024-12-11T23:42:27.116+0530] {processor.py:925} INFO - DAG(s) 'example_python_decorator' retrieved from /Users/jayesh/Desktop/Personal Work/Movie_data_pipeline/.venv/lib/python3.12/site-packages/airflow/example_dags/example_python_decorator.py
[2024-12-11T23:42:27.655+0530] {logging_mixin.py:190} INFO - [2024-12-11T23:42:27.654+0530] {dag.py:3239} INFO - Sync 1 DAGs
[2024-12-11T23:42:27.694+0530] {logging_mixin.py:190} INFO - [2024-12-11T23:42:27.692+0530] {dag.py:4180} INFO - Setting next_dagrun for example_python_decorator to None, run_after=None
[2024-12-11T23:42:27.812+0530] {processor.py:208} INFO - Processing /Users/jayesh/Desktop/Personal Work/Movie_data_pipeline/.venv/lib/python3.12/site-packages/airflow/example_dags/example_python_decorator.py took 1.090 seconds
[2024-12-11T23:47:24.839+0530] {processor.py:186} INFO - Started process (PID=11776) to work on /Users/jayesh/Desktop/Personal Work/Movie_data_pipeline/.venv/lib/python3.12/site-packages/airflow/example_dags/example_python_decorator.py
[2024-12-11T23:47:24.842+0530] {processor.py:914} INFO - Processing file /Users/jayesh/Desktop/Personal Work/Movie_data_pipeline/.venv/lib/python3.12/site-packages/airflow/example_dags/example_python_decorator.py for tasks to queue
[2024-12-11T23:47:24.844+0530] {logging_mixin.py:190} INFO - [2024-12-11T23:47:24.844+0530] {dagbag.py:588} INFO - Filling up the DagBag from /Users/jayesh/Desktop/Personal Work/Movie_data_pipeline/.venv/lib/python3.12/site-packages/airflow/example_dags/example_python_decorator.py
[2024-12-11T23:47:24.903+0530] {logging_mixin.py:190} INFO - [2024-12-11T23:47:24.903+0530] {example_python_decorator.py:80} WARNING - The virtalenv_python example task requires virtualenv, please install it.
[2024-12-11T23:47:24.906+0530] {processor.py:925} INFO - DAG(s) 'example_python_decorator' retrieved from /Users/jayesh/Desktop/Personal Work/Movie_data_pipeline/.venv/lib/python3.12/site-packages/airflow/example_dags/example_python_decorator.py
[2024-12-11T23:47:25.067+0530] {logging_mixin.py:190} INFO - [2024-12-11T23:47:25.067+0530] {dag.py:3239} INFO - Sync 1 DAGs
[2024-12-11T23:47:25.088+0530] {logging_mixin.py:190} INFO - [2024-12-11T23:47:25.088+0530] {dag.py:4180} INFO - Setting next_dagrun for example_python_decorator to None, run_after=None
[2024-12-11T23:47:25.117+0530] {processor.py:208} INFO - Processing /Users/jayesh/Desktop/Personal Work/Movie_data_pipeline/.venv/lib/python3.12/site-packages/airflow/example_dags/example_python_decorator.py took 0.282 seconds
[2024-12-11T23:50:33.526+0530] {processor.py:186} INFO - Started process (PID=12137) to work on /Users/jayesh/Desktop/Personal Work/Movie_data_pipeline/.venv/lib/python3.12/site-packages/airflow/example_dags/example_python_decorator.py
[2024-12-11T23:50:33.528+0530] {processor.py:914} INFO - Processing file /Users/jayesh/Desktop/Personal Work/Movie_data_pipeline/.venv/lib/python3.12/site-packages/airflow/example_dags/example_python_decorator.py for tasks to queue
[2024-12-11T23:50:33.530+0530] {logging_mixin.py:190} INFO - [2024-12-11T23:50:33.529+0530] {dagbag.py:588} INFO - Filling up the DagBag from /Users/jayesh/Desktop/Personal Work/Movie_data_pipeline/.venv/lib/python3.12/site-packages/airflow/example_dags/example_python_decorator.py
[2024-12-11T23:50:33.574+0530] {logging_mixin.py:190} INFO - [2024-12-11T23:50:33.573+0530] {example_python_decorator.py:80} WARNING - The virtalenv_python example task requires virtualenv, please install it.
[2024-12-11T23:50:33.576+0530] {processor.py:925} INFO - DAG(s) 'example_python_decorator' retrieved from /Users/jayesh/Desktop/Personal Work/Movie_data_pipeline/.venv/lib/python3.12/site-packages/airflow/example_dags/example_python_decorator.py
[2024-12-11T23:50:33.698+0530] {logging_mixin.py:190} INFO - [2024-12-11T23:50:33.698+0530] {dag.py:3239} INFO - Sync 1 DAGs
[2024-12-11T23:50:33.712+0530] {logging_mixin.py:190} INFO - [2024-12-11T23:50:33.712+0530] {dag.py:4180} INFO - Setting next_dagrun for example_python_decorator to None, run_after=None
[2024-12-11T23:50:33.736+0530] {processor.py:208} INFO - Processing /Users/jayesh/Desktop/Personal Work/Movie_data_pipeline/.venv/lib/python3.12/site-packages/airflow/example_dags/example_python_decorator.py took 0.214 seconds
[2024-12-11T23:53:25.012+0530] {processor.py:186} INFO - Started process (PID=12417) to work on /Users/jayesh/Desktop/Personal Work/Movie_data_pipeline/.venv/lib/python3.12/site-packages/airflow/example_dags/example_python_decorator.py
[2024-12-11T23:53:25.014+0530] {processor.py:914} INFO - Processing file /Users/jayesh/Desktop/Personal Work/Movie_data_pipeline/.venv/lib/python3.12/site-packages/airflow/example_dags/example_python_decorator.py for tasks to queue
[2024-12-11T23:53:25.016+0530] {logging_mixin.py:190} INFO - [2024-12-11T23:53:25.016+0530] {dagbag.py:588} INFO - Filling up the DagBag from /Users/jayesh/Desktop/Personal Work/Movie_data_pipeline/.venv/lib/python3.12/site-packages/airflow/example_dags/example_python_decorator.py
[2024-12-11T23:53:25.060+0530] {logging_mixin.py:190} INFO - [2024-12-11T23:53:25.060+0530] {example_python_decorator.py:80} WARNING - The virtalenv_python example task requires virtualenv, please install it.
[2024-12-11T23:53:25.063+0530] {processor.py:925} INFO - DAG(s) 'example_python_decorator' retrieved from /Users/jayesh/Desktop/Personal Work/Movie_data_pipeline/.venv/lib/python3.12/site-packages/airflow/example_dags/example_python_decorator.py
[2024-12-11T23:53:25.183+0530] {logging_mixin.py:190} INFO - [2024-12-11T23:53:25.183+0530] {dag.py:3239} INFO - Sync 1 DAGs
[2024-12-11T23:53:25.196+0530] {logging_mixin.py:190} INFO - [2024-12-11T23:53:25.195+0530] {dag.py:4180} INFO - Setting next_dagrun for example_python_decorator to None, run_after=None
[2024-12-11T23:53:25.218+0530] {processor.py:208} INFO - Processing /Users/jayesh/Desktop/Personal Work/Movie_data_pipeline/.venv/lib/python3.12/site-packages/airflow/example_dags/example_python_decorator.py took 0.210 seconds
[2024-12-11T23:56:15.744+0530] {processor.py:186} INFO - Started process (PID=12715) to work on /Users/jayesh/Desktop/Personal Work/Movie_data_pipeline/.venv/lib/python3.12/site-packages/airflow/example_dags/example_python_decorator.py
[2024-12-11T23:56:15.747+0530] {processor.py:914} INFO - Processing file /Users/jayesh/Desktop/Personal Work/Movie_data_pipeline/.venv/lib/python3.12/site-packages/airflow/example_dags/example_python_decorator.py for tasks to queue
[2024-12-11T23:56:15.748+0530] {logging_mixin.py:190} INFO - [2024-12-11T23:56:15.748+0530] {dagbag.py:588} INFO - Filling up the DagBag from /Users/jayesh/Desktop/Personal Work/Movie_data_pipeline/.venv/lib/python3.12/site-packages/airflow/example_dags/example_python_decorator.py
[2024-12-11T23:56:15.795+0530] {logging_mixin.py:190} INFO - [2024-12-11T23:56:15.795+0530] {example_python_decorator.py:80} WARNING - The virtalenv_python example task requires virtualenv, please install it.
[2024-12-11T23:56:15.799+0530] {processor.py:925} INFO - DAG(s) 'example_python_decorator' retrieved from /Users/jayesh/Desktop/Personal Work/Movie_data_pipeline/.venv/lib/python3.12/site-packages/airflow/example_dags/example_python_decorator.py
[2024-12-11T23:56:15.923+0530] {logging_mixin.py:190} INFO - [2024-12-11T23:56:15.922+0530] {dag.py:3239} INFO - Sync 1 DAGs
[2024-12-11T23:56:15.935+0530] {logging_mixin.py:190} INFO - [2024-12-11T23:56:15.935+0530] {dag.py:4180} INFO - Setting next_dagrun for example_python_decorator to None, run_after=None
[2024-12-11T23:56:15.960+0530] {processor.py:208} INFO - Processing /Users/jayesh/Desktop/Personal Work/Movie_data_pipeline/.venv/lib/python3.12/site-packages/airflow/example_dags/example_python_decorator.py took 0.220 seconds
[2024-12-11T23:59:09.529+0530] {processor.py:186} INFO - Started process (PID=12994) to work on /Users/jayesh/Desktop/Personal Work/Movie_data_pipeline/.venv/lib/python3.12/site-packages/airflow/example_dags/example_python_decorator.py
[2024-12-11T23:59:09.531+0530] {processor.py:914} INFO - Processing file /Users/jayesh/Desktop/Personal Work/Movie_data_pipeline/.venv/lib/python3.12/site-packages/airflow/example_dags/example_python_decorator.py for tasks to queue
[2024-12-11T23:59:09.533+0530] {logging_mixin.py:190} INFO - [2024-12-11T23:59:09.532+0530] {dagbag.py:588} INFO - Filling up the DagBag from /Users/jayesh/Desktop/Personal Work/Movie_data_pipeline/.venv/lib/python3.12/site-packages/airflow/example_dags/example_python_decorator.py
[2024-12-11T23:59:09.577+0530] {logging_mixin.py:190} INFO - [2024-12-11T23:59:09.577+0530] {example_python_decorator.py:80} WARNING - The virtalenv_python example task requires virtualenv, please install it.
[2024-12-11T23:59:09.580+0530] {processor.py:925} INFO - DAG(s) 'example_python_decorator' retrieved from /Users/jayesh/Desktop/Personal Work/Movie_data_pipeline/.venv/lib/python3.12/site-packages/airflow/example_dags/example_python_decorator.py
[2024-12-11T23:59:09.699+0530] {logging_mixin.py:190} INFO - [2024-12-11T23:59:09.699+0530] {dag.py:3239} INFO - Sync 1 DAGs
[2024-12-11T23:59:09.715+0530] {logging_mixin.py:190} INFO - [2024-12-11T23:59:09.715+0530] {dag.py:4180} INFO - Setting next_dagrun for example_python_decorator to None, run_after=None
[2024-12-11T23:59:09.740+0530] {processor.py:208} INFO - Processing /Users/jayesh/Desktop/Personal Work/Movie_data_pipeline/.venv/lib/python3.12/site-packages/airflow/example_dags/example_python_decorator.py took 0.215 seconds
[2024-12-12T00:02:03.563+0530] {processor.py:186} INFO - Started process (PID=13279) to work on /Users/jayesh/Desktop/Personal Work/Movie_data_pipeline/.venv/lib/python3.12/site-packages/airflow/example_dags/example_python_decorator.py
[2024-12-12T00:02:03.566+0530] {processor.py:914} INFO - Processing file /Users/jayesh/Desktop/Personal Work/Movie_data_pipeline/.venv/lib/python3.12/site-packages/airflow/example_dags/example_python_decorator.py for tasks to queue
[2024-12-12T00:02:03.567+0530] {logging_mixin.py:190} INFO - [2024-12-12T00:02:03.567+0530] {dagbag.py:588} INFO - Filling up the DagBag from /Users/jayesh/Desktop/Personal Work/Movie_data_pipeline/.venv/lib/python3.12/site-packages/airflow/example_dags/example_python_decorator.py
[2024-12-12T00:02:03.612+0530] {logging_mixin.py:190} INFO - [2024-12-12T00:02:03.611+0530] {example_python_decorator.py:80} WARNING - The virtalenv_python example task requires virtualenv, please install it.
[2024-12-12T00:02:03.615+0530] {processor.py:925} INFO - DAG(s) 'example_python_decorator' retrieved from /Users/jayesh/Desktop/Personal Work/Movie_data_pipeline/.venv/lib/python3.12/site-packages/airflow/example_dags/example_python_decorator.py
[2024-12-12T00:02:03.737+0530] {logging_mixin.py:190} INFO - [2024-12-12T00:02:03.737+0530] {dag.py:3239} INFO - Sync 1 DAGs
[2024-12-12T00:02:03.749+0530] {logging_mixin.py:190} INFO - [2024-12-12T00:02:03.749+0530] {dag.py:4180} INFO - Setting next_dagrun for example_python_decorator to None, run_after=None
[2024-12-12T00:02:03.776+0530] {processor.py:208} INFO - Processing /Users/jayesh/Desktop/Personal Work/Movie_data_pipeline/.venv/lib/python3.12/site-packages/airflow/example_dags/example_python_decorator.py took 0.216 seconds
[2024-12-12T00:04:56.434+0530] {processor.py:186} INFO - Started process (PID=13546) to work on /Users/jayesh/Desktop/Personal Work/Movie_data_pipeline/.venv/lib/python3.12/site-packages/airflow/example_dags/example_python_decorator.py
[2024-12-12T00:04:56.436+0530] {processor.py:914} INFO - Processing file /Users/jayesh/Desktop/Personal Work/Movie_data_pipeline/.venv/lib/python3.12/site-packages/airflow/example_dags/example_python_decorator.py for tasks to queue
[2024-12-12T00:04:56.438+0530] {logging_mixin.py:190} INFO - [2024-12-12T00:04:56.438+0530] {dagbag.py:588} INFO - Filling up the DagBag from /Users/jayesh/Desktop/Personal Work/Movie_data_pipeline/.venv/lib/python3.12/site-packages/airflow/example_dags/example_python_decorator.py
[2024-12-12T00:04:56.499+0530] {logging_mixin.py:190} INFO - [2024-12-12T00:04:56.499+0530] {example_python_decorator.py:80} WARNING - The virtalenv_python example task requires virtualenv, please install it.
[2024-12-12T00:04:56.502+0530] {processor.py:925} INFO - DAG(s) 'example_python_decorator' retrieved from /Users/jayesh/Desktop/Personal Work/Movie_data_pipeline/.venv/lib/python3.12/site-packages/airflow/example_dags/example_python_decorator.py
[2024-12-12T00:04:56.620+0530] {logging_mixin.py:190} INFO - [2024-12-12T00:04:56.620+0530] {dag.py:3239} INFO - Sync 1 DAGs
[2024-12-12T00:04:56.636+0530] {logging_mixin.py:190} INFO - [2024-12-12T00:04:56.635+0530] {dag.py:4180} INFO - Setting next_dagrun for example_python_decorator to None, run_after=None
[2024-12-12T00:04:56.661+0530] {processor.py:208} INFO - Processing /Users/jayesh/Desktop/Personal Work/Movie_data_pipeline/.venv/lib/python3.12/site-packages/airflow/example_dags/example_python_decorator.py took 0.232 seconds
[2024-12-12T00:07:51.301+0530] {processor.py:186} INFO - Started process (PID=13827) to work on /Users/jayesh/Desktop/Personal Work/Movie_data_pipeline/.venv/lib/python3.12/site-packages/airflow/example_dags/example_python_decorator.py
[2024-12-12T00:07:51.303+0530] {processor.py:914} INFO - Processing file /Users/jayesh/Desktop/Personal Work/Movie_data_pipeline/.venv/lib/python3.12/site-packages/airflow/example_dags/example_python_decorator.py for tasks to queue
[2024-12-12T00:07:51.305+0530] {logging_mixin.py:190} INFO - [2024-12-12T00:07:51.305+0530] {dagbag.py:588} INFO - Filling up the DagBag from /Users/jayesh/Desktop/Personal Work/Movie_data_pipeline/.venv/lib/python3.12/site-packages/airflow/example_dags/example_python_decorator.py
[2024-12-12T00:07:51.353+0530] {logging_mixin.py:190} INFO - [2024-12-12T00:07:51.353+0530] {example_python_decorator.py:80} WARNING - The virtalenv_python example task requires virtualenv, please install it.
[2024-12-12T00:07:51.356+0530] {processor.py:925} INFO - DAG(s) 'example_python_decorator' retrieved from /Users/jayesh/Desktop/Personal Work/Movie_data_pipeline/.venv/lib/python3.12/site-packages/airflow/example_dags/example_python_decorator.py
[2024-12-12T00:07:51.484+0530] {logging_mixin.py:190} INFO - [2024-12-12T00:07:51.484+0530] {dag.py:3239} INFO - Sync 1 DAGs
[2024-12-12T00:07:51.498+0530] {logging_mixin.py:190} INFO - [2024-12-12T00:07:51.498+0530] {dag.py:4180} INFO - Setting next_dagrun for example_python_decorator to None, run_after=None
[2024-12-12T00:07:51.521+0530] {processor.py:208} INFO - Processing /Users/jayesh/Desktop/Personal Work/Movie_data_pipeline/.venv/lib/python3.12/site-packages/airflow/example_dags/example_python_decorator.py took 0.225 seconds
[2024-12-12T00:10:46.949+0530] {processor.py:186} INFO - Started process (PID=14095) to work on /Users/jayesh/Desktop/Personal Work/Movie_data_pipeline/.venv/lib/python3.12/site-packages/airflow/example_dags/example_python_decorator.py
[2024-12-12T00:10:46.952+0530] {processor.py:914} INFO - Processing file /Users/jayesh/Desktop/Personal Work/Movie_data_pipeline/.venv/lib/python3.12/site-packages/airflow/example_dags/example_python_decorator.py for tasks to queue
[2024-12-12T00:10:46.955+0530] {logging_mixin.py:190} INFO - [2024-12-12T00:10:46.954+0530] {dagbag.py:588} INFO - Filling up the DagBag from /Users/jayesh/Desktop/Personal Work/Movie_data_pipeline/.venv/lib/python3.12/site-packages/airflow/example_dags/example_python_decorator.py
[2024-12-12T00:10:47.035+0530] {logging_mixin.py:190} INFO - [2024-12-12T00:10:47.035+0530] {example_python_decorator.py:80} WARNING - The virtalenv_python example task requires virtualenv, please install it.
[2024-12-12T00:10:47.038+0530] {processor.py:925} INFO - DAG(s) 'example_python_decorator' retrieved from /Users/jayesh/Desktop/Personal Work/Movie_data_pipeline/.venv/lib/python3.12/site-packages/airflow/example_dags/example_python_decorator.py
[2024-12-12T00:10:47.205+0530] {logging_mixin.py:190} INFO - [2024-12-12T00:10:47.204+0530] {dag.py:3239} INFO - Sync 1 DAGs
[2024-12-12T00:10:47.226+0530] {logging_mixin.py:190} INFO - [2024-12-12T00:10:47.226+0530] {dag.py:4180} INFO - Setting next_dagrun for example_python_decorator to None, run_after=None
[2024-12-12T00:10:47.259+0530] {processor.py:208} INFO - Processing /Users/jayesh/Desktop/Personal Work/Movie_data_pipeline/.venv/lib/python3.12/site-packages/airflow/example_dags/example_python_decorator.py took 0.316 seconds
[2024-12-12T00:13:40.891+0530] {processor.py:186} INFO - Started process (PID=14383) to work on /Users/jayesh/Desktop/Personal Work/Movie_data_pipeline/.venv/lib/python3.12/site-packages/airflow/example_dags/example_python_decorator.py
[2024-12-12T00:13:40.894+0530] {processor.py:914} INFO - Processing file /Users/jayesh/Desktop/Personal Work/Movie_data_pipeline/.venv/lib/python3.12/site-packages/airflow/example_dags/example_python_decorator.py for tasks to queue
[2024-12-12T00:13:40.896+0530] {logging_mixin.py:190} INFO - [2024-12-12T00:13:40.895+0530] {dagbag.py:588} INFO - Filling up the DagBag from /Users/jayesh/Desktop/Personal Work/Movie_data_pipeline/.venv/lib/python3.12/site-packages/airflow/example_dags/example_python_decorator.py
[2024-12-12T00:13:40.977+0530] {logging_mixin.py:190} INFO - [2024-12-12T00:13:40.977+0530] {example_python_decorator.py:80} WARNING - The virtalenv_python example task requires virtualenv, please install it.
[2024-12-12T00:13:40.981+0530] {processor.py:925} INFO - DAG(s) 'example_python_decorator' retrieved from /Users/jayesh/Desktop/Personal Work/Movie_data_pipeline/.venv/lib/python3.12/site-packages/airflow/example_dags/example_python_decorator.py
[2024-12-12T00:13:41.133+0530] {logging_mixin.py:190} INFO - [2024-12-12T00:13:41.133+0530] {dag.py:3239} INFO - Sync 1 DAGs
[2024-12-12T00:13:41.149+0530] {logging_mixin.py:190} INFO - [2024-12-12T00:13:41.149+0530] {dag.py:4180} INFO - Setting next_dagrun for example_python_decorator to None, run_after=None
[2024-12-12T00:13:41.177+0530] {processor.py:208} INFO - Processing /Users/jayesh/Desktop/Personal Work/Movie_data_pipeline/.venv/lib/python3.12/site-packages/airflow/example_dags/example_python_decorator.py took 0.290 seconds
[2024-12-12T00:16:33.168+0530] {processor.py:186} INFO - Started process (PID=14658) to work on /Users/jayesh/Desktop/Personal Work/Movie_data_pipeline/.venv/lib/python3.12/site-packages/airflow/example_dags/example_python_decorator.py
[2024-12-12T00:16:33.171+0530] {processor.py:914} INFO - Processing file /Users/jayesh/Desktop/Personal Work/Movie_data_pipeline/.venv/lib/python3.12/site-packages/airflow/example_dags/example_python_decorator.py for tasks to queue
[2024-12-12T00:16:33.172+0530] {logging_mixin.py:190} INFO - [2024-12-12T00:16:33.172+0530] {dagbag.py:588} INFO - Filling up the DagBag from /Users/jayesh/Desktop/Personal Work/Movie_data_pipeline/.venv/lib/python3.12/site-packages/airflow/example_dags/example_python_decorator.py
[2024-12-12T00:16:33.220+0530] {logging_mixin.py:190} INFO - [2024-12-12T00:16:33.219+0530] {example_python_decorator.py:80} WARNING - The virtalenv_python example task requires virtualenv, please install it.
[2024-12-12T00:16:33.222+0530] {processor.py:925} INFO - DAG(s) 'example_python_decorator' retrieved from /Users/jayesh/Desktop/Personal Work/Movie_data_pipeline/.venv/lib/python3.12/site-packages/airflow/example_dags/example_python_decorator.py
[2024-12-12T00:16:33.343+0530] {logging_mixin.py:190} INFO - [2024-12-12T00:16:33.343+0530] {dag.py:3239} INFO - Sync 1 DAGs
[2024-12-12T00:16:33.356+0530] {logging_mixin.py:190} INFO - [2024-12-12T00:16:33.356+0530] {dag.py:4180} INFO - Setting next_dagrun for example_python_decorator to None, run_after=None
[2024-12-12T00:16:33.384+0530] {processor.py:208} INFO - Processing /Users/jayesh/Desktop/Personal Work/Movie_data_pipeline/.venv/lib/python3.12/site-packages/airflow/example_dags/example_python_decorator.py took 0.219 seconds
[2024-12-12T00:19:25.054+0530] {processor.py:186} INFO - Started process (PID=14926) to work on /Users/jayesh/Desktop/Personal Work/Movie_data_pipeline/.venv/lib/python3.12/site-packages/airflow/example_dags/example_python_decorator.py
[2024-12-12T00:19:25.057+0530] {processor.py:914} INFO - Processing file /Users/jayesh/Desktop/Personal Work/Movie_data_pipeline/.venv/lib/python3.12/site-packages/airflow/example_dags/example_python_decorator.py for tasks to queue
[2024-12-12T00:19:25.058+0530] {logging_mixin.py:190} INFO - [2024-12-12T00:19:25.058+0530] {dagbag.py:588} INFO - Filling up the DagBag from /Users/jayesh/Desktop/Personal Work/Movie_data_pipeline/.venv/lib/python3.12/site-packages/airflow/example_dags/example_python_decorator.py
[2024-12-12T00:19:25.109+0530] {logging_mixin.py:190} INFO - [2024-12-12T00:19:25.109+0530] {example_python_decorator.py:80} WARNING - The virtalenv_python example task requires virtualenv, please install it.
[2024-12-12T00:19:25.114+0530] {processor.py:925} INFO - DAG(s) 'example_python_decorator' retrieved from /Users/jayesh/Desktop/Personal Work/Movie_data_pipeline/.venv/lib/python3.12/site-packages/airflow/example_dags/example_python_decorator.py
[2024-12-12T00:19:25.238+0530] {logging_mixin.py:190} INFO - [2024-12-12T00:19:25.238+0530] {dag.py:3239} INFO - Sync 1 DAGs
[2024-12-12T00:19:25.251+0530] {logging_mixin.py:190} INFO - [2024-12-12T00:19:25.251+0530] {dag.py:4180} INFO - Setting next_dagrun for example_python_decorator to None, run_after=None
[2024-12-12T00:19:25.275+0530] {processor.py:208} INFO - Processing /Users/jayesh/Desktop/Personal Work/Movie_data_pipeline/.venv/lib/python3.12/site-packages/airflow/example_dags/example_python_decorator.py took 0.224 seconds
[2024-12-12T00:22:37.007+0530] {processor.py:186} INFO - Started process (PID=15231) to work on /Users/jayesh/Desktop/Personal Work/Movie_data_pipeline/.venv/lib/python3.12/site-packages/airflow/example_dags/example_python_decorator.py
[2024-12-12T00:22:37.009+0530] {processor.py:914} INFO - Processing file /Users/jayesh/Desktop/Personal Work/Movie_data_pipeline/.venv/lib/python3.12/site-packages/airflow/example_dags/example_python_decorator.py for tasks to queue
[2024-12-12T00:22:37.012+0530] {logging_mixin.py:190} INFO - [2024-12-12T00:22:37.011+0530] {dagbag.py:588} INFO - Filling up the DagBag from /Users/jayesh/Desktop/Personal Work/Movie_data_pipeline/.venv/lib/python3.12/site-packages/airflow/example_dags/example_python_decorator.py
[2024-12-12T00:22:37.067+0530] {logging_mixin.py:190} INFO - [2024-12-12T00:22:37.066+0530] {example_python_decorator.py:80} WARNING - The virtalenv_python example task requires virtualenv, please install it.
[2024-12-12T00:22:37.073+0530] {processor.py:925} INFO - DAG(s) 'example_python_decorator' retrieved from /Users/jayesh/Desktop/Personal Work/Movie_data_pipeline/.venv/lib/python3.12/site-packages/airflow/example_dags/example_python_decorator.py
[2024-12-12T00:22:37.197+0530] {logging_mixin.py:190} INFO - [2024-12-12T00:22:37.197+0530] {dag.py:3239} INFO - Sync 1 DAGs
[2024-12-12T00:22:37.214+0530] {logging_mixin.py:190} INFO - [2024-12-12T00:22:37.214+0530] {dag.py:4180} INFO - Setting next_dagrun for example_python_decorator to None, run_after=None
[2024-12-12T00:22:37.240+0530] {processor.py:208} INFO - Processing /Users/jayesh/Desktop/Personal Work/Movie_data_pipeline/.venv/lib/python3.12/site-packages/airflow/example_dags/example_python_decorator.py took 0.238 seconds
[2024-12-12T00:26:12.539+0530] {processor.py:186} INFO - Started process (PID=15588) to work on /Users/jayesh/Desktop/Personal Work/Movie_data_pipeline/.venv/lib/python3.12/site-packages/airflow/example_dags/example_python_decorator.py
[2024-12-12T00:26:12.542+0530] {processor.py:914} INFO - Processing file /Users/jayesh/Desktop/Personal Work/Movie_data_pipeline/.venv/lib/python3.12/site-packages/airflow/example_dags/example_python_decorator.py for tasks to queue
[2024-12-12T00:26:12.545+0530] {logging_mixin.py:190} INFO - [2024-12-12T00:26:12.545+0530] {dagbag.py:588} INFO - Filling up the DagBag from /Users/jayesh/Desktop/Personal Work/Movie_data_pipeline/.venv/lib/python3.12/site-packages/airflow/example_dags/example_python_decorator.py
[2024-12-12T00:26:12.607+0530] {logging_mixin.py:190} INFO - [2024-12-12T00:26:12.607+0530] {example_python_decorator.py:80} WARNING - The virtalenv_python example task requires virtualenv, please install it.
[2024-12-12T00:26:12.611+0530] {processor.py:925} INFO - DAG(s) 'example_python_decorator' retrieved from /Users/jayesh/Desktop/Personal Work/Movie_data_pipeline/.venv/lib/python3.12/site-packages/airflow/example_dags/example_python_decorator.py
[2024-12-12T00:26:12.806+0530] {logging_mixin.py:190} INFO - [2024-12-12T00:26:12.806+0530] {dag.py:3239} INFO - Sync 1 DAGs
[2024-12-12T00:26:12.825+0530] {logging_mixin.py:190} INFO - [2024-12-12T00:26:12.825+0530] {dag.py:4180} INFO - Setting next_dagrun for example_python_decorator to None, run_after=None
[2024-12-12T00:26:12.862+0530] {processor.py:208} INFO - Processing /Users/jayesh/Desktop/Personal Work/Movie_data_pipeline/.venv/lib/python3.12/site-packages/airflow/example_dags/example_python_decorator.py took 0.329 seconds
