[2024-12-11T23:24:10.059+0530] {processor.py:186} INFO - Started process (PID=9295) to work on /Users/jayesh/Desktop/Personal Work/Movie_data_pipeline/.venv/lib/python3.12/site-packages/airflow/example_dags/example_xcom.py
[2024-12-11T23:24:10.060+0530] {processor.py:914} INFO - Processing file /Users/jayesh/Desktop/Personal Work/Movie_data_pipeline/.venv/lib/python3.12/site-packages/airflow/example_dags/example_xcom.py for tasks to queue
[2024-12-11T23:24:10.062+0530] {logging_mixin.py:190} INFO - [2024-12-11T23:24:10.062+0530] {dagbag.py:588} INFO - Filling up the DagBag from /Users/jayesh/Desktop/Personal Work/Movie_data_pipeline/.venv/lib/python3.12/site-packages/airflow/example_dags/example_xcom.py
[2024-12-11T23:24:10.113+0530] {processor.py:925} INFO - DAG(s) 'example_xcom' retrieved from /Users/jayesh/Desktop/Personal Work/Movie_data_pipeline/.venv/lib/python3.12/site-packages/airflow/example_dags/example_xcom.py
[2024-12-11T23:24:10.491+0530] {logging_mixin.py:190} INFO - [2024-12-11T23:24:10.490+0530] {override.py:1911} INFO - Created Permission View: can edit on DAG:example_xcom
[2024-12-11T23:24:10.509+0530] {logging_mixin.py:190} INFO - [2024-12-11T23:24:10.508+0530] {override.py:1911} INFO - Created Permission View: can delete on DAG:example_xcom
[2024-12-11T23:24:10.520+0530] {logging_mixin.py:190} INFO - [2024-12-11T23:24:10.520+0530] {override.py:1911} INFO - Created Permission View: can read on DAG:example_xcom
[2024-12-11T23:24:10.534+0530] {logging_mixin.py:190} INFO - [2024-12-11T23:24:10.534+0530] {override.py:1911} INFO - Created Permission View: can create on DAG Run:example_xcom
[2024-12-11T23:24:10.544+0530] {logging_mixin.py:190} INFO - [2024-12-11T23:24:10.543+0530] {override.py:1911} INFO - Created Permission View: can delete on DAG Run:example_xcom
[2024-12-11T23:24:10.568+0530] {logging_mixin.py:190} INFO - [2024-12-11T23:24:10.568+0530] {override.py:1911} INFO - Created Permission View: menu access on DAG Run:example_xcom
[2024-12-11T23:24:10.580+0530] {logging_mixin.py:190} INFO - [2024-12-11T23:24:10.579+0530] {override.py:1911} INFO - Created Permission View: can read on DAG Run:example_xcom
[2024-12-11T23:24:10.582+0530] {logging_mixin.py:190} INFO - [2024-12-11T23:24:10.581+0530] {dag.py:3239} INFO - Sync 1 DAGs
[2024-12-11T23:24:10.603+0530] {logging_mixin.py:190} INFO - [2024-12-11T23:24:10.602+0530] {dag.py:3262} INFO - Creating ORM DAG for example_xcom
[2024-12-11T23:24:10.620+0530] {logging_mixin.py:190} INFO - [2024-12-11T23:24:10.620+0530] {dag.py:4180} INFO - Setting next_dagrun for example_xcom to 2021-01-01 00:00:00+00:00, run_after=2021-01-01 00:00:00+00:00
[2024-12-11T23:24:10.651+0530] {processor.py:208} INFO - Processing /Users/jayesh/Desktop/Personal Work/Movie_data_pipeline/.venv/lib/python3.12/site-packages/airflow/example_dags/example_xcom.py took 0.597 seconds
[2024-12-11T23:28:53.944+0530] {processor.py:186} INFO - Started process (PID=9793) to work on /Users/jayesh/Desktop/Personal Work/Movie_data_pipeline/.venv/lib/python3.12/site-packages/airflow/example_dags/example_xcom.py
[2024-12-11T23:28:53.947+0530] {processor.py:914} INFO - Processing file /Users/jayesh/Desktop/Personal Work/Movie_data_pipeline/.venv/lib/python3.12/site-packages/airflow/example_dags/example_xcom.py for tasks to queue
[2024-12-11T23:28:53.948+0530] {logging_mixin.py:190} INFO - [2024-12-11T23:28:53.948+0530] {dagbag.py:588} INFO - Filling up the DagBag from /Users/jayesh/Desktop/Personal Work/Movie_data_pipeline/.venv/lib/python3.12/site-packages/airflow/example_dags/example_xcom.py
[2024-12-11T23:28:54.015+0530] {processor.py:925} INFO - DAG(s) 'example_xcom' retrieved from /Users/jayesh/Desktop/Personal Work/Movie_data_pipeline/.venv/lib/python3.12/site-packages/airflow/example_dags/example_xcom.py
[2024-12-11T23:28:54.154+0530] {logging_mixin.py:190} INFO - [2024-12-11T23:28:54.153+0530] {dag.py:3239} INFO - Sync 1 DAGs
[2024-12-11T23:28:54.177+0530] {logging_mixin.py:190} INFO - [2024-12-11T23:28:54.177+0530] {dag.py:4180} INFO - Setting next_dagrun for example_xcom to 2021-01-01 00:00:00+00:00, run_after=2021-01-01 00:00:00+00:00
[2024-12-11T23:28:54.204+0530] {processor.py:208} INFO - Processing /Users/jayesh/Desktop/Personal Work/Movie_data_pipeline/.venv/lib/python3.12/site-packages/airflow/example_dags/example_xcom.py took 0.263 seconds
[2024-12-11T23:32:27.490+0530] {processor.py:186} INFO - Started process (PID=10130) to work on /Users/jayesh/Desktop/Personal Work/Movie_data_pipeline/.venv/lib/python3.12/site-packages/airflow/example_dags/example_xcom.py
[2024-12-11T23:32:27.493+0530] {processor.py:914} INFO - Processing file /Users/jayesh/Desktop/Personal Work/Movie_data_pipeline/.venv/lib/python3.12/site-packages/airflow/example_dags/example_xcom.py for tasks to queue
[2024-12-11T23:32:27.495+0530] {logging_mixin.py:190} INFO - [2024-12-11T23:32:27.494+0530] {dagbag.py:588} INFO - Filling up the DagBag from /Users/jayesh/Desktop/Personal Work/Movie_data_pipeline/.venv/lib/python3.12/site-packages/airflow/example_dags/example_xcom.py
[2024-12-11T23:32:27.602+0530] {processor.py:925} INFO - DAG(s) 'example_xcom' retrieved from /Users/jayesh/Desktop/Personal Work/Movie_data_pipeline/.venv/lib/python3.12/site-packages/airflow/example_dags/example_xcom.py
[2024-12-11T23:32:27.740+0530] {logging_mixin.py:190} INFO - [2024-12-11T23:32:27.740+0530] {dag.py:3239} INFO - Sync 1 DAGs
[2024-12-11T23:32:27.765+0530] {logging_mixin.py:190} INFO - [2024-12-11T23:32:27.765+0530] {dag.py:4180} INFO - Setting next_dagrun for example_xcom to 2021-01-01 00:00:00+00:00, run_after=2021-01-01 00:00:00+00:00
[2024-12-11T23:32:27.792+0530] {processor.py:208} INFO - Processing /Users/jayesh/Desktop/Personal Work/Movie_data_pipeline/.venv/lib/python3.12/site-packages/airflow/example_dags/example_xcom.py took 0.306 seconds
[2024-12-11T23:36:32.819+0530] {processor.py:186} INFO - Started process (PID=10682) to work on /Users/jayesh/Desktop/Personal Work/Movie_data_pipeline/.venv/lib/python3.12/site-packages/airflow/example_dags/example_xcom.py
[2024-12-11T23:36:32.821+0530] {processor.py:914} INFO - Processing file /Users/jayesh/Desktop/Personal Work/Movie_data_pipeline/.venv/lib/python3.12/site-packages/airflow/example_dags/example_xcom.py for tasks to queue
[2024-12-11T23:36:32.823+0530] {logging_mixin.py:190} INFO - [2024-12-11T23:36:32.823+0530] {dagbag.py:588} INFO - Filling up the DagBag from /Users/jayesh/Desktop/Personal Work/Movie_data_pipeline/.venv/lib/python3.12/site-packages/airflow/example_dags/example_xcom.py
[2024-12-11T23:36:32.877+0530] {processor.py:925} INFO - DAG(s) 'example_xcom' retrieved from /Users/jayesh/Desktop/Personal Work/Movie_data_pipeline/.venv/lib/python3.12/site-packages/airflow/example_dags/example_xcom.py
[2024-12-11T23:36:33.015+0530] {logging_mixin.py:190} INFO - [2024-12-11T23:36:33.015+0530] {dag.py:3239} INFO - Sync 1 DAGs
[2024-12-11T23:36:33.038+0530] {logging_mixin.py:190} INFO - [2024-12-11T23:36:33.038+0530] {dag.py:4180} INFO - Setting next_dagrun for example_xcom to 2021-01-01 00:00:00+00:00, run_after=2021-01-01 00:00:00+00:00
[2024-12-11T23:36:33.073+0530] {processor.py:208} INFO - Processing /Users/jayesh/Desktop/Personal Work/Movie_data_pipeline/.venv/lib/python3.12/site-packages/airflow/example_dags/example_xcom.py took 0.258 seconds
[2024-12-11T23:40:28.769+0530] {processor.py:186} INFO - Started process (PID=11069) to work on /Users/jayesh/Desktop/Personal Work/Movie_data_pipeline/.venv/lib/python3.12/site-packages/airflow/example_dags/example_xcom.py
[2024-12-11T23:40:28.772+0530] {processor.py:914} INFO - Processing file /Users/jayesh/Desktop/Personal Work/Movie_data_pipeline/.venv/lib/python3.12/site-packages/airflow/example_dags/example_xcom.py for tasks to queue
[2024-12-11T23:40:28.774+0530] {logging_mixin.py:190} INFO - [2024-12-11T23:40:28.773+0530] {dagbag.py:588} INFO - Filling up the DagBag from /Users/jayesh/Desktop/Personal Work/Movie_data_pipeline/.venv/lib/python3.12/site-packages/airflow/example_dags/example_xcom.py
[2024-12-11T23:40:28.830+0530] {processor.py:925} INFO - DAG(s) 'example_xcom' retrieved from /Users/jayesh/Desktop/Personal Work/Movie_data_pipeline/.venv/lib/python3.12/site-packages/airflow/example_dags/example_xcom.py
[2024-12-11T23:40:28.962+0530] {logging_mixin.py:190} INFO - [2024-12-11T23:40:28.962+0530] {dag.py:3239} INFO - Sync 1 DAGs
[2024-12-11T23:40:28.982+0530] {logging_mixin.py:190} INFO - [2024-12-11T23:40:28.981+0530] {dag.py:4180} INFO - Setting next_dagrun for example_xcom to 2021-01-01 00:00:00+00:00, run_after=2021-01-01 00:00:00+00:00
[2024-12-11T23:40:29.007+0530] {processor.py:208} INFO - Processing /Users/jayesh/Desktop/Personal Work/Movie_data_pipeline/.venv/lib/python3.12/site-packages/airflow/example_dags/example_xcom.py took 0.242 seconds
[2024-12-11T23:46:18.434+0530] {processor.py:186} INFO - Started process (PID=11663) to work on /Users/jayesh/Desktop/Personal Work/Movie_data_pipeline/.venv/lib/python3.12/site-packages/airflow/example_dags/example_xcom.py
[2024-12-11T23:46:18.437+0530] {processor.py:914} INFO - Processing file /Users/jayesh/Desktop/Personal Work/Movie_data_pipeline/.venv/lib/python3.12/site-packages/airflow/example_dags/example_xcom.py for tasks to queue
[2024-12-11T23:46:18.439+0530] {logging_mixin.py:190} INFO - [2024-12-11T23:46:18.439+0530] {dagbag.py:588} INFO - Filling up the DagBag from /Users/jayesh/Desktop/Personal Work/Movie_data_pipeline/.venv/lib/python3.12/site-packages/airflow/example_dags/example_xcom.py
[2024-12-11T23:46:18.498+0530] {processor.py:925} INFO - DAG(s) 'example_xcom' retrieved from /Users/jayesh/Desktop/Personal Work/Movie_data_pipeline/.venv/lib/python3.12/site-packages/airflow/example_dags/example_xcom.py
[2024-12-11T23:46:18.630+0530] {logging_mixin.py:190} INFO - [2024-12-11T23:46:18.629+0530] {dag.py:3239} INFO - Sync 1 DAGs
[2024-12-11T23:46:18.652+0530] {logging_mixin.py:190} INFO - [2024-12-11T23:46:18.652+0530] {dag.py:4180} INFO - Setting next_dagrun for example_xcom to 2021-01-01 00:00:00+00:00, run_after=2021-01-01 00:00:00+00:00
[2024-12-11T23:46:18.676+0530] {processor.py:208} INFO - Processing /Users/jayesh/Desktop/Personal Work/Movie_data_pipeline/.venv/lib/python3.12/site-packages/airflow/example_dags/example_xcom.py took 0.246 seconds
[2024-12-11T23:49:34.361+0530] {processor.py:186} INFO - Started process (PID=12018) to work on /Users/jayesh/Desktop/Personal Work/Movie_data_pipeline/.venv/lib/python3.12/site-packages/airflow/example_dags/example_xcom.py
[2024-12-11T23:49:34.363+0530] {processor.py:914} INFO - Processing file /Users/jayesh/Desktop/Personal Work/Movie_data_pipeline/.venv/lib/python3.12/site-packages/airflow/example_dags/example_xcom.py for tasks to queue
[2024-12-11T23:49:34.365+0530] {logging_mixin.py:190} INFO - [2024-12-11T23:49:34.365+0530] {dagbag.py:588} INFO - Filling up the DagBag from /Users/jayesh/Desktop/Personal Work/Movie_data_pipeline/.venv/lib/python3.12/site-packages/airflow/example_dags/example_xcom.py
[2024-12-11T23:49:34.415+0530] {processor.py:925} INFO - DAG(s) 'example_xcom' retrieved from /Users/jayesh/Desktop/Personal Work/Movie_data_pipeline/.venv/lib/python3.12/site-packages/airflow/example_dags/example_xcom.py
[2024-12-11T23:49:34.570+0530] {logging_mixin.py:190} INFO - [2024-12-11T23:49:34.570+0530] {dag.py:3239} INFO - Sync 1 DAGs
[2024-12-11T23:49:34.592+0530] {logging_mixin.py:190} INFO - [2024-12-11T23:49:34.592+0530] {dag.py:4180} INFO - Setting next_dagrun for example_xcom to 2021-01-01 00:00:00+00:00, run_after=2021-01-01 00:00:00+00:00
[2024-12-11T23:49:34.620+0530] {processor.py:208} INFO - Processing /Users/jayesh/Desktop/Personal Work/Movie_data_pipeline/.venv/lib/python3.12/site-packages/airflow/example_dags/example_xcom.py took 0.264 seconds
[2024-12-11T23:52:25.554+0530] {processor.py:186} INFO - Started process (PID=12327) to work on /Users/jayesh/Desktop/Personal Work/Movie_data_pipeline/.venv/lib/python3.12/site-packages/airflow/example_dags/example_xcom.py
[2024-12-11T23:52:25.557+0530] {processor.py:914} INFO - Processing file /Users/jayesh/Desktop/Personal Work/Movie_data_pipeline/.venv/lib/python3.12/site-packages/airflow/example_dags/example_xcom.py for tasks to queue
[2024-12-11T23:52:25.558+0530] {logging_mixin.py:190} INFO - [2024-12-11T23:52:25.558+0530] {dagbag.py:588} INFO - Filling up the DagBag from /Users/jayesh/Desktop/Personal Work/Movie_data_pipeline/.venv/lib/python3.12/site-packages/airflow/example_dags/example_xcom.py
[2024-12-11T23:52:25.606+0530] {processor.py:925} INFO - DAG(s) 'example_xcom' retrieved from /Users/jayesh/Desktop/Personal Work/Movie_data_pipeline/.venv/lib/python3.12/site-packages/airflow/example_dags/example_xcom.py
[2024-12-11T23:52:25.735+0530] {logging_mixin.py:190} INFO - [2024-12-11T23:52:25.735+0530] {dag.py:3239} INFO - Sync 1 DAGs
[2024-12-11T23:52:25.756+0530] {logging_mixin.py:190} INFO - [2024-12-11T23:52:25.755+0530] {dag.py:4180} INFO - Setting next_dagrun for example_xcom to 2021-01-01 00:00:00+00:00, run_after=2021-01-01 00:00:00+00:00
[2024-12-11T23:52:25.779+0530] {processor.py:208} INFO - Processing /Users/jayesh/Desktop/Personal Work/Movie_data_pipeline/.venv/lib/python3.12/site-packages/airflow/example_dags/example_xcom.py took 0.229 seconds
[2024-12-11T23:55:15.486+0530] {processor.py:186} INFO - Started process (PID=12604) to work on /Users/jayesh/Desktop/Personal Work/Movie_data_pipeline/.venv/lib/python3.12/site-packages/airflow/example_dags/example_xcom.py
[2024-12-11T23:55:15.489+0530] {processor.py:914} INFO - Processing file /Users/jayesh/Desktop/Personal Work/Movie_data_pipeline/.venv/lib/python3.12/site-packages/airflow/example_dags/example_xcom.py for tasks to queue
[2024-12-11T23:55:15.490+0530] {logging_mixin.py:190} INFO - [2024-12-11T23:55:15.490+0530] {dagbag.py:588} INFO - Filling up the DagBag from /Users/jayesh/Desktop/Personal Work/Movie_data_pipeline/.venv/lib/python3.12/site-packages/airflow/example_dags/example_xcom.py
[2024-12-11T23:55:15.534+0530] {processor.py:925} INFO - DAG(s) 'example_xcom' retrieved from /Users/jayesh/Desktop/Personal Work/Movie_data_pipeline/.venv/lib/python3.12/site-packages/airflow/example_dags/example_xcom.py
[2024-12-11T23:55:15.657+0530] {logging_mixin.py:190} INFO - [2024-12-11T23:55:15.657+0530] {dag.py:3239} INFO - Sync 1 DAGs
[2024-12-11T23:55:15.678+0530] {logging_mixin.py:190} INFO - [2024-12-11T23:55:15.677+0530] {dag.py:4180} INFO - Setting next_dagrun for example_xcom to 2021-01-01 00:00:00+00:00, run_after=2021-01-01 00:00:00+00:00
[2024-12-11T23:55:15.704+0530] {processor.py:208} INFO - Processing /Users/jayesh/Desktop/Personal Work/Movie_data_pipeline/.venv/lib/python3.12/site-packages/airflow/example_dags/example_xcom.py took 0.222 seconds
[2024-12-11T23:58:08.435+0530] {processor.py:186} INFO - Started process (PID=12904) to work on /Users/jayesh/Desktop/Personal Work/Movie_data_pipeline/.venv/lib/python3.12/site-packages/airflow/example_dags/example_xcom.py
[2024-12-11T23:58:08.438+0530] {processor.py:914} INFO - Processing file /Users/jayesh/Desktop/Personal Work/Movie_data_pipeline/.venv/lib/python3.12/site-packages/airflow/example_dags/example_xcom.py for tasks to queue
[2024-12-11T23:58:08.439+0530] {logging_mixin.py:190} INFO - [2024-12-11T23:58:08.439+0530] {dagbag.py:588} INFO - Filling up the DagBag from /Users/jayesh/Desktop/Personal Work/Movie_data_pipeline/.venv/lib/python3.12/site-packages/airflow/example_dags/example_xcom.py
[2024-12-11T23:58:08.485+0530] {processor.py:925} INFO - DAG(s) 'example_xcom' retrieved from /Users/jayesh/Desktop/Personal Work/Movie_data_pipeline/.venv/lib/python3.12/site-packages/airflow/example_dags/example_xcom.py
[2024-12-11T23:58:08.607+0530] {logging_mixin.py:190} INFO - [2024-12-11T23:58:08.606+0530] {dag.py:3239} INFO - Sync 1 DAGs
[2024-12-11T23:58:08.627+0530] {logging_mixin.py:190} INFO - [2024-12-11T23:58:08.626+0530] {dag.py:4180} INFO - Setting next_dagrun for example_xcom to 2021-01-01 00:00:00+00:00, run_after=2021-01-01 00:00:00+00:00
[2024-12-11T23:58:08.650+0530] {processor.py:208} INFO - Processing /Users/jayesh/Desktop/Personal Work/Movie_data_pipeline/.venv/lib/python3.12/site-packages/airflow/example_dags/example_xcom.py took 0.219 seconds
[2024-12-12T00:01:02.506+0530] {processor.py:186} INFO - Started process (PID=13173) to work on /Users/jayesh/Desktop/Personal Work/Movie_data_pipeline/.venv/lib/python3.12/site-packages/airflow/example_dags/example_xcom.py
[2024-12-12T00:01:02.508+0530] {processor.py:914} INFO - Processing file /Users/jayesh/Desktop/Personal Work/Movie_data_pipeline/.venv/lib/python3.12/site-packages/airflow/example_dags/example_xcom.py for tasks to queue
[2024-12-12T00:01:02.510+0530] {logging_mixin.py:190} INFO - [2024-12-12T00:01:02.510+0530] {dagbag.py:588} INFO - Filling up the DagBag from /Users/jayesh/Desktop/Personal Work/Movie_data_pipeline/.venv/lib/python3.12/site-packages/airflow/example_dags/example_xcom.py
[2024-12-12T00:01:02.558+0530] {processor.py:925} INFO - DAG(s) 'example_xcom' retrieved from /Users/jayesh/Desktop/Personal Work/Movie_data_pipeline/.venv/lib/python3.12/site-packages/airflow/example_dags/example_xcom.py
[2024-12-12T00:01:02.694+0530] {logging_mixin.py:190} INFO - [2024-12-12T00:01:02.693+0530] {dag.py:3239} INFO - Sync 1 DAGs
[2024-12-12T00:01:02.717+0530] {logging_mixin.py:190} INFO - [2024-12-12T00:01:02.717+0530] {dag.py:4180} INFO - Setting next_dagrun for example_xcom to 2021-01-01 00:00:00+00:00, run_after=2021-01-01 00:00:00+00:00
[2024-12-12T00:01:02.744+0530] {processor.py:208} INFO - Processing /Users/jayesh/Desktop/Personal Work/Movie_data_pipeline/.venv/lib/python3.12/site-packages/airflow/example_dags/example_xcom.py took 0.242 seconds
[2024-12-12T00:03:57.159+0530] {processor.py:186} INFO - Started process (PID=13460) to work on /Users/jayesh/Desktop/Personal Work/Movie_data_pipeline/.venv/lib/python3.12/site-packages/airflow/example_dags/example_xcom.py
[2024-12-12T00:03:57.161+0530] {processor.py:914} INFO - Processing file /Users/jayesh/Desktop/Personal Work/Movie_data_pipeline/.venv/lib/python3.12/site-packages/airflow/example_dags/example_xcom.py for tasks to queue
[2024-12-12T00:03:57.163+0530] {logging_mixin.py:190} INFO - [2024-12-12T00:03:57.163+0530] {dagbag.py:588} INFO - Filling up the DagBag from /Users/jayesh/Desktop/Personal Work/Movie_data_pipeline/.venv/lib/python3.12/site-packages/airflow/example_dags/example_xcom.py
[2024-12-12T00:03:57.218+0530] {processor.py:925} INFO - DAG(s) 'example_xcom' retrieved from /Users/jayesh/Desktop/Personal Work/Movie_data_pipeline/.venv/lib/python3.12/site-packages/airflow/example_dags/example_xcom.py
[2024-12-12T00:03:57.342+0530] {logging_mixin.py:190} INFO - [2024-12-12T00:03:57.342+0530] {dag.py:3239} INFO - Sync 1 DAGs
[2024-12-12T00:03:57.362+0530] {logging_mixin.py:190} INFO - [2024-12-12T00:03:57.361+0530] {dag.py:4180} INFO - Setting next_dagrun for example_xcom to 2021-01-01 00:00:00+00:00, run_after=2021-01-01 00:00:00+00:00
[2024-12-12T00:03:57.387+0530] {processor.py:208} INFO - Processing /Users/jayesh/Desktop/Personal Work/Movie_data_pipeline/.venv/lib/python3.12/site-packages/airflow/example_dags/example_xcom.py took 0.232 seconds
[2024-12-12T00:06:51.069+0530] {processor.py:186} INFO - Started process (PID=13725) to work on /Users/jayesh/Desktop/Personal Work/Movie_data_pipeline/.venv/lib/python3.12/site-packages/airflow/example_dags/example_xcom.py
[2024-12-12T00:06:51.071+0530] {processor.py:914} INFO - Processing file /Users/jayesh/Desktop/Personal Work/Movie_data_pipeline/.venv/lib/python3.12/site-packages/airflow/example_dags/example_xcom.py for tasks to queue
[2024-12-12T00:06:51.073+0530] {logging_mixin.py:190} INFO - [2024-12-12T00:06:51.073+0530] {dagbag.py:588} INFO - Filling up the DagBag from /Users/jayesh/Desktop/Personal Work/Movie_data_pipeline/.venv/lib/python3.12/site-packages/airflow/example_dags/example_xcom.py
[2024-12-12T00:06:51.119+0530] {processor.py:925} INFO - DAG(s) 'example_xcom' retrieved from /Users/jayesh/Desktop/Personal Work/Movie_data_pipeline/.venv/lib/python3.12/site-packages/airflow/example_dags/example_xcom.py
[2024-12-12T00:06:51.245+0530] {logging_mixin.py:190} INFO - [2024-12-12T00:06:51.244+0530] {dag.py:3239} INFO - Sync 1 DAGs
[2024-12-12T00:06:51.264+0530] {logging_mixin.py:190} INFO - [2024-12-12T00:06:51.264+0530] {dag.py:4180} INFO - Setting next_dagrun for example_xcom to 2021-01-01 00:00:00+00:00, run_after=2021-01-01 00:00:00+00:00
[2024-12-12T00:06:51.288+0530] {processor.py:208} INFO - Processing /Users/jayesh/Desktop/Personal Work/Movie_data_pipeline/.venv/lib/python3.12/site-packages/airflow/example_dags/example_xcom.py took 0.222 seconds
[2024-12-12T00:09:44.307+0530] {processor.py:186} INFO - Started process (PID=14008) to work on /Users/jayesh/Desktop/Personal Work/Movie_data_pipeline/.venv/lib/python3.12/site-packages/airflow/example_dags/example_xcom.py
[2024-12-12T00:09:44.309+0530] {processor.py:914} INFO - Processing file /Users/jayesh/Desktop/Personal Work/Movie_data_pipeline/.venv/lib/python3.12/site-packages/airflow/example_dags/example_xcom.py for tasks to queue
[2024-12-12T00:09:44.310+0530] {logging_mixin.py:190} INFO - [2024-12-12T00:09:44.310+0530] {dagbag.py:588} INFO - Filling up the DagBag from /Users/jayesh/Desktop/Personal Work/Movie_data_pipeline/.venv/lib/python3.12/site-packages/airflow/example_dags/example_xcom.py
[2024-12-12T00:09:44.357+0530] {processor.py:925} INFO - DAG(s) 'example_xcom' retrieved from /Users/jayesh/Desktop/Personal Work/Movie_data_pipeline/.venv/lib/python3.12/site-packages/airflow/example_dags/example_xcom.py
[2024-12-12T00:09:44.478+0530] {logging_mixin.py:190} INFO - [2024-12-12T00:09:44.478+0530] {dag.py:3239} INFO - Sync 1 DAGs
[2024-12-12T00:09:44.500+0530] {logging_mixin.py:190} INFO - [2024-12-12T00:09:44.500+0530] {dag.py:4180} INFO - Setting next_dagrun for example_xcom to 2021-01-01 00:00:00+00:00, run_after=2021-01-01 00:00:00+00:00
[2024-12-12T00:09:44.524+0530] {processor.py:208} INFO - Processing /Users/jayesh/Desktop/Personal Work/Movie_data_pipeline/.venv/lib/python3.12/site-packages/airflow/example_dags/example_xcom.py took 0.221 seconds
[2024-12-12T00:12:39.096+0530] {processor.py:186} INFO - Started process (PID=14283) to work on /Users/jayesh/Desktop/Personal Work/Movie_data_pipeline/.venv/lib/python3.12/site-packages/airflow/example_dags/example_xcom.py
[2024-12-12T00:12:39.099+0530] {processor.py:914} INFO - Processing file /Users/jayesh/Desktop/Personal Work/Movie_data_pipeline/.venv/lib/python3.12/site-packages/airflow/example_dags/example_xcom.py for tasks to queue
[2024-12-12T00:12:39.100+0530] {logging_mixin.py:190} INFO - [2024-12-12T00:12:39.100+0530] {dagbag.py:588} INFO - Filling up the DagBag from /Users/jayesh/Desktop/Personal Work/Movie_data_pipeline/.venv/lib/python3.12/site-packages/airflow/example_dags/example_xcom.py
[2024-12-12T00:12:39.145+0530] {processor.py:925} INFO - DAG(s) 'example_xcom' retrieved from /Users/jayesh/Desktop/Personal Work/Movie_data_pipeline/.venv/lib/python3.12/site-packages/airflow/example_dags/example_xcom.py
[2024-12-12T00:12:39.270+0530] {logging_mixin.py:190} INFO - [2024-12-12T00:12:39.270+0530] {dag.py:3239} INFO - Sync 1 DAGs
[2024-12-12T00:12:39.291+0530] {logging_mixin.py:190} INFO - [2024-12-12T00:12:39.291+0530] {dag.py:4180} INFO - Setting next_dagrun for example_xcom to 2021-01-01 00:00:00+00:00, run_after=2021-01-01 00:00:00+00:00
[2024-12-12T00:12:39.317+0530] {processor.py:208} INFO - Processing /Users/jayesh/Desktop/Personal Work/Movie_data_pipeline/.venv/lib/python3.12/site-packages/airflow/example_dags/example_xcom.py took 0.225 seconds
[2024-12-12T00:15:34.679+0530] {processor.py:186} INFO - Started process (PID=14552) to work on /Users/jayesh/Desktop/Personal Work/Movie_data_pipeline/.venv/lib/python3.12/site-packages/airflow/example_dags/example_xcom.py
[2024-12-12T00:15:34.681+0530] {processor.py:914} INFO - Processing file /Users/jayesh/Desktop/Personal Work/Movie_data_pipeline/.venv/lib/python3.12/site-packages/airflow/example_dags/example_xcom.py for tasks to queue
[2024-12-12T00:15:34.683+0530] {logging_mixin.py:190} INFO - [2024-12-12T00:15:34.683+0530] {dagbag.py:588} INFO - Filling up the DagBag from /Users/jayesh/Desktop/Personal Work/Movie_data_pipeline/.venv/lib/python3.12/site-packages/airflow/example_dags/example_xcom.py
[2024-12-12T00:15:34.734+0530] {processor.py:925} INFO - DAG(s) 'example_xcom' retrieved from /Users/jayesh/Desktop/Personal Work/Movie_data_pipeline/.venv/lib/python3.12/site-packages/airflow/example_dags/example_xcom.py
[2024-12-12T00:15:34.876+0530] {logging_mixin.py:190} INFO - [2024-12-12T00:15:34.876+0530] {dag.py:3239} INFO - Sync 1 DAGs
[2024-12-12T00:15:34.898+0530] {logging_mixin.py:190} INFO - [2024-12-12T00:15:34.898+0530] {dag.py:4180} INFO - Setting next_dagrun for example_xcom to 2021-01-01 00:00:00+00:00, run_after=2021-01-01 00:00:00+00:00
[2024-12-12T00:15:34.923+0530] {processor.py:208} INFO - Processing /Users/jayesh/Desktop/Personal Work/Movie_data_pipeline/.venv/lib/python3.12/site-packages/airflow/example_dags/example_xcom.py took 0.247 seconds
[2024-12-12T00:18:22.309+0530] {processor.py:186} INFO - Started process (PID=14825) to work on /Users/jayesh/Desktop/Personal Work/Movie_data_pipeline/.venv/lib/python3.12/site-packages/airflow/example_dags/example_xcom.py
[2024-12-12T00:18:22.312+0530] {processor.py:914} INFO - Processing file /Users/jayesh/Desktop/Personal Work/Movie_data_pipeline/.venv/lib/python3.12/site-packages/airflow/example_dags/example_xcom.py for tasks to queue
[2024-12-12T00:18:22.313+0530] {logging_mixin.py:190} INFO - [2024-12-12T00:18:22.313+0530] {dagbag.py:588} INFO - Filling up the DagBag from /Users/jayesh/Desktop/Personal Work/Movie_data_pipeline/.venv/lib/python3.12/site-packages/airflow/example_dags/example_xcom.py
[2024-12-12T00:18:22.359+0530] {processor.py:925} INFO - DAG(s) 'example_xcom' retrieved from /Users/jayesh/Desktop/Personal Work/Movie_data_pipeline/.venv/lib/python3.12/site-packages/airflow/example_dags/example_xcom.py
[2024-12-12T00:18:22.478+0530] {logging_mixin.py:190} INFO - [2024-12-12T00:18:22.478+0530] {dag.py:3239} INFO - Sync 1 DAGs
[2024-12-12T00:18:22.498+0530] {logging_mixin.py:190} INFO - [2024-12-12T00:18:22.497+0530] {dag.py:4180} INFO - Setting next_dagrun for example_xcom to 2021-01-01 00:00:00+00:00, run_after=2021-01-01 00:00:00+00:00
[2024-12-12T00:18:22.524+0530] {processor.py:208} INFO - Processing /Users/jayesh/Desktop/Personal Work/Movie_data_pipeline/.venv/lib/python3.12/site-packages/airflow/example_dags/example_xcom.py took 0.218 seconds
[2024-12-12T00:21:31.493+0530] {processor.py:186} INFO - Started process (PID=15126) to work on /Users/jayesh/Desktop/Personal Work/Movie_data_pipeline/.venv/lib/python3.12/site-packages/airflow/example_dags/example_xcom.py
[2024-12-12T00:21:31.497+0530] {processor.py:914} INFO - Processing file /Users/jayesh/Desktop/Personal Work/Movie_data_pipeline/.venv/lib/python3.12/site-packages/airflow/example_dags/example_xcom.py for tasks to queue
[2024-12-12T00:21:31.498+0530] {logging_mixin.py:190} INFO - [2024-12-12T00:21:31.498+0530] {dagbag.py:588} INFO - Filling up the DagBag from /Users/jayesh/Desktop/Personal Work/Movie_data_pipeline/.venv/lib/python3.12/site-packages/airflow/example_dags/example_xcom.py
[2024-12-12T00:21:31.545+0530] {processor.py:925} INFO - DAG(s) 'example_xcom' retrieved from /Users/jayesh/Desktop/Personal Work/Movie_data_pipeline/.venv/lib/python3.12/site-packages/airflow/example_dags/example_xcom.py
[2024-12-12T00:21:31.669+0530] {logging_mixin.py:190} INFO - [2024-12-12T00:21:31.669+0530] {dag.py:3239} INFO - Sync 1 DAGs
[2024-12-12T00:21:31.690+0530] {logging_mixin.py:190} INFO - [2024-12-12T00:21:31.690+0530] {dag.py:4180} INFO - Setting next_dagrun for example_xcom to 2021-01-01 00:00:00+00:00, run_after=2021-01-01 00:00:00+00:00
[2024-12-12T00:21:31.716+0530] {processor.py:208} INFO - Processing /Users/jayesh/Desktop/Personal Work/Movie_data_pipeline/.venv/lib/python3.12/site-packages/airflow/example_dags/example_xcom.py took 0.227 seconds
[2024-12-12T00:24:57.627+0530] {processor.py:186} INFO - Started process (PID=15468) to work on /Users/jayesh/Desktop/Personal Work/Movie_data_pipeline/.venv/lib/python3.12/site-packages/airflow/example_dags/example_xcom.py
[2024-12-12T00:24:57.629+0530] {processor.py:914} INFO - Processing file /Users/jayesh/Desktop/Personal Work/Movie_data_pipeline/.venv/lib/python3.12/site-packages/airflow/example_dags/example_xcom.py for tasks to queue
[2024-12-12T00:24:57.631+0530] {logging_mixin.py:190} INFO - [2024-12-12T00:24:57.631+0530] {dagbag.py:588} INFO - Filling up the DagBag from /Users/jayesh/Desktop/Personal Work/Movie_data_pipeline/.venv/lib/python3.12/site-packages/airflow/example_dags/example_xcom.py
[2024-12-12T00:24:57.712+0530] {processor.py:925} INFO - DAG(s) 'example_xcom' retrieved from /Users/jayesh/Desktop/Personal Work/Movie_data_pipeline/.venv/lib/python3.12/site-packages/airflow/example_dags/example_xcom.py
[2024-12-12T00:24:57.959+0530] {logging_mixin.py:190} INFO - [2024-12-12T00:24:57.958+0530] {dag.py:3239} INFO - Sync 1 DAGs
[2024-12-12T00:24:58.042+0530] {logging_mixin.py:190} INFO - [2024-12-12T00:24:58.042+0530] {dag.py:4180} INFO - Setting next_dagrun for example_xcom to 2021-01-01 00:00:00+00:00, run_after=2021-01-01 00:00:00+00:00
[2024-12-12T00:24:58.108+0530] {processor.py:208} INFO - Processing /Users/jayesh/Desktop/Personal Work/Movie_data_pipeline/.venv/lib/python3.12/site-packages/airflow/example_dags/example_xcom.py took 0.485 seconds
[2024-12-12T00:28:19.695+0530] {processor.py:186} INFO - Started process (PID=15788) to work on /Users/jayesh/Desktop/Personal Work/Movie_data_pipeline/.venv/lib/python3.12/site-packages/airflow/example_dags/example_xcom.py
[2024-12-12T00:28:19.698+0530] {processor.py:914} INFO - Processing file /Users/jayesh/Desktop/Personal Work/Movie_data_pipeline/.venv/lib/python3.12/site-packages/airflow/example_dags/example_xcom.py for tasks to queue
[2024-12-12T00:28:19.700+0530] {logging_mixin.py:190} INFO - [2024-12-12T00:28:19.699+0530] {dagbag.py:588} INFO - Filling up the DagBag from /Users/jayesh/Desktop/Personal Work/Movie_data_pipeline/.venv/lib/python3.12/site-packages/airflow/example_dags/example_xcom.py
[2024-12-12T00:28:19.745+0530] {processor.py:925} INFO - DAG(s) 'example_xcom' retrieved from /Users/jayesh/Desktop/Personal Work/Movie_data_pipeline/.venv/lib/python3.12/site-packages/airflow/example_dags/example_xcom.py
[2024-12-12T00:28:19.865+0530] {logging_mixin.py:190} INFO - [2024-12-12T00:28:19.864+0530] {dag.py:3239} INFO - Sync 1 DAGs
[2024-12-12T00:28:19.885+0530] {logging_mixin.py:190} INFO - [2024-12-12T00:28:19.884+0530] {dag.py:4180} INFO - Setting next_dagrun for example_xcom to 2021-01-01 00:00:00+00:00, run_after=2021-01-01 00:00:00+00:00
[2024-12-12T00:28:19.907+0530] {processor.py:208} INFO - Processing /Users/jayesh/Desktop/Personal Work/Movie_data_pipeline/.venv/lib/python3.12/site-packages/airflow/example_dags/example_xcom.py took 0.216 seconds
