[2024-12-11T23:24:46.029+0530] {processor.py:186} INFO - Started process (PID=9384) to work on /Users/jayesh/Desktop/Personal Work/Movie_data_pipeline/.venv/lib/python3.12/site-packages/airflow/example_dags/example_subdag_operator.py
[2024-12-11T23:24:46.030+0530] {processor.py:914} INFO - Processing file /Users/jayesh/Desktop/Personal Work/Movie_data_pipeline/.venv/lib/python3.12/site-packages/airflow/example_dags/example_subdag_operator.py for tasks to queue
[2024-12-11T23:24:46.033+0530] {logging_mixin.py:190} INFO - [2024-12-11T23:24:46.032+0530] {dagbag.py:588} INFO - Filling up the DagBag from /Users/jayesh/Desktop/Personal Work/Movie_data_pipeline/.venv/lib/python3.12/site-packages/airflow/example_dags/example_subdag_operator.py
[2024-12-11T23:24:46.221+0530] {processor.py:925} INFO - DAG(s) 'example_subdag_operator.section-1', 'example_subdag_operator.section-2', 'example_subdag_operator' retrieved from /Users/jayesh/Desktop/Personal Work/Movie_data_pipeline/.venv/lib/python3.12/site-packages/airflow/example_dags/example_subdag_operator.py
[2024-12-11T23:24:46.247+0530] {logging_mixin.py:190} INFO - [2024-12-11T23:24:46.247+0530] {workday.py:41} WARNING - Could not import pandas. Holidays will not be considered.
[2024-12-11T23:24:46.497+0530] {logging_mixin.py:190} INFO - [2024-12-11T23:24:46.495+0530] {override.py:1911} INFO - Created Permission View: can edit on DAG:example_subdag_operator
[2024-12-11T23:24:46.518+0530] {logging_mixin.py:190} INFO - [2024-12-11T23:24:46.518+0530] {override.py:1911} INFO - Created Permission View: can delete on DAG:example_subdag_operator
[2024-12-11T23:24:46.528+0530] {logging_mixin.py:190} INFO - [2024-12-11T23:24:46.527+0530] {override.py:1911} INFO - Created Permission View: can read on DAG:example_subdag_operator
[2024-12-11T23:24:46.542+0530] {logging_mixin.py:190} INFO - [2024-12-11T23:24:46.542+0530] {override.py:1911} INFO - Created Permission View: can create on DAG Run:example_subdag_operator
[2024-12-11T23:24:46.552+0530] {logging_mixin.py:190} INFO - [2024-12-11T23:24:46.552+0530] {override.py:1911} INFO - Created Permission View: can delete on DAG Run:example_subdag_operator
[2024-12-11T23:24:46.561+0530] {logging_mixin.py:190} INFO - [2024-12-11T23:24:46.560+0530] {override.py:1911} INFO - Created Permission View: menu access on DAG Run:example_subdag_operator
[2024-12-11T23:24:46.570+0530] {logging_mixin.py:190} INFO - [2024-12-11T23:24:46.570+0530] {override.py:1911} INFO - Created Permission View: can read on DAG Run:example_subdag_operator
[2024-12-11T23:24:46.571+0530] {logging_mixin.py:190} INFO - [2024-12-11T23:24:46.571+0530] {dag.py:3239} INFO - Sync 3 DAGs
[2024-12-11T23:24:46.592+0530] {logging_mixin.py:190} INFO - [2024-12-11T23:24:46.592+0530] {dag.py:3262} INFO - Creating ORM DAG for example_subdag_operator.section-1
[2024-12-11T23:24:46.593+0530] {logging_mixin.py:190} INFO - [2024-12-11T23:24:46.593+0530] {dag.py:3262} INFO - Creating ORM DAG for example_subdag_operator
[2024-12-11T23:24:46.593+0530] {logging_mixin.py:190} INFO - [2024-12-11T23:24:46.593+0530] {dag.py:3262} INFO - Creating ORM DAG for example_subdag_operator.section-2
[2024-12-11T23:24:46.603+0530] {logging_mixin.py:190} INFO - [2024-12-11T23:24:46.603+0530] {dag.py:4180} INFO - Setting next_dagrun for example_subdag_operator to 2022-01-01 00:00:00+00:00, run_after=2022-01-01 00:00:00+00:00
[2024-12-11T23:24:46.604+0530] {logging_mixin.py:190} INFO - [2024-12-11T23:24:46.603+0530] {dag.py:4180} INFO - Setting next_dagrun for example_subdag_operator.section-1 to None, run_after=None
[2024-12-11T23:24:46.604+0530] {logging_mixin.py:190} INFO - [2024-12-11T23:24:46.604+0530] {dag.py:4180} INFO - Setting next_dagrun for example_subdag_operator.section-2 to None, run_after=None
[2024-12-11T23:24:46.612+0530] {logging_mixin.py:190} INFO - [2024-12-11T23:24:46.611+0530] {dag.py:3239} INFO - Sync 2 DAGs
[2024-12-11T23:24:46.623+0530] {logging_mixin.py:190} INFO - [2024-12-11T23:24:46.622+0530] {dag.py:4180} INFO - Setting next_dagrun for example_subdag_operator.section-1 to None, run_after=None
[2024-12-11T23:24:46.628+0530] {logging_mixin.py:190} INFO - [2024-12-11T23:24:46.628+0530] {dag.py:4180} INFO - Setting next_dagrun for example_subdag_operator.section-2 to None, run_after=None
[2024-12-11T23:24:46.644+0530] {processor.py:208} INFO - Processing /Users/jayesh/Desktop/Personal Work/Movie_data_pipeline/.venv/lib/python3.12/site-packages/airflow/example_dags/example_subdag_operator.py took 0.621 seconds
[2024-12-11T23:29:21.611+0530] {processor.py:186} INFO - Started process (PID=9837) to work on /Users/jayesh/Desktop/Personal Work/Movie_data_pipeline/.venv/lib/python3.12/site-packages/airflow/example_dags/example_subdag_operator.py
[2024-12-11T23:29:21.614+0530] {processor.py:914} INFO - Processing file /Users/jayesh/Desktop/Personal Work/Movie_data_pipeline/.venv/lib/python3.12/site-packages/airflow/example_dags/example_subdag_operator.py for tasks to queue
[2024-12-11T23:29:21.615+0530] {logging_mixin.py:190} INFO - [2024-12-11T23:29:21.615+0530] {dagbag.py:588} INFO - Filling up the DagBag from /Users/jayesh/Desktop/Personal Work/Movie_data_pipeline/.venv/lib/python3.12/site-packages/airflow/example_dags/example_subdag_operator.py
[2024-12-11T23:29:22.012+0530] {processor.py:925} INFO - DAG(s) 'example_subdag_operator.section-1', 'example_subdag_operator.section-2', 'example_subdag_operator' retrieved from /Users/jayesh/Desktop/Personal Work/Movie_data_pipeline/.venv/lib/python3.12/site-packages/airflow/example_dags/example_subdag_operator.py
[2024-12-11T23:29:22.030+0530] {logging_mixin.py:190} INFO - [2024-12-11T23:29:22.030+0530] {workday.py:41} WARNING - Could not import pandas. Holidays will not be considered.
[2024-12-11T23:29:22.061+0530] {logging_mixin.py:190} INFO - [2024-12-11T23:29:22.060+0530] {dag.py:3239} INFO - Sync 3 DAGs
[2024-12-11T23:29:22.085+0530] {logging_mixin.py:190} INFO - [2024-12-11T23:29:22.085+0530] {dag.py:4180} INFO - Setting next_dagrun for example_subdag_operator to 2022-01-01 00:00:00+00:00, run_after=2022-01-01 00:00:00+00:00
[2024-12-11T23:29:22.089+0530] {logging_mixin.py:190} INFO - [2024-12-11T23:29:22.089+0530] {dag.py:4180} INFO - Setting next_dagrun for example_subdag_operator.section-1 to None, run_after=None
[2024-12-11T23:29:22.091+0530] {logging_mixin.py:190} INFO - [2024-12-11T23:29:22.091+0530] {dag.py:4180} INFO - Setting next_dagrun for example_subdag_operator.section-2 to None, run_after=None
[2024-12-11T23:29:22.098+0530] {logging_mixin.py:190} INFO - [2024-12-11T23:29:22.097+0530] {dag.py:3239} INFO - Sync 2 DAGs
[2024-12-11T23:29:22.102+0530] {logging_mixin.py:190} INFO - [2024-12-11T23:29:22.101+0530] {dag.py:4180} INFO - Setting next_dagrun for example_subdag_operator.section-1 to None, run_after=None
[2024-12-11T23:29:22.102+0530] {logging_mixin.py:190} INFO - [2024-12-11T23:29:22.102+0530] {dag.py:4180} INFO - Setting next_dagrun for example_subdag_operator.section-2 to None, run_after=None
[2024-12-11T23:29:22.119+0530] {processor.py:208} INFO - Processing /Users/jayesh/Desktop/Personal Work/Movie_data_pipeline/.venv/lib/python3.12/site-packages/airflow/example_dags/example_subdag_operator.py took 0.514 seconds
[2024-12-11T23:33:12.032+0530] {processor.py:186} INFO - Started process (PID=10204) to work on /Users/jayesh/Desktop/Personal Work/Movie_data_pipeline/.venv/lib/python3.12/site-packages/airflow/example_dags/example_subdag_operator.py
[2024-12-11T23:33:12.035+0530] {processor.py:914} INFO - Processing file /Users/jayesh/Desktop/Personal Work/Movie_data_pipeline/.venv/lib/python3.12/site-packages/airflow/example_dags/example_subdag_operator.py for tasks to queue
[2024-12-11T23:33:12.037+0530] {logging_mixin.py:190} INFO - [2024-12-11T23:33:12.036+0530] {dagbag.py:588} INFO - Filling up the DagBag from /Users/jayesh/Desktop/Personal Work/Movie_data_pipeline/.venv/lib/python3.12/site-packages/airflow/example_dags/example_subdag_operator.py
[2024-12-11T23:33:12.215+0530] {processor.py:925} INFO - DAG(s) 'example_subdag_operator.section-1', 'example_subdag_operator.section-2', 'example_subdag_operator' retrieved from /Users/jayesh/Desktop/Personal Work/Movie_data_pipeline/.venv/lib/python3.12/site-packages/airflow/example_dags/example_subdag_operator.py
[2024-12-11T23:33:12.245+0530] {logging_mixin.py:190} INFO - [2024-12-11T23:33:12.244+0530] {workday.py:41} WARNING - Could not import pandas. Holidays will not be considered.
[2024-12-11T23:33:12.290+0530] {logging_mixin.py:190} INFO - [2024-12-11T23:33:12.289+0530] {dag.py:3239} INFO - Sync 3 DAGs
[2024-12-11T23:33:12.319+0530] {logging_mixin.py:190} INFO - [2024-12-11T23:33:12.318+0530] {dag.py:4180} INFO - Setting next_dagrun for example_subdag_operator to 2022-01-01 00:00:00+00:00, run_after=2022-01-01 00:00:00+00:00
[2024-12-11T23:33:12.324+0530] {logging_mixin.py:190} INFO - [2024-12-11T23:33:12.323+0530] {dag.py:4180} INFO - Setting next_dagrun for example_subdag_operator.section-1 to None, run_after=None
[2024-12-11T23:33:12.325+0530] {logging_mixin.py:190} INFO - [2024-12-11T23:33:12.325+0530] {dag.py:4180} INFO - Setting next_dagrun for example_subdag_operator.section-2 to None, run_after=None
[2024-12-11T23:33:12.332+0530] {logging_mixin.py:190} INFO - [2024-12-11T23:33:12.332+0530] {dag.py:3239} INFO - Sync 2 DAGs
[2024-12-11T23:33:12.336+0530] {logging_mixin.py:190} INFO - [2024-12-11T23:33:12.336+0530] {dag.py:4180} INFO - Setting next_dagrun for example_subdag_operator.section-1 to None, run_after=None
[2024-12-11T23:33:12.337+0530] {logging_mixin.py:190} INFO - [2024-12-11T23:33:12.337+0530] {dag.py:4180} INFO - Setting next_dagrun for example_subdag_operator.section-2 to None, run_after=None
[2024-12-11T23:33:12.352+0530] {processor.py:208} INFO - Processing /Users/jayesh/Desktop/Personal Work/Movie_data_pipeline/.venv/lib/python3.12/site-packages/airflow/example_dags/example_subdag_operator.py took 0.324 seconds
[2024-12-11T23:37:06.036+0530] {processor.py:186} INFO - Started process (PID=10748) to work on /Users/jayesh/Desktop/Personal Work/Movie_data_pipeline/.venv/lib/python3.12/site-packages/airflow/example_dags/example_subdag_operator.py
[2024-12-11T23:37:06.039+0530] {processor.py:914} INFO - Processing file /Users/jayesh/Desktop/Personal Work/Movie_data_pipeline/.venv/lib/python3.12/site-packages/airflow/example_dags/example_subdag_operator.py for tasks to queue
[2024-12-11T23:37:06.041+0530] {logging_mixin.py:190} INFO - [2024-12-11T23:37:06.041+0530] {dagbag.py:588} INFO - Filling up the DagBag from /Users/jayesh/Desktop/Personal Work/Movie_data_pipeline/.venv/lib/python3.12/site-packages/airflow/example_dags/example_subdag_operator.py
[2024-12-11T23:37:06.223+0530] {processor.py:925} INFO - DAG(s) 'example_subdag_operator.section-1', 'example_subdag_operator.section-2', 'example_subdag_operator' retrieved from /Users/jayesh/Desktop/Personal Work/Movie_data_pipeline/.venv/lib/python3.12/site-packages/airflow/example_dags/example_subdag_operator.py
[2024-12-11T23:37:06.245+0530] {logging_mixin.py:190} INFO - [2024-12-11T23:37:06.245+0530] {workday.py:41} WARNING - Could not import pandas. Holidays will not be considered.
[2024-12-11T23:37:06.271+0530] {logging_mixin.py:190} INFO - [2024-12-11T23:37:06.270+0530] {dag.py:3239} INFO - Sync 3 DAGs
[2024-12-11T23:37:06.296+0530] {logging_mixin.py:190} INFO - [2024-12-11T23:37:06.295+0530] {dag.py:4180} INFO - Setting next_dagrun for example_subdag_operator to 2022-01-01 00:00:00+00:00, run_after=2022-01-01 00:00:00+00:00
[2024-12-11T23:37:06.300+0530] {logging_mixin.py:190} INFO - [2024-12-11T23:37:06.300+0530] {dag.py:4180} INFO - Setting next_dagrun for example_subdag_operator.section-1 to None, run_after=None
[2024-12-11T23:37:06.302+0530] {logging_mixin.py:190} INFO - [2024-12-11T23:37:06.301+0530] {dag.py:4180} INFO - Setting next_dagrun for example_subdag_operator.section-2 to None, run_after=None
[2024-12-11T23:37:06.309+0530] {logging_mixin.py:190} INFO - [2024-12-11T23:37:06.309+0530] {dag.py:3239} INFO - Sync 2 DAGs
[2024-12-11T23:37:06.315+0530] {logging_mixin.py:190} INFO - [2024-12-11T23:37:06.315+0530] {dag.py:4180} INFO - Setting next_dagrun for example_subdag_operator.section-1 to None, run_after=None
[2024-12-11T23:37:06.316+0530] {logging_mixin.py:190} INFO - [2024-12-11T23:37:06.316+0530] {dag.py:4180} INFO - Setting next_dagrun for example_subdag_operator.section-2 to None, run_after=None
[2024-12-11T23:37:06.331+0530] {processor.py:208} INFO - Processing /Users/jayesh/Desktop/Personal Work/Movie_data_pipeline/.venv/lib/python3.12/site-packages/airflow/example_dags/example_subdag_operator.py took 0.299 seconds
[2024-12-11T23:41:10.850+0530] {processor.py:186} INFO - Started process (PID=11126) to work on /Users/jayesh/Desktop/Personal Work/Movie_data_pipeline/.venv/lib/python3.12/site-packages/airflow/example_dags/example_subdag_operator.py
[2024-12-11T23:41:10.852+0530] {processor.py:914} INFO - Processing file /Users/jayesh/Desktop/Personal Work/Movie_data_pipeline/.venv/lib/python3.12/site-packages/airflow/example_dags/example_subdag_operator.py for tasks to queue
[2024-12-11T23:41:10.856+0530] {logging_mixin.py:190} INFO - [2024-12-11T23:41:10.853+0530] {dagbag.py:588} INFO - Filling up the DagBag from /Users/jayesh/Desktop/Personal Work/Movie_data_pipeline/.venv/lib/python3.12/site-packages/airflow/example_dags/example_subdag_operator.py
[2024-12-11T23:41:11.123+0530] {processor.py:925} INFO - DAG(s) 'example_subdag_operator.section-1', 'example_subdag_operator.section-2', 'example_subdag_operator' retrieved from /Users/jayesh/Desktop/Personal Work/Movie_data_pipeline/.venv/lib/python3.12/site-packages/airflow/example_dags/example_subdag_operator.py
[2024-12-11T23:41:11.188+0530] {logging_mixin.py:190} INFO - [2024-12-11T23:41:11.188+0530] {workday.py:41} WARNING - Could not import pandas. Holidays will not be considered.
[2024-12-11T23:41:11.241+0530] {logging_mixin.py:190} INFO - [2024-12-11T23:41:11.240+0530] {dag.py:3239} INFO - Sync 3 DAGs
[2024-12-11T23:41:11.274+0530] {logging_mixin.py:190} INFO - [2024-12-11T23:41:11.274+0530] {dag.py:4180} INFO - Setting next_dagrun for example_subdag_operator to 2022-01-01 00:00:00+00:00, run_after=2022-01-01 00:00:00+00:00
[2024-12-11T23:41:11.279+0530] {logging_mixin.py:190} INFO - [2024-12-11T23:41:11.278+0530] {dag.py:4180} INFO - Setting next_dagrun for example_subdag_operator.section-1 to None, run_after=None
[2024-12-11T23:41:11.280+0530] {logging_mixin.py:190} INFO - [2024-12-11T23:41:11.280+0530] {dag.py:4180} INFO - Setting next_dagrun for example_subdag_operator.section-2 to None, run_after=None
[2024-12-11T23:41:11.293+0530] {logging_mixin.py:190} INFO - [2024-12-11T23:41:11.293+0530] {dag.py:3239} INFO - Sync 2 DAGs
[2024-12-11T23:41:11.310+0530] {logging_mixin.py:190} INFO - [2024-12-11T23:41:11.309+0530] {dag.py:4180} INFO - Setting next_dagrun for example_subdag_operator.section-1 to None, run_after=None
[2024-12-11T23:41:11.310+0530] {logging_mixin.py:190} INFO - [2024-12-11T23:41:11.310+0530] {dag.py:4180} INFO - Setting next_dagrun for example_subdag_operator.section-2 to None, run_after=None
[2024-12-11T23:41:11.336+0530] {processor.py:208} INFO - Processing /Users/jayesh/Desktop/Personal Work/Movie_data_pipeline/.venv/lib/python3.12/site-packages/airflow/example_dags/example_subdag_operator.py took 0.490 seconds
[2024-12-11T23:46:45.860+0530] {processor.py:186} INFO - Started process (PID=11718) to work on /Users/jayesh/Desktop/Personal Work/Movie_data_pipeline/.venv/lib/python3.12/site-packages/airflow/example_dags/example_subdag_operator.py
[2024-12-11T23:46:45.864+0530] {processor.py:914} INFO - Processing file /Users/jayesh/Desktop/Personal Work/Movie_data_pipeline/.venv/lib/python3.12/site-packages/airflow/example_dags/example_subdag_operator.py for tasks to queue
[2024-12-11T23:46:45.866+0530] {logging_mixin.py:190} INFO - [2024-12-11T23:46:45.866+0530] {dagbag.py:588} INFO - Filling up the DagBag from /Users/jayesh/Desktop/Personal Work/Movie_data_pipeline/.venv/lib/python3.12/site-packages/airflow/example_dags/example_subdag_operator.py
[2024-12-11T23:46:46.031+0530] {processor.py:925} INFO - DAG(s) 'example_subdag_operator.section-1', 'example_subdag_operator.section-2', 'example_subdag_operator' retrieved from /Users/jayesh/Desktop/Personal Work/Movie_data_pipeline/.venv/lib/python3.12/site-packages/airflow/example_dags/example_subdag_operator.py
[2024-12-11T23:46:46.048+0530] {logging_mixin.py:190} INFO - [2024-12-11T23:46:46.048+0530] {workday.py:41} WARNING - Could not import pandas. Holidays will not be considered.
[2024-12-11T23:46:46.073+0530] {logging_mixin.py:190} INFO - [2024-12-11T23:46:46.073+0530] {dag.py:3239} INFO - Sync 3 DAGs
[2024-12-11T23:46:46.100+0530] {logging_mixin.py:190} INFO - [2024-12-11T23:46:46.099+0530] {dag.py:4180} INFO - Setting next_dagrun for example_subdag_operator to 2022-01-01 00:00:00+00:00, run_after=2022-01-01 00:00:00+00:00
[2024-12-11T23:46:46.103+0530] {logging_mixin.py:190} INFO - [2024-12-11T23:46:46.103+0530] {dag.py:4180} INFO - Setting next_dagrun for example_subdag_operator.section-1 to None, run_after=None
[2024-12-11T23:46:46.105+0530] {logging_mixin.py:190} INFO - [2024-12-11T23:46:46.105+0530] {dag.py:4180} INFO - Setting next_dagrun for example_subdag_operator.section-2 to None, run_after=None
[2024-12-11T23:46:46.112+0530] {logging_mixin.py:190} INFO - [2024-12-11T23:46:46.112+0530] {dag.py:3239} INFO - Sync 2 DAGs
[2024-12-11T23:46:46.117+0530] {logging_mixin.py:190} INFO - [2024-12-11T23:46:46.116+0530] {dag.py:4180} INFO - Setting next_dagrun for example_subdag_operator.section-1 to None, run_after=None
[2024-12-11T23:46:46.117+0530] {logging_mixin.py:190} INFO - [2024-12-11T23:46:46.117+0530] {dag.py:4180} INFO - Setting next_dagrun for example_subdag_operator.section-2 to None, run_after=None
[2024-12-11T23:46:46.132+0530] {processor.py:208} INFO - Processing /Users/jayesh/Desktop/Personal Work/Movie_data_pipeline/.venv/lib/python3.12/site-packages/airflow/example_dags/example_subdag_operator.py took 0.277 seconds
[2024-12-11T23:49:58.745+0530] {processor.py:186} INFO - Started process (PID=12076) to work on /Users/jayesh/Desktop/Personal Work/Movie_data_pipeline/.venv/lib/python3.12/site-packages/airflow/example_dags/example_subdag_operator.py
[2024-12-11T23:49:58.748+0530] {processor.py:914} INFO - Processing file /Users/jayesh/Desktop/Personal Work/Movie_data_pipeline/.venv/lib/python3.12/site-packages/airflow/example_dags/example_subdag_operator.py for tasks to queue
[2024-12-11T23:49:58.749+0530] {logging_mixin.py:190} INFO - [2024-12-11T23:49:58.749+0530] {dagbag.py:588} INFO - Filling up the DagBag from /Users/jayesh/Desktop/Personal Work/Movie_data_pipeline/.venv/lib/python3.12/site-packages/airflow/example_dags/example_subdag_operator.py
[2024-12-11T23:49:58.904+0530] {processor.py:925} INFO - DAG(s) 'example_subdag_operator.section-1', 'example_subdag_operator.section-2', 'example_subdag_operator' retrieved from /Users/jayesh/Desktop/Personal Work/Movie_data_pipeline/.venv/lib/python3.12/site-packages/airflow/example_dags/example_subdag_operator.py
[2024-12-11T23:49:58.923+0530] {logging_mixin.py:190} INFO - [2024-12-11T23:49:58.923+0530] {workday.py:41} WARNING - Could not import pandas. Holidays will not be considered.
[2024-12-11T23:49:58.952+0530] {logging_mixin.py:190} INFO - [2024-12-11T23:49:58.951+0530] {dag.py:3239} INFO - Sync 3 DAGs
[2024-12-11T23:49:58.977+0530] {logging_mixin.py:190} INFO - [2024-12-11T23:49:58.977+0530] {dag.py:4180} INFO - Setting next_dagrun for example_subdag_operator to 2022-01-01 00:00:00+00:00, run_after=2022-01-01 00:00:00+00:00
[2024-12-11T23:49:58.982+0530] {logging_mixin.py:190} INFO - [2024-12-11T23:49:58.982+0530] {dag.py:4180} INFO - Setting next_dagrun for example_subdag_operator.section-1 to None, run_after=None
[2024-12-11T23:49:58.984+0530] {logging_mixin.py:190} INFO - [2024-12-11T23:49:58.983+0530] {dag.py:4180} INFO - Setting next_dagrun for example_subdag_operator.section-2 to None, run_after=None
[2024-12-11T23:49:58.991+0530] {logging_mixin.py:190} INFO - [2024-12-11T23:49:58.991+0530] {dag.py:3239} INFO - Sync 2 DAGs
[2024-12-11T23:49:58.997+0530] {logging_mixin.py:190} INFO - [2024-12-11T23:49:58.997+0530] {dag.py:4180} INFO - Setting next_dagrun for example_subdag_operator.section-1 to None, run_after=None
[2024-12-11T23:49:58.998+0530] {logging_mixin.py:190} INFO - [2024-12-11T23:49:58.997+0530] {dag.py:4180} INFO - Setting next_dagrun for example_subdag_operator.section-2 to None, run_after=None
[2024-12-11T23:49:59.014+0530] {processor.py:208} INFO - Processing /Users/jayesh/Desktop/Personal Work/Movie_data_pipeline/.venv/lib/python3.12/site-packages/airflow/example_dags/example_subdag_operator.py took 0.273 seconds
[2024-12-11T23:52:50.266+0530] {processor.py:186} INFO - Started process (PID=12365) to work on /Users/jayesh/Desktop/Personal Work/Movie_data_pipeline/.venv/lib/python3.12/site-packages/airflow/example_dags/example_subdag_operator.py
[2024-12-11T23:52:50.268+0530] {processor.py:914} INFO - Processing file /Users/jayesh/Desktop/Personal Work/Movie_data_pipeline/.venv/lib/python3.12/site-packages/airflow/example_dags/example_subdag_operator.py for tasks to queue
[2024-12-11T23:52:50.270+0530] {logging_mixin.py:190} INFO - [2024-12-11T23:52:50.270+0530] {dagbag.py:588} INFO - Filling up the DagBag from /Users/jayesh/Desktop/Personal Work/Movie_data_pipeline/.venv/lib/python3.12/site-packages/airflow/example_dags/example_subdag_operator.py
[2024-12-11T23:52:50.402+0530] {processor.py:925} INFO - DAG(s) 'example_subdag_operator.section-1', 'example_subdag_operator.section-2', 'example_subdag_operator' retrieved from /Users/jayesh/Desktop/Personal Work/Movie_data_pipeline/.venv/lib/python3.12/site-packages/airflow/example_dags/example_subdag_operator.py
[2024-12-11T23:52:50.418+0530] {logging_mixin.py:190} INFO - [2024-12-11T23:52:50.418+0530] {workday.py:41} WARNING - Could not import pandas. Holidays will not be considered.
[2024-12-11T23:52:50.444+0530] {logging_mixin.py:190} INFO - [2024-12-11T23:52:50.443+0530] {dag.py:3239} INFO - Sync 3 DAGs
[2024-12-11T23:52:50.465+0530] {logging_mixin.py:190} INFO - [2024-12-11T23:52:50.465+0530] {dag.py:4180} INFO - Setting next_dagrun for example_subdag_operator to 2022-01-01 00:00:00+00:00, run_after=2022-01-01 00:00:00+00:00
[2024-12-11T23:52:50.469+0530] {logging_mixin.py:190} INFO - [2024-12-11T23:52:50.469+0530] {dag.py:4180} INFO - Setting next_dagrun for example_subdag_operator.section-1 to None, run_after=None
[2024-12-11T23:52:50.471+0530] {logging_mixin.py:190} INFO - [2024-12-11T23:52:50.471+0530] {dag.py:4180} INFO - Setting next_dagrun for example_subdag_operator.section-2 to None, run_after=None
[2024-12-11T23:52:50.477+0530] {logging_mixin.py:190} INFO - [2024-12-11T23:52:50.477+0530] {dag.py:3239} INFO - Sync 2 DAGs
[2024-12-11T23:52:50.482+0530] {logging_mixin.py:190} INFO - [2024-12-11T23:52:50.482+0530] {dag.py:4180} INFO - Setting next_dagrun for example_subdag_operator.section-1 to None, run_after=None
[2024-12-11T23:52:50.482+0530] {logging_mixin.py:190} INFO - [2024-12-11T23:52:50.482+0530] {dag.py:4180} INFO - Setting next_dagrun for example_subdag_operator.section-2 to None, run_after=None
[2024-12-11T23:52:50.497+0530] {processor.py:208} INFO - Processing /Users/jayesh/Desktop/Personal Work/Movie_data_pipeline/.venv/lib/python3.12/site-packages/airflow/example_dags/example_subdag_operator.py took 0.235 seconds
[2024-12-11T23:55:40.250+0530] {processor.py:186} INFO - Started process (PID=12661) to work on /Users/jayesh/Desktop/Personal Work/Movie_data_pipeline/.venv/lib/python3.12/site-packages/airflow/example_dags/example_subdag_operator.py
[2024-12-11T23:55:40.252+0530] {processor.py:914} INFO - Processing file /Users/jayesh/Desktop/Personal Work/Movie_data_pipeline/.venv/lib/python3.12/site-packages/airflow/example_dags/example_subdag_operator.py for tasks to queue
[2024-12-11T23:55:40.254+0530] {logging_mixin.py:190} INFO - [2024-12-11T23:55:40.254+0530] {dagbag.py:588} INFO - Filling up the DagBag from /Users/jayesh/Desktop/Personal Work/Movie_data_pipeline/.venv/lib/python3.12/site-packages/airflow/example_dags/example_subdag_operator.py
[2024-12-11T23:55:40.395+0530] {processor.py:925} INFO - DAG(s) 'example_subdag_operator.section-1', 'example_subdag_operator.section-2', 'example_subdag_operator' retrieved from /Users/jayesh/Desktop/Personal Work/Movie_data_pipeline/.venv/lib/python3.12/site-packages/airflow/example_dags/example_subdag_operator.py
[2024-12-11T23:55:40.419+0530] {logging_mixin.py:190} INFO - [2024-12-11T23:55:40.419+0530] {workday.py:41} WARNING - Could not import pandas. Holidays will not be considered.
[2024-12-11T23:55:40.448+0530] {logging_mixin.py:190} INFO - [2024-12-11T23:55:40.448+0530] {dag.py:3239} INFO - Sync 3 DAGs
[2024-12-11T23:55:40.470+0530] {logging_mixin.py:190} INFO - [2024-12-11T23:55:40.469+0530] {dag.py:4180} INFO - Setting next_dagrun for example_subdag_operator to 2022-01-01 00:00:00+00:00, run_after=2022-01-01 00:00:00+00:00
[2024-12-11T23:55:40.474+0530] {logging_mixin.py:190} INFO - [2024-12-11T23:55:40.474+0530] {dag.py:4180} INFO - Setting next_dagrun for example_subdag_operator.section-1 to None, run_after=None
[2024-12-11T23:55:40.476+0530] {logging_mixin.py:190} INFO - [2024-12-11T23:55:40.476+0530] {dag.py:4180} INFO - Setting next_dagrun for example_subdag_operator.section-2 to None, run_after=None
[2024-12-11T23:55:40.486+0530] {logging_mixin.py:190} INFO - [2024-12-11T23:55:40.485+0530] {dag.py:3239} INFO - Sync 2 DAGs
[2024-12-11T23:55:40.491+0530] {logging_mixin.py:190} INFO - [2024-12-11T23:55:40.491+0530] {dag.py:4180} INFO - Setting next_dagrun for example_subdag_operator.section-1 to None, run_after=None
[2024-12-11T23:55:40.492+0530] {logging_mixin.py:190} INFO - [2024-12-11T23:55:40.492+0530] {dag.py:4180} INFO - Setting next_dagrun for example_subdag_operator.section-2 to None, run_after=None
[2024-12-11T23:55:40.508+0530] {processor.py:208} INFO - Processing /Users/jayesh/Desktop/Personal Work/Movie_data_pipeline/.venv/lib/python3.12/site-packages/airflow/example_dags/example_subdag_operator.py took 0.262 seconds
[2024-12-11T23:58:33.716+0530] {processor.py:186} INFO - Started process (PID=12940) to work on /Users/jayesh/Desktop/Personal Work/Movie_data_pipeline/.venv/lib/python3.12/site-packages/airflow/example_dags/example_subdag_operator.py
[2024-12-11T23:58:33.718+0530] {processor.py:914} INFO - Processing file /Users/jayesh/Desktop/Personal Work/Movie_data_pipeline/.venv/lib/python3.12/site-packages/airflow/example_dags/example_subdag_operator.py for tasks to queue
[2024-12-11T23:58:33.720+0530] {logging_mixin.py:190} INFO - [2024-12-11T23:58:33.720+0530] {dagbag.py:588} INFO - Filling up the DagBag from /Users/jayesh/Desktop/Personal Work/Movie_data_pipeline/.venv/lib/python3.12/site-packages/airflow/example_dags/example_subdag_operator.py
[2024-12-11T23:58:33.869+0530] {processor.py:925} INFO - DAG(s) 'example_subdag_operator.section-1', 'example_subdag_operator.section-2', 'example_subdag_operator' retrieved from /Users/jayesh/Desktop/Personal Work/Movie_data_pipeline/.venv/lib/python3.12/site-packages/airflow/example_dags/example_subdag_operator.py
[2024-12-11T23:58:33.893+0530] {logging_mixin.py:190} INFO - [2024-12-11T23:58:33.892+0530] {workday.py:41} WARNING - Could not import pandas. Holidays will not be considered.
[2024-12-11T23:58:33.923+0530] {logging_mixin.py:190} INFO - [2024-12-11T23:58:33.922+0530] {dag.py:3239} INFO - Sync 3 DAGs
[2024-12-11T23:58:33.944+0530] {logging_mixin.py:190} INFO - [2024-12-11T23:58:33.944+0530] {dag.py:4180} INFO - Setting next_dagrun for example_subdag_operator to 2022-01-01 00:00:00+00:00, run_after=2022-01-01 00:00:00+00:00
[2024-12-11T23:58:33.948+0530] {logging_mixin.py:190} INFO - [2024-12-11T23:58:33.948+0530] {dag.py:4180} INFO - Setting next_dagrun for example_subdag_operator.section-1 to None, run_after=None
[2024-12-11T23:58:33.949+0530] {logging_mixin.py:190} INFO - [2024-12-11T23:58:33.949+0530] {dag.py:4180} INFO - Setting next_dagrun for example_subdag_operator.section-2 to None, run_after=None
[2024-12-11T23:58:33.956+0530] {logging_mixin.py:190} INFO - [2024-12-11T23:58:33.956+0530] {dag.py:3239} INFO - Sync 2 DAGs
[2024-12-11T23:58:33.961+0530] {logging_mixin.py:190} INFO - [2024-12-11T23:58:33.961+0530] {dag.py:4180} INFO - Setting next_dagrun for example_subdag_operator.section-1 to None, run_after=None
[2024-12-11T23:58:33.962+0530] {logging_mixin.py:190} INFO - [2024-12-11T23:58:33.961+0530] {dag.py:4180} INFO - Setting next_dagrun for example_subdag_operator.section-2 to None, run_after=None
[2024-12-11T23:58:33.976+0530] {processor.py:208} INFO - Processing /Users/jayesh/Desktop/Personal Work/Movie_data_pipeline/.venv/lib/python3.12/site-packages/airflow/example_dags/example_subdag_operator.py took 0.264 seconds
[2024-12-12T00:01:27.044+0530] {processor.py:186} INFO - Started process (PID=13208) to work on /Users/jayesh/Desktop/Personal Work/Movie_data_pipeline/.venv/lib/python3.12/site-packages/airflow/example_dags/example_subdag_operator.py
[2024-12-12T00:01:27.047+0530] {processor.py:914} INFO - Processing file /Users/jayesh/Desktop/Personal Work/Movie_data_pipeline/.venv/lib/python3.12/site-packages/airflow/example_dags/example_subdag_operator.py for tasks to queue
[2024-12-12T00:01:27.048+0530] {logging_mixin.py:190} INFO - [2024-12-12T00:01:27.048+0530] {dagbag.py:588} INFO - Filling up the DagBag from /Users/jayesh/Desktop/Personal Work/Movie_data_pipeline/.venv/lib/python3.12/site-packages/airflow/example_dags/example_subdag_operator.py
[2024-12-12T00:01:27.199+0530] {processor.py:925} INFO - DAG(s) 'example_subdag_operator.section-1', 'example_subdag_operator.section-2', 'example_subdag_operator' retrieved from /Users/jayesh/Desktop/Personal Work/Movie_data_pipeline/.venv/lib/python3.12/site-packages/airflow/example_dags/example_subdag_operator.py
[2024-12-12T00:01:27.219+0530] {logging_mixin.py:190} INFO - [2024-12-12T00:01:27.219+0530] {workday.py:41} WARNING - Could not import pandas. Holidays will not be considered.
[2024-12-12T00:01:27.244+0530] {logging_mixin.py:190} INFO - [2024-12-12T00:01:27.244+0530] {dag.py:3239} INFO - Sync 3 DAGs
[2024-12-12T00:01:27.266+0530] {logging_mixin.py:190} INFO - [2024-12-12T00:01:27.266+0530] {dag.py:4180} INFO - Setting next_dagrun for example_subdag_operator to 2022-01-01 00:00:00+00:00, run_after=2022-01-01 00:00:00+00:00
[2024-12-12T00:01:27.270+0530] {logging_mixin.py:190} INFO - [2024-12-12T00:01:27.270+0530] {dag.py:4180} INFO - Setting next_dagrun for example_subdag_operator.section-1 to None, run_after=None
[2024-12-12T00:01:27.271+0530] {logging_mixin.py:190} INFO - [2024-12-12T00:01:27.271+0530] {dag.py:4180} INFO - Setting next_dagrun for example_subdag_operator.section-2 to None, run_after=None
[2024-12-12T00:01:27.278+0530] {logging_mixin.py:190} INFO - [2024-12-12T00:01:27.277+0530] {dag.py:3239} INFO - Sync 2 DAGs
[2024-12-12T00:01:27.282+0530] {logging_mixin.py:190} INFO - [2024-12-12T00:01:27.282+0530] {dag.py:4180} INFO - Setting next_dagrun for example_subdag_operator.section-1 to None, run_after=None
[2024-12-12T00:01:27.283+0530] {logging_mixin.py:190} INFO - [2024-12-12T00:01:27.282+0530] {dag.py:4180} INFO - Setting next_dagrun for example_subdag_operator.section-2 to None, run_after=None
[2024-12-12T00:01:27.297+0530] {processor.py:208} INFO - Processing /Users/jayesh/Desktop/Personal Work/Movie_data_pipeline/.venv/lib/python3.12/site-packages/airflow/example_dags/example_subdag_operator.py took 0.257 seconds
[2024-12-12T00:04:21.294+0530] {processor.py:186} INFO - Started process (PID=13493) to work on /Users/jayesh/Desktop/Personal Work/Movie_data_pipeline/.venv/lib/python3.12/site-packages/airflow/example_dags/example_subdag_operator.py
[2024-12-12T00:04:21.297+0530] {processor.py:914} INFO - Processing file /Users/jayesh/Desktop/Personal Work/Movie_data_pipeline/.venv/lib/python3.12/site-packages/airflow/example_dags/example_subdag_operator.py for tasks to queue
[2024-12-12T00:04:21.298+0530] {logging_mixin.py:190} INFO - [2024-12-12T00:04:21.298+0530] {dagbag.py:588} INFO - Filling up the DagBag from /Users/jayesh/Desktop/Personal Work/Movie_data_pipeline/.venv/lib/python3.12/site-packages/airflow/example_dags/example_subdag_operator.py
[2024-12-12T00:04:21.436+0530] {processor.py:925} INFO - DAG(s) 'example_subdag_operator.section-1', 'example_subdag_operator.section-2', 'example_subdag_operator' retrieved from /Users/jayesh/Desktop/Personal Work/Movie_data_pipeline/.venv/lib/python3.12/site-packages/airflow/example_dags/example_subdag_operator.py
[2024-12-12T00:04:21.459+0530] {logging_mixin.py:190} INFO - [2024-12-12T00:04:21.459+0530] {workday.py:41} WARNING - Could not import pandas. Holidays will not be considered.
[2024-12-12T00:04:21.494+0530] {logging_mixin.py:190} INFO - [2024-12-12T00:04:21.494+0530] {dag.py:3239} INFO - Sync 3 DAGs
[2024-12-12T00:04:21.515+0530] {logging_mixin.py:190} INFO - [2024-12-12T00:04:21.515+0530] {dag.py:4180} INFO - Setting next_dagrun for example_subdag_operator to 2022-01-01 00:00:00+00:00, run_after=2022-01-01 00:00:00+00:00
[2024-12-12T00:04:21.519+0530] {logging_mixin.py:190} INFO - [2024-12-12T00:04:21.519+0530] {dag.py:4180} INFO - Setting next_dagrun for example_subdag_operator.section-1 to None, run_after=None
[2024-12-12T00:04:21.521+0530] {logging_mixin.py:190} INFO - [2024-12-12T00:04:21.520+0530] {dag.py:4180} INFO - Setting next_dagrun for example_subdag_operator.section-2 to None, run_after=None
[2024-12-12T00:04:21.527+0530] {logging_mixin.py:190} INFO - [2024-12-12T00:04:21.527+0530] {dag.py:3239} INFO - Sync 2 DAGs
[2024-12-12T00:04:21.531+0530] {logging_mixin.py:190} INFO - [2024-12-12T00:04:21.531+0530] {dag.py:4180} INFO - Setting next_dagrun for example_subdag_operator.section-1 to None, run_after=None
[2024-12-12T00:04:21.531+0530] {logging_mixin.py:190} INFO - [2024-12-12T00:04:21.531+0530] {dag.py:4180} INFO - Setting next_dagrun for example_subdag_operator.section-2 to None, run_after=None
[2024-12-12T00:04:21.546+0530] {processor.py:208} INFO - Processing /Users/jayesh/Desktop/Personal Work/Movie_data_pipeline/.venv/lib/python3.12/site-packages/airflow/example_dags/example_subdag_operator.py took 0.256 seconds
[2024-12-12T00:07:15.797+0530] {processor.py:186} INFO - Started process (PID=13761) to work on /Users/jayesh/Desktop/Personal Work/Movie_data_pipeline/.venv/lib/python3.12/site-packages/airflow/example_dags/example_subdag_operator.py
[2024-12-12T00:07:15.800+0530] {processor.py:914} INFO - Processing file /Users/jayesh/Desktop/Personal Work/Movie_data_pipeline/.venv/lib/python3.12/site-packages/airflow/example_dags/example_subdag_operator.py for tasks to queue
[2024-12-12T00:07:15.801+0530] {logging_mixin.py:190} INFO - [2024-12-12T00:07:15.801+0530] {dagbag.py:588} INFO - Filling up the DagBag from /Users/jayesh/Desktop/Personal Work/Movie_data_pipeline/.venv/lib/python3.12/site-packages/airflow/example_dags/example_subdag_operator.py
[2024-12-12T00:07:15.944+0530] {processor.py:925} INFO - DAG(s) 'example_subdag_operator.section-1', 'example_subdag_operator.section-2', 'example_subdag_operator' retrieved from /Users/jayesh/Desktop/Personal Work/Movie_data_pipeline/.venv/lib/python3.12/site-packages/airflow/example_dags/example_subdag_operator.py
[2024-12-12T00:07:15.969+0530] {logging_mixin.py:190} INFO - [2024-12-12T00:07:15.969+0530] {workday.py:41} WARNING - Could not import pandas. Holidays will not be considered.
[2024-12-12T00:07:16.001+0530] {logging_mixin.py:190} INFO - [2024-12-12T00:07:16.000+0530] {dag.py:3239} INFO - Sync 3 DAGs
[2024-12-12T00:07:16.024+0530] {logging_mixin.py:190} INFO - [2024-12-12T00:07:16.024+0530] {dag.py:4180} INFO - Setting next_dagrun for example_subdag_operator to 2022-01-01 00:00:00+00:00, run_after=2022-01-01 00:00:00+00:00
[2024-12-12T00:07:16.028+0530] {logging_mixin.py:190} INFO - [2024-12-12T00:07:16.028+0530] {dag.py:4180} INFO - Setting next_dagrun for example_subdag_operator.section-1 to None, run_after=None
[2024-12-12T00:07:16.029+0530] {logging_mixin.py:190} INFO - [2024-12-12T00:07:16.029+0530] {dag.py:4180} INFO - Setting next_dagrun for example_subdag_operator.section-2 to None, run_after=None
[2024-12-12T00:07:16.035+0530] {logging_mixin.py:190} INFO - [2024-12-12T00:07:16.035+0530] {dag.py:3239} INFO - Sync 2 DAGs
[2024-12-12T00:07:16.040+0530] {logging_mixin.py:190} INFO - [2024-12-12T00:07:16.039+0530] {dag.py:4180} INFO - Setting next_dagrun for example_subdag_operator.section-1 to None, run_after=None
[2024-12-12T00:07:16.040+0530] {logging_mixin.py:190} INFO - [2024-12-12T00:07:16.040+0530] {dag.py:4180} INFO - Setting next_dagrun for example_subdag_operator.section-2 to None, run_after=None
[2024-12-12T00:07:16.054+0530] {processor.py:208} INFO - Processing /Users/jayesh/Desktop/Personal Work/Movie_data_pipeline/.venv/lib/python3.12/site-packages/airflow/example_dags/example_subdag_operator.py took 0.261 seconds
[2024-12-12T00:10:09.250+0530] {processor.py:186} INFO - Started process (PID=14043) to work on /Users/jayesh/Desktop/Personal Work/Movie_data_pipeline/.venv/lib/python3.12/site-packages/airflow/example_dags/example_subdag_operator.py
[2024-12-12T00:10:09.253+0530] {processor.py:914} INFO - Processing file /Users/jayesh/Desktop/Personal Work/Movie_data_pipeline/.venv/lib/python3.12/site-packages/airflow/example_dags/example_subdag_operator.py for tasks to queue
[2024-12-12T00:10:09.254+0530] {logging_mixin.py:190} INFO - [2024-12-12T00:10:09.254+0530] {dagbag.py:588} INFO - Filling up the DagBag from /Users/jayesh/Desktop/Personal Work/Movie_data_pipeline/.venv/lib/python3.12/site-packages/airflow/example_dags/example_subdag_operator.py
[2024-12-12T00:10:09.393+0530] {processor.py:925} INFO - DAG(s) 'example_subdag_operator.section-1', 'example_subdag_operator.section-2', 'example_subdag_operator' retrieved from /Users/jayesh/Desktop/Personal Work/Movie_data_pipeline/.venv/lib/python3.12/site-packages/airflow/example_dags/example_subdag_operator.py
[2024-12-12T00:10:09.415+0530] {logging_mixin.py:190} INFO - [2024-12-12T00:10:09.415+0530] {workday.py:41} WARNING - Could not import pandas. Holidays will not be considered.
[2024-12-12T00:10:09.445+0530] {logging_mixin.py:190} INFO - [2024-12-12T00:10:09.445+0530] {dag.py:3239} INFO - Sync 3 DAGs
[2024-12-12T00:10:09.468+0530] {logging_mixin.py:190} INFO - [2024-12-12T00:10:09.468+0530] {dag.py:4180} INFO - Setting next_dagrun for example_subdag_operator to 2022-01-01 00:00:00+00:00, run_after=2022-01-01 00:00:00+00:00
[2024-12-12T00:10:09.472+0530] {logging_mixin.py:190} INFO - [2024-12-12T00:10:09.472+0530] {dag.py:4180} INFO - Setting next_dagrun for example_subdag_operator.section-1 to None, run_after=None
[2024-12-12T00:10:09.473+0530] {logging_mixin.py:190} INFO - [2024-12-12T00:10:09.473+0530] {dag.py:4180} INFO - Setting next_dagrun for example_subdag_operator.section-2 to None, run_after=None
[2024-12-12T00:10:09.481+0530] {logging_mixin.py:190} INFO - [2024-12-12T00:10:09.480+0530] {dag.py:3239} INFO - Sync 2 DAGs
[2024-12-12T00:10:09.485+0530] {logging_mixin.py:190} INFO - [2024-12-12T00:10:09.485+0530] {dag.py:4180} INFO - Setting next_dagrun for example_subdag_operator.section-1 to None, run_after=None
[2024-12-12T00:10:09.486+0530] {logging_mixin.py:190} INFO - [2024-12-12T00:10:09.486+0530] {dag.py:4180} INFO - Setting next_dagrun for example_subdag_operator.section-2 to None, run_after=None
[2024-12-12T00:10:09.502+0530] {processor.py:208} INFO - Processing /Users/jayesh/Desktop/Personal Work/Movie_data_pipeline/.venv/lib/python3.12/site-packages/airflow/example_dags/example_subdag_operator.py took 0.256 seconds
[2024-12-12T00:13:04.076+0530] {processor.py:186} INFO - Started process (PID=14321) to work on /Users/jayesh/Desktop/Personal Work/Movie_data_pipeline/.venv/lib/python3.12/site-packages/airflow/example_dags/example_subdag_operator.py
[2024-12-12T00:13:04.079+0530] {processor.py:914} INFO - Processing file /Users/jayesh/Desktop/Personal Work/Movie_data_pipeline/.venv/lib/python3.12/site-packages/airflow/example_dags/example_subdag_operator.py for tasks to queue
[2024-12-12T00:13:04.080+0530] {logging_mixin.py:190} INFO - [2024-12-12T00:13:04.080+0530] {dagbag.py:588} INFO - Filling up the DagBag from /Users/jayesh/Desktop/Personal Work/Movie_data_pipeline/.venv/lib/python3.12/site-packages/airflow/example_dags/example_subdag_operator.py
[2024-12-12T00:13:04.224+0530] {processor.py:925} INFO - DAG(s) 'example_subdag_operator.section-1', 'example_subdag_operator.section-2', 'example_subdag_operator' retrieved from /Users/jayesh/Desktop/Personal Work/Movie_data_pipeline/.venv/lib/python3.12/site-packages/airflow/example_dags/example_subdag_operator.py
[2024-12-12T00:13:04.250+0530] {logging_mixin.py:190} INFO - [2024-12-12T00:13:04.249+0530] {workday.py:41} WARNING - Could not import pandas. Holidays will not be considered.
[2024-12-12T00:13:04.278+0530] {logging_mixin.py:190} INFO - [2024-12-12T00:13:04.278+0530] {dag.py:3239} INFO - Sync 3 DAGs
[2024-12-12T00:13:04.302+0530] {logging_mixin.py:190} INFO - [2024-12-12T00:13:04.301+0530] {dag.py:4180} INFO - Setting next_dagrun for example_subdag_operator to 2022-01-01 00:00:00+00:00, run_after=2022-01-01 00:00:00+00:00
[2024-12-12T00:13:04.306+0530] {logging_mixin.py:190} INFO - [2024-12-12T00:13:04.305+0530] {dag.py:4180} INFO - Setting next_dagrun for example_subdag_operator.section-1 to None, run_after=None
[2024-12-12T00:13:04.307+0530] {logging_mixin.py:190} INFO - [2024-12-12T00:13:04.306+0530] {dag.py:4180} INFO - Setting next_dagrun for example_subdag_operator.section-2 to None, run_after=None
[2024-12-12T00:13:04.313+0530] {logging_mixin.py:190} INFO - [2024-12-12T00:13:04.313+0530] {dag.py:3239} INFO - Sync 2 DAGs
[2024-12-12T00:13:04.317+0530] {logging_mixin.py:190} INFO - [2024-12-12T00:13:04.317+0530] {dag.py:4180} INFO - Setting next_dagrun for example_subdag_operator.section-1 to None, run_after=None
[2024-12-12T00:13:04.318+0530] {logging_mixin.py:190} INFO - [2024-12-12T00:13:04.317+0530] {dag.py:4180} INFO - Setting next_dagrun for example_subdag_operator.section-2 to None, run_after=None
[2024-12-12T00:13:04.336+0530] {processor.py:208} INFO - Processing /Users/jayesh/Desktop/Personal Work/Movie_data_pipeline/.venv/lib/python3.12/site-packages/airflow/example_dags/example_subdag_operator.py took 0.263 seconds
[2024-12-12T00:15:57.769+0530] {processor.py:186} INFO - Started process (PID=14595) to work on /Users/jayesh/Desktop/Personal Work/Movie_data_pipeline/.venv/lib/python3.12/site-packages/airflow/example_dags/example_subdag_operator.py
[2024-12-12T00:15:57.771+0530] {processor.py:914} INFO - Processing file /Users/jayesh/Desktop/Personal Work/Movie_data_pipeline/.venv/lib/python3.12/site-packages/airflow/example_dags/example_subdag_operator.py for tasks to queue
[2024-12-12T00:15:57.773+0530] {logging_mixin.py:190} INFO - [2024-12-12T00:15:57.773+0530] {dagbag.py:588} INFO - Filling up the DagBag from /Users/jayesh/Desktop/Personal Work/Movie_data_pipeline/.venv/lib/python3.12/site-packages/airflow/example_dags/example_subdag_operator.py
[2024-12-12T00:15:57.908+0530] {processor.py:925} INFO - DAG(s) 'example_subdag_operator.section-1', 'example_subdag_operator.section-2', 'example_subdag_operator' retrieved from /Users/jayesh/Desktop/Personal Work/Movie_data_pipeline/.venv/lib/python3.12/site-packages/airflow/example_dags/example_subdag_operator.py
[2024-12-12T00:15:57.927+0530] {logging_mixin.py:190} INFO - [2024-12-12T00:15:57.927+0530] {workday.py:41} WARNING - Could not import pandas. Holidays will not be considered.
[2024-12-12T00:15:57.951+0530] {logging_mixin.py:190} INFO - [2024-12-12T00:15:57.951+0530] {dag.py:3239} INFO - Sync 3 DAGs
[2024-12-12T00:15:57.973+0530] {logging_mixin.py:190} INFO - [2024-12-12T00:15:57.972+0530] {dag.py:4180} INFO - Setting next_dagrun for example_subdag_operator to 2022-01-01 00:00:00+00:00, run_after=2022-01-01 00:00:00+00:00
[2024-12-12T00:15:57.976+0530] {logging_mixin.py:190} INFO - [2024-12-12T00:15:57.976+0530] {dag.py:4180} INFO - Setting next_dagrun for example_subdag_operator.section-1 to None, run_after=None
[2024-12-12T00:15:57.977+0530] {logging_mixin.py:190} INFO - [2024-12-12T00:15:57.977+0530] {dag.py:4180} INFO - Setting next_dagrun for example_subdag_operator.section-2 to None, run_after=None
[2024-12-12T00:15:57.984+0530] {logging_mixin.py:190} INFO - [2024-12-12T00:15:57.984+0530] {dag.py:3239} INFO - Sync 2 DAGs
[2024-12-12T00:15:57.988+0530] {logging_mixin.py:190} INFO - [2024-12-12T00:15:57.988+0530] {dag.py:4180} INFO - Setting next_dagrun for example_subdag_operator.section-1 to None, run_after=None
[2024-12-12T00:15:57.989+0530] {logging_mixin.py:190} INFO - [2024-12-12T00:15:57.988+0530] {dag.py:4180} INFO - Setting next_dagrun for example_subdag_operator.section-2 to None, run_after=None
[2024-12-12T00:15:58.005+0530] {processor.py:208} INFO - Processing /Users/jayesh/Desktop/Personal Work/Movie_data_pipeline/.venv/lib/python3.12/site-packages/airflow/example_dags/example_subdag_operator.py took 0.239 seconds
[2024-12-12T00:18:45.592+0530] {processor.py:186} INFO - Started process (PID=14861) to work on /Users/jayesh/Desktop/Personal Work/Movie_data_pipeline/.venv/lib/python3.12/site-packages/airflow/example_dags/example_subdag_operator.py
[2024-12-12T00:18:45.595+0530] {processor.py:914} INFO - Processing file /Users/jayesh/Desktop/Personal Work/Movie_data_pipeline/.venv/lib/python3.12/site-packages/airflow/example_dags/example_subdag_operator.py for tasks to queue
[2024-12-12T00:18:45.596+0530] {logging_mixin.py:190} INFO - [2024-12-12T00:18:45.596+0530] {dagbag.py:588} INFO - Filling up the DagBag from /Users/jayesh/Desktop/Personal Work/Movie_data_pipeline/.venv/lib/python3.12/site-packages/airflow/example_dags/example_subdag_operator.py
[2024-12-12T00:18:45.724+0530] {processor.py:925} INFO - DAG(s) 'example_subdag_operator.section-1', 'example_subdag_operator.section-2', 'example_subdag_operator' retrieved from /Users/jayesh/Desktop/Personal Work/Movie_data_pipeline/.venv/lib/python3.12/site-packages/airflow/example_dags/example_subdag_operator.py
[2024-12-12T00:18:45.748+0530] {logging_mixin.py:190} INFO - [2024-12-12T00:18:45.747+0530] {workday.py:41} WARNING - Could not import pandas. Holidays will not be considered.
[2024-12-12T00:18:45.774+0530] {logging_mixin.py:190} INFO - [2024-12-12T00:18:45.774+0530] {dag.py:3239} INFO - Sync 3 DAGs
[2024-12-12T00:18:45.806+0530] {logging_mixin.py:190} INFO - [2024-12-12T00:18:45.806+0530] {dag.py:4180} INFO - Setting next_dagrun for example_subdag_operator to 2022-01-01 00:00:00+00:00, run_after=2022-01-01 00:00:00+00:00
[2024-12-12T00:18:45.810+0530] {logging_mixin.py:190} INFO - [2024-12-12T00:18:45.810+0530] {dag.py:4180} INFO - Setting next_dagrun for example_subdag_operator.section-1 to None, run_after=None
[2024-12-12T00:18:45.811+0530] {logging_mixin.py:190} INFO - [2024-12-12T00:18:45.811+0530] {dag.py:4180} INFO - Setting next_dagrun for example_subdag_operator.section-2 to None, run_after=None
[2024-12-12T00:18:45.818+0530] {logging_mixin.py:190} INFO - [2024-12-12T00:18:45.818+0530] {dag.py:3239} INFO - Sync 2 DAGs
[2024-12-12T00:18:45.823+0530] {logging_mixin.py:190} INFO - [2024-12-12T00:18:45.822+0530] {dag.py:4180} INFO - Setting next_dagrun for example_subdag_operator.section-1 to None, run_after=None
[2024-12-12T00:18:45.823+0530] {logging_mixin.py:190} INFO - [2024-12-12T00:18:45.823+0530] {dag.py:4180} INFO - Setting next_dagrun for example_subdag_operator.section-2 to None, run_after=None
[2024-12-12T00:18:45.840+0530] {processor.py:208} INFO - Processing /Users/jayesh/Desktop/Personal Work/Movie_data_pipeline/.venv/lib/python3.12/site-packages/airflow/example_dags/example_subdag_operator.py took 0.251 seconds
[2024-12-12T00:21:58.002+0530] {processor.py:186} INFO - Started process (PID=15176) to work on /Users/jayesh/Desktop/Personal Work/Movie_data_pipeline/.venv/lib/python3.12/site-packages/airflow/example_dags/example_subdag_operator.py
[2024-12-12T00:21:58.005+0530] {processor.py:914} INFO - Processing file /Users/jayesh/Desktop/Personal Work/Movie_data_pipeline/.venv/lib/python3.12/site-packages/airflow/example_dags/example_subdag_operator.py for tasks to queue
[2024-12-12T00:21:58.008+0530] {logging_mixin.py:190} INFO - [2024-12-12T00:21:58.007+0530] {dagbag.py:588} INFO - Filling up the DagBag from /Users/jayesh/Desktop/Personal Work/Movie_data_pipeline/.venv/lib/python3.12/site-packages/airflow/example_dags/example_subdag_operator.py
[2024-12-12T00:21:58.157+0530] {processor.py:925} INFO - DAG(s) 'example_subdag_operator.section-1', 'example_subdag_operator.section-2', 'example_subdag_operator' retrieved from /Users/jayesh/Desktop/Personal Work/Movie_data_pipeline/.venv/lib/python3.12/site-packages/airflow/example_dags/example_subdag_operator.py
[2024-12-12T00:21:58.184+0530] {logging_mixin.py:190} INFO - [2024-12-12T00:21:58.184+0530] {workday.py:41} WARNING - Could not import pandas. Holidays will not be considered.
[2024-12-12T00:21:58.219+0530] {logging_mixin.py:190} INFO - [2024-12-12T00:21:58.219+0530] {dag.py:3239} INFO - Sync 3 DAGs
[2024-12-12T00:21:58.242+0530] {logging_mixin.py:190} INFO - [2024-12-12T00:21:58.241+0530] {dag.py:4180} INFO - Setting next_dagrun for example_subdag_operator to 2022-01-01 00:00:00+00:00, run_after=2022-01-01 00:00:00+00:00
[2024-12-12T00:21:58.247+0530] {logging_mixin.py:190} INFO - [2024-12-12T00:21:58.246+0530] {dag.py:4180} INFO - Setting next_dagrun for example_subdag_operator.section-1 to None, run_after=None
[2024-12-12T00:21:58.248+0530] {logging_mixin.py:190} INFO - [2024-12-12T00:21:58.248+0530] {dag.py:4180} INFO - Setting next_dagrun for example_subdag_operator.section-2 to None, run_after=None
[2024-12-12T00:21:58.256+0530] {logging_mixin.py:190} INFO - [2024-12-12T00:21:58.255+0530] {dag.py:3239} INFO - Sync 2 DAGs
[2024-12-12T00:21:58.260+0530] {logging_mixin.py:190} INFO - [2024-12-12T00:21:58.260+0530] {dag.py:4180} INFO - Setting next_dagrun for example_subdag_operator.section-1 to None, run_after=None
[2024-12-12T00:21:58.261+0530] {logging_mixin.py:190} INFO - [2024-12-12T00:21:58.261+0530] {dag.py:4180} INFO - Setting next_dagrun for example_subdag_operator.section-2 to None, run_after=None
[2024-12-12T00:21:58.276+0530] {processor.py:208} INFO - Processing /Users/jayesh/Desktop/Personal Work/Movie_data_pipeline/.venv/lib/python3.12/site-packages/airflow/example_dags/example_subdag_operator.py took 0.279 seconds
[2024-12-12T00:25:29.564+0530] {processor.py:186} INFO - Started process (PID=15513) to work on /Users/jayesh/Desktop/Personal Work/Movie_data_pipeline/.venv/lib/python3.12/site-packages/airflow/example_dags/example_subdag_operator.py
[2024-12-12T00:25:29.577+0530] {processor.py:914} INFO - Processing file /Users/jayesh/Desktop/Personal Work/Movie_data_pipeline/.venv/lib/python3.12/site-packages/airflow/example_dags/example_subdag_operator.py for tasks to queue
[2024-12-12T00:25:29.579+0530] {logging_mixin.py:190} INFO - [2024-12-12T00:25:29.579+0530] {dagbag.py:588} INFO - Filling up the DagBag from /Users/jayesh/Desktop/Personal Work/Movie_data_pipeline/.venv/lib/python3.12/site-packages/airflow/example_dags/example_subdag_operator.py
[2024-12-12T00:25:29.725+0530] {processor.py:925} INFO - DAG(s) 'example_subdag_operator.section-1', 'example_subdag_operator.section-2', 'example_subdag_operator' retrieved from /Users/jayesh/Desktop/Personal Work/Movie_data_pipeline/.venv/lib/python3.12/site-packages/airflow/example_dags/example_subdag_operator.py
[2024-12-12T00:25:29.752+0530] {logging_mixin.py:190} INFO - [2024-12-12T00:25:29.752+0530] {workday.py:41} WARNING - Could not import pandas. Holidays will not be considered.
[2024-12-12T00:25:29.784+0530] {logging_mixin.py:190} INFO - [2024-12-12T00:25:29.783+0530] {dag.py:3239} INFO - Sync 3 DAGs
[2024-12-12T00:25:29.806+0530] {logging_mixin.py:190} INFO - [2024-12-12T00:25:29.806+0530] {dag.py:4180} INFO - Setting next_dagrun for example_subdag_operator to 2022-01-01 00:00:00+00:00, run_after=2022-01-01 00:00:00+00:00
[2024-12-12T00:25:29.811+0530] {logging_mixin.py:190} INFO - [2024-12-12T00:25:29.810+0530] {dag.py:4180} INFO - Setting next_dagrun for example_subdag_operator.section-1 to None, run_after=None
[2024-12-12T00:25:29.812+0530] {logging_mixin.py:190} INFO - [2024-12-12T00:25:29.812+0530] {dag.py:4180} INFO - Setting next_dagrun for example_subdag_operator.section-2 to None, run_after=None
[2024-12-12T00:25:29.818+0530] {logging_mixin.py:190} INFO - [2024-12-12T00:25:29.818+0530] {dag.py:3239} INFO - Sync 2 DAGs
[2024-12-12T00:25:29.823+0530] {logging_mixin.py:190} INFO - [2024-12-12T00:25:29.822+0530] {dag.py:4180} INFO - Setting next_dagrun for example_subdag_operator.section-1 to None, run_after=None
[2024-12-12T00:25:29.823+0530] {logging_mixin.py:190} INFO - [2024-12-12T00:25:29.823+0530] {dag.py:4180} INFO - Setting next_dagrun for example_subdag_operator.section-2 to None, run_after=None
[2024-12-12T00:25:29.837+0530] {processor.py:208} INFO - Processing /Users/jayesh/Desktop/Personal Work/Movie_data_pipeline/.venv/lib/python3.12/site-packages/airflow/example_dags/example_subdag_operator.py took 0.277 seconds
[2024-12-12T00:28:43.462+0530] {processor.py:186} INFO - Started process (PID=15824) to work on /Users/jayesh/Desktop/Personal Work/Movie_data_pipeline/.venv/lib/python3.12/site-packages/airflow/example_dags/example_subdag_operator.py
[2024-12-12T00:28:43.464+0530] {processor.py:914} INFO - Processing file /Users/jayesh/Desktop/Personal Work/Movie_data_pipeline/.venv/lib/python3.12/site-packages/airflow/example_dags/example_subdag_operator.py for tasks to queue
[2024-12-12T00:28:43.466+0530] {logging_mixin.py:190} INFO - [2024-12-12T00:28:43.465+0530] {dagbag.py:588} INFO - Filling up the DagBag from /Users/jayesh/Desktop/Personal Work/Movie_data_pipeline/.venv/lib/python3.12/site-packages/airflow/example_dags/example_subdag_operator.py
[2024-12-12T00:28:43.593+0530] {processor.py:925} INFO - DAG(s) 'example_subdag_operator.section-1', 'example_subdag_operator.section-2', 'example_subdag_operator' retrieved from /Users/jayesh/Desktop/Personal Work/Movie_data_pipeline/.venv/lib/python3.12/site-packages/airflow/example_dags/example_subdag_operator.py
[2024-12-12T00:28:43.610+0530] {logging_mixin.py:190} INFO - [2024-12-12T00:28:43.610+0530] {workday.py:41} WARNING - Could not import pandas. Holidays will not be considered.
[2024-12-12T00:28:43.634+0530] {logging_mixin.py:190} INFO - [2024-12-12T00:28:43.633+0530] {dag.py:3239} INFO - Sync 3 DAGs
[2024-12-12T00:28:43.654+0530] {logging_mixin.py:190} INFO - [2024-12-12T00:28:43.654+0530] {dag.py:4180} INFO - Setting next_dagrun for example_subdag_operator to 2022-01-01 00:00:00+00:00, run_after=2022-01-01 00:00:00+00:00
[2024-12-12T00:28:43.658+0530] {logging_mixin.py:190} INFO - [2024-12-12T00:28:43.658+0530] {dag.py:4180} INFO - Setting next_dagrun for example_subdag_operator.section-1 to None, run_after=None
[2024-12-12T00:28:43.659+0530] {logging_mixin.py:190} INFO - [2024-12-12T00:28:43.659+0530] {dag.py:4180} INFO - Setting next_dagrun for example_subdag_operator.section-2 to None, run_after=None
[2024-12-12T00:28:43.665+0530] {logging_mixin.py:190} INFO - [2024-12-12T00:28:43.665+0530] {dag.py:3239} INFO - Sync 2 DAGs
[2024-12-12T00:28:43.669+0530] {logging_mixin.py:190} INFO - [2024-12-12T00:28:43.669+0530] {dag.py:4180} INFO - Setting next_dagrun for example_subdag_operator.section-1 to None, run_after=None
[2024-12-12T00:28:43.670+0530] {logging_mixin.py:190} INFO - [2024-12-12T00:28:43.670+0530] {dag.py:4180} INFO - Setting next_dagrun for example_subdag_operator.section-2 to None, run_after=None
[2024-12-12T00:28:43.684+0530] {processor.py:208} INFO - Processing /Users/jayesh/Desktop/Personal Work/Movie_data_pipeline/.venv/lib/python3.12/site-packages/airflow/example_dags/example_subdag_operator.py took 0.226 seconds
