[2024-12-11T23:24:50.398+0530] {processor.py:186} INFO - Started process (PID=9392) to work on /Users/jayesh/Desktop/Personal Work/Movie_data_pipeline/.venv/lib/python3.12/site-packages/airflow/example_dags/example_sla_dag.py
[2024-12-11T23:24:50.400+0530] {processor.py:914} INFO - Processing file /Users/jayesh/Desktop/Personal Work/Movie_data_pipeline/.venv/lib/python3.12/site-packages/airflow/example_dags/example_sla_dag.py for tasks to queue
[2024-12-11T23:24:50.402+0530] {logging_mixin.py:190} INFO - [2024-12-11T23:24:50.401+0530] {dagbag.py:588} INFO - Filling up the DagBag from /Users/jayesh/Desktop/Personal Work/Movie_data_pipeline/.venv/lib/python3.12/site-packages/airflow/example_dags/example_sla_dag.py
[2024-12-11T23:24:50.532+0530] {processor.py:925} INFO - DAG(s) 'example_sla_dag' retrieved from /Users/jayesh/Desktop/Personal Work/Movie_data_pipeline/.venv/lib/python3.12/site-packages/airflow/example_dags/example_sla_dag.py
[2024-12-11T23:24:50.866+0530] {logging_mixin.py:190} INFO - [2024-12-11T23:24:50.865+0530] {override.py:1911} INFO - Created Permission View: can delete on DAG:example_sla_dag
[2024-12-11T23:24:50.878+0530] {logging_mixin.py:190} INFO - [2024-12-11T23:24:50.877+0530] {override.py:1911} INFO - Created Permission View: can edit on DAG:example_sla_dag
[2024-12-11T23:24:50.888+0530] {logging_mixin.py:190} INFO - [2024-12-11T23:24:50.887+0530] {override.py:1911} INFO - Created Permission View: can read on DAG:example_sla_dag
[2024-12-11T23:24:50.903+0530] {logging_mixin.py:190} INFO - [2024-12-11T23:24:50.903+0530] {override.py:1911} INFO - Created Permission View: can delete on DAG Run:example_sla_dag
[2024-12-11T23:24:50.912+0530] {logging_mixin.py:190} INFO - [2024-12-11T23:24:50.912+0530] {override.py:1911} INFO - Created Permission View: can create on DAG Run:example_sla_dag
[2024-12-11T23:24:50.923+0530] {logging_mixin.py:190} INFO - [2024-12-11T23:24:50.922+0530] {override.py:1911} INFO - Created Permission View: menu access on DAG Run:example_sla_dag
[2024-12-11T23:24:50.931+0530] {logging_mixin.py:190} INFO - [2024-12-11T23:24:50.931+0530] {override.py:1911} INFO - Created Permission View: can read on DAG Run:example_sla_dag
[2024-12-11T23:24:50.933+0530] {logging_mixin.py:190} INFO - [2024-12-11T23:24:50.932+0530] {dag.py:3239} INFO - Sync 1 DAGs
[2024-12-11T23:24:50.953+0530] {logging_mixin.py:190} INFO - [2024-12-11T23:24:50.953+0530] {dag.py:3262} INFO - Creating ORM DAG for example_sla_dag
[2024-12-11T23:24:50.982+0530] {logging_mixin.py:190} INFO - [2024-12-11T23:24:50.981+0530] {dag.py:4180} INFO - Setting next_dagrun for example_sla_dag to 2024-12-11 17:52:00+00:00, run_after=2024-12-11 17:54:00+00:00
[2024-12-11T23:24:51.439+0530] {processor.py:208} INFO - Processing /Users/jayesh/Desktop/Personal Work/Movie_data_pipeline/.venv/lib/python3.12/site-packages/airflow/example_dags/example_sla_dag.py took 1.045 seconds
[2024-12-11T23:29:25.835+0530] {processor.py:186} INFO - Started process (PID=9842) to work on /Users/jayesh/Desktop/Personal Work/Movie_data_pipeline/.venv/lib/python3.12/site-packages/airflow/example_dags/example_sla_dag.py
[2024-12-11T23:29:25.837+0530] {processor.py:914} INFO - Processing file /Users/jayesh/Desktop/Personal Work/Movie_data_pipeline/.venv/lib/python3.12/site-packages/airflow/example_dags/example_sla_dag.py for tasks to queue
[2024-12-11T23:29:25.839+0530] {logging_mixin.py:190} INFO - [2024-12-11T23:29:25.839+0530] {dagbag.py:588} INFO - Filling up the DagBag from /Users/jayesh/Desktop/Personal Work/Movie_data_pipeline/.venv/lib/python3.12/site-packages/airflow/example_dags/example_sla_dag.py
[2024-12-11T23:29:25.894+0530] {processor.py:925} INFO - DAG(s) 'example_sla_dag' retrieved from /Users/jayesh/Desktop/Personal Work/Movie_data_pipeline/.venv/lib/python3.12/site-packages/airflow/example_dags/example_sla_dag.py
[2024-12-11T23:29:26.035+0530] {logging_mixin.py:190} INFO - [2024-12-11T23:29:26.035+0530] {dag.py:3239} INFO - Sync 1 DAGs
[2024-12-11T23:29:26.066+0530] {logging_mixin.py:190} INFO - [2024-12-11T23:29:26.066+0530] {dag.py:4180} INFO - Setting next_dagrun for example_sla_dag to 2024-12-11 17:56:00+00:00, run_after=2024-12-11 17:58:00+00:00
[2024-12-11T23:29:26.092+0530] {processor.py:208} INFO - Processing /Users/jayesh/Desktop/Personal Work/Movie_data_pipeline/.venv/lib/python3.12/site-packages/airflow/example_dags/example_sla_dag.py took 0.261 seconds
[2024-12-11T23:33:15.941+0530] {processor.py:186} INFO - Started process (PID=10216) to work on /Users/jayesh/Desktop/Personal Work/Movie_data_pipeline/.venv/lib/python3.12/site-packages/airflow/example_dags/example_sla_dag.py
[2024-12-11T23:33:15.944+0530] {processor.py:914} INFO - Processing file /Users/jayesh/Desktop/Personal Work/Movie_data_pipeline/.venv/lib/python3.12/site-packages/airflow/example_dags/example_sla_dag.py for tasks to queue
[2024-12-11T23:33:15.949+0530] {logging_mixin.py:190} INFO - [2024-12-11T23:33:15.946+0530] {dagbag.py:588} INFO - Filling up the DagBag from /Users/jayesh/Desktop/Personal Work/Movie_data_pipeline/.venv/lib/python3.12/site-packages/airflow/example_dags/example_sla_dag.py
[2024-12-11T23:33:16.072+0530] {processor.py:925} INFO - DAG(s) 'example_sla_dag' retrieved from /Users/jayesh/Desktop/Personal Work/Movie_data_pipeline/.venv/lib/python3.12/site-packages/airflow/example_dags/example_sla_dag.py
[2024-12-11T23:33:16.337+0530] {logging_mixin.py:190} INFO - [2024-12-11T23:33:16.337+0530] {dag.py:3239} INFO - Sync 1 DAGs
[2024-12-11T23:33:16.374+0530] {logging_mixin.py:190} INFO - [2024-12-11T23:33:16.374+0530] {dag.py:4180} INFO - Setting next_dagrun for example_sla_dag to 2024-12-11 18:00:00+00:00, run_after=2024-12-11 18:02:00+00:00
[2024-12-11T23:33:16.411+0530] {processor.py:208} INFO - Processing /Users/jayesh/Desktop/Personal Work/Movie_data_pipeline/.venv/lib/python3.12/site-packages/airflow/example_dags/example_sla_dag.py took 0.475 seconds
[2024-12-11T23:37:09.823+0530] {processor.py:186} INFO - Started process (PID=10754) to work on /Users/jayesh/Desktop/Personal Work/Movie_data_pipeline/.venv/lib/python3.12/site-packages/airflow/example_dags/example_sla_dag.py
[2024-12-11T23:37:09.826+0530] {processor.py:914} INFO - Processing file /Users/jayesh/Desktop/Personal Work/Movie_data_pipeline/.venv/lib/python3.12/site-packages/airflow/example_dags/example_sla_dag.py for tasks to queue
[2024-12-11T23:37:09.828+0530] {logging_mixin.py:190} INFO - [2024-12-11T23:37:09.827+0530] {dagbag.py:588} INFO - Filling up the DagBag from /Users/jayesh/Desktop/Personal Work/Movie_data_pipeline/.venv/lib/python3.12/site-packages/airflow/example_dags/example_sla_dag.py
[2024-12-11T23:37:09.880+0530] {processor.py:925} INFO - DAG(s) 'example_sla_dag' retrieved from /Users/jayesh/Desktop/Personal Work/Movie_data_pipeline/.venv/lib/python3.12/site-packages/airflow/example_dags/example_sla_dag.py
[2024-12-11T23:37:10.009+0530] {logging_mixin.py:190} INFO - [2024-12-11T23:37:10.008+0530] {dag.py:3239} INFO - Sync 1 DAGs
[2024-12-11T23:37:10.038+0530] {logging_mixin.py:190} INFO - [2024-12-11T23:37:10.038+0530] {dag.py:4180} INFO - Setting next_dagrun for example_sla_dag to 2024-12-11 18:04:00+00:00, run_after=2024-12-11 18:06:00+00:00
[2024-12-11T23:37:10.064+0530] {processor.py:208} INFO - Processing /Users/jayesh/Desktop/Personal Work/Movie_data_pipeline/.venv/lib/python3.12/site-packages/airflow/example_dags/example_sla_dag.py took 0.246 seconds
[2024-12-11T23:41:17.371+0530] {processor.py:186} INFO - Started process (PID=11133) to work on /Users/jayesh/Desktop/Personal Work/Movie_data_pipeline/.venv/lib/python3.12/site-packages/airflow/example_dags/example_sla_dag.py
[2024-12-11T23:41:17.373+0530] {processor.py:914} INFO - Processing file /Users/jayesh/Desktop/Personal Work/Movie_data_pipeline/.venv/lib/python3.12/site-packages/airflow/example_dags/example_sla_dag.py for tasks to queue
[2024-12-11T23:41:17.375+0530] {logging_mixin.py:190} INFO - [2024-12-11T23:41:17.375+0530] {dagbag.py:588} INFO - Filling up the DagBag from /Users/jayesh/Desktop/Personal Work/Movie_data_pipeline/.venv/lib/python3.12/site-packages/airflow/example_dags/example_sla_dag.py
[2024-12-11T23:41:17.516+0530] {processor.py:925} INFO - DAG(s) 'example_sla_dag' retrieved from /Users/jayesh/Desktop/Personal Work/Movie_data_pipeline/.venv/lib/python3.12/site-packages/airflow/example_dags/example_sla_dag.py
[2024-12-11T23:41:17.730+0530] {logging_mixin.py:190} INFO - [2024-12-11T23:41:17.730+0530] {dag.py:3239} INFO - Sync 1 DAGs
[2024-12-11T23:41:17.775+0530] {logging_mixin.py:190} INFO - [2024-12-11T23:41:17.774+0530] {dag.py:4180} INFO - Setting next_dagrun for example_sla_dag to 2024-12-11 18:08:00+00:00, run_after=2024-12-11 18:10:00+00:00
[2024-12-11T23:41:17.807+0530] {processor.py:208} INFO - Processing /Users/jayesh/Desktop/Personal Work/Movie_data_pipeline/.venv/lib/python3.12/site-packages/airflow/example_dags/example_sla_dag.py took 0.441 seconds
[2024-12-11T23:46:49.728+0530] {processor.py:186} INFO - Started process (PID=11725) to work on /Users/jayesh/Desktop/Personal Work/Movie_data_pipeline/.venv/lib/python3.12/site-packages/airflow/example_dags/example_sla_dag.py
[2024-12-11T23:46:49.731+0530] {processor.py:914} INFO - Processing file /Users/jayesh/Desktop/Personal Work/Movie_data_pipeline/.venv/lib/python3.12/site-packages/airflow/example_dags/example_sla_dag.py for tasks to queue
[2024-12-11T23:46:49.733+0530] {logging_mixin.py:190} INFO - [2024-12-11T23:46:49.732+0530] {dagbag.py:588} INFO - Filling up the DagBag from /Users/jayesh/Desktop/Personal Work/Movie_data_pipeline/.venv/lib/python3.12/site-packages/airflow/example_dags/example_sla_dag.py
[2024-12-11T23:46:49.781+0530] {processor.py:925} INFO - DAG(s) 'example_sla_dag' retrieved from /Users/jayesh/Desktop/Personal Work/Movie_data_pipeline/.venv/lib/python3.12/site-packages/airflow/example_dags/example_sla_dag.py
[2024-12-11T23:46:49.969+0530] {logging_mixin.py:190} INFO - [2024-12-11T23:46:49.969+0530] {dag.py:3239} INFO - Sync 1 DAGs
[2024-12-11T23:46:49.994+0530] {logging_mixin.py:190} INFO - [2024-12-11T23:46:49.993+0530] {dag.py:4180} INFO - Setting next_dagrun for example_sla_dag to 2024-12-11 18:14:00+00:00, run_after=2024-12-11 18:16:00+00:00
[2024-12-11T23:46:50.020+0530] {processor.py:208} INFO - Processing /Users/jayesh/Desktop/Personal Work/Movie_data_pipeline/.venv/lib/python3.12/site-packages/airflow/example_dags/example_sla_dag.py took 0.295 seconds
[2024-12-11T23:50:02.269+0530] {processor.py:186} INFO - Started process (PID=12090) to work on /Users/jayesh/Desktop/Personal Work/Movie_data_pipeline/.venv/lib/python3.12/site-packages/airflow/example_dags/example_sla_dag.py
[2024-12-11T23:50:02.271+0530] {processor.py:914} INFO - Processing file /Users/jayesh/Desktop/Personal Work/Movie_data_pipeline/.venv/lib/python3.12/site-packages/airflow/example_dags/example_sla_dag.py for tasks to queue
[2024-12-11T23:50:02.273+0530] {logging_mixin.py:190} INFO - [2024-12-11T23:50:02.273+0530] {dagbag.py:588} INFO - Filling up the DagBag from /Users/jayesh/Desktop/Personal Work/Movie_data_pipeline/.venv/lib/python3.12/site-packages/airflow/example_dags/example_sla_dag.py
[2024-12-11T23:50:02.318+0530] {processor.py:925} INFO - DAG(s) 'example_sla_dag' retrieved from /Users/jayesh/Desktop/Personal Work/Movie_data_pipeline/.venv/lib/python3.12/site-packages/airflow/example_dags/example_sla_dag.py
[2024-12-11T23:50:02.435+0530] {logging_mixin.py:190} INFO - [2024-12-11T23:50:02.434+0530] {dag.py:3239} INFO - Sync 1 DAGs
[2024-12-11T23:50:02.462+0530] {logging_mixin.py:190} INFO - [2024-12-11T23:50:02.462+0530] {dag.py:4180} INFO - Setting next_dagrun for example_sla_dag to 2024-12-11 18:18:00+00:00, run_after=2024-12-11 18:20:00+00:00
[2024-12-11T23:50:02.485+0530] {processor.py:208} INFO - Processing /Users/jayesh/Desktop/Personal Work/Movie_data_pipeline/.venv/lib/python3.12/site-packages/airflow/example_dags/example_sla_dag.py took 0.220 seconds
[2024-12-11T23:52:53.901+0530] {processor.py:186} INFO - Started process (PID=12371) to work on /Users/jayesh/Desktop/Personal Work/Movie_data_pipeline/.venv/lib/python3.12/site-packages/airflow/example_dags/example_sla_dag.py
[2024-12-11T23:52:53.903+0530] {processor.py:914} INFO - Processing file /Users/jayesh/Desktop/Personal Work/Movie_data_pipeline/.venv/lib/python3.12/site-packages/airflow/example_dags/example_sla_dag.py for tasks to queue
[2024-12-11T23:52:53.906+0530] {logging_mixin.py:190} INFO - [2024-12-11T23:52:53.905+0530] {dagbag.py:588} INFO - Filling up the DagBag from /Users/jayesh/Desktop/Personal Work/Movie_data_pipeline/.venv/lib/python3.12/site-packages/airflow/example_dags/example_sla_dag.py
[2024-12-11T23:52:53.957+0530] {processor.py:925} INFO - DAG(s) 'example_sla_dag' retrieved from /Users/jayesh/Desktop/Personal Work/Movie_data_pipeline/.venv/lib/python3.12/site-packages/airflow/example_dags/example_sla_dag.py
[2024-12-11T23:52:54.092+0530] {logging_mixin.py:190} INFO - [2024-12-11T23:52:54.091+0530] {dag.py:3239} INFO - Sync 1 DAGs
[2024-12-11T23:52:54.120+0530] {logging_mixin.py:190} INFO - [2024-12-11T23:52:54.119+0530] {dag.py:4180} INFO - Setting next_dagrun for example_sla_dag to 2024-12-11 18:20:00+00:00, run_after=2024-12-11 18:22:00+00:00
[2024-12-11T23:52:54.145+0530] {processor.py:208} INFO - Processing /Users/jayesh/Desktop/Personal Work/Movie_data_pipeline/.venv/lib/python3.12/site-packages/airflow/example_dags/example_sla_dag.py took 0.249 seconds
[2024-12-11T23:55:43.933+0530] {processor.py:186} INFO - Started process (PID=12668) to work on /Users/jayesh/Desktop/Personal Work/Movie_data_pipeline/.venv/lib/python3.12/site-packages/airflow/example_dags/example_sla_dag.py
[2024-12-11T23:55:43.935+0530] {processor.py:914} INFO - Processing file /Users/jayesh/Desktop/Personal Work/Movie_data_pipeline/.venv/lib/python3.12/site-packages/airflow/example_dags/example_sla_dag.py for tasks to queue
[2024-12-11T23:55:43.937+0530] {logging_mixin.py:190} INFO - [2024-12-11T23:55:43.936+0530] {dagbag.py:588} INFO - Filling up the DagBag from /Users/jayesh/Desktop/Personal Work/Movie_data_pipeline/.venv/lib/python3.12/site-packages/airflow/example_dags/example_sla_dag.py
[2024-12-11T23:55:44.039+0530] {processor.py:925} INFO - DAG(s) 'example_sla_dag' retrieved from /Users/jayesh/Desktop/Personal Work/Movie_data_pipeline/.venv/lib/python3.12/site-packages/airflow/example_dags/example_sla_dag.py
[2024-12-11T23:55:44.162+0530] {logging_mixin.py:190} INFO - [2024-12-11T23:55:44.161+0530] {dag.py:3239} INFO - Sync 1 DAGs
[2024-12-11T23:55:44.196+0530] {logging_mixin.py:190} INFO - [2024-12-11T23:55:44.195+0530] {dag.py:4180} INFO - Setting next_dagrun for example_sla_dag to 2024-12-11 18:22:00+00:00, run_after=2024-12-11 18:24:00+00:00
[2024-12-11T23:55:44.220+0530] {processor.py:208} INFO - Processing /Users/jayesh/Desktop/Personal Work/Movie_data_pipeline/.venv/lib/python3.12/site-packages/airflow/example_dags/example_sla_dag.py took 0.291 seconds
[2024-12-11T23:58:37.574+0530] {processor.py:186} INFO - Started process (PID=12944) to work on /Users/jayesh/Desktop/Personal Work/Movie_data_pipeline/.venv/lib/python3.12/site-packages/airflow/example_dags/example_sla_dag.py
[2024-12-11T23:58:37.576+0530] {processor.py:914} INFO - Processing file /Users/jayesh/Desktop/Personal Work/Movie_data_pipeline/.venv/lib/python3.12/site-packages/airflow/example_dags/example_sla_dag.py for tasks to queue
[2024-12-11T23:58:37.578+0530] {logging_mixin.py:190} INFO - [2024-12-11T23:58:37.577+0530] {dagbag.py:588} INFO - Filling up the DagBag from /Users/jayesh/Desktop/Personal Work/Movie_data_pipeline/.venv/lib/python3.12/site-packages/airflow/example_dags/example_sla_dag.py
[2024-12-11T23:58:37.674+0530] {processor.py:925} INFO - DAG(s) 'example_sla_dag' retrieved from /Users/jayesh/Desktop/Personal Work/Movie_data_pipeline/.venv/lib/python3.12/site-packages/airflow/example_dags/example_sla_dag.py
[2024-12-11T23:58:37.801+0530] {logging_mixin.py:190} INFO - [2024-12-11T23:58:37.800+0530] {dag.py:3239} INFO - Sync 1 DAGs
[2024-12-11T23:58:37.827+0530] {logging_mixin.py:190} INFO - [2024-12-11T23:58:37.826+0530] {dag.py:4180} INFO - Setting next_dagrun for example_sla_dag to 2024-12-11 18:26:00+00:00, run_after=2024-12-11 18:28:00+00:00
[2024-12-11T23:58:37.850+0530] {processor.py:208} INFO - Processing /Users/jayesh/Desktop/Personal Work/Movie_data_pipeline/.venv/lib/python3.12/site-packages/airflow/example_dags/example_sla_dag.py took 0.280 seconds
[2024-12-12T00:01:31.149+0530] {processor.py:186} INFO - Started process (PID=13217) to work on /Users/jayesh/Desktop/Personal Work/Movie_data_pipeline/.venv/lib/python3.12/site-packages/airflow/example_dags/example_sla_dag.py
[2024-12-12T00:01:31.152+0530] {processor.py:914} INFO - Processing file /Users/jayesh/Desktop/Personal Work/Movie_data_pipeline/.venv/lib/python3.12/site-packages/airflow/example_dags/example_sla_dag.py for tasks to queue
[2024-12-12T00:01:31.154+0530] {logging_mixin.py:190} INFO - [2024-12-12T00:01:31.154+0530] {dagbag.py:588} INFO - Filling up the DagBag from /Users/jayesh/Desktop/Personal Work/Movie_data_pipeline/.venv/lib/python3.12/site-packages/airflow/example_dags/example_sla_dag.py
[2024-12-12T00:01:31.207+0530] {processor.py:925} INFO - DAG(s) 'example_sla_dag' retrieved from /Users/jayesh/Desktop/Personal Work/Movie_data_pipeline/.venv/lib/python3.12/site-packages/airflow/example_dags/example_sla_dag.py
[2024-12-12T00:01:31.337+0530] {logging_mixin.py:190} INFO - [2024-12-12T00:01:31.337+0530] {dag.py:3239} INFO - Sync 1 DAGs
[2024-12-12T00:01:31.363+0530] {logging_mixin.py:190} INFO - [2024-12-12T00:01:31.363+0530] {dag.py:4180} INFO - Setting next_dagrun for example_sla_dag to 2024-12-11 18:28:00+00:00, run_after=2024-12-11 18:30:00+00:00
[2024-12-12T00:01:31.386+0530] {processor.py:208} INFO - Processing /Users/jayesh/Desktop/Personal Work/Movie_data_pipeline/.venv/lib/python3.12/site-packages/airflow/example_dags/example_sla_dag.py took 0.240 seconds
[2024-12-12T00:04:25.043+0530] {processor.py:186} INFO - Started process (PID=13499) to work on /Users/jayesh/Desktop/Personal Work/Movie_data_pipeline/.venv/lib/python3.12/site-packages/airflow/example_dags/example_sla_dag.py
[2024-12-12T00:04:25.045+0530] {processor.py:914} INFO - Processing file /Users/jayesh/Desktop/Personal Work/Movie_data_pipeline/.venv/lib/python3.12/site-packages/airflow/example_dags/example_sla_dag.py for tasks to queue
[2024-12-12T00:04:25.047+0530] {logging_mixin.py:190} INFO - [2024-12-12T00:04:25.047+0530] {dagbag.py:588} INFO - Filling up the DagBag from /Users/jayesh/Desktop/Personal Work/Movie_data_pipeline/.venv/lib/python3.12/site-packages/airflow/example_dags/example_sla_dag.py
[2024-12-12T00:04:25.147+0530] {processor.py:925} INFO - DAG(s) 'example_sla_dag' retrieved from /Users/jayesh/Desktop/Personal Work/Movie_data_pipeline/.venv/lib/python3.12/site-packages/airflow/example_dags/example_sla_dag.py
[2024-12-12T00:04:25.294+0530] {logging_mixin.py:190} INFO - [2024-12-12T00:04:25.294+0530] {dag.py:3239} INFO - Sync 1 DAGs
[2024-12-12T00:04:25.318+0530] {logging_mixin.py:190} INFO - [2024-12-12T00:04:25.318+0530] {dag.py:4180} INFO - Setting next_dagrun for example_sla_dag to 2024-12-11 18:32:00+00:00, run_after=2024-12-11 18:34:00+00:00
[2024-12-12T00:04:25.342+0530] {processor.py:208} INFO - Processing /Users/jayesh/Desktop/Personal Work/Movie_data_pipeline/.venv/lib/python3.12/site-packages/airflow/example_dags/example_sla_dag.py took 0.303 seconds
[2024-12-12T00:07:19.793+0530] {processor.py:186} INFO - Started process (PID=13767) to work on /Users/jayesh/Desktop/Personal Work/Movie_data_pipeline/.venv/lib/python3.12/site-packages/airflow/example_dags/example_sla_dag.py
[2024-12-12T00:07:19.796+0530] {processor.py:914} INFO - Processing file /Users/jayesh/Desktop/Personal Work/Movie_data_pipeline/.venv/lib/python3.12/site-packages/airflow/example_dags/example_sla_dag.py for tasks to queue
[2024-12-12T00:07:19.798+0530] {logging_mixin.py:190} INFO - [2024-12-12T00:07:19.797+0530] {dagbag.py:588} INFO - Filling up the DagBag from /Users/jayesh/Desktop/Personal Work/Movie_data_pipeline/.venv/lib/python3.12/site-packages/airflow/example_dags/example_sla_dag.py
[2024-12-12T00:07:19.906+0530] {processor.py:925} INFO - DAG(s) 'example_sla_dag' retrieved from /Users/jayesh/Desktop/Personal Work/Movie_data_pipeline/.venv/lib/python3.12/site-packages/airflow/example_dags/example_sla_dag.py
[2024-12-12T00:07:20.031+0530] {logging_mixin.py:190} INFO - [2024-12-12T00:07:20.031+0530] {dag.py:3239} INFO - Sync 1 DAGs
[2024-12-12T00:07:20.057+0530] {logging_mixin.py:190} INFO - [2024-12-12T00:07:20.057+0530] {dag.py:4180} INFO - Setting next_dagrun for example_sla_dag to 2024-12-11 18:34:00+00:00, run_after=2024-12-11 18:36:00+00:00
[2024-12-12T00:07:20.084+0530] {processor.py:208} INFO - Processing /Users/jayesh/Desktop/Personal Work/Movie_data_pipeline/.venv/lib/python3.12/site-packages/airflow/example_dags/example_sla_dag.py took 0.295 seconds
[2024-12-12T00:10:13.121+0530] {processor.py:186} INFO - Started process (PID=14048) to work on /Users/jayesh/Desktop/Personal Work/Movie_data_pipeline/.venv/lib/python3.12/site-packages/airflow/example_dags/example_sla_dag.py
[2024-12-12T00:10:13.123+0530] {processor.py:914} INFO - Processing file /Users/jayesh/Desktop/Personal Work/Movie_data_pipeline/.venv/lib/python3.12/site-packages/airflow/example_dags/example_sla_dag.py for tasks to queue
[2024-12-12T00:10:13.125+0530] {logging_mixin.py:190} INFO - [2024-12-12T00:10:13.125+0530] {dagbag.py:588} INFO - Filling up the DagBag from /Users/jayesh/Desktop/Personal Work/Movie_data_pipeline/.venv/lib/python3.12/site-packages/airflow/example_dags/example_sla_dag.py
[2024-12-12T00:10:13.234+0530] {processor.py:925} INFO - DAG(s) 'example_sla_dag' retrieved from /Users/jayesh/Desktop/Personal Work/Movie_data_pipeline/.venv/lib/python3.12/site-packages/airflow/example_dags/example_sla_dag.py
[2024-12-12T00:10:13.352+0530] {logging_mixin.py:190} INFO - [2024-12-12T00:10:13.351+0530] {dag.py:3239} INFO - Sync 1 DAGs
[2024-12-12T00:10:13.379+0530] {logging_mixin.py:190} INFO - [2024-12-12T00:10:13.378+0530] {dag.py:4180} INFO - Setting next_dagrun for example_sla_dag to 2024-12-11 18:38:00+00:00, run_after=2024-12-11 18:40:00+00:00
[2024-12-12T00:10:13.406+0530] {processor.py:208} INFO - Processing /Users/jayesh/Desktop/Personal Work/Movie_data_pipeline/.venv/lib/python3.12/site-packages/airflow/example_dags/example_sla_dag.py took 0.290 seconds
[2024-12-12T00:13:07.972+0530] {processor.py:186} INFO - Started process (PID=14325) to work on /Users/jayesh/Desktop/Personal Work/Movie_data_pipeline/.venv/lib/python3.12/site-packages/airflow/example_dags/example_sla_dag.py
[2024-12-12T00:13:07.975+0530] {processor.py:914} INFO - Processing file /Users/jayesh/Desktop/Personal Work/Movie_data_pipeline/.venv/lib/python3.12/site-packages/airflow/example_dags/example_sla_dag.py for tasks to queue
[2024-12-12T00:13:07.978+0530] {logging_mixin.py:190} INFO - [2024-12-12T00:13:07.977+0530] {dagbag.py:588} INFO - Filling up the DagBag from /Users/jayesh/Desktop/Personal Work/Movie_data_pipeline/.venv/lib/python3.12/site-packages/airflow/example_dags/example_sla_dag.py
[2024-12-12T00:13:08.089+0530] {processor.py:925} INFO - DAG(s) 'example_sla_dag' retrieved from /Users/jayesh/Desktop/Personal Work/Movie_data_pipeline/.venv/lib/python3.12/site-packages/airflow/example_dags/example_sla_dag.py
[2024-12-12T00:13:08.212+0530] {logging_mixin.py:190} INFO - [2024-12-12T00:13:08.212+0530] {dag.py:3239} INFO - Sync 1 DAGs
[2024-12-12T00:13:08.239+0530] {logging_mixin.py:190} INFO - [2024-12-12T00:13:08.239+0530] {dag.py:4180} INFO - Setting next_dagrun for example_sla_dag to 2024-12-11 18:40:00+00:00, run_after=2024-12-11 18:42:00+00:00
[2024-12-12T00:13:08.263+0530] {processor.py:208} INFO - Processing /Users/jayesh/Desktop/Personal Work/Movie_data_pipeline/.venv/lib/python3.12/site-packages/airflow/example_dags/example_sla_dag.py took 0.297 seconds
[2024-12-12T00:16:01.359+0530] {processor.py:186} INFO - Started process (PID=14601) to work on /Users/jayesh/Desktop/Personal Work/Movie_data_pipeline/.venv/lib/python3.12/site-packages/airflow/example_dags/example_sla_dag.py
[2024-12-12T00:16:01.362+0530] {processor.py:914} INFO - Processing file /Users/jayesh/Desktop/Personal Work/Movie_data_pipeline/.venv/lib/python3.12/site-packages/airflow/example_dags/example_sla_dag.py for tasks to queue
[2024-12-12T00:16:01.363+0530] {logging_mixin.py:190} INFO - [2024-12-12T00:16:01.363+0530] {dagbag.py:588} INFO - Filling up the DagBag from /Users/jayesh/Desktop/Personal Work/Movie_data_pipeline/.venv/lib/python3.12/site-packages/airflow/example_dags/example_sla_dag.py
[2024-12-12T00:16:01.409+0530] {processor.py:925} INFO - DAG(s) 'example_sla_dag' retrieved from /Users/jayesh/Desktop/Personal Work/Movie_data_pipeline/.venv/lib/python3.12/site-packages/airflow/example_dags/example_sla_dag.py
[2024-12-12T00:16:01.524+0530] {logging_mixin.py:190} INFO - [2024-12-12T00:16:01.524+0530] {dag.py:3239} INFO - Sync 1 DAGs
[2024-12-12T00:16:01.549+0530] {logging_mixin.py:190} INFO - [2024-12-12T00:16:01.549+0530] {dag.py:4180} INFO - Setting next_dagrun for example_sla_dag to 2024-12-11 18:44:00+00:00, run_after=2024-12-11 18:46:00+00:00
[2024-12-12T00:16:01.572+0530] {processor.py:208} INFO - Processing /Users/jayesh/Desktop/Personal Work/Movie_data_pipeline/.venv/lib/python3.12/site-packages/airflow/example_dags/example_sla_dag.py took 0.219 seconds
[2024-12-12T00:18:49.213+0530] {processor.py:186} INFO - Started process (PID=14868) to work on /Users/jayesh/Desktop/Personal Work/Movie_data_pipeline/.venv/lib/python3.12/site-packages/airflow/example_dags/example_sla_dag.py
[2024-12-12T00:18:49.216+0530] {processor.py:914} INFO - Processing file /Users/jayesh/Desktop/Personal Work/Movie_data_pipeline/.venv/lib/python3.12/site-packages/airflow/example_dags/example_sla_dag.py for tasks to queue
[2024-12-12T00:18:49.218+0530] {logging_mixin.py:190} INFO - [2024-12-12T00:18:49.217+0530] {dagbag.py:588} INFO - Filling up the DagBag from /Users/jayesh/Desktop/Personal Work/Movie_data_pipeline/.venv/lib/python3.12/site-packages/airflow/example_dags/example_sla_dag.py
[2024-12-12T00:18:49.266+0530] {processor.py:925} INFO - DAG(s) 'example_sla_dag' retrieved from /Users/jayesh/Desktop/Personal Work/Movie_data_pipeline/.venv/lib/python3.12/site-packages/airflow/example_dags/example_sla_dag.py
[2024-12-12T00:18:49.385+0530] {logging_mixin.py:190} INFO - [2024-12-12T00:18:49.384+0530] {dag.py:3239} INFO - Sync 1 DAGs
[2024-12-12T00:18:49.408+0530] {logging_mixin.py:190} INFO - [2024-12-12T00:18:49.407+0530] {dag.py:4180} INFO - Setting next_dagrun for example_sla_dag to 2024-12-11 18:46:00+00:00, run_after=2024-12-11 18:48:00+00:00
[2024-12-12T00:18:49.433+0530] {processor.py:208} INFO - Processing /Users/jayesh/Desktop/Personal Work/Movie_data_pipeline/.venv/lib/python3.12/site-packages/airflow/example_dags/example_sla_dag.py took 0.225 seconds
[2024-12-12T00:22:01.558+0530] {processor.py:186} INFO - Started process (PID=15182) to work on /Users/jayesh/Desktop/Personal Work/Movie_data_pipeline/.venv/lib/python3.12/site-packages/airflow/example_dags/example_sla_dag.py
[2024-12-12T00:22:01.560+0530] {processor.py:914} INFO - Processing file /Users/jayesh/Desktop/Personal Work/Movie_data_pipeline/.venv/lib/python3.12/site-packages/airflow/example_dags/example_sla_dag.py for tasks to queue
[2024-12-12T00:22:01.562+0530] {logging_mixin.py:190} INFO - [2024-12-12T00:22:01.562+0530] {dagbag.py:588} INFO - Filling up the DagBag from /Users/jayesh/Desktop/Personal Work/Movie_data_pipeline/.venv/lib/python3.12/site-packages/airflow/example_dags/example_sla_dag.py
[2024-12-12T00:22:01.620+0530] {processor.py:925} INFO - DAG(s) 'example_sla_dag' retrieved from /Users/jayesh/Desktop/Personal Work/Movie_data_pipeline/.venv/lib/python3.12/site-packages/airflow/example_dags/example_sla_dag.py
[2024-12-12T00:22:01.753+0530] {logging_mixin.py:190} INFO - [2024-12-12T00:22:01.753+0530] {dag.py:3239} INFO - Sync 1 DAGs
[2024-12-12T00:22:01.777+0530] {logging_mixin.py:190} INFO - [2024-12-12T00:22:01.777+0530] {dag.py:4180} INFO - Setting next_dagrun for example_sla_dag to 2024-12-11 18:50:00+00:00, run_after=2024-12-11 18:52:00+00:00
[2024-12-12T00:22:01.804+0530] {processor.py:208} INFO - Processing /Users/jayesh/Desktop/Personal Work/Movie_data_pipeline/.venv/lib/python3.12/site-packages/airflow/example_dags/example_sla_dag.py took 0.250 seconds
[2024-12-12T00:25:33.645+0530] {processor.py:186} INFO - Started process (PID=15519) to work on /Users/jayesh/Desktop/Personal Work/Movie_data_pipeline/.venv/lib/python3.12/site-packages/airflow/example_dags/example_sla_dag.py
[2024-12-12T00:25:33.648+0530] {processor.py:914} INFO - Processing file /Users/jayesh/Desktop/Personal Work/Movie_data_pipeline/.venv/lib/python3.12/site-packages/airflow/example_dags/example_sla_dag.py for tasks to queue
[2024-12-12T00:25:33.649+0530] {logging_mixin.py:190} INFO - [2024-12-12T00:25:33.649+0530] {dagbag.py:588} INFO - Filling up the DagBag from /Users/jayesh/Desktop/Personal Work/Movie_data_pipeline/.venv/lib/python3.12/site-packages/airflow/example_dags/example_sla_dag.py
[2024-12-12T00:25:33.769+0530] {processor.py:925} INFO - DAG(s) 'example_sla_dag' retrieved from /Users/jayesh/Desktop/Personal Work/Movie_data_pipeline/.venv/lib/python3.12/site-packages/airflow/example_dags/example_sla_dag.py
[2024-12-12T00:25:33.915+0530] {logging_mixin.py:190} INFO - [2024-12-12T00:25:33.914+0530] {dag.py:3239} INFO - Sync 1 DAGs
[2024-12-12T00:25:33.945+0530] {logging_mixin.py:190} INFO - [2024-12-12T00:25:33.945+0530] {dag.py:4180} INFO - Setting next_dagrun for example_sla_dag to 2024-12-11 18:52:00+00:00, run_after=2024-12-11 18:54:00+00:00
[2024-12-12T00:25:33.969+0530] {processor.py:208} INFO - Processing /Users/jayesh/Desktop/Personal Work/Movie_data_pipeline/.venv/lib/python3.12/site-packages/airflow/example_dags/example_sla_dag.py took 0.328 seconds
[2024-12-12T00:28:46.841+0530] {processor.py:186} INFO - Started process (PID=15829) to work on /Users/jayesh/Desktop/Personal Work/Movie_data_pipeline/.venv/lib/python3.12/site-packages/airflow/example_dags/example_sla_dag.py
[2024-12-12T00:28:46.843+0530] {processor.py:914} INFO - Processing file /Users/jayesh/Desktop/Personal Work/Movie_data_pipeline/.venv/lib/python3.12/site-packages/airflow/example_dags/example_sla_dag.py for tasks to queue
[2024-12-12T00:28:46.844+0530] {logging_mixin.py:190} INFO - [2024-12-12T00:28:46.844+0530] {dagbag.py:588} INFO - Filling up the DagBag from /Users/jayesh/Desktop/Personal Work/Movie_data_pipeline/.venv/lib/python3.12/site-packages/airflow/example_dags/example_sla_dag.py
[2024-12-12T00:28:46.893+0530] {processor.py:925} INFO - DAG(s) 'example_sla_dag' retrieved from /Users/jayesh/Desktop/Personal Work/Movie_data_pipeline/.venv/lib/python3.12/site-packages/airflow/example_dags/example_sla_dag.py
[2024-12-12T00:28:47.010+0530] {logging_mixin.py:190} INFO - [2024-12-12T00:28:47.009+0530] {dag.py:3239} INFO - Sync 1 DAGs
[2024-12-12T00:28:47.036+0530] {logging_mixin.py:190} INFO - [2024-12-12T00:28:47.035+0530] {dag.py:4180} INFO - Setting next_dagrun for example_sla_dag to 2024-12-11 18:56:00+00:00, run_after=2024-12-11 18:58:00+00:00
[2024-12-12T00:28:47.064+0530] {processor.py:208} INFO - Processing /Users/jayesh/Desktop/Personal Work/Movie_data_pipeline/.venv/lib/python3.12/site-packages/airflow/example_dags/example_sla_dag.py took 0.227 seconds
