[2024-12-11T23:27:17.295+0530] {processor.py:186} INFO - Started process (PID=9640) to work on /Users/jayesh/Desktop/Personal Work/Movie_data_pipeline/.venv/lib/python3.12/site-packages/airflow/example_dags/example_branch_python_dop_operator_3.py
[2024-12-11T23:27:17.297+0530] {processor.py:914} INFO - Processing file /Users/jayesh/Desktop/Personal Work/Movie_data_pipeline/.venv/lib/python3.12/site-packages/airflow/example_dags/example_branch_python_dop_operator_3.py for tasks to queue
[2024-12-11T23:27:17.298+0530] {logging_mixin.py:190} INFO - [2024-12-11T23:27:17.298+0530] {dagbag.py:588} INFO - Filling up the DagBag from /Users/jayesh/Desktop/Personal Work/Movie_data_pipeline/.venv/lib/python3.12/site-packages/airflow/example_dags/example_branch_python_dop_operator_3.py
[2024-12-11T23:27:17.356+0530] {processor.py:925} INFO - DAG(s) 'example_branch_dop_operator_v3' retrieved from /Users/jayesh/Desktop/Personal Work/Movie_data_pipeline/.venv/lib/python3.12/site-packages/airflow/example_dags/example_branch_python_dop_operator_3.py
[2024-12-11T23:27:17.685+0530] {logging_mixin.py:190} INFO - [2024-12-11T23:27:17.684+0530] {override.py:1911} INFO - Created Permission View: can edit on DAG:example_branch_dop_operator_v3
[2024-12-11T23:27:17.696+0530] {logging_mixin.py:190} INFO - [2024-12-11T23:27:17.696+0530] {override.py:1911} INFO - Created Permission View: can read on DAG:example_branch_dop_operator_v3
[2024-12-11T23:27:17.705+0530] {logging_mixin.py:190} INFO - [2024-12-11T23:27:17.704+0530] {override.py:1911} INFO - Created Permission View: can delete on DAG:example_branch_dop_operator_v3
[2024-12-11T23:27:17.717+0530] {logging_mixin.py:190} INFO - [2024-12-11T23:27:17.716+0530] {override.py:1911} INFO - Created Permission View: can create on DAG Run:example_branch_dop_operator_v3
[2024-12-11T23:27:17.726+0530] {logging_mixin.py:190} INFO - [2024-12-11T23:27:17.725+0530] {override.py:1911} INFO - Created Permission View: can read on DAG Run:example_branch_dop_operator_v3
[2024-12-11T23:27:17.734+0530] {logging_mixin.py:190} INFO - [2024-12-11T23:27:17.733+0530] {override.py:1911} INFO - Created Permission View: menu access on DAG Run:example_branch_dop_operator_v3
[2024-12-11T23:27:17.742+0530] {logging_mixin.py:190} INFO - [2024-12-11T23:27:17.742+0530] {override.py:1911} INFO - Created Permission View: can delete on DAG Run:example_branch_dop_operator_v3
[2024-12-11T23:27:17.743+0530] {logging_mixin.py:190} INFO - [2024-12-11T23:27:17.743+0530] {dag.py:3239} INFO - Sync 1 DAGs
[2024-12-11T23:27:17.759+0530] {logging_mixin.py:190} INFO - [2024-12-11T23:27:17.759+0530] {dag.py:3262} INFO - Creating ORM DAG for example_branch_dop_operator_v3
[2024-12-11T23:27:17.776+0530] {logging_mixin.py:190} INFO - [2024-12-11T23:27:17.775+0530] {dag.py:4180} INFO - Setting next_dagrun for example_branch_dop_operator_v3 to 2024-12-11 17:56:00+00:00, run_after=2024-12-11 17:57:00+00:00
[2024-12-11T23:27:17.796+0530] {processor.py:208} INFO - Processing /Users/jayesh/Desktop/Personal Work/Movie_data_pipeline/.venv/lib/python3.12/site-packages/airflow/example_dags/example_branch_python_dop_operator_3.py took 0.506 seconds
[2024-12-11T23:31:23.974+0530] {processor.py:186} INFO - Started process (PID=10021) to work on /Users/jayesh/Desktop/Personal Work/Movie_data_pipeline/.venv/lib/python3.12/site-packages/airflow/example_dags/example_branch_python_dop_operator_3.py
[2024-12-11T23:31:23.977+0530] {processor.py:914} INFO - Processing file /Users/jayesh/Desktop/Personal Work/Movie_data_pipeline/.venv/lib/python3.12/site-packages/airflow/example_dags/example_branch_python_dop_operator_3.py for tasks to queue
[2024-12-11T23:31:23.979+0530] {logging_mixin.py:190} INFO - [2024-12-11T23:31:23.978+0530] {dagbag.py:588} INFO - Filling up the DagBag from /Users/jayesh/Desktop/Personal Work/Movie_data_pipeline/.venv/lib/python3.12/site-packages/airflow/example_dags/example_branch_python_dop_operator_3.py
[2024-12-11T23:31:24.036+0530] {processor.py:925} INFO - DAG(s) 'example_branch_dop_operator_v3' retrieved from /Users/jayesh/Desktop/Personal Work/Movie_data_pipeline/.venv/lib/python3.12/site-packages/airflow/example_dags/example_branch_python_dop_operator_3.py
[2024-12-11T23:31:24.184+0530] {logging_mixin.py:190} INFO - [2024-12-11T23:31:24.184+0530] {dag.py:3239} INFO - Sync 1 DAGs
[2024-12-11T23:31:24.220+0530] {logging_mixin.py:190} INFO - [2024-12-11T23:31:24.220+0530] {dag.py:4180} INFO - Setting next_dagrun for example_branch_dop_operator_v3 to 2024-12-11 18:00:00+00:00, run_after=2024-12-11 18:01:00+00:00
[2024-12-11T23:31:24.248+0530] {processor.py:208} INFO - Processing /Users/jayesh/Desktop/Personal Work/Movie_data_pipeline/.venv/lib/python3.12/site-packages/airflow/example_dags/example_branch_python_dop_operator_3.py took 0.282 seconds
[2024-12-11T23:39:34.396+0530] {processor.py:186} INFO - Started process (PID=10977) to work on /Users/jayesh/Desktop/Personal Work/Movie_data_pipeline/.venv/lib/python3.12/site-packages/airflow/example_dags/example_branch_python_dop_operator_3.py
[2024-12-11T23:39:34.400+0530] {processor.py:914} INFO - Processing file /Users/jayesh/Desktop/Personal Work/Movie_data_pipeline/.venv/lib/python3.12/site-packages/airflow/example_dags/example_branch_python_dop_operator_3.py for tasks to queue
[2024-12-11T23:39:34.406+0530] {logging_mixin.py:190} INFO - [2024-12-11T23:39:34.403+0530] {dagbag.py:588} INFO - Filling up the DagBag from /Users/jayesh/Desktop/Personal Work/Movie_data_pipeline/.venv/lib/python3.12/site-packages/airflow/example_dags/example_branch_python_dop_operator_3.py
[2024-12-11T23:39:34.570+0530] {processor.py:925} INFO - DAG(s) 'example_branch_dop_operator_v3' retrieved from /Users/jayesh/Desktop/Personal Work/Movie_data_pipeline/.venv/lib/python3.12/site-packages/airflow/example_dags/example_branch_python_dop_operator_3.py
[2024-12-11T23:39:34.776+0530] {logging_mixin.py:190} INFO - [2024-12-11T23:39:34.776+0530] {dag.py:3239} INFO - Sync 1 DAGs
[2024-12-11T23:39:34.889+0530] {logging_mixin.py:190} INFO - [2024-12-11T23:39:34.889+0530] {dag.py:4180} INFO - Setting next_dagrun for example_branch_dop_operator_v3 to 2024-12-11 18:08:00+00:00, run_after=2024-12-11 18:09:00+00:00
[2024-12-11T23:39:34.964+0530] {processor.py:208} INFO - Processing /Users/jayesh/Desktop/Personal Work/Movie_data_pipeline/.venv/lib/python3.12/site-packages/airflow/example_dags/example_branch_python_dop_operator_3.py took 0.572 seconds
[2024-12-11T23:48:48.091+0530] {processor.py:186} INFO - Started process (PID=11923) to work on /Users/jayesh/Desktop/Personal Work/Movie_data_pipeline/.venv/lib/python3.12/site-packages/airflow/example_dags/example_branch_python_dop_operator_3.py
[2024-12-11T23:48:48.095+0530] {processor.py:914} INFO - Processing file /Users/jayesh/Desktop/Personal Work/Movie_data_pipeline/.venv/lib/python3.12/site-packages/airflow/example_dags/example_branch_python_dop_operator_3.py for tasks to queue
[2024-12-11T23:48:48.096+0530] {logging_mixin.py:190} INFO - [2024-12-11T23:48:48.096+0530] {dagbag.py:588} INFO - Filling up the DagBag from /Users/jayesh/Desktop/Personal Work/Movie_data_pipeline/.venv/lib/python3.12/site-packages/airflow/example_dags/example_branch_python_dop_operator_3.py
[2024-12-11T23:48:48.147+0530] {processor.py:925} INFO - DAG(s) 'example_branch_dop_operator_v3' retrieved from /Users/jayesh/Desktop/Personal Work/Movie_data_pipeline/.venv/lib/python3.12/site-packages/airflow/example_dags/example_branch_python_dop_operator_3.py
[2024-12-11T23:48:48.287+0530] {logging_mixin.py:190} INFO - [2024-12-11T23:48:48.286+0530] {dag.py:3239} INFO - Sync 1 DAGs
[2024-12-11T23:48:48.314+0530] {logging_mixin.py:190} INFO - [2024-12-11T23:48:48.313+0530] {dag.py:4180} INFO - Setting next_dagrun for example_branch_dop_operator_v3 to 2024-12-11 18:17:00+00:00, run_after=2024-12-11 18:18:00+00:00
[2024-12-11T23:48:48.340+0530] {processor.py:208} INFO - Processing /Users/jayesh/Desktop/Personal Work/Movie_data_pipeline/.venv/lib/python3.12/site-packages/airflow/example_dags/example_branch_python_dop_operator_3.py took 0.253 seconds
[2024-12-11T23:54:29.118+0530] {processor.py:186} INFO - Started process (PID=12527) to work on /Users/jayesh/Desktop/Personal Work/Movie_data_pipeline/.venv/lib/python3.12/site-packages/airflow/example_dags/example_branch_python_dop_operator_3.py
[2024-12-11T23:54:29.121+0530] {processor.py:914} INFO - Processing file /Users/jayesh/Desktop/Personal Work/Movie_data_pipeline/.venv/lib/python3.12/site-packages/airflow/example_dags/example_branch_python_dop_operator_3.py for tasks to queue
[2024-12-11T23:54:29.122+0530] {logging_mixin.py:190} INFO - [2024-12-11T23:54:29.122+0530] {dagbag.py:588} INFO - Filling up the DagBag from /Users/jayesh/Desktop/Personal Work/Movie_data_pipeline/.venv/lib/python3.12/site-packages/airflow/example_dags/example_branch_python_dop_operator_3.py
[2024-12-11T23:54:29.179+0530] {processor.py:925} INFO - DAG(s) 'example_branch_dop_operator_v3' retrieved from /Users/jayesh/Desktop/Personal Work/Movie_data_pipeline/.venv/lib/python3.12/site-packages/airflow/example_dags/example_branch_python_dop_operator_3.py
[2024-12-11T23:54:29.320+0530] {logging_mixin.py:190} INFO - [2024-12-11T23:54:29.319+0530] {dag.py:3239} INFO - Sync 1 DAGs
[2024-12-11T23:54:29.350+0530] {logging_mixin.py:190} INFO - [2024-12-11T23:54:29.350+0530] {dag.py:4180} INFO - Setting next_dagrun for example_branch_dop_operator_v3 to 2024-12-11 18:23:00+00:00, run_after=2024-12-11 18:24:00+00:00
[2024-12-11T23:54:29.378+0530] {processor.py:208} INFO - Processing /Users/jayesh/Desktop/Personal Work/Movie_data_pipeline/.venv/lib/python3.12/site-packages/airflow/example_dags/example_branch_python_dop_operator_3.py took 0.264 seconds
[2024-12-12T00:00:16.094+0530] {processor.py:186} INFO - Started process (PID=13103) to work on /Users/jayesh/Desktop/Personal Work/Movie_data_pipeline/.venv/lib/python3.12/site-packages/airflow/example_dags/example_branch_python_dop_operator_3.py
[2024-12-12T00:00:16.097+0530] {processor.py:914} INFO - Processing file /Users/jayesh/Desktop/Personal Work/Movie_data_pipeline/.venv/lib/python3.12/site-packages/airflow/example_dags/example_branch_python_dop_operator_3.py for tasks to queue
[2024-12-12T00:00:16.098+0530] {logging_mixin.py:190} INFO - [2024-12-12T00:00:16.098+0530] {dagbag.py:588} INFO - Filling up the DagBag from /Users/jayesh/Desktop/Personal Work/Movie_data_pipeline/.venv/lib/python3.12/site-packages/airflow/example_dags/example_branch_python_dop_operator_3.py
[2024-12-12T00:00:16.153+0530] {processor.py:925} INFO - DAG(s) 'example_branch_dop_operator_v3' retrieved from /Users/jayesh/Desktop/Personal Work/Movie_data_pipeline/.venv/lib/python3.12/site-packages/airflow/example_dags/example_branch_python_dop_operator_3.py
[2024-12-12T00:00:16.304+0530] {logging_mixin.py:190} INFO - [2024-12-12T00:00:16.303+0530] {dag.py:3239} INFO - Sync 1 DAGs
[2024-12-12T00:00:16.335+0530] {logging_mixin.py:190} INFO - [2024-12-12T00:00:16.335+0530] {dag.py:4180} INFO - Setting next_dagrun for example_branch_dop_operator_v3 to 2024-12-11 18:29:00+00:00, run_after=2024-12-11 18:30:00+00:00
[2024-12-12T00:00:16.361+0530] {processor.py:208} INFO - Processing /Users/jayesh/Desktop/Personal Work/Movie_data_pipeline/.venv/lib/python3.12/site-packages/airflow/example_dags/example_branch_python_dop_operator_3.py took 0.270 seconds
[2024-12-12T00:06:04.670+0530] {processor.py:186} INFO - Started process (PID=13662) to work on /Users/jayesh/Desktop/Personal Work/Movie_data_pipeline/.venv/lib/python3.12/site-packages/airflow/example_dags/example_branch_python_dop_operator_3.py
[2024-12-12T00:06:04.673+0530] {processor.py:914} INFO - Processing file /Users/jayesh/Desktop/Personal Work/Movie_data_pipeline/.venv/lib/python3.12/site-packages/airflow/example_dags/example_branch_python_dop_operator_3.py for tasks to queue
[2024-12-12T00:06:04.675+0530] {logging_mixin.py:190} INFO - [2024-12-12T00:06:04.674+0530] {dagbag.py:588} INFO - Filling up the DagBag from /Users/jayesh/Desktop/Personal Work/Movie_data_pipeline/.venv/lib/python3.12/site-packages/airflow/example_dags/example_branch_python_dop_operator_3.py
[2024-12-12T00:06:04.736+0530] {processor.py:925} INFO - DAG(s) 'example_branch_dop_operator_v3' retrieved from /Users/jayesh/Desktop/Personal Work/Movie_data_pipeline/.venv/lib/python3.12/site-packages/airflow/example_dags/example_branch_python_dop_operator_3.py
[2024-12-12T00:06:04.881+0530] {logging_mixin.py:190} INFO - [2024-12-12T00:06:04.880+0530] {dag.py:3239} INFO - Sync 1 DAGs
[2024-12-12T00:06:04.911+0530] {logging_mixin.py:190} INFO - [2024-12-12T00:06:04.911+0530] {dag.py:4180} INFO - Setting next_dagrun for example_branch_dop_operator_v3 to 2024-12-11 18:35:00+00:00, run_after=2024-12-11 18:36:00+00:00
[2024-12-12T00:06:04.938+0530] {processor.py:208} INFO - Processing /Users/jayesh/Desktop/Personal Work/Movie_data_pipeline/.venv/lib/python3.12/site-packages/airflow/example_dags/example_branch_python_dop_operator_3.py took 0.272 seconds
[2024-12-12T00:11:53.151+0530] {processor.py:186} INFO - Started process (PID=14218) to work on /Users/jayesh/Desktop/Personal Work/Movie_data_pipeline/.venv/lib/python3.12/site-packages/airflow/example_dags/example_branch_python_dop_operator_3.py
[2024-12-12T00:11:53.153+0530] {processor.py:914} INFO - Processing file /Users/jayesh/Desktop/Personal Work/Movie_data_pipeline/.venv/lib/python3.12/site-packages/airflow/example_dags/example_branch_python_dop_operator_3.py for tasks to queue
[2024-12-12T00:11:53.155+0530] {logging_mixin.py:190} INFO - [2024-12-12T00:11:53.155+0530] {dagbag.py:588} INFO - Filling up the DagBag from /Users/jayesh/Desktop/Personal Work/Movie_data_pipeline/.venv/lib/python3.12/site-packages/airflow/example_dags/example_branch_python_dop_operator_3.py
[2024-12-12T00:11:53.211+0530] {processor.py:925} INFO - DAG(s) 'example_branch_dop_operator_v3' retrieved from /Users/jayesh/Desktop/Personal Work/Movie_data_pipeline/.venv/lib/python3.12/site-packages/airflow/example_dags/example_branch_python_dop_operator_3.py
[2024-12-12T00:11:53.359+0530] {logging_mixin.py:190} INFO - [2024-12-12T00:11:53.358+0530] {dag.py:3239} INFO - Sync 1 DAGs
[2024-12-12T00:11:53.386+0530] {logging_mixin.py:190} INFO - [2024-12-12T00:11:53.386+0530] {dag.py:4180} INFO - Setting next_dagrun for example_branch_dop_operator_v3 to 2024-12-11 18:40:00+00:00, run_after=2024-12-11 18:41:00+00:00
[2024-12-12T00:11:53.413+0530] {processor.py:208} INFO - Processing /Users/jayesh/Desktop/Personal Work/Movie_data_pipeline/.venv/lib/python3.12/site-packages/airflow/example_dags/example_branch_python_dop_operator_3.py took 0.267 seconds
[2024-12-12T00:17:37.253+0530] {processor.py:186} INFO - Started process (PID=14749) to work on /Users/jayesh/Desktop/Personal Work/Movie_data_pipeline/.venv/lib/python3.12/site-packages/airflow/example_dags/example_branch_python_dop_operator_3.py
[2024-12-12T00:17:37.255+0530] {processor.py:914} INFO - Processing file /Users/jayesh/Desktop/Personal Work/Movie_data_pipeline/.venv/lib/python3.12/site-packages/airflow/example_dags/example_branch_python_dop_operator_3.py for tasks to queue
[2024-12-12T00:17:37.256+0530] {logging_mixin.py:190} INFO - [2024-12-12T00:17:37.256+0530] {dagbag.py:588} INFO - Filling up the DagBag from /Users/jayesh/Desktop/Personal Work/Movie_data_pipeline/.venv/lib/python3.12/site-packages/airflow/example_dags/example_branch_python_dop_operator_3.py
[2024-12-12T00:17:37.303+0530] {processor.py:925} INFO - DAG(s) 'example_branch_dop_operator_v3' retrieved from /Users/jayesh/Desktop/Personal Work/Movie_data_pipeline/.venv/lib/python3.12/site-packages/airflow/example_dags/example_branch_python_dop_operator_3.py
[2024-12-12T00:17:37.419+0530] {logging_mixin.py:190} INFO - [2024-12-12T00:17:37.418+0530] {dag.py:3239} INFO - Sync 1 DAGs
[2024-12-12T00:17:37.444+0530] {logging_mixin.py:190} INFO - [2024-12-12T00:17:37.443+0530] {dag.py:4180} INFO - Setting next_dagrun for example_branch_dop_operator_v3 to 2024-12-11 18:46:00+00:00, run_after=2024-12-11 18:47:00+00:00
[2024-12-12T00:17:37.467+0530] {processor.py:208} INFO - Processing /Users/jayesh/Desktop/Personal Work/Movie_data_pipeline/.venv/lib/python3.12/site-packages/airflow/example_dags/example_branch_python_dop_operator_3.py took 0.218 seconds
[2024-12-12T00:23:53.032+0530] {processor.py:186} INFO - Started process (PID=15354) to work on /Users/jayesh/Desktop/Personal Work/Movie_data_pipeline/.venv/lib/python3.12/site-packages/airflow/example_dags/example_branch_python_dop_operator_3.py
[2024-12-12T00:23:53.034+0530] {processor.py:914} INFO - Processing file /Users/jayesh/Desktop/Personal Work/Movie_data_pipeline/.venv/lib/python3.12/site-packages/airflow/example_dags/example_branch_python_dop_operator_3.py for tasks to queue
[2024-12-12T00:23:53.035+0530] {logging_mixin.py:190} INFO - [2024-12-12T00:23:53.035+0530] {dagbag.py:588} INFO - Filling up the DagBag from /Users/jayesh/Desktop/Personal Work/Movie_data_pipeline/.venv/lib/python3.12/site-packages/airflow/example_dags/example_branch_python_dop_operator_3.py
[2024-12-12T00:23:53.080+0530] {processor.py:925} INFO - DAG(s) 'example_branch_dop_operator_v3' retrieved from /Users/jayesh/Desktop/Personal Work/Movie_data_pipeline/.venv/lib/python3.12/site-packages/airflow/example_dags/example_branch_python_dop_operator_3.py
[2024-12-12T00:23:53.199+0530] {logging_mixin.py:190} INFO - [2024-12-12T00:23:53.198+0530] {dag.py:3239} INFO - Sync 1 DAGs
[2024-12-12T00:23:53.226+0530] {logging_mixin.py:190} INFO - [2024-12-12T00:23:53.226+0530] {dag.py:4180} INFO - Setting next_dagrun for example_branch_dop_operator_v3 to 2024-12-11 18:52:00+00:00, run_after=2024-12-11 18:53:00+00:00
[2024-12-12T00:23:53.250+0530] {processor.py:208} INFO - Processing /Users/jayesh/Desktop/Personal Work/Movie_data_pipeline/.venv/lib/python3.12/site-packages/airflow/example_dags/example_branch_python_dop_operator_3.py took 0.222 seconds
