[2024-12-11T23:23:49.496+0530] {processor.py:186} INFO - Started process (PID=9252) to work on /Users/jayesh/Desktop/Personal Work/Movie_data_pipeline/.venv/lib/python3.12/site-packages/airflow/example_dags/tutorial_taskflow_api.py
[2024-12-11T23:23:49.499+0530] {processor.py:914} INFO - Processing file /Users/jayesh/Desktop/Personal Work/Movie_data_pipeline/.venv/lib/python3.12/site-packages/airflow/example_dags/tutorial_taskflow_api.py for tasks to queue
[2024-12-11T23:23:49.501+0530] {logging_mixin.py:190} INFO - [2024-12-11T23:23:49.501+0530] {dagbag.py:588} INFO - Filling up the DagBag from /Users/jayesh/Desktop/Personal Work/Movie_data_pipeline/.venv/lib/python3.12/site-packages/airflow/example_dags/tutorial_taskflow_api.py
[2024-12-11T23:23:49.596+0530] {processor.py:925} INFO - DAG(s) 'tutorial_taskflow_api' retrieved from /Users/jayesh/Desktop/Personal Work/Movie_data_pipeline/.venv/lib/python3.12/site-packages/airflow/example_dags/tutorial_taskflow_api.py
[2024-12-11T23:23:50.169+0530] {logging_mixin.py:190} INFO - [2024-12-11T23:23:50.169+0530] {override.py:1911} INFO - Created Permission View: can read on DAG:tutorial_taskflow_api
[2024-12-11T23:23:50.181+0530] {logging_mixin.py:190} INFO - [2024-12-11T23:23:50.181+0530] {override.py:1911} INFO - Created Permission View: can delete on DAG:tutorial_taskflow_api
[2024-12-11T23:23:50.190+0530] {logging_mixin.py:190} INFO - [2024-12-11T23:23:50.190+0530] {override.py:1911} INFO - Created Permission View: can edit on DAG:tutorial_taskflow_api
[2024-12-11T23:23:50.203+0530] {logging_mixin.py:190} INFO - [2024-12-11T23:23:50.203+0530] {override.py:1911} INFO - Created Permission View: can read on DAG Run:tutorial_taskflow_api
[2024-12-11T23:23:50.212+0530] {logging_mixin.py:190} INFO - [2024-12-11T23:23:50.212+0530] {override.py:1911} INFO - Created Permission View: can delete on DAG Run:tutorial_taskflow_api
[2024-12-11T23:23:50.224+0530] {logging_mixin.py:190} INFO - [2024-12-11T23:23:50.224+0530] {override.py:1911} INFO - Created Permission View: menu access on DAG Run:tutorial_taskflow_api
[2024-12-11T23:23:50.241+0530] {logging_mixin.py:190} INFO - [2024-12-11T23:23:50.240+0530] {override.py:1911} INFO - Created Permission View: can create on DAG Run:tutorial_taskflow_api
[2024-12-11T23:23:50.242+0530] {logging_mixin.py:190} INFO - [2024-12-11T23:23:50.242+0530] {dag.py:3239} INFO - Sync 1 DAGs
[2024-12-11T23:23:50.291+0530] {logging_mixin.py:190} INFO - [2024-12-11T23:23:50.289+0530] {dag.py:3262} INFO - Creating ORM DAG for tutorial_taskflow_api
[2024-12-11T23:23:50.295+0530] {logging_mixin.py:190} INFO - [2024-12-11T23:23:50.295+0530] {dag.py:4180} INFO - Setting next_dagrun for tutorial_taskflow_api to None, run_after=None
[2024-12-11T23:23:50.322+0530] {processor.py:208} INFO - Processing /Users/jayesh/Desktop/Personal Work/Movie_data_pipeline/.venv/lib/python3.12/site-packages/airflow/example_dags/tutorial_taskflow_api.py took 0.831 seconds
[2024-12-11T23:28:33.774+0530] {processor.py:186} INFO - Started process (PID=9761) to work on /Users/jayesh/Desktop/Personal Work/Movie_data_pipeline/.venv/lib/python3.12/site-packages/airflow/example_dags/tutorial_taskflow_api.py
[2024-12-11T23:28:33.777+0530] {processor.py:914} INFO - Processing file /Users/jayesh/Desktop/Personal Work/Movie_data_pipeline/.venv/lib/python3.12/site-packages/airflow/example_dags/tutorial_taskflow_api.py for tasks to queue
[2024-12-11T23:28:33.779+0530] {logging_mixin.py:190} INFO - [2024-12-11T23:28:33.778+0530] {dagbag.py:588} INFO - Filling up the DagBag from /Users/jayesh/Desktop/Personal Work/Movie_data_pipeline/.venv/lib/python3.12/site-packages/airflow/example_dags/tutorial_taskflow_api.py
[2024-12-11T23:28:33.933+0530] {processor.py:925} INFO - DAG(s) 'tutorial_taskflow_api' retrieved from /Users/jayesh/Desktop/Personal Work/Movie_data_pipeline/.venv/lib/python3.12/site-packages/airflow/example_dags/tutorial_taskflow_api.py
[2024-12-11T23:28:34.208+0530] {logging_mixin.py:190} INFO - [2024-12-11T23:28:34.207+0530] {dag.py:3239} INFO - Sync 1 DAGs
[2024-12-11T23:28:34.239+0530] {logging_mixin.py:190} INFO - [2024-12-11T23:28:34.239+0530] {dag.py:4180} INFO - Setting next_dagrun for tutorial_taskflow_api to None, run_after=None
[2024-12-11T23:28:34.294+0530] {processor.py:208} INFO - Processing /Users/jayesh/Desktop/Personal Work/Movie_data_pipeline/.venv/lib/python3.12/site-packages/airflow/example_dags/tutorial_taskflow_api.py took 0.530 seconds
[2024-12-11T23:31:55.220+0530] {processor.py:186} INFO - Started process (PID=10075) to work on /Users/jayesh/Desktop/Personal Work/Movie_data_pipeline/.venv/lib/python3.12/site-packages/airflow/example_dags/tutorial_taskflow_api.py
[2024-12-11T23:31:55.222+0530] {processor.py:914} INFO - Processing file /Users/jayesh/Desktop/Personal Work/Movie_data_pipeline/.venv/lib/python3.12/site-packages/airflow/example_dags/tutorial_taskflow_api.py for tasks to queue
[2024-12-11T23:31:55.225+0530] {logging_mixin.py:190} INFO - [2024-12-11T23:31:55.225+0530] {dagbag.py:588} INFO - Filling up the DagBag from /Users/jayesh/Desktop/Personal Work/Movie_data_pipeline/.venv/lib/python3.12/site-packages/airflow/example_dags/tutorial_taskflow_api.py
[2024-12-11T23:31:55.292+0530] {processor.py:925} INFO - DAG(s) 'tutorial_taskflow_api' retrieved from /Users/jayesh/Desktop/Personal Work/Movie_data_pipeline/.venv/lib/python3.12/site-packages/airflow/example_dags/tutorial_taskflow_api.py
[2024-12-11T23:31:55.463+0530] {logging_mixin.py:190} INFO - [2024-12-11T23:31:55.463+0530] {dag.py:3239} INFO - Sync 1 DAGs
[2024-12-11T23:31:55.479+0530] {logging_mixin.py:190} INFO - [2024-12-11T23:31:55.479+0530] {dag.py:4180} INFO - Setting next_dagrun for tutorial_taskflow_api to None, run_after=None
[2024-12-11T23:31:55.506+0530] {processor.py:208} INFO - Processing /Users/jayesh/Desktop/Personal Work/Movie_data_pipeline/.venv/lib/python3.12/site-packages/airflow/example_dags/tutorial_taskflow_api.py took 0.291 seconds
[2024-12-11T23:36:13.715+0530] {processor.py:186} INFO - Started process (PID=10639) to work on /Users/jayesh/Desktop/Personal Work/Movie_data_pipeline/.venv/lib/python3.12/site-packages/airflow/example_dags/tutorial_taskflow_api.py
[2024-12-11T23:36:13.719+0530] {processor.py:914} INFO - Processing file /Users/jayesh/Desktop/Personal Work/Movie_data_pipeline/.venv/lib/python3.12/site-packages/airflow/example_dags/tutorial_taskflow_api.py for tasks to queue
[2024-12-11T23:36:13.720+0530] {logging_mixin.py:190} INFO - [2024-12-11T23:36:13.720+0530] {dagbag.py:588} INFO - Filling up the DagBag from /Users/jayesh/Desktop/Personal Work/Movie_data_pipeline/.venv/lib/python3.12/site-packages/airflow/example_dags/tutorial_taskflow_api.py
[2024-12-11T23:36:13.790+0530] {processor.py:925} INFO - DAG(s) 'tutorial_taskflow_api' retrieved from /Users/jayesh/Desktop/Personal Work/Movie_data_pipeline/.venv/lib/python3.12/site-packages/airflow/example_dags/tutorial_taskflow_api.py
[2024-12-11T23:36:13.929+0530] {logging_mixin.py:190} INFO - [2024-12-11T23:36:13.929+0530] {dag.py:3239} INFO - Sync 1 DAGs
[2024-12-11T23:36:13.945+0530] {logging_mixin.py:190} INFO - [2024-12-11T23:36:13.944+0530] {dag.py:4180} INFO - Setting next_dagrun for tutorial_taskflow_api to None, run_after=None
[2024-12-11T23:36:13.968+0530] {processor.py:208} INFO - Processing /Users/jayesh/Desktop/Personal Work/Movie_data_pipeline/.venv/lib/python3.12/site-packages/airflow/example_dags/tutorial_taskflow_api.py took 0.260 seconds
[2024-12-11T23:40:08.972+0530] {processor.py:186} INFO - Started process (PID=11041) to work on /Users/jayesh/Desktop/Personal Work/Movie_data_pipeline/.venv/lib/python3.12/site-packages/airflow/example_dags/tutorial_taskflow_api.py
[2024-12-11T23:40:08.974+0530] {processor.py:914} INFO - Processing file /Users/jayesh/Desktop/Personal Work/Movie_data_pipeline/.venv/lib/python3.12/site-packages/airflow/example_dags/tutorial_taskflow_api.py for tasks to queue
[2024-12-11T23:40:08.976+0530] {logging_mixin.py:190} INFO - [2024-12-11T23:40:08.975+0530] {dagbag.py:588} INFO - Filling up the DagBag from /Users/jayesh/Desktop/Personal Work/Movie_data_pipeline/.venv/lib/python3.12/site-packages/airflow/example_dags/tutorial_taskflow_api.py
[2024-12-11T23:40:09.026+0530] {processor.py:925} INFO - DAG(s) 'tutorial_taskflow_api' retrieved from /Users/jayesh/Desktop/Personal Work/Movie_data_pipeline/.venv/lib/python3.12/site-packages/airflow/example_dags/tutorial_taskflow_api.py
[2024-12-11T23:40:09.156+0530] {logging_mixin.py:190} INFO - [2024-12-11T23:40:09.156+0530] {dag.py:3239} INFO - Sync 1 DAGs
[2024-12-11T23:40:09.171+0530] {logging_mixin.py:190} INFO - [2024-12-11T23:40:09.170+0530] {dag.py:4180} INFO - Setting next_dagrun for tutorial_taskflow_api to None, run_after=None
[2024-12-11T23:40:09.204+0530] {processor.py:208} INFO - Processing /Users/jayesh/Desktop/Personal Work/Movie_data_pipeline/.venv/lib/python3.12/site-packages/airflow/example_dags/tutorial_taskflow_api.py took 0.235 seconds
[2024-12-11T23:45:58.228+0530] {processor.py:186} INFO - Started process (PID=11576) to work on /Users/jayesh/Desktop/Personal Work/Movie_data_pipeline/.venv/lib/python3.12/site-packages/airflow/example_dags/tutorial_taskflow_api.py
[2024-12-11T23:45:58.231+0530] {processor.py:914} INFO - Processing file /Users/jayesh/Desktop/Personal Work/Movie_data_pipeline/.venv/lib/python3.12/site-packages/airflow/example_dags/tutorial_taskflow_api.py for tasks to queue
[2024-12-11T23:45:58.233+0530] {logging_mixin.py:190} INFO - [2024-12-11T23:45:58.232+0530] {dagbag.py:588} INFO - Filling up the DagBag from /Users/jayesh/Desktop/Personal Work/Movie_data_pipeline/.venv/lib/python3.12/site-packages/airflow/example_dags/tutorial_taskflow_api.py
[2024-12-11T23:45:58.282+0530] {processor.py:925} INFO - DAG(s) 'tutorial_taskflow_api' retrieved from /Users/jayesh/Desktop/Personal Work/Movie_data_pipeline/.venv/lib/python3.12/site-packages/airflow/example_dags/tutorial_taskflow_api.py
[2024-12-11T23:45:58.417+0530] {logging_mixin.py:190} INFO - [2024-12-11T23:45:58.417+0530] {dag.py:3239} INFO - Sync 1 DAGs
[2024-12-11T23:45:58.431+0530] {logging_mixin.py:190} INFO - [2024-12-11T23:45:58.431+0530] {dag.py:4180} INFO - Setting next_dagrun for tutorial_taskflow_api to None, run_after=None
[2024-12-11T23:45:58.455+0530] {processor.py:208} INFO - Processing /Users/jayesh/Desktop/Personal Work/Movie_data_pipeline/.venv/lib/python3.12/site-packages/airflow/example_dags/tutorial_taskflow_api.py took 0.231 seconds
[2024-12-11T23:49:16.672+0530] {processor.py:186} INFO - Started process (PID=11984) to work on /Users/jayesh/Desktop/Personal Work/Movie_data_pipeline/.venv/lib/python3.12/site-packages/airflow/example_dags/tutorial_taskflow_api.py
[2024-12-11T23:49:16.673+0530] {processor.py:914} INFO - Processing file /Users/jayesh/Desktop/Personal Work/Movie_data_pipeline/.venv/lib/python3.12/site-packages/airflow/example_dags/tutorial_taskflow_api.py for tasks to queue
[2024-12-11T23:49:16.675+0530] {logging_mixin.py:190} INFO - [2024-12-11T23:49:16.674+0530] {dagbag.py:588} INFO - Filling up the DagBag from /Users/jayesh/Desktop/Personal Work/Movie_data_pipeline/.venv/lib/python3.12/site-packages/airflow/example_dags/tutorial_taskflow_api.py
[2024-12-11T23:49:16.763+0530] {processor.py:925} INFO - DAG(s) 'tutorial_taskflow_api' retrieved from /Users/jayesh/Desktop/Personal Work/Movie_data_pipeline/.venv/lib/python3.12/site-packages/airflow/example_dags/tutorial_taskflow_api.py
[2024-12-11T23:49:16.983+0530] {logging_mixin.py:190} INFO - [2024-12-11T23:49:16.982+0530] {dag.py:3239} INFO - Sync 1 DAGs
[2024-12-11T23:49:17.003+0530] {logging_mixin.py:190} INFO - [2024-12-11T23:49:17.003+0530] {dag.py:4180} INFO - Setting next_dagrun for tutorial_taskflow_api to None, run_after=None
[2024-12-11T23:49:17.046+0530] {processor.py:208} INFO - Processing /Users/jayesh/Desktop/Personal Work/Movie_data_pipeline/.venv/lib/python3.12/site-packages/airflow/example_dags/tutorial_taskflow_api.py took 0.378 seconds
[2024-12-11T23:52:07.925+0530] {processor.py:186} INFO - Started process (PID=12303) to work on /Users/jayesh/Desktop/Personal Work/Movie_data_pipeline/.venv/lib/python3.12/site-packages/airflow/example_dags/tutorial_taskflow_api.py
[2024-12-11T23:52:07.928+0530] {processor.py:914} INFO - Processing file /Users/jayesh/Desktop/Personal Work/Movie_data_pipeline/.venv/lib/python3.12/site-packages/airflow/example_dags/tutorial_taskflow_api.py for tasks to queue
[2024-12-11T23:52:07.929+0530] {logging_mixin.py:190} INFO - [2024-12-11T23:52:07.929+0530] {dagbag.py:588} INFO - Filling up the DagBag from /Users/jayesh/Desktop/Personal Work/Movie_data_pipeline/.venv/lib/python3.12/site-packages/airflow/example_dags/tutorial_taskflow_api.py
[2024-12-11T23:52:07.972+0530] {processor.py:925} INFO - DAG(s) 'tutorial_taskflow_api' retrieved from /Users/jayesh/Desktop/Personal Work/Movie_data_pipeline/.venv/lib/python3.12/site-packages/airflow/example_dags/tutorial_taskflow_api.py
[2024-12-11T23:52:08.087+0530] {logging_mixin.py:190} INFO - [2024-12-11T23:52:08.087+0530] {dag.py:3239} INFO - Sync 1 DAGs
[2024-12-11T23:52:08.100+0530] {logging_mixin.py:190} INFO - [2024-12-11T23:52:08.099+0530] {dag.py:4180} INFO - Setting next_dagrun for tutorial_taskflow_api to None, run_after=None
[2024-12-11T23:52:08.121+0530] {processor.py:208} INFO - Processing /Users/jayesh/Desktop/Personal Work/Movie_data_pipeline/.venv/lib/python3.12/site-packages/airflow/example_dags/tutorial_taskflow_api.py took 0.199 seconds
[2024-12-11T23:54:57.748+0530] {processor.py:186} INFO - Started process (PID=12570) to work on /Users/jayesh/Desktop/Personal Work/Movie_data_pipeline/.venv/lib/python3.12/site-packages/airflow/example_dags/tutorial_taskflow_api.py
[2024-12-11T23:54:57.751+0530] {processor.py:914} INFO - Processing file /Users/jayesh/Desktop/Personal Work/Movie_data_pipeline/.venv/lib/python3.12/site-packages/airflow/example_dags/tutorial_taskflow_api.py for tasks to queue
[2024-12-11T23:54:57.753+0530] {logging_mixin.py:190} INFO - [2024-12-11T23:54:57.752+0530] {dagbag.py:588} INFO - Filling up the DagBag from /Users/jayesh/Desktop/Personal Work/Movie_data_pipeline/.venv/lib/python3.12/site-packages/airflow/example_dags/tutorial_taskflow_api.py
[2024-12-11T23:54:57.798+0530] {processor.py:925} INFO - DAG(s) 'tutorial_taskflow_api' retrieved from /Users/jayesh/Desktop/Personal Work/Movie_data_pipeline/.venv/lib/python3.12/site-packages/airflow/example_dags/tutorial_taskflow_api.py
[2024-12-11T23:54:57.922+0530] {logging_mixin.py:190} INFO - [2024-12-11T23:54:57.922+0530] {dag.py:3239} INFO - Sync 1 DAGs
[2024-12-11T23:54:57.934+0530] {logging_mixin.py:190} INFO - [2024-12-11T23:54:57.934+0530] {dag.py:4180} INFO - Setting next_dagrun for tutorial_taskflow_api to None, run_after=None
[2024-12-11T23:54:57.956+0530] {processor.py:208} INFO - Processing /Users/jayesh/Desktop/Personal Work/Movie_data_pipeline/.venv/lib/python3.12/site-packages/airflow/example_dags/tutorial_taskflow_api.py took 0.210 seconds
[2024-12-11T23:57:50.224+0530] {processor.py:186} INFO - Started process (PID=12875) to work on /Users/jayesh/Desktop/Personal Work/Movie_data_pipeline/.venv/lib/python3.12/site-packages/airflow/example_dags/tutorial_taskflow_api.py
[2024-12-11T23:57:50.228+0530] {processor.py:914} INFO - Processing file /Users/jayesh/Desktop/Personal Work/Movie_data_pipeline/.venv/lib/python3.12/site-packages/airflow/example_dags/tutorial_taskflow_api.py for tasks to queue
[2024-12-11T23:57:50.229+0530] {logging_mixin.py:190} INFO - [2024-12-11T23:57:50.229+0530] {dagbag.py:588} INFO - Filling up the DagBag from /Users/jayesh/Desktop/Personal Work/Movie_data_pipeline/.venv/lib/python3.12/site-packages/airflow/example_dags/tutorial_taskflow_api.py
[2024-12-11T23:57:50.291+0530] {processor.py:925} INFO - DAG(s) 'tutorial_taskflow_api' retrieved from /Users/jayesh/Desktop/Personal Work/Movie_data_pipeline/.venv/lib/python3.12/site-packages/airflow/example_dags/tutorial_taskflow_api.py
[2024-12-11T23:57:50.439+0530] {logging_mixin.py:190} INFO - [2024-12-11T23:57:50.439+0530] {dag.py:3239} INFO - Sync 1 DAGs
[2024-12-11T23:57:50.453+0530] {logging_mixin.py:190} INFO - [2024-12-11T23:57:50.453+0530] {dag.py:4180} INFO - Setting next_dagrun for tutorial_taskflow_api to None, run_after=None
[2024-12-11T23:57:50.476+0530] {processor.py:208} INFO - Processing /Users/jayesh/Desktop/Personal Work/Movie_data_pipeline/.venv/lib/python3.12/site-packages/airflow/example_dags/tutorial_taskflow_api.py took 0.256 seconds
[2024-12-12T00:00:44.569+0530] {processor.py:186} INFO - Started process (PID=13146) to work on /Users/jayesh/Desktop/Personal Work/Movie_data_pipeline/.venv/lib/python3.12/site-packages/airflow/example_dags/tutorial_taskflow_api.py
[2024-12-12T00:00:44.571+0530] {processor.py:914} INFO - Processing file /Users/jayesh/Desktop/Personal Work/Movie_data_pipeline/.venv/lib/python3.12/site-packages/airflow/example_dags/tutorial_taskflow_api.py for tasks to queue
[2024-12-12T00:00:44.572+0530] {logging_mixin.py:190} INFO - [2024-12-12T00:00:44.572+0530] {dagbag.py:588} INFO - Filling up the DagBag from /Users/jayesh/Desktop/Personal Work/Movie_data_pipeline/.venv/lib/python3.12/site-packages/airflow/example_dags/tutorial_taskflow_api.py
[2024-12-12T00:00:44.617+0530] {processor.py:925} INFO - DAG(s) 'tutorial_taskflow_api' retrieved from /Users/jayesh/Desktop/Personal Work/Movie_data_pipeline/.venv/lib/python3.12/site-packages/airflow/example_dags/tutorial_taskflow_api.py
[2024-12-12T00:00:44.747+0530] {logging_mixin.py:190} INFO - [2024-12-12T00:00:44.747+0530] {dag.py:3239} INFO - Sync 1 DAGs
[2024-12-12T00:00:44.760+0530] {logging_mixin.py:190} INFO - [2024-12-12T00:00:44.759+0530] {dag.py:4180} INFO - Setting next_dagrun for tutorial_taskflow_api to None, run_after=None
[2024-12-12T00:00:44.783+0530] {processor.py:208} INFO - Processing /Users/jayesh/Desktop/Personal Work/Movie_data_pipeline/.venv/lib/python3.12/site-packages/airflow/example_dags/tutorial_taskflow_api.py took 0.218 seconds
[2024-12-12T00:03:38.350+0530] {processor.py:186} INFO - Started process (PID=13429) to work on /Users/jayesh/Desktop/Personal Work/Movie_data_pipeline/.venv/lib/python3.12/site-packages/airflow/example_dags/tutorial_taskflow_api.py
[2024-12-12T00:03:38.353+0530] {processor.py:914} INFO - Processing file /Users/jayesh/Desktop/Personal Work/Movie_data_pipeline/.venv/lib/python3.12/site-packages/airflow/example_dags/tutorial_taskflow_api.py for tasks to queue
[2024-12-12T00:03:38.354+0530] {logging_mixin.py:190} INFO - [2024-12-12T00:03:38.354+0530] {dagbag.py:588} INFO - Filling up the DagBag from /Users/jayesh/Desktop/Personal Work/Movie_data_pipeline/.venv/lib/python3.12/site-packages/airflow/example_dags/tutorial_taskflow_api.py
[2024-12-12T00:03:38.409+0530] {processor.py:925} INFO - DAG(s) 'tutorial_taskflow_api' retrieved from /Users/jayesh/Desktop/Personal Work/Movie_data_pipeline/.venv/lib/python3.12/site-packages/airflow/example_dags/tutorial_taskflow_api.py
[2024-12-12T00:03:38.547+0530] {logging_mixin.py:190} INFO - [2024-12-12T00:03:38.547+0530] {dag.py:3239} INFO - Sync 1 DAGs
[2024-12-12T00:03:38.560+0530] {logging_mixin.py:190} INFO - [2024-12-12T00:03:38.559+0530] {dag.py:4180} INFO - Setting next_dagrun for tutorial_taskflow_api to None, run_after=None
[2024-12-12T00:03:38.580+0530] {processor.py:208} INFO - Processing /Users/jayesh/Desktop/Personal Work/Movie_data_pipeline/.venv/lib/python3.12/site-packages/airflow/example_dags/tutorial_taskflow_api.py took 0.234 seconds
[2024-12-12T00:06:33.202+0530] {processor.py:186} INFO - Started process (PID=13702) to work on /Users/jayesh/Desktop/Personal Work/Movie_data_pipeline/.venv/lib/python3.12/site-packages/airflow/example_dags/tutorial_taskflow_api.py
[2024-12-12T00:06:33.205+0530] {processor.py:914} INFO - Processing file /Users/jayesh/Desktop/Personal Work/Movie_data_pipeline/.venv/lib/python3.12/site-packages/airflow/example_dags/tutorial_taskflow_api.py for tasks to queue
[2024-12-12T00:06:33.207+0530] {logging_mixin.py:190} INFO - [2024-12-12T00:06:33.207+0530] {dagbag.py:588} INFO - Filling up the DagBag from /Users/jayesh/Desktop/Personal Work/Movie_data_pipeline/.venv/lib/python3.12/site-packages/airflow/example_dags/tutorial_taskflow_api.py
[2024-12-12T00:06:33.265+0530] {processor.py:925} INFO - DAG(s) 'tutorial_taskflow_api' retrieved from /Users/jayesh/Desktop/Personal Work/Movie_data_pipeline/.venv/lib/python3.12/site-packages/airflow/example_dags/tutorial_taskflow_api.py
[2024-12-12T00:06:33.412+0530] {logging_mixin.py:190} INFO - [2024-12-12T00:06:33.412+0530] {dag.py:3239} INFO - Sync 1 DAGs
[2024-12-12T00:06:33.427+0530] {logging_mixin.py:190} INFO - [2024-12-12T00:06:33.426+0530] {dag.py:4180} INFO - Setting next_dagrun for tutorial_taskflow_api to None, run_after=None
[2024-12-12T00:06:33.449+0530] {processor.py:208} INFO - Processing /Users/jayesh/Desktop/Personal Work/Movie_data_pipeline/.venv/lib/python3.12/site-packages/airflow/example_dags/tutorial_taskflow_api.py took 0.251 seconds
[2024-12-12T00:09:27.749+0530] {processor.py:186} INFO - Started process (PID=13970) to work on /Users/jayesh/Desktop/Personal Work/Movie_data_pipeline/.venv/lib/python3.12/site-packages/airflow/example_dags/tutorial_taskflow_api.py
[2024-12-12T00:09:27.751+0530] {processor.py:914} INFO - Processing file /Users/jayesh/Desktop/Personal Work/Movie_data_pipeline/.venv/lib/python3.12/site-packages/airflow/example_dags/tutorial_taskflow_api.py for tasks to queue
[2024-12-12T00:09:27.753+0530] {logging_mixin.py:190} INFO - [2024-12-12T00:09:27.753+0530] {dagbag.py:588} INFO - Filling up the DagBag from /Users/jayesh/Desktop/Personal Work/Movie_data_pipeline/.venv/lib/python3.12/site-packages/airflow/example_dags/tutorial_taskflow_api.py
[2024-12-12T00:09:27.806+0530] {processor.py:925} INFO - DAG(s) 'tutorial_taskflow_api' retrieved from /Users/jayesh/Desktop/Personal Work/Movie_data_pipeline/.venv/lib/python3.12/site-packages/airflow/example_dags/tutorial_taskflow_api.py
[2024-12-12T00:09:27.948+0530] {logging_mixin.py:190} INFO - [2024-12-12T00:09:27.948+0530] {dag.py:3239} INFO - Sync 1 DAGs
[2024-12-12T00:09:27.960+0530] {logging_mixin.py:190} INFO - [2024-12-12T00:09:27.960+0530] {dag.py:4180} INFO - Setting next_dagrun for tutorial_taskflow_api to None, run_after=None
[2024-12-12T00:09:27.982+0530] {processor.py:208} INFO - Processing /Users/jayesh/Desktop/Personal Work/Movie_data_pipeline/.venv/lib/python3.12/site-packages/airflow/example_dags/tutorial_taskflow_api.py took 0.237 seconds
[2024-12-12T00:12:21.511+0530] {processor.py:186} INFO - Started process (PID=14260) to work on /Users/jayesh/Desktop/Personal Work/Movie_data_pipeline/.venv/lib/python3.12/site-packages/airflow/example_dags/tutorial_taskflow_api.py
[2024-12-12T00:12:21.514+0530] {processor.py:914} INFO - Processing file /Users/jayesh/Desktop/Personal Work/Movie_data_pipeline/.venv/lib/python3.12/site-packages/airflow/example_dags/tutorial_taskflow_api.py for tasks to queue
[2024-12-12T00:12:21.515+0530] {logging_mixin.py:190} INFO - [2024-12-12T00:12:21.515+0530] {dagbag.py:588} INFO - Filling up the DagBag from /Users/jayesh/Desktop/Personal Work/Movie_data_pipeline/.venv/lib/python3.12/site-packages/airflow/example_dags/tutorial_taskflow_api.py
[2024-12-12T00:12:21.579+0530] {processor.py:925} INFO - DAG(s) 'tutorial_taskflow_api' retrieved from /Users/jayesh/Desktop/Personal Work/Movie_data_pipeline/.venv/lib/python3.12/site-packages/airflow/example_dags/tutorial_taskflow_api.py
[2024-12-12T00:12:21.734+0530] {logging_mixin.py:190} INFO - [2024-12-12T00:12:21.733+0530] {dag.py:3239} INFO - Sync 1 DAGs
[2024-12-12T00:12:21.750+0530] {logging_mixin.py:190} INFO - [2024-12-12T00:12:21.750+0530] {dag.py:4180} INFO - Setting next_dagrun for tutorial_taskflow_api to None, run_after=None
[2024-12-12T00:12:21.775+0530] {processor.py:208} INFO - Processing /Users/jayesh/Desktop/Personal Work/Movie_data_pipeline/.venv/lib/python3.12/site-packages/airflow/example_dags/tutorial_taskflow_api.py took 0.268 seconds
[2024-12-12T00:15:17.460+0530] {processor.py:186} INFO - Started process (PID=14524) to work on /Users/jayesh/Desktop/Personal Work/Movie_data_pipeline/.venv/lib/python3.12/site-packages/airflow/example_dags/tutorial_taskflow_api.py
[2024-12-12T00:15:17.463+0530] {processor.py:914} INFO - Processing file /Users/jayesh/Desktop/Personal Work/Movie_data_pipeline/.venv/lib/python3.12/site-packages/airflow/example_dags/tutorial_taskflow_api.py for tasks to queue
[2024-12-12T00:15:17.466+0530] {logging_mixin.py:190} INFO - [2024-12-12T00:15:17.465+0530] {dagbag.py:588} INFO - Filling up the DagBag from /Users/jayesh/Desktop/Personal Work/Movie_data_pipeline/.venv/lib/python3.12/site-packages/airflow/example_dags/tutorial_taskflow_api.py
[2024-12-12T00:15:17.517+0530] {processor.py:925} INFO - DAG(s) 'tutorial_taskflow_api' retrieved from /Users/jayesh/Desktop/Personal Work/Movie_data_pipeline/.venv/lib/python3.12/site-packages/airflow/example_dags/tutorial_taskflow_api.py
[2024-12-12T00:15:17.670+0530] {logging_mixin.py:190} INFO - [2024-12-12T00:15:17.669+0530] {dag.py:3239} INFO - Sync 1 DAGs
[2024-12-12T00:15:17.684+0530] {logging_mixin.py:190} INFO - [2024-12-12T00:15:17.684+0530] {dag.py:4180} INFO - Setting next_dagrun for tutorial_taskflow_api to None, run_after=None
[2024-12-12T00:15:17.709+0530] {processor.py:208} INFO - Processing /Users/jayesh/Desktop/Personal Work/Movie_data_pipeline/.venv/lib/python3.12/site-packages/airflow/example_dags/tutorial_taskflow_api.py took 0.253 seconds
[2024-12-12T00:18:04.815+0530] {processor.py:186} INFO - Started process (PID=14802) to work on /Users/jayesh/Desktop/Personal Work/Movie_data_pipeline/.venv/lib/python3.12/site-packages/airflow/example_dags/tutorial_taskflow_api.py
[2024-12-12T00:18:04.817+0530] {processor.py:914} INFO - Processing file /Users/jayesh/Desktop/Personal Work/Movie_data_pipeline/.venv/lib/python3.12/site-packages/airflow/example_dags/tutorial_taskflow_api.py for tasks to queue
[2024-12-12T00:18:04.819+0530] {logging_mixin.py:190} INFO - [2024-12-12T00:18:04.819+0530] {dagbag.py:588} INFO - Filling up the DagBag from /Users/jayesh/Desktop/Personal Work/Movie_data_pipeline/.venv/lib/python3.12/site-packages/airflow/example_dags/tutorial_taskflow_api.py
[2024-12-12T00:18:04.870+0530] {processor.py:925} INFO - DAG(s) 'tutorial_taskflow_api' retrieved from /Users/jayesh/Desktop/Personal Work/Movie_data_pipeline/.venv/lib/python3.12/site-packages/airflow/example_dags/tutorial_taskflow_api.py
[2024-12-12T00:18:05.013+0530] {logging_mixin.py:190} INFO - [2024-12-12T00:18:05.013+0530] {dag.py:3239} INFO - Sync 1 DAGs
[2024-12-12T00:18:05.027+0530] {logging_mixin.py:190} INFO - [2024-12-12T00:18:05.027+0530] {dag.py:4180} INFO - Setting next_dagrun for tutorial_taskflow_api to None, run_after=None
[2024-12-12T00:18:05.053+0530] {processor.py:208} INFO - Processing /Users/jayesh/Desktop/Personal Work/Movie_data_pipeline/.venv/lib/python3.12/site-packages/airflow/example_dags/tutorial_taskflow_api.py took 0.244 seconds
[2024-12-12T00:21:10.020+0530] {processor.py:186} INFO - Started process (PID=15087) to work on /Users/jayesh/Desktop/Personal Work/Movie_data_pipeline/.venv/lib/python3.12/site-packages/airflow/example_dags/tutorial_taskflow_api.py
[2024-12-12T00:21:10.022+0530] {processor.py:914} INFO - Processing file /Users/jayesh/Desktop/Personal Work/Movie_data_pipeline/.venv/lib/python3.12/site-packages/airflow/example_dags/tutorial_taskflow_api.py for tasks to queue
[2024-12-12T00:21:10.024+0530] {logging_mixin.py:190} INFO - [2024-12-12T00:21:10.023+0530] {dagbag.py:588} INFO - Filling up the DagBag from /Users/jayesh/Desktop/Personal Work/Movie_data_pipeline/.venv/lib/python3.12/site-packages/airflow/example_dags/tutorial_taskflow_api.py
[2024-12-12T00:21:10.068+0530] {processor.py:925} INFO - DAG(s) 'tutorial_taskflow_api' retrieved from /Users/jayesh/Desktop/Personal Work/Movie_data_pipeline/.venv/lib/python3.12/site-packages/airflow/example_dags/tutorial_taskflow_api.py
[2024-12-12T00:21:10.186+0530] {logging_mixin.py:190} INFO - [2024-12-12T00:21:10.185+0530] {dag.py:3239} INFO - Sync 1 DAGs
[2024-12-12T00:21:10.198+0530] {logging_mixin.py:190} INFO - [2024-12-12T00:21:10.198+0530] {dag.py:4180} INFO - Setting next_dagrun for tutorial_taskflow_api to None, run_after=None
[2024-12-12T00:21:10.221+0530] {processor.py:208} INFO - Processing /Users/jayesh/Desktop/Personal Work/Movie_data_pipeline/.venv/lib/python3.12/site-packages/airflow/example_dags/tutorial_taskflow_api.py took 0.206 seconds
[2024-12-12T00:24:38.037+0530] {processor.py:186} INFO - Started process (PID=15434) to work on /Users/jayesh/Desktop/Personal Work/Movie_data_pipeline/.venv/lib/python3.12/site-packages/airflow/example_dags/tutorial_taskflow_api.py
[2024-12-12T00:24:38.039+0530] {processor.py:914} INFO - Processing file /Users/jayesh/Desktop/Personal Work/Movie_data_pipeline/.venv/lib/python3.12/site-packages/airflow/example_dags/tutorial_taskflow_api.py for tasks to queue
[2024-12-12T00:24:38.041+0530] {logging_mixin.py:190} INFO - [2024-12-12T00:24:38.040+0530] {dagbag.py:588} INFO - Filling up the DagBag from /Users/jayesh/Desktop/Personal Work/Movie_data_pipeline/.venv/lib/python3.12/site-packages/airflow/example_dags/tutorial_taskflow_api.py
[2024-12-12T00:24:38.117+0530] {processor.py:925} INFO - DAG(s) 'tutorial_taskflow_api' retrieved from /Users/jayesh/Desktop/Personal Work/Movie_data_pipeline/.venv/lib/python3.12/site-packages/airflow/example_dags/tutorial_taskflow_api.py
[2024-12-12T00:24:38.306+0530] {logging_mixin.py:190} INFO - [2024-12-12T00:24:38.305+0530] {dag.py:3239} INFO - Sync 1 DAGs
[2024-12-12T00:24:38.327+0530] {logging_mixin.py:190} INFO - [2024-12-12T00:24:38.326+0530] {dag.py:4180} INFO - Setting next_dagrun for tutorial_taskflow_api to None, run_after=None
[2024-12-12T00:24:38.353+0530] {processor.py:208} INFO - Processing /Users/jayesh/Desktop/Personal Work/Movie_data_pipeline/.venv/lib/python3.12/site-packages/airflow/example_dags/tutorial_taskflow_api.py took 0.321 seconds
[2024-12-12T00:28:00.251+0530] {processor.py:186} INFO - Started process (PID=15753) to work on /Users/jayesh/Desktop/Personal Work/Movie_data_pipeline/.venv/lib/python3.12/site-packages/airflow/example_dags/tutorial_taskflow_api.py
[2024-12-12T00:28:00.254+0530] {processor.py:914} INFO - Processing file /Users/jayesh/Desktop/Personal Work/Movie_data_pipeline/.venv/lib/python3.12/site-packages/airflow/example_dags/tutorial_taskflow_api.py for tasks to queue
[2024-12-12T00:28:00.261+0530] {logging_mixin.py:190} INFO - [2024-12-12T00:28:00.257+0530] {dagbag.py:588} INFO - Filling up the DagBag from /Users/jayesh/Desktop/Personal Work/Movie_data_pipeline/.venv/lib/python3.12/site-packages/airflow/example_dags/tutorial_taskflow_api.py
[2024-12-12T00:28:00.505+0530] {processor.py:925} INFO - DAG(s) 'tutorial_taskflow_api' retrieved from /Users/jayesh/Desktop/Personal Work/Movie_data_pipeline/.venv/lib/python3.12/site-packages/airflow/example_dags/tutorial_taskflow_api.py
[2024-12-12T00:28:00.730+0530] {logging_mixin.py:190} INFO - [2024-12-12T00:28:00.730+0530] {dag.py:3239} INFO - Sync 1 DAGs
[2024-12-12T00:28:00.750+0530] {logging_mixin.py:190} INFO - [2024-12-12T00:28:00.749+0530] {dag.py:4180} INFO - Setting next_dagrun for tutorial_taskflow_api to None, run_after=None
[2024-12-12T00:28:00.785+0530] {processor.py:208} INFO - Processing /Users/jayesh/Desktop/Personal Work/Movie_data_pipeline/.venv/lib/python3.12/site-packages/airflow/example_dags/tutorial_taskflow_api.py took 0.546 seconds
