[2024-12-11T23:23:41.751+0530] {processor.py:186} INFO - Started process (PID=9236) to work on /Users/jayesh/Desktop/Personal Work/Movie_data_pipeline/.venv/lib/python3.12/site-packages/airflow/example_dags/tutorial_taskflow_templates.py
[2024-12-11T23:23:41.752+0530] {processor.py:914} INFO - Processing file /Users/jayesh/Desktop/Personal Work/Movie_data_pipeline/.venv/lib/python3.12/site-packages/airflow/example_dags/tutorial_taskflow_templates.py for tasks to queue
[2024-12-11T23:23:41.754+0530] {logging_mixin.py:190} INFO - [2024-12-11T23:23:41.753+0530] {dagbag.py:588} INFO - Filling up the DagBag from /Users/jayesh/Desktop/Personal Work/Movie_data_pipeline/.venv/lib/python3.12/site-packages/airflow/example_dags/tutorial_taskflow_templates.py
[2024-12-11T23:23:41.847+0530] {processor.py:925} INFO - DAG(s) 'tutorial_taskflow_templates' retrieved from /Users/jayesh/Desktop/Personal Work/Movie_data_pipeline/.venv/lib/python3.12/site-packages/airflow/example_dags/tutorial_taskflow_templates.py
[2024-12-11T23:23:42.434+0530] {logging_mixin.py:190} INFO - [2024-12-11T23:23:42.434+0530] {override.py:1911} INFO - Created Permission View: can delete on DAG:tutorial_taskflow_templates
[2024-12-11T23:23:42.452+0530] {logging_mixin.py:190} INFO - [2024-12-11T23:23:42.451+0530] {override.py:1911} INFO - Created Permission View: can edit on DAG:tutorial_taskflow_templates
[2024-12-11T23:23:42.461+0530] {logging_mixin.py:190} INFO - [2024-12-11T23:23:42.461+0530] {override.py:1911} INFO - Created Permission View: can read on DAG:tutorial_taskflow_templates
[2024-12-11T23:23:42.474+0530] {logging_mixin.py:190} INFO - [2024-12-11T23:23:42.474+0530] {override.py:1911} INFO - Created Permission View: can delete on DAG Run:tutorial_taskflow_templates
[2024-12-11T23:23:42.482+0530] {logging_mixin.py:190} INFO - [2024-12-11T23:23:42.481+0530] {override.py:1911} INFO - Created Permission View: can create on DAG Run:tutorial_taskflow_templates
[2024-12-11T23:23:42.490+0530] {logging_mixin.py:190} INFO - [2024-12-11T23:23:42.489+0530] {override.py:1911} INFO - Created Permission View: menu access on DAG Run:tutorial_taskflow_templates
[2024-12-11T23:23:42.498+0530] {logging_mixin.py:190} INFO - [2024-12-11T23:23:42.498+0530] {override.py:1911} INFO - Created Permission View: can read on DAG Run:tutorial_taskflow_templates
[2024-12-11T23:23:42.499+0530] {logging_mixin.py:190} INFO - [2024-12-11T23:23:42.499+0530] {dag.py:3239} INFO - Sync 1 DAGs
[2024-12-11T23:23:42.523+0530] {logging_mixin.py:190} INFO - [2024-12-11T23:23:42.522+0530] {dag.py:3262} INFO - Creating ORM DAG for tutorial_taskflow_templates
[2024-12-11T23:23:42.534+0530] {logging_mixin.py:190} INFO - [2024-12-11T23:23:42.534+0530] {dag.py:4180} INFO - Setting next_dagrun for tutorial_taskflow_templates to 2024-12-10 00:00:00+00:00, run_after=2024-12-11 00:00:00+00:00
[2024-12-11T23:23:42.564+0530] {processor.py:208} INFO - Processing /Users/jayesh/Desktop/Personal Work/Movie_data_pipeline/.venv/lib/python3.12/site-packages/airflow/example_dags/tutorial_taskflow_templates.py took 0.817 seconds
[2024-12-11T23:28:15.477+0530] {processor.py:186} INFO - Started process (PID=9737) to work on /Users/jayesh/Desktop/Personal Work/Movie_data_pipeline/.venv/lib/python3.12/site-packages/airflow/example_dags/tutorial_taskflow_templates.py
[2024-12-11T23:28:15.480+0530] {processor.py:914} INFO - Processing file /Users/jayesh/Desktop/Personal Work/Movie_data_pipeline/.venv/lib/python3.12/site-packages/airflow/example_dags/tutorial_taskflow_templates.py for tasks to queue
[2024-12-11T23:28:15.482+0530] {logging_mixin.py:190} INFO - [2024-12-11T23:28:15.482+0530] {dagbag.py:588} INFO - Filling up the DagBag from /Users/jayesh/Desktop/Personal Work/Movie_data_pipeline/.venv/lib/python3.12/site-packages/airflow/example_dags/tutorial_taskflow_templates.py
[2024-12-11T23:28:15.612+0530] {processor.py:925} INFO - DAG(s) 'tutorial_taskflow_templates' retrieved from /Users/jayesh/Desktop/Personal Work/Movie_data_pipeline/.venv/lib/python3.12/site-packages/airflow/example_dags/tutorial_taskflow_templates.py
[2024-12-11T23:28:15.763+0530] {logging_mixin.py:190} INFO - [2024-12-11T23:28:15.762+0530] {dag.py:3239} INFO - Sync 1 DAGs
[2024-12-11T23:28:15.792+0530] {logging_mixin.py:190} INFO - [2024-12-11T23:28:15.792+0530] {dag.py:4180} INFO - Setting next_dagrun for tutorial_taskflow_templates to 2024-12-10 00:00:00+00:00, run_after=2024-12-11 00:00:00+00:00
[2024-12-11T23:28:15.831+0530] {processor.py:208} INFO - Processing /Users/jayesh/Desktop/Personal Work/Movie_data_pipeline/.venv/lib/python3.12/site-packages/airflow/example_dags/tutorial_taskflow_templates.py took 0.358 seconds
[2024-12-11T23:31:47.083+0530] {processor.py:186} INFO - Started process (PID=10064) to work on /Users/jayesh/Desktop/Personal Work/Movie_data_pipeline/.venv/lib/python3.12/site-packages/airflow/example_dags/tutorial_taskflow_templates.py
[2024-12-11T23:31:47.086+0530] {processor.py:914} INFO - Processing file /Users/jayesh/Desktop/Personal Work/Movie_data_pipeline/.venv/lib/python3.12/site-packages/airflow/example_dags/tutorial_taskflow_templates.py for tasks to queue
[2024-12-11T23:31:47.087+0530] {logging_mixin.py:190} INFO - [2024-12-11T23:31:47.087+0530] {dagbag.py:588} INFO - Filling up the DagBag from /Users/jayesh/Desktop/Personal Work/Movie_data_pipeline/.venv/lib/python3.12/site-packages/airflow/example_dags/tutorial_taskflow_templates.py
[2024-12-11T23:31:47.230+0530] {processor.py:925} INFO - DAG(s) 'tutorial_taskflow_templates' retrieved from /Users/jayesh/Desktop/Personal Work/Movie_data_pipeline/.venv/lib/python3.12/site-packages/airflow/example_dags/tutorial_taskflow_templates.py
[2024-12-11T23:31:47.425+0530] {logging_mixin.py:190} INFO - [2024-12-11T23:31:47.424+0530] {dag.py:3239} INFO - Sync 1 DAGs
[2024-12-11T23:31:47.452+0530] {logging_mixin.py:190} INFO - [2024-12-11T23:31:47.451+0530] {dag.py:4180} INFO - Setting next_dagrun for tutorial_taskflow_templates to 2024-12-10 00:00:00+00:00, run_after=2024-12-11 00:00:00+00:00
[2024-12-11T23:31:47.483+0530] {processor.py:208} INFO - Processing /Users/jayesh/Desktop/Personal Work/Movie_data_pipeline/.venv/lib/python3.12/site-packages/airflow/example_dags/tutorial_taskflow_templates.py took 0.404 seconds
[2024-12-11T23:36:03.518+0530] {processor.py:186} INFO - Started process (PID=10615) to work on /Users/jayesh/Desktop/Personal Work/Movie_data_pipeline/.venv/lib/python3.12/site-packages/airflow/example_dags/tutorial_taskflow_templates.py
[2024-12-11T23:36:03.520+0530] {processor.py:914} INFO - Processing file /Users/jayesh/Desktop/Personal Work/Movie_data_pipeline/.venv/lib/python3.12/site-packages/airflow/example_dags/tutorial_taskflow_templates.py for tasks to queue
[2024-12-11T23:36:03.522+0530] {logging_mixin.py:190} INFO - [2024-12-11T23:36:03.522+0530] {dagbag.py:588} INFO - Filling up the DagBag from /Users/jayesh/Desktop/Personal Work/Movie_data_pipeline/.venv/lib/python3.12/site-packages/airflow/example_dags/tutorial_taskflow_templates.py
[2024-12-11T23:36:03.575+0530] {processor.py:925} INFO - DAG(s) 'tutorial_taskflow_templates' retrieved from /Users/jayesh/Desktop/Personal Work/Movie_data_pipeline/.venv/lib/python3.12/site-packages/airflow/example_dags/tutorial_taskflow_templates.py
[2024-12-11T23:36:03.739+0530] {logging_mixin.py:190} INFO - [2024-12-11T23:36:03.739+0530] {dag.py:3239} INFO - Sync 1 DAGs
[2024-12-11T23:36:03.773+0530] {logging_mixin.py:190} INFO - [2024-12-11T23:36:03.773+0530] {dag.py:4180} INFO - Setting next_dagrun for tutorial_taskflow_templates to 2024-12-10 00:00:00+00:00, run_after=2024-12-11 00:00:00+00:00
[2024-12-11T23:36:03.800+0530] {processor.py:208} INFO - Processing /Users/jayesh/Desktop/Personal Work/Movie_data_pipeline/.venv/lib/python3.12/site-packages/airflow/example_dags/tutorial_taskflow_templates.py took 0.287 seconds
[2024-12-11T23:40:01.241+0530] {processor.py:186} INFO - Started process (PID=11029) to work on /Users/jayesh/Desktop/Personal Work/Movie_data_pipeline/.venv/lib/python3.12/site-packages/airflow/example_dags/tutorial_taskflow_templates.py
[2024-12-11T23:40:01.248+0530] {processor.py:914} INFO - Processing file /Users/jayesh/Desktop/Personal Work/Movie_data_pipeline/.venv/lib/python3.12/site-packages/airflow/example_dags/tutorial_taskflow_templates.py for tasks to queue
[2024-12-11T23:40:01.249+0530] {logging_mixin.py:190} INFO - [2024-12-11T23:40:01.249+0530] {dagbag.py:588} INFO - Filling up the DagBag from /Users/jayesh/Desktop/Personal Work/Movie_data_pipeline/.venv/lib/python3.12/site-packages/airflow/example_dags/tutorial_taskflow_templates.py
[2024-12-11T23:40:01.381+0530] {processor.py:925} INFO - DAG(s) 'tutorial_taskflow_templates' retrieved from /Users/jayesh/Desktop/Personal Work/Movie_data_pipeline/.venv/lib/python3.12/site-packages/airflow/example_dags/tutorial_taskflow_templates.py
[2024-12-11T23:40:01.534+0530] {logging_mixin.py:190} INFO - [2024-12-11T23:40:01.534+0530] {dag.py:3239} INFO - Sync 1 DAGs
[2024-12-11T23:40:01.559+0530] {logging_mixin.py:190} INFO - [2024-12-11T23:40:01.559+0530] {dag.py:4180} INFO - Setting next_dagrun for tutorial_taskflow_templates to 2024-12-10 00:00:00+00:00, run_after=2024-12-11 00:00:00+00:00
[2024-12-11T23:40:01.585+0530] {processor.py:208} INFO - Processing /Users/jayesh/Desktop/Personal Work/Movie_data_pipeline/.venv/lib/python3.12/site-packages/airflow/example_dags/tutorial_taskflow_templates.py took 0.350 seconds
[2024-12-11T23:45:50.760+0530] {processor.py:186} INFO - Started process (PID=11537) to work on /Users/jayesh/Desktop/Personal Work/Movie_data_pipeline/.venv/lib/python3.12/site-packages/airflow/example_dags/tutorial_taskflow_templates.py
[2024-12-11T23:45:50.763+0530] {processor.py:914} INFO - Processing file /Users/jayesh/Desktop/Personal Work/Movie_data_pipeline/.venv/lib/python3.12/site-packages/airflow/example_dags/tutorial_taskflow_templates.py for tasks to queue
[2024-12-11T23:45:50.765+0530] {logging_mixin.py:190} INFO - [2024-12-11T23:45:50.765+0530] {dagbag.py:588} INFO - Filling up the DagBag from /Users/jayesh/Desktop/Personal Work/Movie_data_pipeline/.venv/lib/python3.12/site-packages/airflow/example_dags/tutorial_taskflow_templates.py
[2024-12-11T23:45:50.821+0530] {processor.py:925} INFO - DAG(s) 'tutorial_taskflow_templates' retrieved from /Users/jayesh/Desktop/Personal Work/Movie_data_pipeline/.venv/lib/python3.12/site-packages/airflow/example_dags/tutorial_taskflow_templates.py
[2024-12-11T23:45:50.958+0530] {logging_mixin.py:190} INFO - [2024-12-11T23:45:50.958+0530] {dag.py:3239} INFO - Sync 1 DAGs
[2024-12-11T23:45:50.983+0530] {logging_mixin.py:190} INFO - [2024-12-11T23:45:50.983+0530] {dag.py:4180} INFO - Setting next_dagrun for tutorial_taskflow_templates to 2024-12-10 00:00:00+00:00, run_after=2024-12-11 00:00:00+00:00
[2024-12-11T23:45:51.017+0530] {processor.py:208} INFO - Processing /Users/jayesh/Desktop/Personal Work/Movie_data_pipeline/.venv/lib/python3.12/site-packages/airflow/example_dags/tutorial_taskflow_templates.py took 0.260 seconds
[2024-12-11T23:49:09.054+0530] {processor.py:186} INFO - Started process (PID=11966) to work on /Users/jayesh/Desktop/Personal Work/Movie_data_pipeline/.venv/lib/python3.12/site-packages/airflow/example_dags/tutorial_taskflow_templates.py
[2024-12-11T23:49:09.055+0530] {processor.py:914} INFO - Processing file /Users/jayesh/Desktop/Personal Work/Movie_data_pipeline/.venv/lib/python3.12/site-packages/airflow/example_dags/tutorial_taskflow_templates.py for tasks to queue
[2024-12-11T23:49:09.056+0530] {logging_mixin.py:190} INFO - [2024-12-11T23:49:09.056+0530] {dagbag.py:588} INFO - Filling up the DagBag from /Users/jayesh/Desktop/Personal Work/Movie_data_pipeline/.venv/lib/python3.12/site-packages/airflow/example_dags/tutorial_taskflow_templates.py
[2024-12-11T23:49:09.103+0530] {processor.py:925} INFO - DAG(s) 'tutorial_taskflow_templates' retrieved from /Users/jayesh/Desktop/Personal Work/Movie_data_pipeline/.venv/lib/python3.12/site-packages/airflow/example_dags/tutorial_taskflow_templates.py
[2024-12-11T23:49:09.237+0530] {logging_mixin.py:190} INFO - [2024-12-11T23:49:09.237+0530] {dag.py:3239} INFO - Sync 1 DAGs
[2024-12-11T23:49:09.264+0530] {logging_mixin.py:190} INFO - [2024-12-11T23:49:09.264+0530] {dag.py:4180} INFO - Setting next_dagrun for tutorial_taskflow_templates to 2024-12-10 00:00:00+00:00, run_after=2024-12-11 00:00:00+00:00
[2024-12-11T23:49:09.298+0530] {processor.py:208} INFO - Processing /Users/jayesh/Desktop/Personal Work/Movie_data_pipeline/.venv/lib/python3.12/site-packages/airflow/example_dags/tutorial_taskflow_templates.py took 0.248 seconds
[2024-12-11T23:52:00.892+0530] {processor.py:186} INFO - Started process (PID=12291) to work on /Users/jayesh/Desktop/Personal Work/Movie_data_pipeline/.venv/lib/python3.12/site-packages/airflow/example_dags/tutorial_taskflow_templates.py
[2024-12-11T23:52:00.895+0530] {processor.py:914} INFO - Processing file /Users/jayesh/Desktop/Personal Work/Movie_data_pipeline/.venv/lib/python3.12/site-packages/airflow/example_dags/tutorial_taskflow_templates.py for tasks to queue
[2024-12-11T23:52:00.896+0530] {logging_mixin.py:190} INFO - [2024-12-11T23:52:00.896+0530] {dagbag.py:588} INFO - Filling up the DagBag from /Users/jayesh/Desktop/Personal Work/Movie_data_pipeline/.venv/lib/python3.12/site-packages/airflow/example_dags/tutorial_taskflow_templates.py
[2024-12-11T23:52:01.005+0530] {processor.py:925} INFO - DAG(s) 'tutorial_taskflow_templates' retrieved from /Users/jayesh/Desktop/Personal Work/Movie_data_pipeline/.venv/lib/python3.12/site-packages/airflow/example_dags/tutorial_taskflow_templates.py
[2024-12-11T23:52:01.140+0530] {logging_mixin.py:190} INFO - [2024-12-11T23:52:01.139+0530] {dag.py:3239} INFO - Sync 1 DAGs
[2024-12-11T23:52:01.164+0530] {logging_mixin.py:190} INFO - [2024-12-11T23:52:01.163+0530] {dag.py:4180} INFO - Setting next_dagrun for tutorial_taskflow_templates to 2024-12-10 00:00:00+00:00, run_after=2024-12-11 00:00:00+00:00
[2024-12-11T23:52:01.189+0530] {processor.py:208} INFO - Processing /Users/jayesh/Desktop/Personal Work/Movie_data_pipeline/.venv/lib/python3.12/site-packages/airflow/example_dags/tutorial_taskflow_templates.py took 0.301 seconds
[2024-12-11T23:54:50.306+0530] {processor.py:186} INFO - Started process (PID=12558) to work on /Users/jayesh/Desktop/Personal Work/Movie_data_pipeline/.venv/lib/python3.12/site-packages/airflow/example_dags/tutorial_taskflow_templates.py
[2024-12-11T23:54:50.309+0530] {processor.py:914} INFO - Processing file /Users/jayesh/Desktop/Personal Work/Movie_data_pipeline/.venv/lib/python3.12/site-packages/airflow/example_dags/tutorial_taskflow_templates.py for tasks to queue
[2024-12-11T23:54:50.310+0530] {logging_mixin.py:190} INFO - [2024-12-11T23:54:50.310+0530] {dagbag.py:588} INFO - Filling up the DagBag from /Users/jayesh/Desktop/Personal Work/Movie_data_pipeline/.venv/lib/python3.12/site-packages/airflow/example_dags/tutorial_taskflow_templates.py
[2024-12-11T23:54:50.445+0530] {processor.py:925} INFO - DAG(s) 'tutorial_taskflow_templates' retrieved from /Users/jayesh/Desktop/Personal Work/Movie_data_pipeline/.venv/lib/python3.12/site-packages/airflow/example_dags/tutorial_taskflow_templates.py
[2024-12-11T23:54:50.589+0530] {logging_mixin.py:190} INFO - [2024-12-11T23:54:50.588+0530] {dag.py:3239} INFO - Sync 1 DAGs
[2024-12-11T23:54:50.611+0530] {logging_mixin.py:190} INFO - [2024-12-11T23:54:50.611+0530] {dag.py:4180} INFO - Setting next_dagrun for tutorial_taskflow_templates to 2024-12-10 00:00:00+00:00, run_after=2024-12-11 00:00:00+00:00
[2024-12-11T23:54:50.634+0530] {processor.py:208} INFO - Processing /Users/jayesh/Desktop/Personal Work/Movie_data_pipeline/.venv/lib/python3.12/site-packages/airflow/example_dags/tutorial_taskflow_templates.py took 0.332 seconds
[2024-12-11T23:57:43.785+0530] {processor.py:186} INFO - Started process (PID=12866) to work on /Users/jayesh/Desktop/Personal Work/Movie_data_pipeline/.venv/lib/python3.12/site-packages/airflow/example_dags/tutorial_taskflow_templates.py
[2024-12-11T23:57:43.787+0530] {processor.py:914} INFO - Processing file /Users/jayesh/Desktop/Personal Work/Movie_data_pipeline/.venv/lib/python3.12/site-packages/airflow/example_dags/tutorial_taskflow_templates.py for tasks to queue
[2024-12-11T23:57:43.789+0530] {logging_mixin.py:190} INFO - [2024-12-11T23:57:43.789+0530] {dagbag.py:588} INFO - Filling up the DagBag from /Users/jayesh/Desktop/Personal Work/Movie_data_pipeline/.venv/lib/python3.12/site-packages/airflow/example_dags/tutorial_taskflow_templates.py
[2024-12-11T23:57:43.902+0530] {processor.py:925} INFO - DAG(s) 'tutorial_taskflow_templates' retrieved from /Users/jayesh/Desktop/Personal Work/Movie_data_pipeline/.venv/lib/python3.12/site-packages/airflow/example_dags/tutorial_taskflow_templates.py
[2024-12-11T23:57:44.042+0530] {logging_mixin.py:190} INFO - [2024-12-11T23:57:44.042+0530] {dag.py:3239} INFO - Sync 1 DAGs
[2024-12-11T23:57:44.063+0530] {logging_mixin.py:190} INFO - [2024-12-11T23:57:44.063+0530] {dag.py:4180} INFO - Setting next_dagrun for tutorial_taskflow_templates to 2024-12-10 00:00:00+00:00, run_after=2024-12-11 00:00:00+00:00
[2024-12-11T23:57:44.088+0530] {processor.py:208} INFO - Processing /Users/jayesh/Desktop/Personal Work/Movie_data_pipeline/.venv/lib/python3.12/site-packages/airflow/example_dags/tutorial_taskflow_templates.py took 0.307 seconds
[2024-12-12T00:00:37.394+0530] {processor.py:186} INFO - Started process (PID=13135) to work on /Users/jayesh/Desktop/Personal Work/Movie_data_pipeline/.venv/lib/python3.12/site-packages/airflow/example_dags/tutorial_taskflow_templates.py
[2024-12-12T00:00:37.396+0530] {processor.py:914} INFO - Processing file /Users/jayesh/Desktop/Personal Work/Movie_data_pipeline/.venv/lib/python3.12/site-packages/airflow/example_dags/tutorial_taskflow_templates.py for tasks to queue
[2024-12-12T00:00:37.398+0530] {logging_mixin.py:190} INFO - [2024-12-12T00:00:37.397+0530] {dagbag.py:588} INFO - Filling up the DagBag from /Users/jayesh/Desktop/Personal Work/Movie_data_pipeline/.venv/lib/python3.12/site-packages/airflow/example_dags/tutorial_taskflow_templates.py
[2024-12-12T00:00:37.450+0530] {processor.py:925} INFO - DAG(s) 'tutorial_taskflow_templates' retrieved from /Users/jayesh/Desktop/Personal Work/Movie_data_pipeline/.venv/lib/python3.12/site-packages/airflow/example_dags/tutorial_taskflow_templates.py
[2024-12-12T00:00:37.571+0530] {logging_mixin.py:190} INFO - [2024-12-12T00:00:37.570+0530] {dag.py:3239} INFO - Sync 1 DAGs
[2024-12-12T00:00:37.593+0530] {logging_mixin.py:190} INFO - [2024-12-12T00:00:37.592+0530] {dag.py:4180} INFO - Setting next_dagrun for tutorial_taskflow_templates to 2024-12-10 00:00:00+00:00, run_after=2024-12-11 00:00:00+00:00
[2024-12-12T00:00:37.618+0530] {processor.py:208} INFO - Processing /Users/jayesh/Desktop/Personal Work/Movie_data_pipeline/.venv/lib/python3.12/site-packages/airflow/example_dags/tutorial_taskflow_templates.py took 0.227 seconds
[2024-12-12T00:03:32.274+0530] {processor.py:186} INFO - Started process (PID=13410) to work on /Users/jayesh/Desktop/Personal Work/Movie_data_pipeline/.venv/lib/python3.12/site-packages/airflow/example_dags/tutorial_taskflow_templates.py
[2024-12-12T00:03:32.277+0530] {processor.py:914} INFO - Processing file /Users/jayesh/Desktop/Personal Work/Movie_data_pipeline/.venv/lib/python3.12/site-packages/airflow/example_dags/tutorial_taskflow_templates.py for tasks to queue
[2024-12-12T00:03:32.278+0530] {logging_mixin.py:190} INFO - [2024-12-12T00:03:32.278+0530] {dagbag.py:588} INFO - Filling up the DagBag from /Users/jayesh/Desktop/Personal Work/Movie_data_pipeline/.venv/lib/python3.12/site-packages/airflow/example_dags/tutorial_taskflow_templates.py
[2024-12-12T00:03:32.417+0530] {processor.py:925} INFO - DAG(s) 'tutorial_taskflow_templates' retrieved from /Users/jayesh/Desktop/Personal Work/Movie_data_pipeline/.venv/lib/python3.12/site-packages/airflow/example_dags/tutorial_taskflow_templates.py
[2024-12-12T00:03:32.562+0530] {logging_mixin.py:190} INFO - [2024-12-12T00:03:32.562+0530] {dag.py:3239} INFO - Sync 1 DAGs
[2024-12-12T00:03:32.586+0530] {logging_mixin.py:190} INFO - [2024-12-12T00:03:32.585+0530] {dag.py:4180} INFO - Setting next_dagrun for tutorial_taskflow_templates to 2024-12-10 00:00:00+00:00, run_after=2024-12-11 00:00:00+00:00
[2024-12-12T00:03:32.611+0530] {processor.py:208} INFO - Processing /Users/jayesh/Desktop/Personal Work/Movie_data_pipeline/.venv/lib/python3.12/site-packages/airflow/example_dags/tutorial_taskflow_templates.py took 0.340 seconds
[2024-12-12T00:06:25.895+0530] {processor.py:186} INFO - Started process (PID=13692) to work on /Users/jayesh/Desktop/Personal Work/Movie_data_pipeline/.venv/lib/python3.12/site-packages/airflow/example_dags/tutorial_taskflow_templates.py
[2024-12-12T00:06:25.898+0530] {processor.py:914} INFO - Processing file /Users/jayesh/Desktop/Personal Work/Movie_data_pipeline/.venv/lib/python3.12/site-packages/airflow/example_dags/tutorial_taskflow_templates.py for tasks to queue
[2024-12-12T00:06:25.900+0530] {logging_mixin.py:190} INFO - [2024-12-12T00:06:25.900+0530] {dagbag.py:588} INFO - Filling up the DagBag from /Users/jayesh/Desktop/Personal Work/Movie_data_pipeline/.venv/lib/python3.12/site-packages/airflow/example_dags/tutorial_taskflow_templates.py
[2024-12-12T00:06:26.028+0530] {processor.py:925} INFO - DAG(s) 'tutorial_taskflow_templates' retrieved from /Users/jayesh/Desktop/Personal Work/Movie_data_pipeline/.venv/lib/python3.12/site-packages/airflow/example_dags/tutorial_taskflow_templates.py
[2024-12-12T00:06:26.166+0530] {logging_mixin.py:190} INFO - [2024-12-12T00:06:26.165+0530] {dag.py:3239} INFO - Sync 1 DAGs
[2024-12-12T00:06:26.190+0530] {logging_mixin.py:190} INFO - [2024-12-12T00:06:26.190+0530] {dag.py:4180} INFO - Setting next_dagrun for tutorial_taskflow_templates to 2024-12-10 00:00:00+00:00, run_after=2024-12-11 00:00:00+00:00
[2024-12-12T00:06:26.219+0530] {processor.py:208} INFO - Processing /Users/jayesh/Desktop/Personal Work/Movie_data_pipeline/.venv/lib/python3.12/site-packages/airflow/example_dags/tutorial_taskflow_templates.py took 0.328 seconds
[2024-12-12T00:09:20.257+0530] {processor.py:186} INFO - Started process (PID=13959) to work on /Users/jayesh/Desktop/Personal Work/Movie_data_pipeline/.venv/lib/python3.12/site-packages/airflow/example_dags/tutorial_taskflow_templates.py
[2024-12-12T00:09:20.260+0530] {processor.py:914} INFO - Processing file /Users/jayesh/Desktop/Personal Work/Movie_data_pipeline/.venv/lib/python3.12/site-packages/airflow/example_dags/tutorial_taskflow_templates.py for tasks to queue
[2024-12-12T00:09:20.262+0530] {logging_mixin.py:190} INFO - [2024-12-12T00:09:20.261+0530] {dagbag.py:588} INFO - Filling up the DagBag from /Users/jayesh/Desktop/Personal Work/Movie_data_pipeline/.venv/lib/python3.12/site-packages/airflow/example_dags/tutorial_taskflow_templates.py
[2024-12-12T00:09:20.401+0530] {processor.py:925} INFO - DAG(s) 'tutorial_taskflow_templates' retrieved from /Users/jayesh/Desktop/Personal Work/Movie_data_pipeline/.venv/lib/python3.12/site-packages/airflow/example_dags/tutorial_taskflow_templates.py
[2024-12-12T00:09:20.548+0530] {logging_mixin.py:190} INFO - [2024-12-12T00:09:20.547+0530] {dag.py:3239} INFO - Sync 1 DAGs
[2024-12-12T00:09:20.569+0530] {logging_mixin.py:190} INFO - [2024-12-12T00:09:20.568+0530] {dag.py:4180} INFO - Setting next_dagrun for tutorial_taskflow_templates to 2024-12-10 00:00:00+00:00, run_after=2024-12-11 00:00:00+00:00
[2024-12-12T00:09:20.595+0530] {processor.py:208} INFO - Processing /Users/jayesh/Desktop/Personal Work/Movie_data_pipeline/.venv/lib/python3.12/site-packages/airflow/example_dags/tutorial_taskflow_templates.py took 0.341 seconds
[2024-12-12T00:12:14.730+0530] {processor.py:186} INFO - Started process (PID=14252) to work on /Users/jayesh/Desktop/Personal Work/Movie_data_pipeline/.venv/lib/python3.12/site-packages/airflow/example_dags/tutorial_taskflow_templates.py
[2024-12-12T00:12:14.736+0530] {processor.py:914} INFO - Processing file /Users/jayesh/Desktop/Personal Work/Movie_data_pipeline/.venv/lib/python3.12/site-packages/airflow/example_dags/tutorial_taskflow_templates.py for tasks to queue
[2024-12-12T00:12:14.738+0530] {logging_mixin.py:190} INFO - [2024-12-12T00:12:14.737+0530] {dagbag.py:588} INFO - Filling up the DagBag from /Users/jayesh/Desktop/Personal Work/Movie_data_pipeline/.venv/lib/python3.12/site-packages/airflow/example_dags/tutorial_taskflow_templates.py
[2024-12-12T00:12:14.872+0530] {processor.py:925} INFO - DAG(s) 'tutorial_taskflow_templates' retrieved from /Users/jayesh/Desktop/Personal Work/Movie_data_pipeline/.venv/lib/python3.12/site-packages/airflow/example_dags/tutorial_taskflow_templates.py
[2024-12-12T00:12:15.014+0530] {logging_mixin.py:190} INFO - [2024-12-12T00:12:15.013+0530] {dag.py:3239} INFO - Sync 1 DAGs
[2024-12-12T00:12:15.035+0530] {logging_mixin.py:190} INFO - [2024-12-12T00:12:15.035+0530] {dag.py:4180} INFO - Setting next_dagrun for tutorial_taskflow_templates to 2024-12-10 00:00:00+00:00, run_after=2024-12-11 00:00:00+00:00
[2024-12-12T00:12:15.062+0530] {processor.py:208} INFO - Processing /Users/jayesh/Desktop/Personal Work/Movie_data_pipeline/.venv/lib/python3.12/site-packages/airflow/example_dags/tutorial_taskflow_templates.py took 0.336 seconds
[2024-12-12T00:15:10.160+0530] {processor.py:186} INFO - Started process (PID=14515) to work on /Users/jayesh/Desktop/Personal Work/Movie_data_pipeline/.venv/lib/python3.12/site-packages/airflow/example_dags/tutorial_taskflow_templates.py
[2024-12-12T00:15:10.163+0530] {processor.py:914} INFO - Processing file /Users/jayesh/Desktop/Personal Work/Movie_data_pipeline/.venv/lib/python3.12/site-packages/airflow/example_dags/tutorial_taskflow_templates.py for tasks to queue
[2024-12-12T00:15:10.165+0530] {logging_mixin.py:190} INFO - [2024-12-12T00:15:10.165+0530] {dagbag.py:588} INFO - Filling up the DagBag from /Users/jayesh/Desktop/Personal Work/Movie_data_pipeline/.venv/lib/python3.12/site-packages/airflow/example_dags/tutorial_taskflow_templates.py
[2024-12-12T00:15:10.230+0530] {processor.py:925} INFO - DAG(s) 'tutorial_taskflow_templates' retrieved from /Users/jayesh/Desktop/Personal Work/Movie_data_pipeline/.venv/lib/python3.12/site-packages/airflow/example_dags/tutorial_taskflow_templates.py
[2024-12-12T00:15:10.377+0530] {logging_mixin.py:190} INFO - [2024-12-12T00:15:10.377+0530] {dag.py:3239} INFO - Sync 1 DAGs
[2024-12-12T00:15:10.401+0530] {logging_mixin.py:190} INFO - [2024-12-12T00:15:10.400+0530] {dag.py:4180} INFO - Setting next_dagrun for tutorial_taskflow_templates to 2024-12-10 00:00:00+00:00, run_after=2024-12-11 00:00:00+00:00
[2024-12-12T00:15:10.427+0530] {processor.py:208} INFO - Processing /Users/jayesh/Desktop/Personal Work/Movie_data_pipeline/.venv/lib/python3.12/site-packages/airflow/example_dags/tutorial_taskflow_templates.py took 0.271 seconds
[2024-12-12T00:17:57.821+0530] {processor.py:186} INFO - Started process (PID=14790) to work on /Users/jayesh/Desktop/Personal Work/Movie_data_pipeline/.venv/lib/python3.12/site-packages/airflow/example_dags/tutorial_taskflow_templates.py
[2024-12-12T00:17:57.823+0530] {processor.py:914} INFO - Processing file /Users/jayesh/Desktop/Personal Work/Movie_data_pipeline/.venv/lib/python3.12/site-packages/airflow/example_dags/tutorial_taskflow_templates.py for tasks to queue
[2024-12-12T00:17:57.825+0530] {logging_mixin.py:190} INFO - [2024-12-12T00:17:57.825+0530] {dagbag.py:588} INFO - Filling up the DagBag from /Users/jayesh/Desktop/Personal Work/Movie_data_pipeline/.venv/lib/python3.12/site-packages/airflow/example_dags/tutorial_taskflow_templates.py
[2024-12-12T00:17:57.872+0530] {processor.py:925} INFO - DAG(s) 'tutorial_taskflow_templates' retrieved from /Users/jayesh/Desktop/Personal Work/Movie_data_pipeline/.venv/lib/python3.12/site-packages/airflow/example_dags/tutorial_taskflow_templates.py
[2024-12-12T00:17:57.992+0530] {logging_mixin.py:190} INFO - [2024-12-12T00:17:57.992+0530] {dag.py:3239} INFO - Sync 1 DAGs
[2024-12-12T00:17:58.014+0530] {logging_mixin.py:190} INFO - [2024-12-12T00:17:58.014+0530] {dag.py:4180} INFO - Setting next_dagrun for tutorial_taskflow_templates to 2024-12-10 00:00:00+00:00, run_after=2024-12-11 00:00:00+00:00
[2024-12-12T00:17:58.045+0530] {processor.py:208} INFO - Processing /Users/jayesh/Desktop/Personal Work/Movie_data_pipeline/.venv/lib/python3.12/site-packages/airflow/example_dags/tutorial_taskflow_templates.py took 0.227 seconds
[2024-12-12T00:21:02.656+0530] {processor.py:186} INFO - Started process (PID=15077) to work on /Users/jayesh/Desktop/Personal Work/Movie_data_pipeline/.venv/lib/python3.12/site-packages/airflow/example_dags/tutorial_taskflow_templates.py
[2024-12-12T00:21:02.661+0530] {processor.py:914} INFO - Processing file /Users/jayesh/Desktop/Personal Work/Movie_data_pipeline/.venv/lib/python3.12/site-packages/airflow/example_dags/tutorial_taskflow_templates.py for tasks to queue
[2024-12-12T00:21:02.663+0530] {logging_mixin.py:190} INFO - [2024-12-12T00:21:02.662+0530] {dagbag.py:588} INFO - Filling up the DagBag from /Users/jayesh/Desktop/Personal Work/Movie_data_pipeline/.venv/lib/python3.12/site-packages/airflow/example_dags/tutorial_taskflow_templates.py
[2024-12-12T00:21:02.724+0530] {processor.py:925} INFO - DAG(s) 'tutorial_taskflow_templates' retrieved from /Users/jayesh/Desktop/Personal Work/Movie_data_pipeline/.venv/lib/python3.12/site-packages/airflow/example_dags/tutorial_taskflow_templates.py
[2024-12-12T00:21:02.870+0530] {logging_mixin.py:190} INFO - [2024-12-12T00:21:02.870+0530] {dag.py:3239} INFO - Sync 1 DAGs
[2024-12-12T00:21:02.892+0530] {logging_mixin.py:190} INFO - [2024-12-12T00:21:02.892+0530] {dag.py:4180} INFO - Setting next_dagrun for tutorial_taskflow_templates to 2024-12-10 00:00:00+00:00, run_after=2024-12-11 00:00:00+00:00
[2024-12-12T00:21:02.920+0530] {processor.py:208} INFO - Processing /Users/jayesh/Desktop/Personal Work/Movie_data_pipeline/.venv/lib/python3.12/site-packages/airflow/example_dags/tutorial_taskflow_templates.py took 0.268 seconds
[2024-12-12T00:24:28.369+0530] {processor.py:186} INFO - Started process (PID=15409) to work on /Users/jayesh/Desktop/Personal Work/Movie_data_pipeline/.venv/lib/python3.12/site-packages/airflow/example_dags/tutorial_taskflow_templates.py
[2024-12-12T00:24:28.377+0530] {processor.py:914} INFO - Processing file /Users/jayesh/Desktop/Personal Work/Movie_data_pipeline/.venv/lib/python3.12/site-packages/airflow/example_dags/tutorial_taskflow_templates.py for tasks to queue
[2024-12-12T00:24:28.380+0530] {logging_mixin.py:190} INFO - [2024-12-12T00:24:28.379+0530] {dagbag.py:588} INFO - Filling up the DagBag from /Users/jayesh/Desktop/Personal Work/Movie_data_pipeline/.venv/lib/python3.12/site-packages/airflow/example_dags/tutorial_taskflow_templates.py
[2024-12-12T00:24:28.574+0530] {processor.py:925} INFO - DAG(s) 'tutorial_taskflow_templates' retrieved from /Users/jayesh/Desktop/Personal Work/Movie_data_pipeline/.venv/lib/python3.12/site-packages/airflow/example_dags/tutorial_taskflow_templates.py
[2024-12-12T00:24:28.754+0530] {logging_mixin.py:190} INFO - [2024-12-12T00:24:28.753+0530] {dag.py:3239} INFO - Sync 1 DAGs
[2024-12-12T00:24:28.785+0530] {logging_mixin.py:190} INFO - [2024-12-12T00:24:28.784+0530] {dag.py:4180} INFO - Setting next_dagrun for tutorial_taskflow_templates to 2024-12-10 00:00:00+00:00, run_after=2024-12-11 00:00:00+00:00
[2024-12-12T00:24:28.824+0530] {processor.py:208} INFO - Processing /Users/jayesh/Desktop/Personal Work/Movie_data_pipeline/.venv/lib/python3.12/site-packages/airflow/example_dags/tutorial_taskflow_templates.py took 0.462 seconds
[2024-12-12T00:27:48.158+0530] {processor.py:186} INFO - Started process (PID=15742) to work on /Users/jayesh/Desktop/Personal Work/Movie_data_pipeline/.venv/lib/python3.12/site-packages/airflow/example_dags/tutorial_taskflow_templates.py
[2024-12-12T00:27:48.160+0530] {processor.py:914} INFO - Processing file /Users/jayesh/Desktop/Personal Work/Movie_data_pipeline/.venv/lib/python3.12/site-packages/airflow/example_dags/tutorial_taskflow_templates.py for tasks to queue
[2024-12-12T00:27:48.162+0530] {logging_mixin.py:190} INFO - [2024-12-12T00:27:48.162+0530] {dagbag.py:588} INFO - Filling up the DagBag from /Users/jayesh/Desktop/Personal Work/Movie_data_pipeline/.venv/lib/python3.12/site-packages/airflow/example_dags/tutorial_taskflow_templates.py
[2024-12-12T00:27:48.218+0530] {processor.py:925} INFO - DAG(s) 'tutorial_taskflow_templates' retrieved from /Users/jayesh/Desktop/Personal Work/Movie_data_pipeline/.venv/lib/python3.12/site-packages/airflow/example_dags/tutorial_taskflow_templates.py
[2024-12-12T00:27:48.338+0530] {logging_mixin.py:190} INFO - [2024-12-12T00:27:48.338+0530] {dag.py:3239} INFO - Sync 1 DAGs
[2024-12-12T00:27:48.359+0530] {logging_mixin.py:190} INFO - [2024-12-12T00:27:48.359+0530] {dag.py:4180} INFO - Setting next_dagrun for tutorial_taskflow_templates to 2024-12-10 00:00:00+00:00, run_after=2024-12-11 00:00:00+00:00
[2024-12-12T00:27:48.383+0530] {processor.py:208} INFO - Processing /Users/jayesh/Desktop/Personal Work/Movie_data_pipeline/.venv/lib/python3.12/site-packages/airflow/example_dags/tutorial_taskflow_templates.py took 0.229 seconds
