[2024-12-11T23:23:53.521+0530] {processor.py:186} INFO - Started process (PID=9262) to work on /Users/jayesh/Desktop/Personal Work/Movie_data_pipeline/.venv/lib/python3.12/site-packages/airflow/example_dags/tutorial_objectstorage.py
[2024-12-11T23:23:53.529+0530] {processor.py:914} INFO - Processing file /Users/jayesh/Desktop/Personal Work/Movie_data_pipeline/.venv/lib/python3.12/site-packages/airflow/example_dags/tutorial_objectstorage.py for tasks to queue
[2024-12-11T23:23:53.533+0530] {logging_mixin.py:190} INFO - [2024-12-11T23:23:53.532+0530] {dagbag.py:588} INFO - Filling up the DagBag from /Users/jayesh/Desktop/Personal Work/Movie_data_pipeline/.venv/lib/python3.12/site-packages/airflow/example_dags/tutorial_objectstorage.py
[2024-12-11T23:23:53.599+0530] {processor.py:925} INFO - DAG(s) 'tutorial_objectstorage' retrieved from /Users/jayesh/Desktop/Personal Work/Movie_data_pipeline/.venv/lib/python3.12/site-packages/airflow/example_dags/tutorial_objectstorage.py
[2024-12-11T23:23:53.943+0530] {logging_mixin.py:190} INFO - [2024-12-11T23:23:53.943+0530] {override.py:1911} INFO - Created Permission View: can read on DAG:tutorial_objectstorage
[2024-12-11T23:23:53.956+0530] {logging_mixin.py:190} INFO - [2024-12-11T23:23:53.955+0530] {override.py:1911} INFO - Created Permission View: can delete on DAG:tutorial_objectstorage
[2024-12-11T23:23:53.966+0530] {logging_mixin.py:190} INFO - [2024-12-11T23:23:53.966+0530] {override.py:1911} INFO - Created Permission View: can edit on DAG:tutorial_objectstorage
[2024-12-11T23:23:53.978+0530] {logging_mixin.py:190} INFO - [2024-12-11T23:23:53.977+0530] {override.py:1911} INFO - Created Permission View: can read on DAG Run:tutorial_objectstorage
[2024-12-11T23:23:53.987+0530] {logging_mixin.py:190} INFO - [2024-12-11T23:23:53.986+0530] {override.py:1911} INFO - Created Permission View: menu access on DAG Run:tutorial_objectstorage
[2024-12-11T23:23:53.995+0530] {logging_mixin.py:190} INFO - [2024-12-11T23:23:53.995+0530] {override.py:1911} INFO - Created Permission View: can delete on DAG Run:tutorial_objectstorage
[2024-12-11T23:23:54.005+0530] {logging_mixin.py:190} INFO - [2024-12-11T23:23:54.004+0530] {override.py:1911} INFO - Created Permission View: can create on DAG Run:tutorial_objectstorage
[2024-12-11T23:23:54.007+0530] {logging_mixin.py:190} INFO - [2024-12-11T23:23:54.006+0530] {dag.py:3239} INFO - Sync 1 DAGs
[2024-12-11T23:23:54.028+0530] {logging_mixin.py:190} INFO - [2024-12-11T23:23:54.028+0530] {dag.py:3262} INFO - Creating ORM DAG for tutorial_objectstorage
[2024-12-11T23:23:54.029+0530] {logging_mixin.py:190} INFO - [2024-12-11T23:23:54.029+0530] {dag.py:4180} INFO - Setting next_dagrun for tutorial_objectstorage to None, run_after=None
[2024-12-11T23:23:54.056+0530] {processor.py:208} INFO - Processing /Users/jayesh/Desktop/Personal Work/Movie_data_pipeline/.venv/lib/python3.12/site-packages/airflow/example_dags/tutorial_objectstorage.py took 0.544 seconds
[2024-12-11T23:28:38.130+0530] {processor.py:186} INFO - Started process (PID=9771) to work on /Users/jayesh/Desktop/Personal Work/Movie_data_pipeline/.venv/lib/python3.12/site-packages/airflow/example_dags/tutorial_objectstorage.py
[2024-12-11T23:28:38.133+0530] {processor.py:914} INFO - Processing file /Users/jayesh/Desktop/Personal Work/Movie_data_pipeline/.venv/lib/python3.12/site-packages/airflow/example_dags/tutorial_objectstorage.py for tasks to queue
[2024-12-11T23:28:38.135+0530] {logging_mixin.py:190} INFO - [2024-12-11T23:28:38.135+0530] {dagbag.py:588} INFO - Filling up the DagBag from /Users/jayesh/Desktop/Personal Work/Movie_data_pipeline/.venv/lib/python3.12/site-packages/airflow/example_dags/tutorial_objectstorage.py
[2024-12-11T23:28:38.182+0530] {processor.py:925} INFO - DAG(s) 'tutorial_objectstorage' retrieved from /Users/jayesh/Desktop/Personal Work/Movie_data_pipeline/.venv/lib/python3.12/site-packages/airflow/example_dags/tutorial_objectstorage.py
[2024-12-11T23:28:38.316+0530] {logging_mixin.py:190} INFO - [2024-12-11T23:28:38.315+0530] {dag.py:3239} INFO - Sync 1 DAGs
[2024-12-11T23:28:38.329+0530] {logging_mixin.py:190} INFO - [2024-12-11T23:28:38.329+0530] {dag.py:4180} INFO - Setting next_dagrun for tutorial_objectstorage to None, run_after=None
[2024-12-11T23:28:38.360+0530] {processor.py:208} INFO - Processing /Users/jayesh/Desktop/Personal Work/Movie_data_pipeline/.venv/lib/python3.12/site-packages/airflow/example_dags/tutorial_objectstorage.py took 0.236 seconds
[2024-12-11T23:31:59.253+0530] {processor.py:186} INFO - Started process (PID=10082) to work on /Users/jayesh/Desktop/Personal Work/Movie_data_pipeline/.venv/lib/python3.12/site-packages/airflow/example_dags/tutorial_objectstorage.py
[2024-12-11T23:31:59.255+0530] {processor.py:914} INFO - Processing file /Users/jayesh/Desktop/Personal Work/Movie_data_pipeline/.venv/lib/python3.12/site-packages/airflow/example_dags/tutorial_objectstorage.py for tasks to queue
[2024-12-11T23:31:59.257+0530] {logging_mixin.py:190} INFO - [2024-12-11T23:31:59.257+0530] {dagbag.py:588} INFO - Filling up the DagBag from /Users/jayesh/Desktop/Personal Work/Movie_data_pipeline/.venv/lib/python3.12/site-packages/airflow/example_dags/tutorial_objectstorage.py
[2024-12-11T23:31:59.312+0530] {processor.py:925} INFO - DAG(s) 'tutorial_objectstorage' retrieved from /Users/jayesh/Desktop/Personal Work/Movie_data_pipeline/.venv/lib/python3.12/site-packages/airflow/example_dags/tutorial_objectstorage.py
[2024-12-11T23:31:59.480+0530] {logging_mixin.py:190} INFO - [2024-12-11T23:31:59.477+0530] {dag.py:3239} INFO - Sync 1 DAGs
[2024-12-11T23:31:59.496+0530] {logging_mixin.py:190} INFO - [2024-12-11T23:31:59.495+0530] {dag.py:4180} INFO - Setting next_dagrun for tutorial_objectstorage to None, run_after=None
[2024-12-11T23:31:59.531+0530] {processor.py:208} INFO - Processing /Users/jayesh/Desktop/Personal Work/Movie_data_pipeline/.venv/lib/python3.12/site-packages/airflow/example_dags/tutorial_objectstorage.py took 0.282 seconds
[2024-12-11T23:36:17.467+0530] {processor.py:186} INFO - Started process (PID=10649) to work on /Users/jayesh/Desktop/Personal Work/Movie_data_pipeline/.venv/lib/python3.12/site-packages/airflow/example_dags/tutorial_objectstorage.py
[2024-12-11T23:36:17.469+0530] {processor.py:914} INFO - Processing file /Users/jayesh/Desktop/Personal Work/Movie_data_pipeline/.venv/lib/python3.12/site-packages/airflow/example_dags/tutorial_objectstorage.py for tasks to queue
[2024-12-11T23:36:17.471+0530] {logging_mixin.py:190} INFO - [2024-12-11T23:36:17.471+0530] {dagbag.py:588} INFO - Filling up the DagBag from /Users/jayesh/Desktop/Personal Work/Movie_data_pipeline/.venv/lib/python3.12/site-packages/airflow/example_dags/tutorial_objectstorage.py
[2024-12-11T23:36:17.520+0530] {processor.py:925} INFO - DAG(s) 'tutorial_objectstorage' retrieved from /Users/jayesh/Desktop/Personal Work/Movie_data_pipeline/.venv/lib/python3.12/site-packages/airflow/example_dags/tutorial_objectstorage.py
[2024-12-11T23:36:17.656+0530] {logging_mixin.py:190} INFO - [2024-12-11T23:36:17.655+0530] {dag.py:3239} INFO - Sync 1 DAGs
[2024-12-11T23:36:17.668+0530] {logging_mixin.py:190} INFO - [2024-12-11T23:36:17.668+0530] {dag.py:4180} INFO - Setting next_dagrun for tutorial_objectstorage to None, run_after=None
[2024-12-11T23:36:17.698+0530] {processor.py:208} INFO - Processing /Users/jayesh/Desktop/Personal Work/Movie_data_pipeline/.venv/lib/python3.12/site-packages/airflow/example_dags/tutorial_objectstorage.py took 0.235 seconds
[2024-12-11T23:40:12.750+0530] {processor.py:186} INFO - Started process (PID=11048) to work on /Users/jayesh/Desktop/Personal Work/Movie_data_pipeline/.venv/lib/python3.12/site-packages/airflow/example_dags/tutorial_objectstorage.py
[2024-12-11T23:40:12.752+0530] {processor.py:914} INFO - Processing file /Users/jayesh/Desktop/Personal Work/Movie_data_pipeline/.venv/lib/python3.12/site-packages/airflow/example_dags/tutorial_objectstorage.py for tasks to queue
[2024-12-11T23:40:12.754+0530] {logging_mixin.py:190} INFO - [2024-12-11T23:40:12.754+0530] {dagbag.py:588} INFO - Filling up the DagBag from /Users/jayesh/Desktop/Personal Work/Movie_data_pipeline/.venv/lib/python3.12/site-packages/airflow/example_dags/tutorial_objectstorage.py
[2024-12-11T23:40:12.807+0530] {processor.py:925} INFO - DAG(s) 'tutorial_objectstorage' retrieved from /Users/jayesh/Desktop/Personal Work/Movie_data_pipeline/.venv/lib/python3.12/site-packages/airflow/example_dags/tutorial_objectstorage.py
[2024-12-11T23:40:12.937+0530] {logging_mixin.py:190} INFO - [2024-12-11T23:40:12.936+0530] {dag.py:3239} INFO - Sync 1 DAGs
[2024-12-11T23:40:12.951+0530] {logging_mixin.py:190} INFO - [2024-12-11T23:40:12.951+0530] {dag.py:4180} INFO - Setting next_dagrun for tutorial_objectstorage to None, run_after=None
[2024-12-11T23:40:12.975+0530] {processor.py:208} INFO - Processing /Users/jayesh/Desktop/Personal Work/Movie_data_pipeline/.venv/lib/python3.12/site-packages/airflow/example_dags/tutorial_objectstorage.py took 0.228 seconds
[2024-12-11T23:46:02.350+0530] {processor.py:186} INFO - Started process (PID=11608) to work on /Users/jayesh/Desktop/Personal Work/Movie_data_pipeline/.venv/lib/python3.12/site-packages/airflow/example_dags/tutorial_objectstorage.py
[2024-12-11T23:46:02.352+0530] {processor.py:914} INFO - Processing file /Users/jayesh/Desktop/Personal Work/Movie_data_pipeline/.venv/lib/python3.12/site-packages/airflow/example_dags/tutorial_objectstorage.py for tasks to queue
[2024-12-11T23:46:02.355+0530] {logging_mixin.py:190} INFO - [2024-12-11T23:46:02.355+0530] {dagbag.py:588} INFO - Filling up the DagBag from /Users/jayesh/Desktop/Personal Work/Movie_data_pipeline/.venv/lib/python3.12/site-packages/airflow/example_dags/tutorial_objectstorage.py
[2024-12-11T23:46:02.408+0530] {processor.py:925} INFO - DAG(s) 'tutorial_objectstorage' retrieved from /Users/jayesh/Desktop/Personal Work/Movie_data_pipeline/.venv/lib/python3.12/site-packages/airflow/example_dags/tutorial_objectstorage.py
[2024-12-11T23:46:02.533+0530] {logging_mixin.py:190} INFO - [2024-12-11T23:46:02.532+0530] {dag.py:3239} INFO - Sync 1 DAGs
[2024-12-11T23:46:02.548+0530] {logging_mixin.py:190} INFO - [2024-12-11T23:46:02.548+0530] {dag.py:4180} INFO - Setting next_dagrun for tutorial_objectstorage to None, run_after=None
[2024-12-11T23:46:02.571+0530] {processor.py:208} INFO - Processing /Users/jayesh/Desktop/Personal Work/Movie_data_pipeline/.venv/lib/python3.12/site-packages/airflow/example_dags/tutorial_objectstorage.py took 0.225 seconds
[2024-12-11T23:49:20.339+0530] {processor.py:186} INFO - Started process (PID=11988) to work on /Users/jayesh/Desktop/Personal Work/Movie_data_pipeline/.venv/lib/python3.12/site-packages/airflow/example_dags/tutorial_objectstorage.py
[2024-12-11T23:49:20.340+0530] {processor.py:914} INFO - Processing file /Users/jayesh/Desktop/Personal Work/Movie_data_pipeline/.venv/lib/python3.12/site-packages/airflow/example_dags/tutorial_objectstorage.py for tasks to queue
[2024-12-11T23:49:20.341+0530] {logging_mixin.py:190} INFO - [2024-12-11T23:49:20.341+0530] {dagbag.py:588} INFO - Filling up the DagBag from /Users/jayesh/Desktop/Personal Work/Movie_data_pipeline/.venv/lib/python3.12/site-packages/airflow/example_dags/tutorial_objectstorage.py
[2024-12-11T23:49:20.387+0530] {processor.py:925} INFO - DAG(s) 'tutorial_objectstorage' retrieved from /Users/jayesh/Desktop/Personal Work/Movie_data_pipeline/.venv/lib/python3.12/site-packages/airflow/example_dags/tutorial_objectstorage.py
[2024-12-11T23:49:20.515+0530] {logging_mixin.py:190} INFO - [2024-12-11T23:49:20.514+0530] {dag.py:3239} INFO - Sync 1 DAGs
[2024-12-11T23:49:20.528+0530] {logging_mixin.py:190} INFO - [2024-12-11T23:49:20.528+0530] {dag.py:4180} INFO - Setting next_dagrun for tutorial_objectstorage to None, run_after=None
[2024-12-11T23:49:20.550+0530] {processor.py:208} INFO - Processing /Users/jayesh/Desktop/Personal Work/Movie_data_pipeline/.venv/lib/python3.12/site-packages/airflow/example_dags/tutorial_objectstorage.py took 0.214 seconds
[2024-12-11T23:52:11.513+0530] {processor.py:186} INFO - Started process (PID=12308) to work on /Users/jayesh/Desktop/Personal Work/Movie_data_pipeline/.venv/lib/python3.12/site-packages/airflow/example_dags/tutorial_objectstorage.py
[2024-12-11T23:52:11.517+0530] {processor.py:914} INFO - Processing file /Users/jayesh/Desktop/Personal Work/Movie_data_pipeline/.venv/lib/python3.12/site-packages/airflow/example_dags/tutorial_objectstorage.py for tasks to queue
[2024-12-11T23:52:11.518+0530] {logging_mixin.py:190} INFO - [2024-12-11T23:52:11.518+0530] {dagbag.py:588} INFO - Filling up the DagBag from /Users/jayesh/Desktop/Personal Work/Movie_data_pipeline/.venv/lib/python3.12/site-packages/airflow/example_dags/tutorial_objectstorage.py
[2024-12-11T23:52:11.570+0530] {processor.py:925} INFO - DAG(s) 'tutorial_objectstorage' retrieved from /Users/jayesh/Desktop/Personal Work/Movie_data_pipeline/.venv/lib/python3.12/site-packages/airflow/example_dags/tutorial_objectstorage.py
[2024-12-11T23:52:11.710+0530] {logging_mixin.py:190} INFO - [2024-12-11T23:52:11.709+0530] {dag.py:3239} INFO - Sync 1 DAGs
[2024-12-11T23:52:11.726+0530] {logging_mixin.py:190} INFO - [2024-12-11T23:52:11.725+0530] {dag.py:4180} INFO - Setting next_dagrun for tutorial_objectstorage to None, run_after=None
[2024-12-11T23:52:11.750+0530] {processor.py:208} INFO - Processing /Users/jayesh/Desktop/Personal Work/Movie_data_pipeline/.venv/lib/python3.12/site-packages/airflow/example_dags/tutorial_objectstorage.py took 0.241 seconds
[2024-12-11T23:55:00.855+0530] {processor.py:186} INFO - Started process (PID=12574) to work on /Users/jayesh/Desktop/Personal Work/Movie_data_pipeline/.venv/lib/python3.12/site-packages/airflow/example_dags/tutorial_objectstorage.py
[2024-12-11T23:55:00.858+0530] {processor.py:914} INFO - Processing file /Users/jayesh/Desktop/Personal Work/Movie_data_pipeline/.venv/lib/python3.12/site-packages/airflow/example_dags/tutorial_objectstorage.py for tasks to queue
[2024-12-11T23:55:00.860+0530] {logging_mixin.py:190} INFO - [2024-12-11T23:55:00.860+0530] {dagbag.py:588} INFO - Filling up the DagBag from /Users/jayesh/Desktop/Personal Work/Movie_data_pipeline/.venv/lib/python3.12/site-packages/airflow/example_dags/tutorial_objectstorage.py
[2024-12-11T23:55:00.907+0530] {processor.py:925} INFO - DAG(s) 'tutorial_objectstorage' retrieved from /Users/jayesh/Desktop/Personal Work/Movie_data_pipeline/.venv/lib/python3.12/site-packages/airflow/example_dags/tutorial_objectstorage.py
[2024-12-11T23:55:01.042+0530] {logging_mixin.py:190} INFO - [2024-12-11T23:55:01.041+0530] {dag.py:3239} INFO - Sync 1 DAGs
[2024-12-11T23:55:01.057+0530] {logging_mixin.py:190} INFO - [2024-12-11T23:55:01.057+0530] {dag.py:4180} INFO - Setting next_dagrun for tutorial_objectstorage to None, run_after=None
[2024-12-11T23:55:01.080+0530] {processor.py:208} INFO - Processing /Users/jayesh/Desktop/Personal Work/Movie_data_pipeline/.venv/lib/python3.12/site-packages/airflow/example_dags/tutorial_objectstorage.py took 0.230 seconds
[2024-12-11T23:57:53.962+0530] {processor.py:186} INFO - Started process (PID=12881) to work on /Users/jayesh/Desktop/Personal Work/Movie_data_pipeline/.venv/lib/python3.12/site-packages/airflow/example_dags/tutorial_objectstorage.py
[2024-12-11T23:57:53.965+0530] {processor.py:914} INFO - Processing file /Users/jayesh/Desktop/Personal Work/Movie_data_pipeline/.venv/lib/python3.12/site-packages/airflow/example_dags/tutorial_objectstorage.py for tasks to queue
[2024-12-11T23:57:53.968+0530] {logging_mixin.py:190} INFO - [2024-12-11T23:57:53.967+0530] {dagbag.py:588} INFO - Filling up the DagBag from /Users/jayesh/Desktop/Personal Work/Movie_data_pipeline/.venv/lib/python3.12/site-packages/airflow/example_dags/tutorial_objectstorage.py
[2024-12-11T23:57:54.027+0530] {processor.py:925} INFO - DAG(s) 'tutorial_objectstorage' retrieved from /Users/jayesh/Desktop/Personal Work/Movie_data_pipeline/.venv/lib/python3.12/site-packages/airflow/example_dags/tutorial_objectstorage.py
[2024-12-11T23:57:54.168+0530] {logging_mixin.py:190} INFO - [2024-12-11T23:57:54.168+0530] {dag.py:3239} INFO - Sync 1 DAGs
[2024-12-11T23:57:54.185+0530] {logging_mixin.py:190} INFO - [2024-12-11T23:57:54.185+0530] {dag.py:4180} INFO - Setting next_dagrun for tutorial_objectstorage to None, run_after=None
[2024-12-11T23:57:54.212+0530] {processor.py:208} INFO - Processing /Users/jayesh/Desktop/Personal Work/Movie_data_pipeline/.venv/lib/python3.12/site-packages/airflow/example_dags/tutorial_objectstorage.py took 0.255 seconds
[2024-12-12T00:00:48.387+0530] {processor.py:186} INFO - Started process (PID=13150) to work on /Users/jayesh/Desktop/Personal Work/Movie_data_pipeline/.venv/lib/python3.12/site-packages/airflow/example_dags/tutorial_objectstorage.py
[2024-12-12T00:00:48.390+0530] {processor.py:914} INFO - Processing file /Users/jayesh/Desktop/Personal Work/Movie_data_pipeline/.venv/lib/python3.12/site-packages/airflow/example_dags/tutorial_objectstorage.py for tasks to queue
[2024-12-12T00:00:48.391+0530] {logging_mixin.py:190} INFO - [2024-12-12T00:00:48.391+0530] {dagbag.py:588} INFO - Filling up the DagBag from /Users/jayesh/Desktop/Personal Work/Movie_data_pipeline/.venv/lib/python3.12/site-packages/airflow/example_dags/tutorial_objectstorage.py
[2024-12-12T00:00:48.442+0530] {processor.py:925} INFO - DAG(s) 'tutorial_objectstorage' retrieved from /Users/jayesh/Desktop/Personal Work/Movie_data_pipeline/.venv/lib/python3.12/site-packages/airflow/example_dags/tutorial_objectstorage.py
[2024-12-12T00:00:48.580+0530] {logging_mixin.py:190} INFO - [2024-12-12T00:00:48.579+0530] {dag.py:3239} INFO - Sync 1 DAGs
[2024-12-12T00:00:48.592+0530] {logging_mixin.py:190} INFO - [2024-12-12T00:00:48.592+0530] {dag.py:4180} INFO - Setting next_dagrun for tutorial_objectstorage to None, run_after=None
[2024-12-12T00:00:48.616+0530] {processor.py:208} INFO - Processing /Users/jayesh/Desktop/Personal Work/Movie_data_pipeline/.venv/lib/python3.12/site-packages/airflow/example_dags/tutorial_objectstorage.py took 0.233 seconds
[2024-12-12T00:03:42.196+0530] {processor.py:186} INFO - Started process (PID=13434) to work on /Users/jayesh/Desktop/Personal Work/Movie_data_pipeline/.venv/lib/python3.12/site-packages/airflow/example_dags/tutorial_objectstorage.py
[2024-12-12T00:03:42.199+0530] {processor.py:914} INFO - Processing file /Users/jayesh/Desktop/Personal Work/Movie_data_pipeline/.venv/lib/python3.12/site-packages/airflow/example_dags/tutorial_objectstorage.py for tasks to queue
[2024-12-12T00:03:42.200+0530] {logging_mixin.py:190} INFO - [2024-12-12T00:03:42.200+0530] {dagbag.py:588} INFO - Filling up the DagBag from /Users/jayesh/Desktop/Personal Work/Movie_data_pipeline/.venv/lib/python3.12/site-packages/airflow/example_dags/tutorial_objectstorage.py
[2024-12-12T00:03:42.255+0530] {processor.py:925} INFO - DAG(s) 'tutorial_objectstorage' retrieved from /Users/jayesh/Desktop/Personal Work/Movie_data_pipeline/.venv/lib/python3.12/site-packages/airflow/example_dags/tutorial_objectstorage.py
[2024-12-12T00:03:42.400+0530] {logging_mixin.py:190} INFO - [2024-12-12T00:03:42.400+0530] {dag.py:3239} INFO - Sync 1 DAGs
[2024-12-12T00:03:42.416+0530] {logging_mixin.py:190} INFO - [2024-12-12T00:03:42.415+0530] {dag.py:4180} INFO - Setting next_dagrun for tutorial_objectstorage to None, run_after=None
[2024-12-12T00:03:42.442+0530] {processor.py:208} INFO - Processing /Users/jayesh/Desktop/Personal Work/Movie_data_pipeline/.venv/lib/python3.12/site-packages/airflow/example_dags/tutorial_objectstorage.py took 0.253 seconds
[2024-12-12T00:06:36.658+0530] {processor.py:186} INFO - Started process (PID=13706) to work on /Users/jayesh/Desktop/Personal Work/Movie_data_pipeline/.venv/lib/python3.12/site-packages/airflow/example_dags/tutorial_objectstorage.py
[2024-12-12T00:06:36.661+0530] {processor.py:914} INFO - Processing file /Users/jayesh/Desktop/Personal Work/Movie_data_pipeline/.venv/lib/python3.12/site-packages/airflow/example_dags/tutorial_objectstorage.py for tasks to queue
[2024-12-12T00:06:36.663+0530] {logging_mixin.py:190} INFO - [2024-12-12T00:06:36.662+0530] {dagbag.py:588} INFO - Filling up the DagBag from /Users/jayesh/Desktop/Personal Work/Movie_data_pipeline/.venv/lib/python3.12/site-packages/airflow/example_dags/tutorial_objectstorage.py
[2024-12-12T00:06:36.710+0530] {processor.py:925} INFO - DAG(s) 'tutorial_objectstorage' retrieved from /Users/jayesh/Desktop/Personal Work/Movie_data_pipeline/.venv/lib/python3.12/site-packages/airflow/example_dags/tutorial_objectstorage.py
[2024-12-12T00:06:36.836+0530] {logging_mixin.py:190} INFO - [2024-12-12T00:06:36.835+0530] {dag.py:3239} INFO - Sync 1 DAGs
[2024-12-12T00:06:36.852+0530] {logging_mixin.py:190} INFO - [2024-12-12T00:06:36.852+0530] {dag.py:4180} INFO - Setting next_dagrun for tutorial_objectstorage to None, run_after=None
[2024-12-12T00:06:36.879+0530] {processor.py:208} INFO - Processing /Users/jayesh/Desktop/Personal Work/Movie_data_pipeline/.venv/lib/python3.12/site-packages/airflow/example_dags/tutorial_objectstorage.py took 0.224 seconds
[2024-12-12T00:09:31.465+0530] {processor.py:186} INFO - Started process (PID=13974) to work on /Users/jayesh/Desktop/Personal Work/Movie_data_pipeline/.venv/lib/python3.12/site-packages/airflow/example_dags/tutorial_objectstorage.py
[2024-12-12T00:09:31.468+0530] {processor.py:914} INFO - Processing file /Users/jayesh/Desktop/Personal Work/Movie_data_pipeline/.venv/lib/python3.12/site-packages/airflow/example_dags/tutorial_objectstorage.py for tasks to queue
[2024-12-12T00:09:31.469+0530] {logging_mixin.py:190} INFO - [2024-12-12T00:09:31.469+0530] {dagbag.py:588} INFO - Filling up the DagBag from /Users/jayesh/Desktop/Personal Work/Movie_data_pipeline/.venv/lib/python3.12/site-packages/airflow/example_dags/tutorial_objectstorage.py
[2024-12-12T00:09:31.515+0530] {processor.py:925} INFO - DAG(s) 'tutorial_objectstorage' retrieved from /Users/jayesh/Desktop/Personal Work/Movie_data_pipeline/.venv/lib/python3.12/site-packages/airflow/example_dags/tutorial_objectstorage.py
[2024-12-12T00:09:31.634+0530] {logging_mixin.py:190} INFO - [2024-12-12T00:09:31.633+0530] {dag.py:3239} INFO - Sync 1 DAGs
[2024-12-12T00:09:31.650+0530] {logging_mixin.py:190} INFO - [2024-12-12T00:09:31.650+0530] {dag.py:4180} INFO - Setting next_dagrun for tutorial_objectstorage to None, run_after=None
[2024-12-12T00:09:31.676+0530] {processor.py:208} INFO - Processing /Users/jayesh/Desktop/Personal Work/Movie_data_pipeline/.venv/lib/python3.12/site-packages/airflow/example_dags/tutorial_objectstorage.py took 0.215 seconds
[2024-12-12T00:12:25.290+0530] {processor.py:186} INFO - Started process (PID=14265) to work on /Users/jayesh/Desktop/Personal Work/Movie_data_pipeline/.venv/lib/python3.12/site-packages/airflow/example_dags/tutorial_objectstorage.py
[2024-12-12T00:12:25.293+0530] {processor.py:914} INFO - Processing file /Users/jayesh/Desktop/Personal Work/Movie_data_pipeline/.venv/lib/python3.12/site-packages/airflow/example_dags/tutorial_objectstorage.py for tasks to queue
[2024-12-12T00:12:25.295+0530] {logging_mixin.py:190} INFO - [2024-12-12T00:12:25.295+0530] {dagbag.py:588} INFO - Filling up the DagBag from /Users/jayesh/Desktop/Personal Work/Movie_data_pipeline/.venv/lib/python3.12/site-packages/airflow/example_dags/tutorial_objectstorage.py
[2024-12-12T00:12:25.344+0530] {processor.py:925} INFO - DAG(s) 'tutorial_objectstorage' retrieved from /Users/jayesh/Desktop/Personal Work/Movie_data_pipeline/.venv/lib/python3.12/site-packages/airflow/example_dags/tutorial_objectstorage.py
[2024-12-12T00:12:25.462+0530] {logging_mixin.py:190} INFO - [2024-12-12T00:12:25.461+0530] {dag.py:3239} INFO - Sync 1 DAGs
[2024-12-12T00:12:25.474+0530] {logging_mixin.py:190} INFO - [2024-12-12T00:12:25.474+0530] {dag.py:4180} INFO - Setting next_dagrun for tutorial_objectstorage to None, run_after=None
[2024-12-12T00:12:25.497+0530] {processor.py:208} INFO - Processing /Users/jayesh/Desktop/Personal Work/Movie_data_pipeline/.venv/lib/python3.12/site-packages/airflow/example_dags/tutorial_objectstorage.py took 0.211 seconds
[2024-12-12T00:15:20.923+0530] {processor.py:186} INFO - Started process (PID=14530) to work on /Users/jayesh/Desktop/Personal Work/Movie_data_pipeline/.venv/lib/python3.12/site-packages/airflow/example_dags/tutorial_objectstorage.py
[2024-12-12T00:15:20.926+0530] {processor.py:914} INFO - Processing file /Users/jayesh/Desktop/Personal Work/Movie_data_pipeline/.venv/lib/python3.12/site-packages/airflow/example_dags/tutorial_objectstorage.py for tasks to queue
[2024-12-12T00:15:20.927+0530] {logging_mixin.py:190} INFO - [2024-12-12T00:15:20.927+0530] {dagbag.py:588} INFO - Filling up the DagBag from /Users/jayesh/Desktop/Personal Work/Movie_data_pipeline/.venv/lib/python3.12/site-packages/airflow/example_dags/tutorial_objectstorage.py
[2024-12-12T00:15:20.971+0530] {processor.py:925} INFO - DAG(s) 'tutorial_objectstorage' retrieved from /Users/jayesh/Desktop/Personal Work/Movie_data_pipeline/.venv/lib/python3.12/site-packages/airflow/example_dags/tutorial_objectstorage.py
[2024-12-12T00:15:21.097+0530] {logging_mixin.py:190} INFO - [2024-12-12T00:15:21.096+0530] {dag.py:3239} INFO - Sync 1 DAGs
[2024-12-12T00:15:21.111+0530] {logging_mixin.py:190} INFO - [2024-12-12T00:15:21.110+0530] {dag.py:4180} INFO - Setting next_dagrun for tutorial_objectstorage to None, run_after=None
[2024-12-12T00:15:21.137+0530] {processor.py:208} INFO - Processing /Users/jayesh/Desktop/Personal Work/Movie_data_pipeline/.venv/lib/python3.12/site-packages/airflow/example_dags/tutorial_objectstorage.py took 0.217 seconds
[2024-12-12T00:18:08.333+0530] {processor.py:186} INFO - Started process (PID=14806) to work on /Users/jayesh/Desktop/Personal Work/Movie_data_pipeline/.venv/lib/python3.12/site-packages/airflow/example_dags/tutorial_objectstorage.py
[2024-12-12T00:18:08.335+0530] {processor.py:914} INFO - Processing file /Users/jayesh/Desktop/Personal Work/Movie_data_pipeline/.venv/lib/python3.12/site-packages/airflow/example_dags/tutorial_objectstorage.py for tasks to queue
[2024-12-12T00:18:08.337+0530] {logging_mixin.py:190} INFO - [2024-12-12T00:18:08.337+0530] {dagbag.py:588} INFO - Filling up the DagBag from /Users/jayesh/Desktop/Personal Work/Movie_data_pipeline/.venv/lib/python3.12/site-packages/airflow/example_dags/tutorial_objectstorage.py
[2024-12-12T00:18:08.381+0530] {processor.py:925} INFO - DAG(s) 'tutorial_objectstorage' retrieved from /Users/jayesh/Desktop/Personal Work/Movie_data_pipeline/.venv/lib/python3.12/site-packages/airflow/example_dags/tutorial_objectstorage.py
[2024-12-12T00:18:08.496+0530] {logging_mixin.py:190} INFO - [2024-12-12T00:18:08.495+0530] {dag.py:3239} INFO - Sync 1 DAGs
[2024-12-12T00:18:08.509+0530] {logging_mixin.py:190} INFO - [2024-12-12T00:18:08.508+0530] {dag.py:4180} INFO - Setting next_dagrun for tutorial_objectstorage to None, run_after=None
[2024-12-12T00:18:08.534+0530] {processor.py:208} INFO - Processing /Users/jayesh/Desktop/Personal Work/Movie_data_pipeline/.venv/lib/python3.12/site-packages/airflow/example_dags/tutorial_objectstorage.py took 0.204 seconds
[2024-12-12T00:21:13.893+0530] {processor.py:186} INFO - Started process (PID=15094) to work on /Users/jayesh/Desktop/Personal Work/Movie_data_pipeline/.venv/lib/python3.12/site-packages/airflow/example_dags/tutorial_objectstorage.py
[2024-12-12T00:21:13.896+0530] {processor.py:914} INFO - Processing file /Users/jayesh/Desktop/Personal Work/Movie_data_pipeline/.venv/lib/python3.12/site-packages/airflow/example_dags/tutorial_objectstorage.py for tasks to queue
[2024-12-12T00:21:13.898+0530] {logging_mixin.py:190} INFO - [2024-12-12T00:21:13.898+0530] {dagbag.py:588} INFO - Filling up the DagBag from /Users/jayesh/Desktop/Personal Work/Movie_data_pipeline/.venv/lib/python3.12/site-packages/airflow/example_dags/tutorial_objectstorage.py
[2024-12-12T00:21:13.952+0530] {processor.py:925} INFO - DAG(s) 'tutorial_objectstorage' retrieved from /Users/jayesh/Desktop/Personal Work/Movie_data_pipeline/.venv/lib/python3.12/site-packages/airflow/example_dags/tutorial_objectstorage.py
[2024-12-12T00:21:14.103+0530] {logging_mixin.py:190} INFO - [2024-12-12T00:21:14.102+0530] {dag.py:3239} INFO - Sync 1 DAGs
[2024-12-12T00:21:14.124+0530] {logging_mixin.py:190} INFO - [2024-12-12T00:21:14.123+0530] {dag.py:4180} INFO - Setting next_dagrun for tutorial_objectstorage to None, run_after=None
[2024-12-12T00:21:14.146+0530] {processor.py:208} INFO - Processing /Users/jayesh/Desktop/Personal Work/Movie_data_pipeline/.venv/lib/python3.12/site-packages/airflow/example_dags/tutorial_objectstorage.py took 0.257 seconds
[2024-12-12T00:24:41.814+0530] {processor.py:186} INFO - Started process (PID=15442) to work on /Users/jayesh/Desktop/Personal Work/Movie_data_pipeline/.venv/lib/python3.12/site-packages/airflow/example_dags/tutorial_objectstorage.py
[2024-12-12T00:24:41.817+0530] {processor.py:914} INFO - Processing file /Users/jayesh/Desktop/Personal Work/Movie_data_pipeline/.venv/lib/python3.12/site-packages/airflow/example_dags/tutorial_objectstorage.py for tasks to queue
[2024-12-12T00:24:41.818+0530] {logging_mixin.py:190} INFO - [2024-12-12T00:24:41.818+0530] {dagbag.py:588} INFO - Filling up the DagBag from /Users/jayesh/Desktop/Personal Work/Movie_data_pipeline/.venv/lib/python3.12/site-packages/airflow/example_dags/tutorial_objectstorage.py
[2024-12-12T00:24:41.878+0530] {processor.py:925} INFO - DAG(s) 'tutorial_objectstorage' retrieved from /Users/jayesh/Desktop/Personal Work/Movie_data_pipeline/.venv/lib/python3.12/site-packages/airflow/example_dags/tutorial_objectstorage.py
[2024-12-12T00:24:42.027+0530] {logging_mixin.py:190} INFO - [2024-12-12T00:24:42.027+0530] {dag.py:3239} INFO - Sync 1 DAGs
[2024-12-12T00:24:42.050+0530] {logging_mixin.py:190} INFO - [2024-12-12T00:24:42.050+0530] {dag.py:4180} INFO - Setting next_dagrun for tutorial_objectstorage to None, run_after=None
[2024-12-12T00:24:42.076+0530] {processor.py:208} INFO - Processing /Users/jayesh/Desktop/Personal Work/Movie_data_pipeline/.venv/lib/python3.12/site-packages/airflow/example_dags/tutorial_objectstorage.py took 0.266 seconds
[2024-12-12T00:28:04.831+0530] {processor.py:186} INFO - Started process (PID=15765) to work on /Users/jayesh/Desktop/Personal Work/Movie_data_pipeline/.venv/lib/python3.12/site-packages/airflow/example_dags/tutorial_objectstorage.py
[2024-12-12T00:28:04.834+0530] {processor.py:914} INFO - Processing file /Users/jayesh/Desktop/Personal Work/Movie_data_pipeline/.venv/lib/python3.12/site-packages/airflow/example_dags/tutorial_objectstorage.py for tasks to queue
[2024-12-12T00:28:04.836+0530] {logging_mixin.py:190} INFO - [2024-12-12T00:28:04.835+0530] {dagbag.py:588} INFO - Filling up the DagBag from /Users/jayesh/Desktop/Personal Work/Movie_data_pipeline/.venv/lib/python3.12/site-packages/airflow/example_dags/tutorial_objectstorage.py
[2024-12-12T00:28:04.891+0530] {processor.py:925} INFO - DAG(s) 'tutorial_objectstorage' retrieved from /Users/jayesh/Desktop/Personal Work/Movie_data_pipeline/.venv/lib/python3.12/site-packages/airflow/example_dags/tutorial_objectstorage.py
[2024-12-12T00:28:05.013+0530] {logging_mixin.py:190} INFO - [2024-12-12T00:28:05.013+0530] {dag.py:3239} INFO - Sync 1 DAGs
[2024-12-12T00:28:05.026+0530] {logging_mixin.py:190} INFO - [2024-12-12T00:28:05.026+0530] {dag.py:4180} INFO - Setting next_dagrun for tutorial_objectstorage to None, run_after=None
[2024-12-12T00:28:05.050+0530] {processor.py:208} INFO - Processing /Users/jayesh/Desktop/Personal Work/Movie_data_pipeline/.venv/lib/python3.12/site-packages/airflow/example_dags/tutorial_objectstorage.py took 0.222 seconds
