[2024-12-11T23:23:57.718+0530] {processor.py:186} INFO - Started process (PID=9273) to work on /Users/jayesh/Desktop/Personal Work/Movie_data_pipeline/.venv/lib/python3.12/site-packages/airflow/example_dags/tutorial_dag.py
[2024-12-11T23:23:57.719+0530] {processor.py:914} INFO - Processing file /Users/jayesh/Desktop/Personal Work/Movie_data_pipeline/.venv/lib/python3.12/site-packages/airflow/example_dags/tutorial_dag.py for tasks to queue
[2024-12-11T23:23:57.720+0530] {logging_mixin.py:190} INFO - [2024-12-11T23:23:57.720+0530] {dagbag.py:588} INFO - Filling up the DagBag from /Users/jayesh/Desktop/Personal Work/Movie_data_pipeline/.venv/lib/python3.12/site-packages/airflow/example_dags/tutorial_dag.py
[2024-12-11T23:23:57.760+0530] {processor.py:925} INFO - DAG(s) 'tutorial_dag' retrieved from /Users/jayesh/Desktop/Personal Work/Movie_data_pipeline/.venv/lib/python3.12/site-packages/airflow/example_dags/tutorial_dag.py
[2024-12-11T23:23:58.219+0530] {logging_mixin.py:190} INFO - [2024-12-11T23:23:58.218+0530] {override.py:1911} INFO - Created Permission View: can read on DAG:tutorial_dag
[2024-12-11T23:23:58.233+0530] {logging_mixin.py:190} INFO - [2024-12-11T23:23:58.233+0530] {override.py:1911} INFO - Created Permission View: can delete on DAG:tutorial_dag
[2024-12-11T23:23:58.242+0530] {logging_mixin.py:190} INFO - [2024-12-11T23:23:58.242+0530] {override.py:1911} INFO - Created Permission View: can edit on DAG:tutorial_dag
[2024-12-11T23:23:58.255+0530] {logging_mixin.py:190} INFO - [2024-12-11T23:23:58.255+0530] {override.py:1911} INFO - Created Permission View: can read on DAG Run:tutorial_dag
[2024-12-11T23:23:58.265+0530] {logging_mixin.py:190} INFO - [2024-12-11T23:23:58.264+0530] {override.py:1911} INFO - Created Permission View: menu access on DAG Run:tutorial_dag
[2024-12-11T23:23:58.276+0530] {logging_mixin.py:190} INFO - [2024-12-11T23:23:58.276+0530] {override.py:1911} INFO - Created Permission View: can delete on DAG Run:tutorial_dag
[2024-12-11T23:23:58.287+0530] {logging_mixin.py:190} INFO - [2024-12-11T23:23:58.286+0530] {override.py:1911} INFO - Created Permission View: can create on DAG Run:tutorial_dag
[2024-12-11T23:23:58.288+0530] {logging_mixin.py:190} INFO - [2024-12-11T23:23:58.287+0530] {dag.py:3239} INFO - Sync 1 DAGs
[2024-12-11T23:23:58.304+0530] {logging_mixin.py:190} INFO - [2024-12-11T23:23:58.304+0530] {dag.py:3262} INFO - Creating ORM DAG for tutorial_dag
[2024-12-11T23:23:58.305+0530] {logging_mixin.py:190} INFO - [2024-12-11T23:23:58.304+0530] {dag.py:4180} INFO - Setting next_dagrun for tutorial_dag to None, run_after=None
[2024-12-11T23:23:58.328+0530] {processor.py:208} INFO - Processing /Users/jayesh/Desktop/Personal Work/Movie_data_pipeline/.venv/lib/python3.12/site-packages/airflow/example_dags/tutorial_dag.py took 0.613 seconds
[2024-12-11T23:28:42.001+0530] {processor.py:186} INFO - Started process (PID=9778) to work on /Users/jayesh/Desktop/Personal Work/Movie_data_pipeline/.venv/lib/python3.12/site-packages/airflow/example_dags/tutorial_dag.py
[2024-12-11T23:28:42.004+0530] {processor.py:914} INFO - Processing file /Users/jayesh/Desktop/Personal Work/Movie_data_pipeline/.venv/lib/python3.12/site-packages/airflow/example_dags/tutorial_dag.py for tasks to queue
[2024-12-11T23:28:42.009+0530] {logging_mixin.py:190} INFO - [2024-12-11T23:28:42.008+0530] {dagbag.py:588} INFO - Filling up the DagBag from /Users/jayesh/Desktop/Personal Work/Movie_data_pipeline/.venv/lib/python3.12/site-packages/airflow/example_dags/tutorial_dag.py
[2024-12-11T23:28:42.045+0530] {processor.py:925} INFO - DAG(s) 'tutorial_dag' retrieved from /Users/jayesh/Desktop/Personal Work/Movie_data_pipeline/.venv/lib/python3.12/site-packages/airflow/example_dags/tutorial_dag.py
[2024-12-11T23:28:42.193+0530] {logging_mixin.py:190} INFO - [2024-12-11T23:28:42.193+0530] {dag.py:3239} INFO - Sync 1 DAGs
[2024-12-11T23:28:42.214+0530] {logging_mixin.py:190} INFO - [2024-12-11T23:28:42.214+0530] {dag.py:4180} INFO - Setting next_dagrun for tutorial_dag to None, run_after=None
[2024-12-11T23:28:42.241+0530] {processor.py:208} INFO - Processing /Users/jayesh/Desktop/Personal Work/Movie_data_pipeline/.venv/lib/python3.12/site-packages/airflow/example_dags/tutorial_dag.py took 0.244 seconds
[2024-12-11T23:32:08.996+0530] {processor.py:186} INFO - Started process (PID=10086) to work on /Users/jayesh/Desktop/Personal Work/Movie_data_pipeline/.venv/lib/python3.12/site-packages/airflow/example_dags/tutorial_dag.py
[2024-12-11T23:32:08.999+0530] {processor.py:914} INFO - Processing file /Users/jayesh/Desktop/Personal Work/Movie_data_pipeline/.venv/lib/python3.12/site-packages/airflow/example_dags/tutorial_dag.py for tasks to queue
[2024-12-11T23:32:09.003+0530] {logging_mixin.py:190} INFO - [2024-12-11T23:32:09.002+0530] {dagbag.py:588} INFO - Filling up the DagBag from /Users/jayesh/Desktop/Personal Work/Movie_data_pipeline/.venv/lib/python3.12/site-packages/airflow/example_dags/tutorial_dag.py
[2024-12-11T23:32:09.069+0530] {processor.py:925} INFO - DAG(s) 'tutorial_dag' retrieved from /Users/jayesh/Desktop/Personal Work/Movie_data_pipeline/.venv/lib/python3.12/site-packages/airflow/example_dags/tutorial_dag.py
[2024-12-11T23:32:09.343+0530] {logging_mixin.py:190} INFO - [2024-12-11T23:32:09.342+0530] {dag.py:3239} INFO - Sync 1 DAGs
[2024-12-11T23:32:09.373+0530] {logging_mixin.py:190} INFO - [2024-12-11T23:32:09.373+0530] {dag.py:4180} INFO - Setting next_dagrun for tutorial_dag to None, run_after=None
[2024-12-11T23:32:09.409+0530] {processor.py:208} INFO - Processing /Users/jayesh/Desktop/Personal Work/Movie_data_pipeline/.venv/lib/python3.12/site-packages/airflow/example_dags/tutorial_dag.py took 0.421 seconds
[2024-12-11T23:36:21.367+0530] {processor.py:186} INFO - Started process (PID=10655) to work on /Users/jayesh/Desktop/Personal Work/Movie_data_pipeline/.venv/lib/python3.12/site-packages/airflow/example_dags/tutorial_dag.py
[2024-12-11T23:36:21.370+0530] {processor.py:914} INFO - Processing file /Users/jayesh/Desktop/Personal Work/Movie_data_pipeline/.venv/lib/python3.12/site-packages/airflow/example_dags/tutorial_dag.py for tasks to queue
[2024-12-11T23:36:21.372+0530] {logging_mixin.py:190} INFO - [2024-12-11T23:36:21.372+0530] {dagbag.py:588} INFO - Filling up the DagBag from /Users/jayesh/Desktop/Personal Work/Movie_data_pipeline/.venv/lib/python3.12/site-packages/airflow/example_dags/tutorial_dag.py
[2024-12-11T23:36:21.406+0530] {processor.py:925} INFO - DAG(s) 'tutorial_dag' retrieved from /Users/jayesh/Desktop/Personal Work/Movie_data_pipeline/.venv/lib/python3.12/site-packages/airflow/example_dags/tutorial_dag.py
[2024-12-11T23:36:21.541+0530] {logging_mixin.py:190} INFO - [2024-12-11T23:36:21.540+0530] {dag.py:3239} INFO - Sync 1 DAGs
[2024-12-11T23:36:21.555+0530] {logging_mixin.py:190} INFO - [2024-12-11T23:36:21.555+0530] {dag.py:4180} INFO - Setting next_dagrun for tutorial_dag to None, run_after=None
[2024-12-11T23:36:21.579+0530] {processor.py:208} INFO - Processing /Users/jayesh/Desktop/Personal Work/Movie_data_pipeline/.venv/lib/python3.12/site-packages/airflow/example_dags/tutorial_dag.py took 0.218 seconds
[2024-12-11T23:40:16.916+0530] {processor.py:186} INFO - Started process (PID=11050) to work on /Users/jayesh/Desktop/Personal Work/Movie_data_pipeline/.venv/lib/python3.12/site-packages/airflow/example_dags/tutorial_dag.py
[2024-12-11T23:40:16.919+0530] {processor.py:914} INFO - Processing file /Users/jayesh/Desktop/Personal Work/Movie_data_pipeline/.venv/lib/python3.12/site-packages/airflow/example_dags/tutorial_dag.py for tasks to queue
[2024-12-11T23:40:16.921+0530] {logging_mixin.py:190} INFO - [2024-12-11T23:40:16.920+0530] {dagbag.py:588} INFO - Filling up the DagBag from /Users/jayesh/Desktop/Personal Work/Movie_data_pipeline/.venv/lib/python3.12/site-packages/airflow/example_dags/tutorial_dag.py
[2024-12-11T23:40:16.954+0530] {processor.py:925} INFO - DAG(s) 'tutorial_dag' retrieved from /Users/jayesh/Desktop/Personal Work/Movie_data_pipeline/.venv/lib/python3.12/site-packages/airflow/example_dags/tutorial_dag.py
[2024-12-11T23:40:17.086+0530] {logging_mixin.py:190} INFO - [2024-12-11T23:40:17.085+0530] {dag.py:3239} INFO - Sync 1 DAGs
[2024-12-11T23:40:17.099+0530] {logging_mixin.py:190} INFO - [2024-12-11T23:40:17.099+0530] {dag.py:4180} INFO - Setting next_dagrun for tutorial_dag to None, run_after=None
[2024-12-11T23:40:17.124+0530] {processor.py:208} INFO - Processing /Users/jayesh/Desktop/Personal Work/Movie_data_pipeline/.venv/lib/python3.12/site-packages/airflow/example_dags/tutorial_dag.py took 0.213 seconds
[2024-12-11T23:46:06.469+0530] {processor.py:186} INFO - Started process (PID=11613) to work on /Users/jayesh/Desktop/Personal Work/Movie_data_pipeline/.venv/lib/python3.12/site-packages/airflow/example_dags/tutorial_dag.py
[2024-12-11T23:46:06.472+0530] {processor.py:914} INFO - Processing file /Users/jayesh/Desktop/Personal Work/Movie_data_pipeline/.venv/lib/python3.12/site-packages/airflow/example_dags/tutorial_dag.py for tasks to queue
[2024-12-11T23:46:06.474+0530] {logging_mixin.py:190} INFO - [2024-12-11T23:46:06.473+0530] {dagbag.py:588} INFO - Filling up the DagBag from /Users/jayesh/Desktop/Personal Work/Movie_data_pipeline/.venv/lib/python3.12/site-packages/airflow/example_dags/tutorial_dag.py
[2024-12-11T23:46:06.512+0530] {processor.py:925} INFO - DAG(s) 'tutorial_dag' retrieved from /Users/jayesh/Desktop/Personal Work/Movie_data_pipeline/.venv/lib/python3.12/site-packages/airflow/example_dags/tutorial_dag.py
[2024-12-11T23:46:06.651+0530] {logging_mixin.py:190} INFO - [2024-12-11T23:46:06.650+0530] {dag.py:3239} INFO - Sync 1 DAGs
[2024-12-11T23:46:06.664+0530] {logging_mixin.py:190} INFO - [2024-12-11T23:46:06.664+0530] {dag.py:4180} INFO - Setting next_dagrun for tutorial_dag to None, run_after=None
[2024-12-11T23:46:06.694+0530] {processor.py:208} INFO - Processing /Users/jayesh/Desktop/Personal Work/Movie_data_pipeline/.venv/lib/python3.12/site-packages/airflow/example_dags/tutorial_dag.py took 0.229 seconds
[2024-12-11T23:49:24.119+0530] {processor.py:186} INFO - Started process (PID=11994) to work on /Users/jayesh/Desktop/Personal Work/Movie_data_pipeline/.venv/lib/python3.12/site-packages/airflow/example_dags/tutorial_dag.py
[2024-12-11T23:49:24.120+0530] {processor.py:914} INFO - Processing file /Users/jayesh/Desktop/Personal Work/Movie_data_pipeline/.venv/lib/python3.12/site-packages/airflow/example_dags/tutorial_dag.py for tasks to queue
[2024-12-11T23:49:24.121+0530] {logging_mixin.py:190} INFO - [2024-12-11T23:49:24.121+0530] {dagbag.py:588} INFO - Filling up the DagBag from /Users/jayesh/Desktop/Personal Work/Movie_data_pipeline/.venv/lib/python3.12/site-packages/airflow/example_dags/tutorial_dag.py
[2024-12-11T23:49:24.157+0530] {processor.py:925} INFO - DAG(s) 'tutorial_dag' retrieved from /Users/jayesh/Desktop/Personal Work/Movie_data_pipeline/.venv/lib/python3.12/site-packages/airflow/example_dags/tutorial_dag.py
[2024-12-11T23:49:24.342+0530] {logging_mixin.py:190} INFO - [2024-12-11T23:49:24.341+0530] {dag.py:3239} INFO - Sync 1 DAGs
[2024-12-11T23:49:24.357+0530] {logging_mixin.py:190} INFO - [2024-12-11T23:49:24.357+0530] {dag.py:4180} INFO - Setting next_dagrun for tutorial_dag to None, run_after=None
[2024-12-11T23:49:24.382+0530] {processor.py:208} INFO - Processing /Users/jayesh/Desktop/Personal Work/Movie_data_pipeline/.venv/lib/python3.12/site-packages/airflow/example_dags/tutorial_dag.py took 0.269 seconds
[2024-12-11T23:52:15.025+0530] {processor.py:186} INFO - Started process (PID=12312) to work on /Users/jayesh/Desktop/Personal Work/Movie_data_pipeline/.venv/lib/python3.12/site-packages/airflow/example_dags/tutorial_dag.py
[2024-12-11T23:52:15.027+0530] {processor.py:914} INFO - Processing file /Users/jayesh/Desktop/Personal Work/Movie_data_pipeline/.venv/lib/python3.12/site-packages/airflow/example_dags/tutorial_dag.py for tasks to queue
[2024-12-11T23:52:15.029+0530] {logging_mixin.py:190} INFO - [2024-12-11T23:52:15.029+0530] {dagbag.py:588} INFO - Filling up the DagBag from /Users/jayesh/Desktop/Personal Work/Movie_data_pipeline/.venv/lib/python3.12/site-packages/airflow/example_dags/tutorial_dag.py
[2024-12-11T23:52:15.061+0530] {processor.py:925} INFO - DAG(s) 'tutorial_dag' retrieved from /Users/jayesh/Desktop/Personal Work/Movie_data_pipeline/.venv/lib/python3.12/site-packages/airflow/example_dags/tutorial_dag.py
[2024-12-11T23:52:15.194+0530] {logging_mixin.py:190} INFO - [2024-12-11T23:52:15.193+0530] {dag.py:3239} INFO - Sync 1 DAGs
[2024-12-11T23:52:15.207+0530] {logging_mixin.py:190} INFO - [2024-12-11T23:52:15.207+0530] {dag.py:4180} INFO - Setting next_dagrun for tutorial_dag to None, run_after=None
[2024-12-11T23:52:15.230+0530] {processor.py:208} INFO - Processing /Users/jayesh/Desktop/Personal Work/Movie_data_pipeline/.venv/lib/python3.12/site-packages/airflow/example_dags/tutorial_dag.py took 0.209 seconds
[2024-12-11T23:55:04.396+0530] {processor.py:186} INFO - Started process (PID=12581) to work on /Users/jayesh/Desktop/Personal Work/Movie_data_pipeline/.venv/lib/python3.12/site-packages/airflow/example_dags/tutorial_dag.py
[2024-12-11T23:55:04.399+0530] {processor.py:914} INFO - Processing file /Users/jayesh/Desktop/Personal Work/Movie_data_pipeline/.venv/lib/python3.12/site-packages/airflow/example_dags/tutorial_dag.py for tasks to queue
[2024-12-11T23:55:04.400+0530] {logging_mixin.py:190} INFO - [2024-12-11T23:55:04.400+0530] {dagbag.py:588} INFO - Filling up the DagBag from /Users/jayesh/Desktop/Personal Work/Movie_data_pipeline/.venv/lib/python3.12/site-packages/airflow/example_dags/tutorial_dag.py
[2024-12-11T23:55:04.430+0530] {processor.py:925} INFO - DAG(s) 'tutorial_dag' retrieved from /Users/jayesh/Desktop/Personal Work/Movie_data_pipeline/.venv/lib/python3.12/site-packages/airflow/example_dags/tutorial_dag.py
[2024-12-11T23:55:04.573+0530] {logging_mixin.py:190} INFO - [2024-12-11T23:55:04.573+0530] {dag.py:3239} INFO - Sync 1 DAGs
[2024-12-11T23:55:04.587+0530] {logging_mixin.py:190} INFO - [2024-12-11T23:55:04.587+0530] {dag.py:4180} INFO - Setting next_dagrun for tutorial_dag to None, run_after=None
[2024-12-11T23:55:04.614+0530] {processor.py:208} INFO - Processing /Users/jayesh/Desktop/Personal Work/Movie_data_pipeline/.venv/lib/python3.12/site-packages/airflow/example_dags/tutorial_dag.py took 0.221 seconds
[2024-12-11T23:57:57.556+0530] {processor.py:186} INFO - Started process (PID=12886) to work on /Users/jayesh/Desktop/Personal Work/Movie_data_pipeline/.venv/lib/python3.12/site-packages/airflow/example_dags/tutorial_dag.py
[2024-12-11T23:57:57.558+0530] {processor.py:914} INFO - Processing file /Users/jayesh/Desktop/Personal Work/Movie_data_pipeline/.venv/lib/python3.12/site-packages/airflow/example_dags/tutorial_dag.py for tasks to queue
[2024-12-11T23:57:57.560+0530] {logging_mixin.py:190} INFO - [2024-12-11T23:57:57.559+0530] {dagbag.py:588} INFO - Filling up the DagBag from /Users/jayesh/Desktop/Personal Work/Movie_data_pipeline/.venv/lib/python3.12/site-packages/airflow/example_dags/tutorial_dag.py
[2024-12-11T23:57:57.589+0530] {processor.py:925} INFO - DAG(s) 'tutorial_dag' retrieved from /Users/jayesh/Desktop/Personal Work/Movie_data_pipeline/.venv/lib/python3.12/site-packages/airflow/example_dags/tutorial_dag.py
[2024-12-11T23:57:57.714+0530] {logging_mixin.py:190} INFO - [2024-12-11T23:57:57.714+0530] {dag.py:3239} INFO - Sync 1 DAGs
[2024-12-11T23:57:57.730+0530] {logging_mixin.py:190} INFO - [2024-12-11T23:57:57.729+0530] {dag.py:4180} INFO - Setting next_dagrun for tutorial_dag to None, run_after=None
[2024-12-11T23:57:57.754+0530] {processor.py:208} INFO - Processing /Users/jayesh/Desktop/Personal Work/Movie_data_pipeline/.venv/lib/python3.12/site-packages/airflow/example_dags/tutorial_dag.py took 0.202 seconds
[2024-12-12T00:00:51.634+0530] {processor.py:186} INFO - Started process (PID=13156) to work on /Users/jayesh/Desktop/Personal Work/Movie_data_pipeline/.venv/lib/python3.12/site-packages/airflow/example_dags/tutorial_dag.py
[2024-12-12T00:00:51.636+0530] {processor.py:914} INFO - Processing file /Users/jayesh/Desktop/Personal Work/Movie_data_pipeline/.venv/lib/python3.12/site-packages/airflow/example_dags/tutorial_dag.py for tasks to queue
[2024-12-12T00:00:51.638+0530] {logging_mixin.py:190} INFO - [2024-12-12T00:00:51.637+0530] {dagbag.py:588} INFO - Filling up the DagBag from /Users/jayesh/Desktop/Personal Work/Movie_data_pipeline/.venv/lib/python3.12/site-packages/airflow/example_dags/tutorial_dag.py
[2024-12-12T00:00:51.669+0530] {processor.py:925} INFO - DAG(s) 'tutorial_dag' retrieved from /Users/jayesh/Desktop/Personal Work/Movie_data_pipeline/.venv/lib/python3.12/site-packages/airflow/example_dags/tutorial_dag.py
[2024-12-12T00:00:51.796+0530] {logging_mixin.py:190} INFO - [2024-12-12T00:00:51.796+0530] {dag.py:3239} INFO - Sync 1 DAGs
[2024-12-12T00:00:51.809+0530] {logging_mixin.py:190} INFO - [2024-12-12T00:00:51.809+0530] {dag.py:4180} INFO - Setting next_dagrun for tutorial_dag to None, run_after=None
[2024-12-12T00:00:51.833+0530] {processor.py:208} INFO - Processing /Users/jayesh/Desktop/Personal Work/Movie_data_pipeline/.venv/lib/python3.12/site-packages/airflow/example_dags/tutorial_dag.py took 0.203 seconds
[2024-12-12T00:03:46.081+0530] {processor.py:186} INFO - Started process (PID=13440) to work on /Users/jayesh/Desktop/Personal Work/Movie_data_pipeline/.venv/lib/python3.12/site-packages/airflow/example_dags/tutorial_dag.py
[2024-12-12T00:03:46.084+0530] {processor.py:914} INFO - Processing file /Users/jayesh/Desktop/Personal Work/Movie_data_pipeline/.venv/lib/python3.12/site-packages/airflow/example_dags/tutorial_dag.py for tasks to queue
[2024-12-12T00:03:46.085+0530] {logging_mixin.py:190} INFO - [2024-12-12T00:03:46.085+0530] {dagbag.py:588} INFO - Filling up the DagBag from /Users/jayesh/Desktop/Personal Work/Movie_data_pipeline/.venv/lib/python3.12/site-packages/airflow/example_dags/tutorial_dag.py
[2024-12-12T00:03:46.115+0530] {processor.py:925} INFO - DAG(s) 'tutorial_dag' retrieved from /Users/jayesh/Desktop/Personal Work/Movie_data_pipeline/.venv/lib/python3.12/site-packages/airflow/example_dags/tutorial_dag.py
[2024-12-12T00:03:46.251+0530] {logging_mixin.py:190} INFO - [2024-12-12T00:03:46.250+0530] {dag.py:3239} INFO - Sync 1 DAGs
[2024-12-12T00:03:46.263+0530] {logging_mixin.py:190} INFO - [2024-12-12T00:03:46.263+0530] {dag.py:4180} INFO - Setting next_dagrun for tutorial_dag to None, run_after=None
[2024-12-12T00:03:46.289+0530] {processor.py:208} INFO - Processing /Users/jayesh/Desktop/Personal Work/Movie_data_pipeline/.venv/lib/python3.12/site-packages/airflow/example_dags/tutorial_dag.py took 0.212 seconds
[2024-12-12T00:06:40.157+0530] {processor.py:186} INFO - Started process (PID=13712) to work on /Users/jayesh/Desktop/Personal Work/Movie_data_pipeline/.venv/lib/python3.12/site-packages/airflow/example_dags/tutorial_dag.py
[2024-12-12T00:06:40.160+0530] {processor.py:914} INFO - Processing file /Users/jayesh/Desktop/Personal Work/Movie_data_pipeline/.venv/lib/python3.12/site-packages/airflow/example_dags/tutorial_dag.py for tasks to queue
[2024-12-12T00:06:40.162+0530] {logging_mixin.py:190} INFO - [2024-12-12T00:06:40.162+0530] {dagbag.py:588} INFO - Filling up the DagBag from /Users/jayesh/Desktop/Personal Work/Movie_data_pipeline/.venv/lib/python3.12/site-packages/airflow/example_dags/tutorial_dag.py
[2024-12-12T00:06:40.201+0530] {processor.py:925} INFO - DAG(s) 'tutorial_dag' retrieved from /Users/jayesh/Desktop/Personal Work/Movie_data_pipeline/.venv/lib/python3.12/site-packages/airflow/example_dags/tutorial_dag.py
[2024-12-12T00:06:40.324+0530] {logging_mixin.py:190} INFO - [2024-12-12T00:06:40.323+0530] {dag.py:3239} INFO - Sync 1 DAGs
[2024-12-12T00:06:40.339+0530] {logging_mixin.py:190} INFO - [2024-12-12T00:06:40.339+0530] {dag.py:4180} INFO - Setting next_dagrun for tutorial_dag to None, run_after=None
[2024-12-12T00:06:40.365+0530] {processor.py:208} INFO - Processing /Users/jayesh/Desktop/Personal Work/Movie_data_pipeline/.venv/lib/python3.12/site-packages/airflow/example_dags/tutorial_dag.py took 0.212 seconds
[2024-12-12T00:09:34.102+0530] {processor.py:186} INFO - Started process (PID=13980) to work on /Users/jayesh/Desktop/Personal Work/Movie_data_pipeline/.venv/lib/python3.12/site-packages/airflow/example_dags/tutorial_dag.py
[2024-12-12T00:09:34.104+0530] {processor.py:914} INFO - Processing file /Users/jayesh/Desktop/Personal Work/Movie_data_pipeline/.venv/lib/python3.12/site-packages/airflow/example_dags/tutorial_dag.py for tasks to queue
[2024-12-12T00:09:34.108+0530] {logging_mixin.py:190} INFO - [2024-12-12T00:09:34.108+0530] {dagbag.py:588} INFO - Filling up the DagBag from /Users/jayesh/Desktop/Personal Work/Movie_data_pipeline/.venv/lib/python3.12/site-packages/airflow/example_dags/tutorial_dag.py
[2024-12-12T00:09:34.142+0530] {processor.py:925} INFO - DAG(s) 'tutorial_dag' retrieved from /Users/jayesh/Desktop/Personal Work/Movie_data_pipeline/.venv/lib/python3.12/site-packages/airflow/example_dags/tutorial_dag.py
[2024-12-12T00:09:34.266+0530] {logging_mixin.py:190} INFO - [2024-12-12T00:09:34.265+0530] {dag.py:3239} INFO - Sync 1 DAGs
[2024-12-12T00:09:34.278+0530] {logging_mixin.py:190} INFO - [2024-12-12T00:09:34.278+0530] {dag.py:4180} INFO - Setting next_dagrun for tutorial_dag to None, run_after=None
[2024-12-12T00:09:34.307+0530] {processor.py:208} INFO - Processing /Users/jayesh/Desktop/Personal Work/Movie_data_pipeline/.venv/lib/python3.12/site-packages/airflow/example_dags/tutorial_dag.py took 0.209 seconds
[2024-12-12T00:12:28.908+0530] {processor.py:186} INFO - Started process (PID=14269) to work on /Users/jayesh/Desktop/Personal Work/Movie_data_pipeline/.venv/lib/python3.12/site-packages/airflow/example_dags/tutorial_dag.py
[2024-12-12T00:12:28.911+0530] {processor.py:914} INFO - Processing file /Users/jayesh/Desktop/Personal Work/Movie_data_pipeline/.venv/lib/python3.12/site-packages/airflow/example_dags/tutorial_dag.py for tasks to queue
[2024-12-12T00:12:28.912+0530] {logging_mixin.py:190} INFO - [2024-12-12T00:12:28.912+0530] {dagbag.py:588} INFO - Filling up the DagBag from /Users/jayesh/Desktop/Personal Work/Movie_data_pipeline/.venv/lib/python3.12/site-packages/airflow/example_dags/tutorial_dag.py
[2024-12-12T00:12:28.948+0530] {processor.py:925} INFO - DAG(s) 'tutorial_dag' retrieved from /Users/jayesh/Desktop/Personal Work/Movie_data_pipeline/.venv/lib/python3.12/site-packages/airflow/example_dags/tutorial_dag.py
[2024-12-12T00:12:29.084+0530] {logging_mixin.py:190} INFO - [2024-12-12T00:12:29.083+0530] {dag.py:3239} INFO - Sync 1 DAGs
[2024-12-12T00:12:29.099+0530] {logging_mixin.py:190} INFO - [2024-12-12T00:12:29.099+0530] {dag.py:4180} INFO - Setting next_dagrun for tutorial_dag to None, run_after=None
[2024-12-12T00:12:29.128+0530] {processor.py:208} INFO - Processing /Users/jayesh/Desktop/Personal Work/Movie_data_pipeline/.venv/lib/python3.12/site-packages/airflow/example_dags/tutorial_dag.py took 0.224 seconds
[2024-12-12T00:15:24.636+0530] {processor.py:186} INFO - Started process (PID=14536) to work on /Users/jayesh/Desktop/Personal Work/Movie_data_pipeline/.venv/lib/python3.12/site-packages/airflow/example_dags/tutorial_dag.py
[2024-12-12T00:15:24.639+0530] {processor.py:914} INFO - Processing file /Users/jayesh/Desktop/Personal Work/Movie_data_pipeline/.venv/lib/python3.12/site-packages/airflow/example_dags/tutorial_dag.py for tasks to queue
[2024-12-12T00:15:24.640+0530] {logging_mixin.py:190} INFO - [2024-12-12T00:15:24.640+0530] {dagbag.py:588} INFO - Filling up the DagBag from /Users/jayesh/Desktop/Personal Work/Movie_data_pipeline/.venv/lib/python3.12/site-packages/airflow/example_dags/tutorial_dag.py
[2024-12-12T00:15:24.670+0530] {processor.py:925} INFO - DAG(s) 'tutorial_dag' retrieved from /Users/jayesh/Desktop/Personal Work/Movie_data_pipeline/.venv/lib/python3.12/site-packages/airflow/example_dags/tutorial_dag.py
[2024-12-12T00:15:24.794+0530] {logging_mixin.py:190} INFO - [2024-12-12T00:15:24.794+0530] {dag.py:3239} INFO - Sync 1 DAGs
[2024-12-12T00:15:24.807+0530] {logging_mixin.py:190} INFO - [2024-12-12T00:15:24.806+0530] {dag.py:4180} INFO - Setting next_dagrun for tutorial_dag to None, run_after=None
[2024-12-12T00:15:24.831+0530] {processor.py:208} INFO - Processing /Users/jayesh/Desktop/Personal Work/Movie_data_pipeline/.venv/lib/python3.12/site-packages/airflow/example_dags/tutorial_dag.py took 0.198 seconds
[2024-12-12T00:18:11.911+0530] {processor.py:186} INFO - Started process (PID=14811) to work on /Users/jayesh/Desktop/Personal Work/Movie_data_pipeline/.venv/lib/python3.12/site-packages/airflow/example_dags/tutorial_dag.py
[2024-12-12T00:18:11.915+0530] {processor.py:914} INFO - Processing file /Users/jayesh/Desktop/Personal Work/Movie_data_pipeline/.venv/lib/python3.12/site-packages/airflow/example_dags/tutorial_dag.py for tasks to queue
[2024-12-12T00:18:11.916+0530] {logging_mixin.py:190} INFO - [2024-12-12T00:18:11.916+0530] {dagbag.py:588} INFO - Filling up the DagBag from /Users/jayesh/Desktop/Personal Work/Movie_data_pipeline/.venv/lib/python3.12/site-packages/airflow/example_dags/tutorial_dag.py
[2024-12-12T00:18:11.950+0530] {processor.py:925} INFO - DAG(s) 'tutorial_dag' retrieved from /Users/jayesh/Desktop/Personal Work/Movie_data_pipeline/.venv/lib/python3.12/site-packages/airflow/example_dags/tutorial_dag.py
[2024-12-12T00:18:12.089+0530] {logging_mixin.py:190} INFO - [2024-12-12T00:18:12.088+0530] {dag.py:3239} INFO - Sync 1 DAGs
[2024-12-12T00:18:12.104+0530] {logging_mixin.py:190} INFO - [2024-12-12T00:18:12.104+0530] {dag.py:4180} INFO - Setting next_dagrun for tutorial_dag to None, run_after=None
[2024-12-12T00:18:12.132+0530] {processor.py:208} INFO - Processing /Users/jayesh/Desktop/Personal Work/Movie_data_pipeline/.venv/lib/python3.12/site-packages/airflow/example_dags/tutorial_dag.py took 0.225 seconds
[2024-12-12T00:21:19.705+0530] {processor.py:186} INFO - Started process (PID=15104) to work on /Users/jayesh/Desktop/Personal Work/Movie_data_pipeline/.venv/lib/python3.12/site-packages/airflow/example_dags/tutorial_dag.py
[2024-12-12T00:21:19.707+0530] {processor.py:914} INFO - Processing file /Users/jayesh/Desktop/Personal Work/Movie_data_pipeline/.venv/lib/python3.12/site-packages/airflow/example_dags/tutorial_dag.py for tasks to queue
[2024-12-12T00:21:19.709+0530] {logging_mixin.py:190} INFO - [2024-12-12T00:21:19.708+0530] {dagbag.py:588} INFO - Filling up the DagBag from /Users/jayesh/Desktop/Personal Work/Movie_data_pipeline/.venv/lib/python3.12/site-packages/airflow/example_dags/tutorial_dag.py
[2024-12-12T00:21:19.750+0530] {processor.py:925} INFO - DAG(s) 'tutorial_dag' retrieved from /Users/jayesh/Desktop/Personal Work/Movie_data_pipeline/.venv/lib/python3.12/site-packages/airflow/example_dags/tutorial_dag.py
[2024-12-12T00:21:19.874+0530] {logging_mixin.py:190} INFO - [2024-12-12T00:21:19.874+0530] {dag.py:3239} INFO - Sync 1 DAGs
[2024-12-12T00:21:19.917+0530] {logging_mixin.py:190} INFO - [2024-12-12T00:21:19.917+0530] {dag.py:4180} INFO - Setting next_dagrun for tutorial_dag to None, run_after=None
[2024-12-12T00:21:20.218+0530] {processor.py:208} INFO - Processing /Users/jayesh/Desktop/Personal Work/Movie_data_pipeline/.venv/lib/python3.12/site-packages/airflow/example_dags/tutorial_dag.py took 0.519 seconds
[2024-12-12T00:24:45.758+0530] {processor.py:186} INFO - Started process (PID=15447) to work on /Users/jayesh/Desktop/Personal Work/Movie_data_pipeline/.venv/lib/python3.12/site-packages/airflow/example_dags/tutorial_dag.py
[2024-12-12T00:24:45.760+0530] {processor.py:914} INFO - Processing file /Users/jayesh/Desktop/Personal Work/Movie_data_pipeline/.venv/lib/python3.12/site-packages/airflow/example_dags/tutorial_dag.py for tasks to queue
[2024-12-12T00:24:45.764+0530] {logging_mixin.py:190} INFO - [2024-12-12T00:24:45.763+0530] {dagbag.py:588} INFO - Filling up the DagBag from /Users/jayesh/Desktop/Personal Work/Movie_data_pipeline/.venv/lib/python3.12/site-packages/airflow/example_dags/tutorial_dag.py
[2024-12-12T00:24:45.801+0530] {processor.py:925} INFO - DAG(s) 'tutorial_dag' retrieved from /Users/jayesh/Desktop/Personal Work/Movie_data_pipeline/.venv/lib/python3.12/site-packages/airflow/example_dags/tutorial_dag.py
[2024-12-12T00:24:45.982+0530] {logging_mixin.py:190} INFO - [2024-12-12T00:24:45.981+0530] {dag.py:3239} INFO - Sync 1 DAGs
[2024-12-12T00:24:46.004+0530] {logging_mixin.py:190} INFO - [2024-12-12T00:24:46.004+0530] {dag.py:4180} INFO - Setting next_dagrun for tutorial_dag to None, run_after=None
[2024-12-12T00:24:46.036+0530] {processor.py:208} INFO - Processing /Users/jayesh/Desktop/Personal Work/Movie_data_pipeline/.venv/lib/python3.12/site-packages/airflow/example_dags/tutorial_dag.py took 0.283 seconds
[2024-12-12T00:28:08.457+0530] {processor.py:186} INFO - Started process (PID=15771) to work on /Users/jayesh/Desktop/Personal Work/Movie_data_pipeline/.venv/lib/python3.12/site-packages/airflow/example_dags/tutorial_dag.py
[2024-12-12T00:28:08.459+0530] {processor.py:914} INFO - Processing file /Users/jayesh/Desktop/Personal Work/Movie_data_pipeline/.venv/lib/python3.12/site-packages/airflow/example_dags/tutorial_dag.py for tasks to queue
[2024-12-12T00:28:08.461+0530] {logging_mixin.py:190} INFO - [2024-12-12T00:28:08.461+0530] {dagbag.py:588} INFO - Filling up the DagBag from /Users/jayesh/Desktop/Personal Work/Movie_data_pipeline/.venv/lib/python3.12/site-packages/airflow/example_dags/tutorial_dag.py
[2024-12-12T00:28:08.492+0530] {processor.py:925} INFO - DAG(s) 'tutorial_dag' retrieved from /Users/jayesh/Desktop/Personal Work/Movie_data_pipeline/.venv/lib/python3.12/site-packages/airflow/example_dags/tutorial_dag.py
[2024-12-12T00:28:08.626+0530] {logging_mixin.py:190} INFO - [2024-12-12T00:28:08.625+0530] {dag.py:3239} INFO - Sync 1 DAGs
[2024-12-12T00:28:08.639+0530] {logging_mixin.py:190} INFO - [2024-12-12T00:28:08.638+0530] {dag.py:4180} INFO - Setting next_dagrun for tutorial_dag to None, run_after=None
[2024-12-12T00:28:08.663+0530] {processor.py:208} INFO - Processing /Users/jayesh/Desktop/Personal Work/Movie_data_pipeline/.venv/lib/python3.12/site-packages/airflow/example_dags/tutorial_dag.py took 0.210 seconds
