[2024-12-16T19:46:45.117+0530] {local_task_job_runner.py:123} INFO - ::group::Pre task execution logs
[2024-12-16T19:46:45.138+0530] {taskinstance.py:2613} INFO - Dependencies all met for dep_context=non-requeueable deps ti=<TaskInstance: movie_pipeline.info_mssg backfill__2024-12-07T00:00:00+00:00 [queued]>
[2024-12-16T19:46:45.149+0530] {taskinstance.py:2613} INFO - Dependencies all met for dep_context=requeueable deps ti=<TaskInstance: movie_pipeline.info_mssg backfill__2024-12-07T00:00:00+00:00 [queued]>
[2024-12-16T19:46:45.149+0530] {taskinstance.py:2866} INFO - Starting attempt 4 of 4
[2024-12-16T19:46:45.166+0530] {taskinstance.py:2889} INFO - Executing <Task(BashOperator): info_mssg> on 2024-12-07 00:00:00+00:00
[2024-12-16T19:46:45.179+0530] {logging_mixin.py:190} WARNING - /Users/jayesh/Desktop/Personal Work/Movie_data_pipeline/.venv/lib/python3.12/site-packages/airflow/task/task_runner/standard_task_runner.py:70 DeprecationWarning: This process (pid=24692) is multi-threaded, use of fork() may lead to deadlocks in the child.
[2024-12-16T19:46:45.181+0530] {standard_task_runner.py:72} INFO - Started process 24708 to run task
[2024-12-16T19:46:45.183+0530] {standard_task_runner.py:104} INFO - Running: ['airflow', 'tasks', 'run', 'movie_pipeline', 'info_mssg', 'backfill__2024-12-07T00:00:00+00:00', '--job-id', '132', '--pool', 'default_pool', '--raw', '--subdir', 'DAGS_FOLDER/pipeline_dag.py', '--cfg-path', '/var/folders/h6/l2cjrfls77b6_h6zs5w5vn4r0000gn/T/tmp0ln7eyj9']
[2024-12-16T19:46:45.187+0530] {standard_task_runner.py:105} INFO - Job 132: Subtask info_mssg
[2024-12-16T19:46:45.264+0530] {task_command.py:467} INFO - Running <TaskInstance: movie_pipeline.info_mssg backfill__2024-12-07T00:00:00+00:00 [running]> on host Jayeshs-MacBook-Air.local
[2024-12-16T19:46:45.360+0530] {taskinstance.py:3132} INFO - Exporting env vars: AIRFLOW_CTX_DAG_OWNER='airflow' AIRFLOW_CTX_DAG_ID='movie_pipeline' AIRFLOW_CTX_TASK_ID='info_mssg' AIRFLOW_CTX_EXECUTION_DATE='2024-12-07T00:00:00+00:00' AIRFLOW_CTX_TRY_NUMBER='4' AIRFLOW_CTX_DAG_RUN_ID='backfill__2024-12-07T00:00:00+00:00'
[2024-12-16T19:46:45.363+0530] {logging_mixin.py:190} INFO - Task instance is in running state
[2024-12-16T19:46:45.364+0530] {logging_mixin.py:190} INFO -  Previous state of the Task instance: queued
[2024-12-16T19:46:45.364+0530] {logging_mixin.py:190} INFO - Current task name:info_mssg state:running start_date:2024-12-16 14:16:45.139463+00:00
[2024-12-16T19:46:45.365+0530] {logging_mixin.py:190} INFO - Dag name:movie_pipeline and current dag run status:running
[2024-12-16T19:46:45.365+0530] {taskinstance.py:731} INFO - ::endgroup::
[2024-12-16T19:46:45.367+0530] {subprocess.py:78} INFO - Tmp dir root location: /var/folders/h6/l2cjrfls77b6_h6zs5w5vn4r0000gn/T
[2024-12-16T19:46:45.369+0530] {subprocess.py:88} INFO - Running command: ['/bin/bash', '-c', "echo 'extraction start'"]
[2024-12-16T19:46:45.382+0530] {subprocess.py:99} INFO - Output:
[2024-12-16T19:46:45.393+0530] {subprocess.py:106} INFO - extraction start
[2024-12-16T19:46:45.395+0530] {subprocess.py:110} INFO - Command exited with return code 0
[2024-12-16T19:46:45.417+0530] {taskinstance.py:340} INFO - ::group::Post task execution logs
[2024-12-16T19:46:45.419+0530] {taskinstance.py:352} INFO - Marking task as SUCCESS. dag_id=movie_pipeline, task_id=info_mssg, run_id=backfill__2024-12-07T00:00:00+00:00, execution_date=20241207T000000, start_date=20241216T141645, end_date=20241216T141645
[2024-12-16T19:46:45.431+0530] {logging_mixin.py:190} INFO - Task instance in success state
[2024-12-16T19:46:45.432+0530] {logging_mixin.py:190} INFO -  Previous state of the Task instance: running
[2024-12-16T19:46:45.433+0530] {logging_mixin.py:190} INFO - Dag name:movie_pipeline queued_at:2024-12-16 14:16:17.798327+00:00
[2024-12-16T19:46:45.433+0530] {logging_mixin.py:190} INFO - Task hostname:Jayeshs-MacBook-Air.local operator:BashOperator
[2024-12-16T19:46:45.463+0530] {local_task_job_runner.py:266} INFO - Task exited with return code 0
[2024-12-16T19:46:45.498+0530] {taskinstance.py:3895} INFO - 1 downstream tasks scheduled from follow-on schedule check
[2024-12-16T19:46:45.501+0530] {local_task_job_runner.py:245} INFO - ::endgroup::
