[2024-12-16T19:34:51.906+0530] {local_task_job_runner.py:123} INFO - ::group::Pre task execution logs
[2024-12-16T19:34:51.926+0530] {taskinstance.py:2613} INFO - Dependencies all met for dep_context=non-requeueable deps ti=<TaskInstance: movie_pipeline.info_mssg backfill__2024-12-07T00:00:00+00:00 [queued]>
[2024-12-16T19:34:51.934+0530] {taskinstance.py:2613} INFO - Dependencies all met for dep_context=requeueable deps ti=<TaskInstance: movie_pipeline.info_mssg backfill__2024-12-07T00:00:00+00:00 [queued]>
[2024-12-16T19:34:51.935+0530] {taskinstance.py:2866} INFO - Starting attempt 1 of 1
[2024-12-16T19:34:51.951+0530] {taskinstance.py:2889} INFO - Executing <Task(BashOperator): info_mssg> on 2024-12-07 00:00:00+00:00
[2024-12-16T19:34:51.960+0530] {logging_mixin.py:190} WARNING - /Users/jayesh/Desktop/Personal Work/Movie_data_pipeline/.venv/lib/python3.12/site-packages/airflow/task/task_runner/standard_task_runner.py:70 DeprecationWarning: This process (pid=23586) is multi-threaded, use of fork() may lead to deadlocks in the child.
[2024-12-16T19:34:51.962+0530] {standard_task_runner.py:72} INFO - Started process 23601 to run task
[2024-12-16T19:34:51.965+0530] {standard_task_runner.py:104} INFO - Running: ['airflow', 'tasks', 'run', 'movie_pipeline', 'info_mssg', 'backfill__2024-12-07T00:00:00+00:00', '--job-id', '121', '--pool', 'default_pool', '--raw', '--subdir', 'DAGS_FOLDER/pipeline_dag.py', '--cfg-path', '/var/folders/h6/l2cjrfls77b6_h6zs5w5vn4r0000gn/T/tmp8gxr1vil']
[2024-12-16T19:34:51.968+0530] {standard_task_runner.py:105} INFO - Job 121: Subtask info_mssg
[2024-12-16T19:34:52.034+0530] {task_command.py:467} INFO - Running <TaskInstance: movie_pipeline.info_mssg backfill__2024-12-07T00:00:00+00:00 [running]> on host Jayeshs-MacBook-Air.local
[2024-12-16T19:34:52.135+0530] {taskinstance.py:3132} INFO - Exporting env vars: AIRFLOW_CTX_DAG_OWNER='airflow' AIRFLOW_CTX_DAG_ID='movie_pipeline' AIRFLOW_CTX_TASK_ID='info_mssg' AIRFLOW_CTX_EXECUTION_DATE='2024-12-07T00:00:00+00:00' AIRFLOW_CTX_TRY_NUMBER='1' AIRFLOW_CTX_DAG_RUN_ID='backfill__2024-12-07T00:00:00+00:00'
[2024-12-16T19:34:52.137+0530] {logging_mixin.py:190} INFO - Task instance is in running state
[2024-12-16T19:34:52.141+0530] {logging_mixin.py:190} INFO -  Previous state of the Task instance: queued
[2024-12-16T19:34:52.141+0530] {logging_mixin.py:190} INFO - Current task name:info_mssg state:running start_date:2024-12-16 14:04:51.927106+00:00
[2024-12-16T19:34:52.142+0530] {logging_mixin.py:190} INFO - Dag name:movie_pipeline and current dag run status:running
[2024-12-16T19:34:52.142+0530] {taskinstance.py:731} INFO - ::endgroup::
[2024-12-16T19:34:52.144+0530] {subprocess.py:78} INFO - Tmp dir root location: /var/folders/h6/l2cjrfls77b6_h6zs5w5vn4r0000gn/T
[2024-12-16T19:34:52.145+0530] {subprocess.py:88} INFO - Running command: ['/bin/bash', '-c', "echo 'extraction start'"]
[2024-12-16T19:34:52.157+0530] {subprocess.py:99} INFO - Output:
[2024-12-16T19:34:52.163+0530] {subprocess.py:106} INFO - extraction start
[2024-12-16T19:34:52.164+0530] {subprocess.py:110} INFO - Command exited with return code 0
[2024-12-16T19:34:52.196+0530] {taskinstance.py:340} INFO - ::group::Post task execution logs
[2024-12-16T19:34:52.198+0530] {taskinstance.py:352} INFO - Marking task as SUCCESS. dag_id=movie_pipeline, task_id=info_mssg, run_id=backfill__2024-12-07T00:00:00+00:00, execution_date=20241207T000000, start_date=20241216T140451, end_date=20241216T140452
[2024-12-16T19:34:52.214+0530] {logging_mixin.py:190} INFO - Task instance in success state
[2024-12-16T19:34:52.215+0530] {logging_mixin.py:190} INFO -  Previous state of the Task instance: running
[2024-12-16T19:34:52.216+0530] {logging_mixin.py:190} INFO - Dag name:movie_pipeline queued_at:None
[2024-12-16T19:34:52.217+0530] {logging_mixin.py:190} INFO - Task hostname:Jayeshs-MacBook-Air.local operator:BashOperator
[2024-12-16T19:34:52.241+0530] {local_task_job_runner.py:266} INFO - Task exited with return code 0
[2024-12-16T19:34:52.279+0530] {taskinstance.py:3895} INFO - 1 downstream tasks scheduled from follow-on schedule check
[2024-12-16T19:34:52.284+0530] {local_task_job_runner.py:245} INFO - ::endgroup::
