[2025-01-09T12:34:21.240+0000] {local_task_job_runner.py:123} INFO - ::group::Pre task execution logs
[2025-01-09T12:34:21.359+0000] {taskinstance.py:2613} INFO - Dependencies all met for dep_context=non-requeueable deps ti=<TaskInstance: movie_pipeline.scrape_distributors scheduled__2025-01-08T00:00:00+00:00 [queued]>
[2025-01-09T12:34:21.412+0000] {taskinstance.py:2613} INFO - Dependencies all met for dep_context=requeueable deps ti=<TaskInstance: movie_pipeline.scrape_distributors scheduled__2025-01-08T00:00:00+00:00 [queued]>
[2025-01-09T12:34:21.429+0000] {taskinstance.py:2866} INFO - Starting attempt 1 of 1
[2025-01-09T12:34:21.555+0000] {taskinstance.py:2889} INFO - Executing <Task(PythonOperator): scrape_distributors> on 2025-01-08 00:00:00+00:00
[2025-01-09T12:34:21.579+0000] {standard_task_runner.py:72} INFO - Started process 1353 to run task
[2025-01-09T12:34:21.590+0000] {standard_task_runner.py:104} INFO - Running: ['airflow', 'tasks', 'run', 'movie_pipeline', 'scrape_distributors', 'scheduled__2025-01-08T00:00:00+00:00', '--job-id', '141', '--raw', '--subdir', 'DAGS_FOLDER/pipeline_dag.py', '--cfg-path', '/tmp/tmpbwcokk2a']
[2025-01-09T12:34:21.597+0000] {standard_task_runner.py:105} INFO - Job 141: Subtask scrape_distributors
[2025-01-09T12:34:21.947+0000] {task_command.py:467} INFO - Running <TaskInstance: movie_pipeline.scrape_distributors scheduled__2025-01-08T00:00:00+00:00 [running]> on host 78b847e880a5
[2025-01-09T12:34:22.876+0000] {taskinstance.py:3132} INFO - Exporting env vars: AIRFLOW_CTX_DAG_OWNER='airflow' AIRFLOW_CTX_DAG_ID='movie_pipeline' AIRFLOW_CTX_TASK_ID='scrape_distributors' AIRFLOW_CTX_EXECUTION_DATE='2025-01-08T00:00:00+00:00' AIRFLOW_CTX_TRY_NUMBER='1' AIRFLOW_CTX_DAG_RUN_ID='scheduled__2025-01-08T00:00:00+00:00'
[2025-01-09T12:34:22.884+0000] {taskinstance.py:731} INFO - ::endgroup::
[2025-01-09T12:34:26.893+0000] {extract.py:319} INFO - Iteration: 0 and movie_id: tt13186482
[2025-01-09T12:35:57.571+0000] {extract.py:319} INFO - Iteration: 1 and movie_id: tt18259086
[2025-01-09T12:36:28.245+0000] {extract.py:319} INFO - Iteration: 2 and movie_id: tt5040012
[2025-01-09T12:36:53.152+0000] {extract.py:319} INFO - Iteration: 3 and movie_id: tt13622970
[2025-01-09T12:37:20.143+0000] {extract.py:319} INFO - Iteration: 4 and movie_id: tt11563598
[2025-01-09T12:38:32.774+0000] {extract.py:319} INFO - Iteration: 5 and movie_id: tt1262426
[2025-01-09T12:39:09.290+0000] {extract.py:319} INFO - Iteration: 6 and movie_id: tt9218128
[2025-01-09T12:39:53.190+0000] {extract.py:319} INFO - Iteration: 7 and movie_id: tt29137778
[2025-01-09T12:40:16.522+0000] {extract.py:319} INFO - Iteration: 8 and movie_id: tt6133444
[2025-01-09T12:40:16.529+0000] {extract.py:340} WARNING - distributor id is NONE
[2025-01-09T12:40:16.537+0000] {extract.py:319} INFO - Iteration: 9 and movie_id: tt8790086
[2025-01-09T12:40:41.007+0000] {extract.py:319} INFO - Iteration: 10 and movie_id: tt23055660
[2025-01-09T12:41:12.154+0000] {extract.py:319} INFO - Iteration: 11 and movie_id: tt14824600
[2025-01-09T12:42:13.052+0000] {extract.py:319} INFO - Iteration: 12 and movie_id: tt2347285
[2025-01-09T12:42:20.140+0000] {job.py:229} INFO - Heartbeat recovered after 11.46 seconds
[2025-01-09T12:43:11.099+0000] {extract.py:319} INFO - Iteration: 13 and movie_id: tt21823606
[2025-01-09T12:43:46.716+0000] {extract.py:319} INFO - Iteration: 14 and movie_id: tt20215234
[2025-01-09T12:44:07.541+0000] {extract.py:319} INFO - Iteration: 15 and movie_id: tt14948432
[2025-01-09T12:44:27.125+0000] {extract.py:319} INFO - Iteration: 16 and movie_id: tt28082769
[2025-01-09T12:44:54.434+0000] {extract.py:319} INFO - Iteration: 17 and movie_id: tt14260836
[2025-01-09T12:44:54.440+0000] {extract.py:340} WARNING - distributor id is NONE
[2025-01-09T12:44:54.443+0000] {extract.py:319} INFO - Iteration: 18 and movie_id: tt29623480
[2025-01-09T12:45:23.370+0000] {python.py:240} INFO - Done. Returned value was: run_20250106/distributor_html_20250106.json
[2025-01-09T12:45:28.746+0000] {taskinstance.py:340} INFO - ::group::Post task execution logs
[2025-01-09T12:45:28.816+0000] {taskinstance.py:352} INFO - Marking task as SUCCESS. dag_id=movie_pipeline, task_id=scrape_distributors, run_id=scheduled__2025-01-08T00:00:00+00:00, execution_date=20250108T000000, start_date=20250109T123421, end_date=20250109T124528
[2025-01-09T12:45:29.621+0000] {local_task_job_runner.py:266} INFO - Task exited with return code 0
[2025-01-09T12:45:29.981+0000] {taskinstance.py:3895} INFO - 1 downstream tasks scheduled from follow-on schedule check
[2025-01-09T12:45:29.994+0000] {local_task_job_runner.py:245} INFO - ::endgroup::
