[2024-12-14T08:54:25.713+0530] {local_task_job_runner.py:123} INFO - ::group::Pre task execution logs
[2024-12-14T08:54:25.726+0530] {taskinstance.py:2613} INFO - Dependencies all met for dep_context=non-requeueable deps ti=<TaskInstance: movie_pipeline.task1 backfill__2024-12-09T00:00:00+00:00 [queued]>
[2024-12-14T08:54:25.732+0530] {taskinstance.py:2613} INFO - Dependencies all met for dep_context=requeueable deps ti=<TaskInstance: movie_pipeline.task1 backfill__2024-12-09T00:00:00+00:00 [queued]>
[2024-12-14T08:54:25.733+0530] {taskinstance.py:2866} INFO - Starting attempt 1 of 1
[2024-12-14T08:54:25.748+0530] {taskinstance.py:2889} INFO - Executing <Task(_PythonDecoratedOperator): task1> on 2024-12-09 00:00:00+00:00
[2024-12-14T08:54:25.755+0530] {logging_mixin.py:190} WARNING - /Users/jayesh/Desktop/Personal Work/Movie_data_pipeline/.venv/lib/python3.12/site-packages/airflow/task/task_runner/standard_task_runner.py:70 DeprecationWarning: This process (pid=29240) is multi-threaded, use of fork() may lead to deadlocks in the child.
[2024-12-14T08:54:25.757+0530] {standard_task_runner.py:72} INFO - Started process 29262 to run task
[2024-12-14T08:54:25.758+0530] {standard_task_runner.py:104} INFO - Running: ['airflow', 'tasks', 'run', 'movie_pipeline', 'task1', 'backfill__2024-12-09T00:00:00+00:00', '--job-id', '49', '--pool', 'default_pool', '--raw', '--subdir', 'DAGS_FOLDER/pipeline_dag.py', '--cfg-path', '/var/folders/h6/l2cjrfls77b6_h6zs5w5vn4r0000gn/T/tmpagwd2oa1']
[2024-12-14T08:54:25.762+0530] {standard_task_runner.py:105} INFO - Job 49: Subtask task1
[2024-12-14T08:54:25.816+0530] {task_command.py:467} INFO - Running <TaskInstance: movie_pipeline.task1 backfill__2024-12-09T00:00:00+00:00 [running]> on host Jayeshs-MacBook-Air.local
[2024-12-14T08:54:25.896+0530] {taskinstance.py:3132} INFO - Exporting env vars: AIRFLOW_CTX_DAG_OWNER='airflow' AIRFLOW_CTX_DAG_ID='movie_pipeline' AIRFLOW_CTX_TASK_ID='task1' AIRFLOW_CTX_EXECUTION_DATE='2024-12-09T00:00:00+00:00' AIRFLOW_CTX_TRY_NUMBER='1' AIRFLOW_CTX_DAG_RUN_ID='backfill__2024-12-09T00:00:00+00:00'
[2024-12-14T08:54:25.898+0530] {logging_mixin.py:190} INFO - Task instance is in running state
[2024-12-14T08:54:25.900+0530] {logging_mixin.py:190} INFO -  Previous state of the Task instance: queued
[2024-12-14T08:54:25.900+0530] {logging_mixin.py:190} INFO - Current task name:task1 state:running start_date:2024-12-14 03:24:25.726605+00:00
[2024-12-14T08:54:25.901+0530] {logging_mixin.py:190} INFO - Dag name:movie_pipeline and current dag run status:running
[2024-12-14T08:54:25.902+0530] {taskinstance.py:731} INFO - ::endgroup::
[2024-12-14T08:54:25.904+0530] {pipeline_dag.py:18} INFO - 2023-12-10
[2024-12-14T08:54:25.910+0530] {pipeline_dag.py:19} INFO - 2024-12-14 08:38:02.785872+05:30
[2024-12-14T08:54:25.911+0530] {python.py:240} INFO - Done. Returned value was: None
[2024-12-14T08:54:25.919+0530] {taskinstance.py:340} INFO - ::group::Post task execution logs
[2024-12-14T08:54:25.920+0530] {taskinstance.py:352} INFO - Marking task as SUCCESS. dag_id=movie_pipeline, task_id=task1, run_id=backfill__2024-12-09T00:00:00+00:00, execution_date=20241209T000000, start_date=20241214T032425, end_date=20241214T032425
[2024-12-14T08:54:25.929+0530] {logging_mixin.py:190} INFO - Task instance in success state
[2024-12-14T08:54:25.930+0530] {logging_mixin.py:190} INFO -  Previous state of the Task instance: running
[2024-12-14T08:54:25.931+0530] {logging_mixin.py:190} INFO - Dag name:movie_pipeline queued_at:None
[2024-12-14T08:54:25.931+0530] {logging_mixin.py:190} INFO - Task hostname:Jayeshs-MacBook-Air.local operator:_PythonDecoratedOperator
[2024-12-14T08:54:25.951+0530] {local_task_job_runner.py:266} INFO - Task exited with return code 0
[2024-12-14T08:54:25.975+0530] {taskinstance.py:3895} INFO - 0 downstream tasks scheduled from follow-on schedule check
[2024-12-14T08:54:25.976+0530] {local_task_job_runner.py:245} INFO - ::endgroup::
