[2024-12-17T07:56:33.545+0530] {local_task_job_runner.py:123} INFO - ::group::Pre task execution logs
[2024-12-17T07:56:33.556+0530] {taskinstance.py:2613} INFO - Dependencies all met for dep_context=non-requeueable deps ti=<TaskInstance: movie_pipeline.info_mssg manual__2024-12-17T02:26:07.750836+00:00 [queued]>
[2024-12-17T07:56:33.563+0530] {taskinstance.py:2613} INFO - Dependencies all met for dep_context=requeueable deps ti=<TaskInstance: movie_pipeline.info_mssg manual__2024-12-17T02:26:07.750836+00:00 [queued]>
[2024-12-17T07:56:33.563+0530] {taskinstance.py:2866} INFO - Starting attempt 1 of 1
[2024-12-17T07:56:33.579+0530] {taskinstance.py:2889} INFO - Executing <Task(BashOperator): info_mssg> on 2024-12-17 02:26:07.750836+00:00
[2024-12-17T07:56:33.587+0530] {logging_mixin.py:190} WARNING - /Users/jayesh/Desktop/Personal Work/Movie_data_pipeline/.venv/lib/python3.12/site-packages/airflow/task/task_runner/standard_task_runner.py:70 DeprecationWarning: This process (pid=33828) is multi-threaded, use of fork() may lead to deadlocks in the child.
[2024-12-17T07:56:33.589+0530] {standard_task_runner.py:72} INFO - Started process 33835 to run task
[2024-12-17T07:56:33.590+0530] {standard_task_runner.py:104} INFO - Running: ['airflow', 'tasks', 'run', 'movie_pipeline', 'info_mssg', 'manual__2024-12-17T02:26:07.750836+00:00', '--job-id', '152', '--raw', '--subdir', 'DAGS_FOLDER/pipeline_dag.py', '--cfg-path', '/var/folders/h6/l2cjrfls77b6_h6zs5w5vn4r0000gn/T/tmp3ltbf986']
[2024-12-17T07:56:33.593+0530] {standard_task_runner.py:105} INFO - Job 152: Subtask info_mssg
[2024-12-17T07:56:33.646+0530] {task_command.py:467} INFO - Running <TaskInstance: movie_pipeline.info_mssg manual__2024-12-17T02:26:07.750836+00:00 [running]> on host Jayeshs-MacBook-Air.local
[2024-12-17T07:56:33.720+0530] {taskinstance.py:3132} INFO - Exporting env vars: AIRFLOW_CTX_DAG_OWNER='airflow' AIRFLOW_CTX_DAG_ID='movie_pipeline' AIRFLOW_CTX_TASK_ID='info_mssg' AIRFLOW_CTX_EXECUTION_DATE='2024-12-17T02:26:07.750836+00:00' AIRFLOW_CTX_TRY_NUMBER='1' AIRFLOW_CTX_DAG_RUN_ID='manual__2024-12-17T02:26:07.750836+00:00'
[2024-12-17T07:56:33.722+0530] {logging_mixin.py:190} INFO - Task instance is in running state
[2024-12-17T07:56:33.723+0530] {logging_mixin.py:190} INFO -  Previous state of the Task instance: queued
[2024-12-17T07:56:33.723+0530] {logging_mixin.py:190} INFO - Current task name:info_mssg state:running start_date:2024-12-17 02:26:33.556895+00:00
[2024-12-17T07:56:33.724+0530] {logging_mixin.py:190} INFO - Dag name:movie_pipeline and current dag run status:running
[2024-12-17T07:56:33.724+0530] {taskinstance.py:731} INFO - ::endgroup::
[2024-12-17T07:56:33.725+0530] {subprocess.py:78} INFO - Tmp dir root location: /var/folders/h6/l2cjrfls77b6_h6zs5w5vn4r0000gn/T
[2024-12-17T07:56:33.726+0530] {subprocess.py:88} INFO - Running command: ['/bin/bash', '-c', "echo 'extraction start'"]
[2024-12-17T07:56:33.734+0530] {subprocess.py:99} INFO - Output:
[2024-12-17T07:56:33.738+0530] {subprocess.py:106} INFO - extraction start
[2024-12-17T07:56:33.739+0530] {subprocess.py:110} INFO - Command exited with return code 0
[2024-12-17T07:56:33.763+0530] {taskinstance.py:340} INFO - ::group::Post task execution logs
[2024-12-17T07:56:33.765+0530] {taskinstance.py:352} INFO - Marking task as SUCCESS. dag_id=movie_pipeline, task_id=info_mssg, run_id=manual__2024-12-17T02:26:07.750836+00:00, execution_date=20241217T022607, start_date=20241217T022633, end_date=20241217T022633
[2024-12-17T07:56:33.775+0530] {logging_mixin.py:190} INFO - Task instance in success state
[2024-12-17T07:56:33.776+0530] {logging_mixin.py:190} INFO -  Previous state of the Task instance: running
[2024-12-17T07:56:33.777+0530] {logging_mixin.py:190} INFO - Dag name:movie_pipeline queued_at:2024-12-17 02:26:07.766622+00:00
[2024-12-17T07:56:33.777+0530] {logging_mixin.py:190} INFO - Task hostname:Jayeshs-MacBook-Air.local operator:BashOperator
[2024-12-17T07:56:33.787+0530] {local_task_job_runner.py:266} INFO - Task exited with return code 0
[2024-12-17T07:56:33.806+0530] {taskinstance.py:3895} INFO - 0 downstream tasks scheduled from follow-on schedule check
[2024-12-17T07:56:33.807+0530] {local_task_job_runner.py:245} INFO - ::endgroup::
