[2024-12-24T11:35:16.898+0000] {local_task_job_runner.py:123} INFO - ::group::Pre task execution logs
[2024-12-24T11:35:17.696+0000] {taskinstance.py:2613} INFO - Dependencies all met for dep_context=non-requeueable deps ti=<TaskInstance: tutorial.sleep manual__2024-12-24T11:35:08.653053+00:00 [queued]>
[2024-12-24T11:35:17.820+0000] {taskinstance.py:2613} INFO - Dependencies all met for dep_context=requeueable deps ti=<TaskInstance: tutorial.sleep manual__2024-12-24T11:35:08.653053+00:00 [queued]>
[2024-12-24T11:35:17.829+0000] {taskinstance.py:2866} INFO - Starting attempt 1 of 4
[2024-12-24T11:35:18.028+0000] {taskinstance.py:2889} INFO - Executing <Task(BashOperator): sleep> on 2024-12-24 11:35:08.653053+00:00
[2024-12-24T11:35:18.047+0000] {standard_task_runner.py:72} INFO - Started process 257 to run task
[2024-12-24T11:35:18.082+0000] {standard_task_runner.py:104} INFO - Running: ['airflow', 'tasks', 'run', 'tutorial', 'sleep', 'manual__2024-12-24T11:35:08.653053+00:00', '--job-id', '11', '--raw', '--subdir', 'DAGS_FOLDER/tutorial.py', '--cfg-path', '/tmp/tmpudp90fiu']
[2024-12-24T11:35:18.087+0000] {standard_task_runner.py:105} INFO - Job 11: Subtask sleep
[2024-12-24T11:35:18.764+0000] {task_command.py:467} INFO - Running <TaskInstance: tutorial.sleep manual__2024-12-24T11:35:08.653053+00:00 [running]> on host 70c78f51fdda
[2024-12-24T11:35:19.169+0000] {taskinstance.py:3132} INFO - Exporting env vars: AIRFLOW_CTX_DAG_EMAIL='airflow@example.com' AIRFLOW_CTX_DAG_OWNER='airflow' AIRFLOW_CTX_DAG_ID='tutorial' AIRFLOW_CTX_TASK_ID='sleep' AIRFLOW_CTX_EXECUTION_DATE='2024-12-24T11:35:08.653053+00:00' AIRFLOW_CTX_TRY_NUMBER='1' AIRFLOW_CTX_DAG_RUN_ID='manual__2024-12-24T11:35:08.653053+00:00'
[2024-12-24T11:35:19.174+0000] {taskinstance.py:731} INFO - ::endgroup::
[2024-12-24T11:35:19.209+0000] {subprocess.py:78} INFO - Tmp dir root location: /tmp
[2024-12-24T11:35:19.212+0000] {subprocess.py:88} INFO - Running command: ['/usr/bin/bash', '-c', 'sleep 5']
[2024-12-24T11:35:19.226+0000] {subprocess.py:99} INFO - Output:
[2024-12-24T11:35:24.237+0000] {subprocess.py:110} INFO - Command exited with return code 0
[2024-12-24T11:35:24.324+0000] {taskinstance.py:340} INFO - ::group::Post task execution logs
[2024-12-24T11:35:24.326+0000] {taskinstance.py:352} INFO - Marking task as SUCCESS. dag_id=tutorial, task_id=sleep, run_id=manual__2024-12-24T11:35:08.653053+00:00, execution_date=20241224T113508, start_date=20241224T113517, end_date=20241224T113524
[2024-12-24T11:35:24.401+0000] {local_task_job_runner.py:266} INFO - Task exited with return code 0
[2024-12-24T11:35:24.461+0000] {taskinstance.py:3895} INFO - 0 downstream tasks scheduled from follow-on schedule check
[2024-12-24T11:35:24.467+0000] {local_task_job_runner.py:245} INFO - ::endgroup::
