[2024-12-19T07:49:17.971+0530] {local_task_job_runner.py:123} INFO - ::group::Pre task execution logs
[2024-12-19T07:49:17.982+0530] {taskinstance.py:2613} INFO - Dependencies all met for dep_context=non-requeueable deps ti=<TaskInstance: movie_pipeline.create_run_dir scheduled__2024-12-18T00:00:00+00:00 [queued]>
[2024-12-19T07:49:17.991+0530] {taskinstance.py:2613} INFO - Dependencies all met for dep_context=requeueable deps ti=<TaskInstance: movie_pipeline.create_run_dir scheduled__2024-12-18T00:00:00+00:00 [queued]>
[2024-12-19T07:49:17.991+0530] {taskinstance.py:2866} INFO - Starting attempt 1 of 1
[2024-12-19T07:49:18.007+0530] {taskinstance.py:2889} INFO - Executing <Task(BashOperator): create_run_dir> on 2024-12-18 00:00:00+00:00
[2024-12-19T07:49:18.015+0530] {logging_mixin.py:190} WARNING - /Users/jayesh/Desktop/Personal Work/Movie_data_pipeline/.venv/lib/python3.12/site-packages/airflow/task/task_runner/standard_task_runner.py:70 DeprecationWarning: This process (pid=3555) is multi-threaded, use of fork() may lead to deadlocks in the child.
[2024-12-19T07:49:18.016+0530] {standard_task_runner.py:72} INFO - Started process 3569 to run task
[2024-12-19T07:49:18.017+0530] {standard_task_runner.py:104} INFO - Running: ['airflow', 'tasks', 'run', 'movie_pipeline', 'create_run_dir', 'scheduled__2024-12-18T00:00:00+00:00', '--job-id', '194', '--raw', '--subdir', 'DAGS_FOLDER/pipeline_dag.py', '--cfg-path', '/var/folders/h6/l2cjrfls77b6_h6zs5w5vn4r0000gn/T/tmpub3_iynj']
[2024-12-19T07:49:18.021+0530] {standard_task_runner.py:105} INFO - Job 194: Subtask create_run_dir
[2024-12-19T07:49:18.070+0530] {task_command.py:467} INFO - Running <TaskInstance: movie_pipeline.create_run_dir scheduled__2024-12-18T00:00:00+00:00 [running]> on host Jayeshs-MacBook-Air.local
[2024-12-19T07:49:18.143+0530] {taskinstance.py:3132} INFO - Exporting env vars: AIRFLOW_CTX_DAG_OWNER='airflow' AIRFLOW_CTX_DAG_ID='movie_pipeline' AIRFLOW_CTX_TASK_ID='create_run_dir' AIRFLOW_CTX_EXECUTION_DATE='2024-12-18T00:00:00+00:00' AIRFLOW_CTX_TRY_NUMBER='1' AIRFLOW_CTX_DAG_RUN_ID='scheduled__2024-12-18T00:00:00+00:00'
[2024-12-19T07:49:18.145+0530] {logging_mixin.py:190} INFO - Task instance is in running state
[2024-12-19T07:49:18.147+0530] {logging_mixin.py:190} INFO -  Previous state of the Task instance: queued
[2024-12-19T07:49:18.147+0530] {logging_mixin.py:190} INFO - Current task name:create_run_dir state:running start_date:2024-12-19 02:19:17.982918+00:00
[2024-12-19T07:49:18.148+0530] {logging_mixin.py:190} INFO - Dag name:movie_pipeline and current dag run status:running
[2024-12-19T07:49:18.148+0530] {taskinstance.py:731} INFO - ::endgroup::
[2024-12-19T07:49:18.150+0530] {subprocess.py:78} INFO - Tmp dir root location: /var/folders/h6/l2cjrfls77b6_h6zs5w5vn4r0000gn/T
[2024-12-19T07:49:18.151+0530] {subprocess.py:88} INFO - Running command: ['/bin/bash', '-c', '']
[2024-12-19T07:49:18.158+0530] {subprocess.py:99} INFO - Output:
[2024-12-19T07:49:18.162+0530] {subprocess.py:110} INFO - Command exited with return code 0
[2024-12-19T07:49:18.184+0530] {taskinstance.py:340} INFO - ::group::Post task execution logs
[2024-12-19T07:49:18.186+0530] {taskinstance.py:352} INFO - Marking task as SUCCESS. dag_id=movie_pipeline, task_id=create_run_dir, run_id=scheduled__2024-12-18T00:00:00+00:00, execution_date=20241218T000000, start_date=20241219T021917, end_date=20241219T021918
[2024-12-19T07:49:18.198+0530] {logging_mixin.py:190} INFO - Task instance in success state
[2024-12-19T07:49:18.199+0530] {logging_mixin.py:190} INFO -  Previous state of the Task instance: running
[2024-12-19T07:49:18.199+0530] {logging_mixin.py:190} INFO - Dag name:movie_pipeline queued_at:2024-12-19 02:19:09.950992+00:00
[2024-12-19T07:49:18.200+0530] {logging_mixin.py:190} INFO - Task hostname:Jayeshs-MacBook-Air.local operator:BashOperator
[2024-12-19T07:49:18.214+0530] {local_task_job_runner.py:266} INFO - Task exited with return code 0
[2024-12-19T07:49:18.240+0530] {taskinstance.py:3895} INFO - 1 downstream tasks scheduled from follow-on schedule check
[2024-12-19T07:49:18.243+0530] {local_task_job_runner.py:245} INFO - ::endgroup::
[2024-12-19T09:26:01.514+0530] {local_task_job_runner.py:123} INFO - ::group::Pre task execution logs
[2024-12-19T09:26:01.534+0530] {taskinstance.py:2613} INFO - Dependencies all met for dep_context=non-requeueable deps ti=<TaskInstance: movie_pipeline.create_run_dir scheduled__2024-12-18T00:00:00+00:00 [queued]>
[2024-12-19T09:26:01.543+0530] {taskinstance.py:2613} INFO - Dependencies all met for dep_context=requeueable deps ti=<TaskInstance: movie_pipeline.create_run_dir scheduled__2024-12-18T00:00:00+00:00 [queued]>
[2024-12-19T09:26:01.543+0530] {taskinstance.py:2866} INFO - Starting attempt 1 of 1
[2024-12-19T09:26:01.568+0530] {taskinstance.py:2889} INFO - Executing <Task(PythonOperator): create_run_dir> on 2024-12-18 00:00:00+00:00
[2024-12-19T09:26:01.579+0530] {logging_mixin.py:190} WARNING - /Users/jayesh/Desktop/Personal Work/Movie_data_pipeline/.venv/lib/python3.12/site-packages/airflow/task/task_runner/standard_task_runner.py:70 DeprecationWarning: This process (pid=15009) is multi-threaded, use of fork() may lead to deadlocks in the child.
[2024-12-19T09:26:01.581+0530] {standard_task_runner.py:72} INFO - Started process 15016 to run task
[2024-12-19T09:26:01.581+0530] {standard_task_runner.py:104} INFO - Running: ['airflow', 'tasks', 'run', 'movie_pipeline', 'create_run_dir', 'scheduled__2024-12-18T00:00:00+00:00', '--job-id', '217', '--raw', '--subdir', 'DAGS_FOLDER/pipeline_dag.py', '--cfg-path', '/var/folders/h6/l2cjrfls77b6_h6zs5w5vn4r0000gn/T/tmprff4wobv']
[2024-12-19T09:26:01.587+0530] {standard_task_runner.py:105} INFO - Job 217: Subtask create_run_dir
[2024-12-19T09:26:01.660+0530] {task_command.py:467} INFO - Running <TaskInstance: movie_pipeline.create_run_dir scheduled__2024-12-18T00:00:00+00:00 [running]> on host Jayeshs-MacBook-Air.local
[2024-12-19T09:26:01.767+0530] {taskinstance.py:3132} INFO - Exporting env vars: AIRFLOW_CTX_DAG_OWNER='airflow' AIRFLOW_CTX_DAG_ID='movie_pipeline' AIRFLOW_CTX_TASK_ID='create_run_dir' AIRFLOW_CTX_EXECUTION_DATE='2024-12-18T00:00:00+00:00' AIRFLOW_CTX_TRY_NUMBER='1' AIRFLOW_CTX_DAG_RUN_ID='scheduled__2024-12-18T00:00:00+00:00'
[2024-12-19T09:26:01.770+0530] {logging_mixin.py:190} INFO - Task instance is in running state
[2024-12-19T09:26:01.771+0530] {logging_mixin.py:190} INFO -  Previous state of the Task instance: queued
[2024-12-19T09:26:01.772+0530] {logging_mixin.py:190} INFO - Current task name:create_run_dir state:running start_date:2024-12-19 03:56:01.535291+00:00
[2024-12-19T09:26:01.772+0530] {logging_mixin.py:190} INFO - Dag name:movie_pipeline and current dag run status:running
[2024-12-19T09:26:01.773+0530] {taskinstance.py:731} INFO - ::endgroup::
[2024-12-19T09:26:01.775+0530] {python.py:240} INFO - Done. Returned value was: None
[2024-12-19T09:26:01.784+0530] {taskinstance.py:340} INFO - ::group::Post task execution logs
[2024-12-19T09:26:01.786+0530] {taskinstance.py:352} INFO - Marking task as SUCCESS. dag_id=movie_pipeline, task_id=create_run_dir, run_id=scheduled__2024-12-18T00:00:00+00:00, execution_date=20241218T000000, start_date=20241219T035601, end_date=20241219T035601
[2024-12-19T09:26:01.802+0530] {logging_mixin.py:190} INFO - Task instance in success state
[2024-12-19T09:26:01.803+0530] {logging_mixin.py:190} INFO -  Previous state of the Task instance: running
[2024-12-19T09:26:01.804+0530] {logging_mixin.py:190} INFO - Dag name:movie_pipeline queued_at:2024-12-19 03:55:50.471888+00:00
[2024-12-19T09:26:01.805+0530] {logging_mixin.py:190} INFO - Task hostname:Jayeshs-MacBook-Air.local operator:PythonOperator
[2024-12-19T09:26:01.852+0530] {local_task_job_runner.py:266} INFO - Task exited with return code 0
[2024-12-19T09:26:01.884+0530] {taskinstance.py:3895} INFO - 1 downstream tasks scheduled from follow-on schedule check
[2024-12-19T09:26:01.888+0530] {local_task_job_runner.py:245} INFO - ::endgroup::
[2024-12-19T09:30:46.762+0530] {local_task_job_runner.py:123} INFO - ::group::Pre task execution logs
[2024-12-19T09:30:46.778+0530] {taskinstance.py:2613} INFO - Dependencies all met for dep_context=non-requeueable deps ti=<TaskInstance: movie_pipeline.create_run_dir scheduled__2024-12-18T00:00:00+00:00 [queued]>
[2024-12-19T09:30:46.786+0530] {taskinstance.py:2613} INFO - Dependencies all met for dep_context=requeueable deps ti=<TaskInstance: movie_pipeline.create_run_dir scheduled__2024-12-18T00:00:00+00:00 [queued]>
[2024-12-19T09:30:46.787+0530] {taskinstance.py:2866} INFO - Starting attempt 1 of 1
[2024-12-19T09:30:46.818+0530] {taskinstance.py:2889} INFO - Executing <Task(PythonOperator): create_run_dir> on 2024-12-18 00:00:00+00:00
[2024-12-19T09:30:46.828+0530] {logging_mixin.py:190} WARNING - /Users/jayesh/Desktop/Personal Work/Movie_data_pipeline/.venv/lib/python3.12/site-packages/airflow/task/task_runner/standard_task_runner.py:70 DeprecationWarning: This process (pid=15405) is multi-threaded, use of fork() may lead to deadlocks in the child.
[2024-12-19T09:30:46.830+0530] {standard_task_runner.py:72} INFO - Started process 15411 to run task
[2024-12-19T09:30:46.831+0530] {standard_task_runner.py:104} INFO - Running: ['airflow', 'tasks', 'run', 'movie_pipeline', 'create_run_dir', 'scheduled__2024-12-18T00:00:00+00:00', '--job-id', '219', '--raw', '--subdir', 'DAGS_FOLDER/pipeline_dag.py', '--cfg-path', '/var/folders/h6/l2cjrfls77b6_h6zs5w5vn4r0000gn/T/tmpap45y9lx']
[2024-12-19T09:30:46.835+0530] {standard_task_runner.py:105} INFO - Job 219: Subtask create_run_dir
[2024-12-19T09:30:46.896+0530] {task_command.py:467} INFO - Running <TaskInstance: movie_pipeline.create_run_dir scheduled__2024-12-18T00:00:00+00:00 [running]> on host Jayeshs-MacBook-Air.local
[2024-12-19T09:30:46.990+0530] {taskinstance.py:3132} INFO - Exporting env vars: AIRFLOW_CTX_DAG_OWNER='airflow' AIRFLOW_CTX_DAG_ID='movie_pipeline' AIRFLOW_CTX_TASK_ID='create_run_dir' AIRFLOW_CTX_EXECUTION_DATE='2024-12-18T00:00:00+00:00' AIRFLOW_CTX_TRY_NUMBER='1' AIRFLOW_CTX_DAG_RUN_ID='scheduled__2024-12-18T00:00:00+00:00'
[2024-12-19T09:30:46.992+0530] {logging_mixin.py:190} INFO - Task instance is in running state
[2024-12-19T09:30:46.993+0530] {logging_mixin.py:190} INFO -  Previous state of the Task instance: queued
[2024-12-19T09:30:46.997+0530] {logging_mixin.py:190} INFO - Current task name:create_run_dir state:running start_date:2024-12-19 04:00:46.779256+00:00
[2024-12-19T09:30:46.998+0530] {logging_mixin.py:190} INFO - Dag name:movie_pipeline and current dag run status:running
[2024-12-19T09:30:47.002+0530] {taskinstance.py:731} INFO - ::endgroup::
[2024-12-19T09:30:47.007+0530] {python.py:240} INFO - Done. Returned value was: None
[2024-12-19T09:30:47.026+0530] {taskinstance.py:340} INFO - ::group::Post task execution logs
[2024-12-19T09:30:47.028+0530] {taskinstance.py:352} INFO - Marking task as SUCCESS. dag_id=movie_pipeline, task_id=create_run_dir, run_id=scheduled__2024-12-18T00:00:00+00:00, execution_date=20241218T000000, start_date=20241219T040046, end_date=20241219T040047
[2024-12-19T09:30:47.045+0530] {logging_mixin.py:190} INFO - Task instance in success state
[2024-12-19T09:30:47.047+0530] {logging_mixin.py:190} INFO -  Previous state of the Task instance: running
[2024-12-19T09:30:47.048+0530] {logging_mixin.py:190} INFO - Dag name:movie_pipeline queued_at:2024-12-19 04:00:37.809416+00:00
[2024-12-19T09:30:47.049+0530] {logging_mixin.py:190} INFO - Task hostname:Jayeshs-MacBook-Air.local operator:PythonOperator
[2024-12-19T09:30:47.062+0530] {local_task_job_runner.py:266} INFO - Task exited with return code 0
[2024-12-19T09:30:47.105+0530] {taskinstance.py:3895} INFO - 1 downstream tasks scheduled from follow-on schedule check
[2024-12-19T09:30:47.123+0530] {local_task_job_runner.py:245} INFO - ::endgroup::
