[2025-01-09T13:05:16.808+0000] {local_task_job_runner.py:123} INFO - ::group::Pre task execution logs
[2025-01-09T13:05:16.902+0000] {taskinstance.py:2613} INFO - Dependencies all met for dep_context=non-requeueable deps ti=<TaskInstance: movie_pipeline.scrape_genre scheduled__2025-01-08T00:00:00+00:00 [queued]>
[2025-01-09T13:05:16.951+0000] {taskinstance.py:2613} INFO - Dependencies all met for dep_context=requeueable deps ti=<TaskInstance: movie_pipeline.scrape_genre scheduled__2025-01-08T00:00:00+00:00 [queued]>
[2025-01-09T13:05:16.955+0000] {taskinstance.py:2866} INFO - Starting attempt 2 of 1
[2025-01-09T13:05:17.066+0000] {taskinstance.py:2889} INFO - Executing <Task(PythonOperator): scrape_genre> on 2025-01-08 00:00:00+00:00
[2025-01-09T13:05:17.085+0000] {standard_task_runner.py:72} INFO - Started process 179 to run task
[2025-01-09T13:05:17.094+0000] {standard_task_runner.py:104} INFO - Running: ['airflow', 'tasks', 'run', 'movie_pipeline', 'scrape_genre', 'scheduled__2025-01-08T00:00:00+00:00', '--job-id', '146', '--raw', '--subdir', 'DAGS_FOLDER/pipeline_dag.py', '--cfg-path', '/tmp/tmp2dq9sfcm']
[2025-01-09T13:05:17.107+0000] {standard_task_runner.py:105} INFO - Job 146: Subtask scrape_genre
[2025-01-09T13:05:17.405+0000] {task_command.py:467} INFO - Running <TaskInstance: movie_pipeline.scrape_genre scheduled__2025-01-08T00:00:00+00:00 [running]> on host 9e7c3ce90bf3
[2025-01-09T13:05:18.396+0000] {taskinstance.py:3132} INFO - Exporting env vars: AIRFLOW_CTX_DAG_OWNER='airflow' AIRFLOW_CTX_DAG_ID='movie_pipeline' AIRFLOW_CTX_TASK_ID='scrape_genre' AIRFLOW_CTX_EXECUTION_DATE='2025-01-08T00:00:00+00:00' AIRFLOW_CTX_TRY_NUMBER='2' AIRFLOW_CTX_DAG_RUN_ID='scheduled__2025-01-08T00:00:00+00:00'
[2025-01-09T13:05:18.407+0000] {taskinstance.py:731} INFO - ::endgroup::
[2025-01-09T13:05:30.486+0000] {extract.py:235} INFO - movie_iteration: 0, genre_iteration0 for movie_id: tt13186482 and genre_id: in0000092
[2025-01-09T13:06:03.664+0000] {extract.py:235} INFO - movie_iteration: 0, genre_iteration1 for movie_id: tt13186482 and genre_id: in0000028
[2025-01-09T13:06:24.111+0000] {extract.py:235} INFO - movie_iteration: 0, genre_iteration2 for movie_id: tt13186482 and genre_id: in0000012
[2025-01-09T13:07:12.613+0000] {extract.py:235} INFO - movie_iteration: 0, genre_iteration3 for movie_id: tt13186482 and genre_id: in0000026
[2025-01-09T13:07:52.238+0000] {extract.py:235} INFO - movie_iteration: 0, genre_iteration4 for movie_id: tt13186482 and genre_id: in0000076
[2025-01-09T13:08:07.430+0000] {extract.py:235} INFO - movie_iteration: 0, genre_iteration5 for movie_id: tt13186482 and genre_id: in0000093
[2025-01-09T13:08:25.747+0000] {extract.py:235} INFO - movie_iteration: 0, genre_iteration6 for movie_id: tt13186482 and genre_id: in0000098
[2025-01-09T13:08:51.435+0000] {extract.py:235} INFO - movie_iteration: 0, genre_iteration7 for movie_id: tt13186482 and genre_id: in0000133
[2025-01-09T13:09:29.796+0000] {extract.py:235} INFO - movie_iteration: 1, genre_iteration0 for movie_id: tt18259086 and genre_id: in0000092
[2025-01-09T13:09:50.146+0000] {extract.py:235} INFO - movie_iteration: 1, genre_iteration1 for movie_id: tt18259086 and genre_id: in0000016
[2025-01-09T13:10:13.792+0000] {extract.py:235} INFO - movie_iteration: 1, genre_iteration2 for movie_id: tt18259086 and genre_id: in0000008
[2025-01-09T13:10:30.264+0000] {extract.py:235} INFO - movie_iteration: 1, genre_iteration3 for movie_id: tt18259086 and genre_id: in0000099
[2025-01-09T13:10:44.050+0000] {extract.py:235} INFO - movie_iteration: 1, genre_iteration4 for movie_id: tt18259086 and genre_id: in0000001
[2025-01-09T13:10:57.331+0000] {extract.py:235} INFO - movie_iteration: 1, genre_iteration5 for movie_id: tt18259086 and genre_id: in0000012
[2025-01-09T13:11:10.885+0000] {extract.py:235} INFO - movie_iteration: 1, genre_iteration6 for movie_id: tt18259086 and genre_id: in0000034
[2025-01-09T13:11:24.794+0000] {extract.py:235} INFO - movie_iteration: 1, genre_iteration7 for movie_id: tt18259086 and genre_id: in0000093
[2025-01-09T13:11:36.116+0000] {extract.py:235} INFO - movie_iteration: 1, genre_iteration8 for movie_id: tt18259086 and genre_id: in0000098
