[2024-12-27T11:38:57.291+0000] {local_task_job_runner.py:123} INFO - ::group::Pre task execution logs
[2024-12-27T11:38:57.416+0000] {taskinstance.py:2613} INFO - Dependencies all met for dep_context=non-requeueable deps ti=<TaskInstance: movie_pipeline.parse_collection_page manual__2024-12-27T11:38:32.797674+00:00 [queued]>
[2024-12-27T11:38:57.775+0000] {taskinstance.py:2613} INFO - Dependencies all met for dep_context=requeueable deps ti=<TaskInstance: movie_pipeline.parse_collection_page manual__2024-12-27T11:38:32.797674+00:00 [queued]>
[2024-12-27T11:38:57.782+0000] {taskinstance.py:2866} INFO - Starting attempt 1 of 1
[2024-12-27T11:38:57.818+0000] {taskinstance.py:2889} INFO - Executing <Task(PythonOperator): parse_collection_page> on 2024-12-27 11:38:32.797674+00:00
[2024-12-27T11:38:57.834+0000] {standard_task_runner.py:72} INFO - Started process 758 to run task
[2024-12-27T11:38:57.842+0000] {standard_task_runner.py:104} INFO - Running: ['airflow', 'tasks', 'run', 'movie_pipeline', 'parse_collection_page', 'manual__2024-12-27T11:38:32.797674+00:00', '--job-id', '63', '--raw', '--subdir', 'DAGS_FOLDER/pipeline_dag.py', '--cfg-path', '/tmp/tmpp85qsqdg']
[2024-12-27T11:38:57.847+0000] {standard_task_runner.py:105} INFO - Job 63: Subtask parse_collection_page
[2024-12-27T11:38:58.050+0000] {task_command.py:467} INFO - Running <TaskInstance: movie_pipeline.parse_collection_page manual__2024-12-27T11:38:32.797674+00:00 [running]> on host 1712831d7ea4
[2024-12-27T11:38:58.342+0000] {taskinstance.py:3132} INFO - Exporting env vars: AIRFLOW_CTX_DAG_OWNER='airflow' AIRFLOW_CTX_DAG_ID='movie_pipeline' AIRFLOW_CTX_TASK_ID='parse_collection_page' AIRFLOW_CTX_EXECUTION_DATE='2024-12-27T11:38:32.797674+00:00' AIRFLOW_CTX_TRY_NUMBER='1' AIRFLOW_CTX_DAG_RUN_ID='manual__2024-12-27T11:38:32.797674+00:00'
[2024-12-27T11:38:58.347+0000] {taskinstance.py:731} INFO - ::endgroup::
[2024-12-27T11:38:58.513+0000] {parse.py:68} INFO - Row number: 0 in collection page
[2024-12-27T11:38:58.515+0000] {parse.py:68} INFO - Row number: 1 in collection page
[2024-12-27T11:38:58.516+0000] {parse.py:76} INFO - Cell number: 0 in Row number: 1
[2024-12-27T11:38:58.518+0000] {parse.py:76} INFO - Cell number: 1 in Row number: 1
[2024-12-27T11:38:58.520+0000] {parse.py:76} INFO - Cell number: 2 in Row number: 1
[2024-12-27T11:38:58.522+0000] {parse.py:76} INFO - Cell number: 3 in Row number: 1
[2024-12-27T11:38:58.524+0000] {parse.py:76} INFO - Cell number: 4 in Row number: 1
[2024-12-27T11:38:58.525+0000] {parse.py:76} INFO - Cell number: 5 in Row number: 1
[2024-12-27T11:38:58.526+0000] {parse.py:76} INFO - Cell number: 6 in Row number: 1
[2024-12-27T11:38:58.528+0000] {parse.py:76} INFO - Cell number: 7 in Row number: 1
[2024-12-27T11:38:58.529+0000] {parse.py:76} INFO - Cell number: 8 in Row number: 1
[2024-12-27T11:38:58.531+0000] {parse.py:76} INFO - Cell number: 9 in Row number: 1
[2024-12-27T11:38:58.533+0000] {parse.py:76} INFO - Cell number: 10 in Row number: 1
[2024-12-27T11:38:58.534+0000] {parse.py:76} INFO - Cell number: 11 in Row number: 1
[2024-12-27T11:38:58.535+0000] {parse.py:76} INFO - Cell number: 12 in Row number: 1
[2024-12-27T11:38:58.537+0000] {parse.py:68} INFO - Row number: 2 in collection page
[2024-12-27T11:38:58.539+0000] {parse.py:76} INFO - Cell number: 0 in Row number: 2
[2024-12-27T11:38:58.541+0000] {parse.py:76} INFO - Cell number: 1 in Row number: 2
[2024-12-27T11:38:58.542+0000] {parse.py:76} INFO - Cell number: 2 in Row number: 2
[2024-12-27T11:38:58.544+0000] {parse.py:76} INFO - Cell number: 3 in Row number: 2
[2024-12-27T11:38:58.546+0000] {parse.py:76} INFO - Cell number: 4 in Row number: 2
[2024-12-27T11:38:58.548+0000] {parse.py:76} INFO - Cell number: 5 in Row number: 2
[2024-12-27T11:38:58.549+0000] {parse.py:76} INFO - Cell number: 6 in Row number: 2
[2024-12-27T11:38:58.551+0000] {parse.py:76} INFO - Cell number: 7 in Row number: 2
[2024-12-27T11:38:58.552+0000] {parse.py:76} INFO - Cell number: 8 in Row number: 2
[2024-12-27T11:38:58.554+0000] {parse.py:76} INFO - Cell number: 9 in Row number: 2
[2024-12-27T11:38:58.556+0000] {parse.py:76} INFO - Cell number: 10 in Row number: 2
[2024-12-27T11:38:58.557+0000] {parse.py:76} INFO - Cell number: 11 in Row number: 2
[2024-12-27T11:38:58.559+0000] {parse.py:76} INFO - Cell number: 12 in Row number: 2
[2024-12-27T11:38:58.560+0000] {parse.py:68} INFO - Row number: 3 in collection page
[2024-12-27T11:38:58.562+0000] {parse.py:76} INFO - Cell number: 0 in Row number: 3
[2024-12-27T11:38:58.564+0000] {parse.py:76} INFO - Cell number: 1 in Row number: 3
[2024-12-27T11:38:58.566+0000] {parse.py:76} INFO - Cell number: 2 in Row number: 3
[2024-12-27T11:38:58.568+0000] {parse.py:76} INFO - Cell number: 3 in Row number: 3
[2024-12-27T11:38:58.569+0000] {parse.py:76} INFO - Cell number: 4 in Row number: 3
[2024-12-27T11:38:58.573+0000] {parse.py:76} INFO - Cell number: 5 in Row number: 3
[2024-12-27T11:38:58.583+0000] {parse.py:76} INFO - Cell number: 6 in Row number: 3
[2024-12-27T11:38:58.585+0000] {parse.py:76} INFO - Cell number: 7 in Row number: 3
[2024-12-27T11:38:58.592+0000] {parse.py:76} INFO - Cell number: 8 in Row number: 3
[2024-12-27T11:38:58.594+0000] {parse.py:76} INFO - Cell number: 9 in Row number: 3
[2024-12-27T11:38:58.597+0000] {parse.py:76} INFO - Cell number: 10 in Row number: 3
[2024-12-27T11:38:58.599+0000] {parse.py:76} INFO - Cell number: 11 in Row number: 3
[2024-12-27T11:38:58.601+0000] {parse.py:76} INFO - Cell number: 12 in Row number: 3
[2024-12-27T11:38:58.606+0000] {parse.py:68} INFO - Row number: 4 in collection page
[2024-12-27T11:38:58.608+0000] {parse.py:76} INFO - Cell number: 0 in Row number: 4
[2024-12-27T11:38:58.609+0000] {parse.py:76} INFO - Cell number: 1 in Row number: 4
[2024-12-27T11:38:58.611+0000] {parse.py:76} INFO - Cell number: 2 in Row number: 4
[2024-12-27T11:38:58.613+0000] {parse.py:76} INFO - Cell number: 3 in Row number: 4
[2024-12-27T11:38:58.615+0000] {parse.py:76} INFO - Cell number: 4 in Row number: 4
[2024-12-27T11:38:58.617+0000] {parse.py:76} INFO - Cell number: 5 in Row number: 4
[2024-12-27T11:38:58.619+0000] {parse.py:76} INFO - Cell number: 6 in Row number: 4
[2024-12-27T11:38:58.623+0000] {parse.py:76} INFO - Cell number: 7 in Row number: 4
[2024-12-27T11:38:58.624+0000] {parse.py:76} INFO - Cell number: 8 in Row number: 4
[2024-12-27T11:38:58.625+0000] {parse.py:76} INFO - Cell number: 9 in Row number: 4
[2024-12-27T11:38:58.627+0000] {parse.py:76} INFO - Cell number: 10 in Row number: 4
[2024-12-27T11:38:58.629+0000] {parse.py:76} INFO - Cell number: 11 in Row number: 4
[2024-12-27T11:38:58.631+0000] {parse.py:76} INFO - Cell number: 12 in Row number: 4
[2024-12-27T11:38:58.634+0000] {parse.py:68} INFO - Row number: 5 in collection page
[2024-12-27T11:38:58.635+0000] {parse.py:76} INFO - Cell number: 0 in Row number: 5
[2024-12-27T11:38:58.640+0000] {parse.py:76} INFO - Cell number: 1 in Row number: 5
[2024-12-27T11:38:58.642+0000] {parse.py:76} INFO - Cell number: 2 in Row number: 5
[2024-12-27T11:38:58.643+0000] {parse.py:76} INFO - Cell number: 3 in Row number: 5
[2024-12-27T11:38:58.645+0000] {parse.py:76} INFO - Cell number: 4 in Row number: 5
[2024-12-27T11:38:58.647+0000] {parse.py:76} INFO - Cell number: 5 in Row number: 5
[2024-12-27T11:38:58.649+0000] {parse.py:76} INFO - Cell number: 6 in Row number: 5
[2024-12-27T11:38:58.651+0000] {parse.py:76} INFO - Cell number: 7 in Row number: 5
[2024-12-27T11:38:58.652+0000] {parse.py:76} INFO - Cell number: 8 in Row number: 5
[2024-12-27T11:38:58.656+0000] {parse.py:76} INFO - Cell number: 9 in Row number: 5
[2024-12-27T11:38:58.658+0000] {parse.py:76} INFO - Cell number: 10 in Row number: 5
[2024-12-27T11:38:58.659+0000] {parse.py:76} INFO - Cell number: 11 in Row number: 5
[2024-12-27T11:38:58.662+0000] {parse.py:76} INFO - Cell number: 12 in Row number: 5
[2024-12-27T11:38:58.664+0000] {parse.py:68} INFO - Row number: 6 in collection page
[2024-12-27T11:38:58.666+0000] {parse.py:76} INFO - Cell number: 0 in Row number: 6
[2024-12-27T11:38:58.667+0000] {parse.py:76} INFO - Cell number: 1 in Row number: 6
[2024-12-27T11:38:58.669+0000] {parse.py:76} INFO - Cell number: 2 in Row number: 6
[2024-12-27T11:38:58.673+0000] {parse.py:76} INFO - Cell number: 3 in Row number: 6
[2024-12-27T11:38:58.674+0000] {parse.py:76} INFO - Cell number: 4 in Row number: 6
[2024-12-27T11:38:58.675+0000] {parse.py:76} INFO - Cell number: 5 in Row number: 6
[2024-12-27T11:38:58.678+0000] {parse.py:76} INFO - Cell number: 6 in Row number: 6
[2024-12-27T11:38:58.680+0000] {parse.py:76} INFO - Cell number: 7 in Row number: 6
[2024-12-27T11:38:58.681+0000] {parse.py:76} INFO - Cell number: 8 in Row number: 6
[2024-12-27T11:38:58.683+0000] {parse.py:76} INFO - Cell number: 9 in Row number: 6
[2024-12-27T11:38:58.686+0000] {parse.py:76} INFO - Cell number: 10 in Row number: 6
[2024-12-27T11:38:58.689+0000] {parse.py:76} INFO - Cell number: 11 in Row number: 6
[2024-12-27T11:38:58.690+0000] {parse.py:76} INFO - Cell number: 12 in Row number: 6
[2024-12-27T11:38:58.692+0000] {parse.py:68} INFO - Row number: 7 in collection page
[2024-12-27T11:38:58.694+0000] {parse.py:76} INFO - Cell number: 0 in Row number: 7
[2024-12-27T11:38:58.696+0000] {parse.py:76} INFO - Cell number: 1 in Row number: 7
[2024-12-27T11:38:58.698+0000] {parse.py:76} INFO - Cell number: 2 in Row number: 7
[2024-12-27T11:38:58.700+0000] {parse.py:76} INFO - Cell number: 3 in Row number: 7
[2024-12-27T11:38:58.702+0000] {parse.py:76} INFO - Cell number: 4 in Row number: 7
[2024-12-27T11:38:58.705+0000] {parse.py:76} INFO - Cell number: 5 in Row number: 7
[2024-12-27T11:38:58.706+0000] {parse.py:76} INFO - Cell number: 6 in Row number: 7
[2024-12-27T11:38:58.709+0000] {parse.py:76} INFO - Cell number: 7 in Row number: 7
[2024-12-27T11:38:58.711+0000] {parse.py:76} INFO - Cell number: 8 in Row number: 7
[2024-12-27T11:38:58.713+0000] {parse.py:76} INFO - Cell number: 9 in Row number: 7
[2024-12-27T11:38:58.715+0000] {parse.py:76} INFO - Cell number: 10 in Row number: 7
[2024-12-27T11:38:58.717+0000] {parse.py:76} INFO - Cell number: 11 in Row number: 7
[2024-12-27T11:38:58.721+0000] {parse.py:76} INFO - Cell number: 12 in Row number: 7
[2024-12-27T11:38:58.723+0000] {parse.py:68} INFO - Row number: 8 in collection page
[2024-12-27T11:38:58.726+0000] {parse.py:76} INFO - Cell number: 0 in Row number: 8
[2024-12-27T11:38:58.728+0000] {parse.py:76} INFO - Cell number: 1 in Row number: 8
[2024-12-27T11:38:58.730+0000] {parse.py:76} INFO - Cell number: 2 in Row number: 8
[2024-12-27T11:38:58.732+0000] {parse.py:76} INFO - Cell number: 3 in Row number: 8
[2024-12-27T11:38:58.735+0000] {parse.py:76} INFO - Cell number: 4 in Row number: 8
[2024-12-27T11:38:58.738+0000] {parse.py:76} INFO - Cell number: 5 in Row number: 8
[2024-12-27T11:38:58.739+0000] {parse.py:76} INFO - Cell number: 6 in Row number: 8
[2024-12-27T11:38:58.742+0000] {parse.py:76} INFO - Cell number: 7 in Row number: 8
[2024-12-27T11:38:58.743+0000] {parse.py:76} INFO - Cell number: 8 in Row number: 8
[2024-12-27T11:38:58.745+0000] {parse.py:76} INFO - Cell number: 9 in Row number: 8
[2024-12-27T11:38:58.747+0000] {parse.py:76} INFO - Cell number: 10 in Row number: 8
[2024-12-27T11:38:58.749+0000] {parse.py:76} INFO - Cell number: 11 in Row number: 8
[2024-12-27T11:38:58.752+0000] {parse.py:76} INFO - Cell number: 12 in Row number: 8
[2024-12-27T11:38:58.753+0000] {parse.py:68} INFO - Row number: 9 in collection page
[2024-12-27T11:38:58.757+0000] {parse.py:76} INFO - Cell number: 0 in Row number: 9
[2024-12-27T11:38:58.759+0000] {parse.py:76} INFO - Cell number: 1 in Row number: 9
[2024-12-27T11:38:58.760+0000] {parse.py:76} INFO - Cell number: 2 in Row number: 9
[2024-12-27T11:38:58.762+0000] {parse.py:76} INFO - Cell number: 3 in Row number: 9
[2024-12-27T11:38:58.764+0000] {parse.py:76} INFO - Cell number: 4 in Row number: 9
[2024-12-27T11:38:58.765+0000] {parse.py:76} INFO - Cell number: 5 in Row number: 9
[2024-12-27T11:38:58.767+0000] {parse.py:76} INFO - Cell number: 6 in Row number: 9
[2024-12-27T11:38:58.769+0000] {parse.py:76} INFO - Cell number: 7 in Row number: 9
[2024-12-27T11:38:58.772+0000] {parse.py:76} INFO - Cell number: 8 in Row number: 9
[2024-12-27T11:38:58.774+0000] {parse.py:76} INFO - Cell number: 9 in Row number: 9
[2024-12-27T11:38:58.776+0000] {parse.py:76} INFO - Cell number: 10 in Row number: 9
[2024-12-27T11:38:58.778+0000] {parse.py:76} INFO - Cell number: 11 in Row number: 9
[2024-12-27T11:38:58.780+0000] {parse.py:76} INFO - Cell number: 12 in Row number: 9
[2024-12-27T11:38:58.783+0000] {parse.py:68} INFO - Row number: 10 in collection page
[2024-12-27T11:38:58.784+0000] {parse.py:76} INFO - Cell number: 0 in Row number: 10
[2024-12-27T11:38:58.787+0000] {parse.py:76} INFO - Cell number: 1 in Row number: 10
[2024-12-27T11:38:58.789+0000] {parse.py:76} INFO - Cell number: 2 in Row number: 10
[2024-12-27T11:38:58.791+0000] {parse.py:76} INFO - Cell number: 3 in Row number: 10
[2024-12-27T11:38:58.793+0000] {parse.py:76} INFO - Cell number: 4 in Row number: 10
[2024-12-27T11:38:58.795+0000] {parse.py:76} INFO - Cell number: 5 in Row number: 10
[2024-12-27T11:38:58.797+0000] {parse.py:76} INFO - Cell number: 6 in Row number: 10
[2024-12-27T11:38:58.799+0000] {parse.py:76} INFO - Cell number: 7 in Row number: 10
[2024-12-27T11:38:58.801+0000] {parse.py:76} INFO - Cell number: 8 in Row number: 10
[2024-12-27T11:38:58.802+0000] {parse.py:76} INFO - Cell number: 9 in Row number: 10
[2024-12-27T11:38:58.806+0000] {parse.py:76} INFO - Cell number: 10 in Row number: 10
[2024-12-27T11:38:58.808+0000] {parse.py:76} INFO - Cell number: 11 in Row number: 10
[2024-12-27T11:38:58.809+0000] {parse.py:76} INFO - Cell number: 12 in Row number: 10
[2024-12-27T11:38:58.811+0000] {parse.py:68} INFO - Row number: 11 in collection page
[2024-12-27T11:38:58.812+0000] {parse.py:76} INFO - Cell number: 0 in Row number: 11
[2024-12-27T11:38:58.815+0000] {parse.py:76} INFO - Cell number: 1 in Row number: 11
[2024-12-27T11:38:58.817+0000] {parse.py:76} INFO - Cell number: 2 in Row number: 11
[2024-12-27T11:38:58.819+0000] {parse.py:76} INFO - Cell number: 3 in Row number: 11
[2024-12-27T11:38:58.823+0000] {parse.py:76} INFO - Cell number: 4 in Row number: 11
[2024-12-27T11:38:58.825+0000] {parse.py:76} INFO - Cell number: 5 in Row number: 11
[2024-12-27T11:38:58.826+0000] {parse.py:76} INFO - Cell number: 6 in Row number: 11
[2024-12-27T11:38:58.828+0000] {parse.py:76} INFO - Cell number: 7 in Row number: 11
[2024-12-27T11:38:58.831+0000] {parse.py:76} INFO - Cell number: 8 in Row number: 11
[2024-12-27T11:38:58.834+0000] {parse.py:76} INFO - Cell number: 9 in Row number: 11
[2024-12-27T11:38:58.835+0000] {parse.py:76} INFO - Cell number: 10 in Row number: 11
[2024-12-27T11:38:58.839+0000] {parse.py:76} INFO - Cell number: 11 in Row number: 11
[2024-12-27T11:38:58.841+0000] {parse.py:76} INFO - Cell number: 12 in Row number: 11
[2024-12-27T11:38:58.842+0000] {parse.py:68} INFO - Row number: 12 in collection page
[2024-12-27T11:38:58.844+0000] {parse.py:76} INFO - Cell number: 0 in Row number: 12
[2024-12-27T11:38:58.845+0000] {parse.py:76} INFO - Cell number: 1 in Row number: 12
[2024-12-27T11:38:58.848+0000] {parse.py:76} INFO - Cell number: 2 in Row number: 12
[2024-12-27T11:38:58.850+0000] {parse.py:76} INFO - Cell number: 3 in Row number: 12
[2024-12-27T11:38:58.852+0000] {parse.py:76} INFO - Cell number: 4 in Row number: 12
[2024-12-27T11:38:58.856+0000] {parse.py:76} INFO - Cell number: 5 in Row number: 12
[2024-12-27T11:38:58.857+0000] {parse.py:76} INFO - Cell number: 6 in Row number: 12
[2024-12-27T11:38:58.859+0000] {parse.py:76} INFO - Cell number: 7 in Row number: 12
[2024-12-27T11:38:58.860+0000] {parse.py:76} INFO - Cell number: 8 in Row number: 12
[2024-12-27T11:38:58.863+0000] {parse.py:76} INFO - Cell number: 9 in Row number: 12
[2024-12-27T11:38:58.865+0000] {parse.py:76} INFO - Cell number: 10 in Row number: 12
[2024-12-27T11:38:58.867+0000] {parse.py:76} INFO - Cell number: 11 in Row number: 12
[2024-12-27T11:38:58.868+0000] {parse.py:76} INFO - Cell number: 12 in Row number: 12
[2024-12-27T11:38:58.873+0000] {parse.py:68} INFO - Row number: 13 in collection page
[2024-12-27T11:38:58.874+0000] {parse.py:76} INFO - Cell number: 0 in Row number: 13
[2024-12-27T11:38:58.876+0000] {parse.py:76} INFO - Cell number: 1 in Row number: 13
[2024-12-27T11:38:58.878+0000] {parse.py:76} INFO - Cell number: 2 in Row number: 13
[2024-12-27T11:38:58.880+0000] {parse.py:76} INFO - Cell number: 3 in Row number: 13
[2024-12-27T11:38:58.882+0000] {parse.py:76} INFO - Cell number: 4 in Row number: 13
[2024-12-27T11:38:58.884+0000] {parse.py:76} INFO - Cell number: 5 in Row number: 13
[2024-12-27T11:38:58.885+0000] {parse.py:76} INFO - Cell number: 6 in Row number: 13
[2024-12-27T11:38:58.889+0000] {parse.py:76} INFO - Cell number: 7 in Row number: 13
[2024-12-27T11:38:58.890+0000] {parse.py:76} INFO - Cell number: 8 in Row number: 13
[2024-12-27T11:38:58.892+0000] {parse.py:76} INFO - Cell number: 9 in Row number: 13
[2024-12-27T11:38:58.893+0000] {parse.py:76} INFO - Cell number: 10 in Row number: 13
[2024-12-27T11:38:58.895+0000] {parse.py:76} INFO - Cell number: 11 in Row number: 13
[2024-12-27T11:38:58.897+0000] {parse.py:76} INFO - Cell number: 12 in Row number: 13
[2024-12-27T11:38:58.899+0000] {parse.py:68} INFO - Row number: 14 in collection page
[2024-12-27T11:38:58.901+0000] {parse.py:76} INFO - Cell number: 0 in Row number: 14
[2024-12-27T11:38:58.904+0000] {parse.py:76} INFO - Cell number: 1 in Row number: 14
[2024-12-27T11:38:58.906+0000] {parse.py:76} INFO - Cell number: 2 in Row number: 14
[2024-12-27T11:38:58.908+0000] {parse.py:76} INFO - Cell number: 3 in Row number: 14
[2024-12-27T11:38:58.909+0000] {parse.py:76} INFO - Cell number: 4 in Row number: 14
[2024-12-27T11:38:58.912+0000] {parse.py:76} INFO - Cell number: 5 in Row number: 14
[2024-12-27T11:38:58.914+0000] {parse.py:76} INFO - Cell number: 6 in Row number: 14
[2024-12-27T11:38:58.915+0000] {parse.py:76} INFO - Cell number: 7 in Row number: 14
[2024-12-27T11:38:58.917+0000] {parse.py:76} INFO - Cell number: 8 in Row number: 14
[2024-12-27T11:38:58.919+0000] {parse.py:76} INFO - Cell number: 9 in Row number: 14
[2024-12-27T11:38:58.923+0000] {parse.py:76} INFO - Cell number: 10 in Row number: 14
[2024-12-27T11:38:58.924+0000] {parse.py:76} INFO - Cell number: 11 in Row number: 14
[2024-12-27T11:38:58.925+0000] {parse.py:76} INFO - Cell number: 12 in Row number: 14
[2024-12-27T11:38:58.929+0000] {parse.py:68} INFO - Row number: 15 in collection page
[2024-12-27T11:38:58.931+0000] {parse.py:76} INFO - Cell number: 0 in Row number: 15
[2024-12-27T11:38:58.932+0000] {parse.py:76} INFO - Cell number: 1 in Row number: 15
[2024-12-27T11:38:58.933+0000] {parse.py:76} INFO - Cell number: 2 in Row number: 15
[2024-12-27T11:38:58.938+0000] {parse.py:76} INFO - Cell number: 3 in Row number: 15
[2024-12-27T11:38:58.940+0000] {parse.py:76} INFO - Cell number: 4 in Row number: 15
[2024-12-27T11:38:58.942+0000] {parse.py:76} INFO - Cell number: 5 in Row number: 15
[2024-12-27T11:38:58.944+0000] {parse.py:76} INFO - Cell number: 6 in Row number: 15
[2024-12-27T11:38:58.946+0000] {parse.py:76} INFO - Cell number: 7 in Row number: 15
[2024-12-27T11:38:58.948+0000] {parse.py:76} INFO - Cell number: 8 in Row number: 15
[2024-12-27T11:38:58.949+0000] {parse.py:76} INFO - Cell number: 9 in Row number: 15
[2024-12-27T11:38:58.951+0000] {parse.py:76} INFO - Cell number: 10 in Row number: 15
[2024-12-27T11:38:58.955+0000] {parse.py:76} INFO - Cell number: 11 in Row number: 15
[2024-12-27T11:38:58.956+0000] {parse.py:76} INFO - Cell number: 12 in Row number: 15
[2024-12-27T11:38:58.958+0000] {parse.py:68} INFO - Row number: 16 in collection page
[2024-12-27T11:38:58.960+0000] {parse.py:76} INFO - Cell number: 0 in Row number: 16
[2024-12-27T11:38:58.962+0000] {parse.py:76} INFO - Cell number: 1 in Row number: 16
[2024-12-27T11:38:58.964+0000] {parse.py:76} INFO - Cell number: 2 in Row number: 16
[2024-12-27T11:38:58.965+0000] {parse.py:76} INFO - Cell number: 3 in Row number: 16
[2024-12-27T11:38:58.968+0000] {parse.py:76} INFO - Cell number: 4 in Row number: 16
[2024-12-27T11:38:58.971+0000] {parse.py:76} INFO - Cell number: 5 in Row number: 16
[2024-12-27T11:38:58.973+0000] {parse.py:76} INFO - Cell number: 6 in Row number: 16
[2024-12-27T11:38:58.974+0000] {parse.py:76} INFO - Cell number: 7 in Row number: 16
[2024-12-27T11:38:58.977+0000] {parse.py:76} INFO - Cell number: 8 in Row number: 16
[2024-12-27T11:38:58.979+0000] {parse.py:76} INFO - Cell number: 9 in Row number: 16
[2024-12-27T11:38:58.981+0000] {parse.py:76} INFO - Cell number: 10 in Row number: 16
[2024-12-27T11:38:58.983+0000] {parse.py:76} INFO - Cell number: 11 in Row number: 16
[2024-12-27T11:38:58.985+0000] {parse.py:76} INFO - Cell number: 12 in Row number: 16
[2024-12-27T11:38:58.992+0000] {parse.py:68} INFO - Row number: 17 in collection page
[2024-12-27T11:38:58.994+0000] {parse.py:76} INFO - Cell number: 0 in Row number: 17
[2024-12-27T11:38:58.995+0000] {parse.py:76} INFO - Cell number: 1 in Row number: 17
[2024-12-27T11:38:58.997+0000] {parse.py:76} INFO - Cell number: 2 in Row number: 17
[2024-12-27T11:38:59.000+0000] {parse.py:76} INFO - Cell number: 3 in Row number: 17
[2024-12-27T11:38:59.002+0000] {parse.py:76} INFO - Cell number: 4 in Row number: 17
[2024-12-27T11:38:59.006+0000] {parse.py:76} INFO - Cell number: 5 in Row number: 17
[2024-12-27T11:38:59.009+0000] {parse.py:76} INFO - Cell number: 6 in Row number: 17
[2024-12-27T11:38:59.012+0000] {parse.py:76} INFO - Cell number: 7 in Row number: 17
[2024-12-27T11:38:59.014+0000] {parse.py:76} INFO - Cell number: 8 in Row number: 17
[2024-12-27T11:38:59.018+0000] {parse.py:76} INFO - Cell number: 9 in Row number: 17
[2024-12-27T11:38:59.024+0000] {parse.py:76} INFO - Cell number: 10 in Row number: 17
[2024-12-27T11:38:59.026+0000] {parse.py:76} INFO - Cell number: 11 in Row number: 17
[2024-12-27T11:38:59.028+0000] {parse.py:76} INFO - Cell number: 12 in Row number: 17
[2024-12-27T11:38:59.031+0000] {parse.py:68} INFO - Row number: 18 in collection page
[2024-12-27T11:38:59.034+0000] {parse.py:76} INFO - Cell number: 0 in Row number: 18
[2024-12-27T11:38:59.036+0000] {parse.py:76} INFO - Cell number: 1 in Row number: 18
[2024-12-27T11:38:59.044+0000] {parse.py:76} INFO - Cell number: 2 in Row number: 18
[2024-12-27T11:38:59.049+0000] {parse.py:76} INFO - Cell number: 3 in Row number: 18
[2024-12-27T11:38:59.052+0000] {parse.py:76} INFO - Cell number: 4 in Row number: 18
[2024-12-27T11:38:59.056+0000] {parse.py:76} INFO - Cell number: 5 in Row number: 18
[2024-12-27T11:38:59.058+0000] {parse.py:76} INFO - Cell number: 6 in Row number: 18
[2024-12-27T11:38:59.060+0000] {parse.py:76} INFO - Cell number: 7 in Row number: 18
[2024-12-27T11:38:59.062+0000] {parse.py:76} INFO - Cell number: 8 in Row number: 18
[2024-12-27T11:38:59.064+0000] {parse.py:76} INFO - Cell number: 9 in Row number: 18
[2024-12-27T11:38:59.067+0000] {parse.py:76} INFO - Cell number: 10 in Row number: 18
[2024-12-27T11:38:59.068+0000] {parse.py:76} INFO - Cell number: 11 in Row number: 18
[2024-12-27T11:38:59.073+0000] {parse.py:76} INFO - Cell number: 12 in Row number: 18
[2024-12-27T11:38:59.075+0000] {parse.py:68} INFO - Row number: 19 in collection page
[2024-12-27T11:38:59.076+0000] {parse.py:76} INFO - Cell number: 0 in Row number: 19
[2024-12-27T11:38:59.079+0000] {parse.py:76} INFO - Cell number: 1 in Row number: 19
[2024-12-27T11:38:59.082+0000] {parse.py:76} INFO - Cell number: 2 in Row number: 19
[2024-12-27T11:38:59.084+0000] {parse.py:76} INFO - Cell number: 3 in Row number: 19
[2024-12-27T11:38:59.085+0000] {parse.py:76} INFO - Cell number: 4 in Row number: 19
[2024-12-27T11:38:59.090+0000] {parse.py:76} INFO - Cell number: 5 in Row number: 19
[2024-12-27T11:38:59.092+0000] {parse.py:76} INFO - Cell number: 6 in Row number: 19
[2024-12-27T11:38:59.100+0000] {parse.py:76} INFO - Cell number: 7 in Row number: 19
[2024-12-27T11:38:59.119+0000] {parse.py:76} INFO - Cell number: 8 in Row number: 19
[2024-12-27T11:38:59.126+0000] {parse.py:76} INFO - Cell number: 9 in Row number: 19
[2024-12-27T11:38:59.130+0000] {parse.py:76} INFO - Cell number: 10 in Row number: 19
[2024-12-27T11:38:59.132+0000] {parse.py:76} INFO - Cell number: 11 in Row number: 19
[2024-12-27T11:38:59.134+0000] {parse.py:76} INFO - Cell number: 12 in Row number: 19
[2024-12-27T11:38:59.138+0000] {parse.py:68} INFO - Row number: 20 in collection page
[2024-12-27T11:38:59.146+0000] {parse.py:76} INFO - Cell number: 0 in Row number: 20
[2024-12-27T11:38:59.149+0000] {parse.py:76} INFO - Cell number: 1 in Row number: 20
[2024-12-27T11:38:59.152+0000] {parse.py:76} INFO - Cell number: 2 in Row number: 20
[2024-12-27T11:38:59.163+0000] {parse.py:76} INFO - Cell number: 3 in Row number: 20
[2024-12-27T11:38:59.166+0000] {parse.py:76} INFO - Cell number: 4 in Row number: 20
[2024-12-27T11:38:59.184+0000] {parse.py:76} INFO - Cell number: 5 in Row number: 20
[2024-12-27T11:38:59.192+0000] {parse.py:76} INFO - Cell number: 6 in Row number: 20
[2024-12-27T11:38:59.196+0000] {parse.py:76} INFO - Cell number: 7 in Row number: 20
[2024-12-27T11:38:59.200+0000] {parse.py:76} INFO - Cell number: 8 in Row number: 20
[2024-12-27T11:38:59.215+0000] {parse.py:76} INFO - Cell number: 9 in Row number: 20
[2024-12-27T11:38:59.217+0000] {parse.py:76} INFO - Cell number: 10 in Row number: 20
[2024-12-27T11:38:59.219+0000] {parse.py:76} INFO - Cell number: 11 in Row number: 20
[2024-12-27T11:38:59.223+0000] {parse.py:76} INFO - Cell number: 12 in Row number: 20
[2024-12-27T11:38:59.225+0000] {parse.py:68} INFO - Row number: 21 in collection page
[2024-12-27T11:38:59.227+0000] {parse.py:76} INFO - Cell number: 0 in Row number: 21
[2024-12-27T11:38:59.229+0000] {parse.py:76} INFO - Cell number: 1 in Row number: 21
[2024-12-27T11:38:59.231+0000] {parse.py:76} INFO - Cell number: 2 in Row number: 21
[2024-12-27T11:38:59.234+0000] {parse.py:76} INFO - Cell number: 3 in Row number: 21
[2024-12-27T11:38:59.240+0000] {parse.py:76} INFO - Cell number: 4 in Row number: 21
[2024-12-27T11:38:59.242+0000] {parse.py:76} INFO - Cell number: 5 in Row number: 21
[2024-12-27T11:38:59.244+0000] {parse.py:76} INFO - Cell number: 6 in Row number: 21
[2024-12-27T11:38:59.246+0000] {parse.py:76} INFO - Cell number: 7 in Row number: 21
[2024-12-27T11:38:59.248+0000] {parse.py:76} INFO - Cell number: 8 in Row number: 21
[2024-12-27T11:38:59.252+0000] {parse.py:76} INFO - Cell number: 9 in Row number: 21
[2024-12-27T11:38:59.259+0000] {parse.py:76} INFO - Cell number: 10 in Row number: 21
[2024-12-27T11:38:59.266+0000] {parse.py:76} INFO - Cell number: 11 in Row number: 21
[2024-12-27T11:38:59.269+0000] {parse.py:76} INFO - Cell number: 12 in Row number: 21
[2024-12-27T11:38:59.274+0000] {parse.py:68} INFO - Row number: 22 in collection page
[2024-12-27T11:38:59.276+0000] {parse.py:76} INFO - Cell number: 0 in Row number: 22
[2024-12-27T11:38:59.281+0000] {parse.py:76} INFO - Cell number: 1 in Row number: 22
[2024-12-27T11:38:59.283+0000] {parse.py:76} INFO - Cell number: 2 in Row number: 22
[2024-12-27T11:38:59.305+0000] {parse.py:76} INFO - Cell number: 3 in Row number: 22
[2024-12-27T11:38:59.317+0000] {parse.py:76} INFO - Cell number: 4 in Row number: 22
[2024-12-27T11:38:59.350+0000] {parse.py:76} INFO - Cell number: 5 in Row number: 22
[2024-12-27T11:38:59.356+0000] {parse.py:76} INFO - Cell number: 6 in Row number: 22
[2024-12-27T11:38:59.363+0000] {parse.py:76} INFO - Cell number: 7 in Row number: 22
[2024-12-27T11:38:59.366+0000] {parse.py:76} INFO - Cell number: 8 in Row number: 22
[2024-12-27T11:38:59.369+0000] {parse.py:76} INFO - Cell number: 9 in Row number: 22
[2024-12-27T11:38:59.372+0000] {parse.py:76} INFO - Cell number: 10 in Row number: 22
[2024-12-27T11:38:59.374+0000] {parse.py:76} INFO - Cell number: 11 in Row number: 22
[2024-12-27T11:38:59.375+0000] {parse.py:76} INFO - Cell number: 12 in Row number: 22
[2024-12-27T11:38:59.377+0000] {parse.py:68} INFO - Row number: 23 in collection page
[2024-12-27T11:38:59.379+0000] {parse.py:76} INFO - Cell number: 0 in Row number: 23
[2024-12-27T11:38:59.382+0000] {parse.py:76} INFO - Cell number: 1 in Row number: 23
[2024-12-27T11:38:59.383+0000] {parse.py:76} INFO - Cell number: 2 in Row number: 23
[2024-12-27T11:38:59.385+0000] {parse.py:76} INFO - Cell number: 3 in Row number: 23
[2024-12-27T11:38:59.389+0000] {parse.py:76} INFO - Cell number: 4 in Row number: 23
[2024-12-27T11:38:59.391+0000] {parse.py:76} INFO - Cell number: 5 in Row number: 23
[2024-12-27T11:38:59.393+0000] {parse.py:76} INFO - Cell number: 6 in Row number: 23
[2024-12-27T11:38:59.395+0000] {parse.py:76} INFO - Cell number: 7 in Row number: 23
[2024-12-27T11:38:59.397+0000] {parse.py:76} INFO - Cell number: 8 in Row number: 23
[2024-12-27T11:38:59.398+0000] {parse.py:76} INFO - Cell number: 9 in Row number: 23
[2024-12-27T11:38:59.400+0000] {parse.py:76} INFO - Cell number: 10 in Row number: 23
[2024-12-27T11:38:59.403+0000] {parse.py:76} INFO - Cell number: 11 in Row number: 23
[2024-12-27T11:38:59.415+0000] {parse.py:76} INFO - Cell number: 12 in Row number: 23
[2024-12-27T11:38:59.423+0000] {parse.py:97} INFO - collection page parsed for run date: 2024-12-25 and saved to path: run_20241225/collection_parsed_20241225.json
[2024-12-27T11:38:59.428+0000] {python.py:240} INFO - Done. Returned value was: run_20241225/collection_parsed_20241225.json
[2024-12-27T11:38:59.579+0000] {taskinstance.py:340} INFO - ::group::Post task execution logs
[2024-12-27T11:38:59.581+0000] {taskinstance.py:352} INFO - Marking task as SUCCESS. dag_id=movie_pipeline, task_id=parse_collection_page, run_id=manual__2024-12-27T11:38:32.797674+00:00, execution_date=20241227T113832, start_date=20241227T113857, end_date=20241227T113859
[2024-12-27T11:38:59.625+0000] {local_task_job_runner.py:266} INFO - Task exited with return code 0
[2024-12-27T11:38:59.741+0000] {taskinstance.py:3895} INFO - 1 downstream tasks scheduled from follow-on schedule check
[2024-12-27T11:38:59.745+0000] {local_task_job_runner.py:245} INFO - ::endgroup::
