[2024-12-18T17:33:45.455+0530] {local_task_job_runner.py:123} INFO - ::group::Pre task execution logs
[2024-12-18T17:33:45.466+0530] {taskinstance.py:2613} INFO - Dependencies all met for dep_context=non-requeueable deps ti=<TaskInstance: movie_pipeline.scrape_collection_page scheduled__2024-12-17T01:30:00+00:00 [queued]>
[2024-12-18T17:33:45.476+0530] {taskinstance.py:2613} INFO - Dependencies all met for dep_context=requeueable deps ti=<TaskInstance: movie_pipeline.scrape_collection_page scheduled__2024-12-17T01:30:00+00:00 [queued]>
[2024-12-18T17:33:45.477+0530] {taskinstance.py:2866} INFO - Starting attempt 1 of 1
[2024-12-18T17:33:45.489+0530] {taskinstance.py:2889} INFO - Executing <Task(PythonOperator): scrape_collection_page> on 2024-12-17 01:30:00+00:00
[2024-12-18T17:33:45.497+0530] {logging_mixin.py:190} WARNING - /Users/jayesh/Desktop/Personal Work/Movie_data_pipeline/.venv/lib/python3.12/site-packages/airflow/task/task_runner/standard_task_runner.py:70 DeprecationWarning: This process (pid=56455) is multi-threaded, use of fork() may lead to deadlocks in the child.
[2024-12-18T17:33:45.499+0530] {standard_task_runner.py:72} INFO - Started process 56495 to run task
[2024-12-18T17:33:45.499+0530] {standard_task_runner.py:104} INFO - Running: ['airflow', 'tasks', 'run', 'movie_pipeline', 'scrape_collection_page', 'scheduled__2024-12-17T01:30:00+00:00', '--job-id', '175', '--raw', '--subdir', 'DAGS_FOLDER/pipeline_dag.py', '--cfg-path', '/var/folders/h6/l2cjrfls77b6_h6zs5w5vn4r0000gn/T/tmpqxwb46kl']
[2024-12-18T17:33:45.503+0530] {standard_task_runner.py:105} INFO - Job 175: Subtask scrape_collection_page
[2024-12-18T17:33:45.556+0530] {task_command.py:467} INFO - Running <TaskInstance: movie_pipeline.scrape_collection_page scheduled__2024-12-17T01:30:00+00:00 [running]> on host Jayeshs-MacBook-Air.local
[2024-12-18T17:33:45.621+0530] {taskinstance.py:3132} INFO - Exporting env vars: AIRFLOW_CTX_DAG_OWNER='airflow' AIRFLOW_CTX_DAG_ID='movie_pipeline' AIRFLOW_CTX_TASK_ID='scrape_collection_page' AIRFLOW_CTX_EXECUTION_DATE='2024-12-17T01:30:00+00:00' AIRFLOW_CTX_TRY_NUMBER='1' AIRFLOW_CTX_DAG_RUN_ID='scheduled__2024-12-17T01:30:00+00:00'
[2024-12-18T17:33:45.623+0530] {logging_mixin.py:190} INFO - Task instance is in running state
[2024-12-18T17:33:45.624+0530] {logging_mixin.py:190} INFO -  Previous state of the Task instance: queued
[2024-12-18T17:33:45.624+0530] {logging_mixin.py:190} INFO - Current task name:scrape_collection_page state:running start_date:2024-12-18 12:03:45.467092+00:00
[2024-12-18T17:33:45.625+0530] {logging_mixin.py:190} INFO - Dag name:movie_pipeline and current dag run status:running
[2024-12-18T17:33:45.626+0530] {taskinstance.py:731} INFO - ::endgroup::
[2024-12-18T17:33:45.627+0530] {logging_mixin.py:190} INFO - The date to extract: 2024-12-17
[2024-12-18T17:33:45.628+0530] {python.py:240} INFO - Done. Returned value was: None
[2024-12-18T17:33:45.634+0530] {taskinstance.py:340} INFO - ::group::Post task execution logs
[2024-12-18T17:33:45.635+0530] {taskinstance.py:352} INFO - Marking task as SUCCESS. dag_id=movie_pipeline, task_id=scrape_collection_page, run_id=scheduled__2024-12-17T01:30:00+00:00, execution_date=20241217T013000, start_date=20241218T120345, end_date=20241218T120345
[2024-12-18T17:33:45.647+0530] {logging_mixin.py:190} INFO - Task instance in success state
[2024-12-18T17:33:45.648+0530] {logging_mixin.py:190} INFO -  Previous state of the Task instance: running
[2024-12-18T17:33:45.648+0530] {logging_mixin.py:190} INFO - Dag name:movie_pipeline queued_at:2024-12-18 12:03:32.374018+00:00
[2024-12-18T17:33:45.649+0530] {logging_mixin.py:190} INFO - Task hostname:Jayeshs-MacBook-Air.local operator:PythonOperator
[2024-12-18T17:33:45.691+0530] {local_task_job_runner.py:266} INFO - Task exited with return code 0
[2024-12-18T17:33:45.712+0530] {taskinstance.py:3895} INFO - 0 downstream tasks scheduled from follow-on schedule check
[2024-12-18T17:33:45.713+0530] {local_task_job_runner.py:245} INFO - ::endgroup::
