[2024-12-16T11:13:59.938+0530] {local_task_job_runner.py:123} INFO - ::group::Pre task execution logs
[2024-12-16T11:13:59.955+0530] {taskinstance.py:2613} INFO - Dependencies all met for dep_context=non-requeueable deps ti=<TaskInstance: movie_pipeline.date_render manual__2024-12-16T05:43:30.137729+00:00 [queued]>
[2024-12-16T11:13:59.972+0530] {taskinstance.py:2613} INFO - Dependencies all met for dep_context=requeueable deps ti=<TaskInstance: movie_pipeline.date_render manual__2024-12-16T05:43:30.137729+00:00 [queued]>
[2024-12-16T11:13:59.973+0530] {taskinstance.py:2866} INFO - Starting attempt 1 of 1
[2024-12-16T11:13:59.990+0530] {taskinstance.py:2889} INFO - Executing <Task(_PythonDecoratedOperator): date_render> on 2024-12-16 05:43:30.137729+00:00
[2024-12-16T11:14:00.000+0530] {logging_mixin.py:190} WARNING - /Users/jayesh/Desktop/Personal Work/Movie_data_pipeline/.venv/lib/python3.12/site-packages/airflow/task/task_runner/standard_task_runner.py:70 DeprecationWarning: This process (pid=4593) is multi-threaded, use of fork() may lead to deadlocks in the child.
[2024-12-16T11:14:00.003+0530] {standard_task_runner.py:72} INFO - Started process 4599 to run task
[2024-12-16T11:14:00.007+0530] {standard_task_runner.py:104} INFO - Running: ['airflow', 'tasks', 'run', 'movie_pipeline', 'date_render', 'manual__2024-12-16T05:43:30.137729+00:00', '--job-id', '98', '--raw', '--subdir', 'DAGS_FOLDER/pipeline_dag.py', '--cfg-path', '/var/folders/h6/l2cjrfls77b6_h6zs5w5vn4r0000gn/T/tmp53znfy5y']
[2024-12-16T11:14:00.012+0530] {standard_task_runner.py:105} INFO - Job 98: Subtask date_render
[2024-12-16T11:14:00.083+0530] {task_command.py:467} INFO - Running <TaskInstance: movie_pipeline.date_render manual__2024-12-16T05:43:30.137729+00:00 [running]> on host Jayeshs-MacBook-Air.local
[2024-12-16T11:14:00.205+0530] {taskinstance.py:3132} INFO - Exporting env vars: AIRFLOW_CTX_DAG_OWNER='airflow' AIRFLOW_CTX_DAG_ID='movie_pipeline' AIRFLOW_CTX_TASK_ID='date_render' AIRFLOW_CTX_EXECUTION_DATE='2024-12-16T05:43:30.137729+00:00' AIRFLOW_CTX_TRY_NUMBER='1' AIRFLOW_CTX_DAG_RUN_ID='manual__2024-12-16T05:43:30.137729+00:00'
[2024-12-16T11:14:00.207+0530] {logging_mixin.py:190} INFO - Task instance is in running state
[2024-12-16T11:14:00.209+0530] {logging_mixin.py:190} INFO -  Previous state of the Task instance: queued
[2024-12-16T11:14:00.209+0530] {logging_mixin.py:190} INFO - Current task name:date_render state:running start_date:2024-12-16 05:43:59.956588+00:00
[2024-12-16T11:14:00.210+0530] {logging_mixin.py:190} INFO - Dag name:movie_pipeline and current dag run status:running
[2024-12-16T11:14:00.211+0530] {taskinstance.py:731} INFO - ::endgroup::
[2024-12-16T11:14:00.219+0530] {logging_mixin.py:190} WARNING - /Users/jayesh/Desktop/Personal Work/Movie_data_pipeline/.venv/lib/python3.12/site-packages/airflow/utils/operator_helpers.py:175 AirflowContextDeprecationWarning: Accessing 'execution_date' from the template is deprecated and will be removed in a future version. Please use 'data_interval_start' or 'logical_date' instead.
[2024-12-16T11:14:00.220+0530] {logging_mixin.py:190} INFO - The start date is: 2024-12-16 11:13:30.137729+05:30
[2024-12-16T11:14:00.221+0530] {python.py:240} INFO - Done. Returned value was: success
[2024-12-16T11:14:00.243+0530] {taskinstance.py:340} INFO - ::group::Post task execution logs
[2024-12-16T11:14:00.244+0530] {taskinstance.py:352} INFO - Marking task as SUCCESS. dag_id=movie_pipeline, task_id=date_render, run_id=manual__2024-12-16T05:43:30.137729+00:00, execution_date=20241216T054330, start_date=20241216T054359, end_date=20241216T054400
[2024-12-16T11:14:00.258+0530] {logging_mixin.py:190} INFO - Task instance in success state
[2024-12-16T11:14:00.258+0530] {logging_mixin.py:190} INFO -  Previous state of the Task instance: running
[2024-12-16T11:14:00.259+0530] {logging_mixin.py:190} INFO - Dag name:movie_pipeline queued_at:2024-12-16 05:43:30.164610+00:00
[2024-12-16T11:14:00.259+0530] {logging_mixin.py:190} INFO - Task hostname:Jayeshs-MacBook-Air.local operator:_PythonDecoratedOperator
[2024-12-16T11:14:00.284+0530] {local_task_job_runner.py:266} INFO - Task exited with return code 0
[2024-12-16T11:14:00.308+0530] {taskinstance.py:3895} INFO - 0 downstream tasks scheduled from follow-on schedule check
[2024-12-16T11:14:00.309+0530] {local_task_job_runner.py:245} INFO - ::endgroup::
