[2024-12-12T22:44:37.887+0530] {local_task_job_runner.py:123} INFO - ::group::Pre task execution logs
[2024-12-12T22:44:37.903+0530] {taskinstance.py:2613} INFO - Dependencies all met for dep_context=non-requeueable deps ti=<TaskInstance: tutorial.templated backfill__2015-06-02T00:00:00+00:00 [queued]>
[2024-12-12T22:44:37.912+0530] {taskinstance.py:2613} INFO - Dependencies all met for dep_context=requeueable deps ti=<TaskInstance: tutorial.templated backfill__2015-06-02T00:00:00+00:00 [queued]>
[2024-12-12T22:44:37.912+0530] {taskinstance.py:2866} INFO - Starting attempt 1 of 2
[2024-12-12T22:44:37.937+0530] {taskinstance.py:2889} INFO - Executing <Task(BashOperator): templated> on 2015-06-02 00:00:00+00:00
[2024-12-12T22:44:37.954+0530] {logging_mixin.py:190} WARNING - /Users/jayesh/Desktop/Personal Work/Movie_data_pipeline/.venv/lib/python3.12/site-packages/airflow/task/task_runner/standard_task_runner.py:70 DeprecationWarning: This process (pid=48796) is multi-threaded, use of fork() may lead to deadlocks in the child.
[2024-12-12T22:44:37.956+0530] {standard_task_runner.py:72} INFO - Started process 48810 to run task
[2024-12-12T22:44:37.959+0530] {standard_task_runner.py:104} INFO - Running: ['airflow', 'tasks', 'run', 'tutorial', 'templated', 'backfill__2015-06-02T00:00:00+00:00', '--job-id', '27', '--pool', 'default_pool', '--raw', '--subdir', '/Users/jayesh/Desktop/Personal Work/Movie_data_pipeline/.venv/lib/python3.12/site-packages/airflow/example_dags/tutorial.py', '--cfg-path', '/var/folders/h6/l2cjrfls77b6_h6zs5w5vn4r0000gn/T/tmpajtrv07k']
[2024-12-12T22:44:37.969+0530] {standard_task_runner.py:105} INFO - Job 27: Subtask templated
[2024-12-12T22:44:38.076+0530] {task_command.py:467} INFO - Running <TaskInstance: tutorial.templated backfill__2015-06-02T00:00:00+00:00 [running]> on host Jayeshs-MacBook-Air.local
[2024-12-12T22:44:38.285+0530] {taskinstance.py:3132} INFO - Exporting env vars: AIRFLOW_CTX_DAG_EMAIL='airflow@example.com' AIRFLOW_CTX_DAG_OWNER='airflow' AIRFLOW_CTX_DAG_ID='tutorial' AIRFLOW_CTX_TASK_ID='templated' AIRFLOW_CTX_EXECUTION_DATE='2015-06-02T00:00:00+00:00' AIRFLOW_CTX_TRY_NUMBER='1' AIRFLOW_CTX_DAG_RUN_ID='backfill__2015-06-02T00:00:00+00:00'
[2024-12-12T22:44:38.289+0530] {logging_mixin.py:190} INFO - Task instance is in running state
[2024-12-12T22:44:38.295+0530] {logging_mixin.py:190} INFO -  Previous state of the Task instance: queued
[2024-12-12T22:44:38.298+0530] {logging_mixin.py:190} INFO - Current task name:templated state:running start_date:2024-12-12 17:14:37.904104+00:00
[2024-12-12T22:44:38.300+0530] {logging_mixin.py:190} INFO - Dag name:tutorial and current dag run status:running
[2024-12-12T22:44:38.301+0530] {taskinstance.py:731} INFO - ::endgroup::
[2024-12-12T22:44:38.303+0530] {subprocess.py:78} INFO - Tmp dir root location: /var/folders/h6/l2cjrfls77b6_h6zs5w5vn4r0000gn/T
[2024-12-12T22:44:38.312+0530] {subprocess.py:88} INFO - Running command: ['/bin/bash', '-c', '\n\n    echo "2015-06-02"\n    echo "2015-06-09"\n\n    echo "2015-06-02"\n    echo "2015-06-09"\n\n    echo "2015-06-02"\n    echo "2015-06-09"\n\n    echo "2015-06-02"\n    echo "2015-06-09"\n\n    echo "2015-06-02"\n    echo "2015-06-09"\n']
[2024-12-12T22:44:38.329+0530] {subprocess.py:99} INFO - Output:
[2024-12-12T22:44:38.337+0530] {subprocess.py:106} INFO - 2015-06-02
[2024-12-12T22:44:38.338+0530] {subprocess.py:106} INFO - 2015-06-09
[2024-12-12T22:44:38.340+0530] {subprocess.py:106} INFO - 2015-06-02
[2024-12-12T22:44:38.341+0530] {subprocess.py:106} INFO - 2015-06-09
[2024-12-12T22:44:38.347+0530] {subprocess.py:106} INFO - 2015-06-02
[2024-12-12T22:44:38.348+0530] {subprocess.py:106} INFO - 2015-06-09
[2024-12-12T22:44:38.350+0530] {subprocess.py:106} INFO - 2015-06-02
[2024-12-12T22:44:38.351+0530] {subprocess.py:106} INFO - 2015-06-09
[2024-12-12T22:44:38.352+0530] {subprocess.py:106} INFO - 2015-06-02
[2024-12-12T22:44:38.353+0530] {subprocess.py:106} INFO - 2015-06-09
[2024-12-12T22:44:38.353+0530] {subprocess.py:110} INFO - Command exited with return code 0
[2024-12-12T22:44:38.377+0530] {taskinstance.py:340} INFO - ::group::Post task execution logs
[2024-12-12T22:44:38.379+0530] {taskinstance.py:352} INFO - Marking task as SUCCESS. dag_id=tutorial, task_id=templated, run_id=backfill__2015-06-02T00:00:00+00:00, execution_date=20150602T000000, start_date=20241212T171437, end_date=20241212T171438
[2024-12-12T22:44:38.502+0530] {logging_mixin.py:190} INFO - Task instance in success state
[2024-12-12T22:44:38.503+0530] {logging_mixin.py:190} INFO -  Previous state of the Task instance: running
[2024-12-12T22:44:38.505+0530] {logging_mixin.py:190} INFO - Dag name:tutorial queued_at:None
[2024-12-12T22:44:38.509+0530] {logging_mixin.py:190} INFO - Task hostname:Jayeshs-MacBook-Air.local operator:BashOperator
[2024-12-12T22:44:38.555+0530] {local_task_job_runner.py:266} INFO - Task exited with return code 0
[2024-12-12T22:44:38.671+0530] {taskinstance.py:3895} INFO - 0 downstream tasks scheduled from follow-on schedule check
[2024-12-12T22:44:38.674+0530] {local_task_job_runner.py:245} INFO - ::endgroup::
