[2024-12-12T18:18:48.857+0530] {local_task_job_runner.py:123} INFO - ::group::Pre task execution logs
[2024-12-12T18:18:48.871+0530] {taskinstance.py:2613} INFO - Dependencies all met for dep_context=non-requeueable deps ti=<TaskInstance: tutorial.print_date manual__2024-12-12T12:48:33.735789+00:00 [queued]>
[2024-12-12T18:18:48.880+0530] {taskinstance.py:2613} INFO - Dependencies all met for dep_context=requeueable deps ti=<TaskInstance: tutorial.print_date manual__2024-12-12T12:48:33.735789+00:00 [queued]>
[2024-12-12T18:18:48.881+0530] {taskinstance.py:2866} INFO - Starting attempt 1 of 2
[2024-12-12T18:18:48.894+0530] {taskinstance.py:2889} INFO - Executing <Task(BashOperator): print_date> on 2024-12-12 12:48:33.735789+00:00
[2024-12-12T18:18:48.903+0530] {logging_mixin.py:190} WARNING - /Users/jayesh/Desktop/Personal Work/Movie_data_pipeline/.venv/lib/python3.12/site-packages/airflow/task/task_runner/standard_task_runner.py:70 DeprecationWarning: This process (pid=27467) is multi-threaded, use of fork() may lead to deadlocks in the child.
[2024-12-12T18:18:48.905+0530] {standard_task_runner.py:72} INFO - Started process 27473 to run task
[2024-12-12T18:18:48.907+0530] {standard_task_runner.py:104} INFO - Running: ['airflow', 'tasks', 'run', 'tutorial', 'print_date', 'manual__2024-12-12T12:48:33.735789+00:00', '--job-id', '8', '--raw', '--subdir', '/Users/jayesh/Desktop/Personal Work/Movie_data_pipeline/.venv/lib/python3.12/site-packages/airflow/example_dags/tutorial.py', '--cfg-path', '/var/folders/h6/l2cjrfls77b6_h6zs5w5vn4r0000gn/T/tmpk0nlrjev']
[2024-12-12T18:18:48.915+0530] {standard_task_runner.py:105} INFO - Job 8: Subtask print_date
[2024-12-12T18:18:48.979+0530] {task_command.py:467} INFO - Running <TaskInstance: tutorial.print_date manual__2024-12-12T12:48:33.735789+00:00 [running]> on host Jayeshs-MacBook-Air.local
[2024-12-12T18:18:49.131+0530] {taskinstance.py:3132} INFO - Exporting env vars: AIRFLOW_CTX_DAG_EMAIL='airflow@example.com' AIRFLOW_CTX_DAG_OWNER='airflow' AIRFLOW_CTX_DAG_ID='tutorial' AIRFLOW_CTX_TASK_ID='print_date' AIRFLOW_CTX_EXECUTION_DATE='2024-12-12T12:48:33.735789+00:00' AIRFLOW_CTX_TRY_NUMBER='1' AIRFLOW_CTX_DAG_RUN_ID='manual__2024-12-12T12:48:33.735789+00:00'
[2024-12-12T18:18:49.135+0530] {logging_mixin.py:190} INFO - Task instance is in running state
[2024-12-12T18:18:49.136+0530] {logging_mixin.py:190} INFO -  Previous state of the Task instance: queued
[2024-12-12T18:18:49.136+0530] {logging_mixin.py:190} INFO - Current task name:print_date state:running start_date:2024-12-12 12:48:48.871867+00:00
[2024-12-12T18:18:49.137+0530] {logging_mixin.py:190} INFO - Dag name:tutorial and current dag run status:running
[2024-12-12T18:18:49.138+0530] {taskinstance.py:731} INFO - ::endgroup::
[2024-12-12T18:18:49.139+0530] {subprocess.py:78} INFO - Tmp dir root location: /var/folders/h6/l2cjrfls77b6_h6zs5w5vn4r0000gn/T
[2024-12-12T18:18:49.140+0530] {subprocess.py:88} INFO - Running command: ['/bin/bash', '-c', 'date']
[2024-12-12T18:18:49.169+0530] {subprocess.py:99} INFO - Output:
[2024-12-12T18:18:49.186+0530] {subprocess.py:106} INFO - Thu Dec 12 18:18:49 IST 2024
[2024-12-12T18:18:49.187+0530] {subprocess.py:110} INFO - Command exited with return code 0
[2024-12-12T18:18:49.220+0530] {taskinstance.py:340} INFO - ::group::Post task execution logs
[2024-12-12T18:18:49.221+0530] {taskinstance.py:352} INFO - Marking task as SUCCESS. dag_id=tutorial, task_id=print_date, run_id=manual__2024-12-12T12:48:33.735789+00:00, execution_date=20241212T124833, start_date=20241212T124848, end_date=20241212T124849
[2024-12-12T18:18:49.239+0530] {logging_mixin.py:190} INFO - Task instance in success state
[2024-12-12T18:18:49.241+0530] {logging_mixin.py:190} INFO -  Previous state of the Task instance: running
[2024-12-12T18:18:49.242+0530] {logging_mixin.py:190} INFO - Dag name:tutorial queued_at:2024-12-12 12:48:33.797289+00:00
[2024-12-12T18:18:49.242+0530] {logging_mixin.py:190} INFO - Task hostname:Jayeshs-MacBook-Air.local operator:BashOperator
[2024-12-12T18:18:49.268+0530] {local_task_job_runner.py:266} INFO - Task exited with return code 0
[2024-12-12T18:18:49.298+0530] {taskinstance.py:3895} INFO - 2 downstream tasks scheduled from follow-on schedule check
[2024-12-12T18:18:49.301+0530] {local_task_job_runner.py:245} INFO - ::endgroup::
