[2025-01-10T11:48:48.845+0000] {local_task_job_runner.py:123} INFO - ::group::Pre task execution logs
[2025-01-10T11:48:49.115+0000] {taskinstance.py:2613} INFO - Dependencies all met for dep_context=non-requeueable deps ti=<TaskInstance: movie_pipeline.scrape_filmmakers scheduled__2025-01-08T00:00:00+00:00 [queued]>
[2025-01-10T11:48:49.228+0000] {taskinstance.py:2613} INFO - Dependencies all met for dep_context=requeueable deps ti=<TaskInstance: movie_pipeline.scrape_filmmakers scheduled__2025-01-08T00:00:00+00:00 [queued]>
[2025-01-10T11:48:49.351+0000] {taskinstance.py:2866} INFO - Starting attempt 5 of 1
[2025-01-10T11:48:49.679+0000] {taskinstance.py:2889} INFO - Executing <Task(PythonOperator): scrape_filmmakers> on 2025-01-08 00:00:00+00:00
[2025-01-10T11:48:49.752+0000] {standard_task_runner.py:72} INFO - Started process 184 to run task
[2025-01-10T11:48:49.764+0000] {standard_task_runner.py:104} INFO - Running: ['airflow', 'tasks', 'run', 'movie_pipeline', 'scrape_filmmakers', 'scheduled__2025-01-08T00:00:00+00:00', '--job-id', '190', '--raw', '--subdir', 'DAGS_FOLDER/pipeline_dag.py', '--cfg-path', '/tmp/tmpn64_k0jj']
[2025-01-10T11:48:49.804+0000] {standard_task_runner.py:105} INFO - Job 190: Subtask scrape_filmmakers
[2025-01-10T11:48:50.613+0000] {task_command.py:467} INFO - Running <TaskInstance: movie_pipeline.scrape_filmmakers scheduled__2025-01-08T00:00:00+00:00 [running]> on host 4c5be024ee58
[2025-01-10T11:48:52.085+0000] {taskinstance.py:3132} INFO - Exporting env vars: AIRFLOW_CTX_DAG_OWNER='airflow' AIRFLOW_CTX_DAG_ID='movie_pipeline' AIRFLOW_CTX_TASK_ID='scrape_filmmakers' AIRFLOW_CTX_EXECUTION_DATE='2025-01-08T00:00:00+00:00' AIRFLOW_CTX_TRY_NUMBER='5' AIRFLOW_CTX_DAG_RUN_ID='scheduled__2025-01-08T00:00:00+00:00'
[2025-01-10T11:48:52.094+0000] {taskinstance.py:731} INFO - ::endgroup::
[2025-01-10T11:48:59.783+0000] {extract.py:152} INFO - movie iteration 0 and filmamker iteration 0 for movie_id : tt13186482 and filmmaker_id: nm1503575
[2025-01-10T11:49:39.545+0000] {extract.py:152} INFO - movie iteration 0 and filmamker iteration 1 for movie_id : tt13186482 and filmmaker_id: nm0622288
[2025-01-10T11:50:39.354+0000] {extract.py:152} INFO - movie iteration 0 and filmamker iteration 2 for movie_id : tt13186482 and filmmaker_id: nm0941314
[2025-01-10T11:51:40.083+0000] {extract.py:152} INFO - movie iteration 0 and filmamker iteration 3 for movie_id : tt13186482 and filmmaker_id: nm0575293
[2025-01-10T11:52:37.234+0000] {extract.py:152} INFO - movie iteration 0 and filmamker iteration 4 for movie_id : tt13186482 and filmmaker_id: nm7543974
[2025-01-10T11:53:16.470+0000] {extract.py:152} INFO - movie iteration 0 and filmamker iteration 5 for movie_id : tt13186482 and filmmaker_id: nm5123156
[2025-01-10T11:54:00.770+0000] {extract.py:152} INFO - movie iteration 0 and filmamker iteration 6 for movie_id : tt13186482 and filmmaker_id: nm2274707
[2025-01-10T11:54:33.086+0000] {extract.py:152} INFO - movie iteration 1 and filmamker iteration 0 for movie_id : tt18259086 and filmmaker_id: nm1733778
[2025-01-10T11:54:58.547+0000] {extract.py:152} INFO - movie iteration 1 and filmamker iteration 1 for movie_id : tt18259086 and filmmaker_id: nm1352459
[2025-01-10T11:55:25.680+0000] {extract.py:152} INFO - movie iteration 1 and filmamker iteration 2 for movie_id : tt18259086 and filmmaker_id: nm1351254
[2025-01-10T11:55:44.979+0000] {extract.py:152} INFO - movie iteration 1 and filmamker iteration 3 for movie_id : tt18259086 and filmmaker_id: nm4465847
[2025-01-10T11:56:02.275+0000] {extract.py:152} INFO - movie iteration 1 and filmamker iteration 4 for movie_id : tt18259086 and filmmaker_id: nm0000120
[2025-01-10T11:56:29.897+0000] {extract.py:152} INFO - movie iteration 1 and filmamker iteration 5 for movie_id : tt18259086 and filmmaker_id: nm2355635
[2025-01-10T11:57:16.074+0000] {extract.py:152} INFO - movie iteration 1 and filmamker iteration 6 for movie_id : tt18259086 and filmmaker_id: nm0000206
[2025-01-10T11:58:01.061+0000] {extract.py:152} INFO - movie iteration 2 and filmamker iteration 0 for movie_id : tt5040012 and filmmaker_id: nm3211470
