[2025-01-09T12:34:21.426+0000] {local_task_job_runner.py:123} INFO - ::group::Pre task execution logs
[2025-01-09T12:34:21.590+0000] {taskinstance.py:2613} INFO - Dependencies all met for dep_context=non-requeueable deps ti=<TaskInstance: movie_pipeline.scrape_filmmakers scheduled__2025-01-08T00:00:00+00:00 [queued]>
[2025-01-09T12:34:21.649+0000] {taskinstance.py:2613} INFO - Dependencies all met for dep_context=requeueable deps ti=<TaskInstance: movie_pipeline.scrape_filmmakers scheduled__2025-01-08T00:00:00+00:00 [queued]>
[2025-01-09T12:34:21.650+0000] {taskinstance.py:2866} INFO - Starting attempt 1 of 1
[2025-01-09T12:34:21.725+0000] {taskinstance.py:2889} INFO - Executing <Task(PythonOperator): scrape_filmmakers> on 2025-01-08 00:00:00+00:00
[2025-01-09T12:34:21.736+0000] {standard_task_runner.py:72} INFO - Started process 1356 to run task
[2025-01-09T12:34:21.750+0000] {standard_task_runner.py:104} INFO - Running: ['airflow', 'tasks', 'run', 'movie_pipeline', 'scrape_filmmakers', 'scheduled__2025-01-08T00:00:00+00:00', '--job-id', '143', '--raw', '--subdir', 'DAGS_FOLDER/pipeline_dag.py', '--cfg-path', '/tmp/tmpyqyko4nm']
[2025-01-09T12:34:21.756+0000] {standard_task_runner.py:105} INFO - Job 143: Subtask scrape_filmmakers
[2025-01-09T12:34:22.074+0000] {task_command.py:467} INFO - Running <TaskInstance: movie_pipeline.scrape_filmmakers scheduled__2025-01-08T00:00:00+00:00 [running]> on host 78b847e880a5
[2025-01-09T12:34:23.003+0000] {taskinstance.py:3132} INFO - Exporting env vars: AIRFLOW_CTX_DAG_OWNER='airflow' AIRFLOW_CTX_DAG_ID='movie_pipeline' AIRFLOW_CTX_TASK_ID='scrape_filmmakers' AIRFLOW_CTX_EXECUTION_DATE='2025-01-08T00:00:00+00:00' AIRFLOW_CTX_TRY_NUMBER='1' AIRFLOW_CTX_DAG_RUN_ID='scheduled__2025-01-08T00:00:00+00:00'
[2025-01-09T12:34:23.026+0000] {taskinstance.py:731} INFO - ::endgroup::
[2025-01-09T12:34:27.426+0000] {extract.py:152} INFO - movie iteration 0 and filmamker iteration 0 for movie_id : tt13186482 and filmmaker_id: nm1503575
[2025-01-09T12:36:22.224+0000] {extract.py:152} INFO - movie iteration 0 and filmamker iteration 1 for movie_id : tt13186482 and filmmaker_id: nm0622288
[2025-01-09T12:37:15.466+0000] {extract.py:152} INFO - movie iteration 0 and filmamker iteration 2 for movie_id : tt13186482 and filmmaker_id: nm0941314
[2025-01-09T12:38:44.933+0000] {extract.py:152} INFO - movie iteration 0 and filmamker iteration 3 for movie_id : tt13186482 and filmmaker_id: nm0575293
[2025-01-09T12:39:52.123+0000] {extract.py:152} INFO - movie iteration 0 and filmamker iteration 4 for movie_id : tt13186482 and filmmaker_id: nm7543974
[2025-01-09T12:40:29.728+0000] {extract.py:152} INFO - movie iteration 0 and filmamker iteration 5 for movie_id : tt13186482 and filmmaker_id: nm5123156
[2025-01-09T12:41:14.037+0000] {extract.py:152} INFO - movie iteration 0 and filmamker iteration 6 for movie_id : tt13186482 and filmmaker_id: nm2274707
[2025-01-09T12:42:45.037+0000] {extract.py:152} INFO - movie iteration 1 and filmamker iteration 0 for movie_id : tt18259086 and filmmaker_id: nm1733778
[2025-01-09T12:43:23.049+0000] {extract.py:152} INFO - movie iteration 1 and filmamker iteration 1 for movie_id : tt18259086 and filmmaker_id: nm1352459
[2025-01-09T12:44:04.965+0000] {extract.py:152} INFO - movie iteration 1 and filmamker iteration 2 for movie_id : tt18259086 and filmmaker_id: nm1351254
[2025-01-09T12:44:42.140+0000] {extract.py:152} INFO - movie iteration 1 and filmamker iteration 3 for movie_id : tt18259086 and filmmaker_id: nm4465847
[2025-01-09T12:45:12.887+0000] {extract.py:152} INFO - movie iteration 1 and filmamker iteration 4 for movie_id : tt18259086 and filmmaker_id: nm0000120
[2025-01-09T12:46:40.716+0000] {extract.py:152} INFO - movie iteration 1 and filmamker iteration 5 for movie_id : tt18259086 and filmmaker_id: nm2355635
[2025-01-09T12:47:46.589+0000] {job.py:229} INFO - Heartbeat recovered after 13.94 seconds
[2025-01-09T12:48:34.473+0000] {extract.py:152} INFO - movie iteration 1 and filmamker iteration 6 for movie_id : tt18259086 and filmmaker_id: nm0000206
[2025-01-09T12:49:22.540+0000] {extract.py:152} INFO - movie iteration 2 and filmamker iteration 0 for movie_id : tt5040012 and filmmaker_id: nm3211470
[2025-01-09T12:49:47.360+0000] {extract.py:152} INFO - movie iteration 2 and filmamker iteration 1 for movie_id : tt5040012 and filmmaker_id: nm3211470
[2025-01-09T12:50:08.994+0000] {extract.py:152} INFO - movie iteration 2 and filmamker iteration 2 for movie_id : tt5040012 and filmmaker_id: nm0301961
[2025-01-09T12:50:34.181+0000] {extract.py:152} INFO - movie iteration 2 and filmamker iteration 3 for movie_id : tt5040012 and filmmaker_id: nm0831290
[2025-01-09T12:51:07.813+0000] {extract.py:152} INFO - movie iteration 2 and filmamker iteration 4 for movie_id : tt5040012 and filmmaker_id: nm6675440
[2025-01-09T12:51:49.946+0000] {extract.py:152} INFO - movie iteration 2 and filmamker iteration 5 for movie_id : tt5040012 and filmmaker_id: nm0396558
[2025-01-09T12:53:21.356+0000] {extract.py:152} INFO - movie iteration 2 and filmamker iteration 6 for movie_id : tt5040012 and filmmaker_id: nm0803889
[2025-01-09T12:54:09.613+0000] {extract.py:152} INFO - movie iteration 3 and filmamker iteration 0 for movie_id : tt13622970 and filmmaker_id: nm3989471
[2025-01-09T12:54:42.471+0000] {extract.py:152} INFO - movie iteration 3 and filmamker iteration 1 for movie_id : tt13622970 and filmmaker_id: nm2911364
[2025-01-09T12:55:25.359+0000] {extract.py:152} INFO - movie iteration 3 and filmamker iteration 2 for movie_id : tt13622970 and filmmaker_id: nm2834849
