[2025-01-09T13:05:16.912+0000] {local_task_job_runner.py:123} INFO - ::group::Pre task execution logs
[2025-01-09T13:05:17.054+0000] {taskinstance.py:2613} INFO - Dependencies all met for dep_context=non-requeueable deps ti=<TaskInstance: movie_pipeline.scrape_filmmakers scheduled__2025-01-08T00:00:00+00:00 [queued]>
[2025-01-09T13:05:17.120+0000] {taskinstance.py:2613} INFO - Dependencies all met for dep_context=requeueable deps ti=<TaskInstance: movie_pipeline.scrape_filmmakers scheduled__2025-01-08T00:00:00+00:00 [queued]>
[2025-01-09T13:05:17.138+0000] {taskinstance.py:2866} INFO - Starting attempt 2 of 1
[2025-01-09T13:05:17.210+0000] {taskinstance.py:2889} INFO - Executing <Task(PythonOperator): scrape_filmmakers> on 2025-01-08 00:00:00+00:00
[2025-01-09T13:05:17.224+0000] {standard_task_runner.py:72} INFO - Started process 181 to run task
[2025-01-09T13:05:17.236+0000] {standard_task_runner.py:104} INFO - Running: ['airflow', 'tasks', 'run', 'movie_pipeline', 'scrape_filmmakers', 'scheduled__2025-01-08T00:00:00+00:00', '--job-id', '147', '--raw', '--subdir', 'DAGS_FOLDER/pipeline_dag.py', '--cfg-path', '/tmp/tmpjf5bjkxm']
[2025-01-09T13:05:17.251+0000] {standard_task_runner.py:105} INFO - Job 147: Subtask scrape_filmmakers
[2025-01-09T13:05:17.570+0000] {task_command.py:467} INFO - Running <TaskInstance: movie_pipeline.scrape_filmmakers scheduled__2025-01-08T00:00:00+00:00 [running]> on host 9e7c3ce90bf3
[2025-01-09T13:05:18.454+0000] {taskinstance.py:3132} INFO - Exporting env vars: AIRFLOW_CTX_DAG_OWNER='airflow' AIRFLOW_CTX_DAG_ID='movie_pipeline' AIRFLOW_CTX_TASK_ID='scrape_filmmakers' AIRFLOW_CTX_EXECUTION_DATE='2025-01-08T00:00:00+00:00' AIRFLOW_CTX_TRY_NUMBER='2' AIRFLOW_CTX_DAG_RUN_ID='scheduled__2025-01-08T00:00:00+00:00'
[2025-01-09T13:05:18.458+0000] {taskinstance.py:731} INFO - ::endgroup::
[2025-01-09T13:05:30.495+0000] {extract.py:152} INFO - movie iteration 0 and filmamker iteration 0 for movie_id : tt13186482 and filmmaker_id: nm1503575
[2025-01-09T13:06:17.634+0000] {extract.py:152} INFO - movie iteration 0 and filmamker iteration 1 for movie_id : tt13186482 and filmmaker_id: nm0622288
[2025-01-09T13:07:40.580+0000] {extract.py:152} INFO - movie iteration 0 and filmamker iteration 2 for movie_id : tt13186482 and filmmaker_id: nm0941314
[2025-01-09T13:08:14.296+0000] {extract.py:152} INFO - movie iteration 0 and filmamker iteration 3 for movie_id : tt13186482 and filmmaker_id: nm0575293
[2025-01-09T13:08:50.604+0000] {extract.py:152} INFO - movie iteration 0 and filmamker iteration 4 for movie_id : tt13186482 and filmmaker_id: nm7543974
[2025-01-09T13:09:38.828+0000] {extract.py:152} INFO - movie iteration 0 and filmamker iteration 5 for movie_id : tt13186482 and filmmaker_id: nm5123156
[2025-01-09T13:10:25.559+0000] {extract.py:152} INFO - movie iteration 0 and filmamker iteration 6 for movie_id : tt13186482 and filmmaker_id: nm2274707
[2025-01-09T13:10:48.658+0000] {extract.py:152} INFO - movie iteration 1 and filmamker iteration 0 for movie_id : tt18259086 and filmmaker_id: nm1733778
[2025-01-09T13:11:10.644+0000] {extract.py:152} INFO - movie iteration 1 and filmamker iteration 1 for movie_id : tt18259086 and filmmaker_id: nm1352459
[2025-01-09T13:11:33.890+0000] {extract.py:152} INFO - movie iteration 1 and filmamker iteration 2 for movie_id : tt18259086 and filmmaker_id: nm1351254
