[2025-01-16T15:29:37.167+0000] {local_task_job_runner.py:123} INFO - ::group::Pre task execution logs
[2025-01-16T15:29:37.221+0000] {taskinstance.py:2613} INFO - Dependencies all met for dep_context=non-requeueable deps ti=<TaskInstance: movie_pipeline.parse_movies manual__2025-01-16T04:38:13.822674+00:00 [queued]>
[2025-01-16T15:29:37.241+0000] {taskinstance.py:2613} INFO - Dependencies all met for dep_context=requeueable deps ti=<TaskInstance: movie_pipeline.parse_movies manual__2025-01-16T04:38:13.822674+00:00 [queued]>
[2025-01-16T15:29:37.243+0000] {taskinstance.py:2866} INFO - Starting attempt 1 of 1
[2025-01-16T15:29:37.306+0000] {taskinstance.py:2889} INFO - Executing <Task(PythonOperator): parse_movies> on 2025-01-16 04:38:13.822674+00:00
[2025-01-16T15:29:37.362+0000] {standard_task_runner.py:72} INFO - Started process 1757 to run task
[2025-01-16T15:29:37.381+0000] {standard_task_runner.py:104} INFO - Running: ['airflow', 'tasks', 'run', 'movie_pipeline', 'parse_movies', 'manual__2025-01-16T04:38:13.822674+00:00', '--job-id', '37', '--raw', '--subdir', 'DAGS_FOLDER/pipeline_dag.py', '--cfg-path', '/tmp/tmplm9hogoy']
[2025-01-16T15:29:37.456+0000] {standard_task_runner.py:105} INFO - Job 37: Subtask parse_movies
[2025-01-16T15:29:37.979+0000] {task_command.py:467} INFO - Running <TaskInstance: movie_pipeline.parse_movies manual__2025-01-16T04:38:13.822674+00:00 [running]> on host 2dad824ef9ce
[2025-01-16T15:29:39.078+0000] {taskinstance.py:3132} INFO - Exporting env vars: AIRFLOW_CTX_DAG_OWNER='airflow' AIRFLOW_CTX_DAG_ID='movie_pipeline' AIRFLOW_CTX_TASK_ID='parse_movies' AIRFLOW_CTX_EXECUTION_DATE='2025-01-16T04:38:13.822674+00:00' AIRFLOW_CTX_TRY_NUMBER='1' AIRFLOW_CTX_DAG_RUN_ID='manual__2025-01-16T04:38:13.822674+00:00'
[2025-01-16T15:29:39.092+0000] {taskinstance.py:731} INFO - ::endgroup::
[2025-01-16T15:29:51.973+0000] {parse.py:111} INFO - Parsing movie_id: tt13186482
[2025-01-16T15:29:52.886+0000] {parse.py:175} ERROR - time data 'Dec 20, 2024' does not match format '%d-%b-%Y'
Traceback (most recent call last):
  File "/opt/src/extract_scripts/parse.py", line 169, in movie_parser
    movie_data_dict['release_date_id']=str(datetime.strptime(release_date,"%d-%b-%Y").date()).replace('-','')
  File "/usr/local/lib/python3.9/_strptime.py", line 568, in _strptime_datetime
    tt, fraction, gmtoff_fraction = _strptime(data_string, format)
  File "/usr/local/lib/python3.9/_strptime.py", line 349, in _strptime
    raise ValueError("time data %r does not match format %r" %
ValueError: time data 'Dec 20, 2024' does not match format '%d-%b-%Y'
[2025-01-16T15:29:52.894+0000] {parse.py:177} WARNING - movie_id: tt13186482, release_date_id set to NONE
[2025-01-16T15:29:52.957+0000] {parse.py:111} INFO - Parsing movie_id: tt8008948
[2025-01-16T15:29:53.355+0000] {parse.py:175} ERROR - time data 'Jan 10, 2025' does not match format '%d-%b-%Y'
Traceback (most recent call last):
  File "/opt/src/extract_scripts/parse.py", line 169, in movie_parser
    movie_data_dict['release_date_id']=str(datetime.strptime(release_date,"%d-%b-%Y").date()).replace('-','')
  File "/usr/local/lib/python3.9/_strptime.py", line 568, in _strptime_datetime
    tt, fraction, gmtoff_fraction = _strptime(data_string, format)
  File "/usr/local/lib/python3.9/_strptime.py", line 349, in _strptime
    raise ValueError("time data %r does not match format %r" %
ValueError: time data 'Jan 10, 2025' does not match format '%d-%b-%Y'
[2025-01-16T15:29:53.357+0000] {parse.py:177} WARNING - movie_id: tt8008948, release_date_id set to NONE
[2025-01-16T15:29:53.448+0000] {parse.py:111} INFO - Parsing movie_id: tt18259086
[2025-01-16T15:29:54.289+0000] {parse.py:175} ERROR - time data 'Dec 20, 2024' does not match format '%d-%b-%Y'
Traceback (most recent call last):
  File "/opt/src/extract_scripts/parse.py", line 169, in movie_parser
    movie_data_dict['release_date_id']=str(datetime.strptime(release_date,"%d-%b-%Y").date()).replace('-','')
  File "/usr/local/lib/python3.9/_strptime.py", line 568, in _strptime_datetime
    tt, fraction, gmtoff_fraction = _strptime(data_string, format)
  File "/usr/local/lib/python3.9/_strptime.py", line 349, in _strptime
    raise ValueError("time data %r does not match format %r" %
ValueError: time data 'Dec 20, 2024' does not match format '%d-%b-%Y'
[2025-01-16T15:29:54.291+0000] {parse.py:177} WARNING - movie_id: tt18259086, release_date_id set to NONE
[2025-01-16T15:29:54.368+0000] {parse.py:111} INFO - Parsing movie_id: tt5040012
[2025-01-16T15:29:54.898+0000] {parse.py:175} ERROR - time data 'Dec 25, 2024' does not match format '%d-%b-%Y'
Traceback (most recent call last):
  File "/opt/src/extract_scripts/parse.py", line 169, in movie_parser
    movie_data_dict['release_date_id']=str(datetime.strptime(release_date,"%d-%b-%Y").date()).replace('-','')
  File "/usr/local/lib/python3.9/_strptime.py", line 568, in _strptime_datetime
    tt, fraction, gmtoff_fraction = _strptime(data_string, format)
  File "/usr/local/lib/python3.9/_strptime.py", line 349, in _strptime
    raise ValueError("time data %r does not match format %r" %
ValueError: time data 'Dec 25, 2024' does not match format '%d-%b-%Y'
[2025-01-16T15:29:54.900+0000] {parse.py:177} WARNING - movie_id: tt5040012, release_date_id set to NONE
[2025-01-16T15:29:54.953+0000] {parse.py:111} INFO - Parsing movie_id: tt11563598
[2025-01-16T15:29:55.784+0000] {parse.py:175} ERROR - time data 'Dec 25, 2024' does not match format '%d-%b-%Y'
Traceback (most recent call last):
  File "/opt/src/extract_scripts/parse.py", line 169, in movie_parser
    movie_data_dict['release_date_id']=str(datetime.strptime(release_date,"%d-%b-%Y").date()).replace('-','')
  File "/usr/local/lib/python3.9/_strptime.py", line 568, in _strptime_datetime
    tt, fraction, gmtoff_fraction = _strptime(data_string, format)
  File "/usr/local/lib/python3.9/_strptime.py", line 349, in _strptime
    raise ValueError("time data %r does not match format %r" %
ValueError: time data 'Dec 25, 2024' does not match format '%d-%b-%Y'
[2025-01-16T15:29:55.786+0000] {parse.py:177} WARNING - movie_id: tt11563598, release_date_id set to NONE
[2025-01-16T15:29:55.835+0000] {parse.py:111} INFO - Parsing movie_id: tt1262426
[2025-01-16T15:29:56.164+0000] {parse.py:175} ERROR - time data 'Nov 22, 2024' does not match format '%d-%b-%Y'
Traceback (most recent call last):
  File "/opt/src/extract_scripts/parse.py", line 169, in movie_parser
    movie_data_dict['release_date_id']=str(datetime.strptime(release_date,"%d-%b-%Y").date()).replace('-','')
  File "/usr/local/lib/python3.9/_strptime.py", line 568, in _strptime_datetime
    tt, fraction, gmtoff_fraction = _strptime(data_string, format)
  File "/usr/local/lib/python3.9/_strptime.py", line 349, in _strptime
    raise ValueError("time data %r does not match format %r" %
ValueError: time data 'Nov 22, 2024' does not match format '%d-%b-%Y'
[2025-01-16T15:29:56.166+0000] {parse.py:177} WARNING - movie_id: tt1262426, release_date_id set to NONE
[2025-01-16T15:29:56.215+0000] {parse.py:111} INFO - Parsing movie_id: tt13622970
[2025-01-16T15:29:56.839+0000] {parse.py:175} ERROR - time data 'Nov 27, 2024' does not match format '%d-%b-%Y'
Traceback (most recent call last):
  File "/opt/src/extract_scripts/parse.py", line 169, in movie_parser
    movie_data_dict['release_date_id']=str(datetime.strptime(release_date,"%d-%b-%Y").date()).replace('-','')
  File "/usr/local/lib/python3.9/_strptime.py", line 568, in _strptime_datetime
    tt, fraction, gmtoff_fraction = _strptime(data_string, format)
  File "/usr/local/lib/python3.9/_strptime.py", line 349, in _strptime
    raise ValueError("time data %r does not match format %r" %
ValueError: time data 'Nov 27, 2024' does not match format '%d-%b-%Y'
[2025-01-16T15:29:56.841+0000] {parse.py:177} WARNING - movie_id: tt13622970, release_date_id set to NONE
[2025-01-16T15:29:56.894+0000] {parse.py:111} INFO - Parsing movie_id: tt9218128
[2025-01-16T15:29:57.491+0000] {parse.py:175} ERROR - time data 'Nov 22, 2024' does not match format '%d-%b-%Y'
Traceback (most recent call last):
  File "/opt/src/extract_scripts/parse.py", line 169, in movie_parser
    movie_data_dict['release_date_id']=str(datetime.strptime(release_date,"%d-%b-%Y").date()).replace('-','')
  File "/usr/local/lib/python3.9/_strptime.py", line 568, in _strptime_datetime
    tt, fraction, gmtoff_fraction = _strptime(data_string, format)
  File "/usr/local/lib/python3.9/_strptime.py", line 349, in _strptime
    raise ValueError("time data %r does not match format %r" %
ValueError: time data 'Nov 22, 2024' does not match format '%d-%b-%Y'
[2025-01-16T15:29:57.496+0000] {parse.py:177} WARNING - movie_id: tt9218128, release_date_id set to NONE
[2025-01-16T15:29:57.561+0000] {parse.py:111} INFO - Parsing movie_id: tt29137778
[2025-01-16T15:29:58.803+0000] {parse.py:175} ERROR - time data 'Dec 20, 2024' does not match format '%d-%b-%Y'
Traceback (most recent call last):
  File "/opt/src/extract_scripts/parse.py", line 169, in movie_parser
    movie_data_dict['release_date_id']=str(datetime.strptime(release_date,"%d-%b-%Y").date()).replace('-','')
  File "/usr/local/lib/python3.9/_strptime.py", line 568, in _strptime_datetime
    tt, fraction, gmtoff_fraction = _strptime(data_string, format)
  File "/usr/local/lib/python3.9/_strptime.py", line 349, in _strptime
    raise ValueError("time data %r does not match format %r" %
ValueError: time data 'Dec 20, 2024' does not match format '%d-%b-%Y'
[2025-01-16T15:29:58.805+0000] {parse.py:177} WARNING - movie_id: tt29137778, release_date_id set to NONE
[2025-01-16T15:29:58.871+0000] {parse.py:111} INFO - Parsing movie_id: tt14260836
[2025-01-16T15:29:59.378+0000] {parse.py:175} ERROR - time data 'Dec 25, 2024 (Jan 10, 2025)' does not match format '%d-%b-%Y'
Traceback (most recent call last):
  File "/opt/src/extract_scripts/parse.py", line 169, in movie_parser
    movie_data_dict['release_date_id']=str(datetime.strptime(release_date,"%d-%b-%Y").date()).replace('-','')
  File "/usr/local/lib/python3.9/_strptime.py", line 568, in _strptime_datetime
    tt, fraction, gmtoff_fraction = _strptime(data_string, format)
  File "/usr/local/lib/python3.9/_strptime.py", line 349, in _strptime
    raise ValueError("time data %r does not match format %r" %
ValueError: time data 'Dec 25, 2024 (Jan 10, 2025)' does not match format '%d-%b-%Y'
[2025-01-16T15:29:59.380+0000] {parse.py:177} WARNING - movie_id: tt14260836, release_date_id set to NONE
[2025-01-16T15:29:59.444+0000] {parse.py:111} INFO - Parsing movie_id: tt6133444
[2025-01-16T15:29:59.880+0000] {parse.py:175} ERROR - time data 'Dec 25, 2024' does not match format '%d-%b-%Y'
Traceback (most recent call last):
  File "/opt/src/extract_scripts/parse.py", line 169, in movie_parser
    movie_data_dict['release_date_id']=str(datetime.strptime(release_date,"%d-%b-%Y").date()).replace('-','')
  File "/usr/local/lib/python3.9/_strptime.py", line 568, in _strptime_datetime
    tt, fraction, gmtoff_fraction = _strptime(data_string, format)
  File "/usr/local/lib/python3.9/_strptime.py", line 349, in _strptime
    raise ValueError("time data %r does not match format %r" %
ValueError: time data 'Dec 25, 2024' does not match format '%d-%b-%Y'
[2025-01-16T15:29:59.882+0000] {parse.py:177} WARNING - movie_id: tt6133444, release_date_id set to NONE
[2025-01-16T15:29:59.950+0000] {parse.py:111} INFO - Parsing movie_id: tt8790086
[2025-01-16T15:30:00.592+0000] {parse.py:175} ERROR - time data 'Dec 13, 2024' does not match format '%d-%b-%Y'
Traceback (most recent call last):
  File "/opt/src/extract_scripts/parse.py", line 169, in movie_parser
    movie_data_dict['release_date_id']=str(datetime.strptime(release_date,"%d-%b-%Y").date()).replace('-','')
  File "/usr/local/lib/python3.9/_strptime.py", line 568, in _strptime_datetime
    tt, fraction, gmtoff_fraction = _strptime(data_string, format)
  File "/usr/local/lib/python3.9/_strptime.py", line 349, in _strptime
    raise ValueError("time data %r does not match format %r" %
ValueError: time data 'Dec 13, 2024' does not match format '%d-%b-%Y'
[2025-01-16T15:30:00.593+0000] {parse.py:177} WARNING - movie_id: tt8790086, release_date_id set to NONE
[2025-01-16T15:30:00.647+0000] {parse.py:111} INFO - Parsing movie_id: tt23055660
[2025-01-16T15:30:01.365+0000] {parse.py:175} ERROR - time data 'Dec 13, 2024' does not match format '%d-%b-%Y'
Traceback (most recent call last):
  File "/opt/src/extract_scripts/parse.py", line 169, in movie_parser
    movie_data_dict['release_date_id']=str(datetime.strptime(release_date,"%d-%b-%Y").date()).replace('-','')
  File "/usr/local/lib/python3.9/_strptime.py", line 568, in _strptime_datetime
    tt, fraction, gmtoff_fraction = _strptime(data_string, format)
  File "/usr/local/lib/python3.9/_strptime.py", line 349, in _strptime
    raise ValueError("time data %r does not match format %r" %
ValueError: time data 'Dec 13, 2024' does not match format '%d-%b-%Y'
[2025-01-16T15:30:01.367+0000] {parse.py:177} WARNING - movie_id: tt23055660, release_date_id set to NONE
[2025-01-16T15:30:01.426+0000] {parse.py:111} INFO - Parsing movie_id: tt21823606
[2025-01-16T15:30:02.138+0000] {parse.py:175} ERROR - time data 'Nov 1, 2024' does not match format '%d-%b-%Y'
Traceback (most recent call last):
  File "/opt/src/extract_scripts/parse.py", line 169, in movie_parser
    movie_data_dict['release_date_id']=str(datetime.strptime(release_date,"%d-%b-%Y").date()).replace('-','')
  File "/usr/local/lib/python3.9/_strptime.py", line 568, in _strptime_datetime
    tt, fraction, gmtoff_fraction = _strptime(data_string, format)
  File "/usr/local/lib/python3.9/_strptime.py", line 349, in _strptime
    raise ValueError("time data %r does not match format %r" %
ValueError: time data 'Nov 1, 2024' does not match format '%d-%b-%Y'
[2025-01-16T15:30:02.139+0000] {parse.py:177} WARNING - movie_id: tt21823606, release_date_id set to NONE
[2025-01-16T15:30:02.211+0000] {parse.py:111} INFO - Parsing movie_id: tt11891850
[2025-01-16T15:30:02.608+0000] {parse.py:175} ERROR - time data 'Jan 10, 2025' does not match format '%d-%b-%Y'
Traceback (most recent call last):
  File "/opt/src/extract_scripts/parse.py", line 169, in movie_parser
    movie_data_dict['release_date_id']=str(datetime.strptime(release_date,"%d-%b-%Y").date()).replace('-','')
  File "/usr/local/lib/python3.9/_strptime.py", line 568, in _strptime_datetime
    tt, fraction, gmtoff_fraction = _strptime(data_string, format)
  File "/usr/local/lib/python3.9/_strptime.py", line 349, in _strptime
    raise ValueError("time data %r does not match format %r" %
ValueError: time data 'Jan 10, 2025' does not match format '%d-%b-%Y'
[2025-01-16T15:30:02.611+0000] {parse.py:177} WARNING - movie_id: tt11891850, release_date_id set to NONE
[2025-01-16T15:30:02.671+0000] {parse.py:111} INFO - Parsing movie_id: tt28082769
[2025-01-16T15:30:03.123+0000] {parse.py:175} ERROR - time data 'Dec 13, 2024 (Jan 17, 2025)' does not match format '%d-%b-%Y'
Traceback (most recent call last):
  File "/opt/src/extract_scripts/parse.py", line 169, in movie_parser
    movie_data_dict['release_date_id']=str(datetime.strptime(release_date,"%d-%b-%Y").date()).replace('-','')
  File "/usr/local/lib/python3.9/_strptime.py", line 568, in _strptime_datetime
    tt, fraction, gmtoff_fraction = _strptime(data_string, format)
  File "/usr/local/lib/python3.9/_strptime.py", line 349, in _strptime
    raise ValueError("time data %r does not match format %r" %
ValueError: time data 'Dec 13, 2024 (Jan 17, 2025)' does not match format '%d-%b-%Y'
[2025-01-16T15:30:03.127+0000] {parse.py:177} WARNING - movie_id: tt28082769, release_date_id set to NONE
[2025-01-16T15:30:03.192+0000] {parse.py:111} INFO - Parsing movie_id: tt20215234
[2025-01-16T15:30:04.092+0000] {parse.py:175} ERROR - time data 'Oct 25, 2024' does not match format '%d-%b-%Y'
Traceback (most recent call last):
  File "/opt/src/extract_scripts/parse.py", line 169, in movie_parser
    movie_data_dict['release_date_id']=str(datetime.strptime(release_date,"%d-%b-%Y").date()).replace('-','')
  File "/usr/local/lib/python3.9/_strptime.py", line 568, in _strptime_datetime
    tt, fraction, gmtoff_fraction = _strptime(data_string, format)
  File "/usr/local/lib/python3.9/_strptime.py", line 349, in _strptime
    raise ValueError("time data %r does not match format %r" %
ValueError: time data 'Oct 25, 2024' does not match format '%d-%b-%Y'
[2025-01-16T15:30:04.093+0000] {parse.py:177} WARNING - movie_id: tt20215234, release_date_id set to NONE
[2025-01-16T15:30:04.148+0000] {parse.py:111} INFO - Parsing movie_id: tt14824600
[2025-01-16T15:30:04.543+0000] {parse.py:175} ERROR - time data 'Dec 13, 2024' does not match format '%d-%b-%Y'
Traceback (most recent call last):
  File "/opt/src/extract_scripts/parse.py", line 169, in movie_parser
    movie_data_dict['release_date_id']=str(datetime.strptime(release_date,"%d-%b-%Y").date()).replace('-','')
  File "/usr/local/lib/python3.9/_strptime.py", line 568, in _strptime_datetime
    tt, fraction, gmtoff_fraction = _strptime(data_string, format)
  File "/usr/local/lib/python3.9/_strptime.py", line 349, in _strptime
    raise ValueError("time data %r does not match format %r" %
ValueError: time data 'Dec 13, 2024' does not match format '%d-%b-%Y'
[2025-01-16T15:30:04.545+0000] {parse.py:177} WARNING - movie_id: tt14824600, release_date_id set to NONE
[2025-01-16T15:30:04.602+0000] {parse.py:111} INFO - Parsing movie_id: tt29623480
[2025-01-16T15:30:05.309+0000] {parse.py:175} ERROR - time data 'Sep 27, 2024' does not match format '%d-%b-%Y'
Traceback (most recent call last):
  File "/opt/src/extract_scripts/parse.py", line 169, in movie_parser
    movie_data_dict['release_date_id']=str(datetime.strptime(release_date,"%d-%b-%Y").date()).replace('-','')
  File "/usr/local/lib/python3.9/_strptime.py", line 568, in _strptime_datetime
    tt, fraction, gmtoff_fraction = _strptime(data_string, format)
  File "/usr/local/lib/python3.9/_strptime.py", line 349, in _strptime
    raise ValueError("time data %r does not match format %r" %
ValueError: time data 'Sep 27, 2024' does not match format '%d-%b-%Y'
[2025-01-16T15:30:05.311+0000] {parse.py:177} WARNING - movie_id: tt29623480, release_date_id set to NONE
[2025-01-16T15:30:05.674+0000] {python.py:240} INFO - Done. Returned value was: s3://movie-data-dump/run_20250114/movies_parsed_20250114.json
[2025-01-16T15:30:05.756+0000] {taskinstance.py:340} INFO - ::group::Post task execution logs
[2025-01-16T15:30:05.757+0000] {taskinstance.py:352} INFO - Marking task as SUCCESS. dag_id=movie_pipeline, task_id=parse_movies, run_id=manual__2025-01-16T04:38:13.822674+00:00, execution_date=20250116T043813, start_date=20250116T152937, end_date=20250116T153005
[2025-01-16T15:30:05.833+0000] {local_task_job_runner.py:266} INFO - Task exited with return code 0
[2025-01-16T15:30:05.910+0000] {taskinstance.py:3895} INFO - 3 downstream tasks scheduled from follow-on schedule check
[2025-01-16T15:30:05.917+0000] {local_task_job_runner.py:245} INFO - ::endgroup::
