[2024-12-26T04:06:21.123+0000] {local_task_job_runner.py:123} INFO - ::group::Pre task execution logs
[2024-12-26T04:06:21.400+0000] {taskinstance.py:2613} INFO - Dependencies all met for dep_context=non-requeueable deps ti=<TaskInstance: movie_pipeline.scrape_collection_page scheduled__2024-12-25T00:00:00+00:00 [queued]>
[2024-12-26T04:06:21.418+0000] {taskinstance.py:2613} INFO - Dependencies all met for dep_context=requeueable deps ti=<TaskInstance: movie_pipeline.scrape_collection_page scheduled__2024-12-25T00:00:00+00:00 [queued]>
[2024-12-26T04:06:21.420+0000] {taskinstance.py:2866} INFO - Starting attempt 1 of 1
[2024-12-26T04:06:21.536+0000] {taskinstance.py:2889} INFO - Executing <Task(PythonOperator): scrape_collection_page> on 2024-12-25 00:00:00+00:00
[2024-12-26T04:06:21.569+0000] {standard_task_runner.py:72} INFO - Started process 5639 to run task
[2024-12-26T04:06:21.586+0000] {standard_task_runner.py:104} INFO - Running: ['airflow', 'tasks', 'run', 'movie_pipeline', 'scrape_collection_page', 'scheduled__2024-12-25T00:00:00+00:00', '--job-id', '26', '--raw', '--subdir', 'DAGS_FOLDER/pipeline_dag.py', '--cfg-path', '/tmp/tmpwgdp0eyt']
[2024-12-26T04:06:21.609+0000] {standard_task_runner.py:105} INFO - Job 26: Subtask scrape_collection_page
[2024-12-26T04:06:21.820+0000] {task_command.py:467} INFO - Running <TaskInstance: movie_pipeline.scrape_collection_page scheduled__2024-12-25T00:00:00+00:00 [running]> on host 1712831d7ea4
[2024-12-26T04:06:22.046+0000] {taskinstance.py:3132} INFO - Exporting env vars: AIRFLOW_CTX_DAG_OWNER='airflow' AIRFLOW_CTX_DAG_ID='movie_pipeline' AIRFLOW_CTX_TASK_ID='scrape_collection_page' AIRFLOW_CTX_EXECUTION_DATE='2024-12-25T00:00:00+00:00' AIRFLOW_CTX_TRY_NUMBER='1' AIRFLOW_CTX_DAG_RUN_ID='scheduled__2024-12-25T00:00:00+00:00'
[2024-12-26T04:06:22.050+0000] {taskinstance.py:731} INFO - ::endgroup::
[2024-12-26T04:06:29.783+0000] {extract.py:40} INFO - Collection HTML page for run date: 2024-12-25 saved to path: run_20241225/boxoffice_html_20241225.json
[2024-12-26T04:06:29.789+0000] {python.py:240} INFO - Done. Returned value was: run_20241225/boxoffice_html_20241225.json
[2024-12-26T04:06:29.882+0000] {taskinstance.py:340} INFO - ::group::Post task execution logs
[2024-12-26T04:06:29.894+0000] {taskinstance.py:352} INFO - Marking task as SUCCESS. dag_id=movie_pipeline, task_id=scrape_collection_page, run_id=scheduled__2024-12-25T00:00:00+00:00, execution_date=20241225T000000, start_date=20241226T040621, end_date=20241226T040629
[2024-12-26T04:06:29.973+0000] {local_task_job_runner.py:266} INFO - Task exited with return code 0
[2024-12-26T04:06:30.033+0000] {taskinstance.py:3895} INFO - 1 downstream tasks scheduled from follow-on schedule check
[2024-12-26T04:06:30.037+0000] {local_task_job_runner.py:245} INFO - ::endgroup::
[2024-12-26T17:49:07.590+0000] {local_task_job_runner.py:123} INFO - ::group::Pre task execution logs
[2024-12-26T17:49:07.906+0000] {taskinstance.py:2613} INFO - Dependencies all met for dep_context=non-requeueable deps ti=<TaskInstance: movie_pipeline.scrape_collection_page scheduled__2024-12-25T00:00:00+00:00 [queued]>
[2024-12-26T17:49:07.933+0000] {taskinstance.py:2613} INFO - Dependencies all met for dep_context=requeueable deps ti=<TaskInstance: movie_pipeline.scrape_collection_page scheduled__2024-12-25T00:00:00+00:00 [queued]>
[2024-12-26T17:49:07.934+0000] {taskinstance.py:2866} INFO - Starting attempt 1 of 1
[2024-12-26T17:49:07.978+0000] {taskinstance.py:2889} INFO - Executing <Task(PythonOperator): scrape_collection_page> on 2024-12-25 00:00:00+00:00
[2024-12-26T17:49:07.996+0000] {standard_task_runner.py:72} INFO - Started process 5393 to run task
[2024-12-26T17:49:08.005+0000] {standard_task_runner.py:104} INFO - Running: ['airflow', 'tasks', 'run', 'movie_pipeline', 'scrape_collection_page', 'scheduled__2024-12-25T00:00:00+00:00', '--job-id', '57', '--raw', '--subdir', 'DAGS_FOLDER/pipeline_dag.py', '--cfg-path', '/tmp/tmpmkywad1g']
[2024-12-26T17:49:08.009+0000] {standard_task_runner.py:105} INFO - Job 57: Subtask scrape_collection_page
[2024-12-26T17:49:08.143+0000] {task_command.py:467} INFO - Running <TaskInstance: movie_pipeline.scrape_collection_page scheduled__2024-12-25T00:00:00+00:00 [running]> on host 1712831d7ea4
[2024-12-26T17:49:08.349+0000] {taskinstance.py:3132} INFO - Exporting env vars: AIRFLOW_CTX_DAG_OWNER='airflow' AIRFLOW_CTX_DAG_ID='movie_pipeline' AIRFLOW_CTX_TASK_ID='scrape_collection_page' AIRFLOW_CTX_EXECUTION_DATE='2024-12-25T00:00:00+00:00' AIRFLOW_CTX_TRY_NUMBER='1' AIRFLOW_CTX_DAG_RUN_ID='scheduled__2024-12-25T00:00:00+00:00'
[2024-12-26T17:49:08.352+0000] {taskinstance.py:731} INFO - ::endgroup::
[2024-12-26T17:49:12.897+0000] {extract.py:40} INFO - Collection HTML page for run date: 2024-12-23 saved to path: run_20241223/boxoffice_html_20241223.json
[2024-12-26T17:49:12.900+0000] {python.py:240} INFO - Done. Returned value was: run_20241223/boxoffice_html_20241223.json
[2024-12-26T17:49:12.993+0000] {taskinstance.py:340} INFO - ::group::Post task execution logs
[2024-12-26T17:49:12.995+0000] {taskinstance.py:352} INFO - Marking task as SUCCESS. dag_id=movie_pipeline, task_id=scrape_collection_page, run_id=scheduled__2024-12-25T00:00:00+00:00, execution_date=20241225T000000, start_date=20241226T174907, end_date=20241226T174912
[2024-12-26T17:49:13.100+0000] {local_task_job_runner.py:266} INFO - Task exited with return code 0
[2024-12-26T17:49:13.169+0000] {taskinstance.py:3895} INFO - 1 downstream tasks scheduled from follow-on schedule check
[2024-12-26T17:49:13.175+0000] {local_task_job_runner.py:245} INFO - ::endgroup::
