[2024-12-17T09:00:25.540+0530] {local_task_job_runner.py:123} INFO - ::group::Pre task execution logs
[2024-12-17T09:00:25.554+0530] {taskinstance.py:2613} INFO - Dependencies all met for dep_context=non-requeueable deps ti=<TaskInstance: movie_pipeline.print_the_context manual__2024-12-17T03:30:13.741476+00:00 [queued]>
[2024-12-17T09:00:25.563+0530] {taskinstance.py:2613} INFO - Dependencies all met for dep_context=requeueable deps ti=<TaskInstance: movie_pipeline.print_the_context manual__2024-12-17T03:30:13.741476+00:00 [queued]>
[2024-12-17T09:00:25.564+0530] {taskinstance.py:2866} INFO - Starting attempt 1 of 1
[2024-12-17T09:00:25.583+0530] {taskinstance.py:2889} INFO - Executing <Task(PythonOperator): print_the_context> on 2024-12-17 03:30:13.741476+00:00
[2024-12-17T09:00:25.592+0530] {logging_mixin.py:190} WARNING - /Users/jayesh/Desktop/Personal Work/Movie_data_pipeline/.venv/lib/python3.12/site-packages/airflow/task/task_runner/standard_task_runner.py:70 DeprecationWarning: This process (pid=40481) is multi-threaded, use of fork() may lead to deadlocks in the child.
[2024-12-17T09:00:25.594+0530] {standard_task_runner.py:72} INFO - Started process 40492 to run task
[2024-12-17T09:00:25.595+0530] {standard_task_runner.py:104} INFO - Running: ['airflow', 'tasks', 'run', 'movie_pipeline', 'print_the_context', 'manual__2024-12-17T03:30:13.741476+00:00', '--job-id', '161', '--raw', '--subdir', 'DAGS_FOLDER/pipeline_dag.py', '--cfg-path', '/var/folders/h6/l2cjrfls77b6_h6zs5w5vn4r0000gn/T/tmpm40u75zv']
[2024-12-17T09:00:25.599+0530] {standard_task_runner.py:105} INFO - Job 161: Subtask print_the_context
[2024-12-17T09:00:25.669+0530] {task_command.py:467} INFO - Running <TaskInstance: movie_pipeline.print_the_context manual__2024-12-17T03:30:13.741476+00:00 [running]> on host Jayeshs-MacBook-Air.local
[2024-12-17T09:00:25.763+0530] {taskinstance.py:3132} INFO - Exporting env vars: AIRFLOW_CTX_DAG_OWNER='airflow' AIRFLOW_CTX_DAG_ID='movie_pipeline' AIRFLOW_CTX_TASK_ID='print_the_context' AIRFLOW_CTX_EXECUTION_DATE='2024-12-17T03:30:13.741476+00:00' AIRFLOW_CTX_TRY_NUMBER='1' AIRFLOW_CTX_DAG_RUN_ID='manual__2024-12-17T03:30:13.741476+00:00'
[2024-12-17T09:00:25.765+0530] {logging_mixin.py:190} INFO - Task instance is in running state
[2024-12-17T09:00:25.766+0530] {logging_mixin.py:190} INFO -  Previous state of the Task instance: queued
[2024-12-17T09:00:25.767+0530] {logging_mixin.py:190} INFO - Current task name:print_the_context state:running start_date:2024-12-17 03:30:25.554979+00:00
[2024-12-17T09:00:25.768+0530] {logging_mixin.py:190} INFO - Dag name:movie_pipeline and current dag run status:running
[2024-12-17T09:00:25.769+0530] {taskinstance.py:731} INFO - ::endgroup::
[2024-12-17T09:00:25.771+0530] {logging_mixin.py:190} INFO - ::group::All kwargs
[2024-12-17T09:00:25.774+0530] {logging_mixin.py:190} INFO - {'conf': <airflow.configuration.AirflowConfigParser object at 0x10e952c60>, 'dag': <DAG: movie_pipeline>, 'dag_run': <DagRun movie_pipeline @ 2024-12-17 03:30:13.741476+00:00: manual__2024-12-17T03:30:13.741476+00:00, state:running, queued_at: 2024-12-17 03:30:13.758183+00:00. externally triggered: True>, 'data_interval_end': DateTime(2024, 12, 17, 3, 30, 13, 741476, tzinfo=Timezone('UTC')), 'data_interval_start': DateTime(2024, 12, 16, 3, 30, 13, 741476, tzinfo=Timezone('UTC')), 'outlet_events': <airflow.utils.context.OutletEventAccessors object at 0x115aafcb0>, 'ds_nodash': '20241217', 'execution_date': <Proxy at 0x115ac2840 with factory functools.partial(<function lazy_mapping_from_context.<locals>._deprecated_proxy_factory at 0x115af1a80>, 'execution_date', DateTime(2024, 12, 17, 3, 30, 13, 741476, tzinfo=Timezone('UTC')))>, 'expanded_ti_count': None, 'inlets': [], 'inlet_events': InletEventsAccessors(_inlets=[], _datasets={}, _dataset_aliases={}, _session=<sqlalchemy.orm.session.Session object at 0x10eb56870>), 'logical_date': DateTime(2024, 12, 17, 3, 30, 13, 741476, tzinfo=Timezone('UTC')), 'macros': <module 'airflow.macros' from '/Users/jayesh/Desktop/Personal Work/Movie_data_pipeline/.venv/lib/python3.12/site-packages/airflow/macros/__init__.py'>, 'map_index_template': None, 'next_ds': <Proxy at 0x115b4c480 with factory functools.partial(<function lazy_mapping_from_context.<locals>._deprecated_proxy_factory at 0x115af1a80>, 'next_ds', '2024-12-17')>, 'next_ds_nodash': <Proxy at 0x113b21b40 with factory functools.partial(<function lazy_mapping_from_context.<locals>._deprecated_proxy_factory at 0x115af1a80>, 'next_ds_nodash', '20241217')>, 'next_execution_date': <Proxy at 0x115b64a00 with factory functools.partial(<function lazy_mapping_from_context.<locals>._deprecated_proxy_factory at 0x115af1a80>, 'next_execution_date', DateTime(2024, 12, 17, 3, 30, 13, 741476, tzinfo=Timezone('UTC')))>, 'outlets': [], 'params': {}, 'prev_data_interval_start_success': DateTime(2024, 12, 16, 3, 29, 16, tzinfo=Timezone('UTC')), 'prev_data_interval_end_success': DateTime(2024, 12, 17, 3, 29, 16, tzinfo=Timezone('UTC')), 'prev_ds': <Proxy at 0x115b65980 with factory functools.partial(<function lazy_mapping_from_context.<locals>._deprecated_proxy_factory at 0x115af1a80>, 'prev_ds', '2024-12-17')>, 'prev_ds_nodash': <Proxy at 0x115b64900 with factory functools.partial(<function lazy_mapping_from_context.<locals>._deprecated_proxy_factory at 0x115af1a80>, 'prev_ds_nodash', '20241217')>, 'prev_execution_date': <Proxy at 0x115b64740 with factory functools.partial(<function lazy_mapping_from_context.<locals>._deprecated_proxy_factory at 0x115af1a80>, 'prev_execution_date', DateTime(2024, 12, 17, 3, 30, 13, 741476, tzinfo=Timezone('UTC')))>, 'prev_execution_date_success': <Proxy at 0x115b64700 with factory functools.partial(<function lazy_mapping_from_context.<locals>._deprecated_proxy_factory at 0x115af1a80>, 'prev_execution_date_success', None)>, 'prev_start_date_success': DateTime(2024, 12, 17, 3, 29, 20, 175810, tzinfo=Timezone('UTC')), 'prev_end_date_success': DateTime(2024, 12, 17, 3, 29, 20, 192226, tzinfo=Timezone('UTC')), 'run_id': 'manual__2024-12-17T03:30:13.741476+00:00', 'task': <Task(PythonOperator): print_the_context>, 'task_instance': <TaskInstance: movie_pipeline.print_the_context manual__2024-12-17T03:30:13.741476+00:00 [running]>, 'task_instance_key_str': 'movie_pipeline__print_the_context__20241217', 'test_mode': False, 'ti': <TaskInstance: movie_pipeline.print_the_context manual__2024-12-17T03:30:13.741476+00:00 [running]>, 'tomorrow_ds': <Proxy at 0x115b646c0 with factory functools.partial(<function lazy_mapping_from_context.<locals>._deprecated_proxy_factory at 0x115af1a80>, 'tomorrow_ds', '2024-12-18')>, 'tomorrow_ds_nodash': <Proxy at 0x115b64680 with factory functools.partial(<function lazy_mapping_from_context.<locals>._deprecated_proxy_factory at 0x115af1a80>, 'tomorrow_ds_nodash', '20241218')>, 'triggering_dataset_events': <Proxy at 0x115b00f80 with factory <function _get_template_context.<locals>.get_triggering_events at 0x115af09a0>>, 'ts': '2024-12-17T03:30:13.741476+00:00', 'ts_nodash': '20241217T033013', 'ts_nodash_with_tz': '20241217T033013.741476+0000', 'var': {'json': None, 'value': None}, 'conn': None, 'yesterday_ds': <Proxy at 0x115b64640 with factory functools.partial(<function lazy_mapping_from_context.<locals>._deprecated_proxy_factory at 0x115af1a80>, 'yesterday_ds', '2024-12-16')>, 'yesterday_ds_nodash': <Proxy at 0x115b64600 with factory functools.partial(<function lazy_mapping_from_context.<locals>._deprecated_proxy_factory at 0x115af1a80>, 'yesterday_ds_nodash', '20241216')>, 'templates_dict': None}
[2024-12-17T09:00:25.775+0530] {logging_mixin.py:190} INFO - ::endgroup::
[2024-12-17T09:00:25.776+0530] {logging_mixin.py:190} INFO - ::group::Context variable ds
[2024-12-17T09:00:25.777+0530] {logging_mixin.py:190} INFO - 2024-12-17
[2024-12-17T09:00:25.777+0530] {logging_mixin.py:190} INFO - ::endgroup::
[2024-12-17T09:00:25.778+0530] {python.py:240} INFO - Done. Returned value was: Whatever you return gets printed in the logs
[2024-12-17T09:00:25.797+0530] {taskinstance.py:340} INFO - ::group::Post task execution logs
[2024-12-17T09:00:25.799+0530] {taskinstance.py:352} INFO - Marking task as SUCCESS. dag_id=movie_pipeline, task_id=print_the_context, run_id=manual__2024-12-17T03:30:13.741476+00:00, execution_date=20241217T033013, start_date=20241217T033025, end_date=20241217T033025
[2024-12-17T09:00:25.811+0530] {logging_mixin.py:190} INFO - Task instance in success state
[2024-12-17T09:00:25.812+0530] {logging_mixin.py:190} INFO -  Previous state of the Task instance: running
[2024-12-17T09:00:25.812+0530] {logging_mixin.py:190} INFO - Dag name:movie_pipeline queued_at:2024-12-17 03:30:13.758183+00:00
[2024-12-17T09:00:25.813+0530] {logging_mixin.py:190} INFO - Task hostname:Jayeshs-MacBook-Air.local operator:PythonOperator
[2024-12-17T09:00:25.826+0530] {local_task_job_runner.py:266} INFO - Task exited with return code 0
[2024-12-17T09:00:25.846+0530] {taskinstance.py:3895} INFO - 0 downstream tasks scheduled from follow-on schedule check
[2024-12-17T09:00:25.847+0530] {local_task_job_runner.py:245} INFO - ::endgroup::
