[2024-12-19T08:24:22.933+0530] {local_task_job_runner.py:123} INFO - ::group::Pre task execution logs
[2024-12-19T08:24:22.944+0530] {taskinstance.py:2613} INFO - Dependencies all met for dep_context=non-requeueable deps ti=<TaskInstance: movie_pipeline.create_run_dir manual__2024-12-19T02:54:05.172476+00:00 [queued]>
[2024-12-19T08:24:22.951+0530] {taskinstance.py:2613} INFO - Dependencies all met for dep_context=requeueable deps ti=<TaskInstance: movie_pipeline.create_run_dir manual__2024-12-19T02:54:05.172476+00:00 [queued]>
[2024-12-19T08:24:22.951+0530] {taskinstance.py:2866} INFO - Starting attempt 1 of 1
[2024-12-19T08:24:22.969+0530] {taskinstance.py:2889} INFO - Executing <Task(BashOperator): create_run_dir> on 2024-12-19 02:54:05.172476+00:00
[2024-12-19T08:24:22.976+0530] {logging_mixin.py:190} WARNING - /Users/jayesh/Desktop/Personal Work/Movie_data_pipeline/.venv/lib/python3.12/site-packages/airflow/task/task_runner/standard_task_runner.py:70 DeprecationWarning: This process (pid=7578) is multi-threaded, use of fork() may lead to deadlocks in the child.
[2024-12-19T08:24:22.979+0530] {standard_task_runner.py:72} INFO - Started process 7605 to run task
[2024-12-19T08:24:22.980+0530] {standard_task_runner.py:104} INFO - Running: ['airflow', 'tasks', 'run', 'movie_pipeline', 'create_run_dir', 'manual__2024-12-19T02:54:05.172476+00:00', '--job-id', '199', '--raw', '--subdir', 'DAGS_FOLDER/pipeline_dag.py', '--cfg-path', '/var/folders/h6/l2cjrfls77b6_h6zs5w5vn4r0000gn/T/tmpw20giu06']
[2024-12-19T08:24:22.983+0530] {standard_task_runner.py:105} INFO - Job 199: Subtask create_run_dir
[2024-12-19T08:24:23.033+0530] {task_command.py:467} INFO - Running <TaskInstance: movie_pipeline.create_run_dir manual__2024-12-19T02:54:05.172476+00:00 [running]> on host Jayeshs-MacBook-Air.local
[2024-12-19T08:24:23.107+0530] {taskinstance.py:3132} INFO - Exporting env vars: AIRFLOW_CTX_DAG_OWNER='airflow' AIRFLOW_CTX_DAG_ID='movie_pipeline' AIRFLOW_CTX_TASK_ID='create_run_dir' AIRFLOW_CTX_EXECUTION_DATE='2024-12-19T02:54:05.172476+00:00' AIRFLOW_CTX_TRY_NUMBER='1' AIRFLOW_CTX_DAG_RUN_ID='manual__2024-12-19T02:54:05.172476+00:00'
[2024-12-19T08:24:23.111+0530] {logging_mixin.py:190} INFO - Task instance is in running state
[2024-12-19T08:24:23.112+0530] {logging_mixin.py:190} INFO -  Previous state of the Task instance: queued
[2024-12-19T08:24:23.112+0530] {logging_mixin.py:190} INFO - Current task name:create_run_dir state:running start_date:2024-12-19 02:54:22.944970+00:00
[2024-12-19T08:24:23.113+0530] {logging_mixin.py:190} INFO - Dag name:movie_pipeline and current dag run status:running
[2024-12-19T08:24:23.113+0530] {taskinstance.py:731} INFO - ::endgroup::
[2024-12-19T08:24:23.115+0530] {subprocess.py:78} INFO - Tmp dir root location: /var/folders/h6/l2cjrfls77b6_h6zs5w5vn4r0000gn/T
[2024-12-19T08:24:23.115+0530] {subprocess.py:88} INFO - Running command: ['/bin/bash', '-c', 'mkdir ../run_2024-12-19']
[2024-12-19T08:24:23.122+0530] {subprocess.py:99} INFO - Output:
[2024-12-19T08:24:23.131+0530] {subprocess.py:110} INFO - Command exited with return code 0
[2024-12-19T08:24:23.155+0530] {taskinstance.py:340} INFO - ::group::Post task execution logs
[2024-12-19T08:24:23.156+0530] {taskinstance.py:352} INFO - Marking task as SUCCESS. dag_id=movie_pipeline, task_id=create_run_dir, run_id=manual__2024-12-19T02:54:05.172476+00:00, execution_date=20241219T025405, start_date=20241219T025422, end_date=20241219T025423
[2024-12-19T08:24:23.167+0530] {logging_mixin.py:190} INFO - Task instance in success state
[2024-12-19T08:24:23.168+0530] {logging_mixin.py:190} INFO -  Previous state of the Task instance: running
[2024-12-19T08:24:23.169+0530] {logging_mixin.py:190} INFO - Dag name:movie_pipeline queued_at:2024-12-19 02:54:05.200898+00:00
[2024-12-19T08:24:23.170+0530] {logging_mixin.py:190} INFO - Task hostname:Jayeshs-MacBook-Air.local operator:BashOperator
[2024-12-19T08:24:23.215+0530] {local_task_job_runner.py:266} INFO - Task exited with return code 0
[2024-12-19T08:24:23.242+0530] {taskinstance.py:3895} INFO - 1 downstream tasks scheduled from follow-on schedule check
[2024-12-19T08:24:23.245+0530] {local_task_job_runner.py:245} INFO - ::endgroup::
