[2024-12-16T09:11:49.515+0530] {local_task_job_runner.py:123} INFO - ::group::Pre task execution logs
[2024-12-16T09:11:49.536+0530] {taskinstance.py:2613} INFO - Dependencies all met for dep_context=non-requeueable deps ti=<TaskInstance: movie_pipeline.date_render scheduled__2024-12-15T01:30:00+00:00 [queued]>
[2024-12-16T09:11:49.591+0530] {taskinstance.py:2613} INFO - Dependencies all met for dep_context=requeueable deps ti=<TaskInstance: movie_pipeline.date_render scheduled__2024-12-15T01:30:00+00:00 [queued]>
[2024-12-16T09:11:49.592+0530] {taskinstance.py:2866} INFO - Starting attempt 1 of 1
[2024-12-16T09:11:49.640+0530] {taskinstance.py:2889} INFO - Executing <Task(_PythonDecoratedOperator): date_render> on 2024-12-15 01:30:00+00:00
[2024-12-16T09:11:49.659+0530] {standard_task_runner.py:104} INFO - Running: ['airflow', 'tasks', 'run', 'movie_pipeline', 'date_render', 'scheduled__2024-12-15T01:30:00+00:00', '--job-id', '96', '--raw', '--subdir', 'DAGS_FOLDER/pipeline_dag.py', '--cfg-path', '/var/folders/h6/l2cjrfls77b6_h6zs5w5vn4r0000gn/T/tmp7tu91o01']
[2024-12-16T09:11:49.658+0530] {logging_mixin.py:190} WARNING - /Users/jayesh/Desktop/Personal Work/Movie_data_pipeline/.venv/lib/python3.12/site-packages/airflow/task/task_runner/standard_task_runner.py:70 DeprecationWarning: This process (pid=95319) is multi-threaded, use of fork() may lead to deadlocks in the child.
[2024-12-16T09:11:49.664+0530] {standard_task_runner.py:105} INFO - Job 96: Subtask date_render
[2024-12-16T09:11:49.664+0530] {standard_task_runner.py:72} INFO - Started process 95350 to run task
[2024-12-16T09:11:49.760+0530] {task_command.py:467} INFO - Running <TaskInstance: movie_pipeline.date_render scheduled__2024-12-15T01:30:00+00:00 [running]> on host Jayeshs-MacBook-Air.local
[2024-12-16T09:11:49.884+0530] {taskinstance.py:3132} INFO - Exporting env vars: AIRFLOW_CTX_DAG_OWNER='airflow' AIRFLOW_CTX_DAG_ID='movie_pipeline' AIRFLOW_CTX_TASK_ID='date_render' AIRFLOW_CTX_EXECUTION_DATE='2024-12-15T01:30:00+00:00' AIRFLOW_CTX_TRY_NUMBER='1' AIRFLOW_CTX_DAG_RUN_ID='scheduled__2024-12-15T01:30:00+00:00'
[2024-12-16T09:11:49.887+0530] {logging_mixin.py:190} INFO - Task instance is in running state
[2024-12-16T09:11:49.889+0530] {logging_mixin.py:190} INFO -  Previous state of the Task instance: queued
[2024-12-16T09:11:49.891+0530] {logging_mixin.py:190} INFO - Current task name:date_render state:running start_date:2024-12-16 03:41:49.537246+00:00
[2024-12-16T09:11:49.892+0530] {logging_mixin.py:190} INFO - Dag name:movie_pipeline and current dag run status:running
[2024-12-16T09:11:49.894+0530] {taskinstance.py:731} INFO - ::endgroup::
[2024-12-16T09:11:49.954+0530] {logging_mixin.py:190} WARNING - /Users/jayesh/Desktop/Personal Work/Movie_data_pipeline/.venv/lib/python3.12/site-packages/airflow/utils/operator_helpers.py:175 AirflowContextDeprecationWarning: Accessing 'execution_date' from the template is deprecated and will be removed in a future version. Please use 'data_interval_start' or 'logical_date' instead.
[2024-12-16T09:11:49.956+0530] {logging_mixin.py:190} INFO - The start date is: 2024-12-15 07:00:00+05:30
[2024-12-16T09:11:49.957+0530] {python.py:240} INFO - Done. Returned value was: success
[2024-12-16T09:11:49.994+0530] {taskinstance.py:340} INFO - ::group::Post task execution logs
[2024-12-16T09:11:49.996+0530] {taskinstance.py:352} INFO - Marking task as SUCCESS. dag_id=movie_pipeline, task_id=date_render, run_id=scheduled__2024-12-15T01:30:00+00:00, execution_date=20241215T013000, start_date=20241216T034149, end_date=20241216T034149
[2024-12-16T09:11:50.012+0530] {logging_mixin.py:190} INFO - Task instance in success state
[2024-12-16T09:11:50.013+0530] {logging_mixin.py:190} INFO -  Previous state of the Task instance: running
[2024-12-16T09:11:50.020+0530] {logging_mixin.py:190} INFO - Dag name:movie_pipeline queued_at:2024-12-16 03:41:19.421419+00:00
[2024-12-16T09:11:50.026+0530] {logging_mixin.py:190} INFO - Task hostname:Jayeshs-MacBook-Air.local operator:_PythonDecoratedOperator
[2024-12-16T09:11:50.078+0530] {local_task_job_runner.py:266} INFO - Task exited with return code 0
[2024-12-16T09:11:50.107+0530] {taskinstance.py:3895} INFO - 0 downstream tasks scheduled from follow-on schedule check
[2024-12-16T09:11:50.108+0530] {local_task_job_runner.py:245} INFO - ::endgroup::
