[2024-12-17T10:32:47.070+0530] {local_task_job_runner.py:123} INFO - ::group::Pre task execution logs
[2024-12-17T10:32:47.082+0530] {taskinstance.py:2613} INFO - Dependencies all met for dep_context=non-requeueable deps ti=<TaskInstance: movie_pipeline.scrape_collection_page manual__2024-12-17T05:02:34.424528+00:00 [queued]>
[2024-12-17T10:32:47.090+0530] {taskinstance.py:2613} INFO - Dependencies all met for dep_context=requeueable deps ti=<TaskInstance: movie_pipeline.scrape_collection_page manual__2024-12-17T05:02:34.424528+00:00 [queued]>
[2024-12-17T10:32:47.090+0530] {taskinstance.py:2866} INFO - Starting attempt 1 of 1
[2024-12-17T10:32:47.105+0530] {taskinstance.py:2889} INFO - Executing <Task(PythonOperator): scrape_collection_page> on 2024-12-17 05:02:34.424528+00:00
[2024-12-17T10:32:47.113+0530] {logging_mixin.py:190} WARNING - /Users/jayesh/Desktop/Personal Work/Movie_data_pipeline/.venv/lib/python3.12/site-packages/airflow/task/task_runner/standard_task_runner.py:70 DeprecationWarning: This process (pid=49893) is multi-threaded, use of fork() may lead to deadlocks in the child.
[2024-12-17T10:32:47.116+0530] {standard_task_runner.py:72} INFO - Started process 49898 to run task
[2024-12-17T10:32:47.118+0530] {standard_task_runner.py:104} INFO - Running: ['airflow', 'tasks', 'run', 'movie_pipeline', 'scrape_collection_page', 'manual__2024-12-17T05:02:34.424528+00:00', '--job-id', '164', '--raw', '--subdir', 'DAGS_FOLDER/pipeline_dag.py', '--cfg-path', '/var/folders/h6/l2cjrfls77b6_h6zs5w5vn4r0000gn/T/tmp1gvwwexi']
[2024-12-17T10:32:47.122+0530] {standard_task_runner.py:105} INFO - Job 164: Subtask scrape_collection_page
[2024-12-17T10:32:47.184+0530] {task_command.py:467} INFO - Running <TaskInstance: movie_pipeline.scrape_collection_page manual__2024-12-17T05:02:34.424528+00:00 [running]> on host Jayeshs-MacBook-Air.local
[2024-12-17T10:32:47.266+0530] {taskinstance.py:3132} INFO - Exporting env vars: AIRFLOW_CTX_DAG_OWNER='airflow' AIRFLOW_CTX_DAG_ID='movie_pipeline' AIRFLOW_CTX_TASK_ID='scrape_collection_page' AIRFLOW_CTX_EXECUTION_DATE='2024-12-17T05:02:34.424528+00:00' AIRFLOW_CTX_TRY_NUMBER='1' AIRFLOW_CTX_DAG_RUN_ID='manual__2024-12-17T05:02:34.424528+00:00'
[2024-12-17T10:32:47.268+0530] {logging_mixin.py:190} INFO - Task instance is in running state
[2024-12-17T10:32:47.269+0530] {logging_mixin.py:190} INFO -  Previous state of the Task instance: queued
[2024-12-17T10:32:47.269+0530] {logging_mixin.py:190} INFO - Current task name:scrape_collection_page state:running start_date:2024-12-17 05:02:47.082697+00:00
[2024-12-17T10:32:47.270+0530] {logging_mixin.py:190} INFO - Dag name:movie_pipeline and current dag run status:running
[2024-12-17T10:32:47.270+0530] {taskinstance.py:731} INFO - ::endgroup::
[2024-12-17T10:32:47.272+0530] {logging_mixin.py:190} INFO - scraping data for date: date
[2024-12-17T10:32:47.272+0530] {python.py:240} INFO - Done. Returned value was: None
[2024-12-17T10:32:47.279+0530] {taskinstance.py:340} INFO - ::group::Post task execution logs
[2024-12-17T10:32:47.280+0530] {taskinstance.py:352} INFO - Marking task as SUCCESS. dag_id=movie_pipeline, task_id=scrape_collection_page, run_id=manual__2024-12-17T05:02:34.424528+00:00, execution_date=20241217T050234, start_date=20241217T050247, end_date=20241217T050247
[2024-12-17T10:32:47.291+0530] {logging_mixin.py:190} INFO - Task instance in success state
[2024-12-17T10:32:47.292+0530] {logging_mixin.py:190} INFO -  Previous state of the Task instance: running
[2024-12-17T10:32:47.293+0530] {logging_mixin.py:190} INFO - Dag name:movie_pipeline queued_at:2024-12-17 05:02:34.452045+00:00
[2024-12-17T10:32:47.293+0530] {logging_mixin.py:190} INFO - Task hostname:Jayeshs-MacBook-Air.local operator:PythonOperator
[2024-12-17T10:32:47.306+0530] {local_task_job_runner.py:266} INFO - Task exited with return code 0
[2024-12-17T10:32:47.329+0530] {taskinstance.py:3895} INFO - 0 downstream tasks scheduled from follow-on schedule check
[2024-12-17T10:32:47.330+0530] {local_task_job_runner.py:245} INFO - ::endgroup::
