[2024-12-16T19:50:56.797+0530] {local_task_job_runner.py:123} INFO - ::group::Pre task execution logs
[2024-12-16T19:50:56.809+0530] {taskinstance.py:2613} INFO - Dependencies all met for dep_context=non-requeueable deps ti=<TaskInstance: movie_pipeline.info_mssg manual__2024-12-16T14:20:46.818892+00:00 [queued]>
[2024-12-16T19:50:56.817+0530] {taskinstance.py:2613} INFO - Dependencies all met for dep_context=requeueable deps ti=<TaskInstance: movie_pipeline.info_mssg manual__2024-12-16T14:20:46.818892+00:00 [queued]>
[2024-12-16T19:50:56.818+0530] {taskinstance.py:2866} INFO - Starting attempt 1 of 1
[2024-12-16T19:50:56.833+0530] {taskinstance.py:2889} INFO - Executing <Task(BashOperator): info_mssg> on 2024-12-16 14:20:46.818892+00:00
[2024-12-16T19:50:56.841+0530] {logging_mixin.py:190} WARNING - /Users/jayesh/Desktop/Personal Work/Movie_data_pipeline/.venv/lib/python3.12/site-packages/airflow/task/task_runner/standard_task_runner.py:70 DeprecationWarning: This process (pid=25017) is multi-threaded, use of fork() may lead to deadlocks in the child.
[2024-12-16T19:50:56.843+0530] {standard_task_runner.py:72} INFO - Started process 25023 to run task
[2024-12-16T19:50:56.844+0530] {standard_task_runner.py:104} INFO - Running: ['airflow', 'tasks', 'run', 'movie_pipeline', 'info_mssg', 'manual__2024-12-16T14:20:46.818892+00:00', '--job-id', '137', '--raw', '--subdir', 'DAGS_FOLDER/pipeline_dag.py', '--cfg-path', '/var/folders/h6/l2cjrfls77b6_h6zs5w5vn4r0000gn/T/tmpzm0zz5uz']
[2024-12-16T19:50:56.848+0530] {standard_task_runner.py:105} INFO - Job 137: Subtask info_mssg
[2024-12-16T19:50:56.903+0530] {task_command.py:467} INFO - Running <TaskInstance: movie_pipeline.info_mssg manual__2024-12-16T14:20:46.818892+00:00 [running]> on host Jayeshs-MacBook-Air.local
[2024-12-16T19:50:56.982+0530] {taskinstance.py:3132} INFO - Exporting env vars: AIRFLOW_CTX_DAG_OWNER='airflow' AIRFLOW_CTX_DAG_ID='movie_pipeline' AIRFLOW_CTX_TASK_ID='info_mssg' AIRFLOW_CTX_EXECUTION_DATE='2024-12-16T14:20:46.818892+00:00' AIRFLOW_CTX_TRY_NUMBER='1' AIRFLOW_CTX_DAG_RUN_ID='manual__2024-12-16T14:20:46.818892+00:00'
[2024-12-16T19:50:56.984+0530] {logging_mixin.py:190} INFO - Task instance is in running state
[2024-12-16T19:50:56.985+0530] {logging_mixin.py:190} INFO -  Previous state of the Task instance: queued
[2024-12-16T19:50:56.986+0530] {logging_mixin.py:190} INFO - Current task name:info_mssg state:running start_date:2024-12-16 14:20:56.809710+00:00
[2024-12-16T19:50:56.986+0530] {logging_mixin.py:190} INFO - Dag name:movie_pipeline and current dag run status:running
[2024-12-16T19:50:56.987+0530] {taskinstance.py:731} INFO - ::endgroup::
[2024-12-16T19:50:56.988+0530] {subprocess.py:78} INFO - Tmp dir root location: /var/folders/h6/l2cjrfls77b6_h6zs5w5vn4r0000gn/T
[2024-12-16T19:50:56.989+0530] {subprocess.py:88} INFO - Running command: ['/bin/bash', '-c', "echo 'extraction start'"]
[2024-12-16T19:50:57.069+0530] {subprocess.py:99} INFO - Output:
[2024-12-16T19:50:57.075+0530] {subprocess.py:106} INFO - extraction start
[2024-12-16T19:50:57.076+0530] {subprocess.py:110} INFO - Command exited with return code 0
[2024-12-16T19:50:57.101+0530] {taskinstance.py:340} INFO - ::group::Post task execution logs
[2024-12-16T19:50:57.103+0530] {taskinstance.py:352} INFO - Marking task as SUCCESS. dag_id=movie_pipeline, task_id=info_mssg, run_id=manual__2024-12-16T14:20:46.818892+00:00, execution_date=20241216T142046, start_date=20241216T142056, end_date=20241216T142057
[2024-12-16T19:50:57.116+0530] {logging_mixin.py:190} INFO - Task instance in success state
[2024-12-16T19:50:57.117+0530] {logging_mixin.py:190} INFO -  Previous state of the Task instance: running
[2024-12-16T19:50:57.118+0530] {logging_mixin.py:190} INFO - Dag name:movie_pipeline queued_at:2024-12-16 14:20:46.836429+00:00
[2024-12-16T19:50:57.118+0530] {logging_mixin.py:190} INFO - Task hostname:Jayeshs-MacBook-Air.local operator:BashOperator
[2024-12-16T19:50:57.145+0530] {local_task_job_runner.py:266} INFO - Task exited with return code 0
[2024-12-16T19:50:57.200+0530] {taskinstance.py:3895} INFO - 1 downstream tasks scheduled from follow-on schedule check
[2024-12-16T19:50:57.218+0530] {local_task_job_runner.py:245} INFO - ::endgroup::
