[2024-12-19T15:12:04.262+0530] {local_task_job_runner.py:123} INFO - ::group::Pre task execution logs
[2024-12-19T15:12:04.277+0530] {taskinstance.py:2613} INFO - Dependencies all met for dep_context=non-requeueable deps ti=<TaskInstance: movie_pipeline.create_run_dir backfill__2024-12-16T00:00:00+00:00 [queued]>
[2024-12-19T15:12:04.288+0530] {taskinstance.py:2613} INFO - Dependencies all met for dep_context=requeueable deps ti=<TaskInstance: movie_pipeline.create_run_dir backfill__2024-12-16T00:00:00+00:00 [queued]>
[2024-12-19T15:12:04.288+0530] {taskinstance.py:2866} INFO - Starting attempt 5 of 5
[2024-12-19T15:12:04.311+0530] {taskinstance.py:2889} INFO - Executing <Task(PythonOperator): create_run_dir> on 2024-12-16 00:00:00+00:00
[2024-12-19T15:12:04.322+0530] {logging_mixin.py:190} WARNING - /Users/jayesh/Desktop/Personal Work/Movie_data_pipeline/.venv/lib/python3.12/site-packages/airflow/task/task_runner/standard_task_runner.py:70 DeprecationWarning: This process (pid=16658) is multi-threaded, use of fork() may lead to deadlocks in the child.
[2024-12-19T15:12:04.324+0530] {standard_task_runner.py:72} INFO - Started process 16676 to run task
[2024-12-19T15:12:04.326+0530] {standard_task_runner.py:104} INFO - Running: ['airflow', 'tasks', 'run', 'movie_pipeline', 'create_run_dir', 'backfill__2024-12-16T00:00:00+00:00', '--job-id', '265', '--pool', 'default_pool', '--raw', '--subdir', 'DAGS_FOLDER/pipeline_dag.py', '--cfg-path', '/var/folders/h6/l2cjrfls77b6_h6zs5w5vn4r0000gn/T/tmpyo6cyyfp']
[2024-12-19T15:12:04.330+0530] {standard_task_runner.py:105} INFO - Job 265: Subtask create_run_dir
[2024-12-19T15:12:04.388+0530] {task_command.py:467} INFO - Running <TaskInstance: movie_pipeline.create_run_dir backfill__2024-12-16T00:00:00+00:00 [running]> on host Jayeshs-MacBook-Air.local
[2024-12-19T15:12:04.471+0530] {taskinstance.py:3132} INFO - Exporting env vars: AIRFLOW_CTX_DAG_OWNER='airflow' AIRFLOW_CTX_DAG_ID='movie_pipeline' AIRFLOW_CTX_TASK_ID='create_run_dir' AIRFLOW_CTX_EXECUTION_DATE='2024-12-16T00:00:00+00:00' AIRFLOW_CTX_TRY_NUMBER='5' AIRFLOW_CTX_DAG_RUN_ID='backfill__2024-12-16T00:00:00+00:00'
[2024-12-19T15:12:04.474+0530] {logging_mixin.py:190} INFO - Task instance is in running state
[2024-12-19T15:12:04.475+0530] {logging_mixin.py:190} INFO -  Previous state of the Task instance: queued
[2024-12-19T15:12:04.476+0530] {logging_mixin.py:190} INFO - Current task name:create_run_dir state:running start_date:2024-12-19 09:42:04.278324+00:00
[2024-12-19T15:12:04.476+0530] {logging_mixin.py:190} INFO - Dag name:movie_pipeline and current dag run status:running
[2024-12-19T15:12:04.477+0530] {taskinstance.py:731} INFO - ::endgroup::
[2024-12-19T15:12:04.478+0530] {python.py:240} INFO - Done. Returned value was: None
[2024-12-19T15:12:04.487+0530] {taskinstance.py:340} INFO - ::group::Post task execution logs
[2024-12-19T15:12:04.489+0530] {taskinstance.py:352} INFO - Marking task as SUCCESS. dag_id=movie_pipeline, task_id=create_run_dir, run_id=backfill__2024-12-16T00:00:00+00:00, execution_date=20241216T000000, start_date=20241219T094204, end_date=20241219T094204
[2024-12-19T15:12:04.514+0530] {logging_mixin.py:190} INFO - Task instance in success state
[2024-12-19T15:12:04.515+0530] {logging_mixin.py:190} INFO -  Previous state of the Task instance: running
[2024-12-19T15:12:04.516+0530] {logging_mixin.py:190} INFO - Dag name:movie_pipeline queued_at:2024-12-19 09:40:21.931160+00:00
[2024-12-19T15:12:04.517+0530] {logging_mixin.py:190} INFO - Task hostname:Jayeshs-MacBook-Air.local operator:PythonOperator
[2024-12-19T15:12:04.562+0530] {local_task_job_runner.py:266} INFO - Task exited with return code 0
[2024-12-19T15:12:04.586+0530] {taskinstance.py:3895} INFO - 1 downstream tasks scheduled from follow-on schedule check
[2024-12-19T15:12:04.589+0530] {local_task_job_runner.py:245} INFO - ::endgroup::
