[2024-12-12T22:42:16.737+0530] {local_task_job_runner.py:123} INFO - ::group::Pre task execution logs
[2024-12-12T22:42:16.758+0530] {taskinstance.py:2613} INFO - Dependencies all met for dep_context=non-requeueable deps ti=<TaskInstance: tutorial.print_date backfill__2015-06-07T00:00:00+00:00 [queued]>
[2024-12-12T22:42:16.770+0530] {taskinstance.py:2613} INFO - Dependencies all met for dep_context=requeueable deps ti=<TaskInstance: tutorial.print_date backfill__2015-06-07T00:00:00+00:00 [queued]>
[2024-12-12T22:42:16.771+0530] {taskinstance.py:2866} INFO - Starting attempt 1 of 2
[2024-12-12T22:42:16.798+0530] {taskinstance.py:2889} INFO - Executing <Task(BashOperator): print_date> on 2015-06-07 00:00:00+00:00
[2024-12-12T22:42:16.809+0530] {logging_mixin.py:190} WARNING - /Users/jayesh/Desktop/Personal Work/Movie_data_pipeline/.venv/lib/python3.12/site-packages/airflow/task/task_runner/standard_task_runner.py:70 DeprecationWarning: This process (pid=48544) is multi-threaded, use of fork() may lead to deadlocks in the child.
[2024-12-12T22:42:16.811+0530] {standard_task_runner.py:72} INFO - Started process 48558 to run task
[2024-12-12T22:42:16.811+0530] {standard_task_runner.py:104} INFO - Running: ['airflow', 'tasks', 'run', 'tutorial', 'print_date', 'backfill__2015-06-07T00:00:00+00:00', '--job-id', '18', '--pool', 'default_pool', '--raw', '--subdir', '/Users/jayesh/Desktop/Personal Work/Movie_data_pipeline/.venv/lib/python3.12/site-packages/airflow/example_dags/tutorial.py', '--cfg-path', '/var/folders/h6/l2cjrfls77b6_h6zs5w5vn4r0000gn/T/tmpguik6tl5']
[2024-12-12T22:42:16.816+0530] {standard_task_runner.py:105} INFO - Job 18: Subtask print_date
[2024-12-12T22:42:16.896+0530] {task_command.py:467} INFO - Running <TaskInstance: tutorial.print_date backfill__2015-06-07T00:00:00+00:00 [running]> on host Jayeshs-MacBook-Air.local
[2024-12-12T22:42:16.974+0530] {taskinstance.py:3132} INFO - Exporting env vars: AIRFLOW_CTX_DAG_EMAIL='airflow@example.com' AIRFLOW_CTX_DAG_OWNER='airflow' AIRFLOW_CTX_DAG_ID='tutorial' AIRFLOW_CTX_TASK_ID='print_date' AIRFLOW_CTX_EXECUTION_DATE='2015-06-07T00:00:00+00:00' AIRFLOW_CTX_TRY_NUMBER='1' AIRFLOW_CTX_DAG_RUN_ID='backfill__2015-06-07T00:00:00+00:00'
[2024-12-12T22:42:16.976+0530] {logging_mixin.py:190} INFO - Task instance is in running state
[2024-12-12T22:42:16.976+0530] {logging_mixin.py:190} INFO -  Previous state of the Task instance: queued
[2024-12-12T22:42:16.977+0530] {logging_mixin.py:190} INFO - Current task name:print_date state:running start_date:2024-12-12 17:12:16.758792+00:00
[2024-12-12T22:42:16.978+0530] {logging_mixin.py:190} INFO - Dag name:tutorial and current dag run status:running
[2024-12-12T22:42:16.979+0530] {taskinstance.py:731} INFO - ::endgroup::
[2024-12-12T22:42:16.980+0530] {subprocess.py:78} INFO - Tmp dir root location: /var/folders/h6/l2cjrfls77b6_h6zs5w5vn4r0000gn/T
[2024-12-12T22:42:16.981+0530] {subprocess.py:88} INFO - Running command: ['/bin/bash', '-c', 'date']
[2024-12-12T22:42:16.990+0530] {subprocess.py:99} INFO - Output:
[2024-12-12T22:42:16.998+0530] {subprocess.py:106} INFO - Thu Dec 12 22:42:16 IST 2024
[2024-12-12T22:42:16.999+0530] {subprocess.py:110} INFO - Command exited with return code 0
[2024-12-12T22:42:17.021+0530] {taskinstance.py:340} INFO - ::group::Post task execution logs
[2024-12-12T22:42:17.022+0530] {taskinstance.py:352} INFO - Marking task as SUCCESS. dag_id=tutorial, task_id=print_date, run_id=backfill__2015-06-07T00:00:00+00:00, execution_date=20150607T000000, start_date=20241212T171216, end_date=20241212T171217
[2024-12-12T22:42:17.033+0530] {logging_mixin.py:190} INFO - Task instance in success state
[2024-12-12T22:42:17.033+0530] {logging_mixin.py:190} INFO -  Previous state of the Task instance: running
[2024-12-12T22:42:17.034+0530] {logging_mixin.py:190} INFO - Dag name:tutorial queued_at:None
[2024-12-12T22:42:17.034+0530] {logging_mixin.py:190} INFO - Task hostname:Jayeshs-MacBook-Air.local operator:BashOperator
[2024-12-12T22:42:17.048+0530] {local_task_job_runner.py:266} INFO - Task exited with return code 0
[2024-12-12T22:42:17.073+0530] {taskinstance.py:3895} INFO - 2 downstream tasks scheduled from follow-on schedule check
[2024-12-12T22:42:17.077+0530] {local_task_job_runner.py:245} INFO - ::endgroup::
