[2024-12-28T12:35:00.795+0000] {local_task_job_runner.py:123} INFO - ::group::Pre task execution logs
[2024-12-28T12:35:02.710+0000] {taskinstance.py:2613} INFO - Dependencies all met for dep_context=non-requeueable deps ti=<TaskInstance: movie_pipeline.scrape_filmmakers manual__2024-12-27T11:38:32.797674+00:00 [queued]>
[2024-12-28T12:35:02.752+0000] {taskinstance.py:2613} INFO - Dependencies all met for dep_context=requeueable deps ti=<TaskInstance: movie_pipeline.scrape_filmmakers manual__2024-12-27T11:38:32.797674+00:00 [queued]>
[2024-12-28T12:35:02.754+0000] {taskinstance.py:2866} INFO - Starting attempt 3 of 3
[2024-12-28T12:35:04.503+0000] {taskinstance.py:2889} INFO - Executing <Task(PythonOperator): scrape_filmmakers> on 2024-12-27 11:38:32.797674+00:00
[2024-12-28T12:35:04.539+0000] {standard_task_runner.py:72} INFO - Started process 276 to run task
[2024-12-28T12:35:04.610+0000] {standard_task_runner.py:104} INFO - Running: ['airflow', 'tasks', 'run', 'movie_pipeline', 'scrape_filmmakers', 'manual__2024-12-27T11:38:32.797674+00:00', '--job-id', '93', '--raw', '--subdir', 'DAGS_FOLDER/pipeline_dag.py', '--cfg-path', '/tmp/tmpf_sl3oyt']
[2024-12-28T12:35:04.644+0000] {standard_task_runner.py:105} INFO - Job 93: Subtask scrape_filmmakers
[2024-12-28T12:35:05.274+0000] {task_command.py:467} INFO - Running <TaskInstance: movie_pipeline.scrape_filmmakers manual__2024-12-27T11:38:32.797674+00:00 [running]> on host e0a3add0f1ca
[2024-12-28T12:35:06.119+0000] {taskinstance.py:3132} INFO - Exporting env vars: AIRFLOW_CTX_DAG_OWNER='airflow' AIRFLOW_CTX_DAG_ID='movie_pipeline' AIRFLOW_CTX_TASK_ID='scrape_filmmakers' AIRFLOW_CTX_EXECUTION_DATE='2024-12-27T11:38:32.797674+00:00' AIRFLOW_CTX_TRY_NUMBER='3' AIRFLOW_CTX_DAG_RUN_ID='manual__2024-12-27T11:38:32.797674+00:00'
[2024-12-28T12:35:06.124+0000] {taskinstance.py:731} INFO - ::endgroup::
[2024-12-28T12:35:25.129+0000] {extract.py:152} INFO - movie iteration 0 and filmamker iteration 0 for movie_id : tt13186482 and filmmaker_id: nm1503575
[2024-12-28T12:36:56.840+0000] {extract.py:152} INFO - movie iteration 0 and filmamker iteration 1 for movie_id : tt13186482 and filmmaker_id: nm0622288
[2024-12-28T12:37:43.446+0000] {extract.py:152} INFO - movie iteration 0 and filmamker iteration 2 for movie_id : tt13186482 and filmmaker_id: nm0941314
[2024-12-28T12:38:16.355+0000] {extract.py:152} INFO - movie iteration 0 and filmamker iteration 3 for movie_id : tt13186482 and filmmaker_id: nm0575293
[2024-12-28T12:38:48.390+0000] {extract.py:152} INFO - movie iteration 0 and filmamker iteration 4 for movie_id : tt13186482 and filmmaker_id: nm7543974
[2024-12-28T12:39:16.436+0000] {extract.py:152} INFO - movie iteration 0 and filmamker iteration 5 for movie_id : tt13186482 and filmmaker_id: nm5123156
[2024-12-28T12:40:03.221+0000] {extract.py:152} INFO - movie iteration 0 and filmamker iteration 6 for movie_id : tt13186482 and filmmaker_id: nm2274707
[2024-12-28T12:40:48.677+0000] {extract.py:152} INFO - movie iteration 1 and filmamker iteration 0 for movie_id : tt5040012 and filmmaker_id: nm3211470
[2024-12-28T12:41:14.171+0000] {extract.py:152} INFO - movie iteration 1 and filmamker iteration 1 for movie_id : tt5040012 and filmmaker_id: nm3211470
[2024-12-28T12:41:45.654+0000] {extract.py:152} INFO - movie iteration 1 and filmamker iteration 2 for movie_id : tt5040012 and filmmaker_id: nm0301961
[2024-12-28T12:42:24.146+0000] {extract.py:152} INFO - movie iteration 1 and filmamker iteration 3 for movie_id : tt5040012 and filmmaker_id: nm0831290
[2024-12-28T12:42:57.049+0000] {extract.py:152} INFO - movie iteration 1 and filmamker iteration 4 for movie_id : tt5040012 and filmmaker_id: nm6675440
[2024-12-28T12:43:32.563+0000] {extract.py:152} INFO - movie iteration 1 and filmamker iteration 5 for movie_id : tt5040012 and filmmaker_id: nm0396558
[2024-12-28T12:43:59.009+0000] {extract.py:152} INFO - movie iteration 1 and filmamker iteration 6 for movie_id : tt5040012 and filmmaker_id: nm0803889
[2024-12-28T12:44:26.746+0000] {extract.py:152} INFO - movie iteration 2 and filmamker iteration 0 for movie_id : tt18259086 and filmmaker_id: nm1733778
[2024-12-28T12:44:45.859+0000] {extract.py:152} INFO - movie iteration 2 and filmamker iteration 1 for movie_id : tt18259086 and filmmaker_id: nm1352459
[2024-12-28T12:45:10.480+0000] {extract.py:152} INFO - movie iteration 2 and filmamker iteration 2 for movie_id : tt18259086 and filmmaker_id: nm1351254
[2024-12-28T12:45:44.323+0000] {extract.py:152} INFO - movie iteration 2 and filmamker iteration 3 for movie_id : tt18259086 and filmmaker_id: nm4465847
[2024-12-28T12:46:08.836+0000] {extract.py:152} INFO - movie iteration 2 and filmamker iteration 4 for movie_id : tt18259086 and filmmaker_id: nm0000120
[2024-12-28T12:46:44.434+0000] {extract.py:152} INFO - movie iteration 2 and filmamker iteration 5 for movie_id : tt18259086 and filmmaker_id: nm2355635
[2024-12-28T12:47:09.898+0000] {extract.py:152} INFO - movie iteration 2 and filmamker iteration 6 for movie_id : tt18259086 and filmmaker_id: nm0000206
[2024-12-28T12:47:44.141+0000] {extract.py:152} INFO - movie iteration 3 and filmamker iteration 0 for movie_id : tt11563598 and filmmaker_id: nm0003506
[2024-12-28T12:48:09.314+0000] {extract.py:152} INFO - movie iteration 3 and filmamker iteration 1 for movie_id : tt11563598 and filmmaker_id: nm0003506
[2024-12-28T12:48:31.642+0000] {extract.py:152} INFO - movie iteration 3 and filmamker iteration 2 for movie_id : tt11563598 and filmmaker_id: nm0168379
[2024-12-28T12:48:54.013+0000] {extract.py:152} INFO - movie iteration 3 and filmamker iteration 3 for movie_id : tt11563598 and filmmaker_id: nm2374778
[2024-12-28T12:49:12.380+0000] {extract.py:152} INFO - movie iteration 3 and filmamker iteration 4 for movie_id : tt11563598 and filmmaker_id: nm3154303
[2024-12-28T12:49:38.730+0000] {extract.py:152} INFO - movie iteration 3 and filmamker iteration 5 for movie_id : tt11563598 and filmmaker_id: nm0001570
[2024-12-28T12:50:14.922+0000] {extract.py:152} INFO - movie iteration 3 and filmamker iteration 6 for movie_id : tt11563598 and filmmaker_id: nm1102577
[2024-12-28T12:50:55.191+0000] {extract.py:152} INFO - movie iteration 4 and filmamker iteration 0 for movie_id : tt1262426 and filmmaker_id: nm0160840
[2024-12-28T12:51:23.066+0000] {extract.py:152} INFO - movie iteration 4 and filmamker iteration 1 for movie_id : tt1262426 and filmmaker_id: nm0392848
[2024-12-28T12:51:44.257+0000] {extract.py:152} INFO - movie iteration 4 and filmamker iteration 2 for movie_id : tt1262426 and filmmaker_id: nm1401416
[2024-12-28T12:52:12.709+0000] {extract.py:152} INFO - movie iteration 4 and filmamker iteration 3 for movie_id : tt1262426 and filmmaker_id: nm0536579
[2024-12-28T12:52:32.607+0000] {extract.py:152} INFO - movie iteration 4 and filmamker iteration 4 for movie_id : tt1262426 and filmmaker_id: nm7248827
[2024-12-28T12:53:13.239+0000] {extract.py:152} INFO - movie iteration 4 and filmamker iteration 5 for movie_id : tt1262426 and filmmaker_id: nm3812858
[2024-12-28T12:53:50.530+0000] {extract.py:152} INFO - movie iteration 4 and filmamker iteration 6 for movie_id : tt1262426 and filmmaker_id: nm0000156
[2024-12-28T12:54:19.482+0000] {extract.py:152} INFO - movie iteration 5 and filmamker iteration 0 for movie_id : tt13622970 and filmmaker_id: nm3989471
[2024-12-28T12:54:41.167+0000] {extract.py:152} INFO - movie iteration 5 and filmamker iteration 1 for movie_id : tt13622970 and filmmaker_id: nm2911364
[2024-12-28T12:55:09.175+0000] {extract.py:152} INFO - movie iteration 5 and filmamker iteration 2 for movie_id : tt13622970 and filmmaker_id: nm2834849
[2024-12-28T12:55:48.158+0000] {extract.py:152} INFO - movie iteration 5 and filmamker iteration 3 for movie_id : tt13622970 and filmmaker_id: nm1158544
[2024-12-28T12:56:12.368+0000] {extract.py:152} INFO - movie iteration 5 and filmamker iteration 4 for movie_id : tt13622970 and filmmaker_id: nm2834849
[2024-12-28T12:56:35.322+0000] {extract.py:152} INFO - movie iteration 5 and filmamker iteration 5 for movie_id : tt13622970 and filmmaker_id: nm2414279
[2024-12-28T12:57:01.985+0000] {extract.py:152} INFO - movie iteration 5 and filmamker iteration 6 for movie_id : tt13622970 and filmmaker_id: nm7635388
[2024-12-28T12:57:27.492+0000] {extract.py:152} INFO - movie iteration 5 and filmamker iteration 7 for movie_id : tt13622970 and filmmaker_id: nm0425005
[2024-12-28T12:58:11.130+0000] {extract.py:152} INFO - movie iteration 5 and filmamker iteration 8 for movie_id : tt13622970 and filmmaker_id: nm12533314
[2024-12-28T12:58:35.421+0000] {extract.py:152} INFO - movie iteration 6 and filmamker iteration 0 for movie_id : tt6133444 and filmmaker_id: nm1121126
[2024-12-28T12:59:00.651+0000] {extract.py:152} INFO - movie iteration 6 and filmamker iteration 1 for movie_id : tt6133444 and filmmaker_id: nm1503575
[2024-12-28T12:59:21.936+0000] {extract.py:152} INFO - movie iteration 6 and filmamker iteration 2 for movie_id : tt6133444 and filmmaker_id: nm3629113
[2024-12-28T12:59:42.717+0000] {extract.py:152} INFO - movie iteration 6 and filmamker iteration 3 for movie_id : tt6133444 and filmmaker_id: nm3109964
[2024-12-28T13:00:14.099+0000] {extract.py:152} INFO - movie iteration 6 and filmamker iteration 4 for movie_id : tt6133444 and filmmaker_id: nm12380497
[2024-12-28T13:00:34.683+0000] {extract.py:152} INFO - movie iteration 7 and filmamker iteration 0 for movie_id : tt30057084 and filmmaker_id: nm0717603
[2024-12-28T13:01:18.001+0000] {extract.py:152} INFO - movie iteration 7 and filmamker iteration 1 for movie_id : tt30057084 and filmmaker_id: nm0717603
[2024-12-28T13:02:20.620+0000] {extract.py:152} INFO - movie iteration 7 and filmamker iteration 2 for movie_id : tt30057084 and filmmaker_id: nm0000173
[2024-12-28T13:02:50.762+0000] {job.py:229} INFO - Heartbeat recovered after 14.68 seconds
[2024-12-28T13:03:20.650+0000] {job.py:229} INFO - Heartbeat recovered after 31.68 seconds
[2024-12-28T13:04:36.627+0000] {extract.py:152} INFO - movie iteration 7 and filmamker iteration 3 for movie_id : tt30057084 and filmmaker_id: nm6170168
[2024-12-28T13:05:39.525+0000] {extract.py:152} INFO - movie iteration 7 and filmamker iteration 4 for movie_id : tt30057084 and filmmaker_id: nm0000104
[2024-12-28T13:07:22.865+0000] {extract.py:152} INFO - movie iteration 8 and filmamker iteration 0 for movie_id : tt9218128 and filmmaker_id: nm0000631
[2024-12-28T13:09:26.423+0000] {extract.py:187} ERROR - Failed movie iteration 8 and filmamker iteration 0 for movie_id : tt9218128 and filmmaker_id: nm0000631
[2024-12-28T13:15:07.245+0000] {job.py:229} INFO - Heartbeat recovered after 454.58 seconds
[2024-12-28T13:11:35.077+0000] {extract.py:188} ERROR - HTTPConnectionPool(host='localhost', port=36183): Read timed out. (read timeout=120)
Traceback (most recent call last):
  File "/home/airflow/.local/lib/python3.9/site-packages/urllib3/connectionpool.py", line 468, in _make_request
    six.raise_from(e, None)
  File "<string>", line 3, in raise_from
  File "/home/airflow/.local/lib/python3.9/site-packages/urllib3/connectionpool.py", line 463, in _make_request
    httplib_response = conn.getresponse()
  File "/usr/local/lib/python3.9/http/client.py", line 1377, in getresponse
    response.begin()
  File "/usr/local/lib/python3.9/http/client.py", line 320, in begin
    version, status, reason = self._read_status()
  File "/usr/local/lib/python3.9/http/client.py", line 281, in _read_status
    line = str(self.fp.readline(_MAXLINE + 1), "iso-8859-1")
  File "/usr/local/lib/python3.9/socket.py", line 716, in readinto
    return self._sock.recv_into(b)
socket.timeout: timed out

During handling of the above exception, another exception occurred:

Traceback (most recent call last):
  File "/opt/src/extract.py", line 173, in movie_cast_filmmakers_extract
    driver.get(link)
  File "/home/airflow/.local/lib/python3.9/site-packages/selenium/webdriver/remote/webdriver.py", line 393, in get
    self.execute(Command.GET, {"url": url})
  File "/home/airflow/.local/lib/python3.9/site-packages/selenium/webdriver/remote/webdriver.py", line 382, in execute
    response = self.command_executor.execute(driver_command, params)
  File "/home/airflow/.local/lib/python3.9/site-packages/selenium/webdriver/remote/remote_connection.py", line 404, in execute
    return self._request(command_info[0], url, body=data)
  File "/home/airflow/.local/lib/python3.9/site-packages/selenium/webdriver/remote/remote_connection.py", line 428, in _request
    response = self._conn.request(method, url, body=body, headers=headers, timeout=self._client_config.timeout)
  File "/home/airflow/.local/lib/python3.9/site-packages/urllib3/request.py", line 81, in request
    return self.request_encode_body(
  File "/home/airflow/.local/lib/python3.9/site-packages/urllib3/request.py", line 173, in request_encode_body
    return self.urlopen(method, url, **extra_kw)
  File "/home/airflow/.local/lib/python3.9/site-packages/urllib3/poolmanager.py", line 376, in urlopen
    response = conn.urlopen(method, u.request_uri, **kw)
  File "/home/airflow/.local/lib/python3.9/site-packages/urllib3/connectionpool.py", line 802, in urlopen
    retries = retries.increment(
  File "/home/airflow/.local/lib/python3.9/site-packages/urllib3/util/retry.py", line 552, in increment
    raise six.reraise(type(error), error, _stacktrace)
  File "/home/airflow/.local/lib/python3.9/site-packages/urllib3/packages/six.py", line 770, in reraise
    raise value
  File "/home/airflow/.local/lib/python3.9/site-packages/urllib3/connectionpool.py", line 716, in urlopen
    httplib_response = self._make_request(
  File "/home/airflow/.local/lib/python3.9/site-packages/urllib3/connectionpool.py", line 470, in _make_request
    self._raise_timeout(err=e, url=url, timeout_value=read_timeout)
  File "/home/airflow/.local/lib/python3.9/site-packages/urllib3/connectionpool.py", line 358, in _raise_timeout
    raise ReadTimeoutError(
urllib3.exceptions.ReadTimeoutError: HTTPConnectionPool(host='localhost', port=36183): Read timed out. (read timeout=120)
[2024-12-28T13:15:20.035+0000] {job.py:229} INFO - Heartbeat recovered after 16.92 seconds
[2024-12-28T13:16:39.333+0000] {job.py:229} INFO - Heartbeat recovered after 14.30 seconds
[2024-12-28T13:18:15.879+0000] {python.py:240} INFO - Done. Returned value was: run_20241225/filmmaker_html_20241225.json
[2024-12-28T13:18:33.263+0000] {job.py:229} INFO - Heartbeat recovered after 13.25 seconds
[2024-12-28T13:18:37.891+0000] {taskinstance.py:340} INFO - ::group::Post task execution logs
[2024-12-28T13:18:38.306+0000] {taskinstance.py:352} INFO - Marking task as SUCCESS. dag_id=movie_pipeline, task_id=scrape_filmmakers, run_id=manual__2024-12-27T11:38:32.797674+00:00, execution_date=20241227T113832, start_date=20241228T123502, end_date=20241228T131838
[2024-12-28T13:18:44.609+0000] {job.py:229} INFO - Heartbeat recovered after 11.58 seconds
[2024-12-28T13:18:47.809+0000] {local_task_job_runner.py:266} INFO - Task exited with return code 0
[2024-12-28T13:18:49.779+0000] {standard_task_runner.py:217} INFO - Process not found (most likely exited), stop collecting metrics
[2024-12-28T13:18:52.014+0000] {taskinstance.py:3895} INFO - 0 downstream tasks scheduled from follow-on schedule check
[2024-12-28T13:18:52.128+0000] {local_task_job_runner.py:245} INFO - ::endgroup::
