[2024-12-14T19:40:34.526+0530] {local_task_job_runner.py:123} INFO - ::group::Pre task execution logs
[2024-12-14T19:40:34.538+0530] {taskinstance.py:2613} INFO - Dependencies all met for dep_context=non-requeueable deps ti=<TaskInstance: movie_pipeline.scrape manual__2024-12-14T14:10:09.548747+00:00 [queued]>
[2024-12-14T19:40:34.546+0530] {taskinstance.py:2613} INFO - Dependencies all met for dep_context=requeueable deps ti=<TaskInstance: movie_pipeline.scrape manual__2024-12-14T14:10:09.548747+00:00 [queued]>
[2024-12-14T19:40:34.546+0530] {taskinstance.py:2866} INFO - Starting attempt 1 of 1
[2024-12-14T19:40:34.563+0530] {taskinstance.py:2889} INFO - Executing <Task(BashOperator): scrape> on 2024-12-14 14:10:09.548747+00:00
[2024-12-14T19:40:34.575+0530] {logging_mixin.py:190} WARNING - /Users/jayesh/Desktop/Personal Work/Movie_data_pipeline/.venv/lib/python3.12/site-packages/airflow/task/task_runner/standard_task_runner.py:70 DeprecationWarning: This process (pid=7481) is multi-threaded, use of fork() may lead to deadlocks in the child.
[2024-12-14T19:40:34.577+0530] {standard_task_runner.py:72} INFO - Started process 7488 to run task
[2024-12-14T19:40:34.578+0530] {standard_task_runner.py:104} INFO - Running: ['airflow', 'tasks', 'run', 'movie_pipeline', 'scrape', 'manual__2024-12-14T14:10:09.548747+00:00', '--job-id', '76', '--raw', '--subdir', 'DAGS_FOLDER/pipeline_dag.py', '--cfg-path', '/var/folders/h6/l2cjrfls77b6_h6zs5w5vn4r0000gn/T/tmpd31ged8v']
[2024-12-14T19:40:34.591+0530] {standard_task_runner.py:105} INFO - Job 76: Subtask scrape
[2024-12-14T19:40:34.645+0530] {task_command.py:467} INFO - Running <TaskInstance: movie_pipeline.scrape manual__2024-12-14T14:10:09.548747+00:00 [running]> on host Jayeshs-MacBook-Air.local
[2024-12-14T19:40:34.727+0530] {taskinstance.py:3132} INFO - Exporting env vars: AIRFLOW_CTX_DAG_OWNER='airflow' AIRFLOW_CTX_DAG_ID='movie_pipeline' AIRFLOW_CTX_TASK_ID='scrape' AIRFLOW_CTX_EXECUTION_DATE='2024-12-14T14:10:09.548747+00:00' AIRFLOW_CTX_TRY_NUMBER='1' AIRFLOW_CTX_DAG_RUN_ID='manual__2024-12-14T14:10:09.548747+00:00'
[2024-12-14T19:40:34.729+0530] {logging_mixin.py:190} INFO - Task instance is in running state
[2024-12-14T19:40:34.730+0530] {logging_mixin.py:190} INFO -  Previous state of the Task instance: queued
[2024-12-14T19:40:34.731+0530] {logging_mixin.py:190} INFO - Current task name:scrape state:running start_date:2024-12-14 14:10:34.538427+00:00
[2024-12-14T19:40:34.731+0530] {logging_mixin.py:190} INFO - Dag name:movie_pipeline and current dag run status:running
[2024-12-14T19:40:34.732+0530] {taskinstance.py:731} INFO - ::endgroup::
[2024-12-14T19:40:34.734+0530] {subprocess.py:78} INFO - Tmp dir root location: /var/folders/h6/l2cjrfls77b6_h6zs5w5vn4r0000gn/T
[2024-12-14T19:40:34.735+0530] {subprocess.py:88} INFO - Running command: ['/bin/bash', '-c', 'python controller.py --run_date 2024-12-14']
[2024-12-14T19:40:34.743+0530] {subprocess.py:99} INFO - Output:
[2024-12-14T19:40:37.343+0530] {subprocess.py:106} INFO - 2024-12-14
[2024-12-14T19:40:37.628+0530] {subprocess.py:110} INFO - Command exited with return code 0
[2024-12-14T19:40:37.655+0530] {taskinstance.py:340} INFO - ::group::Post task execution logs
[2024-12-14T19:40:37.657+0530] {taskinstance.py:352} INFO - Marking task as SUCCESS. dag_id=movie_pipeline, task_id=scrape, run_id=manual__2024-12-14T14:10:09.548747+00:00, execution_date=20241214T141009, start_date=20241214T141034, end_date=20241214T141037
[2024-12-14T19:40:37.676+0530] {logging_mixin.py:190} INFO - Task instance in success state
[2024-12-14T19:40:37.677+0530] {logging_mixin.py:190} INFO -  Previous state of the Task instance: running
[2024-12-14T19:40:37.678+0530] {logging_mixin.py:190} INFO - Dag name:movie_pipeline queued_at:2024-12-14 14:10:09.568835+00:00
[2024-12-14T19:40:37.679+0530] {logging_mixin.py:190} INFO - Task hostname:Jayeshs-MacBook-Air.local operator:BashOperator
[2024-12-14T19:40:37.701+0530] {local_task_job_runner.py:266} INFO - Task exited with return code 0
[2024-12-14T19:40:37.721+0530] {taskinstance.py:3895} INFO - 0 downstream tasks scheduled from follow-on schedule check
[2024-12-14T19:40:37.722+0530] {local_task_job_runner.py:245} INFO - ::endgroup::
