[2024-12-12T22:43:34.467+0530] {local_task_job_runner.py:123} INFO - ::group::Pre task execution logs
[2024-12-12T22:43:34.486+0530] {taskinstance.py:2613} INFO - Dependencies all met for dep_context=non-requeueable deps ti=<TaskInstance: tutorial.sleep backfill__2015-06-05T00:00:00+00:00 [queued]>
[2024-12-12T22:43:34.498+0530] {taskinstance.py:2613} INFO - Dependencies all met for dep_context=requeueable deps ti=<TaskInstance: tutorial.sleep backfill__2015-06-05T00:00:00+00:00 [queued]>
[2024-12-12T22:43:34.498+0530] {taskinstance.py:2866} INFO - Starting attempt 1 of 4
[2024-12-12T22:43:34.518+0530] {taskinstance.py:2889} INFO - Executing <Task(BashOperator): sleep> on 2015-06-05 00:00:00+00:00
[2024-12-12T22:43:34.530+0530] {logging_mixin.py:190} WARNING - /Users/jayesh/Desktop/Personal Work/Movie_data_pipeline/.venv/lib/python3.12/site-packages/airflow/task/task_runner/standard_task_runner.py:70 DeprecationWarning: This process (pid=48675) is multi-threaded, use of fork() may lead to deadlocks in the child.
[2024-12-12T22:43:34.532+0530] {standard_task_runner.py:72} INFO - Started process 48701 to run task
[2024-12-12T22:43:34.535+0530] {standard_task_runner.py:104} INFO - Running: ['airflow', 'tasks', 'run', 'tutorial', 'sleep', 'backfill__2015-06-05T00:00:00+00:00', '--job-id', '23', '--pool', 'default_pool', '--raw', '--subdir', '/Users/jayesh/Desktop/Personal Work/Movie_data_pipeline/.venv/lib/python3.12/site-packages/airflow/example_dags/tutorial.py', '--cfg-path', '/var/folders/h6/l2cjrfls77b6_h6zs5w5vn4r0000gn/T/tmp_zz_664z']
[2024-12-12T22:43:34.538+0530] {standard_task_runner.py:105} INFO - Job 23: Subtask sleep
[2024-12-12T22:43:34.608+0530] {task_command.py:467} INFO - Running <TaskInstance: tutorial.sleep backfill__2015-06-05T00:00:00+00:00 [running]> on host Jayeshs-MacBook-Air.local
[2024-12-12T22:43:34.691+0530] {taskinstance.py:3132} INFO - Exporting env vars: AIRFLOW_CTX_DAG_EMAIL='airflow@example.com' AIRFLOW_CTX_DAG_OWNER='airflow' AIRFLOW_CTX_DAG_ID='tutorial' AIRFLOW_CTX_TASK_ID='sleep' AIRFLOW_CTX_EXECUTION_DATE='2015-06-05T00:00:00+00:00' AIRFLOW_CTX_TRY_NUMBER='1' AIRFLOW_CTX_DAG_RUN_ID='backfill__2015-06-05T00:00:00+00:00'
[2024-12-12T22:43:34.694+0530] {logging_mixin.py:190} INFO - Task instance is in running state
[2024-12-12T22:43:34.695+0530] {logging_mixin.py:190} INFO -  Previous state of the Task instance: queued
[2024-12-12T22:43:34.696+0530] {logging_mixin.py:190} INFO - Current task name:sleep state:running start_date:2024-12-12 17:13:34.487449+00:00
[2024-12-12T22:43:34.697+0530] {logging_mixin.py:190} INFO - Dag name:tutorial and current dag run status:running
[2024-12-12T22:43:34.698+0530] {taskinstance.py:731} INFO - ::endgroup::
[2024-12-12T22:43:34.699+0530] {subprocess.py:78} INFO - Tmp dir root location: /var/folders/h6/l2cjrfls77b6_h6zs5w5vn4r0000gn/T
[2024-12-12T22:43:34.702+0530] {subprocess.py:88} INFO - Running command: ['/bin/bash', '-c', 'sleep 5']
[2024-12-12T22:43:34.712+0530] {subprocess.py:99} INFO - Output:
[2024-12-12T22:43:39.728+0530] {subprocess.py:110} INFO - Command exited with return code 0
[2024-12-12T22:43:39.774+0530] {taskinstance.py:340} INFO - ::group::Post task execution logs
[2024-12-12T22:43:39.783+0530] {taskinstance.py:352} INFO - Marking task as SUCCESS. dag_id=tutorial, task_id=sleep, run_id=backfill__2015-06-05T00:00:00+00:00, execution_date=20150605T000000, start_date=20241212T171334, end_date=20241212T171339
[2024-12-12T22:43:39.847+0530] {logging_mixin.py:190} INFO - Task instance in success state
[2024-12-12T22:43:39.849+0530] {logging_mixin.py:190} INFO -  Previous state of the Task instance: running
[2024-12-12T22:43:39.864+0530] {logging_mixin.py:190} INFO - Dag name:tutorial queued_at:None
[2024-12-12T22:43:39.865+0530] {logging_mixin.py:190} INFO - Task hostname:Jayeshs-MacBook-Air.local operator:BashOperator
[2024-12-12T22:43:39.896+0530] {local_task_job_runner.py:266} INFO - Task exited with return code 0
[2024-12-12T22:43:39.931+0530] {taskinstance.py:3895} INFO - 0 downstream tasks scheduled from follow-on schedule check
[2024-12-12T22:43:39.932+0530] {local_task_job_runner.py:245} INFO - ::endgroup::
