[2025-01-16T05:41:53.649+0000] {local_task_job_runner.py:123} INFO - ::group::Pre task execution logs
[2025-01-16T05:41:53.729+0000] {taskinstance.py:2613} INFO - Dependencies all met for dep_context=non-requeueable deps ti=<TaskInstance: movie_pipeline.parse_collection_page manual__2025-01-16T04:38:13.822674+00:00 [queued]>
[2025-01-16T05:41:53.755+0000] {taskinstance.py:2613} INFO - Dependencies all met for dep_context=requeueable deps ti=<TaskInstance: movie_pipeline.parse_collection_page manual__2025-01-16T04:38:13.822674+00:00 [queued]>
[2025-01-16T05:41:53.756+0000] {taskinstance.py:2866} INFO - Starting attempt 4 of 4
[2025-01-16T05:41:53.789+0000] {taskinstance.py:2889} INFO - Executing <Task(PythonOperator): parse_collection_page> on 2025-01-16 04:38:13.822674+00:00
[2025-01-16T05:41:53.833+0000] {standard_task_runner.py:72} INFO - Started process 218 to run task
[2025-01-16T05:41:53.841+0000] {standard_task_runner.py:104} INFO - Running: ['airflow', 'tasks', 'run', 'movie_pipeline', 'parse_collection_page', 'manual__2025-01-16T04:38:13.822674+00:00', '--job-id', '32', '--raw', '--subdir', 'DAGS_FOLDER/pipeline_dag.py', '--cfg-path', '/tmp/tmpzga6qprw']
[2025-01-16T05:41:53.853+0000] {standard_task_runner.py:105} INFO - Job 32: Subtask parse_collection_page
[2025-01-16T05:41:54.248+0000] {task_command.py:467} INFO - Running <TaskInstance: movie_pipeline.parse_collection_page manual__2025-01-16T04:38:13.822674+00:00 [running]> on host 2c0258667391
[2025-01-16T05:41:55.031+0000] {taskinstance.py:3132} INFO - Exporting env vars: AIRFLOW_CTX_DAG_OWNER='airflow' AIRFLOW_CTX_DAG_ID='movie_pipeline' AIRFLOW_CTX_TASK_ID='parse_collection_page' AIRFLOW_CTX_EXECUTION_DATE='2025-01-16T04:38:13.822674+00:00' AIRFLOW_CTX_TRY_NUMBER='4' AIRFLOW_CTX_DAG_RUN_ID='manual__2025-01-16T04:38:13.822674+00:00'
[2025-01-16T05:41:55.036+0000] {taskinstance.py:731} INFO - ::endgroup::
[2025-01-16T05:41:55.551+0000] {parse.py:70} INFO - Row number: 0 in collection page
[2025-01-16T05:41:55.557+0000] {parse.py:70} INFO - Row number: 1 in collection page
[2025-01-16T05:41:55.564+0000] {parse.py:78} INFO - Cell number: 0 in Row number: 1
[2025-01-16T05:41:55.568+0000] {parse.py:78} INFO - Cell number: 1 in Row number: 1
[2025-01-16T05:41:55.570+0000] {parse.py:78} INFO - Cell number: 2 in Row number: 1
[2025-01-16T05:41:55.572+0000] {parse.py:78} INFO - Cell number: 3 in Row number: 1
[2025-01-16T05:41:55.575+0000] {parse.py:78} INFO - Cell number: 4 in Row number: 1
[2025-01-16T05:41:55.576+0000] {parse.py:78} INFO - Cell number: 5 in Row number: 1
[2025-01-16T05:41:55.578+0000] {parse.py:78} INFO - Cell number: 6 in Row number: 1
[2025-01-16T05:41:55.579+0000] {parse.py:78} INFO - Cell number: 7 in Row number: 1
[2025-01-16T05:41:55.584+0000] {parse.py:78} INFO - Cell number: 8 in Row number: 1
[2025-01-16T05:41:55.586+0000] {parse.py:78} INFO - Cell number: 9 in Row number: 1
[2025-01-16T05:41:55.588+0000] {parse.py:78} INFO - Cell number: 10 in Row number: 1
[2025-01-16T05:41:55.591+0000] {parse.py:78} INFO - Cell number: 11 in Row number: 1
[2025-01-16T05:41:55.592+0000] {parse.py:78} INFO - Cell number: 12 in Row number: 1
[2025-01-16T05:41:55.594+0000] {parse.py:70} INFO - Row number: 2 in collection page
[2025-01-16T05:41:55.595+0000] {parse.py:78} INFO - Cell number: 0 in Row number: 2
[2025-01-16T05:41:55.602+0000] {parse.py:78} INFO - Cell number: 1 in Row number: 2
[2025-01-16T05:41:55.604+0000] {parse.py:78} INFO - Cell number: 2 in Row number: 2
[2025-01-16T05:41:55.606+0000] {parse.py:78} INFO - Cell number: 3 in Row number: 2
[2025-01-16T05:41:55.608+0000] {parse.py:78} INFO - Cell number: 4 in Row number: 2
[2025-01-16T05:41:55.609+0000] {parse.py:78} INFO - Cell number: 5 in Row number: 2
[2025-01-16T05:41:55.611+0000] {parse.py:78} INFO - Cell number: 6 in Row number: 2
[2025-01-16T05:41:55.613+0000] {parse.py:78} INFO - Cell number: 7 in Row number: 2
[2025-01-16T05:41:55.617+0000] {parse.py:78} INFO - Cell number: 8 in Row number: 2
[2025-01-16T05:41:55.619+0000] {parse.py:78} INFO - Cell number: 9 in Row number: 2
[2025-01-16T05:41:55.620+0000] {parse.py:78} INFO - Cell number: 10 in Row number: 2
[2025-01-16T05:41:55.624+0000] {parse.py:78} INFO - Cell number: 11 in Row number: 2
[2025-01-16T05:41:55.625+0000] {parse.py:78} INFO - Cell number: 12 in Row number: 2
[2025-01-16T05:41:55.627+0000] {parse.py:70} INFO - Row number: 3 in collection page
[2025-01-16T05:41:55.628+0000] {parse.py:78} INFO - Cell number: 0 in Row number: 3
[2025-01-16T05:41:55.633+0000] {parse.py:78} INFO - Cell number: 1 in Row number: 3
[2025-01-16T05:41:55.635+0000] {parse.py:78} INFO - Cell number: 2 in Row number: 3
[2025-01-16T05:41:55.636+0000] {parse.py:78} INFO - Cell number: 3 in Row number: 3
[2025-01-16T05:41:55.640+0000] {parse.py:78} INFO - Cell number: 4 in Row number: 3
[2025-01-16T05:41:55.642+0000] {parse.py:78} INFO - Cell number: 5 in Row number: 3
[2025-01-16T05:41:55.644+0000] {parse.py:78} INFO - Cell number: 6 in Row number: 3
[2025-01-16T05:41:55.645+0000] {parse.py:78} INFO - Cell number: 7 in Row number: 3
[2025-01-16T05:41:55.668+0000] {parse.py:78} INFO - Cell number: 8 in Row number: 3
[2025-01-16T05:41:55.675+0000] {parse.py:78} INFO - Cell number: 9 in Row number: 3
[2025-01-16T05:41:55.681+0000] {parse.py:78} INFO - Cell number: 10 in Row number: 3
[2025-01-16T05:41:55.720+0000] {parse.py:78} INFO - Cell number: 11 in Row number: 3
[2025-01-16T05:41:55.751+0000] {parse.py:78} INFO - Cell number: 12 in Row number: 3
[2025-01-16T05:41:55.767+0000] {parse.py:70} INFO - Row number: 4 in collection page
[2025-01-16T05:41:55.777+0000] {parse.py:78} INFO - Cell number: 0 in Row number: 4
[2025-01-16T05:41:55.780+0000] {parse.py:78} INFO - Cell number: 1 in Row number: 4
[2025-01-16T05:41:55.784+0000] {parse.py:78} INFO - Cell number: 2 in Row number: 4
[2025-01-16T05:41:55.786+0000] {parse.py:78} INFO - Cell number: 3 in Row number: 4
[2025-01-16T05:41:55.788+0000] {parse.py:78} INFO - Cell number: 4 in Row number: 4
[2025-01-16T05:41:55.791+0000] {parse.py:78} INFO - Cell number: 5 in Row number: 4
[2025-01-16T05:41:55.794+0000] {parse.py:78} INFO - Cell number: 6 in Row number: 4
[2025-01-16T05:41:55.795+0000] {parse.py:78} INFO - Cell number: 7 in Row number: 4
[2025-01-16T05:41:55.808+0000] {parse.py:78} INFO - Cell number: 8 in Row number: 4
[2025-01-16T05:41:55.816+0000] {parse.py:78} INFO - Cell number: 9 in Row number: 4
[2025-01-16T05:41:55.819+0000] {parse.py:78} INFO - Cell number: 10 in Row number: 4
[2025-01-16T05:41:55.822+0000] {parse.py:78} INFO - Cell number: 11 in Row number: 4
[2025-01-16T05:41:55.824+0000] {parse.py:78} INFO - Cell number: 12 in Row number: 4
[2025-01-16T05:41:55.826+0000] {parse.py:70} INFO - Row number: 5 in collection page
[2025-01-16T05:41:55.827+0000] {parse.py:78} INFO - Cell number: 0 in Row number: 5
[2025-01-16T05:41:55.829+0000] {parse.py:78} INFO - Cell number: 1 in Row number: 5
[2025-01-16T05:41:55.831+0000] {parse.py:78} INFO - Cell number: 2 in Row number: 5
[2025-01-16T05:41:55.834+0000] {parse.py:78} INFO - Cell number: 3 in Row number: 5
[2025-01-16T05:41:55.836+0000] {parse.py:78} INFO - Cell number: 4 in Row number: 5
[2025-01-16T05:41:55.840+0000] {parse.py:78} INFO - Cell number: 5 in Row number: 5
[2025-01-16T05:41:55.842+0000] {parse.py:78} INFO - Cell number: 6 in Row number: 5
[2025-01-16T05:41:55.844+0000] {parse.py:78} INFO - Cell number: 7 in Row number: 5
[2025-01-16T05:41:55.845+0000] {parse.py:78} INFO - Cell number: 8 in Row number: 5
[2025-01-16T05:41:55.850+0000] {parse.py:78} INFO - Cell number: 9 in Row number: 5
[2025-01-16T05:41:55.852+0000] {parse.py:78} INFO - Cell number: 10 in Row number: 5
[2025-01-16T05:41:55.854+0000] {parse.py:78} INFO - Cell number: 11 in Row number: 5
[2025-01-16T05:41:55.857+0000] {parse.py:78} INFO - Cell number: 12 in Row number: 5
[2025-01-16T05:41:55.860+0000] {parse.py:70} INFO - Row number: 6 in collection page
[2025-01-16T05:41:55.862+0000] {parse.py:78} INFO - Cell number: 0 in Row number: 6
[2025-01-16T05:41:55.873+0000] {parse.py:78} INFO - Cell number: 1 in Row number: 6
[2025-01-16T05:41:55.876+0000] {parse.py:78} INFO - Cell number: 2 in Row number: 6
[2025-01-16T05:41:55.878+0000] {parse.py:78} INFO - Cell number: 3 in Row number: 6
[2025-01-16T05:41:55.884+0000] {parse.py:78} INFO - Cell number: 4 in Row number: 6
[2025-01-16T05:41:55.892+0000] {parse.py:78} INFO - Cell number: 5 in Row number: 6
[2025-01-16T05:41:55.901+0000] {parse.py:78} INFO - Cell number: 6 in Row number: 6
[2025-01-16T05:41:55.911+0000] {parse.py:78} INFO - Cell number: 7 in Row number: 6
[2025-01-16T05:41:55.919+0000] {parse.py:78} INFO - Cell number: 8 in Row number: 6
[2025-01-16T05:41:55.925+0000] {parse.py:78} INFO - Cell number: 9 in Row number: 6
[2025-01-16T05:41:55.931+0000] {parse.py:78} INFO - Cell number: 10 in Row number: 6
[2025-01-16T05:41:55.939+0000] {parse.py:78} INFO - Cell number: 11 in Row number: 6
[2025-01-16T05:41:55.946+0000] {parse.py:78} INFO - Cell number: 12 in Row number: 6
[2025-01-16T05:41:55.953+0000] {parse.py:70} INFO - Row number: 7 in collection page
[2025-01-16T05:41:55.959+0000] {parse.py:78} INFO - Cell number: 0 in Row number: 7
[2025-01-16T05:41:55.966+0000] {parse.py:78} INFO - Cell number: 1 in Row number: 7
[2025-01-16T05:41:55.972+0000] {parse.py:78} INFO - Cell number: 2 in Row number: 7
[2025-01-16T05:41:55.976+0000] {parse.py:78} INFO - Cell number: 3 in Row number: 7
[2025-01-16T05:41:55.977+0000] {parse.py:78} INFO - Cell number: 4 in Row number: 7
[2025-01-16T05:41:55.979+0000] {parse.py:78} INFO - Cell number: 5 in Row number: 7
[2025-01-16T05:41:55.981+0000] {parse.py:78} INFO - Cell number: 6 in Row number: 7
[2025-01-16T05:41:55.982+0000] {parse.py:78} INFO - Cell number: 7 in Row number: 7
[2025-01-16T05:41:55.984+0000] {parse.py:78} INFO - Cell number: 8 in Row number: 7
[2025-01-16T05:41:55.985+0000] {parse.py:78} INFO - Cell number: 9 in Row number: 7
[2025-01-16T05:41:55.987+0000] {parse.py:78} INFO - Cell number: 10 in Row number: 7
[2025-01-16T05:41:55.988+0000] {parse.py:78} INFO - Cell number: 11 in Row number: 7
[2025-01-16T05:41:55.992+0000] {parse.py:78} INFO - Cell number: 12 in Row number: 7
[2025-01-16T05:41:55.993+0000] {parse.py:70} INFO - Row number: 8 in collection page
[2025-01-16T05:41:55.994+0000] {parse.py:78} INFO - Cell number: 0 in Row number: 8
[2025-01-16T05:41:55.996+0000] {parse.py:78} INFO - Cell number: 1 in Row number: 8
[2025-01-16T05:41:55.997+0000] {parse.py:78} INFO - Cell number: 2 in Row number: 8
[2025-01-16T05:41:55.999+0000] {parse.py:78} INFO - Cell number: 3 in Row number: 8
[2025-01-16T05:41:56.000+0000] {parse.py:78} INFO - Cell number: 4 in Row number: 8
[2025-01-16T05:41:56.002+0000] {parse.py:78} INFO - Cell number: 5 in Row number: 8
[2025-01-16T05:41:56.003+0000] {parse.py:78} INFO - Cell number: 6 in Row number: 8
[2025-01-16T05:41:56.004+0000] {parse.py:78} INFO - Cell number: 7 in Row number: 8
[2025-01-16T05:41:56.005+0000] {parse.py:78} INFO - Cell number: 8 in Row number: 8
[2025-01-16T05:41:56.006+0000] {parse.py:78} INFO - Cell number: 9 in Row number: 8
[2025-01-16T05:41:56.008+0000] {parse.py:78} INFO - Cell number: 10 in Row number: 8
[2025-01-16T05:41:56.010+0000] {parse.py:78} INFO - Cell number: 11 in Row number: 8
[2025-01-16T05:41:56.011+0000] {parse.py:78} INFO - Cell number: 12 in Row number: 8
[2025-01-16T05:41:56.012+0000] {parse.py:70} INFO - Row number: 9 in collection page
[2025-01-16T05:41:56.014+0000] {parse.py:78} INFO - Cell number: 0 in Row number: 9
[2025-01-16T05:41:56.015+0000] {parse.py:78} INFO - Cell number: 1 in Row number: 9
[2025-01-16T05:41:56.016+0000] {parse.py:78} INFO - Cell number: 2 in Row number: 9
[2025-01-16T05:41:56.017+0000] {parse.py:78} INFO - Cell number: 3 in Row number: 9
[2025-01-16T05:41:56.020+0000] {parse.py:78} INFO - Cell number: 4 in Row number: 9
[2025-01-16T05:41:56.021+0000] {parse.py:78} INFO - Cell number: 5 in Row number: 9
[2025-01-16T05:41:56.023+0000] {parse.py:78} INFO - Cell number: 6 in Row number: 9
[2025-01-16T05:41:56.024+0000] {parse.py:78} INFO - Cell number: 7 in Row number: 9
[2025-01-16T05:41:56.025+0000] {parse.py:78} INFO - Cell number: 8 in Row number: 9
[2025-01-16T05:41:56.027+0000] {parse.py:78} INFO - Cell number: 9 in Row number: 9
[2025-01-16T05:41:56.028+0000] {parse.py:78} INFO - Cell number: 10 in Row number: 9
[2025-01-16T05:41:56.030+0000] {parse.py:78} INFO - Cell number: 11 in Row number: 9
[2025-01-16T05:41:56.031+0000] {parse.py:78} INFO - Cell number: 12 in Row number: 9
[2025-01-16T05:41:56.033+0000] {parse.py:70} INFO - Row number: 10 in collection page
[2025-01-16T05:41:56.034+0000] {parse.py:78} INFO - Cell number: 0 in Row number: 10
[2025-01-16T05:41:56.035+0000] {parse.py:78} INFO - Cell number: 1 in Row number: 10
[2025-01-16T05:41:56.037+0000] {parse.py:78} INFO - Cell number: 2 in Row number: 10
[2025-01-16T05:41:56.038+0000] {parse.py:78} INFO - Cell number: 3 in Row number: 10
[2025-01-16T05:41:56.039+0000] {parse.py:78} INFO - Cell number: 4 in Row number: 10
[2025-01-16T05:41:56.040+0000] {parse.py:78} INFO - Cell number: 5 in Row number: 10
[2025-01-16T05:41:56.041+0000] {parse.py:78} INFO - Cell number: 6 in Row number: 10
[2025-01-16T05:41:56.043+0000] {parse.py:78} INFO - Cell number: 7 in Row number: 10
[2025-01-16T05:41:56.044+0000] {parse.py:78} INFO - Cell number: 8 in Row number: 10
[2025-01-16T05:41:56.045+0000] {parse.py:78} INFO - Cell number: 9 in Row number: 10
[2025-01-16T05:41:56.047+0000] {parse.py:78} INFO - Cell number: 10 in Row number: 10
[2025-01-16T05:41:56.048+0000] {parse.py:78} INFO - Cell number: 11 in Row number: 10
[2025-01-16T05:41:56.049+0000] {parse.py:78} INFO - Cell number: 12 in Row number: 10
[2025-01-16T05:41:56.050+0000] {parse.py:70} INFO - Row number: 11 in collection page
[2025-01-16T05:41:56.051+0000] {parse.py:78} INFO - Cell number: 0 in Row number: 11
[2025-01-16T05:41:56.052+0000] {parse.py:78} INFO - Cell number: 1 in Row number: 11
[2025-01-16T05:41:56.053+0000] {parse.py:78} INFO - Cell number: 2 in Row number: 11
[2025-01-16T05:41:56.054+0000] {parse.py:78} INFO - Cell number: 3 in Row number: 11
[2025-01-16T05:41:56.058+0000] {parse.py:78} INFO - Cell number: 4 in Row number: 11
[2025-01-16T05:41:56.059+0000] {parse.py:78} INFO - Cell number: 5 in Row number: 11
[2025-01-16T05:41:56.061+0000] {parse.py:78} INFO - Cell number: 6 in Row number: 11
[2025-01-16T05:41:56.062+0000] {parse.py:78} INFO - Cell number: 7 in Row number: 11
[2025-01-16T05:41:56.064+0000] {parse.py:78} INFO - Cell number: 8 in Row number: 11
[2025-01-16T05:41:56.065+0000] {parse.py:78} INFO - Cell number: 9 in Row number: 11
[2025-01-16T05:41:56.066+0000] {parse.py:78} INFO - Cell number: 10 in Row number: 11
[2025-01-16T05:41:56.068+0000] {parse.py:78} INFO - Cell number: 11 in Row number: 11
[2025-01-16T05:41:56.069+0000] {parse.py:78} INFO - Cell number: 12 in Row number: 11
[2025-01-16T05:41:56.070+0000] {parse.py:70} INFO - Row number: 12 in collection page
[2025-01-16T05:41:56.071+0000] {parse.py:78} INFO - Cell number: 0 in Row number: 12
[2025-01-16T05:41:56.072+0000] {parse.py:78} INFO - Cell number: 1 in Row number: 12
[2025-01-16T05:41:56.073+0000] {parse.py:78} INFO - Cell number: 2 in Row number: 12
[2025-01-16T05:41:56.074+0000] {parse.py:78} INFO - Cell number: 3 in Row number: 12
[2025-01-16T05:41:56.075+0000] {parse.py:78} INFO - Cell number: 4 in Row number: 12
[2025-01-16T05:41:56.076+0000] {parse.py:78} INFO - Cell number: 5 in Row number: 12
[2025-01-16T05:41:56.077+0000] {parse.py:78} INFO - Cell number: 6 in Row number: 12
[2025-01-16T05:41:56.078+0000] {parse.py:78} INFO - Cell number: 7 in Row number: 12
[2025-01-16T05:41:56.080+0000] {parse.py:78} INFO - Cell number: 8 in Row number: 12
[2025-01-16T05:41:56.081+0000] {parse.py:78} INFO - Cell number: 9 in Row number: 12
[2025-01-16T05:41:56.082+0000] {parse.py:78} INFO - Cell number: 10 in Row number: 12
[2025-01-16T05:41:56.083+0000] {parse.py:78} INFO - Cell number: 11 in Row number: 12
[2025-01-16T05:41:56.084+0000] {parse.py:78} INFO - Cell number: 12 in Row number: 12
[2025-01-16T05:41:56.085+0000] {parse.py:70} INFO - Row number: 13 in collection page
[2025-01-16T05:41:56.086+0000] {parse.py:78} INFO - Cell number: 0 in Row number: 13
[2025-01-16T05:41:56.087+0000] {parse.py:78} INFO - Cell number: 1 in Row number: 13
[2025-01-16T05:41:56.088+0000] {parse.py:78} INFO - Cell number: 2 in Row number: 13
[2025-01-16T05:41:56.089+0000] {parse.py:78} INFO - Cell number: 3 in Row number: 13
[2025-01-16T05:41:56.091+0000] {parse.py:78} INFO - Cell number: 4 in Row number: 13
[2025-01-16T05:41:56.092+0000] {parse.py:78} INFO - Cell number: 5 in Row number: 13
[2025-01-16T05:41:56.093+0000] {parse.py:78} INFO - Cell number: 6 in Row number: 13
[2025-01-16T05:41:56.094+0000] {parse.py:78} INFO - Cell number: 7 in Row number: 13
[2025-01-16T05:41:56.095+0000] {parse.py:78} INFO - Cell number: 8 in Row number: 13
[2025-01-16T05:41:56.096+0000] {parse.py:78} INFO - Cell number: 9 in Row number: 13
[2025-01-16T05:41:56.098+0000] {parse.py:78} INFO - Cell number: 10 in Row number: 13
[2025-01-16T05:41:56.099+0000] {parse.py:78} INFO - Cell number: 11 in Row number: 13
[2025-01-16T05:41:56.100+0000] {parse.py:78} INFO - Cell number: 12 in Row number: 13
[2025-01-16T05:41:56.100+0000] {parse.py:70} INFO - Row number: 14 in collection page
[2025-01-16T05:41:56.101+0000] {parse.py:78} INFO - Cell number: 0 in Row number: 14
[2025-01-16T05:41:56.103+0000] {parse.py:78} INFO - Cell number: 1 in Row number: 14
[2025-01-16T05:41:56.104+0000] {parse.py:78} INFO - Cell number: 2 in Row number: 14
[2025-01-16T05:41:56.105+0000] {parse.py:78} INFO - Cell number: 3 in Row number: 14
[2025-01-16T05:41:56.106+0000] {parse.py:78} INFO - Cell number: 4 in Row number: 14
[2025-01-16T05:41:56.107+0000] {parse.py:78} INFO - Cell number: 5 in Row number: 14
[2025-01-16T05:41:56.108+0000] {parse.py:78} INFO - Cell number: 6 in Row number: 14
[2025-01-16T05:41:56.109+0000] {parse.py:78} INFO - Cell number: 7 in Row number: 14
[2025-01-16T05:41:56.110+0000] {parse.py:78} INFO - Cell number: 8 in Row number: 14
[2025-01-16T05:41:56.111+0000] {parse.py:78} INFO - Cell number: 9 in Row number: 14
[2025-01-16T05:41:56.113+0000] {parse.py:78} INFO - Cell number: 10 in Row number: 14
[2025-01-16T05:41:56.114+0000] {parse.py:78} INFO - Cell number: 11 in Row number: 14
[2025-01-16T05:41:56.115+0000] {parse.py:78} INFO - Cell number: 12 in Row number: 14
[2025-01-16T05:41:56.116+0000] {parse.py:70} INFO - Row number: 15 in collection page
[2025-01-16T05:41:56.117+0000] {parse.py:78} INFO - Cell number: 0 in Row number: 15
[2025-01-16T05:41:56.118+0000] {parse.py:78} INFO - Cell number: 1 in Row number: 15
[2025-01-16T05:41:56.119+0000] {parse.py:78} INFO - Cell number: 2 in Row number: 15
[2025-01-16T05:41:56.121+0000] {parse.py:78} INFO - Cell number: 3 in Row number: 15
[2025-01-16T05:41:56.122+0000] {parse.py:78} INFO - Cell number: 4 in Row number: 15
[2025-01-16T05:41:56.123+0000] {parse.py:78} INFO - Cell number: 5 in Row number: 15
[2025-01-16T05:41:56.123+0000] {parse.py:78} INFO - Cell number: 6 in Row number: 15
[2025-01-16T05:41:56.125+0000] {parse.py:78} INFO - Cell number: 7 in Row number: 15
[2025-01-16T05:41:56.126+0000] {parse.py:78} INFO - Cell number: 8 in Row number: 15
[2025-01-16T05:41:56.127+0000] {parse.py:78} INFO - Cell number: 9 in Row number: 15
[2025-01-16T05:41:56.128+0000] {parse.py:78} INFO - Cell number: 10 in Row number: 15
[2025-01-16T05:41:56.128+0000] {parse.py:78} INFO - Cell number: 11 in Row number: 15
[2025-01-16T05:41:56.130+0000] {parse.py:78} INFO - Cell number: 12 in Row number: 15
[2025-01-16T05:41:56.131+0000] {parse.py:70} INFO - Row number: 16 in collection page
[2025-01-16T05:41:56.132+0000] {parse.py:78} INFO - Cell number: 0 in Row number: 16
[2025-01-16T05:41:56.133+0000] {parse.py:78} INFO - Cell number: 1 in Row number: 16
[2025-01-16T05:41:56.134+0000] {parse.py:78} INFO - Cell number: 2 in Row number: 16
[2025-01-16T05:41:56.135+0000] {parse.py:78} INFO - Cell number: 3 in Row number: 16
[2025-01-16T05:41:56.136+0000] {parse.py:78} INFO - Cell number: 4 in Row number: 16
[2025-01-16T05:41:56.138+0000] {parse.py:78} INFO - Cell number: 5 in Row number: 16
[2025-01-16T05:41:56.139+0000] {parse.py:78} INFO - Cell number: 6 in Row number: 16
[2025-01-16T05:41:56.140+0000] {parse.py:78} INFO - Cell number: 7 in Row number: 16
[2025-01-16T05:41:56.141+0000] {parse.py:78} INFO - Cell number: 8 in Row number: 16
[2025-01-16T05:41:56.142+0000] {parse.py:78} INFO - Cell number: 9 in Row number: 16
[2025-01-16T05:41:56.144+0000] {parse.py:78} INFO - Cell number: 10 in Row number: 16
[2025-01-16T05:41:56.145+0000] {parse.py:78} INFO - Cell number: 11 in Row number: 16
[2025-01-16T05:41:56.147+0000] {parse.py:78} INFO - Cell number: 12 in Row number: 16
[2025-01-16T05:41:56.148+0000] {parse.py:70} INFO - Row number: 17 in collection page
[2025-01-16T05:41:56.150+0000] {parse.py:78} INFO - Cell number: 0 in Row number: 17
[2025-01-16T05:41:56.151+0000] {parse.py:78} INFO - Cell number: 1 in Row number: 17
[2025-01-16T05:41:56.152+0000] {parse.py:78} INFO - Cell number: 2 in Row number: 17
[2025-01-16T05:41:56.153+0000] {parse.py:78} INFO - Cell number: 3 in Row number: 17
[2025-01-16T05:41:56.154+0000] {parse.py:78} INFO - Cell number: 4 in Row number: 17
[2025-01-16T05:41:56.156+0000] {parse.py:78} INFO - Cell number: 5 in Row number: 17
[2025-01-16T05:41:56.157+0000] {parse.py:78} INFO - Cell number: 6 in Row number: 17
[2025-01-16T05:41:56.158+0000] {parse.py:78} INFO - Cell number: 7 in Row number: 17
[2025-01-16T05:41:56.160+0000] {parse.py:78} INFO - Cell number: 8 in Row number: 17
[2025-01-16T05:41:56.161+0000] {parse.py:78} INFO - Cell number: 9 in Row number: 17
[2025-01-16T05:41:56.163+0000] {parse.py:78} INFO - Cell number: 10 in Row number: 17
[2025-01-16T05:41:56.164+0000] {parse.py:78} INFO - Cell number: 11 in Row number: 17
[2025-01-16T05:41:56.165+0000] {parse.py:78} INFO - Cell number: 12 in Row number: 17
[2025-01-16T05:41:56.167+0000] {parse.py:70} INFO - Row number: 18 in collection page
[2025-01-16T05:41:56.168+0000] {parse.py:78} INFO - Cell number: 0 in Row number: 18
[2025-01-16T05:41:56.169+0000] {parse.py:78} INFO - Cell number: 1 in Row number: 18
[2025-01-16T05:41:56.171+0000] {parse.py:78} INFO - Cell number: 2 in Row number: 18
[2025-01-16T05:41:56.173+0000] {parse.py:78} INFO - Cell number: 3 in Row number: 18
[2025-01-16T05:41:56.181+0000] {parse.py:78} INFO - Cell number: 4 in Row number: 18
[2025-01-16T05:41:56.183+0000] {parse.py:78} INFO - Cell number: 5 in Row number: 18
[2025-01-16T05:41:56.185+0000] {parse.py:78} INFO - Cell number: 6 in Row number: 18
[2025-01-16T05:41:56.186+0000] {parse.py:78} INFO - Cell number: 7 in Row number: 18
[2025-01-16T05:41:56.187+0000] {parse.py:78} INFO - Cell number: 8 in Row number: 18
[2025-01-16T05:41:56.189+0000] {parse.py:78} INFO - Cell number: 9 in Row number: 18
[2025-01-16T05:41:56.190+0000] {parse.py:78} INFO - Cell number: 10 in Row number: 18
[2025-01-16T05:41:56.192+0000] {parse.py:78} INFO - Cell number: 11 in Row number: 18
[2025-01-16T05:41:56.193+0000] {parse.py:78} INFO - Cell number: 12 in Row number: 18
[2025-01-16T05:41:56.194+0000] {parse.py:70} INFO - Row number: 19 in collection page
[2025-01-16T05:41:56.196+0000] {parse.py:78} INFO - Cell number: 0 in Row number: 19
[2025-01-16T05:41:56.198+0000] {parse.py:78} INFO - Cell number: 1 in Row number: 19
[2025-01-16T05:41:56.199+0000] {parse.py:78} INFO - Cell number: 2 in Row number: 19
[2025-01-16T05:41:56.201+0000] {parse.py:78} INFO - Cell number: 3 in Row number: 19
[2025-01-16T05:41:56.203+0000] {parse.py:78} INFO - Cell number: 4 in Row number: 19
[2025-01-16T05:41:56.205+0000] {parse.py:78} INFO - Cell number: 5 in Row number: 19
[2025-01-16T05:41:56.206+0000] {parse.py:78} INFO - Cell number: 6 in Row number: 19
[2025-01-16T05:41:56.219+0000] {parse.py:78} INFO - Cell number: 7 in Row number: 19
[2025-01-16T05:41:56.235+0000] {parse.py:78} INFO - Cell number: 8 in Row number: 19
[2025-01-16T05:41:56.237+0000] {parse.py:78} INFO - Cell number: 9 in Row number: 19
[2025-01-16T05:41:56.238+0000] {parse.py:78} INFO - Cell number: 10 in Row number: 19
[2025-01-16T05:41:56.240+0000] {parse.py:78} INFO - Cell number: 11 in Row number: 19
[2025-01-16T05:41:56.242+0000] {parse.py:78} INFO - Cell number: 12 in Row number: 19
[2025-01-16T05:41:56.427+0000] {parse.py:99} INFO - collection page parsed for run date: 2025-01-14 and saved to path: run_20250114/collection_parsed_20250114.json
[2025-01-16T05:41:56.436+0000] {python.py:240} INFO - Done. Returned value was: s3://movie-data-dump/run_20250114/collection_parsed_20250114.json
[2025-01-16T05:41:57.098+0000] {taskinstance.py:340} INFO - ::group::Post task execution logs
[2025-01-16T05:41:57.100+0000] {taskinstance.py:352} INFO - Marking task as SUCCESS. dag_id=movie_pipeline, task_id=parse_collection_page, run_id=manual__2025-01-16T04:38:13.822674+00:00, execution_date=20250116T043813, start_date=20250116T054153, end_date=20250116T054157
[2025-01-16T05:41:57.259+0000] {local_task_job_runner.py:266} INFO - Task exited with return code 0
[2025-01-16T05:41:57.373+0000] {taskinstance.py:3895} INFO - 1 downstream tasks scheduled from follow-on schedule check
[2025-01-16T05:41:57.377+0000] {local_task_job_runner.py:245} INFO - ::endgroup::
