[2024-12-11T23:23:27.101+0530] {processor.py:186} INFO - Started process (PID=9192) to work on /Users/jayesh/Desktop/Personal Work/Movie_data_pipeline/.venv/lib/python3.12/site-packages/airflow/example_dags/plugins/workday.py
[2024-12-11T23:23:27.102+0530] {processor.py:914} INFO - Processing file /Users/jayesh/Desktop/Personal Work/Movie_data_pipeline/.venv/lib/python3.12/site-packages/airflow/example_dags/plugins/workday.py for tasks to queue
[2024-12-11T23:23:27.104+0530] {logging_mixin.py:190} INFO - [2024-12-11T23:23:27.103+0530] {dagbag.py:588} INFO - Filling up the DagBag from /Users/jayesh/Desktop/Personal Work/Movie_data_pipeline/.venv/lib/python3.12/site-packages/airflow/example_dags/plugins/workday.py
[2024-12-11T23:23:27.106+0530] {logging_mixin.py:190} INFO - [2024-12-11T23:23:27.106+0530] {workday.py:41} WARNING - Could not import pandas. Holidays will not be considered.
[2024-12-11T23:23:27.106+0530] {processor.py:927} WARNING - No viable dags retrieved from /Users/jayesh/Desktop/Personal Work/Movie_data_pipeline/.venv/lib/python3.12/site-packages/airflow/example_dags/plugins/workday.py
[2024-12-11T23:23:27.246+0530] {processor.py:208} INFO - Processing /Users/jayesh/Desktop/Personal Work/Movie_data_pipeline/.venv/lib/python3.12/site-packages/airflow/example_dags/plugins/workday.py took 0.149 seconds
[2024-12-11T23:27:57.649+0530] {processor.py:186} INFO - Started process (PID=9710) to work on /Users/jayesh/Desktop/Personal Work/Movie_data_pipeline/.venv/lib/python3.12/site-packages/airflow/example_dags/plugins/workday.py
[2024-12-11T23:27:57.652+0530] {processor.py:914} INFO - Processing file /Users/jayesh/Desktop/Personal Work/Movie_data_pipeline/.venv/lib/python3.12/site-packages/airflow/example_dags/plugins/workday.py for tasks to queue
[2024-12-11T23:27:57.653+0530] {logging_mixin.py:190} INFO - [2024-12-11T23:27:57.653+0530] {dagbag.py:588} INFO - Filling up the DagBag from /Users/jayesh/Desktop/Personal Work/Movie_data_pipeline/.venv/lib/python3.12/site-packages/airflow/example_dags/plugins/workday.py
[2024-12-11T23:27:57.657+0530] {logging_mixin.py:190} INFO - [2024-12-11T23:27:57.656+0530] {workday.py:41} WARNING - Could not import pandas. Holidays will not be considered.
[2024-12-11T23:27:57.657+0530] {processor.py:927} WARNING - No viable dags retrieved from /Users/jayesh/Desktop/Personal Work/Movie_data_pipeline/.venv/lib/python3.12/site-packages/airflow/example_dags/plugins/workday.py
[2024-12-11T23:27:57.782+0530] {processor.py:208} INFO - Processing /Users/jayesh/Desktop/Personal Work/Movie_data_pipeline/.venv/lib/python3.12/site-packages/airflow/example_dags/plugins/workday.py took 0.137 seconds
[2024-12-11T23:31:31.647+0530] {processor.py:186} INFO - Started process (PID=10032) to work on /Users/jayesh/Desktop/Personal Work/Movie_data_pipeline/.venv/lib/python3.12/site-packages/airflow/example_dags/plugins/workday.py
[2024-12-11T23:31:31.650+0530] {processor.py:914} INFO - Processing file /Users/jayesh/Desktop/Personal Work/Movie_data_pipeline/.venv/lib/python3.12/site-packages/airflow/example_dags/plugins/workday.py for tasks to queue
[2024-12-11T23:31:31.653+0530] {logging_mixin.py:190} INFO - [2024-12-11T23:31:31.652+0530] {dagbag.py:588} INFO - Filling up the DagBag from /Users/jayesh/Desktop/Personal Work/Movie_data_pipeline/.venv/lib/python3.12/site-packages/airflow/example_dags/plugins/workday.py
[2024-12-11T23:31:31.657+0530] {logging_mixin.py:190} INFO - [2024-12-11T23:31:31.657+0530] {workday.py:41} WARNING - Could not import pandas. Holidays will not be considered.
[2024-12-11T23:31:31.657+0530] {processor.py:927} WARNING - No viable dags retrieved from /Users/jayesh/Desktop/Personal Work/Movie_data_pipeline/.venv/lib/python3.12/site-packages/airflow/example_dags/plugins/workday.py
[2024-12-11T23:31:31.823+0530] {processor.py:208} INFO - Processing /Users/jayesh/Desktop/Personal Work/Movie_data_pipeline/.venv/lib/python3.12/site-packages/airflow/example_dags/plugins/workday.py took 0.181 seconds
[2024-12-11T23:35:48.222+0530] {processor.py:186} INFO - Started process (PID=10582) to work on /Users/jayesh/Desktop/Personal Work/Movie_data_pipeline/.venv/lib/python3.12/site-packages/airflow/example_dags/plugins/workday.py
[2024-12-11T23:35:48.224+0530] {processor.py:914} INFO - Processing file /Users/jayesh/Desktop/Personal Work/Movie_data_pipeline/.venv/lib/python3.12/site-packages/airflow/example_dags/plugins/workday.py for tasks to queue
[2024-12-11T23:35:48.227+0530] {logging_mixin.py:190} INFO - [2024-12-11T23:35:48.226+0530] {dagbag.py:588} INFO - Filling up the DagBag from /Users/jayesh/Desktop/Personal Work/Movie_data_pipeline/.venv/lib/python3.12/site-packages/airflow/example_dags/plugins/workday.py
[2024-12-11T23:35:48.230+0530] {logging_mixin.py:190} INFO - [2024-12-11T23:35:48.229+0530] {workday.py:41} WARNING - Could not import pandas. Holidays will not be considered.
[2024-12-11T23:35:48.230+0530] {processor.py:927} WARNING - No viable dags retrieved from /Users/jayesh/Desktop/Personal Work/Movie_data_pipeline/.venv/lib/python3.12/site-packages/airflow/example_dags/plugins/workday.py
[2024-12-11T23:35:48.355+0530] {processor.py:208} INFO - Processing /Users/jayesh/Desktop/Personal Work/Movie_data_pipeline/.venv/lib/python3.12/site-packages/airflow/example_dags/plugins/workday.py took 0.138 seconds
[2024-12-11T23:39:45.713+0530] {processor.py:186} INFO - Started process (PID=11005) to work on /Users/jayesh/Desktop/Personal Work/Movie_data_pipeline/.venv/lib/python3.12/site-packages/airflow/example_dags/plugins/workday.py
[2024-12-11T23:39:45.718+0530] {processor.py:914} INFO - Processing file /Users/jayesh/Desktop/Personal Work/Movie_data_pipeline/.venv/lib/python3.12/site-packages/airflow/example_dags/plugins/workday.py for tasks to queue
[2024-12-11T23:39:45.721+0530] {logging_mixin.py:190} INFO - [2024-12-11T23:39:45.721+0530] {dagbag.py:588} INFO - Filling up the DagBag from /Users/jayesh/Desktop/Personal Work/Movie_data_pipeline/.venv/lib/python3.12/site-packages/airflow/example_dags/plugins/workday.py
[2024-12-11T23:39:45.726+0530] {logging_mixin.py:190} INFO - [2024-12-11T23:39:45.725+0530] {workday.py:41} WARNING - Could not import pandas. Holidays will not be considered.
[2024-12-11T23:39:45.726+0530] {processor.py:927} WARNING - No viable dags retrieved from /Users/jayesh/Desktop/Personal Work/Movie_data_pipeline/.venv/lib/python3.12/site-packages/airflow/example_dags/plugins/workday.py
[2024-12-11T23:39:45.890+0530] {processor.py:208} INFO - Processing /Users/jayesh/Desktop/Personal Work/Movie_data_pipeline/.venv/lib/python3.12/site-packages/airflow/example_dags/plugins/workday.py took 0.181 seconds
[2024-12-11T23:45:27.089+0530] {processor.py:186} INFO - Started process (PID=11478) to work on /Users/jayesh/Desktop/Personal Work/Movie_data_pipeline/.venv/lib/python3.12/site-packages/airflow/example_dags/plugins/workday.py
[2024-12-11T23:45:27.092+0530] {processor.py:914} INFO - Processing file /Users/jayesh/Desktop/Personal Work/Movie_data_pipeline/.venv/lib/python3.12/site-packages/airflow/example_dags/plugins/workday.py for tasks to queue
[2024-12-11T23:45:27.095+0530] {logging_mixin.py:190} INFO - [2024-12-11T23:45:27.093+0530] {dagbag.py:588} INFO - Filling up the DagBag from /Users/jayesh/Desktop/Personal Work/Movie_data_pipeline/.venv/lib/python3.12/site-packages/airflow/example_dags/plugins/workday.py
[2024-12-11T23:45:27.098+0530] {logging_mixin.py:190} INFO - [2024-12-11T23:45:27.098+0530] {workday.py:41} WARNING - Could not import pandas. Holidays will not be considered.
[2024-12-11T23:45:27.099+0530] {processor.py:927} WARNING - No viable dags retrieved from /Users/jayesh/Desktop/Personal Work/Movie_data_pipeline/.venv/lib/python3.12/site-packages/airflow/example_dags/plugins/workday.py
[2024-12-11T23:45:27.220+0530] {processor.py:208} INFO - Processing /Users/jayesh/Desktop/Personal Work/Movie_data_pipeline/.venv/lib/python3.12/site-packages/airflow/example_dags/plugins/workday.py took 0.135 seconds
[2024-12-11T23:48:55.307+0530] {processor.py:186} INFO - Started process (PID=11941) to work on /Users/jayesh/Desktop/Personal Work/Movie_data_pipeline/.venv/lib/python3.12/site-packages/airflow/example_dags/plugins/workday.py
[2024-12-11T23:48:55.308+0530] {processor.py:914} INFO - Processing file /Users/jayesh/Desktop/Personal Work/Movie_data_pipeline/.venv/lib/python3.12/site-packages/airflow/example_dags/plugins/workday.py for tasks to queue
[2024-12-11T23:48:55.310+0530] {logging_mixin.py:190} INFO - [2024-12-11T23:48:55.310+0530] {dagbag.py:588} INFO - Filling up the DagBag from /Users/jayesh/Desktop/Personal Work/Movie_data_pipeline/.venv/lib/python3.12/site-packages/airflow/example_dags/plugins/workday.py
[2024-12-11T23:48:55.313+0530] {logging_mixin.py:190} INFO - [2024-12-11T23:48:55.312+0530] {workday.py:41} WARNING - Could not import pandas. Holidays will not be considered.
[2024-12-11T23:48:55.313+0530] {processor.py:927} WARNING - No viable dags retrieved from /Users/jayesh/Desktop/Personal Work/Movie_data_pipeline/.venv/lib/python3.12/site-packages/airflow/example_dags/plugins/workday.py
[2024-12-11T23:48:55.445+0530] {processor.py:208} INFO - Processing /Users/jayesh/Desktop/Personal Work/Movie_data_pipeline/.venv/lib/python3.12/site-packages/airflow/example_dags/plugins/workday.py took 0.143 seconds
[2024-12-11T23:51:48.553+0530] {processor.py:186} INFO - Started process (PID=12274) to work on /Users/jayesh/Desktop/Personal Work/Movie_data_pipeline/.venv/lib/python3.12/site-packages/airflow/example_dags/plugins/workday.py
[2024-12-11T23:51:48.556+0530] {processor.py:914} INFO - Processing file /Users/jayesh/Desktop/Personal Work/Movie_data_pipeline/.venv/lib/python3.12/site-packages/airflow/example_dags/plugins/workday.py for tasks to queue
[2024-12-11T23:51:48.557+0530] {logging_mixin.py:190} INFO - [2024-12-11T23:51:48.557+0530] {dagbag.py:588} INFO - Filling up the DagBag from /Users/jayesh/Desktop/Personal Work/Movie_data_pipeline/.venv/lib/python3.12/site-packages/airflow/example_dags/plugins/workday.py
[2024-12-11T23:51:48.560+0530] {logging_mixin.py:190} INFO - [2024-12-11T23:51:48.560+0530] {workday.py:41} WARNING - Could not import pandas. Holidays will not be considered.
[2024-12-11T23:51:48.561+0530] {processor.py:927} WARNING - No viable dags retrieved from /Users/jayesh/Desktop/Personal Work/Movie_data_pipeline/.venv/lib/python3.12/site-packages/airflow/example_dags/plugins/workday.py
[2024-12-11T23:51:48.673+0530] {processor.py:208} INFO - Processing /Users/jayesh/Desktop/Personal Work/Movie_data_pipeline/.venv/lib/python3.12/site-packages/airflow/example_dags/plugins/workday.py took 0.123 seconds
[2024-12-11T23:54:36.685+0530] {processor.py:186} INFO - Started process (PID=12535) to work on /Users/jayesh/Desktop/Personal Work/Movie_data_pipeline/.venv/lib/python3.12/site-packages/airflow/example_dags/plugins/workday.py
[2024-12-11T23:54:36.688+0530] {processor.py:914} INFO - Processing file /Users/jayesh/Desktop/Personal Work/Movie_data_pipeline/.venv/lib/python3.12/site-packages/airflow/example_dags/plugins/workday.py for tasks to queue
[2024-12-11T23:54:36.690+0530] {logging_mixin.py:190} INFO - [2024-12-11T23:54:36.689+0530] {dagbag.py:588} INFO - Filling up the DagBag from /Users/jayesh/Desktop/Personal Work/Movie_data_pipeline/.venv/lib/python3.12/site-packages/airflow/example_dags/plugins/workday.py
[2024-12-11T23:54:36.694+0530] {logging_mixin.py:190} INFO - [2024-12-11T23:54:36.693+0530] {workday.py:41} WARNING - Could not import pandas. Holidays will not be considered.
[2024-12-11T23:54:36.694+0530] {processor.py:927} WARNING - No viable dags retrieved from /Users/jayesh/Desktop/Personal Work/Movie_data_pipeline/.venv/lib/python3.12/site-packages/airflow/example_dags/plugins/workday.py
[2024-12-11T23:54:36.819+0530] {processor.py:208} INFO - Processing /Users/jayesh/Desktop/Personal Work/Movie_data_pipeline/.venv/lib/python3.12/site-packages/airflow/example_dags/plugins/workday.py took 0.138 seconds
[2024-12-11T23:57:30.075+0530] {processor.py:186} INFO - Started process (PID=12833) to work on /Users/jayesh/Desktop/Personal Work/Movie_data_pipeline/.venv/lib/python3.12/site-packages/airflow/example_dags/plugins/workday.py
[2024-12-11T23:57:30.078+0530] {processor.py:914} INFO - Processing file /Users/jayesh/Desktop/Personal Work/Movie_data_pipeline/.venv/lib/python3.12/site-packages/airflow/example_dags/plugins/workday.py for tasks to queue
[2024-12-11T23:57:30.081+0530] {logging_mixin.py:190} INFO - [2024-12-11T23:57:30.081+0530] {dagbag.py:588} INFO - Filling up the DagBag from /Users/jayesh/Desktop/Personal Work/Movie_data_pipeline/.venv/lib/python3.12/site-packages/airflow/example_dags/plugins/workday.py
[2024-12-11T23:57:30.085+0530] {logging_mixin.py:190} INFO - [2024-12-11T23:57:30.085+0530] {workday.py:41} WARNING - Could not import pandas. Holidays will not be considered.
[2024-12-11T23:57:30.086+0530] {processor.py:927} WARNING - No viable dags retrieved from /Users/jayesh/Desktop/Personal Work/Movie_data_pipeline/.venv/lib/python3.12/site-packages/airflow/example_dags/plugins/workday.py
[2024-12-11T23:57:30.222+0530] {processor.py:208} INFO - Processing /Users/jayesh/Desktop/Personal Work/Movie_data_pipeline/.venv/lib/python3.12/site-packages/airflow/example_dags/plugins/workday.py took 0.151 seconds
[2024-12-12T00:00:23.448+0530] {processor.py:186} INFO - Started process (PID=13116) to work on /Users/jayesh/Desktop/Personal Work/Movie_data_pipeline/.venv/lib/python3.12/site-packages/airflow/example_dags/plugins/workday.py
[2024-12-12T00:00:23.451+0530] {processor.py:914} INFO - Processing file /Users/jayesh/Desktop/Personal Work/Movie_data_pipeline/.venv/lib/python3.12/site-packages/airflow/example_dags/plugins/workday.py for tasks to queue
[2024-12-12T00:00:23.453+0530] {logging_mixin.py:190} INFO - [2024-12-12T00:00:23.453+0530] {dagbag.py:588} INFO - Filling up the DagBag from /Users/jayesh/Desktop/Personal Work/Movie_data_pipeline/.venv/lib/python3.12/site-packages/airflow/example_dags/plugins/workday.py
[2024-12-12T00:00:23.458+0530] {logging_mixin.py:190} INFO - [2024-12-12T00:00:23.457+0530] {workday.py:41} WARNING - Could not import pandas. Holidays will not be considered.
[2024-12-12T00:00:23.458+0530] {processor.py:927} WARNING - No viable dags retrieved from /Users/jayesh/Desktop/Personal Work/Movie_data_pipeline/.venv/lib/python3.12/site-packages/airflow/example_dags/plugins/workday.py
[2024-12-12T00:00:23.592+0530] {processor.py:208} INFO - Processing /Users/jayesh/Desktop/Personal Work/Movie_data_pipeline/.venv/lib/python3.12/site-packages/airflow/example_dags/plugins/workday.py took 0.149 seconds
[2024-12-12T00:03:19.046+0530] {processor.py:186} INFO - Started process (PID=13391) to work on /Users/jayesh/Desktop/Personal Work/Movie_data_pipeline/.venv/lib/python3.12/site-packages/airflow/example_dags/plugins/workday.py
[2024-12-12T00:03:19.048+0530] {processor.py:914} INFO - Processing file /Users/jayesh/Desktop/Personal Work/Movie_data_pipeline/.venv/lib/python3.12/site-packages/airflow/example_dags/plugins/workday.py for tasks to queue
[2024-12-12T00:03:19.050+0530] {logging_mixin.py:190} INFO - [2024-12-12T00:03:19.050+0530] {dagbag.py:588} INFO - Filling up the DagBag from /Users/jayesh/Desktop/Personal Work/Movie_data_pipeline/.venv/lib/python3.12/site-packages/airflow/example_dags/plugins/workday.py
[2024-12-12T00:03:19.053+0530] {logging_mixin.py:190} INFO - [2024-12-12T00:03:19.053+0530] {workday.py:41} WARNING - Could not import pandas. Holidays will not be considered.
[2024-12-12T00:03:19.054+0530] {processor.py:927} WARNING - No viable dags retrieved from /Users/jayesh/Desktop/Personal Work/Movie_data_pipeline/.venv/lib/python3.12/site-packages/airflow/example_dags/plugins/workday.py
[2024-12-12T00:03:19.178+0530] {processor.py:208} INFO - Processing /Users/jayesh/Desktop/Personal Work/Movie_data_pipeline/.venv/lib/python3.12/site-packages/airflow/example_dags/plugins/workday.py took 0.137 seconds
[2024-12-12T00:06:12.044+0530] {processor.py:186} INFO - Started process (PID=13671) to work on /Users/jayesh/Desktop/Personal Work/Movie_data_pipeline/.venv/lib/python3.12/site-packages/airflow/example_dags/plugins/workday.py
[2024-12-12T00:06:12.046+0530] {processor.py:914} INFO - Processing file /Users/jayesh/Desktop/Personal Work/Movie_data_pipeline/.venv/lib/python3.12/site-packages/airflow/example_dags/plugins/workday.py for tasks to queue
[2024-12-12T00:06:12.049+0530] {logging_mixin.py:190} INFO - [2024-12-12T00:06:12.049+0530] {dagbag.py:588} INFO - Filling up the DagBag from /Users/jayesh/Desktop/Personal Work/Movie_data_pipeline/.venv/lib/python3.12/site-packages/airflow/example_dags/plugins/workday.py
[2024-12-12T00:06:12.053+0530] {logging_mixin.py:190} INFO - [2024-12-12T00:06:12.053+0530] {workday.py:41} WARNING - Could not import pandas. Holidays will not be considered.
[2024-12-12T00:06:12.054+0530] {processor.py:927} WARNING - No viable dags retrieved from /Users/jayesh/Desktop/Personal Work/Movie_data_pipeline/.venv/lib/python3.12/site-packages/airflow/example_dags/plugins/workday.py
[2024-12-12T00:06:12.184+0530] {processor.py:208} INFO - Processing /Users/jayesh/Desktop/Personal Work/Movie_data_pipeline/.venv/lib/python3.12/site-packages/airflow/example_dags/plugins/workday.py took 0.145 seconds
[2024-12-12T00:09:06.499+0530] {processor.py:186} INFO - Started process (PID=13938) to work on /Users/jayesh/Desktop/Personal Work/Movie_data_pipeline/.venv/lib/python3.12/site-packages/airflow/example_dags/plugins/workday.py
[2024-12-12T00:09:06.504+0530] {processor.py:914} INFO - Processing file /Users/jayesh/Desktop/Personal Work/Movie_data_pipeline/.venv/lib/python3.12/site-packages/airflow/example_dags/plugins/workday.py for tasks to queue
[2024-12-12T00:09:06.505+0530] {logging_mixin.py:190} INFO - [2024-12-12T00:09:06.505+0530] {dagbag.py:588} INFO - Filling up the DagBag from /Users/jayesh/Desktop/Personal Work/Movie_data_pipeline/.venv/lib/python3.12/site-packages/airflow/example_dags/plugins/workday.py
[2024-12-12T00:09:06.509+0530] {logging_mixin.py:190} INFO - [2024-12-12T00:09:06.509+0530] {workday.py:41} WARNING - Could not import pandas. Holidays will not be considered.
[2024-12-12T00:09:06.510+0530] {processor.py:927} WARNING - No viable dags retrieved from /Users/jayesh/Desktop/Personal Work/Movie_data_pipeline/.venv/lib/python3.12/site-packages/airflow/example_dags/plugins/workday.py
[2024-12-12T00:09:06.635+0530] {processor.py:208} INFO - Processing /Users/jayesh/Desktop/Personal Work/Movie_data_pipeline/.venv/lib/python3.12/site-packages/airflow/example_dags/plugins/workday.py took 0.140 seconds
[2024-12-12T00:12:00.470+0530] {processor.py:186} INFO - Started process (PID=14230) to work on /Users/jayesh/Desktop/Personal Work/Movie_data_pipeline/.venv/lib/python3.12/site-packages/airflow/example_dags/plugins/workday.py
[2024-12-12T00:12:00.472+0530] {processor.py:914} INFO - Processing file /Users/jayesh/Desktop/Personal Work/Movie_data_pipeline/.venv/lib/python3.12/site-packages/airflow/example_dags/plugins/workday.py for tasks to queue
[2024-12-12T00:12:00.474+0530] {logging_mixin.py:190} INFO - [2024-12-12T00:12:00.474+0530] {dagbag.py:588} INFO - Filling up the DagBag from /Users/jayesh/Desktop/Personal Work/Movie_data_pipeline/.venv/lib/python3.12/site-packages/airflow/example_dags/plugins/workday.py
[2024-12-12T00:12:00.478+0530] {logging_mixin.py:190} INFO - [2024-12-12T00:12:00.478+0530] {workday.py:41} WARNING - Could not import pandas. Holidays will not be considered.
[2024-12-12T00:12:00.479+0530] {processor.py:927} WARNING - No viable dags retrieved from /Users/jayesh/Desktop/Personal Work/Movie_data_pipeline/.venv/lib/python3.12/site-packages/airflow/example_dags/plugins/workday.py
[2024-12-12T00:12:00.609+0530] {processor.py:208} INFO - Processing /Users/jayesh/Desktop/Personal Work/Movie_data_pipeline/.venv/lib/python3.12/site-packages/airflow/example_dags/plugins/workday.py took 0.144 seconds
[2024-12-12T00:14:56.135+0530] {processor.py:186} INFO - Started process (PID=14494) to work on /Users/jayesh/Desktop/Personal Work/Movie_data_pipeline/.venv/lib/python3.12/site-packages/airflow/example_dags/plugins/workday.py
[2024-12-12T00:14:56.138+0530] {processor.py:914} INFO - Processing file /Users/jayesh/Desktop/Personal Work/Movie_data_pipeline/.venv/lib/python3.12/site-packages/airflow/example_dags/plugins/workday.py for tasks to queue
[2024-12-12T00:14:56.141+0530] {logging_mixin.py:190} INFO - [2024-12-12T00:14:56.140+0530] {dagbag.py:588} INFO - Filling up the DagBag from /Users/jayesh/Desktop/Personal Work/Movie_data_pipeline/.venv/lib/python3.12/site-packages/airflow/example_dags/plugins/workday.py
[2024-12-12T00:14:56.143+0530] {logging_mixin.py:190} INFO - [2024-12-12T00:14:56.143+0530] {workday.py:41} WARNING - Could not import pandas. Holidays will not be considered.
[2024-12-12T00:14:56.143+0530] {processor.py:927} WARNING - No viable dags retrieved from /Users/jayesh/Desktop/Personal Work/Movie_data_pipeline/.venv/lib/python3.12/site-packages/airflow/example_dags/plugins/workday.py
[2024-12-12T00:14:56.262+0530] {processor.py:208} INFO - Processing /Users/jayesh/Desktop/Personal Work/Movie_data_pipeline/.venv/lib/python3.12/site-packages/airflow/example_dags/plugins/workday.py took 0.130 seconds
[2024-12-12T00:17:44.139+0530] {processor.py:186} INFO - Started process (PID=14771) to work on /Users/jayesh/Desktop/Personal Work/Movie_data_pipeline/.venv/lib/python3.12/site-packages/airflow/example_dags/plugins/workday.py
[2024-12-12T00:17:44.142+0530] {processor.py:914} INFO - Processing file /Users/jayesh/Desktop/Personal Work/Movie_data_pipeline/.venv/lib/python3.12/site-packages/airflow/example_dags/plugins/workday.py for tasks to queue
[2024-12-12T00:17:44.143+0530] {logging_mixin.py:190} INFO - [2024-12-12T00:17:44.143+0530] {dagbag.py:588} INFO - Filling up the DagBag from /Users/jayesh/Desktop/Personal Work/Movie_data_pipeline/.venv/lib/python3.12/site-packages/airflow/example_dags/plugins/workday.py
[2024-12-12T00:17:44.146+0530] {logging_mixin.py:190} INFO - [2024-12-12T00:17:44.146+0530] {workday.py:41} WARNING - Could not import pandas. Holidays will not be considered.
[2024-12-12T00:17:44.147+0530] {processor.py:927} WARNING - No viable dags retrieved from /Users/jayesh/Desktop/Personal Work/Movie_data_pipeline/.venv/lib/python3.12/site-packages/airflow/example_dags/plugins/workday.py
[2024-12-12T00:17:44.262+0530] {processor.py:208} INFO - Processing /Users/jayesh/Desktop/Personal Work/Movie_data_pipeline/.venv/lib/python3.12/site-packages/airflow/example_dags/plugins/workday.py took 0.127 seconds
[2024-12-12T00:20:48.577+0530] {processor.py:186} INFO - Started process (PID=15058) to work on /Users/jayesh/Desktop/Personal Work/Movie_data_pipeline/.venv/lib/python3.12/site-packages/airflow/example_dags/plugins/workday.py
[2024-12-12T00:20:48.580+0530] {processor.py:914} INFO - Processing file /Users/jayesh/Desktop/Personal Work/Movie_data_pipeline/.venv/lib/python3.12/site-packages/airflow/example_dags/plugins/workday.py for tasks to queue
[2024-12-12T00:20:48.581+0530] {logging_mixin.py:190} INFO - [2024-12-12T00:20:48.581+0530] {dagbag.py:588} INFO - Filling up the DagBag from /Users/jayesh/Desktop/Personal Work/Movie_data_pipeline/.venv/lib/python3.12/site-packages/airflow/example_dags/plugins/workday.py
[2024-12-12T00:20:48.585+0530] {logging_mixin.py:190} INFO - [2024-12-12T00:20:48.585+0530] {workday.py:41} WARNING - Could not import pandas. Holidays will not be considered.
[2024-12-12T00:20:48.585+0530] {processor.py:927} WARNING - No viable dags retrieved from /Users/jayesh/Desktop/Personal Work/Movie_data_pipeline/.venv/lib/python3.12/site-packages/airflow/example_dags/plugins/workday.py
[2024-12-12T00:20:48.701+0530] {processor.py:208} INFO - Processing /Users/jayesh/Desktop/Personal Work/Movie_data_pipeline/.venv/lib/python3.12/site-packages/airflow/example_dags/plugins/workday.py took 0.128 seconds
[2024-12-12T00:24:00.085+0530] {processor.py:186} INFO - Started process (PID=15365) to work on /Users/jayesh/Desktop/Personal Work/Movie_data_pipeline/.venv/lib/python3.12/site-packages/airflow/example_dags/plugins/workday.py
[2024-12-12T00:24:00.087+0530] {processor.py:914} INFO - Processing file /Users/jayesh/Desktop/Personal Work/Movie_data_pipeline/.venv/lib/python3.12/site-packages/airflow/example_dags/plugins/workday.py for tasks to queue
[2024-12-12T00:24:00.089+0530] {logging_mixin.py:190} INFO - [2024-12-12T00:24:00.089+0530] {dagbag.py:588} INFO - Filling up the DagBag from /Users/jayesh/Desktop/Personal Work/Movie_data_pipeline/.venv/lib/python3.12/site-packages/airflow/example_dags/plugins/workday.py
[2024-12-12T00:24:00.093+0530] {logging_mixin.py:190} INFO - [2024-12-12T00:24:00.093+0530] {workday.py:41} WARNING - Could not import pandas. Holidays will not be considered.
[2024-12-12T00:24:00.093+0530] {processor.py:927} WARNING - No viable dags retrieved from /Users/jayesh/Desktop/Personal Work/Movie_data_pipeline/.venv/lib/python3.12/site-packages/airflow/example_dags/plugins/workday.py
[2024-12-12T00:24:00.208+0530] {processor.py:208} INFO - Processing /Users/jayesh/Desktop/Personal Work/Movie_data_pipeline/.venv/lib/python3.12/site-packages/airflow/example_dags/plugins/workday.py took 0.126 seconds
[2024-12-12T00:27:34.768+0530] {processor.py:186} INFO - Started process (PID=15710) to work on /Users/jayesh/Desktop/Personal Work/Movie_data_pipeline/.venv/lib/python3.12/site-packages/airflow/example_dags/plugins/workday.py
[2024-12-12T00:27:34.770+0530] {processor.py:914} INFO - Processing file /Users/jayesh/Desktop/Personal Work/Movie_data_pipeline/.venv/lib/python3.12/site-packages/airflow/example_dags/plugins/workday.py for tasks to queue
[2024-12-12T00:27:34.772+0530] {logging_mixin.py:190} INFO - [2024-12-12T00:27:34.771+0530] {dagbag.py:588} INFO - Filling up the DagBag from /Users/jayesh/Desktop/Personal Work/Movie_data_pipeline/.venv/lib/python3.12/site-packages/airflow/example_dags/plugins/workday.py
[2024-12-12T00:27:34.775+0530] {logging_mixin.py:190} INFO - [2024-12-12T00:27:34.775+0530] {workday.py:41} WARNING - Could not import pandas. Holidays will not be considered.
[2024-12-12T00:27:34.776+0530] {processor.py:927} WARNING - No viable dags retrieved from /Users/jayesh/Desktop/Personal Work/Movie_data_pipeline/.venv/lib/python3.12/site-packages/airflow/example_dags/plugins/workday.py
[2024-12-12T00:27:34.890+0530] {processor.py:208} INFO - Processing /Users/jayesh/Desktop/Personal Work/Movie_data_pipeline/.venv/lib/python3.12/site-packages/airflow/example_dags/plugins/workday.py took 0.126 seconds
