[2024-12-24T11:35:12.232+0000] {local_task_job_runner.py:123} INFO - ::group::Pre task execution logs
[2024-12-24T11:35:12.395+0000] {taskinstance.py:2613} INFO - Dependencies all met for dep_context=non-requeueable deps ti=<TaskInstance: tutorial.print_date manual__2024-12-24T11:35:08.653053+00:00 [queued]>
[2024-12-24T11:35:12.479+0000] {taskinstance.py:2613} INFO - Dependencies all met for dep_context=requeueable deps ti=<TaskInstance: tutorial.print_date manual__2024-12-24T11:35:08.653053+00:00 [queued]>
[2024-12-24T11:35:12.481+0000] {taskinstance.py:2866} INFO - Starting attempt 1 of 2
[2024-12-24T11:35:12.628+0000] {taskinstance.py:2889} INFO - Executing <Task(BashOperator): print_date> on 2024-12-24 11:35:08.653053+00:00
[2024-12-24T11:35:12.636+0000] {standard_task_runner.py:72} INFO - Started process 252 to run task
[2024-12-24T11:35:12.647+0000] {standard_task_runner.py:104} INFO - Running: ['airflow', 'tasks', 'run', 'tutorial', 'print_date', 'manual__2024-12-24T11:35:08.653053+00:00', '--job-id', '10', '--raw', '--subdir', 'DAGS_FOLDER/tutorial.py', '--cfg-path', '/tmp/tmplerfe27t']
[2024-12-24T11:35:12.655+0000] {standard_task_runner.py:105} INFO - Job 10: Subtask print_date
[2024-12-24T11:35:13.151+0000] {task_command.py:467} INFO - Running <TaskInstance: tutorial.print_date manual__2024-12-24T11:35:08.653053+00:00 [running]> on host 70c78f51fdda
[2024-12-24T11:35:14.072+0000] {taskinstance.py:3132} INFO - Exporting env vars: AIRFLOW_CTX_DAG_EMAIL='airflow@example.com' AIRFLOW_CTX_DAG_OWNER='airflow' AIRFLOW_CTX_DAG_ID='tutorial' AIRFLOW_CTX_TASK_ID='print_date' AIRFLOW_CTX_EXECUTION_DATE='2024-12-24T11:35:08.653053+00:00' AIRFLOW_CTX_TRY_NUMBER='1' AIRFLOW_CTX_DAG_RUN_ID='manual__2024-12-24T11:35:08.653053+00:00'
[2024-12-24T11:35:14.075+0000] {taskinstance.py:731} INFO - ::endgroup::
[2024-12-24T11:35:14.253+0000] {subprocess.py:78} INFO - Tmp dir root location: /tmp
[2024-12-24T11:35:14.266+0000] {subprocess.py:88} INFO - Running command: ['/usr/bin/bash', '-c', 'date']
[2024-12-24T11:35:14.304+0000] {subprocess.py:99} INFO - Output:
[2024-12-24T11:35:14.328+0000] {subprocess.py:106} INFO - Tue Dec 24 11:35:14 UTC 2024
[2024-12-24T11:35:14.330+0000] {subprocess.py:110} INFO - Command exited with return code 0
[2024-12-24T11:35:14.686+0000] {taskinstance.py:340} INFO - ::group::Post task execution logs
[2024-12-24T11:35:14.699+0000] {taskinstance.py:352} INFO - Marking task as SUCCESS. dag_id=tutorial, task_id=print_date, run_id=manual__2024-12-24T11:35:08.653053+00:00, execution_date=20241224T113508, start_date=20241224T113512, end_date=20241224T113514
[2024-12-24T11:35:14.851+0000] {local_task_job_runner.py:266} INFO - Task exited with return code 0
[2024-12-24T11:35:14.948+0000] {taskinstance.py:3895} INFO - 2 downstream tasks scheduled from follow-on schedule check
[2024-12-24T11:35:14.981+0000] {local_task_job_runner.py:245} INFO - ::endgroup::
